[2024-02-13T10:12:25.914+0000] {taskinstance.py:1956} INFO - Dependencies all met for dep_context=non-requeueable deps ti=<TaskInstance: 1Training_DAG_V1.0.get_weather manual__2024-02-13T10:12:23.864483+00:00 [queued]>
[2024-02-13T10:12:25.923+0000] {taskinstance.py:1956} INFO - Dependencies all met for dep_context=requeueable deps ti=<TaskInstance: 1Training_DAG_V1.0.get_weather manual__2024-02-13T10:12:23.864483+00:00 [queued]>
[2024-02-13T10:12:25.925+0000] {taskinstance.py:2170} INFO - Starting attempt 1 of 1
[2024-02-13T10:12:25.945+0000] {taskinstance.py:2191} INFO - Executing <Task(PythonOperator): get_weather> on 2024-02-13 10:12:23.864483+00:00
[2024-02-13T10:12:25.952+0000] {standard_task_runner.py:60} INFO - Started process 2710 to run task
[2024-02-13T10:12:25.955+0000] {standard_task_runner.py:87} INFO - Running: ['***', 'tasks', 'run', '1Training_DAG_V1.0', 'get_weather', 'manual__2024-02-13T10:12:23.864483+00:00', '--job-id', '11229', '--raw', '--subdir', 'DAGS_FOLDER/traning_dag.py', '--cfg-path', '/tmp/tmpb1ph2ckl']
[2024-02-13T10:12:25.958+0000] {standard_task_runner.py:88} INFO - Job 11229: Subtask get_weather
[2024-02-13T10:12:26.014+0000] {task_command.py:423} INFO - Running <TaskInstance: 1Training_DAG_V1.0.get_weather manual__2024-02-13T10:12:23.864483+00:00 [running]> on host 06573eafe810
[2024-02-13T10:12:26.104+0000] {taskinstance.py:2480} INFO - Exporting env vars: AIRFLOW_CTX_DAG_OWNER='***' AIRFLOW_CTX_DAG_ID='1Training_DAG_V1.0' AIRFLOW_CTX_TASK_ID='get_weather' AIRFLOW_CTX_EXECUTION_DATE='2024-02-13T10:12:23.864483+00:00' AIRFLOW_CTX_TRY_NUMBER='1' AIRFLOW_CTX_DAG_RUN_ID='manual__2024-02-13T10:12:23.864483+00:00'
[2024-02-13T10:12:26.106+0000] {logging_mixin.py:188} INFO - lower
[2024-02-13T10:12:26.107+0000] {logging_mixin.py:188} INFO - /opt/***/dags
[2024-02-13T10:12:26.108+0000] {logging_mixin.py:188} INFO - upper
[2024-02-13T10:12:26.117+0000] {logging_mixin.py:188} INFO - <bound method IndexOpsMixin.tolist of Москва            Москва
2024-02-12    2024-02-12
0                      1
-5                    -6
748                  747
1                      0
Name: 0, dtype: object>
[2024-02-13T10:12:26.118+0000] {python.py:201} INFO - Done. Returned value was: None
[2024-02-13T10:12:26.130+0000] {taskinstance.py:1138} INFO - Marking task as SUCCESS. dag_id=1Training_DAG_V1.0, task_id=get_weather, execution_date=20240213T101223, start_date=20240213T101225, end_date=20240213T101226
[2024-02-13T10:12:26.170+0000] {local_task_job_runner.py:234} INFO - Task exited with return code 0
[2024-02-13T10:12:26.200+0000] {taskinstance.py:3280} INFO - 1 downstream tasks scheduled from follow-on schedule check
