[2024-02-20T08:41:09.913+0000] {taskinstance.py:1956} INFO - Dependencies all met for dep_context=non-requeueable deps ti=<TaskInstance: 1Success_dag.data_to_db manual__2024-02-20T00:00:00+00:00 [queued]>
[2024-02-20T08:41:09.921+0000] {taskinstance.py:1956} INFO - Dependencies all met for dep_context=requeueable deps ti=<TaskInstance: 1Success_dag.data_to_db manual__2024-02-20T00:00:00+00:00 [queued]>
[2024-02-20T08:41:09.922+0000] {taskinstance.py:2170} INFO - Starting attempt 5 of 5
[2024-02-20T08:41:09.937+0000] {taskinstance.py:2191} INFO - Executing <Task(PythonOperator): data_to_db> on 2024-02-20 00:00:00+00:00
[2024-02-20T08:41:09.943+0000] {standard_task_runner.py:60} INFO - Started process 1127 to run task
[2024-02-20T08:41:09.947+0000] {standard_task_runner.py:87} INFO - Running: ['***', 'tasks', 'run', '1Success_dag', 'data_to_db', 'manual__2024-02-20T00:00:00+00:00', '--job-id', '12459', '--raw', '--subdir', 'DAGS_FOLDER/success_dag.py', '--cfg-path', '/tmp/tmp90qs2s0n']
[2024-02-20T08:41:09.948+0000] {standard_task_runner.py:88} INFO - Job 12459: Subtask data_to_db
[2024-02-20T08:41:09.997+0000] {task_command.py:423} INFO - Running <TaskInstance: 1Success_dag.data_to_db manual__2024-02-20T00:00:00+00:00 [running]> on host 06573eafe810
[2024-02-20T08:41:10.080+0000] {taskinstance.py:2480} INFO - Exporting env vars: AIRFLOW_CTX_DAG_OWNER='***' AIRFLOW_CTX_DAG_ID='1Success_dag' AIRFLOW_CTX_TASK_ID='data_to_db' AIRFLOW_CTX_EXECUTION_DATE='2024-02-20T00:00:00+00:00' AIRFLOW_CTX_TRY_NUMBER='5' AIRFLOW_CTX_DAG_RUN_ID='manual__2024-02-20T00:00:00+00:00'
[2024-02-20T08:41:10.082+0000] {logging_mixin.py:188} INFO - /opt/***
[2024-02-20T08:41:10.091+0000] {base.py:83} INFO - Using connection ID 'postgres_localhost' for task execution.
[2024-02-20T08:41:10.110+0000] {success_dag.py:79} INFO -      City          dt  hour  temperature_c  pressure  is_rainy
0  Москва  2024-02-20     0            -11       757         0
1  Москва  2024-02-20     1            -10       756         0
2  Москва  2024-02-20     2            -12       756         0
3  Москва  2024-02-20     3            -12       757         0
4  Москва  2024-02-20     4            -13       756         0
[2024-02-20T08:41:10.119+0000] {success_dag.py:86} INFO - columns: City, dt, hour, temperature_c, pressure, is_rainy
[2024-02-20T08:41:10.120+0000] {success_dag.py:91} INFO - values: VALUES(%s,%s,%s,%s,%s,%s)
[2024-02-20T08:41:10.157+0000] {python.py:201} INFO - Done. Returned value was: None
[2024-02-20T08:41:10.166+0000] {taskinstance.py:1138} INFO - Marking task as SUCCESS. dag_id=1Success_dag, task_id=data_to_db, execution_date=20240220T000000, start_date=20240220T084109, end_date=20240220T084110
[2024-02-20T08:41:10.200+0000] {local_task_job_runner.py:234} INFO - Task exited with return code 0
[2024-02-20T08:41:10.220+0000] {taskinstance.py:3280} INFO - 1 downstream tasks scheduled from follow-on schedule check
