[2024-02-19T10:41:08.190+0000] {taskinstance.py:1956} INFO - Dependencies all met for dep_context=non-requeueable deps ti=<TaskInstance: 1Success_dag.create_db_schem manual__2024-02-19T00:00:00+00:00 [queued]>
[2024-02-19T10:41:08.200+0000] {taskinstance.py:1956} INFO - Dependencies all met for dep_context=requeueable deps ti=<TaskInstance: 1Success_dag.create_db_schem manual__2024-02-19T00:00:00+00:00 [queued]>
[2024-02-19T10:41:08.201+0000] {taskinstance.py:2170} INFO - Starting attempt 7 of 7
[2024-02-19T10:41:08.218+0000] {taskinstance.py:2191} INFO - Executing <Task(PostgresOperator): create_db_schem> on 2024-02-19 00:00:00+00:00
[2024-02-19T10:41:08.224+0000] {standard_task_runner.py:60} INFO - Started process 1696 to run task
[2024-02-19T10:41:08.227+0000] {standard_task_runner.py:87} INFO - Running: ['***', 'tasks', 'run', '1Success_dag', 'create_db_schem', 'manual__2024-02-19T00:00:00+00:00', '--job-id', '12348', '--raw', '--subdir', 'DAGS_FOLDER/success_dag.py', '--cfg-path', '/tmp/tmpu5p3dy8g']
[2024-02-19T10:41:08.228+0000] {standard_task_runner.py:88} INFO - Job 12348: Subtask create_db_schem
[2024-02-19T10:41:08.272+0000] {task_command.py:423} INFO - Running <TaskInstance: 1Success_dag.create_db_schem manual__2024-02-19T00:00:00+00:00 [running]> on host 06573eafe810
[2024-02-19T10:41:08.361+0000] {taskinstance.py:2480} INFO - Exporting env vars: AIRFLOW_CTX_DAG_OWNER='***' AIRFLOW_CTX_DAG_ID='1Success_dag' AIRFLOW_CTX_TASK_ID='create_db_schem' AIRFLOW_CTX_EXECUTION_DATE='2024-02-19T00:00:00+00:00' AIRFLOW_CTX_TRY_NUMBER='7' AIRFLOW_CTX_DAG_RUN_ID='manual__2024-02-19T00:00:00+00:00'
[2024-02-19T10:41:08.363+0000] {sql.py:276} INFO - Executing: 
        DROP TABLE weather_tab;
        CREATE TABLE weather_tab(
            id SERIAL PRIMARY KEY,
	        city varchar NULL,
	        dt date NULL,
	        hour int2 NULL,
	        temperature_c float8 NULL,
	        pressure float8 NULL,
	        is_rainy int NULL
    );
[2024-02-19T10:41:08.372+0000] {base.py:83} INFO - Using connection ID 'postgres_localhost' for task execution.
[2024-02-19T10:41:08.379+0000] {base.py:83} INFO - Using connection ID 'postgres_localhost' for task execution.
[2024-02-19T10:41:08.388+0000] {sql.py:450} INFO - Running statement: 
        DROP TABLE weather_tab;
        CREATE TABLE weather_tab(
            id SERIAL PRIMARY KEY,
	        city varchar NULL,
	        dt date NULL,
	        hour int2 NULL,
	        temperature_c float8 NULL,
	        pressure float8 NULL,
	        is_rainy int NULL
    );, parameters: None
[2024-02-19T10:41:08.436+0000] {taskinstance.py:1138} INFO - Marking task as SUCCESS. dag_id=1Success_dag, task_id=create_db_schem, execution_date=20240219T000000, start_date=20240219T104108, end_date=20240219T104108
[2024-02-19T10:41:08.479+0000] {local_task_job_runner.py:234} INFO - Task exited with return code 0
[2024-02-19T10:41:08.507+0000] {taskinstance.py:3280} INFO - 1 downstream tasks scheduled from follow-on schedule check
