[2024-02-25T20:59:51.933+0000] {taskinstance.py:1956} INFO - Dependencies all met for dep_context=non-requeueable deps ti=<TaskInstance: 1Success_dag.create_db_schem manual__2024-02-25T00:00:00+00:00 [queued]>
[2024-02-25T20:59:51.941+0000] {taskinstance.py:1956} INFO - Dependencies all met for dep_context=requeueable deps ti=<TaskInstance: 1Success_dag.create_db_schem manual__2024-02-25T00:00:00+00:00 [queued]>
[2024-02-25T20:59:51.942+0000] {taskinstance.py:2170} INFO - Starting attempt 3 of 3
[2024-02-25T20:59:51.958+0000] {taskinstance.py:2191} INFO - Executing <Task(PostgresOperator): create_db_schem> on 2024-02-25 00:00:00+00:00
[2024-02-25T20:59:51.965+0000] {standard_task_runner.py:60} INFO - Started process 27955 to run task
[2024-02-25T20:59:51.968+0000] {standard_task_runner.py:87} INFO - Running: ['***', 'tasks', 'run', '1Success_dag', 'create_db_schem', 'manual__2024-02-25T00:00:00+00:00', '--job-id', '13380', '--raw', '--subdir', 'DAGS_FOLDER/success_dag.py', '--cfg-path', '/tmp/tmp_zfpaqfl']
[2024-02-25T20:59:51.970+0000] {standard_task_runner.py:88} INFO - Job 13380: Subtask create_db_schem
[2024-02-25T20:59:52.021+0000] {task_command.py:423} INFO - Running <TaskInstance: 1Success_dag.create_db_schem manual__2024-02-25T00:00:00+00:00 [running]> on host 06573eafe810
[2024-02-25T20:59:52.102+0000] {taskinstance.py:2480} INFO - Exporting env vars: AIRFLOW_CTX_DAG_OWNER='***' AIRFLOW_CTX_DAG_ID='1Success_dag' AIRFLOW_CTX_TASK_ID='create_db_schem' AIRFLOW_CTX_EXECUTION_DATE='2024-02-25T00:00:00+00:00' AIRFLOW_CTX_TRY_NUMBER='3' AIRFLOW_CTX_DAG_RUN_ID='manual__2024-02-25T00:00:00+00:00'
[2024-02-25T20:59:52.104+0000] {sql.py:276} INFO - Executing: 
        DROP TABLE weather_tab;
        CREATE TABLE weather_tab(
            id SERIAL PRIMARY KEY,
	        city varchar NULL,
	        dt date NULL,
	        hour int2 NULL,
	        temperature_c float8 NULL,
	        pressure float8 NULL,
	        is_rainy int NULL
    );
[2024-02-25T20:59:52.113+0000] {base.py:83} INFO - Using connection ID 'postgres_localhost' for task execution.
[2024-02-25T20:59:52.122+0000] {base.py:83} INFO - Using connection ID 'postgres_localhost' for task execution.
[2024-02-25T20:59:52.135+0000] {sql.py:450} INFO - Running statement: 
        DROP TABLE weather_tab;
        CREATE TABLE weather_tab(
            id SERIAL PRIMARY KEY,
	        city varchar NULL,
	        dt date NULL,
	        hour int2 NULL,
	        temperature_c float8 NULL,
	        pressure float8 NULL,
	        is_rainy int NULL
    );, parameters: None
[2024-02-25T20:59:52.176+0000] {taskinstance.py:1138} INFO - Marking task as SUCCESS. dag_id=1Success_dag, task_id=create_db_schem, execution_date=20240225T000000, start_date=20240225T205951, end_date=20240225T205952
[2024-02-25T20:59:52.221+0000] {local_task_job_runner.py:234} INFO - Task exited with return code 0
[2024-02-25T20:59:52.271+0000] {taskinstance.py:3280} INFO - 1 downstream tasks scheduled from follow-on schedule check
