[2024-02-26T06:20:49.357+0000] {processor.py:161} INFO - Started process (PID=10235) to work on /opt/airflow/dags/first_dag.py
[2024-02-26T06:20:49.366+0000] {processor.py:830} INFO - Processing file /opt/airflow/dags/first_dag.py for tasks to queue
[2024-02-26T06:20:49.367+0000] {logging_mixin.py:188} INFO - [2024-02-26T06:20:49.367+0000] {dagbag.py:538} INFO - Filling up the DagBag from /opt/airflow/dags/first_dag.py
[2024-02-26T06:20:50.909+0000] {processor.py:840} INFO - DAG(s) '1No_Pandas_Weather_DAG' retrieved from /opt/airflow/dags/first_dag.py
[2024-02-26T06:20:51.232+0000] {logging_mixin.py:188} INFO - [2024-02-26T06:20:51.227+0000] {dag.py:3036} INFO - Sync 1 DAGs
[2024-02-26T06:20:51.530+0000] {processor.py:183} INFO - Processing /opt/airflow/dags/first_dag.py took 2.177 seconds
[2024-02-26T06:21:21.940+0000] {processor.py:161} INFO - Started process (PID=10306) to work on /opt/airflow/dags/first_dag.py
[2024-02-26T06:21:21.948+0000] {processor.py:830} INFO - Processing file /opt/airflow/dags/first_dag.py for tasks to queue
[2024-02-26T06:21:21.961+0000] {logging_mixin.py:188} INFO - [2024-02-26T06:21:21.950+0000] {dagbag.py:538} INFO - Filling up the DagBag from /opt/airflow/dags/first_dag.py
[2024-02-26T06:21:22.393+0000] {processor.py:840} INFO - DAG(s) '1No_Pandas_Weather_DAG' retrieved from /opt/airflow/dags/first_dag.py
[2024-02-26T06:21:22.424+0000] {logging_mixin.py:188} INFO - [2024-02-26T06:21:22.424+0000] {dag.py:3036} INFO - Sync 1 DAGs
[2024-02-26T06:21:22.497+0000] {processor.py:183} INFO - Processing /opt/airflow/dags/first_dag.py took 0.561 seconds
[2024-02-26T06:21:52.556+0000] {processor.py:161} INFO - Started process (PID=10368) to work on /opt/airflow/dags/first_dag.py
[2024-02-26T06:21:52.557+0000] {processor.py:830} INFO - Processing file /opt/airflow/dags/first_dag.py for tasks to queue
[2024-02-26T06:21:52.558+0000] {logging_mixin.py:188} INFO - [2024-02-26T06:21:52.558+0000] {dagbag.py:538} INFO - Filling up the DagBag from /opt/airflow/dags/first_dag.py
[2024-02-26T06:21:52.868+0000] {processor.py:840} INFO - DAG(s) '1No_Pandas_Weather_DAG' retrieved from /opt/airflow/dags/first_dag.py
[2024-02-26T06:21:52.973+0000] {logging_mixin.py:188} INFO - [2024-02-26T06:21:52.972+0000] {dag.py:3036} INFO - Sync 1 DAGs
[2024-02-26T06:21:53.025+0000] {processor.py:183} INFO - Processing /opt/airflow/dags/first_dag.py took 0.472 seconds
[2024-02-26T06:22:23.292+0000] {processor.py:161} INFO - Started process (PID=10431) to work on /opt/airflow/dags/first_dag.py
[2024-02-26T06:22:23.293+0000] {processor.py:830} INFO - Processing file /opt/airflow/dags/first_dag.py for tasks to queue
[2024-02-26T06:22:23.295+0000] {logging_mixin.py:188} INFO - [2024-02-26T06:22:23.294+0000] {dagbag.py:538} INFO - Filling up the DagBag from /opt/airflow/dags/first_dag.py
[2024-02-26T06:22:23.598+0000] {processor.py:840} INFO - DAG(s) '1No_Pandas_Weather_DAG' retrieved from /opt/airflow/dags/first_dag.py
[2024-02-26T06:22:23.620+0000] {logging_mixin.py:188} INFO - [2024-02-26T06:22:23.619+0000] {dag.py:3036} INFO - Sync 1 DAGs
[2024-02-26T06:22:23.663+0000] {processor.py:183} INFO - Processing /opt/airflow/dags/first_dag.py took 0.376 seconds
[2024-02-26T06:22:53.756+0000] {processor.py:161} INFO - Started process (PID=10495) to work on /opt/airflow/dags/first_dag.py
[2024-02-26T06:22:53.757+0000] {processor.py:830} INFO - Processing file /opt/airflow/dags/first_dag.py for tasks to queue
[2024-02-26T06:22:53.758+0000] {logging_mixin.py:188} INFO - [2024-02-26T06:22:53.758+0000] {dagbag.py:538} INFO - Filling up the DagBag from /opt/airflow/dags/first_dag.py
[2024-02-26T06:22:54.079+0000] {processor.py:840} INFO - DAG(s) '1No_Pandas_Weather_DAG' retrieved from /opt/airflow/dags/first_dag.py
[2024-02-26T06:22:54.218+0000] {logging_mixin.py:188} INFO - [2024-02-26T06:22:54.218+0000] {dag.py:3036} INFO - Sync 1 DAGs
[2024-02-26T06:22:54.267+0000] {processor.py:183} INFO - Processing /opt/airflow/dags/first_dag.py took 0.515 seconds
[2024-02-26T06:23:25.021+0000] {processor.py:161} INFO - Started process (PID=10559) to work on /opt/airflow/dags/first_dag.py
[2024-02-26T06:23:25.023+0000] {processor.py:830} INFO - Processing file /opt/airflow/dags/first_dag.py for tasks to queue
[2024-02-26T06:23:25.024+0000] {logging_mixin.py:188} INFO - [2024-02-26T06:23:25.024+0000] {dagbag.py:538} INFO - Filling up the DagBag from /opt/airflow/dags/first_dag.py
[2024-02-26T06:23:25.359+0000] {processor.py:840} INFO - DAG(s) '1No_Pandas_Weather_DAG' retrieved from /opt/airflow/dags/first_dag.py
[2024-02-26T06:23:25.382+0000] {logging_mixin.py:188} INFO - [2024-02-26T06:23:25.382+0000] {dag.py:3036} INFO - Sync 1 DAGs
[2024-02-26T06:23:25.433+0000] {processor.py:183} INFO - Processing /opt/airflow/dags/first_dag.py took 0.418 seconds
[2024-02-26T06:23:55.966+0000] {processor.py:161} INFO - Started process (PID=10622) to work on /opt/airflow/dags/first_dag.py
[2024-02-26T06:23:55.967+0000] {processor.py:830} INFO - Processing file /opt/airflow/dags/first_dag.py for tasks to queue
[2024-02-26T06:23:55.968+0000] {logging_mixin.py:188} INFO - [2024-02-26T06:23:55.968+0000] {dagbag.py:538} INFO - Filling up the DagBag from /opt/airflow/dags/first_dag.py
[2024-02-26T06:23:56.764+0000] {processor.py:840} INFO - DAG(s) '1No_Pandas_Weather_DAG' retrieved from /opt/airflow/dags/first_dag.py
[2024-02-26T06:23:57.076+0000] {logging_mixin.py:188} INFO - [2024-02-26T06:23:57.075+0000] {dag.py:3036} INFO - Sync 1 DAGs
[2024-02-26T06:23:57.165+0000] {processor.py:183} INFO - Processing /opt/airflow/dags/first_dag.py took 1.209 seconds
[2024-02-26T06:24:27.663+0000] {processor.py:161} INFO - Started process (PID=10685) to work on /opt/airflow/dags/first_dag.py
[2024-02-26T06:24:27.665+0000] {processor.py:830} INFO - Processing file /opt/airflow/dags/first_dag.py for tasks to queue
[2024-02-26T06:24:27.666+0000] {logging_mixin.py:188} INFO - [2024-02-26T06:24:27.666+0000] {dagbag.py:538} INFO - Filling up the DagBag from /opt/airflow/dags/first_dag.py
[2024-02-26T06:24:27.964+0000] {processor.py:840} INFO - DAG(s) '1No_Pandas_Weather_DAG' retrieved from /opt/airflow/dags/first_dag.py
[2024-02-26T06:24:27.987+0000] {logging_mixin.py:188} INFO - [2024-02-26T06:24:27.986+0000] {dag.py:3036} INFO - Sync 1 DAGs
[2024-02-26T06:24:28.030+0000] {processor.py:183} INFO - Processing /opt/airflow/dags/first_dag.py took 0.372 seconds
[2024-02-26T06:24:58.278+0000] {processor.py:161} INFO - Started process (PID=10748) to work on /opt/airflow/dags/first_dag.py
[2024-02-26T06:24:58.279+0000] {processor.py:830} INFO - Processing file /opt/airflow/dags/first_dag.py for tasks to queue
[2024-02-26T06:24:58.280+0000] {logging_mixin.py:188} INFO - [2024-02-26T06:24:58.280+0000] {dagbag.py:538} INFO - Filling up the DagBag from /opt/airflow/dags/first_dag.py
[2024-02-26T06:24:58.588+0000] {processor.py:840} INFO - DAG(s) '1No_Pandas_Weather_DAG' retrieved from /opt/airflow/dags/first_dag.py
[2024-02-26T06:24:58.703+0000] {logging_mixin.py:188} INFO - [2024-02-26T06:24:58.702+0000] {dag.py:3036} INFO - Sync 1 DAGs
[2024-02-26T06:24:58.747+0000] {processor.py:183} INFO - Processing /opt/airflow/dags/first_dag.py took 0.474 seconds
[2024-02-26T06:25:29.103+0000] {processor.py:161} INFO - Started process (PID=10812) to work on /opt/airflow/dags/first_dag.py
[2024-02-26T06:25:29.105+0000] {processor.py:830} INFO - Processing file /opt/airflow/dags/first_dag.py for tasks to queue
[2024-02-26T06:25:29.106+0000] {logging_mixin.py:188} INFO - [2024-02-26T06:25:29.106+0000] {dagbag.py:538} INFO - Filling up the DagBag from /opt/airflow/dags/first_dag.py
[2024-02-26T06:25:29.421+0000] {processor.py:840} INFO - DAG(s) '1No_Pandas_Weather_DAG' retrieved from /opt/airflow/dags/first_dag.py
[2024-02-26T06:25:29.433+0000] {logging_mixin.py:188} INFO - [2024-02-26T06:25:29.433+0000] {dag.py:3036} INFO - Sync 1 DAGs
[2024-02-26T06:25:29.486+0000] {processor.py:183} INFO - Processing /opt/airflow/dags/first_dag.py took 0.387 seconds
[2024-02-26T06:25:59.676+0000] {processor.py:161} INFO - Started process (PID=10876) to work on /opt/airflow/dags/first_dag.py
[2024-02-26T06:25:59.677+0000] {processor.py:830} INFO - Processing file /opt/airflow/dags/first_dag.py for tasks to queue
[2024-02-26T06:25:59.679+0000] {logging_mixin.py:188} INFO - [2024-02-26T06:25:59.678+0000] {dagbag.py:538} INFO - Filling up the DagBag from /opt/airflow/dags/first_dag.py
[2024-02-26T06:25:59.980+0000] {processor.py:840} INFO - DAG(s) '1No_Pandas_Weather_DAG' retrieved from /opt/airflow/dags/first_dag.py
[2024-02-26T06:26:00.095+0000] {logging_mixin.py:188} INFO - [2024-02-26T06:26:00.094+0000] {dag.py:3036} INFO - Sync 1 DAGs
[2024-02-26T06:26:00.138+0000] {processor.py:183} INFO - Processing /opt/airflow/dags/first_dag.py took 0.466 seconds
[2024-02-26T06:26:30.334+0000] {processor.py:161} INFO - Started process (PID=10940) to work on /opt/airflow/dags/first_dag.py
[2024-02-26T06:26:30.335+0000] {processor.py:830} INFO - Processing file /opt/airflow/dags/first_dag.py for tasks to queue
[2024-02-26T06:26:30.337+0000] {logging_mixin.py:188} INFO - [2024-02-26T06:26:30.336+0000] {dagbag.py:538} INFO - Filling up the DagBag from /opt/airflow/dags/first_dag.py
[2024-02-26T06:26:30.650+0000] {processor.py:840} INFO - DAG(s) '1No_Pandas_Weather_DAG' retrieved from /opt/airflow/dags/first_dag.py
[2024-02-26T06:26:30.663+0000] {logging_mixin.py:188} INFO - [2024-02-26T06:26:30.662+0000] {dag.py:3036} INFO - Sync 1 DAGs
[2024-02-26T06:26:30.712+0000] {processor.py:183} INFO - Processing /opt/airflow/dags/first_dag.py took 0.381 seconds
[2024-02-26T06:27:00.861+0000] {processor.py:161} INFO - Started process (PID=11002) to work on /opt/airflow/dags/first_dag.py
[2024-02-26T06:27:00.863+0000] {processor.py:830} INFO - Processing file /opt/airflow/dags/first_dag.py for tasks to queue
[2024-02-26T06:27:00.864+0000] {logging_mixin.py:188} INFO - [2024-02-26T06:27:00.864+0000] {dagbag.py:538} INFO - Filling up the DagBag from /opt/airflow/dags/first_dag.py
[2024-02-26T06:27:01.240+0000] {processor.py:840} INFO - DAG(s) '1No_Pandas_Weather_DAG' retrieved from /opt/airflow/dags/first_dag.py
[2024-02-26T06:27:01.460+0000] {logging_mixin.py:188} INFO - [2024-02-26T06:27:01.459+0000] {dag.py:3036} INFO - Sync 1 DAGs
[2024-02-26T06:27:01.675+0000] {processor.py:183} INFO - Processing /opt/airflow/dags/first_dag.py took 0.818 seconds
[2024-02-26T06:27:32.602+0000] {processor.py:161} INFO - Started process (PID=11066) to work on /opt/airflow/dags/first_dag.py
[2024-02-26T06:27:32.603+0000] {processor.py:830} INFO - Processing file /opt/airflow/dags/first_dag.py for tasks to queue
[2024-02-26T06:27:32.605+0000] {logging_mixin.py:188} INFO - [2024-02-26T06:27:32.604+0000] {dagbag.py:538} INFO - Filling up the DagBag from /opt/airflow/dags/first_dag.py
[2024-02-26T06:27:33.101+0000] {processor.py:840} INFO - DAG(s) '1No_Pandas_Weather_DAG' retrieved from /opt/airflow/dags/first_dag.py
[2024-02-26T06:27:33.118+0000] {logging_mixin.py:188} INFO - [2024-02-26T06:27:33.118+0000] {dag.py:3036} INFO - Sync 1 DAGs
[2024-02-26T06:27:33.195+0000] {processor.py:183} INFO - Processing /opt/airflow/dags/first_dag.py took 0.597 seconds
[2024-02-26T06:28:03.606+0000] {processor.py:161} INFO - Started process (PID=11128) to work on /opt/airflow/dags/first_dag.py
[2024-02-26T06:28:03.617+0000] {processor.py:830} INFO - Processing file /opt/airflow/dags/first_dag.py for tasks to queue
[2024-02-26T06:28:03.620+0000] {logging_mixin.py:188} INFO - [2024-02-26T06:28:03.619+0000] {dagbag.py:538} INFO - Filling up the DagBag from /opt/airflow/dags/first_dag.py
[2024-02-26T06:28:04.033+0000] {processor.py:840} INFO - DAG(s) '1No_Pandas_Weather_DAG' retrieved from /opt/airflow/dags/first_dag.py
[2024-02-26T06:28:04.195+0000] {logging_mixin.py:188} INFO - [2024-02-26T06:28:04.195+0000] {dag.py:3036} INFO - Sync 1 DAGs
[2024-02-26T06:28:04.324+0000] {processor.py:183} INFO - Processing /opt/airflow/dags/first_dag.py took 0.727 seconds
[2024-02-26T06:28:34.838+0000] {processor.py:161} INFO - Started process (PID=11191) to work on /opt/airflow/dags/first_dag.py
[2024-02-26T06:28:34.839+0000] {processor.py:830} INFO - Processing file /opt/airflow/dags/first_dag.py for tasks to queue
[2024-02-26T06:28:34.840+0000] {logging_mixin.py:188} INFO - [2024-02-26T06:28:34.840+0000] {dagbag.py:538} INFO - Filling up the DagBag from /opt/airflow/dags/first_dag.py
[2024-02-26T06:28:35.217+0000] {processor.py:840} INFO - DAG(s) '1No_Pandas_Weather_DAG' retrieved from /opt/airflow/dags/first_dag.py
[2024-02-26T06:28:35.263+0000] {logging_mixin.py:188} INFO - [2024-02-26T06:28:35.262+0000] {dag.py:3036} INFO - Sync 1 DAGs
[2024-02-26T06:28:35.367+0000] {processor.py:183} INFO - Processing /opt/airflow/dags/first_dag.py took 0.533 seconds
[2024-02-26T06:29:05.594+0000] {processor.py:161} INFO - Started process (PID=11253) to work on /opt/airflow/dags/first_dag.py
[2024-02-26T06:29:05.596+0000] {processor.py:830} INFO - Processing file /opt/airflow/dags/first_dag.py for tasks to queue
[2024-02-26T06:29:05.598+0000] {logging_mixin.py:188} INFO - [2024-02-26T06:29:05.597+0000] {dagbag.py:538} INFO - Filling up the DagBag from /opt/airflow/dags/first_dag.py
[2024-02-26T06:29:05.974+0000] {processor.py:840} INFO - DAG(s) '1No_Pandas_Weather_DAG' retrieved from /opt/airflow/dags/first_dag.py
[2024-02-26T06:29:06.118+0000] {logging_mixin.py:188} INFO - [2024-02-26T06:29:06.117+0000] {dag.py:3036} INFO - Sync 1 DAGs
[2024-02-26T06:29:06.199+0000] {processor.py:183} INFO - Processing /opt/airflow/dags/first_dag.py took 0.610 seconds
[2024-02-26T06:29:36.244+0000] {processor.py:161} INFO - Started process (PID=11316) to work on /opt/airflow/dags/first_dag.py
[2024-02-26T06:29:36.245+0000] {processor.py:830} INFO - Processing file /opt/airflow/dags/first_dag.py for tasks to queue
[2024-02-26T06:29:36.246+0000] {logging_mixin.py:188} INFO - [2024-02-26T06:29:36.246+0000] {dagbag.py:538} INFO - Filling up the DagBag from /opt/airflow/dags/first_dag.py
[2024-02-26T06:29:36.582+0000] {processor.py:840} INFO - DAG(s) '1No_Pandas_Weather_DAG' retrieved from /opt/airflow/dags/first_dag.py
[2024-02-26T06:29:36.604+0000] {logging_mixin.py:188} INFO - [2024-02-26T06:29:36.604+0000] {dag.py:3036} INFO - Sync 1 DAGs
[2024-02-26T06:29:36.655+0000] {processor.py:183} INFO - Processing /opt/airflow/dags/first_dag.py took 0.416 seconds
[2024-02-26T06:30:07.099+0000] {processor.py:161} INFO - Started process (PID=11379) to work on /opt/airflow/dags/first_dag.py
[2024-02-26T06:30:07.100+0000] {processor.py:830} INFO - Processing file /opt/airflow/dags/first_dag.py for tasks to queue
[2024-02-26T06:30:07.101+0000] {logging_mixin.py:188} INFO - [2024-02-26T06:30:07.101+0000] {dagbag.py:538} INFO - Filling up the DagBag from /opt/airflow/dags/first_dag.py
[2024-02-26T06:30:07.423+0000] {processor.py:840} INFO - DAG(s) '1No_Pandas_Weather_DAG' retrieved from /opt/airflow/dags/first_dag.py
[2024-02-26T06:30:07.567+0000] {logging_mixin.py:188} INFO - [2024-02-26T06:30:07.566+0000] {dag.py:3036} INFO - Sync 1 DAGs
[2024-02-26T06:30:07.624+0000] {processor.py:183} INFO - Processing /opt/airflow/dags/first_dag.py took 0.529 seconds
[2024-02-26T06:30:37.694+0000] {processor.py:161} INFO - Started process (PID=11447) to work on /opt/airflow/dags/first_dag.py
[2024-02-26T06:30:37.695+0000] {processor.py:830} INFO - Processing file /opt/airflow/dags/first_dag.py for tasks to queue
[2024-02-26T06:30:37.697+0000] {logging_mixin.py:188} INFO - [2024-02-26T06:30:37.696+0000] {dagbag.py:538} INFO - Filling up the DagBag from /opt/airflow/dags/first_dag.py
[2024-02-26T06:30:38.010+0000] {processor.py:840} INFO - DAG(s) '1No_Pandas_Weather_DAG' retrieved from /opt/airflow/dags/first_dag.py
[2024-02-26T06:30:38.032+0000] {logging_mixin.py:188} INFO - [2024-02-26T06:30:38.032+0000] {dag.py:3036} INFO - Sync 1 DAGs
[2024-02-26T06:30:38.101+0000] {processor.py:183} INFO - Processing /opt/airflow/dags/first_dag.py took 0.413 seconds
[2024-02-26T06:31:08.479+0000] {processor.py:161} INFO - Started process (PID=11510) to work on /opt/airflow/dags/first_dag.py
[2024-02-26T06:31:08.480+0000] {processor.py:830} INFO - Processing file /opt/airflow/dags/first_dag.py for tasks to queue
[2024-02-26T06:31:08.482+0000] {logging_mixin.py:188} INFO - [2024-02-26T06:31:08.481+0000] {dagbag.py:538} INFO - Filling up the DagBag from /opt/airflow/dags/first_dag.py
[2024-02-26T06:31:08.794+0000] {processor.py:840} INFO - DAG(s) '1No_Pandas_Weather_DAG' retrieved from /opt/airflow/dags/first_dag.py
[2024-02-26T06:31:08.915+0000] {logging_mixin.py:188} INFO - [2024-02-26T06:31:08.914+0000] {dag.py:3036} INFO - Sync 1 DAGs
[2024-02-26T06:31:08.961+0000] {processor.py:183} INFO - Processing /opt/airflow/dags/first_dag.py took 0.487 seconds
[2024-02-26T06:31:39.010+0000] {processor.py:161} INFO - Started process (PID=11573) to work on /opt/airflow/dags/first_dag.py
[2024-02-26T06:31:39.011+0000] {processor.py:830} INFO - Processing file /opt/airflow/dags/first_dag.py for tasks to queue
[2024-02-26T06:31:39.013+0000] {logging_mixin.py:188} INFO - [2024-02-26T06:31:39.012+0000] {dagbag.py:538} INFO - Filling up the DagBag from /opt/airflow/dags/first_dag.py
[2024-02-26T06:31:39.330+0000] {processor.py:840} INFO - DAG(s) '1No_Pandas_Weather_DAG' retrieved from /opt/airflow/dags/first_dag.py
[2024-02-26T06:31:39.352+0000] {logging_mixin.py:188} INFO - [2024-02-26T06:31:39.351+0000] {dag.py:3036} INFO - Sync 1 DAGs
[2024-02-26T06:31:39.398+0000] {processor.py:183} INFO - Processing /opt/airflow/dags/first_dag.py took 0.392 seconds
[2024-02-26T06:32:09.643+0000] {processor.py:161} INFO - Started process (PID=11636) to work on /opt/airflow/dags/first_dag.py
[2024-02-26T06:32:09.645+0000] {processor.py:830} INFO - Processing file /opt/airflow/dags/first_dag.py for tasks to queue
[2024-02-26T06:32:09.646+0000] {logging_mixin.py:188} INFO - [2024-02-26T06:32:09.646+0000] {dagbag.py:538} INFO - Filling up the DagBag from /opt/airflow/dags/first_dag.py
[2024-02-26T06:32:09.966+0000] {processor.py:840} INFO - DAG(s) '1No_Pandas_Weather_DAG' retrieved from /opt/airflow/dags/first_dag.py
[2024-02-26T06:32:10.081+0000] {logging_mixin.py:188} INFO - [2024-02-26T06:32:10.080+0000] {dag.py:3036} INFO - Sync 1 DAGs
[2024-02-26T06:32:10.127+0000] {processor.py:183} INFO - Processing /opt/airflow/dags/first_dag.py took 0.489 seconds
[2024-02-26T06:32:40.472+0000] {processor.py:161} INFO - Started process (PID=11700) to work on /opt/airflow/dags/first_dag.py
[2024-02-26T06:32:40.474+0000] {processor.py:830} INFO - Processing file /opt/airflow/dags/first_dag.py for tasks to queue
[2024-02-26T06:32:40.476+0000] {logging_mixin.py:188} INFO - [2024-02-26T06:32:40.475+0000] {dagbag.py:538} INFO - Filling up the DagBag from /opt/airflow/dags/first_dag.py
[2024-02-26T06:32:40.794+0000] {processor.py:840} INFO - DAG(s) '1No_Pandas_Weather_DAG' retrieved from /opt/airflow/dags/first_dag.py
[2024-02-26T06:32:40.818+0000] {logging_mixin.py:188} INFO - [2024-02-26T06:32:40.817+0000] {dag.py:3036} INFO - Sync 1 DAGs
[2024-02-26T06:32:40.868+0000] {processor.py:183} INFO - Processing /opt/airflow/dags/first_dag.py took 0.399 seconds
[2024-02-26T06:33:10.923+0000] {processor.py:161} INFO - Started process (PID=11763) to work on /opt/airflow/dags/first_dag.py
[2024-02-26T06:33:10.924+0000] {processor.py:830} INFO - Processing file /opt/airflow/dags/first_dag.py for tasks to queue
[2024-02-26T06:33:10.925+0000] {logging_mixin.py:188} INFO - [2024-02-26T06:33:10.925+0000] {dagbag.py:538} INFO - Filling up the DagBag from /opt/airflow/dags/first_dag.py
[2024-02-26T06:33:11.247+0000] {processor.py:840} INFO - DAG(s) '1No_Pandas_Weather_DAG' retrieved from /opt/airflow/dags/first_dag.py
[2024-02-26T06:33:11.355+0000] {logging_mixin.py:188} INFO - [2024-02-26T06:33:11.355+0000] {dag.py:3036} INFO - Sync 1 DAGs
[2024-02-26T06:33:11.403+0000] {processor.py:183} INFO - Processing /opt/airflow/dags/first_dag.py took 0.484 seconds
[2024-02-26T06:33:41.549+0000] {processor.py:161} INFO - Started process (PID=11826) to work on /opt/airflow/dags/first_dag.py
[2024-02-26T06:33:41.550+0000] {processor.py:830} INFO - Processing file /opt/airflow/dags/first_dag.py for tasks to queue
[2024-02-26T06:33:41.551+0000] {logging_mixin.py:188} INFO - [2024-02-26T06:33:41.551+0000] {dagbag.py:538} INFO - Filling up the DagBag from /opt/airflow/dags/first_dag.py
[2024-02-26T06:33:41.854+0000] {processor.py:840} INFO - DAG(s) '1No_Pandas_Weather_DAG' retrieved from /opt/airflow/dags/first_dag.py
[2024-02-26T06:33:41.876+0000] {logging_mixin.py:188} INFO - [2024-02-26T06:33:41.876+0000] {dag.py:3036} INFO - Sync 1 DAGs
[2024-02-26T06:33:41.920+0000] {processor.py:183} INFO - Processing /opt/airflow/dags/first_dag.py took 0.374 seconds
[2024-02-26T06:34:12.560+0000] {processor.py:161} INFO - Started process (PID=11890) to work on /opt/airflow/dags/first_dag.py
[2024-02-26T06:34:12.562+0000] {processor.py:830} INFO - Processing file /opt/airflow/dags/first_dag.py for tasks to queue
[2024-02-26T06:34:12.563+0000] {logging_mixin.py:188} INFO - [2024-02-26T06:34:12.563+0000] {dagbag.py:538} INFO - Filling up the DagBag from /opt/airflow/dags/first_dag.py
[2024-02-26T06:34:12.881+0000] {processor.py:840} INFO - DAG(s) '1No_Pandas_Weather_DAG' retrieved from /opt/airflow/dags/first_dag.py
[2024-02-26T06:34:12.994+0000] {logging_mixin.py:188} INFO - [2024-02-26T06:34:12.994+0000] {dag.py:3036} INFO - Sync 1 DAGs
[2024-02-26T06:34:13.217+0000] {processor.py:183} INFO - Processing /opt/airflow/dags/first_dag.py took 0.661 seconds
[2024-02-26T06:34:43.321+0000] {processor.py:161} INFO - Started process (PID=11955) to work on /opt/airflow/dags/first_dag.py
[2024-02-26T06:34:43.323+0000] {processor.py:830} INFO - Processing file /opt/airflow/dags/first_dag.py for tasks to queue
[2024-02-26T06:34:43.324+0000] {logging_mixin.py:188} INFO - [2024-02-26T06:34:43.324+0000] {dagbag.py:538} INFO - Filling up the DagBag from /opt/airflow/dags/first_dag.py
[2024-02-26T06:34:43.704+0000] {processor.py:840} INFO - DAG(s) '1No_Pandas_Weather_DAG' retrieved from /opt/airflow/dags/first_dag.py
[2024-02-26T06:34:43.732+0000] {logging_mixin.py:188} INFO - [2024-02-26T06:34:43.731+0000] {dag.py:3036} INFO - Sync 1 DAGs
[2024-02-26T06:34:43.799+0000] {processor.py:183} INFO - Processing /opt/airflow/dags/first_dag.py took 0.481 seconds
[2024-02-26T06:35:14.739+0000] {processor.py:161} INFO - Started process (PID=12017) to work on /opt/airflow/dags/first_dag.py
[2024-02-26T06:35:14.740+0000] {processor.py:830} INFO - Processing file /opt/airflow/dags/first_dag.py for tasks to queue
[2024-02-26T06:35:14.741+0000] {logging_mixin.py:188} INFO - [2024-02-26T06:35:14.741+0000] {dagbag.py:538} INFO - Filling up the DagBag from /opt/airflow/dags/first_dag.py
[2024-02-26T06:35:15.081+0000] {processor.py:840} INFO - DAG(s) '1No_Pandas_Weather_DAG' retrieved from /opt/airflow/dags/first_dag.py
[2024-02-26T06:35:15.254+0000] {logging_mixin.py:188} INFO - [2024-02-26T06:35:15.254+0000] {dag.py:3036} INFO - Sync 1 DAGs
[2024-02-26T06:35:15.301+0000] {processor.py:183} INFO - Processing /opt/airflow/dags/first_dag.py took 0.567 seconds
[2024-02-26T06:35:45.437+0000] {processor.py:161} INFO - Started process (PID=12080) to work on /opt/airflow/dags/first_dag.py
[2024-02-26T06:35:45.439+0000] {processor.py:830} INFO - Processing file /opt/airflow/dags/first_dag.py for tasks to queue
[2024-02-26T06:35:45.440+0000] {logging_mixin.py:188} INFO - [2024-02-26T06:35:45.440+0000] {dagbag.py:538} INFO - Filling up the DagBag from /opt/airflow/dags/first_dag.py
[2024-02-26T06:35:45.839+0000] {processor.py:840} INFO - DAG(s) '1No_Pandas_Weather_DAG' retrieved from /opt/airflow/dags/first_dag.py
[2024-02-26T06:35:45.864+0000] {logging_mixin.py:188} INFO - [2024-02-26T06:35:45.863+0000] {dag.py:3036} INFO - Sync 1 DAGs
[2024-02-26T06:35:45.918+0000] {processor.py:183} INFO - Processing /opt/airflow/dags/first_dag.py took 0.486 seconds
[2024-02-26T06:36:16.117+0000] {processor.py:161} INFO - Started process (PID=12143) to work on /opt/airflow/dags/first_dag.py
[2024-02-26T06:36:16.119+0000] {processor.py:830} INFO - Processing file /opt/airflow/dags/first_dag.py for tasks to queue
[2024-02-26T06:36:16.120+0000] {logging_mixin.py:188} INFO - [2024-02-26T06:36:16.119+0000] {dagbag.py:538} INFO - Filling up the DagBag from /opt/airflow/dags/first_dag.py
[2024-02-26T06:36:16.485+0000] {processor.py:840} INFO - DAG(s) '1No_Pandas_Weather_DAG' retrieved from /opt/airflow/dags/first_dag.py
[2024-02-26T06:36:16.616+0000] {logging_mixin.py:188} INFO - [2024-02-26T06:36:16.616+0000] {dag.py:3036} INFO - Sync 1 DAGs
[2024-02-26T06:36:16.873+0000] {processor.py:183} INFO - Processing /opt/airflow/dags/first_dag.py took 0.760 seconds
[2024-02-26T06:36:46.995+0000] {processor.py:161} INFO - Started process (PID=12208) to work on /opt/airflow/dags/first_dag.py
[2024-02-26T06:36:46.996+0000] {processor.py:830} INFO - Processing file /opt/airflow/dags/first_dag.py for tasks to queue
[2024-02-26T06:36:46.997+0000] {logging_mixin.py:188} INFO - [2024-02-26T06:36:46.997+0000] {dagbag.py:538} INFO - Filling up the DagBag from /opt/airflow/dags/first_dag.py
[2024-02-26T06:36:47.329+0000] {processor.py:840} INFO - DAG(s) '1No_Pandas_Weather_DAG' retrieved from /opt/airflow/dags/first_dag.py
[2024-02-26T06:36:47.351+0000] {logging_mixin.py:188} INFO - [2024-02-26T06:36:47.351+0000] {dag.py:3036} INFO - Sync 1 DAGs
[2024-02-26T06:36:47.555+0000] {processor.py:183} INFO - Processing /opt/airflow/dags/first_dag.py took 0.565 seconds
[2024-02-26T06:37:17.702+0000] {processor.py:161} INFO - Started process (PID=12270) to work on /opt/airflow/dags/first_dag.py
[2024-02-26T06:37:17.704+0000] {processor.py:830} INFO - Processing file /opt/airflow/dags/first_dag.py for tasks to queue
[2024-02-26T06:37:17.705+0000] {logging_mixin.py:188} INFO - [2024-02-26T06:37:17.704+0000] {dagbag.py:538} INFO - Filling up the DagBag from /opt/airflow/dags/first_dag.py
[2024-02-26T06:37:18.067+0000] {processor.py:840} INFO - DAG(s) '1No_Pandas_Weather_DAG' retrieved from /opt/airflow/dags/first_dag.py
[2024-02-26T06:37:18.357+0000] {logging_mixin.py:188} INFO - [2024-02-26T06:37:18.356+0000] {dag.py:3036} INFO - Sync 1 DAGs
[2024-02-26T06:37:18.404+0000] {processor.py:183} INFO - Processing /opt/airflow/dags/first_dag.py took 0.706 seconds
[2024-02-26T06:37:48.827+0000] {processor.py:161} INFO - Started process (PID=12334) to work on /opt/airflow/dags/first_dag.py
[2024-02-26T06:37:48.828+0000] {processor.py:830} INFO - Processing file /opt/airflow/dags/first_dag.py for tasks to queue
[2024-02-26T06:37:48.829+0000] {logging_mixin.py:188} INFO - [2024-02-26T06:37:48.829+0000] {dagbag.py:538} INFO - Filling up the DagBag from /opt/airflow/dags/first_dag.py
[2024-02-26T06:37:49.157+0000] {processor.py:840} INFO - DAG(s) '1No_Pandas_Weather_DAG' retrieved from /opt/airflow/dags/first_dag.py
[2024-02-26T06:37:49.171+0000] {logging_mixin.py:188} INFO - [2024-02-26T06:37:49.170+0000] {dag.py:3036} INFO - Sync 1 DAGs
[2024-02-26T06:37:49.221+0000] {processor.py:183} INFO - Processing /opt/airflow/dags/first_dag.py took 0.398 seconds
[2024-02-26T06:38:19.285+0000] {processor.py:161} INFO - Started process (PID=12399) to work on /opt/airflow/dags/first_dag.py
[2024-02-26T06:38:19.286+0000] {processor.py:830} INFO - Processing file /opt/airflow/dags/first_dag.py for tasks to queue
[2024-02-26T06:38:19.287+0000] {logging_mixin.py:188} INFO - [2024-02-26T06:38:19.287+0000] {dagbag.py:538} INFO - Filling up the DagBag from /opt/airflow/dags/first_dag.py
[2024-02-26T06:38:19.602+0000] {processor.py:840} INFO - DAG(s) '1No_Pandas_Weather_DAG' retrieved from /opt/airflow/dags/first_dag.py
[2024-02-26T06:38:19.892+0000] {logging_mixin.py:188} INFO - [2024-02-26T06:38:19.892+0000] {dag.py:3036} INFO - Sync 1 DAGs
[2024-02-26T06:38:19.939+0000] {processor.py:183} INFO - Processing /opt/airflow/dags/first_dag.py took 0.659 seconds
[2024-02-26T06:38:50.269+0000] {processor.py:161} INFO - Started process (PID=12465) to work on /opt/airflow/dags/first_dag.py
[2024-02-26T06:38:50.270+0000] {processor.py:830} INFO - Processing file /opt/airflow/dags/first_dag.py for tasks to queue
[2024-02-26T06:38:50.271+0000] {logging_mixin.py:188} INFO - [2024-02-26T06:38:50.271+0000] {dagbag.py:538} INFO - Filling up the DagBag from /opt/airflow/dags/first_dag.py
[2024-02-26T06:38:50.591+0000] {processor.py:840} INFO - DAG(s) '1No_Pandas_Weather_DAG' retrieved from /opt/airflow/dags/first_dag.py
[2024-02-26T06:38:50.604+0000] {logging_mixin.py:188} INFO - [2024-02-26T06:38:50.604+0000] {dag.py:3036} INFO - Sync 1 DAGs
[2024-02-26T06:38:50.656+0000] {processor.py:183} INFO - Processing /opt/airflow/dags/first_dag.py took 0.391 seconds
[2024-02-26T06:39:20.818+0000] {processor.py:161} INFO - Started process (PID=12529) to work on /opt/airflow/dags/first_dag.py
[2024-02-26T06:39:20.819+0000] {processor.py:830} INFO - Processing file /opt/airflow/dags/first_dag.py for tasks to queue
[2024-02-26T06:39:20.821+0000] {logging_mixin.py:188} INFO - [2024-02-26T06:39:20.820+0000] {dagbag.py:538} INFO - Filling up the DagBag from /opt/airflow/dags/first_dag.py
[2024-02-26T06:39:21.139+0000] {processor.py:840} INFO - DAG(s) '1No_Pandas_Weather_DAG' retrieved from /opt/airflow/dags/first_dag.py
[2024-02-26T06:39:21.434+0000] {logging_mixin.py:188} INFO - [2024-02-26T06:39:21.433+0000] {dag.py:3036} INFO - Sync 1 DAGs
[2024-02-26T06:39:21.475+0000] {processor.py:183} INFO - Processing /opt/airflow/dags/first_dag.py took 0.661 seconds
[2024-02-26T06:39:51.596+0000] {processor.py:161} INFO - Started process (PID=12593) to work on /opt/airflow/dags/first_dag.py
[2024-02-26T06:39:51.597+0000] {processor.py:830} INFO - Processing file /opt/airflow/dags/first_dag.py for tasks to queue
[2024-02-26T06:39:51.599+0000] {logging_mixin.py:188} INFO - [2024-02-26T06:39:51.598+0000] {dagbag.py:538} INFO - Filling up the DagBag from /opt/airflow/dags/first_dag.py
[2024-02-26T06:39:51.914+0000] {processor.py:840} INFO - DAG(s) '1No_Pandas_Weather_DAG' retrieved from /opt/airflow/dags/first_dag.py
[2024-02-26T06:39:52.095+0000] {logging_mixin.py:188} INFO - [2024-02-26T06:39:52.094+0000] {dag.py:3036} INFO - Sync 1 DAGs
[2024-02-26T06:39:52.147+0000] {processor.py:183} INFO - Processing /opt/airflow/dags/first_dag.py took 0.555 seconds
[2024-02-26T06:40:22.262+0000] {processor.py:161} INFO - Started process (PID=12655) to work on /opt/airflow/dags/first_dag.py
[2024-02-26T06:40:22.263+0000] {processor.py:830} INFO - Processing file /opt/airflow/dags/first_dag.py for tasks to queue
[2024-02-26T06:40:22.264+0000] {logging_mixin.py:188} INFO - [2024-02-26T06:40:22.264+0000] {dagbag.py:538} INFO - Filling up the DagBag from /opt/airflow/dags/first_dag.py
[2024-02-26T06:40:22.746+0000] {processor.py:840} INFO - DAG(s) '1No_Pandas_Weather_DAG' retrieved from /opt/airflow/dags/first_dag.py
[2024-02-26T06:40:22.853+0000] {logging_mixin.py:188} INFO - [2024-02-26T06:40:22.853+0000] {dag.py:3036} INFO - Sync 1 DAGs
[2024-02-26T06:40:22.893+0000] {processor.py:183} INFO - Processing /opt/airflow/dags/first_dag.py took 0.636 seconds
[2024-02-26T06:40:53.219+0000] {processor.py:161} INFO - Started process (PID=12718) to work on /opt/airflow/dags/first_dag.py
[2024-02-26T06:40:53.220+0000] {processor.py:830} INFO - Processing file /opt/airflow/dags/first_dag.py for tasks to queue
[2024-02-26T06:40:53.222+0000] {logging_mixin.py:188} INFO - [2024-02-26T06:40:53.221+0000] {dagbag.py:538} INFO - Filling up the DagBag from /opt/airflow/dags/first_dag.py
[2024-02-26T06:40:53.793+0000] {processor.py:840} INFO - DAG(s) '1No_Pandas_Weather_DAG' retrieved from /opt/airflow/dags/first_dag.py
[2024-02-26T06:40:53.812+0000] {logging_mixin.py:188} INFO - [2024-02-26T06:40:53.811+0000] {dag.py:3036} INFO - Sync 1 DAGs
[2024-02-26T06:40:53.854+0000] {processor.py:183} INFO - Processing /opt/airflow/dags/first_dag.py took 0.640 seconds
[2024-02-26T06:41:23.936+0000] {processor.py:161} INFO - Started process (PID=12780) to work on /opt/airflow/dags/first_dag.py
[2024-02-26T06:41:23.937+0000] {processor.py:830} INFO - Processing file /opt/airflow/dags/first_dag.py for tasks to queue
[2024-02-26T06:41:23.938+0000] {logging_mixin.py:188} INFO - [2024-02-26T06:41:23.938+0000] {dagbag.py:538} INFO - Filling up the DagBag from /opt/airflow/dags/first_dag.py
[2024-02-26T06:41:24.528+0000] {processor.py:840} INFO - DAG(s) '1No_Pandas_Weather_DAG' retrieved from /opt/airflow/dags/first_dag.py
[2024-02-26T06:41:24.678+0000] {logging_mixin.py:188} INFO - [2024-02-26T06:41:24.677+0000] {dag.py:3036} INFO - Sync 1 DAGs
[2024-02-26T06:41:24.745+0000] {processor.py:183} INFO - Processing /opt/airflow/dags/first_dag.py took 0.814 seconds
[2024-02-26T06:41:54.814+0000] {processor.py:161} INFO - Started process (PID=12844) to work on /opt/airflow/dags/first_dag.py
[2024-02-26T06:41:54.816+0000] {processor.py:830} INFO - Processing file /opt/airflow/dags/first_dag.py for tasks to queue
[2024-02-26T06:41:54.817+0000] {logging_mixin.py:188} INFO - [2024-02-26T06:41:54.816+0000] {dagbag.py:538} INFO - Filling up the DagBag from /opt/airflow/dags/first_dag.py
[2024-02-26T06:41:55.298+0000] {processor.py:840} INFO - DAG(s) '1No_Pandas_Weather_DAG' retrieved from /opt/airflow/dags/first_dag.py
[2024-02-26T06:41:55.322+0000] {logging_mixin.py:188} INFO - [2024-02-26T06:41:55.321+0000] {dag.py:3036} INFO - Sync 1 DAGs
[2024-02-26T06:41:55.415+0000] {processor.py:183} INFO - Processing /opt/airflow/dags/first_dag.py took 0.604 seconds
[2024-02-26T06:42:25.843+0000] {processor.py:161} INFO - Started process (PID=12907) to work on /opt/airflow/dags/first_dag.py
[2024-02-26T06:42:25.844+0000] {processor.py:830} INFO - Processing file /opt/airflow/dags/first_dag.py for tasks to queue
[2024-02-26T06:42:25.846+0000] {logging_mixin.py:188} INFO - [2024-02-26T06:42:25.845+0000] {dagbag.py:538} INFO - Filling up the DagBag from /opt/airflow/dags/first_dag.py
[2024-02-26T06:42:26.339+0000] {processor.py:840} INFO - DAG(s) '1No_Pandas_Weather_DAG' retrieved from /opt/airflow/dags/first_dag.py
[2024-02-26T06:42:26.463+0000] {logging_mixin.py:188} INFO - [2024-02-26T06:42:26.463+0000] {dag.py:3036} INFO - Sync 1 DAGs
[2024-02-26T06:42:26.511+0000] {processor.py:183} INFO - Processing /opt/airflow/dags/first_dag.py took 0.673 seconds
[2024-02-26T06:42:56.633+0000] {processor.py:161} INFO - Started process (PID=12970) to work on /opt/airflow/dags/first_dag.py
[2024-02-26T06:42:56.634+0000] {processor.py:830} INFO - Processing file /opt/airflow/dags/first_dag.py for tasks to queue
[2024-02-26T06:42:56.636+0000] {logging_mixin.py:188} INFO - [2024-02-26T06:42:56.635+0000] {dagbag.py:538} INFO - Filling up the DagBag from /opt/airflow/dags/first_dag.py
[2024-02-26T06:42:57.168+0000] {processor.py:840} INFO - DAG(s) '1No_Pandas_Weather_DAG' retrieved from /opt/airflow/dags/first_dag.py
[2024-02-26T06:42:57.187+0000] {logging_mixin.py:188} INFO - [2024-02-26T06:42:57.186+0000] {dag.py:3036} INFO - Sync 1 DAGs
[2024-02-26T06:42:57.230+0000] {processor.py:183} INFO - Processing /opt/airflow/dags/first_dag.py took 0.602 seconds
[2024-02-26T06:43:27.622+0000] {processor.py:161} INFO - Started process (PID=13033) to work on /opt/airflow/dags/first_dag.py
[2024-02-26T06:43:27.624+0000] {processor.py:830} INFO - Processing file /opt/airflow/dags/first_dag.py for tasks to queue
[2024-02-26T06:43:27.626+0000] {logging_mixin.py:188} INFO - [2024-02-26T06:43:27.626+0000] {dagbag.py:538} INFO - Filling up the DagBag from /opt/airflow/dags/first_dag.py
[2024-02-26T06:43:28.177+0000] {processor.py:840} INFO - DAG(s) '1No_Pandas_Weather_DAG' retrieved from /opt/airflow/dags/first_dag.py
[2024-02-26T06:43:28.318+0000] {logging_mixin.py:188} INFO - [2024-02-26T06:43:28.317+0000] {dag.py:3036} INFO - Sync 1 DAGs
[2024-02-26T06:43:28.362+0000] {processor.py:183} INFO - Processing /opt/airflow/dags/first_dag.py took 0.751 seconds
[2024-02-26T06:43:58.535+0000] {processor.py:161} INFO - Started process (PID=13097) to work on /opt/airflow/dags/first_dag.py
[2024-02-26T06:43:58.536+0000] {processor.py:830} INFO - Processing file /opt/airflow/dags/first_dag.py for tasks to queue
[2024-02-26T06:43:58.538+0000] {logging_mixin.py:188} INFO - [2024-02-26T06:43:58.537+0000] {dagbag.py:538} INFO - Filling up the DagBag from /opt/airflow/dags/first_dag.py
[2024-02-26T06:43:59.037+0000] {processor.py:840} INFO - DAG(s) '1No_Pandas_Weather_DAG' retrieved from /opt/airflow/dags/first_dag.py
[2024-02-26T06:43:59.050+0000] {logging_mixin.py:188} INFO - [2024-02-26T06:43:59.050+0000] {dag.py:3036} INFO - Sync 1 DAGs
[2024-02-26T06:43:59.095+0000] {processor.py:183} INFO - Processing /opt/airflow/dags/first_dag.py took 0.564 seconds
[2024-02-26T06:44:29.763+0000] {processor.py:161} INFO - Started process (PID=13159) to work on /opt/airflow/dags/first_dag.py
[2024-02-26T06:44:29.765+0000] {processor.py:830} INFO - Processing file /opt/airflow/dags/first_dag.py for tasks to queue
[2024-02-26T06:44:29.766+0000] {logging_mixin.py:188} INFO - [2024-02-26T06:44:29.766+0000] {dagbag.py:538} INFO - Filling up the DagBag from /opt/airflow/dags/first_dag.py
[2024-02-26T06:44:30.255+0000] {processor.py:840} INFO - DAG(s) '1No_Pandas_Weather_DAG' retrieved from /opt/airflow/dags/first_dag.py
[2024-02-26T06:44:30.370+0000] {logging_mixin.py:188} INFO - [2024-02-26T06:44:30.369+0000] {dag.py:3036} INFO - Sync 1 DAGs
[2024-02-26T06:44:30.413+0000] {processor.py:183} INFO - Processing /opt/airflow/dags/first_dag.py took 0.655 seconds
[2024-02-26T06:45:01.349+0000] {processor.py:161} INFO - Started process (PID=13222) to work on /opt/airflow/dags/first_dag.py
[2024-02-26T06:45:01.350+0000] {processor.py:830} INFO - Processing file /opt/airflow/dags/first_dag.py for tasks to queue
[2024-02-26T06:45:01.353+0000] {logging_mixin.py:188} INFO - [2024-02-26T06:45:01.351+0000] {dagbag.py:538} INFO - Filling up the DagBag from /opt/airflow/dags/first_dag.py
[2024-02-26T06:45:01.856+0000] {processor.py:840} INFO - DAG(s) '1No_Pandas_Weather_DAG' retrieved from /opt/airflow/dags/first_dag.py
[2024-02-26T06:45:01.874+0000] {logging_mixin.py:188} INFO - [2024-02-26T06:45:01.873+0000] {dag.py:3036} INFO - Sync 1 DAGs
[2024-02-26T06:45:01.916+0000] {processor.py:183} INFO - Processing /opt/airflow/dags/first_dag.py took 0.573 seconds
[2024-02-26T06:45:32.875+0000] {processor.py:161} INFO - Started process (PID=13285) to work on /opt/airflow/dags/first_dag.py
[2024-02-26T06:45:32.877+0000] {processor.py:830} INFO - Processing file /opt/airflow/dags/first_dag.py for tasks to queue
[2024-02-26T06:45:32.878+0000] {logging_mixin.py:188} INFO - [2024-02-26T06:45:32.877+0000] {dagbag.py:538} INFO - Filling up the DagBag from /opt/airflow/dags/first_dag.py
[2024-02-26T06:45:33.426+0000] {processor.py:840} INFO - DAG(s) '1No_Pandas_Weather_DAG' retrieved from /opt/airflow/dags/first_dag.py
[2024-02-26T06:45:33.557+0000] {logging_mixin.py:188} INFO - [2024-02-26T06:45:33.557+0000] {dag.py:3036} INFO - Sync 1 DAGs
[2024-02-26T06:45:33.629+0000] {processor.py:183} INFO - Processing /opt/airflow/dags/first_dag.py took 0.759 seconds
[2024-02-26T06:46:04.167+0000] {processor.py:161} INFO - Started process (PID=13348) to work on /opt/airflow/dags/first_dag.py
[2024-02-26T06:46:04.169+0000] {processor.py:830} INFO - Processing file /opt/airflow/dags/first_dag.py for tasks to queue
[2024-02-26T06:46:04.172+0000] {logging_mixin.py:188} INFO - [2024-02-26T06:46:04.171+0000] {dagbag.py:538} INFO - Filling up the DagBag from /opt/airflow/dags/first_dag.py
[2024-02-26T06:46:04.982+0000] {processor.py:840} INFO - DAG(s) '1No_Pandas_Weather_DAG' retrieved from /opt/airflow/dags/first_dag.py
[2024-02-26T06:46:05.028+0000] {logging_mixin.py:188} INFO - [2024-02-26T06:46:05.028+0000] {dag.py:3036} INFO - Sync 1 DAGs
[2024-02-26T06:46:05.121+0000] {processor.py:183} INFO - Processing /opt/airflow/dags/first_dag.py took 0.960 seconds
[2024-02-26T06:46:35.882+0000] {processor.py:161} INFO - Started process (PID=13410) to work on /opt/airflow/dags/first_dag.py
[2024-02-26T06:46:35.884+0000] {processor.py:830} INFO - Processing file /opt/airflow/dags/first_dag.py for tasks to queue
[2024-02-26T06:46:35.885+0000] {logging_mixin.py:188} INFO - [2024-02-26T06:46:35.885+0000] {dagbag.py:538} INFO - Filling up the DagBag from /opt/airflow/dags/first_dag.py
[2024-02-26T06:46:36.392+0000] {processor.py:840} INFO - DAG(s) '1No_Pandas_Weather_DAG' retrieved from /opt/airflow/dags/first_dag.py
[2024-02-26T06:46:36.507+0000] {logging_mixin.py:188} INFO - [2024-02-26T06:46:36.506+0000] {dag.py:3036} INFO - Sync 1 DAGs
[2024-02-26T06:46:36.551+0000] {processor.py:183} INFO - Processing /opt/airflow/dags/first_dag.py took 0.674 seconds
[2024-02-26T06:47:06.894+0000] {processor.py:161} INFO - Started process (PID=13474) to work on /opt/airflow/dags/first_dag.py
[2024-02-26T06:47:06.896+0000] {processor.py:830} INFO - Processing file /opt/airflow/dags/first_dag.py for tasks to queue
[2024-02-26T06:47:06.898+0000] {logging_mixin.py:188} INFO - [2024-02-26T06:47:06.897+0000] {dagbag.py:538} INFO - Filling up the DagBag from /opt/airflow/dags/first_dag.py
[2024-02-26T06:47:07.417+0000] {processor.py:840} INFO - DAG(s) '1No_Pandas_Weather_DAG' retrieved from /opt/airflow/dags/first_dag.py
[2024-02-26T06:47:07.437+0000] {logging_mixin.py:188} INFO - [2024-02-26T06:47:07.436+0000] {dag.py:3036} INFO - Sync 1 DAGs
[2024-02-26T06:47:07.479+0000] {processor.py:183} INFO - Processing /opt/airflow/dags/first_dag.py took 0.590 seconds
[2024-02-26T06:47:37.847+0000] {processor.py:161} INFO - Started process (PID=13538) to work on /opt/airflow/dags/first_dag.py
[2024-02-26T06:47:37.854+0000] {processor.py:830} INFO - Processing file /opt/airflow/dags/first_dag.py for tasks to queue
[2024-02-26T06:47:37.864+0000] {logging_mixin.py:188} INFO - [2024-02-26T06:47:37.863+0000] {dagbag.py:538} INFO - Filling up the DagBag from /opt/airflow/dags/first_dag.py
[2024-02-26T06:47:38.481+0000] {processor.py:840} INFO - DAG(s) '1No_Pandas_Weather_DAG' retrieved from /opt/airflow/dags/first_dag.py
[2024-02-26T06:47:38.612+0000] {logging_mixin.py:188} INFO - [2024-02-26T06:47:38.612+0000] {dag.py:3036} INFO - Sync 1 DAGs
[2024-02-26T06:47:38.665+0000] {processor.py:183} INFO - Processing /opt/airflow/dags/first_dag.py took 0.824 seconds
[2024-02-26T06:48:09.207+0000] {processor.py:161} INFO - Started process (PID=13608) to work on /opt/airflow/dags/first_dag.py
[2024-02-26T06:48:09.209+0000] {processor.py:830} INFO - Processing file /opt/airflow/dags/first_dag.py for tasks to queue
[2024-02-26T06:48:09.210+0000] {logging_mixin.py:188} INFO - [2024-02-26T06:48:09.210+0000] {dagbag.py:538} INFO - Filling up the DagBag from /opt/airflow/dags/first_dag.py
[2024-02-26T06:48:09.739+0000] {processor.py:840} INFO - DAG(s) '1No_Pandas_Weather_DAG' retrieved from /opt/airflow/dags/first_dag.py
[2024-02-26T06:48:09.760+0000] {logging_mixin.py:188} INFO - [2024-02-26T06:48:09.759+0000] {dag.py:3036} INFO - Sync 1 DAGs
[2024-02-26T06:48:09.804+0000] {processor.py:183} INFO - Processing /opt/airflow/dags/first_dag.py took 0.602 seconds
[2024-02-26T06:48:39.969+0000] {processor.py:161} INFO - Started process (PID=13670) to work on /opt/airflow/dags/first_dag.py
[2024-02-26T06:48:39.971+0000] {processor.py:830} INFO - Processing file /opt/airflow/dags/first_dag.py for tasks to queue
[2024-02-26T06:48:39.972+0000] {logging_mixin.py:188} INFO - [2024-02-26T06:48:39.971+0000] {dagbag.py:538} INFO - Filling up the DagBag from /opt/airflow/dags/first_dag.py
[2024-02-26T06:48:40.507+0000] {processor.py:840} INFO - DAG(s) '1No_Pandas_Weather_DAG' retrieved from /opt/airflow/dags/first_dag.py
[2024-02-26T06:48:40.612+0000] {logging_mixin.py:188} INFO - [2024-02-26T06:48:40.611+0000] {dag.py:3036} INFO - Sync 1 DAGs
[2024-02-26T06:48:40.651+0000] {processor.py:183} INFO - Processing /opt/airflow/dags/first_dag.py took 0.686 seconds
[2024-02-26T06:49:11.647+0000] {processor.py:161} INFO - Started process (PID=13734) to work on /opt/airflow/dags/first_dag.py
[2024-02-26T06:49:11.649+0000] {processor.py:830} INFO - Processing file /opt/airflow/dags/first_dag.py for tasks to queue
[2024-02-26T06:49:11.651+0000] {logging_mixin.py:188} INFO - [2024-02-26T06:49:11.650+0000] {dagbag.py:538} INFO - Filling up the DagBag from /opt/airflow/dags/first_dag.py
[2024-02-26T06:49:12.134+0000] {processor.py:840} INFO - DAG(s) '1No_Pandas_Weather_DAG' retrieved from /opt/airflow/dags/first_dag.py
[2024-02-26T06:49:12.154+0000] {logging_mixin.py:188} INFO - [2024-02-26T06:49:12.154+0000] {dag.py:3036} INFO - Sync 1 DAGs
[2024-02-26T06:49:12.195+0000] {processor.py:183} INFO - Processing /opt/airflow/dags/first_dag.py took 0.552 seconds
[2024-02-26T06:49:42.507+0000] {processor.py:161} INFO - Started process (PID=13797) to work on /opt/airflow/dags/first_dag.py
[2024-02-26T06:49:42.512+0000] {processor.py:830} INFO - Processing file /opt/airflow/dags/first_dag.py for tasks to queue
[2024-02-26T06:49:42.515+0000] {logging_mixin.py:188} INFO - [2024-02-26T06:49:42.514+0000] {dagbag.py:538} INFO - Filling up the DagBag from /opt/airflow/dags/first_dag.py
[2024-02-26T06:49:43.142+0000] {processor.py:840} INFO - DAG(s) '1No_Pandas_Weather_DAG' retrieved from /opt/airflow/dags/first_dag.py
[2024-02-26T06:49:43.257+0000] {logging_mixin.py:188} INFO - [2024-02-26T06:49:43.256+0000] {dag.py:3036} INFO - Sync 1 DAGs
[2024-02-26T06:49:43.301+0000] {processor.py:183} INFO - Processing /opt/airflow/dags/first_dag.py took 0.798 seconds
[2024-02-26T06:50:13.966+0000] {processor.py:161} INFO - Started process (PID=13861) to work on /opt/airflow/dags/first_dag.py
[2024-02-26T06:50:13.967+0000] {processor.py:830} INFO - Processing file /opt/airflow/dags/first_dag.py for tasks to queue
[2024-02-26T06:50:13.969+0000] {logging_mixin.py:188} INFO - [2024-02-26T06:50:13.968+0000] {dagbag.py:538} INFO - Filling up the DagBag from /opt/airflow/dags/first_dag.py
[2024-02-26T06:50:14.472+0000] {processor.py:840} INFO - DAG(s) '1No_Pandas_Weather_DAG' retrieved from /opt/airflow/dags/first_dag.py
[2024-02-26T06:50:14.487+0000] {logging_mixin.py:188} INFO - [2024-02-26T06:50:14.486+0000] {dag.py:3036} INFO - Sync 1 DAGs
[2024-02-26T06:50:14.530+0000] {processor.py:183} INFO - Processing /opt/airflow/dags/first_dag.py took 0.569 seconds
[2024-02-26T06:50:45.110+0000] {processor.py:161} INFO - Started process (PID=13928) to work on /opt/airflow/dags/first_dag.py
[2024-02-26T06:50:45.112+0000] {processor.py:830} INFO - Processing file /opt/airflow/dags/first_dag.py for tasks to queue
[2024-02-26T06:50:45.113+0000] {logging_mixin.py:188} INFO - [2024-02-26T06:50:45.113+0000] {dagbag.py:538} INFO - Filling up the DagBag from /opt/airflow/dags/first_dag.py
[2024-02-26T06:50:45.619+0000] {processor.py:840} INFO - DAG(s) '1No_Pandas_Weather_DAG' retrieved from /opt/airflow/dags/first_dag.py
[2024-02-26T06:50:45.718+0000] {logging_mixin.py:188} INFO - [2024-02-26T06:50:45.718+0000] {dag.py:3036} INFO - Sync 1 DAGs
[2024-02-26T06:50:45.760+0000] {processor.py:183} INFO - Processing /opt/airflow/dags/first_dag.py took 0.654 seconds
[2024-02-26T06:51:16.065+0000] {processor.py:161} INFO - Started process (PID=13991) to work on /opt/airflow/dags/first_dag.py
[2024-02-26T06:51:16.067+0000] {processor.py:830} INFO - Processing file /opt/airflow/dags/first_dag.py for tasks to queue
[2024-02-26T06:51:16.069+0000] {logging_mixin.py:188} INFO - [2024-02-26T06:51:16.068+0000] {dagbag.py:538} INFO - Filling up the DagBag from /opt/airflow/dags/first_dag.py
[2024-02-26T06:51:16.578+0000] {processor.py:840} INFO - DAG(s) '1No_Pandas_Weather_DAG' retrieved from /opt/airflow/dags/first_dag.py
[2024-02-26T06:51:16.590+0000] {logging_mixin.py:188} INFO - [2024-02-26T06:51:16.589+0000] {dag.py:3036} INFO - Sync 1 DAGs
[2024-02-26T06:51:16.631+0000] {processor.py:183} INFO - Processing /opt/airflow/dags/first_dag.py took 0.570 seconds
[2024-02-26T06:51:46.720+0000] {processor.py:161} INFO - Started process (PID=14056) to work on /opt/airflow/dags/first_dag.py
[2024-02-26T06:51:46.722+0000] {processor.py:830} INFO - Processing file /opt/airflow/dags/first_dag.py for tasks to queue
[2024-02-26T06:51:46.723+0000] {logging_mixin.py:188} INFO - [2024-02-26T06:51:46.722+0000] {dagbag.py:538} INFO - Filling up the DagBag from /opt/airflow/dags/first_dag.py
[2024-02-26T06:51:47.209+0000] {processor.py:840} INFO - DAG(s) '1No_Pandas_Weather_DAG' retrieved from /opt/airflow/dags/first_dag.py
[2024-02-26T06:51:47.311+0000] {logging_mixin.py:188} INFO - [2024-02-26T06:51:47.311+0000] {dag.py:3036} INFO - Sync 1 DAGs
[2024-02-26T06:51:47.356+0000] {processor.py:183} INFO - Processing /opt/airflow/dags/first_dag.py took 0.640 seconds
[2024-02-26T06:52:17.879+0000] {processor.py:161} INFO - Started process (PID=14118) to work on /opt/airflow/dags/first_dag.py
[2024-02-26T06:52:17.880+0000] {processor.py:830} INFO - Processing file /opt/airflow/dags/first_dag.py for tasks to queue
[2024-02-26T06:52:17.882+0000] {logging_mixin.py:188} INFO - [2024-02-26T06:52:17.881+0000] {dagbag.py:538} INFO - Filling up the DagBag from /opt/airflow/dags/first_dag.py
[2024-02-26T06:52:18.365+0000] {processor.py:840} INFO - DAG(s) '1No_Pandas_Weather_DAG' retrieved from /opt/airflow/dags/first_dag.py
[2024-02-26T06:52:18.383+0000] {logging_mixin.py:188} INFO - [2024-02-26T06:52:18.383+0000] {dag.py:3036} INFO - Sync 1 DAGs
[2024-02-26T06:52:18.426+0000] {processor.py:183} INFO - Processing /opt/airflow/dags/first_dag.py took 0.552 seconds
[2024-02-26T06:52:49.055+0000] {processor.py:161} INFO - Started process (PID=14181) to work on /opt/airflow/dags/first_dag.py
[2024-02-26T06:52:49.057+0000] {processor.py:830} INFO - Processing file /opt/airflow/dags/first_dag.py for tasks to queue
[2024-02-26T06:52:49.059+0000] {logging_mixin.py:188} INFO - [2024-02-26T06:52:49.058+0000] {dagbag.py:538} INFO - Filling up the DagBag from /opt/airflow/dags/first_dag.py
[2024-02-26T06:52:49.554+0000] {processor.py:840} INFO - DAG(s) '1No_Pandas_Weather_DAG' retrieved from /opt/airflow/dags/first_dag.py
[2024-02-26T06:52:49.661+0000] {logging_mixin.py:188} INFO - [2024-02-26T06:52:49.660+0000] {dag.py:3036} INFO - Sync 1 DAGs
[2024-02-26T06:52:49.705+0000] {processor.py:183} INFO - Processing /opt/airflow/dags/first_dag.py took 0.656 seconds
[2024-02-26T06:53:20.500+0000] {processor.py:161} INFO - Started process (PID=14244) to work on /opt/airflow/dags/first_dag.py
[2024-02-26T06:53:20.502+0000] {processor.py:830} INFO - Processing file /opt/airflow/dags/first_dag.py for tasks to queue
[2024-02-26T06:53:20.503+0000] {logging_mixin.py:188} INFO - [2024-02-26T06:53:20.502+0000] {dagbag.py:538} INFO - Filling up the DagBag from /opt/airflow/dags/first_dag.py
[2024-02-26T06:53:20.992+0000] {processor.py:840} INFO - DAG(s) '1No_Pandas_Weather_DAG' retrieved from /opt/airflow/dags/first_dag.py
[2024-02-26T06:53:21.012+0000] {logging_mixin.py:188} INFO - [2024-02-26T06:53:21.012+0000] {dag.py:3036} INFO - Sync 1 DAGs
[2024-02-26T06:53:21.054+0000] {processor.py:183} INFO - Processing /opt/airflow/dags/first_dag.py took 0.558 seconds
[2024-02-26T06:53:51.883+0000] {processor.py:161} INFO - Started process (PID=14307) to work on /opt/airflow/dags/first_dag.py
[2024-02-26T06:53:51.884+0000] {processor.py:830} INFO - Processing file /opt/airflow/dags/first_dag.py for tasks to queue
[2024-02-26T06:53:51.886+0000] {logging_mixin.py:188} INFO - [2024-02-26T06:53:51.885+0000] {dagbag.py:538} INFO - Filling up the DagBag from /opt/airflow/dags/first_dag.py
[2024-02-26T06:53:52.423+0000] {processor.py:840} INFO - DAG(s) '1No_Pandas_Weather_DAG' retrieved from /opt/airflow/dags/first_dag.py
[2024-02-26T06:53:52.527+0000] {logging_mixin.py:188} INFO - [2024-02-26T06:53:52.526+0000] {dag.py:3036} INFO - Sync 1 DAGs
[2024-02-26T06:53:52.569+0000] {processor.py:183} INFO - Processing /opt/airflow/dags/first_dag.py took 0.689 seconds
[2024-02-26T06:54:48.628+0000] {processor.py:161} INFO - Started process (PID=14356) to work on /opt/airflow/dags/first_dag.py
[2024-02-26T06:54:48.629+0000] {processor.py:830} INFO - Processing file /opt/airflow/dags/first_dag.py for tasks to queue
[2024-02-26T06:54:48.630+0000] {logging_mixin.py:188} INFO - [2024-02-26T06:54:48.630+0000] {dagbag.py:538} INFO - Filling up the DagBag from /opt/airflow/dags/first_dag.py
[2024-02-26T06:54:49.139+0000] {processor.py:840} INFO - DAG(s) '1No_Pandas_Weather_DAG' retrieved from /opt/airflow/dags/first_dag.py
[2024-02-26T06:54:49.160+0000] {logging_mixin.py:188} INFO - [2024-02-26T06:54:49.160+0000] {dag.py:3036} INFO - Sync 1 DAGs
[2024-02-26T06:54:49.202+0000] {processor.py:183} INFO - Processing /opt/airflow/dags/first_dag.py took 0.578 seconds
[2024-02-26T06:55:19.515+0000] {processor.py:161} INFO - Started process (PID=14419) to work on /opt/airflow/dags/first_dag.py
[2024-02-26T06:55:19.516+0000] {processor.py:830} INFO - Processing file /opt/airflow/dags/first_dag.py for tasks to queue
[2024-02-26T06:55:19.517+0000] {logging_mixin.py:188} INFO - [2024-02-26T06:55:19.517+0000] {dagbag.py:538} INFO - Filling up the DagBag from /opt/airflow/dags/first_dag.py
[2024-02-26T06:55:20.016+0000] {processor.py:840} INFO - DAG(s) '1No_Pandas_Weather_DAG' retrieved from /opt/airflow/dags/first_dag.py
[2024-02-26T06:55:20.134+0000] {logging_mixin.py:188} INFO - [2024-02-26T06:55:20.133+0000] {dag.py:3036} INFO - Sync 1 DAGs
[2024-02-26T06:55:20.178+0000] {processor.py:183} INFO - Processing /opt/airflow/dags/first_dag.py took 0.667 seconds
[2024-02-26T06:55:51.198+0000] {processor.py:161} INFO - Started process (PID=14483) to work on /opt/airflow/dags/first_dag.py
[2024-02-26T06:55:51.199+0000] {processor.py:830} INFO - Processing file /opt/airflow/dags/first_dag.py for tasks to queue
[2024-02-26T06:55:51.200+0000] {logging_mixin.py:188} INFO - [2024-02-26T06:55:51.200+0000] {dagbag.py:538} INFO - Filling up the DagBag from /opt/airflow/dags/first_dag.py
[2024-02-26T06:55:51.684+0000] {processor.py:840} INFO - DAG(s) '1No_Pandas_Weather_DAG' retrieved from /opt/airflow/dags/first_dag.py
[2024-02-26T06:55:51.696+0000] {logging_mixin.py:188} INFO - [2024-02-26T06:55:51.695+0000] {dag.py:3036} INFO - Sync 1 DAGs
[2024-02-26T06:55:51.738+0000] {processor.py:183} INFO - Processing /opt/airflow/dags/first_dag.py took 0.544 seconds
[2024-02-26T06:56:21.912+0000] {processor.py:161} INFO - Started process (PID=14546) to work on /opt/airflow/dags/first_dag.py
[2024-02-26T06:56:21.914+0000] {processor.py:830} INFO - Processing file /opt/airflow/dags/first_dag.py for tasks to queue
[2024-02-26T06:56:21.917+0000] {logging_mixin.py:188} INFO - [2024-02-26T06:56:21.916+0000] {dagbag.py:538} INFO - Filling up the DagBag from /opt/airflow/dags/first_dag.py
[2024-02-26T06:56:22.414+0000] {processor.py:840} INFO - DAG(s) '1No_Pandas_Weather_DAG' retrieved from /opt/airflow/dags/first_dag.py
[2024-02-26T06:56:22.515+0000] {logging_mixin.py:188} INFO - [2024-02-26T06:56:22.514+0000] {dag.py:3036} INFO - Sync 1 DAGs
[2024-02-26T06:56:22.569+0000] {processor.py:183} INFO - Processing /opt/airflow/dags/first_dag.py took 0.664 seconds
[2024-02-26T06:56:53.152+0000] {processor.py:161} INFO - Started process (PID=14609) to work on /opt/airflow/dags/first_dag.py
[2024-02-26T06:56:53.154+0000] {processor.py:830} INFO - Processing file /opt/airflow/dags/first_dag.py for tasks to queue
[2024-02-26T06:56:53.155+0000] {logging_mixin.py:188} INFO - [2024-02-26T06:56:53.154+0000] {dagbag.py:538} INFO - Filling up the DagBag from /opt/airflow/dags/first_dag.py
[2024-02-26T06:56:53.633+0000] {processor.py:840} INFO - DAG(s) '1No_Pandas_Weather_DAG' retrieved from /opt/airflow/dags/first_dag.py
[2024-02-26T06:56:53.643+0000] {logging_mixin.py:188} INFO - [2024-02-26T06:56:53.643+0000] {dag.py:3036} INFO - Sync 1 DAGs
[2024-02-26T06:56:53.687+0000] {processor.py:183} INFO - Processing /opt/airflow/dags/first_dag.py took 0.538 seconds
[2024-02-26T06:57:24.756+0000] {processor.py:161} INFO - Started process (PID=14673) to work on /opt/airflow/dags/first_dag.py
[2024-02-26T06:57:24.757+0000] {processor.py:830} INFO - Processing file /opt/airflow/dags/first_dag.py for tasks to queue
[2024-02-26T06:57:24.758+0000] {logging_mixin.py:188} INFO - [2024-02-26T06:57:24.758+0000] {dagbag.py:538} INFO - Filling up the DagBag from /opt/airflow/dags/first_dag.py
[2024-02-26T06:57:25.202+0000] {processor.py:840} INFO - DAG(s) '1No_Pandas_Weather_DAG' retrieved from /opt/airflow/dags/first_dag.py
[2024-02-26T06:57:25.296+0000] {logging_mixin.py:188} INFO - [2024-02-26T06:57:25.295+0000] {dag.py:3036} INFO - Sync 1 DAGs
[2024-02-26T06:57:25.335+0000] {processor.py:183} INFO - Processing /opt/airflow/dags/first_dag.py took 0.582 seconds
[2024-02-26T06:57:56.048+0000] {processor.py:161} INFO - Started process (PID=14736) to work on /opt/airflow/dags/first_dag.py
[2024-02-26T06:57:56.050+0000] {processor.py:830} INFO - Processing file /opt/airflow/dags/first_dag.py for tasks to queue
[2024-02-26T06:57:56.051+0000] {logging_mixin.py:188} INFO - [2024-02-26T06:57:56.050+0000] {dagbag.py:538} INFO - Filling up the DagBag from /opt/airflow/dags/first_dag.py
[2024-02-26T06:57:56.570+0000] {processor.py:840} INFO - DAG(s) '1No_Pandas_Weather_DAG' retrieved from /opt/airflow/dags/first_dag.py
[2024-02-26T06:57:56.581+0000] {logging_mixin.py:188} INFO - [2024-02-26T06:57:56.581+0000] {dag.py:3036} INFO - Sync 1 DAGs
[2024-02-26T06:57:56.621+0000] {processor.py:183} INFO - Processing /opt/airflow/dags/first_dag.py took 0.576 seconds
[2024-02-26T06:58:27.029+0000] {processor.py:161} INFO - Started process (PID=14798) to work on /opt/airflow/dags/first_dag.py
[2024-02-26T06:58:27.031+0000] {processor.py:830} INFO - Processing file /opt/airflow/dags/first_dag.py for tasks to queue
[2024-02-26T06:58:27.032+0000] {logging_mixin.py:188} INFO - [2024-02-26T06:58:27.031+0000] {dagbag.py:538} INFO - Filling up the DagBag from /opt/airflow/dags/first_dag.py
[2024-02-26T06:58:27.498+0000] {processor.py:840} INFO - DAG(s) '1No_Pandas_Weather_DAG' retrieved from /opt/airflow/dags/first_dag.py
[2024-02-26T06:58:27.609+0000] {logging_mixin.py:188} INFO - [2024-02-26T06:58:27.608+0000] {dag.py:3036} INFO - Sync 1 DAGs
[2024-02-26T06:58:27.654+0000] {processor.py:183} INFO - Processing /opt/airflow/dags/first_dag.py took 0.628 seconds
[2024-02-26T06:58:58.258+0000] {processor.py:161} INFO - Started process (PID=14862) to work on /opt/airflow/dags/first_dag.py
[2024-02-26T06:58:58.259+0000] {processor.py:830} INFO - Processing file /opt/airflow/dags/first_dag.py for tasks to queue
[2024-02-26T06:58:58.260+0000] {logging_mixin.py:188} INFO - [2024-02-26T06:58:58.260+0000] {dagbag.py:538} INFO - Filling up the DagBag from /opt/airflow/dags/first_dag.py
[2024-02-26T06:58:58.773+0000] {processor.py:840} INFO - DAG(s) '1No_Pandas_Weather_DAG' retrieved from /opt/airflow/dags/first_dag.py
[2024-02-26T06:58:58.784+0000] {logging_mixin.py:188} INFO - [2024-02-26T06:58:58.783+0000] {dag.py:3036} INFO - Sync 1 DAGs
[2024-02-26T06:58:58.829+0000] {processor.py:183} INFO - Processing /opt/airflow/dags/first_dag.py took 0.576 seconds
[2024-02-26T06:59:29.282+0000] {processor.py:161} INFO - Started process (PID=14924) to work on /opt/airflow/dags/first_dag.py
[2024-02-26T06:59:29.284+0000] {processor.py:830} INFO - Processing file /opt/airflow/dags/first_dag.py for tasks to queue
[2024-02-26T06:59:29.285+0000] {logging_mixin.py:188} INFO - [2024-02-26T06:59:29.284+0000] {dagbag.py:538} INFO - Filling up the DagBag from /opt/airflow/dags/first_dag.py
[2024-02-26T06:59:29.757+0000] {processor.py:840} INFO - DAG(s) '1No_Pandas_Weather_DAG' retrieved from /opt/airflow/dags/first_dag.py
[2024-02-26T06:59:29.856+0000] {logging_mixin.py:188} INFO - [2024-02-26T06:59:29.856+0000] {dag.py:3036} INFO - Sync 1 DAGs
[2024-02-26T06:59:29.905+0000] {processor.py:183} INFO - Processing /opt/airflow/dags/first_dag.py took 0.627 seconds
[2024-02-26T07:00:00.534+0000] {processor.py:161} INFO - Started process (PID=14987) to work on /opt/airflow/dags/first_dag.py
[2024-02-26T07:00:00.536+0000] {processor.py:830} INFO - Processing file /opt/airflow/dags/first_dag.py for tasks to queue
[2024-02-26T07:00:00.537+0000] {logging_mixin.py:188} INFO - [2024-02-26T07:00:00.537+0000] {dagbag.py:538} INFO - Filling up the DagBag from /opt/airflow/dags/first_dag.py
[2024-02-26T07:00:00.992+0000] {processor.py:840} INFO - DAG(s) '1No_Pandas_Weather_DAG' retrieved from /opt/airflow/dags/first_dag.py
[2024-02-26T07:00:01.003+0000] {logging_mixin.py:188} INFO - [2024-02-26T07:00:01.003+0000] {dag.py:3036} INFO - Sync 1 DAGs
[2024-02-26T07:00:01.044+0000] {processor.py:183} INFO - Processing /opt/airflow/dags/first_dag.py took 0.513 seconds
[2024-02-26T07:00:58.938+0000] {processor.py:161} INFO - Started process (PID=15046) to work on /opt/airflow/dags/first_dag.py
[2024-02-26T07:00:58.949+0000] {processor.py:830} INFO - Processing file /opt/airflow/dags/first_dag.py for tasks to queue
[2024-02-26T07:00:58.951+0000] {logging_mixin.py:188} INFO - [2024-02-26T07:00:58.951+0000] {dagbag.py:538} INFO - Filling up the DagBag from /opt/airflow/dags/first_dag.py
[2024-02-26T07:01:00.160+0000] {processor.py:840} INFO - DAG(s) '1No_Pandas_Weather_DAG' retrieved from /opt/airflow/dags/first_dag.py
[2024-02-26T07:01:00.279+0000] {logging_mixin.py:188} INFO - [2024-02-26T07:01:00.278+0000] {dag.py:3036} INFO - Sync 1 DAGs
[2024-02-26T07:01:00.331+0000] {processor.py:183} INFO - Processing /opt/airflow/dags/first_dag.py took 1.397 seconds
[2024-02-26T07:01:30.630+0000] {processor.py:161} INFO - Started process (PID=15110) to work on /opt/airflow/dags/first_dag.py
[2024-02-26T07:01:30.631+0000] {processor.py:830} INFO - Processing file /opt/airflow/dags/first_dag.py for tasks to queue
[2024-02-26T07:01:30.632+0000] {logging_mixin.py:188} INFO - [2024-02-26T07:01:30.632+0000] {dagbag.py:538} INFO - Filling up the DagBag from /opt/airflow/dags/first_dag.py
[2024-02-26T07:01:31.118+0000] {processor.py:840} INFO - DAG(s) '1No_Pandas_Weather_DAG' retrieved from /opt/airflow/dags/first_dag.py
[2024-02-26T07:01:31.135+0000] {logging_mixin.py:188} INFO - [2024-02-26T07:01:31.135+0000] {dag.py:3036} INFO - Sync 1 DAGs
[2024-02-26T07:01:31.186+0000] {processor.py:183} INFO - Processing /opt/airflow/dags/first_dag.py took 0.560 seconds
[2024-02-26T07:02:01.893+0000] {processor.py:161} INFO - Started process (PID=15172) to work on /opt/airflow/dags/first_dag.py
[2024-02-26T07:02:01.895+0000] {processor.py:830} INFO - Processing file /opt/airflow/dags/first_dag.py for tasks to queue
[2024-02-26T07:02:01.896+0000] {logging_mixin.py:188} INFO - [2024-02-26T07:02:01.895+0000] {dagbag.py:538} INFO - Filling up the DagBag from /opt/airflow/dags/first_dag.py
[2024-02-26T07:02:02.202+0000] {processor.py:840} INFO - DAG(s) '1No_Pandas_Weather_DAG' retrieved from /opt/airflow/dags/first_dag.py
[2024-02-26T07:02:02.308+0000] {logging_mixin.py:188} INFO - [2024-02-26T07:02:02.307+0000] {dag.py:3036} INFO - Sync 1 DAGs
[2024-02-26T07:02:02.348+0000] {processor.py:183} INFO - Processing /opt/airflow/dags/first_dag.py took 0.459 seconds
[2024-02-26T07:02:33.191+0000] {processor.py:161} INFO - Started process (PID=15235) to work on /opt/airflow/dags/first_dag.py
[2024-02-26T07:02:33.192+0000] {processor.py:830} INFO - Processing file /opt/airflow/dags/first_dag.py for tasks to queue
[2024-02-26T07:02:33.193+0000] {logging_mixin.py:188} INFO - [2024-02-26T07:02:33.193+0000] {dagbag.py:538} INFO - Filling up the DagBag from /opt/airflow/dags/first_dag.py
[2024-02-26T07:02:33.492+0000] {processor.py:840} INFO - DAG(s) '1No_Pandas_Weather_DAG' retrieved from /opt/airflow/dags/first_dag.py
[2024-02-26T07:02:33.512+0000] {logging_mixin.py:188} INFO - [2024-02-26T07:02:33.511+0000] {dag.py:3036} INFO - Sync 1 DAGs
[2024-02-26T07:02:33.554+0000] {processor.py:183} INFO - Processing /opt/airflow/dags/first_dag.py took 0.368 seconds
[2024-02-26T07:03:03.946+0000] {processor.py:161} INFO - Started process (PID=15298) to work on /opt/airflow/dags/first_dag.py
[2024-02-26T07:03:03.948+0000] {processor.py:830} INFO - Processing file /opt/airflow/dags/first_dag.py for tasks to queue
[2024-02-26T07:03:03.950+0000] {logging_mixin.py:188} INFO - [2024-02-26T07:03:03.949+0000] {dagbag.py:538} INFO - Filling up the DagBag from /opt/airflow/dags/first_dag.py
[2024-02-26T07:03:04.253+0000] {processor.py:840} INFO - DAG(s) '1No_Pandas_Weather_DAG' retrieved from /opt/airflow/dags/first_dag.py
[2024-02-26T07:03:04.361+0000] {logging_mixin.py:188} INFO - [2024-02-26T07:03:04.361+0000] {dag.py:3036} INFO - Sync 1 DAGs
[2024-02-26T07:03:04.402+0000] {processor.py:183} INFO - Processing /opt/airflow/dags/first_dag.py took 0.462 seconds
[2024-02-26T07:03:34.720+0000] {processor.py:161} INFO - Started process (PID=15361) to work on /opt/airflow/dags/first_dag.py
[2024-02-26T07:03:34.722+0000] {processor.py:830} INFO - Processing file /opt/airflow/dags/first_dag.py for tasks to queue
[2024-02-26T07:03:34.724+0000] {logging_mixin.py:188} INFO - [2024-02-26T07:03:34.723+0000] {dagbag.py:538} INFO - Filling up the DagBag from /opt/airflow/dags/first_dag.py
[2024-02-26T07:03:35.029+0000] {processor.py:840} INFO - DAG(s) '1No_Pandas_Weather_DAG' retrieved from /opt/airflow/dags/first_dag.py
[2024-02-26T07:03:35.050+0000] {logging_mixin.py:188} INFO - [2024-02-26T07:03:35.049+0000] {dag.py:3036} INFO - Sync 1 DAGs
[2024-02-26T07:03:35.093+0000] {processor.py:183} INFO - Processing /opt/airflow/dags/first_dag.py took 0.378 seconds
[2024-02-26T07:04:05.436+0000] {processor.py:161} INFO - Started process (PID=15424) to work on /opt/airflow/dags/first_dag.py
[2024-02-26T07:04:05.438+0000] {processor.py:830} INFO - Processing file /opt/airflow/dags/first_dag.py for tasks to queue
[2024-02-26T07:04:05.439+0000] {logging_mixin.py:188} INFO - [2024-02-26T07:04:05.439+0000] {dagbag.py:538} INFO - Filling up the DagBag from /opt/airflow/dags/first_dag.py
[2024-02-26T07:04:05.744+0000] {processor.py:840} INFO - DAG(s) '1No_Pandas_Weather_DAG' retrieved from /opt/airflow/dags/first_dag.py
[2024-02-26T07:04:05.854+0000] {logging_mixin.py:188} INFO - [2024-02-26T07:04:05.854+0000] {dag.py:3036} INFO - Sync 1 DAGs
[2024-02-26T07:04:05.901+0000] {processor.py:183} INFO - Processing /opt/airflow/dags/first_dag.py took 0.470 seconds
[2024-02-26T07:04:36.237+0000] {processor.py:161} INFO - Started process (PID=15487) to work on /opt/airflow/dags/first_dag.py
[2024-02-26T07:04:36.239+0000] {processor.py:830} INFO - Processing file /opt/airflow/dags/first_dag.py for tasks to queue
[2024-02-26T07:04:36.241+0000] {logging_mixin.py:188} INFO - [2024-02-26T07:04:36.241+0000] {dagbag.py:538} INFO - Filling up the DagBag from /opt/airflow/dags/first_dag.py
[2024-02-26T07:04:36.561+0000] {processor.py:840} INFO - DAG(s) '1No_Pandas_Weather_DAG' retrieved from /opt/airflow/dags/first_dag.py
[2024-02-26T07:04:36.583+0000] {logging_mixin.py:188} INFO - [2024-02-26T07:04:36.582+0000] {dag.py:3036} INFO - Sync 1 DAGs
[2024-02-26T07:04:36.622+0000] {processor.py:183} INFO - Processing /opt/airflow/dags/first_dag.py took 0.390 seconds
[2024-02-26T07:05:06.948+0000] {processor.py:161} INFO - Started process (PID=15550) to work on /opt/airflow/dags/first_dag.py
[2024-02-26T07:05:06.949+0000] {processor.py:830} INFO - Processing file /opt/airflow/dags/first_dag.py for tasks to queue
[2024-02-26T07:05:06.950+0000] {logging_mixin.py:188} INFO - [2024-02-26T07:05:06.950+0000] {dagbag.py:538} INFO - Filling up the DagBag from /opt/airflow/dags/first_dag.py
[2024-02-26T07:05:07.267+0000] {processor.py:840} INFO - DAG(s) '1No_Pandas_Weather_DAG' retrieved from /opt/airflow/dags/first_dag.py
[2024-02-26T07:05:07.380+0000] {logging_mixin.py:188} INFO - [2024-02-26T07:05:07.379+0000] {dag.py:3036} INFO - Sync 1 DAGs
[2024-02-26T07:05:07.427+0000] {processor.py:183} INFO - Processing /opt/airflow/dags/first_dag.py took 0.484 seconds
[2024-02-26T07:05:37.566+0000] {processor.py:161} INFO - Started process (PID=15612) to work on /opt/airflow/dags/first_dag.py
[2024-02-26T07:05:37.567+0000] {processor.py:830} INFO - Processing file /opt/airflow/dags/first_dag.py for tasks to queue
[2024-02-26T07:05:37.569+0000] {logging_mixin.py:188} INFO - [2024-02-26T07:05:37.568+0000] {dagbag.py:538} INFO - Filling up the DagBag from /opt/airflow/dags/first_dag.py
[2024-02-26T07:05:37.879+0000] {processor.py:840} INFO - DAG(s) '1No_Pandas_Weather_DAG' retrieved from /opt/airflow/dags/first_dag.py
[2024-02-26T07:05:37.899+0000] {logging_mixin.py:188} INFO - [2024-02-26T07:05:37.899+0000] {dag.py:3036} INFO - Sync 1 DAGs
[2024-02-26T07:05:37.944+0000] {processor.py:183} INFO - Processing /opt/airflow/dags/first_dag.py took 0.384 seconds
[2024-02-26T07:06:08.414+0000] {processor.py:161} INFO - Started process (PID=15675) to work on /opt/airflow/dags/first_dag.py
[2024-02-26T07:06:08.415+0000] {processor.py:830} INFO - Processing file /opt/airflow/dags/first_dag.py for tasks to queue
[2024-02-26T07:06:08.417+0000] {logging_mixin.py:188} INFO - [2024-02-26T07:06:08.416+0000] {dagbag.py:538} INFO - Filling up the DagBag from /opt/airflow/dags/first_dag.py
[2024-02-26T07:06:08.727+0000] {processor.py:840} INFO - DAG(s) '1No_Pandas_Weather_DAG' retrieved from /opt/airflow/dags/first_dag.py
[2024-02-26T07:06:08.834+0000] {logging_mixin.py:188} INFO - [2024-02-26T07:06:08.834+0000] {dag.py:3036} INFO - Sync 1 DAGs
[2024-02-26T07:06:08.886+0000] {processor.py:183} INFO - Processing /opt/airflow/dags/first_dag.py took 0.478 seconds
[2024-02-26T07:06:58.331+0000] {processor.py:161} INFO - Started process (PID=15737) to work on /opt/airflow/dags/first_dag.py
[2024-02-26T07:06:58.333+0000] {processor.py:830} INFO - Processing file /opt/airflow/dags/first_dag.py for tasks to queue
[2024-02-26T07:06:58.334+0000] {logging_mixin.py:188} INFO - [2024-02-26T07:06:58.334+0000] {dagbag.py:538} INFO - Filling up the DagBag from /opt/airflow/dags/first_dag.py
[2024-02-26T07:06:58.782+0000] {processor.py:840} INFO - DAG(s) '1No_Pandas_Weather_DAG' retrieved from /opt/airflow/dags/first_dag.py
[2024-02-26T07:06:58.806+0000] {logging_mixin.py:188} INFO - [2024-02-26T07:06:58.806+0000] {dag.py:3036} INFO - Sync 1 DAGs
[2024-02-26T07:06:58.955+0000] {processor.py:183} INFO - Processing /opt/airflow/dags/first_dag.py took 0.628 seconds
[2024-02-26T07:07:29.202+0000] {processor.py:161} INFO - Started process (PID=15801) to work on /opt/airflow/dags/first_dag.py
[2024-02-26T07:07:29.204+0000] {processor.py:830} INFO - Processing file /opt/airflow/dags/first_dag.py for tasks to queue
[2024-02-26T07:07:29.205+0000] {logging_mixin.py:188} INFO - [2024-02-26T07:07:29.205+0000] {dagbag.py:538} INFO - Filling up the DagBag from /opt/airflow/dags/first_dag.py
[2024-02-26T07:07:29.515+0000] {processor.py:840} INFO - DAG(s) '1No_Pandas_Weather_DAG' retrieved from /opt/airflow/dags/first_dag.py
[2024-02-26T07:07:29.699+0000] {logging_mixin.py:188} INFO - [2024-02-26T07:07:29.698+0000] {dag.py:3036} INFO - Sync 1 DAGs
[2024-02-26T07:07:29.753+0000] {processor.py:183} INFO - Processing /opt/airflow/dags/first_dag.py took 0.556 seconds
[2024-02-26T07:08:00.197+0000] {processor.py:161} INFO - Started process (PID=15865) to work on /opt/airflow/dags/first_dag.py
[2024-02-26T07:08:00.198+0000] {processor.py:830} INFO - Processing file /opt/airflow/dags/first_dag.py for tasks to queue
[2024-02-26T07:08:00.199+0000] {logging_mixin.py:188} INFO - [2024-02-26T07:08:00.199+0000] {dagbag.py:538} INFO - Filling up the DagBag from /opt/airflow/dags/first_dag.py
[2024-02-26T07:08:00.516+0000] {processor.py:840} INFO - DAG(s) '1No_Pandas_Weather_DAG' retrieved from /opt/airflow/dags/first_dag.py
[2024-02-26T07:08:00.528+0000] {logging_mixin.py:188} INFO - [2024-02-26T07:08:00.528+0000] {dag.py:3036} INFO - Sync 1 DAGs
[2024-02-26T07:08:00.578+0000] {processor.py:183} INFO - Processing /opt/airflow/dags/first_dag.py took 0.385 seconds
[2024-02-26T07:08:30.831+0000] {processor.py:161} INFO - Started process (PID=15928) to work on /opt/airflow/dags/first_dag.py
[2024-02-26T07:08:30.833+0000] {processor.py:830} INFO - Processing file /opt/airflow/dags/first_dag.py for tasks to queue
[2024-02-26T07:08:30.834+0000] {logging_mixin.py:188} INFO - [2024-02-26T07:08:30.834+0000] {dagbag.py:538} INFO - Filling up the DagBag from /opt/airflow/dags/first_dag.py
[2024-02-26T07:08:31.193+0000] {processor.py:840} INFO - DAG(s) '1No_Pandas_Weather_DAG' retrieved from /opt/airflow/dags/first_dag.py
[2024-02-26T07:08:31.303+0000] {logging_mixin.py:188} INFO - [2024-02-26T07:08:31.303+0000] {dag.py:3036} INFO - Sync 1 DAGs
[2024-02-26T07:08:31.345+0000] {processor.py:183} INFO - Processing /opt/airflow/dags/first_dag.py took 0.517 seconds
[2024-02-26T07:09:01.766+0000] {processor.py:161} INFO - Started process (PID=15991) to work on /opt/airflow/dags/first_dag.py
[2024-02-26T07:09:01.767+0000] {processor.py:830} INFO - Processing file /opt/airflow/dags/first_dag.py for tasks to queue
[2024-02-26T07:09:01.769+0000] {logging_mixin.py:188} INFO - [2024-02-26T07:09:01.768+0000] {dagbag.py:538} INFO - Filling up the DagBag from /opt/airflow/dags/first_dag.py
[2024-02-26T07:09:02.083+0000] {processor.py:840} INFO - DAG(s) '1No_Pandas_Weather_DAG' retrieved from /opt/airflow/dags/first_dag.py
[2024-02-26T07:09:02.096+0000] {logging_mixin.py:188} INFO - [2024-02-26T07:09:02.095+0000] {dag.py:3036} INFO - Sync 1 DAGs
[2024-02-26T07:09:02.145+0000] {processor.py:183} INFO - Processing /opt/airflow/dags/first_dag.py took 0.384 seconds
[2024-02-26T07:09:32.877+0000] {processor.py:161} INFO - Started process (PID=16055) to work on /opt/airflow/dags/first_dag.py
[2024-02-26T07:09:32.879+0000] {processor.py:830} INFO - Processing file /opt/airflow/dags/first_dag.py for tasks to queue
[2024-02-26T07:09:32.880+0000] {logging_mixin.py:188} INFO - [2024-02-26T07:09:32.879+0000] {dagbag.py:538} INFO - Filling up the DagBag from /opt/airflow/dags/first_dag.py
[2024-02-26T07:09:33.203+0000] {processor.py:840} INFO - DAG(s) '1No_Pandas_Weather_DAG' retrieved from /opt/airflow/dags/first_dag.py
[2024-02-26T07:09:33.310+0000] {logging_mixin.py:188} INFO - [2024-02-26T07:09:33.309+0000] {dag.py:3036} INFO - Sync 1 DAGs
[2024-02-26T07:09:33.355+0000] {processor.py:183} INFO - Processing /opt/airflow/dags/first_dag.py took 0.482 seconds
[2024-02-26T07:10:03.980+0000] {processor.py:161} INFO - Started process (PID=16118) to work on /opt/airflow/dags/first_dag.py
[2024-02-26T07:10:03.981+0000] {processor.py:830} INFO - Processing file /opt/airflow/dags/first_dag.py for tasks to queue
[2024-02-26T07:10:03.982+0000] {logging_mixin.py:188} INFO - [2024-02-26T07:10:03.982+0000] {dagbag.py:538} INFO - Filling up the DagBag from /opt/airflow/dags/first_dag.py
[2024-02-26T07:10:04.307+0000] {processor.py:840} INFO - DAG(s) '1No_Pandas_Weather_DAG' retrieved from /opt/airflow/dags/first_dag.py
[2024-02-26T07:10:04.320+0000] {logging_mixin.py:188} INFO - [2024-02-26T07:10:04.320+0000] {dag.py:3036} INFO - Sync 1 DAGs
[2024-02-26T07:10:04.370+0000] {processor.py:183} INFO - Processing /opt/airflow/dags/first_dag.py took 0.394 seconds
[2024-02-26T07:10:34.686+0000] {processor.py:161} INFO - Started process (PID=16181) to work on /opt/airflow/dags/first_dag.py
[2024-02-26T07:10:34.688+0000] {processor.py:830} INFO - Processing file /opt/airflow/dags/first_dag.py for tasks to queue
[2024-02-26T07:10:34.689+0000] {logging_mixin.py:188} INFO - [2024-02-26T07:10:34.689+0000] {dagbag.py:538} INFO - Filling up the DagBag from /opt/airflow/dags/first_dag.py
[2024-02-26T07:10:34.987+0000] {processor.py:840} INFO - DAG(s) '1No_Pandas_Weather_DAG' retrieved from /opt/airflow/dags/first_dag.py
[2024-02-26T07:10:35.094+0000] {logging_mixin.py:188} INFO - [2024-02-26T07:10:35.094+0000] {dag.py:3036} INFO - Sync 1 DAGs
[2024-02-26T07:10:35.137+0000] {processor.py:183} INFO - Processing /opt/airflow/dags/first_dag.py took 0.456 seconds
[2024-02-26T07:11:05.345+0000] {processor.py:161} INFO - Started process (PID=16243) to work on /opt/airflow/dags/first_dag.py
[2024-02-26T07:11:05.347+0000] {processor.py:830} INFO - Processing file /opt/airflow/dags/first_dag.py for tasks to queue
[2024-02-26T07:11:05.348+0000] {logging_mixin.py:188} INFO - [2024-02-26T07:11:05.348+0000] {dagbag.py:538} INFO - Filling up the DagBag from /opt/airflow/dags/first_dag.py
[2024-02-26T07:11:05.662+0000] {processor.py:840} INFO - DAG(s) '1No_Pandas_Weather_DAG' retrieved from /opt/airflow/dags/first_dag.py
[2024-02-26T07:11:05.675+0000] {logging_mixin.py:188} INFO - [2024-02-26T07:11:05.674+0000] {dag.py:3036} INFO - Sync 1 DAGs
[2024-02-26T07:11:05.722+0000] {processor.py:183} INFO - Processing /opt/airflow/dags/first_dag.py took 0.382 seconds
[2024-02-26T07:11:36.007+0000] {processor.py:161} INFO - Started process (PID=16306) to work on /opt/airflow/dags/first_dag.py
[2024-02-26T07:11:36.009+0000] {processor.py:830} INFO - Processing file /opt/airflow/dags/first_dag.py for tasks to queue
[2024-02-26T07:11:36.010+0000] {logging_mixin.py:188} INFO - [2024-02-26T07:11:36.010+0000] {dagbag.py:538} INFO - Filling up the DagBag from /opt/airflow/dags/first_dag.py
[2024-02-26T07:11:36.326+0000] {processor.py:840} INFO - DAG(s) '1No_Pandas_Weather_DAG' retrieved from /opt/airflow/dags/first_dag.py
[2024-02-26T07:11:36.430+0000] {logging_mixin.py:188} INFO - [2024-02-26T07:11:36.430+0000] {dag.py:3036} INFO - Sync 1 DAGs
[2024-02-26T07:11:36.475+0000] {processor.py:183} INFO - Processing /opt/airflow/dags/first_dag.py took 0.473 seconds
[2024-02-26T07:12:06.770+0000] {processor.py:161} INFO - Started process (PID=16371) to work on /opt/airflow/dags/first_dag.py
[2024-02-26T07:12:06.772+0000] {processor.py:830} INFO - Processing file /opt/airflow/dags/first_dag.py for tasks to queue
[2024-02-26T07:12:06.774+0000] {logging_mixin.py:188} INFO - [2024-02-26T07:12:06.773+0000] {dagbag.py:538} INFO - Filling up the DagBag from /opt/airflow/dags/first_dag.py
[2024-02-26T07:12:07.114+0000] {processor.py:840} INFO - DAG(s) '1No_Pandas_Weather_DAG' retrieved from /opt/airflow/dags/first_dag.py
[2024-02-26T07:12:07.138+0000] {logging_mixin.py:188} INFO - [2024-02-26T07:12:07.137+0000] {dag.py:3036} INFO - Sync 1 DAGs
[2024-02-26T07:12:07.215+0000] {processor.py:183} INFO - Processing /opt/airflow/dags/first_dag.py took 0.449 seconds
[2024-02-26T07:12:48.841+0000] {processor.py:161} INFO - Started process (PID=16434) to work on /opt/airflow/dags/first_dag.py
[2024-02-26T07:12:48.843+0000] {processor.py:830} INFO - Processing file /opt/airflow/dags/first_dag.py for tasks to queue
[2024-02-26T07:12:48.844+0000] {logging_mixin.py:188} INFO - [2024-02-26T07:12:48.844+0000] {dagbag.py:538} INFO - Filling up the DagBag from /opt/airflow/dags/first_dag.py
[2024-02-26T07:12:49.272+0000] {processor.py:840} INFO - DAG(s) '1No_Pandas_Weather_DAG' retrieved from /opt/airflow/dags/first_dag.py
[2024-02-26T07:12:49.577+0000] {logging_mixin.py:188} INFO - [2024-02-26T07:12:49.576+0000] {dag.py:3036} INFO - Sync 1 DAGs
[2024-02-26T07:12:49.653+0000] {processor.py:183} INFO - Processing /opt/airflow/dags/first_dag.py took 0.816 seconds
[2024-02-26T07:13:19.809+0000] {processor.py:161} INFO - Started process (PID=16497) to work on /opt/airflow/dags/first_dag.py
[2024-02-26T07:13:19.811+0000] {processor.py:830} INFO - Processing file /opt/airflow/dags/first_dag.py for tasks to queue
[2024-02-26T07:13:19.812+0000] {logging_mixin.py:188} INFO - [2024-02-26T07:13:19.812+0000] {dagbag.py:538} INFO - Filling up the DagBag from /opt/airflow/dags/first_dag.py
[2024-02-26T07:13:20.229+0000] {processor.py:840} INFO - DAG(s) '1No_Pandas_Weather_DAG' retrieved from /opt/airflow/dags/first_dag.py
[2024-02-26T07:13:20.269+0000] {logging_mixin.py:188} INFO - [2024-02-26T07:13:20.268+0000] {dag.py:3036} INFO - Sync 1 DAGs
[2024-02-26T07:13:20.347+0000] {processor.py:183} INFO - Processing /opt/airflow/dags/first_dag.py took 0.543 seconds
[2024-02-26T07:13:50.423+0000] {processor.py:161} INFO - Started process (PID=16561) to work on /opt/airflow/dags/first_dag.py
[2024-02-26T07:13:50.425+0000] {processor.py:830} INFO - Processing file /opt/airflow/dags/first_dag.py for tasks to queue
[2024-02-26T07:13:50.426+0000] {logging_mixin.py:188} INFO - [2024-02-26T07:13:50.425+0000] {dagbag.py:538} INFO - Filling up the DagBag from /opt/airflow/dags/first_dag.py
[2024-02-26T07:13:50.812+0000] {processor.py:840} INFO - DAG(s) '1No_Pandas_Weather_DAG' retrieved from /opt/airflow/dags/first_dag.py
[2024-02-26T07:13:50.934+0000] {logging_mixin.py:188} INFO - [2024-02-26T07:13:50.934+0000] {dag.py:3036} INFO - Sync 1 DAGs
[2024-02-26T07:13:50.981+0000] {processor.py:183} INFO - Processing /opt/airflow/dags/first_dag.py took 0.563 seconds
[2024-02-26T07:14:21.113+0000] {processor.py:161} INFO - Started process (PID=16624) to work on /opt/airflow/dags/first_dag.py
[2024-02-26T07:14:21.114+0000] {processor.py:830} INFO - Processing file /opt/airflow/dags/first_dag.py for tasks to queue
[2024-02-26T07:14:21.116+0000] {logging_mixin.py:188} INFO - [2024-02-26T07:14:21.115+0000] {dagbag.py:538} INFO - Filling up the DagBag from /opt/airflow/dags/first_dag.py
[2024-02-26T07:14:21.450+0000] {processor.py:840} INFO - DAG(s) '1No_Pandas_Weather_DAG' retrieved from /opt/airflow/dags/first_dag.py
[2024-02-26T07:14:21.464+0000] {logging_mixin.py:188} INFO - [2024-02-26T07:14:21.463+0000] {dag.py:3036} INFO - Sync 1 DAGs
[2024-02-26T07:14:21.513+0000] {processor.py:183} INFO - Processing /opt/airflow/dags/first_dag.py took 0.405 seconds
[2024-02-26T07:14:52.022+0000] {processor.py:161} INFO - Started process (PID=16686) to work on /opt/airflow/dags/first_dag.py
[2024-02-26T07:14:52.023+0000] {processor.py:830} INFO - Processing file /opt/airflow/dags/first_dag.py for tasks to queue
[2024-02-26T07:14:52.025+0000] {logging_mixin.py:188} INFO - [2024-02-26T07:14:52.024+0000] {dagbag.py:538} INFO - Filling up the DagBag from /opt/airflow/dags/first_dag.py
[2024-02-26T07:14:52.344+0000] {processor.py:840} INFO - DAG(s) '1No_Pandas_Weather_DAG' retrieved from /opt/airflow/dags/first_dag.py
[2024-02-26T07:14:52.460+0000] {logging_mixin.py:188} INFO - [2024-02-26T07:14:52.460+0000] {dag.py:3036} INFO - Sync 1 DAGs
[2024-02-26T07:14:52.506+0000] {processor.py:183} INFO - Processing /opt/airflow/dags/first_dag.py took 0.490 seconds
[2024-02-26T07:15:22.946+0000] {processor.py:161} INFO - Started process (PID=16750) to work on /opt/airflow/dags/first_dag.py
[2024-02-26T07:15:22.948+0000] {processor.py:830} INFO - Processing file /opt/airflow/dags/first_dag.py for tasks to queue
[2024-02-26T07:15:22.949+0000] {logging_mixin.py:188} INFO - [2024-02-26T07:15:22.949+0000] {dagbag.py:538} INFO - Filling up the DagBag from /opt/airflow/dags/first_dag.py
[2024-02-26T07:15:23.265+0000] {processor.py:840} INFO - DAG(s) '1No_Pandas_Weather_DAG' retrieved from /opt/airflow/dags/first_dag.py
[2024-02-26T07:15:23.288+0000] {logging_mixin.py:188} INFO - [2024-02-26T07:15:23.287+0000] {dag.py:3036} INFO - Sync 1 DAGs
[2024-02-26T07:15:23.338+0000] {processor.py:183} INFO - Processing /opt/airflow/dags/first_dag.py took 0.396 seconds
[2024-02-26T07:15:53.734+0000] {processor.py:161} INFO - Started process (PID=16813) to work on /opt/airflow/dags/first_dag.py
[2024-02-26T07:15:53.736+0000] {processor.py:830} INFO - Processing file /opt/airflow/dags/first_dag.py for tasks to queue
[2024-02-26T07:15:53.737+0000] {logging_mixin.py:188} INFO - [2024-02-26T07:15:53.737+0000] {dagbag.py:538} INFO - Filling up the DagBag from /opt/airflow/dags/first_dag.py
[2024-02-26T07:15:54.049+0000] {processor.py:840} INFO - DAG(s) '1No_Pandas_Weather_DAG' retrieved from /opt/airflow/dags/first_dag.py
[2024-02-26T07:15:54.163+0000] {logging_mixin.py:188} INFO - [2024-02-26T07:15:54.163+0000] {dag.py:3036} INFO - Sync 1 DAGs
[2024-02-26T07:15:54.211+0000] {processor.py:183} INFO - Processing /opt/airflow/dags/first_dag.py took 0.482 seconds
[2024-02-26T07:16:24.428+0000] {processor.py:161} INFO - Started process (PID=16877) to work on /opt/airflow/dags/first_dag.py
[2024-02-26T07:16:24.430+0000] {processor.py:830} INFO - Processing file /opt/airflow/dags/first_dag.py for tasks to queue
[2024-02-26T07:16:24.432+0000] {logging_mixin.py:188} INFO - [2024-02-26T07:16:24.431+0000] {dagbag.py:538} INFO - Filling up the DagBag from /opt/airflow/dags/first_dag.py
[2024-02-26T07:16:24.741+0000] {processor.py:840} INFO - DAG(s) '1No_Pandas_Weather_DAG' retrieved from /opt/airflow/dags/first_dag.py
[2024-02-26T07:16:24.763+0000] {logging_mixin.py:188} INFO - [2024-02-26T07:16:24.763+0000] {dag.py:3036} INFO - Sync 1 DAGs
[2024-02-26T07:16:24.812+0000] {processor.py:183} INFO - Processing /opt/airflow/dags/first_dag.py took 0.389 seconds
[2024-02-26T07:16:55.002+0000] {processor.py:161} INFO - Started process (PID=16939) to work on /opt/airflow/dags/first_dag.py
[2024-02-26T07:16:55.004+0000] {processor.py:830} INFO - Processing file /opt/airflow/dags/first_dag.py for tasks to queue
[2024-02-26T07:16:55.005+0000] {logging_mixin.py:188} INFO - [2024-02-26T07:16:55.005+0000] {dagbag.py:538} INFO - Filling up the DagBag from /opt/airflow/dags/first_dag.py
[2024-02-26T07:16:55.331+0000] {processor.py:840} INFO - DAG(s) '1No_Pandas_Weather_DAG' retrieved from /opt/airflow/dags/first_dag.py
[2024-02-26T07:16:55.448+0000] {logging_mixin.py:188} INFO - [2024-02-26T07:16:55.448+0000] {dag.py:3036} INFO - Sync 1 DAGs
[2024-02-26T07:16:55.499+0000] {processor.py:183} INFO - Processing /opt/airflow/dags/first_dag.py took 0.505 seconds
[2024-02-26T07:17:25.712+0000] {processor.py:161} INFO - Started process (PID=17003) to work on /opt/airflow/dags/first_dag.py
[2024-02-26T07:17:25.713+0000] {processor.py:830} INFO - Processing file /opt/airflow/dags/first_dag.py for tasks to queue
[2024-02-26T07:17:25.714+0000] {logging_mixin.py:188} INFO - [2024-02-26T07:17:25.714+0000] {dagbag.py:538} INFO - Filling up the DagBag from /opt/airflow/dags/first_dag.py
[2024-02-26T07:17:26.028+0000] {processor.py:840} INFO - DAG(s) '1No_Pandas_Weather_DAG' retrieved from /opt/airflow/dags/first_dag.py
[2024-02-26T07:17:26.063+0000] {logging_mixin.py:188} INFO - [2024-02-26T07:17:26.062+0000] {dag.py:3036} INFO - Sync 1 DAGs
[2024-02-26T07:17:26.164+0000] {processor.py:183} INFO - Processing /opt/airflow/dags/first_dag.py took 0.456 seconds
[2024-02-26T07:17:56.618+0000] {processor.py:161} INFO - Started process (PID=17066) to work on /opt/airflow/dags/first_dag.py
[2024-02-26T07:17:56.620+0000] {processor.py:830} INFO - Processing file /opt/airflow/dags/first_dag.py for tasks to queue
[2024-02-26T07:17:56.621+0000] {logging_mixin.py:188} INFO - [2024-02-26T07:17:56.621+0000] {dagbag.py:538} INFO - Filling up the DagBag from /opt/airflow/dags/first_dag.py
[2024-02-26T07:17:56.951+0000] {processor.py:840} INFO - DAG(s) '1No_Pandas_Weather_DAG' retrieved from /opt/airflow/dags/first_dag.py
[2024-02-26T07:17:57.064+0000] {logging_mixin.py:188} INFO - [2024-02-26T07:17:57.064+0000] {dag.py:3036} INFO - Sync 1 DAGs
[2024-02-26T07:17:57.110+0000] {processor.py:183} INFO - Processing /opt/airflow/dags/first_dag.py took 0.499 seconds
[2024-02-26T07:18:27.527+0000] {processor.py:161} INFO - Started process (PID=17129) to work on /opt/airflow/dags/first_dag.py
[2024-02-26T07:18:27.529+0000] {processor.py:830} INFO - Processing file /opt/airflow/dags/first_dag.py for tasks to queue
[2024-02-26T07:18:27.531+0000] {logging_mixin.py:188} INFO - [2024-02-26T07:18:27.530+0000] {dagbag.py:538} INFO - Filling up the DagBag from /opt/airflow/dags/first_dag.py
[2024-02-26T07:18:27.870+0000] {processor.py:840} INFO - DAG(s) '1No_Pandas_Weather_DAG' retrieved from /opt/airflow/dags/first_dag.py
[2024-02-26T07:18:27.893+0000] {logging_mixin.py:188} INFO - [2024-02-26T07:18:27.892+0000] {dag.py:3036} INFO - Sync 1 DAGs
[2024-02-26T07:18:27.941+0000] {processor.py:183} INFO - Processing /opt/airflow/dags/first_dag.py took 0.419 seconds
[2024-02-26T07:18:58.058+0000] {processor.py:161} INFO - Started process (PID=17191) to work on /opt/airflow/dags/first_dag.py
[2024-02-26T07:18:58.059+0000] {processor.py:830} INFO - Processing file /opt/airflow/dags/first_dag.py for tasks to queue
[2024-02-26T07:18:58.060+0000] {logging_mixin.py:188} INFO - [2024-02-26T07:18:58.060+0000] {dagbag.py:538} INFO - Filling up the DagBag from /opt/airflow/dags/first_dag.py
[2024-02-26T07:18:58.413+0000] {processor.py:840} INFO - DAG(s) '1No_Pandas_Weather_DAG' retrieved from /opt/airflow/dags/first_dag.py
[2024-02-26T07:18:58.521+0000] {logging_mixin.py:188} INFO - [2024-02-26T07:18:58.521+0000] {dag.py:3036} INFO - Sync 1 DAGs
[2024-02-26T07:18:58.583+0000] {processor.py:183} INFO - Processing /opt/airflow/dags/first_dag.py took 0.529 seconds
[2024-02-26T07:19:29.004+0000] {processor.py:161} INFO - Started process (PID=17255) to work on /opt/airflow/dags/first_dag.py
[2024-02-26T07:19:29.007+0000] {processor.py:830} INFO - Processing file /opt/airflow/dags/first_dag.py for tasks to queue
[2024-02-26T07:19:29.008+0000] {logging_mixin.py:188} INFO - [2024-02-26T07:19:29.008+0000] {dagbag.py:538} INFO - Filling up the DagBag from /opt/airflow/dags/first_dag.py
[2024-02-26T07:19:29.390+0000] {processor.py:840} INFO - DAG(s) '1No_Pandas_Weather_DAG' retrieved from /opt/airflow/dags/first_dag.py
[2024-02-26T07:19:29.417+0000] {logging_mixin.py:188} INFO - [2024-02-26T07:19:29.416+0000] {dag.py:3036} INFO - Sync 1 DAGs
[2024-02-26T07:19:29.472+0000] {processor.py:183} INFO - Processing /opt/airflow/dags/first_dag.py took 0.474 seconds
[2024-02-26T07:19:59.936+0000] {processor.py:161} INFO - Started process (PID=17318) to work on /opt/airflow/dags/first_dag.py
[2024-02-26T07:19:59.938+0000] {processor.py:830} INFO - Processing file /opt/airflow/dags/first_dag.py for tasks to queue
[2024-02-26T07:19:59.939+0000] {logging_mixin.py:188} INFO - [2024-02-26T07:19:59.938+0000] {dagbag.py:538} INFO - Filling up the DagBag from /opt/airflow/dags/first_dag.py
[2024-02-26T07:20:00.256+0000] {processor.py:840} INFO - DAG(s) '1No_Pandas_Weather_DAG' retrieved from /opt/airflow/dags/first_dag.py
[2024-02-26T07:20:00.370+0000] {logging_mixin.py:188} INFO - [2024-02-26T07:20:00.369+0000] {dag.py:3036} INFO - Sync 1 DAGs
[2024-02-26T07:20:00.414+0000] {processor.py:183} INFO - Processing /opt/airflow/dags/first_dag.py took 0.484 seconds
[2024-02-26T07:20:30.625+0000] {processor.py:161} INFO - Started process (PID=17380) to work on /opt/airflow/dags/first_dag.py
[2024-02-26T07:20:30.627+0000] {processor.py:830} INFO - Processing file /opt/airflow/dags/first_dag.py for tasks to queue
[2024-02-26T07:20:30.628+0000] {logging_mixin.py:188} INFO - [2024-02-26T07:20:30.628+0000] {dagbag.py:538} INFO - Filling up the DagBag from /opt/airflow/dags/first_dag.py
[2024-02-26T07:20:30.946+0000] {processor.py:840} INFO - DAG(s) '1No_Pandas_Weather_DAG' retrieved from /opt/airflow/dags/first_dag.py
[2024-02-26T07:20:30.968+0000] {logging_mixin.py:188} INFO - [2024-02-26T07:20:30.968+0000] {dag.py:3036} INFO - Sync 1 DAGs
[2024-02-26T07:20:31.017+0000] {processor.py:183} INFO - Processing /opt/airflow/dags/first_dag.py took 0.396 seconds
[2024-02-26T07:21:01.571+0000] {processor.py:161} INFO - Started process (PID=17443) to work on /opt/airflow/dags/first_dag.py
[2024-02-26T07:21:01.572+0000] {processor.py:830} INFO - Processing file /opt/airflow/dags/first_dag.py for tasks to queue
[2024-02-26T07:21:01.574+0000] {logging_mixin.py:188} INFO - [2024-02-26T07:21:01.573+0000] {dagbag.py:538} INFO - Filling up the DagBag from /opt/airflow/dags/first_dag.py
[2024-02-26T07:21:01.920+0000] {processor.py:840} INFO - DAG(s) '1No_Pandas_Weather_DAG' retrieved from /opt/airflow/dags/first_dag.py
[2024-02-26T07:21:02.048+0000] {logging_mixin.py:188} INFO - [2024-02-26T07:21:02.047+0000] {dag.py:3036} INFO - Sync 1 DAGs
[2024-02-26T07:21:02.100+0000] {processor.py:183} INFO - Processing /opt/airflow/dags/first_dag.py took 0.534 seconds
[2024-02-26T07:21:32.242+0000] {processor.py:161} INFO - Started process (PID=17507) to work on /opt/airflow/dags/first_dag.py
[2024-02-26T07:21:32.244+0000] {processor.py:830} INFO - Processing file /opt/airflow/dags/first_dag.py for tasks to queue
[2024-02-26T07:21:32.245+0000] {logging_mixin.py:188} INFO - [2024-02-26T07:21:32.245+0000] {dagbag.py:538} INFO - Filling up the DagBag from /opt/airflow/dags/first_dag.py
[2024-02-26T07:21:32.540+0000] {processor.py:840} INFO - DAG(s) '1No_Pandas_Weather_DAG' retrieved from /opt/airflow/dags/first_dag.py
[2024-02-26T07:21:32.561+0000] {logging_mixin.py:188} INFO - [2024-02-26T07:21:32.561+0000] {dag.py:3036} INFO - Sync 1 DAGs
[2024-02-26T07:21:32.606+0000] {processor.py:183} INFO - Processing /opt/airflow/dags/first_dag.py took 0.370 seconds
[2024-02-26T07:22:03.206+0000] {processor.py:161} INFO - Started process (PID=17569) to work on /opt/airflow/dags/first_dag.py
[2024-02-26T07:22:03.207+0000] {processor.py:830} INFO - Processing file /opt/airflow/dags/first_dag.py for tasks to queue
[2024-02-26T07:22:03.208+0000] {logging_mixin.py:188} INFO - [2024-02-26T07:22:03.208+0000] {dagbag.py:538} INFO - Filling up the DagBag from /opt/airflow/dags/first_dag.py
[2024-02-26T07:22:03.611+0000] {processor.py:840} INFO - DAG(s) '1No_Pandas_Weather_DAG' retrieved from /opt/airflow/dags/first_dag.py
[2024-02-26T07:22:03.731+0000] {logging_mixin.py:188} INFO - [2024-02-26T07:22:03.731+0000] {dag.py:3036} INFO - Sync 1 DAGs
[2024-02-26T07:22:03.775+0000] {processor.py:183} INFO - Processing /opt/airflow/dags/first_dag.py took 0.573 seconds
[2024-02-26T07:22:34.033+0000] {processor.py:161} INFO - Started process (PID=17632) to work on /opt/airflow/dags/first_dag.py
[2024-02-26T07:22:34.035+0000] {processor.py:830} INFO - Processing file /opt/airflow/dags/first_dag.py for tasks to queue
[2024-02-26T07:22:34.036+0000] {logging_mixin.py:188} INFO - [2024-02-26T07:22:34.036+0000] {dagbag.py:538} INFO - Filling up the DagBag from /opt/airflow/dags/first_dag.py
[2024-02-26T07:22:34.344+0000] {processor.py:840} INFO - DAG(s) '1No_Pandas_Weather_DAG' retrieved from /opt/airflow/dags/first_dag.py
[2024-02-26T07:22:34.367+0000] {logging_mixin.py:188} INFO - [2024-02-26T07:22:34.366+0000] {dag.py:3036} INFO - Sync 1 DAGs
[2024-02-26T07:22:34.411+0000] {processor.py:183} INFO - Processing /opt/airflow/dags/first_dag.py took 0.382 seconds
