[2024-02-08T11:34:48.455+0000] {taskinstance.py:1956} INFO - Dependencies all met for dep_context=non-requeueable deps ti=<TaskInstance: weather_dag.weather_csv scheduled__2024-02-08T11:21:00+00:00 [queued]>
[2024-02-08T11:34:48.467+0000] {taskinstance.py:1956} INFO - Dependencies all met for dep_context=requeueable deps ti=<TaskInstance: weather_dag.weather_csv scheduled__2024-02-08T11:21:00+00:00 [queued]>
[2024-02-08T11:34:48.467+0000] {taskinstance.py:2170} INFO - Starting attempt 1 of 2
[2024-02-08T11:34:48.489+0000] {taskinstance.py:2191} INFO - Executing <Task(PythonOperator): weather_csv> on 2024-02-08 11:21:00+00:00
[2024-02-08T11:34:48.496+0000] {standard_task_runner.py:60} INFO - Started process 2185 to run task
[2024-02-08T11:34:48.500+0000] {standard_task_runner.py:87} INFO - Running: ['***', 'tasks', 'run', 'weather_dag', 'weather_csv', 'scheduled__2024-02-08T11:21:00+00:00', '--job-id', '305', '--raw', '--subdir', 'DAGS_FOLDER/Weather_dag.py', '--cfg-path', '/tmp/tmpdkg52dso']
[2024-02-08T11:34:48.511+0000] {standard_task_runner.py:88} INFO - Job 305: Subtask weather_csv
[2024-02-08T11:34:48.623+0000] {task_command.py:423} INFO - Running <TaskInstance: weather_dag.weather_csv scheduled__2024-02-08T11:21:00+00:00 [running]> on host 06573eafe810
[2024-02-08T11:34:48.921+0000] {taskinstance.py:2480} INFO - Exporting env vars: AIRFLOW_CTX_DAG_OWNER='***' AIRFLOW_CTX_DAG_ID='weather_dag' AIRFLOW_CTX_TASK_ID='weather_csv' AIRFLOW_CTX_EXECUTION_DATE='2024-02-08T11:21:00+00:00' AIRFLOW_CTX_TRY_NUMBER='1' AIRFLOW_CTX_DAG_RUN_ID='scheduled__2024-02-08T11:21:00+00:00'
[2024-02-08T11:34:48.928+0000] {python.py:201} INFO - Done. Returned value was: None
[2024-02-08T11:34:48.954+0000] {taskinstance.py:1138} INFO - Marking task as SUCCESS. dag_id=weather_dag, task_id=weather_csv, execution_date=20240208T112100, start_date=20240208T113448, end_date=20240208T113448
[2024-02-08T11:34:49.000+0000] {local_task_job_runner.py:234} INFO - Task exited with return code 0
[2024-02-08T11:34:49.019+0000] {taskinstance.py:3280} INFO - 0 downstream tasks scheduled from follow-on schedule check
[2024-02-08T11:57:10.116+0000] {taskinstance.py:1956} INFO - Dependencies all met for dep_context=non-requeueable deps ti=<TaskInstance: Weather_DAG.weather_csv scheduled__2024-02-08T11:21:00+00:00 [queued]>
[2024-02-08T11:57:10.251+0000] {taskinstance.py:1956} INFO - Dependencies all met for dep_context=requeueable deps ti=<TaskInstance: Weather_DAG.weather_csv scheduled__2024-02-08T11:21:00+00:00 [queued]>
[2024-02-08T11:57:10.254+0000] {taskinstance.py:2170} INFO - Starting attempt 1 of 2
[2024-02-08T11:57:10.608+0000] {taskinstance.py:2191} INFO - Executing <Task(PythonOperator): weather_csv> on 2024-02-08 11:21:00+00:00
[2024-02-08T11:57:10.646+0000] {standard_task_runner.py:60} INFO - Started process 2572 to run task
[2024-02-08T11:57:10.741+0000] {standard_task_runner.py:87} INFO - Running: ['***', 'tasks', 'run', 'Weather_DAG', 'weather_csv', 'scheduled__2024-02-08T11:21:00+00:00', '--job-id', '363', '--raw', '--subdir', 'DAGS_FOLDER/Weather_dag.py', '--cfg-path', '/tmp/tmpdvckl5qv']
[2024-02-08T11:57:10.758+0000] {standard_task_runner.py:88} INFO - Job 363: Subtask weather_csv
[2024-02-08T11:57:11.166+0000] {task_command.py:423} INFO - Running <TaskInstance: Weather_DAG.weather_csv scheduled__2024-02-08T11:21:00+00:00 [running]> on host 06573eafe810
[2024-02-08T11:57:11.591+0000] {taskinstance.py:2480} INFO - Exporting env vars: AIRFLOW_CTX_DAG_OWNER='***' AIRFLOW_CTX_DAG_ID='Weather_DAG' AIRFLOW_CTX_TASK_ID='weather_csv' AIRFLOW_CTX_EXECUTION_DATE='2024-02-08T11:21:00+00:00' AIRFLOW_CTX_TRY_NUMBER='1' AIRFLOW_CTX_DAG_RUN_ID='scheduled__2024-02-08T11:21:00+00:00'
[2024-02-08T11:57:11.608+0000] {python.py:201} INFO - Done. Returned value was: None
[2024-02-08T11:57:11.641+0000] {taskinstance.py:1138} INFO - Marking task as SUCCESS. dag_id=Weather_DAG, task_id=weather_csv, execution_date=20240208T112100, start_date=20240208T115710, end_date=20240208T115711
[2024-02-08T11:57:11.778+0000] {local_task_job_runner.py:234} INFO - Task exited with return code 0
[2024-02-08T11:57:11.824+0000] {taskinstance.py:3280} INFO - 0 downstream tasks scheduled from follow-on schedule check
