[2024-02-12T13:16:43.276+0000] {taskinstance.py:1956} INFO - Dependencies all met for dep_context=non-requeueable deps ti=<TaskInstance: Weather_DAG_V4.8.data_to_db scheduled__2024-02-12T01:31:00+00:00 [queued]>
[2024-02-12T13:16:43.364+0000] {taskinstance.py:1956} INFO - Dependencies all met for dep_context=requeueable deps ti=<TaskInstance: Weather_DAG_V4.8.data_to_db scheduled__2024-02-12T01:31:00+00:00 [queued]>
[2024-02-12T13:16:43.369+0000] {taskinstance.py:2170} INFO - Starting attempt 1 of 1
[2024-02-12T13:16:43.502+0000] {taskinstance.py:2191} INFO - Executing <Task(PostgresOperator): data_to_db> on 2024-02-12 01:31:00+00:00
[2024-02-12T13:16:43.533+0000] {standard_task_runner.py:60} INFO - Started process 16023 to run task
[2024-02-12T13:16:43.547+0000] {standard_task_runner.py:87} INFO - Running: ['***', 'tasks', 'run', 'Weather_DAG_V4.8', 'data_to_db', 'scheduled__2024-02-12T01:31:00+00:00', '--job-id', '9616', '--raw', '--subdir', 'DAGS_FOLDER/Weather_dag.py', '--cfg-path', '/tmp/tmp0as6qi_m']
[2024-02-12T13:16:43.572+0000] {standard_task_runner.py:88} INFO - Job 9616: Subtask data_to_db
[2024-02-12T13:16:43.865+0000] {task_command.py:423} INFO - Running <TaskInstance: Weather_DAG_V4.8.data_to_db scheduled__2024-02-12T01:31:00+00:00 [running]> on host 06573eafe810
[2024-02-12T13:16:44.485+0000] {taskinstance.py:2480} INFO - Exporting env vars: AIRFLOW_CTX_DAG_OWNER='***' AIRFLOW_CTX_DAG_ID='Weather_DAG_V4.8' AIRFLOW_CTX_TASK_ID='data_to_db' AIRFLOW_CTX_EXECUTION_DATE='2024-02-12T01:31:00+00:00' AIRFLOW_CTX_TRY_NUMBER='1' AIRFLOW_CTX_DAG_RUN_ID='scheduled__2024-02-12T01:31:00+00:00'
[2024-02-12T13:16:44.495+0000] {sql.py:276} INFO - Executing: 
        COPY weather_tab(city, dt, houur, temperature_c, pressure_mm, is_rainy)
        FROM 'weather.csv'
        DELIMITER ','
        CSV HEADER;
[2024-02-12T13:16:44.553+0000] {base.py:83} INFO - Using connection ID 'postgres_localhost' for task execution.
[2024-02-12T13:16:44.621+0000] {base.py:83} INFO - Using connection ID 'postgres_localhost' for task execution.
[2024-02-12T13:16:44.631+0000] {sql.py:450} INFO - Running statement: 
        COPY weather_tab(city, dt, houur, temperature_c, pressure_mm, is_rainy)
        FROM 'weather.csv'
        DELIMITER ','
        CSV HEADER;, parameters: None
[2024-02-12T13:16:44.661+0000] {taskinstance.py:2698} ERROR - Task failed with exception
Traceback (most recent call last):
  File "/home/airflow/.local/lib/python3.8/site-packages/airflow/models/taskinstance.py", line 433, in _execute_task
    result = execute_callable(context=context, **execute_callable_kwargs)
  File "/home/airflow/.local/lib/python3.8/site-packages/airflow/providers/common/sql/operators/sql.py", line 282, in execute
    output = hook.run(
  File "/home/airflow/.local/lib/python3.8/site-packages/airflow/providers/common/sql/hooks/sql.py", line 398, in run
    self._run_command(cur, sql_statement, parameters)
  File "/home/airflow/.local/lib/python3.8/site-packages/airflow/providers/common/sql/hooks/sql.py", line 455, in _run_command
    cur.execute(sql_statement)
psycopg2.errors.UndefinedFile: could not open file "weather.csv" for reading: No such file or directory
HINT:  COPY FROM instructs the PostgreSQL server process to read a file. You may want a client-side facility such as psql's \copy.

[2024-02-12T13:16:44.709+0000] {taskinstance.py:1138} INFO - Marking task as FAILED. dag_id=Weather_DAG_V4.8, task_id=data_to_db, execution_date=20240212T013100, start_date=20240212T131643, end_date=20240212T131644
[2024-02-12T13:16:44.910+0000] {standard_task_runner.py:107} ERROR - Failed to execute job 9616 for task data_to_db (could not open file "weather.csv" for reading: No such file or directory
HINT:  COPY FROM instructs the PostgreSQL server process to read a file. You may want a client-side facility such as psql's \copy.
; 16023)
[2024-02-12T13:16:44.955+0000] {local_task_job_runner.py:234} INFO - Task exited with return code 1
[2024-02-12T13:16:45.199+0000] {taskinstance.py:3280} INFO - 0 downstream tasks scheduled from follow-on schedule check
