[2024-03-14T13:40:08.750+0000] {taskinstance.py:1956} INFO - Dependencies all met for dep_context=non-requeueable deps ti=<TaskInstance: 1No_Pandas_Weather_DAG.get_weather scheduled__2024-03-14T04:06:00+00:00 [queued]>
[2024-03-14T13:40:08.769+0000] {taskinstance.py:1956} INFO - Dependencies all met for dep_context=requeueable deps ti=<TaskInstance: 1No_Pandas_Weather_DAG.get_weather scheduled__2024-03-14T04:06:00+00:00 [queued]>
[2024-03-14T13:40:08.770+0000] {taskinstance.py:2170} INFO - Starting attempt 1 of 1
[2024-03-14T13:40:08.796+0000] {taskinstance.py:2191} INFO - Executing <Task(PythonOperator): get_weather> on 2024-03-14 04:06:00+00:00
[2024-03-14T13:40:08.807+0000] {standard_task_runner.py:60} INFO - Started process 349 to run task
[2024-03-14T13:40:08.814+0000] {standard_task_runner.py:87} INFO - Running: ['***', 'tasks', 'run', '1No_Pandas_Weather_DAG', 'get_weather', 'scheduled__2024-03-14T04:06:00+00:00', '--job-id', '13846', '--raw', '--subdir', 'DAGS_FOLDER/first_dag.py', '--cfg-path', '/tmp/tmpqowd1jbe']
[2024-03-14T13:40:08.825+0000] {standard_task_runner.py:88} INFO - Job 13846: Subtask get_weather
[2024-03-14T13:40:09.257+0000] {task_command.py:423} INFO - Running <TaskInstance: 1No_Pandas_Weather_DAG.get_weather scheduled__2024-03-14T04:06:00+00:00 [running]> on host b5253fd441c9
[2024-03-14T13:40:09.794+0000] {taskinstance.py:2480} INFO - Exporting env vars: AIRFLOW_CTX_DAG_OWNER='***' AIRFLOW_CTX_DAG_ID='1No_Pandas_Weather_DAG' AIRFLOW_CTX_TASK_ID='get_weather' AIRFLOW_CTX_EXECUTION_DATE='2024-03-14T04:06:00+00:00' AIRFLOW_CTX_TRY_NUMBER='1' AIRFLOW_CTX_DAG_RUN_ID='scheduled__2024-03-14T04:06:00+00:00'
[2024-03-14T13:40:10.323+0000] {taskinstance.py:2698} ERROR - Task failed with exception
Traceback (most recent call last):
  File "/home/airflow/.local/lib/python3.8/site-packages/airflow/models/taskinstance.py", line 433, in _execute_task
    result = execute_callable(context=context, **execute_callable_kwargs)
  File "/home/airflow/.local/lib/python3.8/site-packages/airflow/operators/python.py", line 199, in execute
    return_value = self.execute_callable()
  File "/home/airflow/.local/lib/python3.8/site-packages/airflow/operators/python.py", line 216, in execute_callable
    return self.python_callable(*self.op_args, **self.op_kwargs)
  File "/opt/airflow/dags/first_dag.py", line 46, in get_weather
    for i in range(len(weather_data['forecasts'])):
KeyError: 'forecasts'
[2024-03-14T13:40:10.337+0000] {taskinstance.py:1138} INFO - Marking task as FAILED. dag_id=1No_Pandas_Weather_DAG, task_id=get_weather, execution_date=20240314T040600, start_date=20240314T134008, end_date=20240314T134010
[2024-03-14T13:40:10.367+0000] {standard_task_runner.py:107} ERROR - Failed to execute job 13846 for task get_weather ('forecasts'; 349)
[2024-03-14T13:40:10.421+0000] {local_task_job_runner.py:234} INFO - Task exited with return code 1
[2024-03-14T13:40:10.550+0000] {taskinstance.py:3280} INFO - 0 downstream tasks scheduled from follow-on schedule check
