[2024-02-08T13:17:44.187+0000] {taskinstance.py:1956} INFO - Dependencies all met for dep_context=non-requeueable deps ti=<TaskInstance: Weather_DAG.create_db_schem scheduled__2024-02-08T13:03:00+00:00 [queued]>
[2024-02-08T13:17:44.198+0000] {taskinstance.py:1956} INFO - Dependencies all met for dep_context=requeueable deps ti=<TaskInstance: Weather_DAG.create_db_schem scheduled__2024-02-08T13:03:00+00:00 [queued]>
[2024-02-08T13:17:44.199+0000] {taskinstance.py:2170} INFO - Starting attempt 2 of 2
[2024-02-08T13:17:44.227+0000] {taskinstance.py:2191} INFO - Executing <Task(PostgresOperator): create_db_schem> on 2024-02-08 13:03:00+00:00
[2024-02-08T13:17:44.239+0000] {standard_task_runner.py:60} INFO - Started process 4149 to run task
[2024-02-08T13:17:44.245+0000] {standard_task_runner.py:87} INFO - Running: ['***', 'tasks', 'run', 'Weather_DAG', 'create_db_schem', 'scheduled__2024-02-08T13:03:00+00:00', '--job-id', '509', '--raw', '--subdir', 'DAGS_FOLDER/Weather_dag.py', '--cfg-path', '/tmp/tmp7_qhublw']
[2024-02-08T13:17:44.247+0000] {standard_task_runner.py:88} INFO - Job 509: Subtask create_db_schem
[2024-02-08T13:17:44.320+0000] {task_command.py:423} INFO - Running <TaskInstance: Weather_DAG.create_db_schem scheduled__2024-02-08T13:03:00+00:00 [running]> on host 06573eafe810
[2024-02-08T13:17:44.476+0000] {taskinstance.py:2480} INFO - Exporting env vars: AIRFLOW_CTX_DAG_OWNER='***' AIRFLOW_CTX_DAG_ID='Weather_DAG' AIRFLOW_CTX_TASK_ID='create_db_schem' AIRFLOW_CTX_EXECUTION_DATE='2024-02-08T13:03:00+00:00' AIRFLOW_CTX_TRY_NUMBER='2' AIRFLOW_CTX_DAG_RUN_ID='scheduled__2024-02-08T13:03:00+00:00'
[2024-02-08T13:17:44.479+0000] {sql.py:276} INFO - Executing: 
        CREATE TABLE IF NOT EXISTS dag_runs(
            id serial PRIMARY KEY,
            city varchar(),
            dt date,
            houur smallint(),
            temperature_c float(),
            pressure_mm float(),
            is_rainy boolean
            )
[2024-02-08T13:17:44.494+0000] {base.py:83} INFO - Using connection ID 'postgres_localhost' for task execution.
[2024-02-08T13:17:44.521+0000] {base.py:83} INFO - Using connection ID 'postgres_localhost' for task execution.
[2024-02-08T13:17:44.531+0000] {sql.py:450} INFO - Running statement: 
        CREATE TABLE IF NOT EXISTS dag_runs(
            id serial PRIMARY KEY,
            city varchar(),
            dt date,
            houur smallint(),
            temperature_c float(),
            pressure_mm float(),
            is_rainy boolean
            ), parameters: None
[2024-02-08T13:17:44.538+0000] {taskinstance.py:2698} ERROR - Task failed with exception
Traceback (most recent call last):
  File "/home/airflow/.local/lib/python3.8/site-packages/airflow/models/taskinstance.py", line 433, in _execute_task
    result = execute_callable(context=context, **execute_callable_kwargs)
  File "/home/airflow/.local/lib/python3.8/site-packages/airflow/providers/common/sql/operators/sql.py", line 282, in execute
    output = hook.run(
  File "/home/airflow/.local/lib/python3.8/site-packages/airflow/providers/common/sql/hooks/sql.py", line 398, in run
    self._run_command(cur, sql_statement, parameters)
  File "/home/airflow/.local/lib/python3.8/site-packages/airflow/providers/common/sql/hooks/sql.py", line 455, in _run_command
    cur.execute(sql_statement)
psycopg2.errors.SyntaxError: syntax error at or near ")"
LINE 4:             city varchar(),
                                 ^

[2024-02-08T13:17:44.557+0000] {taskinstance.py:1138} INFO - Marking task as FAILED. dag_id=Weather_DAG, task_id=create_db_schem, execution_date=20240208T130300, start_date=20240208T131744, end_date=20240208T131744
[2024-02-08T13:17:44.595+0000] {standard_task_runner.py:107} ERROR - Failed to execute job 509 for task create_db_schem (syntax error at or near ")"
LINE 4:             city varchar(),
                                 ^
; 4149)
[2024-02-08T13:17:44.617+0000] {local_task_job_runner.py:234} INFO - Task exited with return code 1
[2024-02-08T13:17:44.646+0000] {taskinstance.py:3280} INFO - 0 downstream tasks scheduled from follow-on schedule check
