[2024-02-25T00:03:52.336+0000] {processor.py:161} INFO - Started process (PID=5860) to work on /opt/airflow/dags/success_dag.py
[2024-02-25T00:03:52.351+0000] {processor.py:830} INFO - Processing file /opt/airflow/dags/success_dag.py for tasks to queue
[2024-02-25T00:03:52.367+0000] {logging_mixin.py:188} INFO - [2024-02-25T00:03:52.356+0000] {dagbag.py:538} INFO - Filling up the DagBag from /opt/airflow/dags/success_dag.py
[2024-02-25T00:03:54.460+0000] {processor.py:840} INFO - DAG(s) '1Success_dag' retrieved from /opt/airflow/dags/success_dag.py
[2024-02-25T00:03:54.894+0000] {logging_mixin.py:188} INFO - [2024-02-25T00:03:54.893+0000] {dag.py:3036} INFO - Sync 1 DAGs
[2024-02-25T00:03:54.963+0000] {logging_mixin.py:188} INFO - [2024-02-25T00:03:54.963+0000] {dag.py:3823} INFO - Setting next_dagrun for 1Success_dag to 2024-02-25 00:00:00+00:00, run_after=2024-02-26 00:00:00+00:00
[2024-02-25T00:03:55.072+0000] {processor.py:183} INFO - Processing /opt/airflow/dags/success_dag.py took 2.749 seconds
[2024-02-25T00:04:25.434+0000] {processor.py:161} INFO - Started process (PID=5927) to work on /opt/airflow/dags/success_dag.py
[2024-02-25T00:04:25.436+0000] {processor.py:830} INFO - Processing file /opt/airflow/dags/success_dag.py for tasks to queue
[2024-02-25T00:04:25.438+0000] {logging_mixin.py:188} INFO - [2024-02-25T00:04:25.437+0000] {dagbag.py:538} INFO - Filling up the DagBag from /opt/airflow/dags/success_dag.py
[2024-02-25T00:04:25.780+0000] {processor.py:840} INFO - DAG(s) '1Success_dag' retrieved from /opt/airflow/dags/success_dag.py
[2024-02-25T00:04:25.809+0000] {logging_mixin.py:188} INFO - [2024-02-25T00:04:25.808+0000] {dag.py:3036} INFO - Sync 1 DAGs
[2024-02-25T00:04:25.836+0000] {logging_mixin.py:188} INFO - [2024-02-25T00:04:25.836+0000] {dag.py:3823} INFO - Setting next_dagrun for 1Success_dag to 2024-02-25 00:00:00+00:00, run_after=2024-02-26 00:00:00+00:00
[2024-02-25T00:04:25.865+0000] {processor.py:183} INFO - Processing /opt/airflow/dags/success_dag.py took 0.438 seconds
[2024-02-25T00:04:56.622+0000] {processor.py:161} INFO - Started process (PID=5990) to work on /opt/airflow/dags/success_dag.py
[2024-02-25T00:04:56.624+0000] {processor.py:830} INFO - Processing file /opt/airflow/dags/success_dag.py for tasks to queue
[2024-02-25T00:04:56.626+0000] {logging_mixin.py:188} INFO - [2024-02-25T00:04:56.625+0000] {dagbag.py:538} INFO - Filling up the DagBag from /opt/airflow/dags/success_dag.py
[2024-02-25T00:04:56.937+0000] {processor.py:840} INFO - DAG(s) '1Success_dag' retrieved from /opt/airflow/dags/success_dag.py
[2024-02-25T00:04:56.959+0000] {logging_mixin.py:188} INFO - [2024-02-25T00:04:56.959+0000] {dag.py:3036} INFO - Sync 1 DAGs
[2024-02-25T00:04:56.986+0000] {logging_mixin.py:188} INFO - [2024-02-25T00:04:56.985+0000] {dag.py:3823} INFO - Setting next_dagrun for 1Success_dag to 2024-02-25 00:00:00+00:00, run_after=2024-02-26 00:00:00+00:00
[2024-02-25T00:04:57.015+0000] {processor.py:183} INFO - Processing /opt/airflow/dags/success_dag.py took 0.399 seconds
[2024-02-25T00:05:27.196+0000] {processor.py:161} INFO - Started process (PID=6054) to work on /opt/airflow/dags/success_dag.py
[2024-02-25T00:05:27.198+0000] {processor.py:830} INFO - Processing file /opt/airflow/dags/success_dag.py for tasks to queue
[2024-02-25T00:05:27.199+0000] {logging_mixin.py:188} INFO - [2024-02-25T00:05:27.199+0000] {dagbag.py:538} INFO - Filling up the DagBag from /opt/airflow/dags/success_dag.py
[2024-02-25T00:05:27.493+0000] {processor.py:840} INFO - DAG(s) '1Success_dag' retrieved from /opt/airflow/dags/success_dag.py
[2024-02-25T00:05:27.516+0000] {logging_mixin.py:188} INFO - [2024-02-25T00:05:27.515+0000] {dag.py:3036} INFO - Sync 1 DAGs
[2024-02-25T00:05:27.542+0000] {logging_mixin.py:188} INFO - [2024-02-25T00:05:27.542+0000] {dag.py:3823} INFO - Setting next_dagrun for 1Success_dag to 2024-02-25 00:00:00+00:00, run_after=2024-02-26 00:00:00+00:00
[2024-02-25T00:05:27.564+0000] {processor.py:183} INFO - Processing /opt/airflow/dags/success_dag.py took 0.374 seconds
[2024-02-25T00:05:58.013+0000] {processor.py:161} INFO - Started process (PID=6117) to work on /opt/airflow/dags/success_dag.py
[2024-02-25T00:05:58.014+0000] {processor.py:830} INFO - Processing file /opt/airflow/dags/success_dag.py for tasks to queue
[2024-02-25T00:05:58.016+0000] {logging_mixin.py:188} INFO - [2024-02-25T00:05:58.015+0000] {dagbag.py:538} INFO - Filling up the DagBag from /opt/airflow/dags/success_dag.py
[2024-02-25T00:05:58.319+0000] {processor.py:840} INFO - DAG(s) '1Success_dag' retrieved from /opt/airflow/dags/success_dag.py
[2024-02-25T00:05:58.340+0000] {logging_mixin.py:188} INFO - [2024-02-25T00:05:58.339+0000] {dag.py:3036} INFO - Sync 1 DAGs
[2024-02-25T00:05:58.366+0000] {logging_mixin.py:188} INFO - [2024-02-25T00:05:58.366+0000] {dag.py:3823} INFO - Setting next_dagrun for 1Success_dag to 2024-02-25 00:00:00+00:00, run_after=2024-02-26 00:00:00+00:00
[2024-02-25T00:05:58.389+0000] {processor.py:183} INFO - Processing /opt/airflow/dags/success_dag.py took 0.382 seconds
[2024-02-25T00:06:28.819+0000] {processor.py:161} INFO - Started process (PID=6181) to work on /opt/airflow/dags/success_dag.py
[2024-02-25T00:06:28.820+0000] {processor.py:830} INFO - Processing file /opt/airflow/dags/success_dag.py for tasks to queue
[2024-02-25T00:06:28.822+0000] {logging_mixin.py:188} INFO - [2024-02-25T00:06:28.821+0000] {dagbag.py:538} INFO - Filling up the DagBag from /opt/airflow/dags/success_dag.py
[2024-02-25T00:06:29.124+0000] {processor.py:840} INFO - DAG(s) '1Success_dag' retrieved from /opt/airflow/dags/success_dag.py
[2024-02-25T00:06:29.145+0000] {logging_mixin.py:188} INFO - [2024-02-25T00:06:29.144+0000] {dag.py:3036} INFO - Sync 1 DAGs
[2024-02-25T00:06:29.170+0000] {logging_mixin.py:188} INFO - [2024-02-25T00:06:29.170+0000] {dag.py:3823} INFO - Setting next_dagrun for 1Success_dag to 2024-02-25 00:00:00+00:00, run_after=2024-02-26 00:00:00+00:00
[2024-02-25T00:06:29.194+0000] {processor.py:183} INFO - Processing /opt/airflow/dags/success_dag.py took 0.380 seconds
[2024-02-25T00:06:59.474+0000] {processor.py:161} INFO - Started process (PID=6244) to work on /opt/airflow/dags/success_dag.py
[2024-02-25T00:06:59.475+0000] {processor.py:830} INFO - Processing file /opt/airflow/dags/success_dag.py for tasks to queue
[2024-02-25T00:06:59.477+0000] {logging_mixin.py:188} INFO - [2024-02-25T00:06:59.476+0000] {dagbag.py:538} INFO - Filling up the DagBag from /opt/airflow/dags/success_dag.py
[2024-02-25T00:06:59.786+0000] {processor.py:840} INFO - DAG(s) '1Success_dag' retrieved from /opt/airflow/dags/success_dag.py
[2024-02-25T00:06:59.808+0000] {logging_mixin.py:188} INFO - [2024-02-25T00:06:59.807+0000] {dag.py:3036} INFO - Sync 1 DAGs
[2024-02-25T00:06:59.833+0000] {logging_mixin.py:188} INFO - [2024-02-25T00:06:59.833+0000] {dag.py:3823} INFO - Setting next_dagrun for 1Success_dag to 2024-02-25 00:00:00+00:00, run_after=2024-02-26 00:00:00+00:00
[2024-02-25T00:06:59.856+0000] {processor.py:183} INFO - Processing /opt/airflow/dags/success_dag.py took 0.387 seconds
[2024-02-25T00:07:30.420+0000] {processor.py:161} INFO - Started process (PID=6307) to work on /opt/airflow/dags/success_dag.py
[2024-02-25T00:07:30.421+0000] {processor.py:830} INFO - Processing file /opt/airflow/dags/success_dag.py for tasks to queue
[2024-02-25T00:07:30.422+0000] {logging_mixin.py:188} INFO - [2024-02-25T00:07:30.422+0000] {dagbag.py:538} INFO - Filling up the DagBag from /opt/airflow/dags/success_dag.py
[2024-02-25T00:07:30.730+0000] {processor.py:840} INFO - DAG(s) '1Success_dag' retrieved from /opt/airflow/dags/success_dag.py
[2024-02-25T00:07:30.752+0000] {logging_mixin.py:188} INFO - [2024-02-25T00:07:30.752+0000] {dag.py:3036} INFO - Sync 1 DAGs
[2024-02-25T00:07:30.778+0000] {logging_mixin.py:188} INFO - [2024-02-25T00:07:30.778+0000] {dag.py:3823} INFO - Setting next_dagrun for 1Success_dag to 2024-02-25 00:00:00+00:00, run_after=2024-02-26 00:00:00+00:00
[2024-02-25T00:07:30.802+0000] {processor.py:183} INFO - Processing /opt/airflow/dags/success_dag.py took 0.387 seconds
[2024-02-25T00:08:01.217+0000] {processor.py:161} INFO - Started process (PID=6370) to work on /opt/airflow/dags/success_dag.py
[2024-02-25T00:08:01.219+0000] {processor.py:830} INFO - Processing file /opt/airflow/dags/success_dag.py for tasks to queue
[2024-02-25T00:08:01.220+0000] {logging_mixin.py:188} INFO - [2024-02-25T00:08:01.220+0000] {dagbag.py:538} INFO - Filling up the DagBag from /opt/airflow/dags/success_dag.py
[2024-02-25T00:08:01.526+0000] {processor.py:840} INFO - DAG(s) '1Success_dag' retrieved from /opt/airflow/dags/success_dag.py
[2024-02-25T00:08:01.547+0000] {logging_mixin.py:188} INFO - [2024-02-25T00:08:01.546+0000] {dag.py:3036} INFO - Sync 1 DAGs
[2024-02-25T00:08:01.572+0000] {logging_mixin.py:188} INFO - [2024-02-25T00:08:01.571+0000] {dag.py:3823} INFO - Setting next_dagrun for 1Success_dag to 2024-02-25 00:00:00+00:00, run_after=2024-02-26 00:00:00+00:00
[2024-02-25T00:08:01.595+0000] {processor.py:183} INFO - Processing /opt/airflow/dags/success_dag.py took 0.383 seconds
[2024-02-25T00:08:31.700+0000] {processor.py:161} INFO - Started process (PID=6433) to work on /opt/airflow/dags/success_dag.py
[2024-02-25T00:08:31.701+0000] {processor.py:830} INFO - Processing file /opt/airflow/dags/success_dag.py for tasks to queue
[2024-02-25T00:08:31.703+0000] {logging_mixin.py:188} INFO - [2024-02-25T00:08:31.702+0000] {dagbag.py:538} INFO - Filling up the DagBag from /opt/airflow/dags/success_dag.py
[2024-02-25T00:08:32.037+0000] {processor.py:840} INFO - DAG(s) '1Success_dag' retrieved from /opt/airflow/dags/success_dag.py
[2024-02-25T00:08:32.075+0000] {logging_mixin.py:188} INFO - [2024-02-25T00:08:32.075+0000] {dag.py:3036} INFO - Sync 1 DAGs
[2024-02-25T00:08:32.110+0000] {logging_mixin.py:188} INFO - [2024-02-25T00:08:32.110+0000] {dag.py:3823} INFO - Setting next_dagrun for 1Success_dag to 2024-02-25 00:00:00+00:00, run_after=2024-02-26 00:00:00+00:00
[2024-02-25T00:08:32.147+0000] {processor.py:183} INFO - Processing /opt/airflow/dags/success_dag.py took 0.452 seconds
[2024-02-25T00:09:02.986+0000] {processor.py:161} INFO - Started process (PID=6496) to work on /opt/airflow/dags/success_dag.py
[2024-02-25T00:09:02.988+0000] {processor.py:830} INFO - Processing file /opt/airflow/dags/success_dag.py for tasks to queue
[2024-02-25T00:09:02.990+0000] {logging_mixin.py:188} INFO - [2024-02-25T00:09:02.989+0000] {dagbag.py:538} INFO - Filling up the DagBag from /opt/airflow/dags/success_dag.py
[2024-02-25T00:09:03.315+0000] {processor.py:840} INFO - DAG(s) '1Success_dag' retrieved from /opt/airflow/dags/success_dag.py
[2024-02-25T00:09:03.338+0000] {logging_mixin.py:188} INFO - [2024-02-25T00:09:03.337+0000] {dag.py:3036} INFO - Sync 1 DAGs
[2024-02-25T00:09:03.363+0000] {logging_mixin.py:188} INFO - [2024-02-25T00:09:03.363+0000] {dag.py:3823} INFO - Setting next_dagrun for 1Success_dag to 2024-02-25 00:00:00+00:00, run_after=2024-02-26 00:00:00+00:00
[2024-02-25T00:09:03.387+0000] {processor.py:183} INFO - Processing /opt/airflow/dags/success_dag.py took 0.406 seconds
[2024-02-25T18:16:12.533+0000] {processor.py:161} INFO - Started process (PID=6559) to work on /opt/airflow/dags/success_dag.py
[2024-02-25T18:16:12.534+0000] {processor.py:830} INFO - Processing file /opt/airflow/dags/success_dag.py for tasks to queue
[2024-02-25T18:16:12.537+0000] {logging_mixin.py:188} INFO - [2024-02-25T18:16:12.536+0000] {dagbag.py:538} INFO - Filling up the DagBag from /opt/airflow/dags/success_dag.py
[2024-02-25T18:16:15.177+0000] {processor.py:840} INFO - DAG(s) '1Success_dag' retrieved from /opt/airflow/dags/success_dag.py
[2024-02-25T18:16:15.417+0000] {logging_mixin.py:188} INFO - [2024-02-25T18:16:15.416+0000] {dag.py:3036} INFO - Sync 1 DAGs
[2024-02-25T18:16:15.579+0000] {logging_mixin.py:188} INFO - [2024-02-25T18:16:15.578+0000] {dag.py:3823} INFO - Setting next_dagrun for 1Success_dag to 2024-02-25 00:00:00+00:00, run_after=2024-02-26 00:00:00+00:00
[2024-02-25T18:16:15.789+0000] {processor.py:183} INFO - Processing /opt/airflow/dags/success_dag.py took 3.260 seconds
[2024-02-25T18:16:46.563+0000] {processor.py:161} INFO - Started process (PID=6623) to work on /opt/airflow/dags/success_dag.py
[2024-02-25T18:16:46.564+0000] {processor.py:830} INFO - Processing file /opt/airflow/dags/success_dag.py for tasks to queue
[2024-02-25T18:16:46.565+0000] {logging_mixin.py:188} INFO - [2024-02-25T18:16:46.565+0000] {dagbag.py:538} INFO - Filling up the DagBag from /opt/airflow/dags/success_dag.py
[2024-02-25T18:16:46.869+0000] {processor.py:840} INFO - DAG(s) '1Success_dag' retrieved from /opt/airflow/dags/success_dag.py
[2024-02-25T18:16:46.891+0000] {logging_mixin.py:188} INFO - [2024-02-25T18:16:46.891+0000] {dag.py:3036} INFO - Sync 1 DAGs
[2024-02-25T18:16:46.914+0000] {logging_mixin.py:188} INFO - [2024-02-25T18:16:46.914+0000] {dag.py:3823} INFO - Setting next_dagrun for 1Success_dag to 2024-02-25 00:00:00+00:00, run_after=2024-02-26 00:00:00+00:00
[2024-02-25T18:16:46.939+0000] {processor.py:183} INFO - Processing /opt/airflow/dags/success_dag.py took 0.381 seconds
[2024-02-25T18:17:17.201+0000] {processor.py:161} INFO - Started process (PID=6686) to work on /opt/airflow/dags/success_dag.py
[2024-02-25T18:17:17.203+0000] {processor.py:830} INFO - Processing file /opt/airflow/dags/success_dag.py for tasks to queue
[2024-02-25T18:17:17.204+0000] {logging_mixin.py:188} INFO - [2024-02-25T18:17:17.203+0000] {dagbag.py:538} INFO - Filling up the DagBag from /opt/airflow/dags/success_dag.py
[2024-02-25T18:17:17.546+0000] {processor.py:840} INFO - DAG(s) '1Success_dag' retrieved from /opt/airflow/dags/success_dag.py
[2024-02-25T18:17:17.574+0000] {logging_mixin.py:188} INFO - [2024-02-25T18:17:17.573+0000] {dag.py:3036} INFO - Sync 1 DAGs
[2024-02-25T18:17:17.607+0000] {logging_mixin.py:188} INFO - [2024-02-25T18:17:17.606+0000] {dag.py:3823} INFO - Setting next_dagrun for 1Success_dag to 2024-02-25 00:00:00+00:00, run_after=2024-02-26 00:00:00+00:00
[2024-02-25T18:17:17.656+0000] {processor.py:183} INFO - Processing /opt/airflow/dags/success_dag.py took 0.459 seconds
[2024-02-25T18:17:48.095+0000] {processor.py:161} INFO - Started process (PID=6749) to work on /opt/airflow/dags/success_dag.py
[2024-02-25T18:17:48.097+0000] {processor.py:830} INFO - Processing file /opt/airflow/dags/success_dag.py for tasks to queue
[2024-02-25T18:17:48.098+0000] {logging_mixin.py:188} INFO - [2024-02-25T18:17:48.097+0000] {dagbag.py:538} INFO - Filling up the DagBag from /opt/airflow/dags/success_dag.py
[2024-02-25T18:17:48.443+0000] {processor.py:840} INFO - DAG(s) '1Success_dag' retrieved from /opt/airflow/dags/success_dag.py
[2024-02-25T18:17:48.476+0000] {logging_mixin.py:188} INFO - [2024-02-25T18:17:48.475+0000] {dag.py:3036} INFO - Sync 1 DAGs
[2024-02-25T18:17:48.506+0000] {logging_mixin.py:188} INFO - [2024-02-25T18:17:48.506+0000] {dag.py:3823} INFO - Setting next_dagrun for 1Success_dag to 2024-02-25 00:00:00+00:00, run_after=2024-02-26 00:00:00+00:00
[2024-02-25T18:17:48.546+0000] {processor.py:183} INFO - Processing /opt/airflow/dags/success_dag.py took 0.455 seconds
[2024-02-25T18:18:18.682+0000] {processor.py:161} INFO - Started process (PID=6812) to work on /opt/airflow/dags/success_dag.py
[2024-02-25T18:18:18.684+0000] {processor.py:830} INFO - Processing file /opt/airflow/dags/success_dag.py for tasks to queue
[2024-02-25T18:18:18.685+0000] {logging_mixin.py:188} INFO - [2024-02-25T18:18:18.685+0000] {dagbag.py:538} INFO - Filling up the DagBag from /opt/airflow/dags/success_dag.py
[2024-02-25T18:18:18.992+0000] {processor.py:840} INFO - DAG(s) '1Success_dag' retrieved from /opt/airflow/dags/success_dag.py
[2024-02-25T18:18:19.016+0000] {logging_mixin.py:188} INFO - [2024-02-25T18:18:19.015+0000] {dag.py:3036} INFO - Sync 1 DAGs
[2024-02-25T18:18:19.040+0000] {logging_mixin.py:188} INFO - [2024-02-25T18:18:19.040+0000] {dag.py:3823} INFO - Setting next_dagrun for 1Success_dag to 2024-02-25 00:00:00+00:00, run_after=2024-02-26 00:00:00+00:00
[2024-02-25T18:18:19.061+0000] {processor.py:183} INFO - Processing /opt/airflow/dags/success_dag.py took 0.383 seconds
[2024-02-25T18:18:49.230+0000] {processor.py:161} INFO - Started process (PID=6875) to work on /opt/airflow/dags/success_dag.py
[2024-02-25T18:18:49.232+0000] {processor.py:830} INFO - Processing file /opt/airflow/dags/success_dag.py for tasks to queue
[2024-02-25T18:18:49.235+0000] {logging_mixin.py:188} INFO - [2024-02-25T18:18:49.234+0000] {dagbag.py:538} INFO - Filling up the DagBag from /opt/airflow/dags/success_dag.py
[2024-02-25T18:18:49.559+0000] {processor.py:840} INFO - DAG(s) '1Success_dag' retrieved from /opt/airflow/dags/success_dag.py
[2024-02-25T18:18:49.581+0000] {logging_mixin.py:188} INFO - [2024-02-25T18:18:49.580+0000] {dag.py:3036} INFO - Sync 1 DAGs
[2024-02-25T18:18:49.607+0000] {logging_mixin.py:188} INFO - [2024-02-25T18:18:49.607+0000] {dag.py:3823} INFO - Setting next_dagrun for 1Success_dag to 2024-02-25 00:00:00+00:00, run_after=2024-02-26 00:00:00+00:00
[2024-02-25T18:18:49.632+0000] {processor.py:183} INFO - Processing /opt/airflow/dags/success_dag.py took 0.408 seconds
[2024-02-25T18:19:20.187+0000] {processor.py:161} INFO - Started process (PID=6938) to work on /opt/airflow/dags/success_dag.py
[2024-02-25T18:19:20.188+0000] {processor.py:830} INFO - Processing file /opt/airflow/dags/success_dag.py for tasks to queue
[2024-02-25T18:19:20.190+0000] {logging_mixin.py:188} INFO - [2024-02-25T18:19:20.189+0000] {dagbag.py:538} INFO - Filling up the DagBag from /opt/airflow/dags/success_dag.py
[2024-02-25T18:19:20.582+0000] {processor.py:840} INFO - DAG(s) '1Success_dag' retrieved from /opt/airflow/dags/success_dag.py
[2024-02-25T18:19:20.612+0000] {logging_mixin.py:188} INFO - [2024-02-25T18:19:20.611+0000] {dag.py:3036} INFO - Sync 1 DAGs
[2024-02-25T18:19:20.658+0000] {logging_mixin.py:188} INFO - [2024-02-25T18:19:20.658+0000] {dag.py:3823} INFO - Setting next_dagrun for 1Success_dag to 2024-02-25 00:00:00+00:00, run_after=2024-02-26 00:00:00+00:00
[2024-02-25T18:19:20.718+0000] {processor.py:183} INFO - Processing /opt/airflow/dags/success_dag.py took 0.537 seconds
[2024-02-25T18:19:51.259+0000] {processor.py:161} INFO - Started process (PID=7000) to work on /opt/airflow/dags/success_dag.py
[2024-02-25T18:19:51.260+0000] {processor.py:830} INFO - Processing file /opt/airflow/dags/success_dag.py for tasks to queue
[2024-02-25T18:19:51.261+0000] {logging_mixin.py:188} INFO - [2024-02-25T18:19:51.261+0000] {dagbag.py:538} INFO - Filling up the DagBag from /opt/airflow/dags/success_dag.py
[2024-02-25T18:19:51.755+0000] {processor.py:840} INFO - DAG(s) '1Success_dag' retrieved from /opt/airflow/dags/success_dag.py
[2024-02-25T18:19:51.775+0000] {logging_mixin.py:188} INFO - [2024-02-25T18:19:51.774+0000] {dag.py:3036} INFO - Sync 1 DAGs
[2024-02-25T18:19:51.799+0000] {logging_mixin.py:188} INFO - [2024-02-25T18:19:51.799+0000] {dag.py:3823} INFO - Setting next_dagrun for 1Success_dag to 2024-02-25 00:00:00+00:00, run_after=2024-02-26 00:00:00+00:00
[2024-02-25T18:19:51.834+0000] {processor.py:183} INFO - Processing /opt/airflow/dags/success_dag.py took 0.580 seconds
[2024-02-25T18:20:22.200+0000] {processor.py:161} INFO - Started process (PID=7063) to work on /opt/airflow/dags/success_dag.py
[2024-02-25T18:20:22.202+0000] {processor.py:830} INFO - Processing file /opt/airflow/dags/success_dag.py for tasks to queue
[2024-02-25T18:20:22.204+0000] {logging_mixin.py:188} INFO - [2024-02-25T18:20:22.203+0000] {dagbag.py:538} INFO - Filling up the DagBag from /opt/airflow/dags/success_dag.py
[2024-02-25T18:20:22.693+0000] {processor.py:840} INFO - DAG(s) '1Success_dag' retrieved from /opt/airflow/dags/success_dag.py
[2024-02-25T18:20:22.714+0000] {logging_mixin.py:188} INFO - [2024-02-25T18:20:22.713+0000] {dag.py:3036} INFO - Sync 1 DAGs
[2024-02-25T18:20:22.739+0000] {logging_mixin.py:188} INFO - [2024-02-25T18:20:22.739+0000] {dag.py:3823} INFO - Setting next_dagrun for 1Success_dag to 2024-02-25 00:00:00+00:00, run_after=2024-02-26 00:00:00+00:00
[2024-02-25T18:20:22.765+0000] {processor.py:183} INFO - Processing /opt/airflow/dags/success_dag.py took 0.570 seconds
[2024-02-25T18:20:53.140+0000] {processor.py:161} INFO - Started process (PID=7126) to work on /opt/airflow/dags/success_dag.py
[2024-02-25T18:20:53.142+0000] {processor.py:830} INFO - Processing file /opt/airflow/dags/success_dag.py for tasks to queue
[2024-02-25T18:20:53.143+0000] {logging_mixin.py:188} INFO - [2024-02-25T18:20:53.143+0000] {dagbag.py:538} INFO - Filling up the DagBag from /opt/airflow/dags/success_dag.py
[2024-02-25T18:20:53.632+0000] {processor.py:840} INFO - DAG(s) '1Success_dag' retrieved from /opt/airflow/dags/success_dag.py
[2024-02-25T18:20:53.652+0000] {logging_mixin.py:188} INFO - [2024-02-25T18:20:53.651+0000] {dag.py:3036} INFO - Sync 1 DAGs
[2024-02-25T18:20:53.676+0000] {logging_mixin.py:188} INFO - [2024-02-25T18:20:53.676+0000] {dag.py:3823} INFO - Setting next_dagrun for 1Success_dag to 2024-02-25 00:00:00+00:00, run_after=2024-02-26 00:00:00+00:00
[2024-02-25T18:20:53.704+0000] {processor.py:183} INFO - Processing /opt/airflow/dags/success_dag.py took 0.569 seconds
[2024-02-25T18:21:23.826+0000] {processor.py:161} INFO - Started process (PID=7189) to work on /opt/airflow/dags/success_dag.py
[2024-02-25T18:21:23.827+0000] {processor.py:830} INFO - Processing file /opt/airflow/dags/success_dag.py for tasks to queue
[2024-02-25T18:21:23.829+0000] {logging_mixin.py:188} INFO - [2024-02-25T18:21:23.828+0000] {dagbag.py:538} INFO - Filling up the DagBag from /opt/airflow/dags/success_dag.py
[2024-02-25T18:21:24.394+0000] {processor.py:840} INFO - DAG(s) '1Success_dag' retrieved from /opt/airflow/dags/success_dag.py
[2024-02-25T18:21:24.416+0000] {logging_mixin.py:188} INFO - [2024-02-25T18:21:24.416+0000] {dag.py:3036} INFO - Sync 1 DAGs
[2024-02-25T18:21:24.441+0000] {logging_mixin.py:188} INFO - [2024-02-25T18:21:24.441+0000] {dag.py:3823} INFO - Setting next_dagrun for 1Success_dag to 2024-02-25 00:00:00+00:00, run_after=2024-02-26 00:00:00+00:00
[2024-02-25T18:21:24.481+0000] {processor.py:183} INFO - Processing /opt/airflow/dags/success_dag.py took 0.661 seconds
[2024-02-25T18:21:55.020+0000] {processor.py:161} INFO - Started process (PID=7254) to work on /opt/airflow/dags/success_dag.py
[2024-02-25T18:21:55.021+0000] {processor.py:830} INFO - Processing file /opt/airflow/dags/success_dag.py for tasks to queue
[2024-02-25T18:21:55.022+0000] {logging_mixin.py:188} INFO - [2024-02-25T18:21:55.022+0000] {dagbag.py:538} INFO - Filling up the DagBag from /opt/airflow/dags/success_dag.py
[2024-02-25T18:21:55.486+0000] {processor.py:840} INFO - DAG(s) '1Success_dag' retrieved from /opt/airflow/dags/success_dag.py
[2024-02-25T18:21:55.503+0000] {logging_mixin.py:188} INFO - [2024-02-25T18:21:55.503+0000] {dag.py:3036} INFO - Sync 1 DAGs
[2024-02-25T18:21:55.524+0000] {logging_mixin.py:188} INFO - [2024-02-25T18:21:55.524+0000] {dag.py:3823} INFO - Setting next_dagrun for 1Success_dag to 2024-02-25 00:00:00+00:00, run_after=2024-02-26 00:00:00+00:00
[2024-02-25T18:21:55.544+0000] {processor.py:183} INFO - Processing /opt/airflow/dags/success_dag.py took 0.529 seconds
[2024-02-25T18:22:25.854+0000] {processor.py:161} INFO - Started process (PID=7317) to work on /opt/airflow/dags/success_dag.py
[2024-02-25T18:22:25.855+0000] {processor.py:830} INFO - Processing file /opt/airflow/dags/success_dag.py for tasks to queue
[2024-02-25T18:22:25.856+0000] {logging_mixin.py:188} INFO - [2024-02-25T18:22:25.856+0000] {dagbag.py:538} INFO - Filling up the DagBag from /opt/airflow/dags/success_dag.py
[2024-02-25T18:22:26.332+0000] {processor.py:840} INFO - DAG(s) '1Success_dag' retrieved from /opt/airflow/dags/success_dag.py
[2024-02-25T18:22:26.356+0000] {logging_mixin.py:188} INFO - [2024-02-25T18:22:26.356+0000] {dag.py:3036} INFO - Sync 1 DAGs
[2024-02-25T18:22:26.380+0000] {logging_mixin.py:188} INFO - [2024-02-25T18:22:26.380+0000] {dag.py:3823} INFO - Setting next_dagrun for 1Success_dag to 2024-02-25 00:00:00+00:00, run_after=2024-02-26 00:00:00+00:00
[2024-02-25T18:22:26.403+0000] {processor.py:183} INFO - Processing /opt/airflow/dags/success_dag.py took 0.553 seconds
[2024-02-25T18:22:56.660+0000] {processor.py:161} INFO - Started process (PID=7380) to work on /opt/airflow/dags/success_dag.py
[2024-02-25T18:22:56.661+0000] {processor.py:830} INFO - Processing file /opt/airflow/dags/success_dag.py for tasks to queue
[2024-02-25T18:22:56.663+0000] {logging_mixin.py:188} INFO - [2024-02-25T18:22:56.662+0000] {dagbag.py:538} INFO - Filling up the DagBag from /opt/airflow/dags/success_dag.py
[2024-02-25T18:22:57.125+0000] {processor.py:840} INFO - DAG(s) '1Success_dag' retrieved from /opt/airflow/dags/success_dag.py
[2024-02-25T18:22:57.142+0000] {logging_mixin.py:188} INFO - [2024-02-25T18:22:57.142+0000] {dag.py:3036} INFO - Sync 1 DAGs
[2024-02-25T18:22:57.163+0000] {logging_mixin.py:188} INFO - [2024-02-25T18:22:57.163+0000] {dag.py:3823} INFO - Setting next_dagrun for 1Success_dag to 2024-02-25 00:00:00+00:00, run_after=2024-02-26 00:00:00+00:00
[2024-02-25T18:22:57.184+0000] {processor.py:183} INFO - Processing /opt/airflow/dags/success_dag.py took 0.527 seconds
[2024-02-25T18:23:27.286+0000] {processor.py:161} INFO - Started process (PID=7444) to work on /opt/airflow/dags/success_dag.py
[2024-02-25T18:23:27.287+0000] {processor.py:830} INFO - Processing file /opt/airflow/dags/success_dag.py for tasks to queue
[2024-02-25T18:23:27.288+0000] {logging_mixin.py:188} INFO - [2024-02-25T18:23:27.288+0000] {dagbag.py:538} INFO - Filling up the DagBag from /opt/airflow/dags/success_dag.py
[2024-02-25T18:23:27.798+0000] {processor.py:840} INFO - DAG(s) '1Success_dag' retrieved from /opt/airflow/dags/success_dag.py
[2024-02-25T18:23:27.831+0000] {logging_mixin.py:188} INFO - [2024-02-25T18:23:27.831+0000] {dag.py:3036} INFO - Sync 1 DAGs
[2024-02-25T18:23:27.867+0000] {logging_mixin.py:188} INFO - [2024-02-25T18:23:27.867+0000] {dag.py:3823} INFO - Setting next_dagrun for 1Success_dag to 2024-02-25 00:00:00+00:00, run_after=2024-02-26 00:00:00+00:00
[2024-02-25T18:23:27.903+0000] {processor.py:183} INFO - Processing /opt/airflow/dags/success_dag.py took 0.621 seconds
[2024-02-25T18:23:58.461+0000] {processor.py:161} INFO - Started process (PID=7506) to work on /opt/airflow/dags/success_dag.py
[2024-02-25T18:23:58.463+0000] {processor.py:830} INFO - Processing file /opt/airflow/dags/success_dag.py for tasks to queue
[2024-02-25T18:23:58.465+0000] {logging_mixin.py:188} INFO - [2024-02-25T18:23:58.465+0000] {dagbag.py:538} INFO - Filling up the DagBag from /opt/airflow/dags/success_dag.py
[2024-02-25T18:23:58.962+0000] {processor.py:840} INFO - DAG(s) '1Success_dag' retrieved from /opt/airflow/dags/success_dag.py
[2024-02-25T18:23:58.981+0000] {logging_mixin.py:188} INFO - [2024-02-25T18:23:58.980+0000] {dag.py:3036} INFO - Sync 1 DAGs
[2024-02-25T18:23:59.004+0000] {logging_mixin.py:188} INFO - [2024-02-25T18:23:59.004+0000] {dag.py:3823} INFO - Setting next_dagrun for 1Success_dag to 2024-02-25 00:00:00+00:00, run_after=2024-02-26 00:00:00+00:00
[2024-02-25T18:23:59.030+0000] {processor.py:183} INFO - Processing /opt/airflow/dags/success_dag.py took 0.573 seconds
[2024-02-25T18:24:29.767+0000] {processor.py:161} INFO - Started process (PID=7569) to work on /opt/airflow/dags/success_dag.py
[2024-02-25T18:24:29.768+0000] {processor.py:830} INFO - Processing file /opt/airflow/dags/success_dag.py for tasks to queue
[2024-02-25T18:24:29.769+0000] {logging_mixin.py:188} INFO - [2024-02-25T18:24:29.769+0000] {dagbag.py:538} INFO - Filling up the DagBag from /opt/airflow/dags/success_dag.py
[2024-02-25T18:24:30.257+0000] {processor.py:840} INFO - DAG(s) '1Success_dag' retrieved from /opt/airflow/dags/success_dag.py
[2024-02-25T18:24:30.276+0000] {logging_mixin.py:188} INFO - [2024-02-25T18:24:30.275+0000] {dag.py:3036} INFO - Sync 1 DAGs
[2024-02-25T18:24:30.297+0000] {logging_mixin.py:188} INFO - [2024-02-25T18:24:30.297+0000] {dag.py:3823} INFO - Setting next_dagrun for 1Success_dag to 2024-02-25 00:00:00+00:00, run_after=2024-02-26 00:00:00+00:00
[2024-02-25T18:24:30.321+0000] {processor.py:183} INFO - Processing /opt/airflow/dags/success_dag.py took 0.558 seconds
[2024-02-25T18:25:00.399+0000] {processor.py:161} INFO - Started process (PID=7632) to work on /opt/airflow/dags/success_dag.py
[2024-02-25T18:25:00.401+0000] {processor.py:830} INFO - Processing file /opt/airflow/dags/success_dag.py for tasks to queue
[2024-02-25T18:25:00.402+0000] {logging_mixin.py:188} INFO - [2024-02-25T18:25:00.401+0000] {dagbag.py:538} INFO - Filling up the DagBag from /opt/airflow/dags/success_dag.py
[2024-02-25T18:25:00.923+0000] {processor.py:840} INFO - DAG(s) '1Success_dag' retrieved from /opt/airflow/dags/success_dag.py
[2024-02-25T18:25:00.953+0000] {logging_mixin.py:188} INFO - [2024-02-25T18:25:00.952+0000] {dag.py:3036} INFO - Sync 1 DAGs
[2024-02-25T18:25:00.987+0000] {logging_mixin.py:188} INFO - [2024-02-25T18:25:00.987+0000] {dag.py:3823} INFO - Setting next_dagrun for 1Success_dag to 2024-02-25 00:00:00+00:00, run_after=2024-02-26 00:00:00+00:00
[2024-02-25T18:25:01.048+0000] {processor.py:183} INFO - Processing /opt/airflow/dags/success_dag.py took 0.653 seconds
[2024-02-25T18:25:31.868+0000] {processor.py:161} INFO - Started process (PID=7695) to work on /opt/airflow/dags/success_dag.py
[2024-02-25T18:25:31.870+0000] {processor.py:830} INFO - Processing file /opt/airflow/dags/success_dag.py for tasks to queue
[2024-02-25T18:25:31.871+0000] {logging_mixin.py:188} INFO - [2024-02-25T18:25:31.871+0000] {dagbag.py:538} INFO - Filling up the DagBag from /opt/airflow/dags/success_dag.py
[2024-02-25T18:25:32.365+0000] {processor.py:840} INFO - DAG(s) '1Success_dag' retrieved from /opt/airflow/dags/success_dag.py
[2024-02-25T18:25:32.383+0000] {logging_mixin.py:188} INFO - [2024-02-25T18:25:32.383+0000] {dag.py:3036} INFO - Sync 1 DAGs
[2024-02-25T18:25:32.406+0000] {logging_mixin.py:188} INFO - [2024-02-25T18:25:32.406+0000] {dag.py:3823} INFO - Setting next_dagrun for 1Success_dag to 2024-02-25 00:00:00+00:00, run_after=2024-02-26 00:00:00+00:00
[2024-02-25T18:25:32.430+0000] {processor.py:183} INFO - Processing /opt/airflow/dags/success_dag.py took 0.568 seconds
[2024-02-25T18:26:03.414+0000] {processor.py:161} INFO - Started process (PID=7758) to work on /opt/airflow/dags/success_dag.py
[2024-02-25T18:26:03.416+0000] {processor.py:830} INFO - Processing file /opt/airflow/dags/success_dag.py for tasks to queue
[2024-02-25T18:26:03.418+0000] {logging_mixin.py:188} INFO - [2024-02-25T18:26:03.417+0000] {dagbag.py:538} INFO - Filling up the DagBag from /opt/airflow/dags/success_dag.py
[2024-02-25T18:26:03.922+0000] {processor.py:840} INFO - DAG(s) '1Success_dag' retrieved from /opt/airflow/dags/success_dag.py
[2024-02-25T18:26:03.941+0000] {logging_mixin.py:188} INFO - [2024-02-25T18:26:03.941+0000] {dag.py:3036} INFO - Sync 1 DAGs
[2024-02-25T18:26:03.963+0000] {logging_mixin.py:188} INFO - [2024-02-25T18:26:03.963+0000] {dag.py:3823} INFO - Setting next_dagrun for 1Success_dag to 2024-02-25 00:00:00+00:00, run_after=2024-02-26 00:00:00+00:00
[2024-02-25T18:26:03.988+0000] {processor.py:183} INFO - Processing /opt/airflow/dags/success_dag.py took 0.579 seconds
[2024-02-25T18:26:34.212+0000] {processor.py:161} INFO - Started process (PID=7821) to work on /opt/airflow/dags/success_dag.py
[2024-02-25T18:26:34.214+0000] {processor.py:830} INFO - Processing file /opt/airflow/dags/success_dag.py for tasks to queue
[2024-02-25T18:26:34.216+0000] {logging_mixin.py:188} INFO - [2024-02-25T18:26:34.215+0000] {dagbag.py:538} INFO - Filling up the DagBag from /opt/airflow/dags/success_dag.py
[2024-02-25T18:26:34.699+0000] {processor.py:840} INFO - DAG(s) '1Success_dag' retrieved from /opt/airflow/dags/success_dag.py
[2024-02-25T18:26:34.723+0000] {logging_mixin.py:188} INFO - [2024-02-25T18:26:34.722+0000] {dag.py:3036} INFO - Sync 1 DAGs
[2024-02-25T18:26:34.749+0000] {logging_mixin.py:188} INFO - [2024-02-25T18:26:34.749+0000] {dag.py:3823} INFO - Setting next_dagrun for 1Success_dag to 2024-02-25 00:00:00+00:00, run_after=2024-02-26 00:00:00+00:00
[2024-02-25T18:26:34.772+0000] {processor.py:183} INFO - Processing /opt/airflow/dags/success_dag.py took 0.565 seconds
[2024-02-25T18:27:05.061+0000] {processor.py:161} INFO - Started process (PID=7885) to work on /opt/airflow/dags/success_dag.py
[2024-02-25T18:27:05.063+0000] {processor.py:830} INFO - Processing file /opt/airflow/dags/success_dag.py for tasks to queue
[2024-02-25T18:27:05.064+0000] {logging_mixin.py:188} INFO - [2024-02-25T18:27:05.064+0000] {dagbag.py:538} INFO - Filling up the DagBag from /opt/airflow/dags/success_dag.py
[2024-02-25T18:27:05.530+0000] {processor.py:840} INFO - DAG(s) '1Success_dag' retrieved from /opt/airflow/dags/success_dag.py
[2024-02-25T18:27:05.549+0000] {logging_mixin.py:188} INFO - [2024-02-25T18:27:05.548+0000] {dag.py:3036} INFO - Sync 1 DAGs
[2024-02-25T18:27:05.583+0000] {logging_mixin.py:188} INFO - [2024-02-25T18:27:05.583+0000] {dag.py:3823} INFO - Setting next_dagrun for 1Success_dag to 2024-02-25 00:00:00+00:00, run_after=2024-02-26 00:00:00+00:00
[2024-02-25T18:27:05.606+0000] {processor.py:183} INFO - Processing /opt/airflow/dags/success_dag.py took 0.549 seconds
[2024-02-25T18:27:36.182+0000] {processor.py:161} INFO - Started process (PID=7948) to work on /opt/airflow/dags/success_dag.py
[2024-02-25T18:27:36.183+0000] {processor.py:830} INFO - Processing file /opt/airflow/dags/success_dag.py for tasks to queue
[2024-02-25T18:27:36.185+0000] {logging_mixin.py:188} INFO - [2024-02-25T18:27:36.184+0000] {dagbag.py:538} INFO - Filling up the DagBag from /opt/airflow/dags/success_dag.py
[2024-02-25T18:27:36.661+0000] {processor.py:840} INFO - DAG(s) '1Success_dag' retrieved from /opt/airflow/dags/success_dag.py
[2024-02-25T18:27:36.679+0000] {logging_mixin.py:188} INFO - [2024-02-25T18:27:36.679+0000] {dag.py:3036} INFO - Sync 1 DAGs
[2024-02-25T18:27:36.702+0000] {logging_mixin.py:188} INFO - [2024-02-25T18:27:36.701+0000] {dag.py:3823} INFO - Setting next_dagrun for 1Success_dag to 2024-02-25 00:00:00+00:00, run_after=2024-02-26 00:00:00+00:00
[2024-02-25T18:27:36.722+0000] {processor.py:183} INFO - Processing /opt/airflow/dags/success_dag.py took 0.546 seconds
[2024-02-25T18:28:07.109+0000] {processor.py:161} INFO - Started process (PID=8011) to work on /opt/airflow/dags/success_dag.py
[2024-02-25T18:28:07.110+0000] {processor.py:830} INFO - Processing file /opt/airflow/dags/success_dag.py for tasks to queue
[2024-02-25T18:28:07.111+0000] {logging_mixin.py:188} INFO - [2024-02-25T18:28:07.111+0000] {dagbag.py:538} INFO - Filling up the DagBag from /opt/airflow/dags/success_dag.py
[2024-02-25T18:28:07.583+0000] {processor.py:840} INFO - DAG(s) '1Success_dag' retrieved from /opt/airflow/dags/success_dag.py
[2024-02-25T18:28:07.600+0000] {logging_mixin.py:188} INFO - [2024-02-25T18:28:07.600+0000] {dag.py:3036} INFO - Sync 1 DAGs
[2024-02-25T18:28:07.624+0000] {logging_mixin.py:188} INFO - [2024-02-25T18:28:07.623+0000] {dag.py:3823} INFO - Setting next_dagrun for 1Success_dag to 2024-02-25 00:00:00+00:00, run_after=2024-02-26 00:00:00+00:00
[2024-02-25T18:28:07.647+0000] {processor.py:183} INFO - Processing /opt/airflow/dags/success_dag.py took 0.543 seconds
[2024-02-25T18:28:38.004+0000] {processor.py:161} INFO - Started process (PID=8074) to work on /opt/airflow/dags/success_dag.py
[2024-02-25T18:28:38.006+0000] {processor.py:830} INFO - Processing file /opt/airflow/dags/success_dag.py for tasks to queue
[2024-02-25T18:28:38.007+0000] {logging_mixin.py:188} INFO - [2024-02-25T18:28:38.006+0000] {dagbag.py:538} INFO - Filling up the DagBag from /opt/airflow/dags/success_dag.py
[2024-02-25T18:28:38.481+0000] {processor.py:840} INFO - DAG(s) '1Success_dag' retrieved from /opt/airflow/dags/success_dag.py
[2024-02-25T18:28:38.500+0000] {logging_mixin.py:188} INFO - [2024-02-25T18:28:38.500+0000] {dag.py:3036} INFO - Sync 1 DAGs
[2024-02-25T18:28:38.526+0000] {logging_mixin.py:188} INFO - [2024-02-25T18:28:38.525+0000] {dag.py:3823} INFO - Setting next_dagrun for 1Success_dag to 2024-02-25 00:00:00+00:00, run_after=2024-02-26 00:00:00+00:00
[2024-02-25T18:28:38.553+0000] {processor.py:183} INFO - Processing /opt/airflow/dags/success_dag.py took 0.553 seconds
[2024-02-25T18:29:08.746+0000] {processor.py:161} INFO - Started process (PID=8136) to work on /opt/airflow/dags/success_dag.py
[2024-02-25T18:29:08.749+0000] {processor.py:830} INFO - Processing file /opt/airflow/dags/success_dag.py for tasks to queue
[2024-02-25T18:29:08.751+0000] {logging_mixin.py:188} INFO - [2024-02-25T18:29:08.750+0000] {dagbag.py:538} INFO - Filling up the DagBag from /opt/airflow/dags/success_dag.py
[2024-02-25T18:29:09.227+0000] {processor.py:840} INFO - DAG(s) '1Success_dag' retrieved from /opt/airflow/dags/success_dag.py
[2024-02-25T18:29:09.248+0000] {logging_mixin.py:188} INFO - [2024-02-25T18:29:09.247+0000] {dag.py:3036} INFO - Sync 1 DAGs
[2024-02-25T18:29:09.273+0000] {logging_mixin.py:188} INFO - [2024-02-25T18:29:09.272+0000] {dag.py:3823} INFO - Setting next_dagrun for 1Success_dag to 2024-02-25 00:00:00+00:00, run_after=2024-02-26 00:00:00+00:00
[2024-02-25T18:29:09.296+0000] {processor.py:183} INFO - Processing /opt/airflow/dags/success_dag.py took 0.554 seconds
[2024-02-25T18:29:39.479+0000] {processor.py:161} INFO - Started process (PID=8199) to work on /opt/airflow/dags/success_dag.py
[2024-02-25T18:29:39.481+0000] {processor.py:830} INFO - Processing file /opt/airflow/dags/success_dag.py for tasks to queue
[2024-02-25T18:29:39.482+0000] {logging_mixin.py:188} INFO - [2024-02-25T18:29:39.481+0000] {dagbag.py:538} INFO - Filling up the DagBag from /opt/airflow/dags/success_dag.py
[2024-02-25T18:29:39.983+0000] {processor.py:840} INFO - DAG(s) '1Success_dag' retrieved from /opt/airflow/dags/success_dag.py
[2024-02-25T18:29:40.004+0000] {logging_mixin.py:188} INFO - [2024-02-25T18:29:40.003+0000] {dag.py:3036} INFO - Sync 1 DAGs
[2024-02-25T18:29:40.030+0000] {logging_mixin.py:188} INFO - [2024-02-25T18:29:40.030+0000] {dag.py:3823} INFO - Setting next_dagrun for 1Success_dag to 2024-02-25 00:00:00+00:00, run_after=2024-02-26 00:00:00+00:00
[2024-02-25T18:29:40.055+0000] {processor.py:183} INFO - Processing /opt/airflow/dags/success_dag.py took 0.584 seconds
[2024-02-25T18:30:10.144+0000] {processor.py:161} INFO - Started process (PID=8262) to work on /opt/airflow/dags/success_dag.py
[2024-02-25T18:30:10.146+0000] {processor.py:830} INFO - Processing file /opt/airflow/dags/success_dag.py for tasks to queue
[2024-02-25T18:30:10.148+0000] {logging_mixin.py:188} INFO - [2024-02-25T18:30:10.147+0000] {dagbag.py:538} INFO - Filling up the DagBag from /opt/airflow/dags/success_dag.py
[2024-02-25T18:30:10.643+0000] {processor.py:840} INFO - DAG(s) '1Success_dag' retrieved from /opt/airflow/dags/success_dag.py
[2024-02-25T18:30:10.661+0000] {logging_mixin.py:188} INFO - [2024-02-25T18:30:10.660+0000] {dag.py:3036} INFO - Sync 1 DAGs
[2024-02-25T18:30:10.685+0000] {logging_mixin.py:188} INFO - [2024-02-25T18:30:10.684+0000] {dag.py:3823} INFO - Setting next_dagrun for 1Success_dag to 2024-02-25 00:00:00+00:00, run_after=2024-02-26 00:00:00+00:00
[2024-02-25T18:30:10.716+0000] {processor.py:183} INFO - Processing /opt/airflow/dags/success_dag.py took 0.577 seconds
[2024-02-25T18:30:41.246+0000] {processor.py:161} INFO - Started process (PID=8325) to work on /opt/airflow/dags/success_dag.py
[2024-02-25T18:30:41.247+0000] {processor.py:830} INFO - Processing file /opt/airflow/dags/success_dag.py for tasks to queue
[2024-02-25T18:30:41.249+0000] {logging_mixin.py:188} INFO - [2024-02-25T18:30:41.248+0000] {dagbag.py:538} INFO - Filling up the DagBag from /opt/airflow/dags/success_dag.py
[2024-02-25T18:30:41.722+0000] {processor.py:840} INFO - DAG(s) '1Success_dag' retrieved from /opt/airflow/dags/success_dag.py
[2024-02-25T18:30:41.740+0000] {logging_mixin.py:188} INFO - [2024-02-25T18:30:41.739+0000] {dag.py:3036} INFO - Sync 1 DAGs
[2024-02-25T18:30:41.763+0000] {logging_mixin.py:188} INFO - [2024-02-25T18:30:41.762+0000] {dag.py:3823} INFO - Setting next_dagrun for 1Success_dag to 2024-02-25 00:00:00+00:00, run_after=2024-02-26 00:00:00+00:00
[2024-02-25T18:30:41.784+0000] {processor.py:183} INFO - Processing /opt/airflow/dags/success_dag.py took 0.542 seconds
[2024-02-25T18:31:12.074+0000] {processor.py:161} INFO - Started process (PID=8388) to work on /opt/airflow/dags/success_dag.py
[2024-02-25T18:31:12.076+0000] {processor.py:830} INFO - Processing file /opt/airflow/dags/success_dag.py for tasks to queue
[2024-02-25T18:31:12.077+0000] {logging_mixin.py:188} INFO - [2024-02-25T18:31:12.077+0000] {dagbag.py:538} INFO - Filling up the DagBag from /opt/airflow/dags/success_dag.py
[2024-02-25T18:31:12.558+0000] {processor.py:840} INFO - DAG(s) '1Success_dag' retrieved from /opt/airflow/dags/success_dag.py
[2024-02-25T18:31:12.576+0000] {logging_mixin.py:188} INFO - [2024-02-25T18:31:12.576+0000] {dag.py:3036} INFO - Sync 1 DAGs
[2024-02-25T18:31:12.600+0000] {logging_mixin.py:188} INFO - [2024-02-25T18:31:12.599+0000] {dag.py:3823} INFO - Setting next_dagrun for 1Success_dag to 2024-02-25 00:00:00+00:00, run_after=2024-02-26 00:00:00+00:00
[2024-02-25T18:31:12.623+0000] {processor.py:183} INFO - Processing /opt/airflow/dags/success_dag.py took 0.555 seconds
[2024-02-25T18:31:42.778+0000] {processor.py:161} INFO - Started process (PID=8451) to work on /opt/airflow/dags/success_dag.py
[2024-02-25T18:31:42.779+0000] {processor.py:830} INFO - Processing file /opt/airflow/dags/success_dag.py for tasks to queue
[2024-02-25T18:31:42.781+0000] {logging_mixin.py:188} INFO - [2024-02-25T18:31:42.780+0000] {dagbag.py:538} INFO - Filling up the DagBag from /opt/airflow/dags/success_dag.py
[2024-02-25T18:31:43.238+0000] {processor.py:840} INFO - DAG(s) '1Success_dag' retrieved from /opt/airflow/dags/success_dag.py
[2024-02-25T18:31:43.256+0000] {logging_mixin.py:188} INFO - [2024-02-25T18:31:43.256+0000] {dag.py:3036} INFO - Sync 1 DAGs
[2024-02-25T18:31:43.280+0000] {logging_mixin.py:188} INFO - [2024-02-25T18:31:43.280+0000] {dag.py:3823} INFO - Setting next_dagrun for 1Success_dag to 2024-02-25 00:00:00+00:00, run_after=2024-02-26 00:00:00+00:00
[2024-02-25T18:31:43.302+0000] {processor.py:183} INFO - Processing /opt/airflow/dags/success_dag.py took 0.529 seconds
[2024-02-25T18:32:13.655+0000] {processor.py:161} INFO - Started process (PID=8514) to work on /opt/airflow/dags/success_dag.py
[2024-02-25T18:32:13.656+0000] {processor.py:830} INFO - Processing file /opt/airflow/dags/success_dag.py for tasks to queue
[2024-02-25T18:32:13.657+0000] {logging_mixin.py:188} INFO - [2024-02-25T18:32:13.657+0000] {dagbag.py:538} INFO - Filling up the DagBag from /opt/airflow/dags/success_dag.py
[2024-02-25T18:32:14.198+0000] {processor.py:840} INFO - DAG(s) '1Success_dag' retrieved from /opt/airflow/dags/success_dag.py
[2024-02-25T18:32:14.218+0000] {logging_mixin.py:188} INFO - [2024-02-25T18:32:14.218+0000] {dag.py:3036} INFO - Sync 1 DAGs
[2024-02-25T18:32:14.244+0000] {logging_mixin.py:188} INFO - [2024-02-25T18:32:14.243+0000] {dag.py:3823} INFO - Setting next_dagrun for 1Success_dag to 2024-02-25 00:00:00+00:00, run_after=2024-02-26 00:00:00+00:00
[2024-02-25T18:32:14.269+0000] {processor.py:183} INFO - Processing /opt/airflow/dags/success_dag.py took 0.619 seconds
[2024-02-25T18:32:44.417+0000] {processor.py:161} INFO - Started process (PID=8577) to work on /opt/airflow/dags/success_dag.py
[2024-02-25T18:32:44.418+0000] {processor.py:830} INFO - Processing file /opt/airflow/dags/success_dag.py for tasks to queue
[2024-02-25T18:32:44.420+0000] {logging_mixin.py:188} INFO - [2024-02-25T18:32:44.419+0000] {dagbag.py:538} INFO - Filling up the DagBag from /opt/airflow/dags/success_dag.py
[2024-02-25T18:32:44.885+0000] {processor.py:840} INFO - DAG(s) '1Success_dag' retrieved from /opt/airflow/dags/success_dag.py
[2024-02-25T18:32:44.903+0000] {logging_mixin.py:188} INFO - [2024-02-25T18:32:44.903+0000] {dag.py:3036} INFO - Sync 1 DAGs
[2024-02-25T18:32:44.928+0000] {logging_mixin.py:188} INFO - [2024-02-25T18:32:44.927+0000] {dag.py:3823} INFO - Setting next_dagrun for 1Success_dag to 2024-02-25 00:00:00+00:00, run_after=2024-02-26 00:00:00+00:00
[2024-02-25T18:32:44.955+0000] {processor.py:183} INFO - Processing /opt/airflow/dags/success_dag.py took 0.543 seconds
[2024-02-25T18:33:15.575+0000] {processor.py:161} INFO - Started process (PID=8640) to work on /opt/airflow/dags/success_dag.py
[2024-02-25T18:33:15.576+0000] {processor.py:830} INFO - Processing file /opt/airflow/dags/success_dag.py for tasks to queue
[2024-02-25T18:33:15.577+0000] {logging_mixin.py:188} INFO - [2024-02-25T18:33:15.577+0000] {dagbag.py:538} INFO - Filling up the DagBag from /opt/airflow/dags/success_dag.py
[2024-02-25T18:33:16.057+0000] {processor.py:840} INFO - DAG(s) '1Success_dag' retrieved from /opt/airflow/dags/success_dag.py
[2024-02-25T18:33:16.076+0000] {logging_mixin.py:188} INFO - [2024-02-25T18:33:16.075+0000] {dag.py:3036} INFO - Sync 1 DAGs
[2024-02-25T18:33:16.101+0000] {logging_mixin.py:188} INFO - [2024-02-25T18:33:16.101+0000] {dag.py:3823} INFO - Setting next_dagrun for 1Success_dag to 2024-02-25 00:00:00+00:00, run_after=2024-02-26 00:00:00+00:00
[2024-02-25T18:33:16.137+0000] {processor.py:183} INFO - Processing /opt/airflow/dags/success_dag.py took 0.567 seconds
[2024-02-25T18:33:46.460+0000] {processor.py:161} INFO - Started process (PID=8703) to work on /opt/airflow/dags/success_dag.py
[2024-02-25T18:33:46.461+0000] {processor.py:830} INFO - Processing file /opt/airflow/dags/success_dag.py for tasks to queue
[2024-02-25T18:33:46.462+0000] {logging_mixin.py:188} INFO - [2024-02-25T18:33:46.462+0000] {dagbag.py:538} INFO - Filling up the DagBag from /opt/airflow/dags/success_dag.py
[2024-02-25T18:33:47.038+0000] {processor.py:840} INFO - DAG(s) '1Success_dag' retrieved from /opt/airflow/dags/success_dag.py
[2024-02-25T18:33:47.057+0000] {logging_mixin.py:188} INFO - [2024-02-25T18:33:47.057+0000] {dag.py:3036} INFO - Sync 1 DAGs
[2024-02-25T18:33:47.085+0000] {logging_mixin.py:188} INFO - [2024-02-25T18:33:47.085+0000] {dag.py:3823} INFO - Setting next_dagrun for 1Success_dag to 2024-02-25 00:00:00+00:00, run_after=2024-02-26 00:00:00+00:00
[2024-02-25T18:33:47.118+0000] {processor.py:183} INFO - Processing /opt/airflow/dags/success_dag.py took 0.664 seconds
[2024-02-25T18:34:17.707+0000] {processor.py:161} INFO - Started process (PID=8766) to work on /opt/airflow/dags/success_dag.py
[2024-02-25T18:34:17.709+0000] {processor.py:830} INFO - Processing file /opt/airflow/dags/success_dag.py for tasks to queue
[2024-02-25T18:34:17.711+0000] {logging_mixin.py:188} INFO - [2024-02-25T18:34:17.710+0000] {dagbag.py:538} INFO - Filling up the DagBag from /opt/airflow/dags/success_dag.py
[2024-02-25T18:34:18.189+0000] {processor.py:840} INFO - DAG(s) '1Success_dag' retrieved from /opt/airflow/dags/success_dag.py
[2024-02-25T18:34:18.209+0000] {logging_mixin.py:188} INFO - [2024-02-25T18:34:18.208+0000] {dag.py:3036} INFO - Sync 1 DAGs
[2024-02-25T18:34:18.235+0000] {logging_mixin.py:188} INFO - [2024-02-25T18:34:18.235+0000] {dag.py:3823} INFO - Setting next_dagrun for 1Success_dag to 2024-02-25 00:00:00+00:00, run_after=2024-02-26 00:00:00+00:00
[2024-02-25T18:34:18.263+0000] {processor.py:183} INFO - Processing /opt/airflow/dags/success_dag.py took 0.562 seconds
[2024-02-25T18:34:48.875+0000] {processor.py:161} INFO - Started process (PID=8829) to work on /opt/airflow/dags/success_dag.py
[2024-02-25T18:34:48.876+0000] {processor.py:830} INFO - Processing file /opt/airflow/dags/success_dag.py for tasks to queue
[2024-02-25T18:34:48.877+0000] {logging_mixin.py:188} INFO - [2024-02-25T18:34:48.877+0000] {dagbag.py:538} INFO - Filling up the DagBag from /opt/airflow/dags/success_dag.py
[2024-02-25T18:34:49.336+0000] {processor.py:840} INFO - DAG(s) '1Success_dag' retrieved from /opt/airflow/dags/success_dag.py
[2024-02-25T18:34:49.354+0000] {logging_mixin.py:188} INFO - [2024-02-25T18:34:49.354+0000] {dag.py:3036} INFO - Sync 1 DAGs
[2024-02-25T18:34:49.377+0000] {logging_mixin.py:188} INFO - [2024-02-25T18:34:49.377+0000] {dag.py:3823} INFO - Setting next_dagrun for 1Success_dag to 2024-02-25 00:00:00+00:00, run_after=2024-02-26 00:00:00+00:00
[2024-02-25T18:34:49.398+0000] {processor.py:183} INFO - Processing /opt/airflow/dags/success_dag.py took 0.528 seconds
[2024-02-25T18:35:19.899+0000] {processor.py:161} INFO - Started process (PID=8892) to work on /opt/airflow/dags/success_dag.py
[2024-02-25T18:35:19.901+0000] {processor.py:830} INFO - Processing file /opt/airflow/dags/success_dag.py for tasks to queue
[2024-02-25T18:35:19.902+0000] {logging_mixin.py:188} INFO - [2024-02-25T18:35:19.902+0000] {dagbag.py:538} INFO - Filling up the DagBag from /opt/airflow/dags/success_dag.py
[2024-02-25T18:35:20.369+0000] {processor.py:840} INFO - DAG(s) '1Success_dag' retrieved from /opt/airflow/dags/success_dag.py
[2024-02-25T18:35:20.390+0000] {logging_mixin.py:188} INFO - [2024-02-25T18:35:20.390+0000] {dag.py:3036} INFO - Sync 1 DAGs
[2024-02-25T18:35:20.413+0000] {logging_mixin.py:188} INFO - [2024-02-25T18:35:20.412+0000] {dag.py:3823} INFO - Setting next_dagrun for 1Success_dag to 2024-02-25 00:00:00+00:00, run_after=2024-02-26 00:00:00+00:00
[2024-02-25T18:35:20.433+0000] {processor.py:183} INFO - Processing /opt/airflow/dags/success_dag.py took 0.541 seconds
[2024-02-25T18:35:51.007+0000] {processor.py:161} INFO - Started process (PID=8956) to work on /opt/airflow/dags/success_dag.py
[2024-02-25T18:35:51.008+0000] {processor.py:830} INFO - Processing file /opt/airflow/dags/success_dag.py for tasks to queue
[2024-02-25T18:35:51.010+0000] {logging_mixin.py:188} INFO - [2024-02-25T18:35:51.009+0000] {dagbag.py:538} INFO - Filling up the DagBag from /opt/airflow/dags/success_dag.py
[2024-02-25T18:35:51.525+0000] {processor.py:840} INFO - DAG(s) '1Success_dag' retrieved from /opt/airflow/dags/success_dag.py
[2024-02-25T18:35:51.546+0000] {logging_mixin.py:188} INFO - [2024-02-25T18:35:51.546+0000] {dag.py:3036} INFO - Sync 1 DAGs
[2024-02-25T18:35:51.571+0000] {logging_mixin.py:188} INFO - [2024-02-25T18:35:51.570+0000] {dag.py:3823} INFO - Setting next_dagrun for 1Success_dag to 2024-02-25 00:00:00+00:00, run_after=2024-02-26 00:00:00+00:00
[2024-02-25T18:35:51.599+0000] {processor.py:183} INFO - Processing /opt/airflow/dags/success_dag.py took 0.601 seconds
[2024-02-25T18:36:22.135+0000] {processor.py:161} INFO - Started process (PID=9020) to work on /opt/airflow/dags/success_dag.py
[2024-02-25T18:36:22.137+0000] {processor.py:830} INFO - Processing file /opt/airflow/dags/success_dag.py for tasks to queue
[2024-02-25T18:36:22.139+0000] {logging_mixin.py:188} INFO - [2024-02-25T18:36:22.138+0000] {dagbag.py:538} INFO - Filling up the DagBag from /opt/airflow/dags/success_dag.py
[2024-02-25T18:36:22.627+0000] {processor.py:840} INFO - DAG(s) '1Success_dag' retrieved from /opt/airflow/dags/success_dag.py
[2024-02-25T18:36:22.647+0000] {logging_mixin.py:188} INFO - [2024-02-25T18:36:22.646+0000] {dag.py:3036} INFO - Sync 1 DAGs
[2024-02-25T18:36:22.670+0000] {logging_mixin.py:188} INFO - [2024-02-25T18:36:22.670+0000] {dag.py:3823} INFO - Setting next_dagrun for 1Success_dag to 2024-02-25 00:00:00+00:00, run_after=2024-02-26 00:00:00+00:00
[2024-02-25T18:36:22.696+0000] {processor.py:183} INFO - Processing /opt/airflow/dags/success_dag.py took 0.567 seconds
[2024-02-25T18:36:52.855+0000] {processor.py:161} INFO - Started process (PID=9083) to work on /opt/airflow/dags/success_dag.py
[2024-02-25T18:36:52.856+0000] {processor.py:830} INFO - Processing file /opt/airflow/dags/success_dag.py for tasks to queue
[2024-02-25T18:36:52.858+0000] {logging_mixin.py:188} INFO - [2024-02-25T18:36:52.857+0000] {dagbag.py:538} INFO - Filling up the DagBag from /opt/airflow/dags/success_dag.py
[2024-02-25T18:36:53.352+0000] {processor.py:840} INFO - DAG(s) '1Success_dag' retrieved from /opt/airflow/dags/success_dag.py
[2024-02-25T18:36:53.371+0000] {logging_mixin.py:188} INFO - [2024-02-25T18:36:53.370+0000] {dag.py:3036} INFO - Sync 1 DAGs
[2024-02-25T18:36:53.393+0000] {logging_mixin.py:188} INFO - [2024-02-25T18:36:53.393+0000] {dag.py:3823} INFO - Setting next_dagrun for 1Success_dag to 2024-02-25 00:00:00+00:00, run_after=2024-02-26 00:00:00+00:00
[2024-02-25T18:36:53.416+0000] {processor.py:183} INFO - Processing /opt/airflow/dags/success_dag.py took 0.567 seconds
[2024-02-25T18:37:23.854+0000] {processor.py:161} INFO - Started process (PID=9146) to work on /opt/airflow/dags/success_dag.py
[2024-02-25T18:37:23.855+0000] {processor.py:830} INFO - Processing file /opt/airflow/dags/success_dag.py for tasks to queue
[2024-02-25T18:37:23.857+0000] {logging_mixin.py:188} INFO - [2024-02-25T18:37:23.857+0000] {dagbag.py:538} INFO - Filling up the DagBag from /opt/airflow/dags/success_dag.py
[2024-02-25T18:37:24.402+0000] {processor.py:840} INFO - DAG(s) '1Success_dag' retrieved from /opt/airflow/dags/success_dag.py
[2024-02-25T18:37:24.422+0000] {logging_mixin.py:188} INFO - [2024-02-25T18:37:24.422+0000] {dag.py:3036} INFO - Sync 1 DAGs
[2024-02-25T18:37:24.450+0000] {logging_mixin.py:188} INFO - [2024-02-25T18:37:24.449+0000] {dag.py:3823} INFO - Setting next_dagrun for 1Success_dag to 2024-02-25 00:00:00+00:00, run_after=2024-02-26 00:00:00+00:00
[2024-02-25T18:37:24.473+0000] {processor.py:183} INFO - Processing /opt/airflow/dags/success_dag.py took 0.624 seconds
[2024-02-25T18:37:54.657+0000] {processor.py:161} INFO - Started process (PID=9209) to work on /opt/airflow/dags/success_dag.py
[2024-02-25T18:37:54.658+0000] {processor.py:830} INFO - Processing file /opt/airflow/dags/success_dag.py for tasks to queue
[2024-02-25T18:37:54.660+0000] {logging_mixin.py:188} INFO - [2024-02-25T18:37:54.659+0000] {dagbag.py:538} INFO - Filling up the DagBag from /opt/airflow/dags/success_dag.py
[2024-02-25T18:37:55.165+0000] {processor.py:840} INFO - DAG(s) '1Success_dag' retrieved from /opt/airflow/dags/success_dag.py
[2024-02-25T18:37:55.187+0000] {logging_mixin.py:188} INFO - [2024-02-25T18:37:55.186+0000] {dag.py:3036} INFO - Sync 1 DAGs
[2024-02-25T18:37:55.211+0000] {logging_mixin.py:188} INFO - [2024-02-25T18:37:55.210+0000] {dag.py:3823} INFO - Setting next_dagrun for 1Success_dag to 2024-02-25 00:00:00+00:00, run_after=2024-02-26 00:00:00+00:00
[2024-02-25T18:37:55.235+0000] {processor.py:183} INFO - Processing /opt/airflow/dags/success_dag.py took 0.582 seconds
[2024-02-25T18:38:25.490+0000] {processor.py:161} INFO - Started process (PID=9273) to work on /opt/airflow/dags/success_dag.py
[2024-02-25T18:38:25.491+0000] {processor.py:830} INFO - Processing file /opt/airflow/dags/success_dag.py for tasks to queue
[2024-02-25T18:38:25.492+0000] {logging_mixin.py:188} INFO - [2024-02-25T18:38:25.492+0000] {dagbag.py:538} INFO - Filling up the DagBag from /opt/airflow/dags/success_dag.py
[2024-02-25T18:38:25.966+0000] {processor.py:840} INFO - DAG(s) '1Success_dag' retrieved from /opt/airflow/dags/success_dag.py
[2024-02-25T18:38:25.986+0000] {logging_mixin.py:188} INFO - [2024-02-25T18:38:25.986+0000] {dag.py:3036} INFO - Sync 1 DAGs
[2024-02-25T18:38:26.010+0000] {logging_mixin.py:188} INFO - [2024-02-25T18:38:26.009+0000] {dag.py:3823} INFO - Setting next_dagrun for 1Success_dag to 2024-02-25 00:00:00+00:00, run_after=2024-02-26 00:00:00+00:00
[2024-02-25T18:38:26.041+0000] {processor.py:183} INFO - Processing /opt/airflow/dags/success_dag.py took 0.556 seconds
[2024-02-25T18:38:56.349+0000] {processor.py:161} INFO - Started process (PID=9336) to work on /opt/airflow/dags/success_dag.py
[2024-02-25T18:38:56.350+0000] {processor.py:830} INFO - Processing file /opt/airflow/dags/success_dag.py for tasks to queue
[2024-02-25T18:38:56.351+0000] {logging_mixin.py:188} INFO - [2024-02-25T18:38:56.351+0000] {dagbag.py:538} INFO - Filling up the DagBag from /opt/airflow/dags/success_dag.py
[2024-02-25T18:38:56.823+0000] {processor.py:840} INFO - DAG(s) '1Success_dag' retrieved from /opt/airflow/dags/success_dag.py
[2024-02-25T18:38:56.841+0000] {logging_mixin.py:188} INFO - [2024-02-25T18:38:56.840+0000] {dag.py:3036} INFO - Sync 1 DAGs
[2024-02-25T18:38:56.864+0000] {logging_mixin.py:188} INFO - [2024-02-25T18:38:56.863+0000] {dag.py:3823} INFO - Setting next_dagrun for 1Success_dag to 2024-02-25 00:00:00+00:00, run_after=2024-02-26 00:00:00+00:00
[2024-02-25T18:38:56.885+0000] {processor.py:183} INFO - Processing /opt/airflow/dags/success_dag.py took 0.540 seconds
[2024-02-25T18:39:27.167+0000] {processor.py:161} INFO - Started process (PID=9399) to work on /opt/airflow/dags/success_dag.py
[2024-02-25T18:39:27.168+0000] {processor.py:830} INFO - Processing file /opt/airflow/dags/success_dag.py for tasks to queue
[2024-02-25T18:39:27.170+0000] {logging_mixin.py:188} INFO - [2024-02-25T18:39:27.169+0000] {dagbag.py:538} INFO - Filling up the DagBag from /opt/airflow/dags/success_dag.py
[2024-02-25T18:39:27.652+0000] {processor.py:840} INFO - DAG(s) '1Success_dag' retrieved from /opt/airflow/dags/success_dag.py
[2024-02-25T18:39:27.672+0000] {logging_mixin.py:188} INFO - [2024-02-25T18:39:27.671+0000] {dag.py:3036} INFO - Sync 1 DAGs
[2024-02-25T18:39:27.696+0000] {logging_mixin.py:188} INFO - [2024-02-25T18:39:27.695+0000] {dag.py:3823} INFO - Setting next_dagrun for 1Success_dag to 2024-02-25 00:00:00+00:00, run_after=2024-02-26 00:00:00+00:00
[2024-02-25T18:39:27.718+0000] {processor.py:183} INFO - Processing /opt/airflow/dags/success_dag.py took 0.556 seconds
[2024-02-25T18:39:57.918+0000] {processor.py:161} INFO - Started process (PID=9467) to work on /opt/airflow/dags/success_dag.py
[2024-02-25T18:39:57.919+0000] {processor.py:830} INFO - Processing file /opt/airflow/dags/success_dag.py for tasks to queue
[2024-02-25T18:39:57.921+0000] {logging_mixin.py:188} INFO - [2024-02-25T18:39:57.920+0000] {dagbag.py:538} INFO - Filling up the DagBag from /opt/airflow/dags/success_dag.py
[2024-02-25T18:39:58.388+0000] {processor.py:840} INFO - DAG(s) '1Success_dag' retrieved from /opt/airflow/dags/success_dag.py
[2024-02-25T18:39:58.406+0000] {logging_mixin.py:188} INFO - [2024-02-25T18:39:58.405+0000] {dag.py:3036} INFO - Sync 1 DAGs
[2024-02-25T18:39:58.430+0000] {logging_mixin.py:188} INFO - [2024-02-25T18:39:58.429+0000] {dag.py:3823} INFO - Setting next_dagrun for 1Success_dag to 2024-02-25 00:00:00+00:00, run_after=2024-02-26 00:00:00+00:00
[2024-02-25T18:39:58.451+0000] {processor.py:183} INFO - Processing /opt/airflow/dags/success_dag.py took 0.537 seconds
[2024-02-25T18:40:28.616+0000] {processor.py:161} INFO - Started process (PID=9530) to work on /opt/airflow/dags/success_dag.py
[2024-02-25T18:40:28.618+0000] {processor.py:830} INFO - Processing file /opt/airflow/dags/success_dag.py for tasks to queue
[2024-02-25T18:40:28.619+0000] {logging_mixin.py:188} INFO - [2024-02-25T18:40:28.619+0000] {dagbag.py:538} INFO - Filling up the DagBag from /opt/airflow/dags/success_dag.py
[2024-02-25T20:59:40.530+0000] {processor.py:840} INFO - DAG(s) '1Success_dag' retrieved from /opt/airflow/dags/success_dag.py
[2024-02-25T20:59:40.610+0000] {logging_mixin.py:188} INFO - [2024-02-25T20:59:40.609+0000] {dag.py:3036} INFO - Sync 1 DAGs
[2024-02-25T20:59:40.834+0000] {logging_mixin.py:188} INFO - [2024-02-25T20:59:40.833+0000] {dag.py:3823} INFO - Setting next_dagrun for 1Success_dag to 2024-02-25 00:00:00+00:00, run_after=2024-02-26 00:00:00+00:00
[2024-02-25T20:59:41.060+0000] {processor.py:183} INFO - Processing /opt/airflow/dags/success_dag.py took 5.461 seconds
[2024-02-25T21:00:11.979+0000] {processor.py:161} INFO - Started process (PID=9601) to work on /opt/airflow/dags/success_dag.py
[2024-02-25T21:00:11.980+0000] {processor.py:830} INFO - Processing file /opt/airflow/dags/success_dag.py for tasks to queue
[2024-02-25T21:00:11.981+0000] {logging_mixin.py:188} INFO - [2024-02-25T21:00:11.981+0000] {dagbag.py:538} INFO - Filling up the DagBag from /opt/airflow/dags/success_dag.py
[2024-02-25T21:00:12.476+0000] {processor.py:840} INFO - DAG(s) '1Success_dag' retrieved from /opt/airflow/dags/success_dag.py
[2024-02-25T21:00:12.495+0000] {logging_mixin.py:188} INFO - [2024-02-25T21:00:12.494+0000] {dag.py:3036} INFO - Sync 1 DAGs
[2024-02-25T21:00:12.517+0000] {logging_mixin.py:188} INFO - [2024-02-25T21:00:12.516+0000] {dag.py:3823} INFO - Setting next_dagrun for 1Success_dag to 2024-02-25 00:00:00+00:00, run_after=2024-02-26 00:00:00+00:00
[2024-02-25T21:00:12.546+0000] {processor.py:183} INFO - Processing /opt/airflow/dags/success_dag.py took 0.573 seconds
[2024-02-25T21:00:42.941+0000] {processor.py:161} INFO - Started process (PID=9664) to work on /opt/airflow/dags/success_dag.py
[2024-02-25T21:00:42.946+0000] {processor.py:830} INFO - Processing file /opt/airflow/dags/success_dag.py for tasks to queue
[2024-02-25T21:00:42.947+0000] {logging_mixin.py:188} INFO - [2024-02-25T21:00:42.947+0000] {dagbag.py:538} INFO - Filling up the DagBag from /opt/airflow/dags/success_dag.py
[2024-02-25T21:00:43.281+0000] {processor.py:840} INFO - DAG(s) '1Success_dag' retrieved from /opt/airflow/dags/success_dag.py
[2024-02-25T21:00:43.303+0000] {logging_mixin.py:188} INFO - [2024-02-25T21:00:43.303+0000] {dag.py:3036} INFO - Sync 1 DAGs
[2024-02-25T21:00:43.326+0000] {logging_mixin.py:188} INFO - [2024-02-25T21:00:43.326+0000] {dag.py:3823} INFO - Setting next_dagrun for 1Success_dag to 2024-02-25 00:00:00+00:00, run_after=2024-02-26 00:00:00+00:00
[2024-02-25T21:00:43.352+0000] {processor.py:183} INFO - Processing /opt/airflow/dags/success_dag.py took 0.419 seconds
[2024-02-25T21:01:13.664+0000] {processor.py:161} INFO - Started process (PID=9727) to work on /opt/airflow/dags/success_dag.py
[2024-02-25T21:01:13.666+0000] {processor.py:830} INFO - Processing file /opt/airflow/dags/success_dag.py for tasks to queue
[2024-02-25T21:01:13.667+0000] {logging_mixin.py:188} INFO - [2024-02-25T21:01:13.667+0000] {dagbag.py:538} INFO - Filling up the DagBag from /opt/airflow/dags/success_dag.py
[2024-02-25T21:01:14.029+0000] {processor.py:840} INFO - DAG(s) '1Success_dag' retrieved from /opt/airflow/dags/success_dag.py
[2024-02-25T21:01:14.055+0000] {logging_mixin.py:188} INFO - [2024-02-25T21:01:14.055+0000] {dag.py:3036} INFO - Sync 1 DAGs
[2024-02-25T21:01:14.085+0000] {logging_mixin.py:188} INFO - [2024-02-25T21:01:14.085+0000] {dag.py:3823} INFO - Setting next_dagrun for 1Success_dag to 2024-02-25 00:00:00+00:00, run_after=2024-02-26 00:00:00+00:00
[2024-02-25T21:01:14.118+0000] {processor.py:183} INFO - Processing /opt/airflow/dags/success_dag.py took 0.460 seconds
[2024-02-25T21:01:44.217+0000] {processor.py:161} INFO - Started process (PID=9790) to work on /opt/airflow/dags/success_dag.py
[2024-02-25T21:01:44.218+0000] {processor.py:830} INFO - Processing file /opt/airflow/dags/success_dag.py for tasks to queue
[2024-02-25T21:01:44.220+0000] {logging_mixin.py:188} INFO - [2024-02-25T21:01:44.219+0000] {dagbag.py:538} INFO - Filling up the DagBag from /opt/airflow/dags/success_dag.py
[2024-02-25T21:01:44.529+0000] {processor.py:840} INFO - DAG(s) '1Success_dag' retrieved from /opt/airflow/dags/success_dag.py
[2024-02-25T21:01:44.550+0000] {logging_mixin.py:188} INFO - [2024-02-25T21:01:44.550+0000] {dag.py:3036} INFO - Sync 1 DAGs
[2024-02-25T21:01:44.577+0000] {logging_mixin.py:188} INFO - [2024-02-25T21:01:44.576+0000] {dag.py:3823} INFO - Setting next_dagrun for 1Success_dag to 2024-02-25 00:00:00+00:00, run_after=2024-02-26 00:00:00+00:00
[2024-02-25T21:01:44.599+0000] {processor.py:183} INFO - Processing /opt/airflow/dags/success_dag.py took 0.387 seconds
[2024-02-25T21:02:14.807+0000] {processor.py:161} INFO - Started process (PID=9853) to work on /opt/airflow/dags/success_dag.py
[2024-02-25T21:02:14.808+0000] {processor.py:830} INFO - Processing file /opt/airflow/dags/success_dag.py for tasks to queue
[2024-02-25T21:02:14.810+0000] {logging_mixin.py:188} INFO - [2024-02-25T21:02:14.809+0000] {dagbag.py:538} INFO - Filling up the DagBag from /opt/airflow/dags/success_dag.py
[2024-02-25T21:02:15.137+0000] {processor.py:840} INFO - DAG(s) '1Success_dag' retrieved from /opt/airflow/dags/success_dag.py
[2024-02-25T21:02:15.157+0000] {logging_mixin.py:188} INFO - [2024-02-25T21:02:15.157+0000] {dag.py:3036} INFO - Sync 1 DAGs
[2024-02-25T21:02:15.182+0000] {logging_mixin.py:188} INFO - [2024-02-25T21:02:15.181+0000] {dag.py:3823} INFO - Setting next_dagrun for 1Success_dag to 2024-02-25 00:00:00+00:00, run_after=2024-02-26 00:00:00+00:00
[2024-02-25T21:02:15.203+0000] {processor.py:183} INFO - Processing /opt/airflow/dags/success_dag.py took 0.403 seconds
[2024-02-25T21:02:45.548+0000] {processor.py:161} INFO - Started process (PID=9916) to work on /opt/airflow/dags/success_dag.py
[2024-02-25T21:02:45.549+0000] {processor.py:830} INFO - Processing file /opt/airflow/dags/success_dag.py for tasks to queue
[2024-02-25T21:02:45.550+0000] {logging_mixin.py:188} INFO - [2024-02-25T21:02:45.550+0000] {dagbag.py:538} INFO - Filling up the DagBag from /opt/airflow/dags/success_dag.py
[2024-02-25T21:02:45.891+0000] {processor.py:840} INFO - DAG(s) '1Success_dag' retrieved from /opt/airflow/dags/success_dag.py
[2024-02-25T21:02:45.914+0000] {logging_mixin.py:188} INFO - [2024-02-25T21:02:45.913+0000] {dag.py:3036} INFO - Sync 1 DAGs
[2024-02-25T21:02:45.941+0000] {logging_mixin.py:188} INFO - [2024-02-25T21:02:45.941+0000] {dag.py:3823} INFO - Setting next_dagrun for 1Success_dag to 2024-02-25 00:00:00+00:00, run_after=2024-02-26 00:00:00+00:00
[2024-02-25T21:02:45.967+0000] {processor.py:183} INFO - Processing /opt/airflow/dags/success_dag.py took 0.424 seconds
[2024-02-25T21:03:16.186+0000] {processor.py:161} INFO - Started process (PID=9979) to work on /opt/airflow/dags/success_dag.py
[2024-02-25T21:03:16.188+0000] {processor.py:830} INFO - Processing file /opt/airflow/dags/success_dag.py for tasks to queue
[2024-02-25T21:03:16.189+0000] {logging_mixin.py:188} INFO - [2024-02-25T21:03:16.189+0000] {dagbag.py:538} INFO - Filling up the DagBag from /opt/airflow/dags/success_dag.py
[2024-02-25T21:03:16.501+0000] {processor.py:840} INFO - DAG(s) '1Success_dag' retrieved from /opt/airflow/dags/success_dag.py
[2024-02-25T21:03:16.523+0000] {logging_mixin.py:188} INFO - [2024-02-25T21:03:16.522+0000] {dag.py:3036} INFO - Sync 1 DAGs
[2024-02-25T21:03:16.546+0000] {logging_mixin.py:188} INFO - [2024-02-25T21:03:16.546+0000] {dag.py:3823} INFO - Setting next_dagrun for 1Success_dag to 2024-02-25 00:00:00+00:00, run_after=2024-02-26 00:00:00+00:00
[2024-02-25T21:03:16.570+0000] {processor.py:183} INFO - Processing /opt/airflow/dags/success_dag.py took 0.388 seconds
[2024-02-25T21:03:46.745+0000] {processor.py:161} INFO - Started process (PID=10042) to work on /opt/airflow/dags/success_dag.py
[2024-02-25T21:03:46.747+0000] {processor.py:830} INFO - Processing file /opt/airflow/dags/success_dag.py for tasks to queue
[2024-02-25T21:03:46.748+0000] {logging_mixin.py:188} INFO - [2024-02-25T21:03:46.748+0000] {dagbag.py:538} INFO - Filling up the DagBag from /opt/airflow/dags/success_dag.py
[2024-02-25T21:03:47.053+0000] {processor.py:840} INFO - DAG(s) '1Success_dag' retrieved from /opt/airflow/dags/success_dag.py
[2024-02-25T21:03:47.074+0000] {logging_mixin.py:188} INFO - [2024-02-25T21:03:47.073+0000] {dag.py:3036} INFO - Sync 1 DAGs
[2024-02-25T21:03:47.097+0000] {logging_mixin.py:188} INFO - [2024-02-25T21:03:47.096+0000] {dag.py:3823} INFO - Setting next_dagrun for 1Success_dag to 2024-02-25 00:00:00+00:00, run_after=2024-02-26 00:00:00+00:00
[2024-02-25T21:03:47.119+0000] {processor.py:183} INFO - Processing /opt/airflow/dags/success_dag.py took 0.378 seconds
[2024-02-25T21:04:17.262+0000] {processor.py:161} INFO - Started process (PID=10105) to work on /opt/airflow/dags/success_dag.py
[2024-02-25T21:04:17.264+0000] {processor.py:830} INFO - Processing file /opt/airflow/dags/success_dag.py for tasks to queue
[2024-02-25T21:04:17.265+0000] {logging_mixin.py:188} INFO - [2024-02-25T21:04:17.264+0000] {dagbag.py:538} INFO - Filling up the DagBag from /opt/airflow/dags/success_dag.py
[2024-02-25T21:04:17.589+0000] {processor.py:840} INFO - DAG(s) '1Success_dag' retrieved from /opt/airflow/dags/success_dag.py
[2024-02-25T21:04:17.610+0000] {logging_mixin.py:188} INFO - [2024-02-25T21:04:17.609+0000] {dag.py:3036} INFO - Sync 1 DAGs
[2024-02-25T21:04:17.634+0000] {logging_mixin.py:188} INFO - [2024-02-25T21:04:17.634+0000] {dag.py:3823} INFO - Setting next_dagrun for 1Success_dag to 2024-02-25 00:00:00+00:00, run_after=2024-02-26 00:00:00+00:00
[2024-02-25T21:04:17.663+0000] {processor.py:183} INFO - Processing /opt/airflow/dags/success_dag.py took 0.405 seconds
[2024-02-25T21:04:47.904+0000] {processor.py:161} INFO - Started process (PID=10168) to work on /opt/airflow/dags/success_dag.py
[2024-02-25T21:04:47.906+0000] {processor.py:830} INFO - Processing file /opt/airflow/dags/success_dag.py for tasks to queue
[2024-02-25T21:04:47.907+0000] {logging_mixin.py:188} INFO - [2024-02-25T21:04:47.907+0000] {dagbag.py:538} INFO - Filling up the DagBag from /opt/airflow/dags/success_dag.py
[2024-02-25T21:04:48.214+0000] {processor.py:840} INFO - DAG(s) '1Success_dag' retrieved from /opt/airflow/dags/success_dag.py
[2024-02-25T21:04:48.235+0000] {logging_mixin.py:188} INFO - [2024-02-25T21:04:48.235+0000] {dag.py:3036} INFO - Sync 1 DAGs
[2024-02-25T21:04:48.260+0000] {logging_mixin.py:188} INFO - [2024-02-25T21:04:48.260+0000] {dag.py:3823} INFO - Setting next_dagrun for 1Success_dag to 2024-02-25 00:00:00+00:00, run_after=2024-02-26 00:00:00+00:00
[2024-02-25T21:04:48.288+0000] {processor.py:183} INFO - Processing /opt/airflow/dags/success_dag.py took 0.389 seconds
