[2024-02-25T00:03:52.290+0000] {processor.py:161} INFO - Started process (PID=5859) to work on /opt/airflow/dags/trigger_dag.py
[2024-02-25T00:03:52.303+0000] {processor.py:830} INFO - Processing file /opt/airflow/dags/trigger_dag.py for tasks to queue
[2024-02-25T00:03:52.320+0000] {logging_mixin.py:188} INFO - [2024-02-25T00:03:52.320+0000] {dagbag.py:538} INFO - Filling up the DagBag from /opt/airflow/dags/trigger_dag.py
[2024-02-25T00:03:54.072+0000] {processor.py:840} INFO - DAG(s) '1Trigger_dag' retrieved from /opt/airflow/dags/trigger_dag.py
[2024-02-25T00:03:54.605+0000] {logging_mixin.py:188} INFO - [2024-02-25T00:03:54.604+0000] {dag.py:3036} INFO - Sync 1 DAGs
[2024-02-25T00:03:54.782+0000] {logging_mixin.py:188} INFO - [2024-02-25T00:03:54.782+0000] {dag.py:3823} INFO - Setting next_dagrun for 1Trigger_dag to 2024-02-25 00:01:00+00:00, run_after=2024-02-25 00:21:00+00:00
[2024-02-25T00:03:54.910+0000] {processor.py:183} INFO - Processing /opt/airflow/dags/trigger_dag.py took 2.615 seconds
[2024-02-25T00:04:25.419+0000] {processor.py:161} INFO - Started process (PID=5926) to work on /opt/airflow/dags/trigger_dag.py
[2024-02-25T00:04:25.421+0000] {processor.py:830} INFO - Processing file /opt/airflow/dags/trigger_dag.py for tasks to queue
[2024-02-25T00:04:25.422+0000] {logging_mixin.py:188} INFO - [2024-02-25T00:04:25.422+0000] {dagbag.py:538} INFO - Filling up the DagBag from /opt/airflow/dags/trigger_dag.py
[2024-02-25T00:04:25.754+0000] {processor.py:840} INFO - DAG(s) '1Trigger_dag' retrieved from /opt/airflow/dags/trigger_dag.py
[2024-02-25T00:04:25.777+0000] {logging_mixin.py:188} INFO - [2024-02-25T00:04:25.776+0000] {dag.py:3036} INFO - Sync 1 DAGs
[2024-02-25T00:04:25.807+0000] {logging_mixin.py:188} INFO - [2024-02-25T00:04:25.807+0000] {dag.py:3823} INFO - Setting next_dagrun for 1Trigger_dag to 2024-02-25 00:01:00+00:00, run_after=2024-02-25 00:21:00+00:00
[2024-02-25T00:04:25.833+0000] {processor.py:183} INFO - Processing /opt/airflow/dags/trigger_dag.py took 0.418 seconds
[2024-02-25T00:04:56.608+0000] {processor.py:161} INFO - Started process (PID=5989) to work on /opt/airflow/dags/trigger_dag.py
[2024-02-25T00:04:56.609+0000] {processor.py:830} INFO - Processing file /opt/airflow/dags/trigger_dag.py for tasks to queue
[2024-02-25T00:04:56.611+0000] {logging_mixin.py:188} INFO - [2024-02-25T00:04:56.610+0000] {dagbag.py:538} INFO - Filling up the DagBag from /opt/airflow/dags/trigger_dag.py
[2024-02-25T00:04:56.915+0000] {processor.py:840} INFO - DAG(s) '1Trigger_dag' retrieved from /opt/airflow/dags/trigger_dag.py
[2024-02-25T00:04:56.936+0000] {logging_mixin.py:188} INFO - [2024-02-25T00:04:56.936+0000] {dag.py:3036} INFO - Sync 1 DAGs
[2024-02-25T00:04:56.961+0000] {logging_mixin.py:188} INFO - [2024-02-25T00:04:56.961+0000] {dag.py:3823} INFO - Setting next_dagrun for 1Trigger_dag to 2024-02-25 00:01:00+00:00, run_after=2024-02-25 00:21:00+00:00
[2024-02-25T00:04:56.993+0000] {processor.py:183} INFO - Processing /opt/airflow/dags/trigger_dag.py took 0.390 seconds
[2024-02-25T00:05:27.183+0000] {processor.py:161} INFO - Started process (PID=6053) to work on /opt/airflow/dags/trigger_dag.py
[2024-02-25T00:05:27.185+0000] {processor.py:830} INFO - Processing file /opt/airflow/dags/trigger_dag.py for tasks to queue
[2024-02-25T00:05:27.186+0000] {logging_mixin.py:188} INFO - [2024-02-25T00:05:27.185+0000] {dagbag.py:538} INFO - Filling up the DagBag from /opt/airflow/dags/trigger_dag.py
[2024-02-25T00:05:27.482+0000] {processor.py:840} INFO - DAG(s) '1Trigger_dag' retrieved from /opt/airflow/dags/trigger_dag.py
[2024-02-25T00:05:27.505+0000] {logging_mixin.py:188} INFO - [2024-02-25T00:05:27.504+0000] {dag.py:3036} INFO - Sync 1 DAGs
[2024-02-25T00:05:27.532+0000] {logging_mixin.py:188} INFO - [2024-02-25T00:05:27.531+0000] {dag.py:3823} INFO - Setting next_dagrun for 1Trigger_dag to 2024-02-25 00:01:00+00:00, run_after=2024-02-25 00:21:00+00:00
[2024-02-25T00:05:27.554+0000] {processor.py:183} INFO - Processing /opt/airflow/dags/trigger_dag.py took 0.375 seconds
[2024-02-25T00:05:57.999+0000] {processor.py:161} INFO - Started process (PID=6116) to work on /opt/airflow/dags/trigger_dag.py
[2024-02-25T00:05:58.001+0000] {processor.py:830} INFO - Processing file /opt/airflow/dags/trigger_dag.py for tasks to queue
[2024-02-25T00:05:58.002+0000] {logging_mixin.py:188} INFO - [2024-02-25T00:05:58.002+0000] {dagbag.py:538} INFO - Filling up the DagBag from /opt/airflow/dags/trigger_dag.py
[2024-02-25T00:05:58.311+0000] {processor.py:840} INFO - DAG(s) '1Trigger_dag' retrieved from /opt/airflow/dags/trigger_dag.py
[2024-02-25T00:05:58.333+0000] {logging_mixin.py:188} INFO - [2024-02-25T00:05:58.332+0000] {dag.py:3036} INFO - Sync 1 DAGs
[2024-02-25T00:05:58.361+0000] {logging_mixin.py:188} INFO - [2024-02-25T00:05:58.361+0000] {dag.py:3823} INFO - Setting next_dagrun for 1Trigger_dag to 2024-02-25 00:01:00+00:00, run_after=2024-02-25 00:21:00+00:00
[2024-02-25T00:05:58.385+0000] {processor.py:183} INFO - Processing /opt/airflow/dags/trigger_dag.py took 0.391 seconds
[2024-02-25T00:06:28.805+0000] {processor.py:161} INFO - Started process (PID=6180) to work on /opt/airflow/dags/trigger_dag.py
[2024-02-25T00:06:28.807+0000] {processor.py:830} INFO - Processing file /opt/airflow/dags/trigger_dag.py for tasks to queue
[2024-02-25T00:06:28.808+0000] {logging_mixin.py:188} INFO - [2024-02-25T00:06:28.808+0000] {dagbag.py:538} INFO - Filling up the DagBag from /opt/airflow/dags/trigger_dag.py
[2024-02-25T00:06:29.117+0000] {processor.py:840} INFO - DAG(s) '1Trigger_dag' retrieved from /opt/airflow/dags/trigger_dag.py
[2024-02-25T00:06:29.139+0000] {logging_mixin.py:188} INFO - [2024-02-25T00:06:29.138+0000] {dag.py:3036} INFO - Sync 1 DAGs
[2024-02-25T00:06:29.166+0000] {logging_mixin.py:188} INFO - [2024-02-25T00:06:29.165+0000] {dag.py:3823} INFO - Setting next_dagrun for 1Trigger_dag to 2024-02-25 00:01:00+00:00, run_after=2024-02-25 00:21:00+00:00
[2024-02-25T00:06:29.189+0000] {processor.py:183} INFO - Processing /opt/airflow/dags/trigger_dag.py took 0.389 seconds
[2024-02-25T00:06:59.460+0000] {processor.py:161} INFO - Started process (PID=6243) to work on /opt/airflow/dags/trigger_dag.py
[2024-02-25T00:06:59.461+0000] {processor.py:830} INFO - Processing file /opt/airflow/dags/trigger_dag.py for tasks to queue
[2024-02-25T00:06:59.463+0000] {logging_mixin.py:188} INFO - [2024-02-25T00:06:59.462+0000] {dagbag.py:538} INFO - Filling up the DagBag from /opt/airflow/dags/trigger_dag.py
[2024-02-25T00:06:59.787+0000] {processor.py:840} INFO - DAG(s) '1Trigger_dag' retrieved from /opt/airflow/dags/trigger_dag.py
[2024-02-25T00:06:59.807+0000] {logging_mixin.py:188} INFO - [2024-02-25T00:06:59.807+0000] {dag.py:3036} INFO - Sync 1 DAGs
[2024-02-25T00:06:59.834+0000] {logging_mixin.py:188} INFO - [2024-02-25T00:06:59.834+0000] {dag.py:3823} INFO - Setting next_dagrun for 1Trigger_dag to 2024-02-25 00:01:00+00:00, run_after=2024-02-25 00:21:00+00:00
[2024-02-25T00:06:59.864+0000] {processor.py:183} INFO - Processing /opt/airflow/dags/trigger_dag.py took 0.408 seconds
[2024-02-25T00:07:30.406+0000] {processor.py:161} INFO - Started process (PID=6306) to work on /opt/airflow/dags/trigger_dag.py
[2024-02-25T00:07:30.408+0000] {processor.py:830} INFO - Processing file /opt/airflow/dags/trigger_dag.py for tasks to queue
[2024-02-25T00:07:30.409+0000] {logging_mixin.py:188} INFO - [2024-02-25T00:07:30.409+0000] {dagbag.py:538} INFO - Filling up the DagBag from /opt/airflow/dags/trigger_dag.py
[2024-02-25T00:07:30.718+0000] {processor.py:840} INFO - DAG(s) '1Trigger_dag' retrieved from /opt/airflow/dags/trigger_dag.py
[2024-02-25T00:07:30.742+0000] {logging_mixin.py:188} INFO - [2024-02-25T00:07:30.741+0000] {dag.py:3036} INFO - Sync 1 DAGs
[2024-02-25T00:07:30.769+0000] {logging_mixin.py:188} INFO - [2024-02-25T00:07:30.769+0000] {dag.py:3823} INFO - Setting next_dagrun for 1Trigger_dag to 2024-02-25 00:01:00+00:00, run_after=2024-02-25 00:21:00+00:00
[2024-02-25T00:07:30.793+0000] {processor.py:183} INFO - Processing /opt/airflow/dags/trigger_dag.py took 0.393 seconds
[2024-02-25T00:08:01.203+0000] {processor.py:161} INFO - Started process (PID=6369) to work on /opt/airflow/dags/trigger_dag.py
[2024-02-25T00:08:01.205+0000] {processor.py:830} INFO - Processing file /opt/airflow/dags/trigger_dag.py for tasks to queue
[2024-02-25T00:08:01.206+0000] {logging_mixin.py:188} INFO - [2024-02-25T00:08:01.206+0000] {dagbag.py:538} INFO - Filling up the DagBag from /opt/airflow/dags/trigger_dag.py
[2024-02-25T00:08:01.511+0000] {processor.py:840} INFO - DAG(s) '1Trigger_dag' retrieved from /opt/airflow/dags/trigger_dag.py
[2024-02-25T00:08:01.532+0000] {logging_mixin.py:188} INFO - [2024-02-25T00:08:01.531+0000] {dag.py:3036} INFO - Sync 1 DAGs
[2024-02-25T00:08:01.558+0000] {logging_mixin.py:188} INFO - [2024-02-25T00:08:01.558+0000] {dag.py:3823} INFO - Setting next_dagrun for 1Trigger_dag to 2024-02-25 00:01:00+00:00, run_after=2024-02-25 00:21:00+00:00
[2024-02-25T00:08:01.582+0000] {processor.py:183} INFO - Processing /opt/airflow/dags/trigger_dag.py took 0.384 seconds
[2024-02-25T00:08:31.684+0000] {processor.py:161} INFO - Started process (PID=6432) to work on /opt/airflow/dags/trigger_dag.py
[2024-02-25T00:08:31.686+0000] {processor.py:830} INFO - Processing file /opt/airflow/dags/trigger_dag.py for tasks to queue
[2024-02-25T00:08:31.687+0000] {logging_mixin.py:188} INFO - [2024-02-25T00:08:31.687+0000] {dagbag.py:538} INFO - Filling up the DagBag from /opt/airflow/dags/trigger_dag.py
[2024-02-25T00:08:32.030+0000] {processor.py:840} INFO - DAG(s) '1Trigger_dag' retrieved from /opt/airflow/dags/trigger_dag.py
[2024-02-25T00:08:32.056+0000] {logging_mixin.py:188} INFO - [2024-02-25T00:08:32.055+0000] {dag.py:3036} INFO - Sync 1 DAGs
[2024-02-25T00:08:32.097+0000] {logging_mixin.py:188} INFO - [2024-02-25T00:08:32.097+0000] {dag.py:3823} INFO - Setting next_dagrun for 1Trigger_dag to 2024-02-25 00:01:00+00:00, run_after=2024-02-25 00:21:00+00:00
[2024-02-25T00:08:32.132+0000] {processor.py:183} INFO - Processing /opt/airflow/dags/trigger_dag.py took 0.453 seconds
[2024-02-25T00:09:02.972+0000] {processor.py:161} INFO - Started process (PID=6495) to work on /opt/airflow/dags/trigger_dag.py
[2024-02-25T00:09:02.973+0000] {processor.py:830} INFO - Processing file /opt/airflow/dags/trigger_dag.py for tasks to queue
[2024-02-25T00:09:02.975+0000] {logging_mixin.py:188} INFO - [2024-02-25T00:09:02.974+0000] {dagbag.py:538} INFO - Filling up the DagBag from /opt/airflow/dags/trigger_dag.py
[2024-02-25T00:09:03.308+0000] {processor.py:840} INFO - DAG(s) '1Trigger_dag' retrieved from /opt/airflow/dags/trigger_dag.py
[2024-02-25T00:09:03.332+0000] {logging_mixin.py:188} INFO - [2024-02-25T00:09:03.331+0000] {dag.py:3036} INFO - Sync 1 DAGs
[2024-02-25T00:09:03.359+0000] {logging_mixin.py:188} INFO - [2024-02-25T00:09:03.359+0000] {dag.py:3823} INFO - Setting next_dagrun for 1Trigger_dag to 2024-02-25 00:01:00+00:00, run_after=2024-02-25 00:21:00+00:00
[2024-02-25T00:09:03.384+0000] {processor.py:183} INFO - Processing /opt/airflow/dags/trigger_dag.py took 0.417 seconds
[2024-02-25T18:16:12.173+0000] {processor.py:161} INFO - Started process (PID=6558) to work on /opt/airflow/dags/trigger_dag.py
[2024-02-25T18:16:12.270+0000] {processor.py:830} INFO - Processing file /opt/airflow/dags/trigger_dag.py for tasks to queue
[2024-02-25T18:16:12.284+0000] {logging_mixin.py:188} INFO - [2024-02-25T18:16:12.284+0000] {dagbag.py:538} INFO - Filling up the DagBag from /opt/airflow/dags/trigger_dag.py
[2024-02-25T18:16:15.171+0000] {processor.py:840} INFO - DAG(s) '1Trigger_dag' retrieved from /opt/airflow/dags/trigger_dag.py
[2024-02-25T18:16:15.334+0000] {logging_mixin.py:188} INFO - [2024-02-25T18:16:15.333+0000] {dag.py:3036} INFO - Sync 1 DAGs
[2024-02-25T18:16:15.593+0000] {logging_mixin.py:188} INFO - [2024-02-25T18:16:15.581+0000] {dag.py:3823} INFO - Setting next_dagrun for 1Trigger_dag to 2024-02-25 18:01:00+00:00, run_after=2024-02-25 18:21:00+00:00
[2024-02-25T18:16:15.746+0000] {processor.py:183} INFO - Processing /opt/airflow/dags/trigger_dag.py took 3.578 seconds
[2024-02-25T18:16:46.090+0000] {processor.py:161} INFO - Started process (PID=6621) to work on /opt/airflow/dags/trigger_dag.py
[2024-02-25T18:16:46.092+0000] {processor.py:830} INFO - Processing file /opt/airflow/dags/trigger_dag.py for tasks to queue
[2024-02-25T18:16:46.093+0000] {logging_mixin.py:188} INFO - [2024-02-25T18:16:46.093+0000] {dagbag.py:538} INFO - Filling up the DagBag from /opt/airflow/dags/trigger_dag.py
[2024-02-25T18:16:46.430+0000] {processor.py:840} INFO - DAG(s) '1Trigger_dag' retrieved from /opt/airflow/dags/trigger_dag.py
[2024-02-25T18:16:46.454+0000] {logging_mixin.py:188} INFO - [2024-02-25T18:16:46.453+0000] {dag.py:3036} INFO - Sync 1 DAGs
[2024-02-25T18:16:46.482+0000] {logging_mixin.py:188} INFO - [2024-02-25T18:16:46.482+0000] {dag.py:3823} INFO - Setting next_dagrun for 1Trigger_dag to 2024-02-25 18:01:00+00:00, run_after=2024-02-25 18:21:00+00:00
[2024-02-25T18:16:46.506+0000] {processor.py:183} INFO - Processing /opt/airflow/dags/trigger_dag.py took 0.421 seconds
[2024-02-25T18:17:16.734+0000] {processor.py:161} INFO - Started process (PID=6684) to work on /opt/airflow/dags/trigger_dag.py
[2024-02-25T18:17:16.735+0000] {processor.py:830} INFO - Processing file /opt/airflow/dags/trigger_dag.py for tasks to queue
[2024-02-25T18:17:16.737+0000] {logging_mixin.py:188} INFO - [2024-02-25T18:17:16.736+0000] {dagbag.py:538} INFO - Filling up the DagBag from /opt/airflow/dags/trigger_dag.py
[2024-02-25T18:17:17.041+0000] {processor.py:840} INFO - DAG(s) '1Trigger_dag' retrieved from /opt/airflow/dags/trigger_dag.py
[2024-02-25T18:17:17.063+0000] {logging_mixin.py:188} INFO - [2024-02-25T18:17:17.063+0000] {dag.py:3036} INFO - Sync 1 DAGs
[2024-02-25T18:17:17.097+0000] {logging_mixin.py:188} INFO - [2024-02-25T18:17:17.097+0000] {dag.py:3823} INFO - Setting next_dagrun for 1Trigger_dag to 2024-02-25 18:01:00+00:00, run_after=2024-02-25 18:21:00+00:00
[2024-02-25T18:17:17.134+0000] {processor.py:183} INFO - Processing /opt/airflow/dags/trigger_dag.py took 0.404 seconds
[2024-02-25T18:17:47.565+0000] {processor.py:161} INFO - Started process (PID=6747) to work on /opt/airflow/dags/trigger_dag.py
[2024-02-25T18:17:47.566+0000] {processor.py:830} INFO - Processing file /opt/airflow/dags/trigger_dag.py for tasks to queue
[2024-02-25T18:17:47.568+0000] {logging_mixin.py:188} INFO - [2024-02-25T18:17:47.567+0000] {dagbag.py:538} INFO - Filling up the DagBag from /opt/airflow/dags/trigger_dag.py
[2024-02-25T18:17:47.937+0000] {processor.py:840} INFO - DAG(s) '1Trigger_dag' retrieved from /opt/airflow/dags/trigger_dag.py
[2024-02-25T18:17:47.965+0000] {logging_mixin.py:188} INFO - [2024-02-25T18:17:47.965+0000] {dag.py:3036} INFO - Sync 1 DAGs
[2024-02-25T18:17:48.002+0000] {logging_mixin.py:188} INFO - [2024-02-25T18:17:48.001+0000] {dag.py:3823} INFO - Setting next_dagrun for 1Trigger_dag to 2024-02-25 18:01:00+00:00, run_after=2024-02-25 18:21:00+00:00
[2024-02-25T18:17:48.029+0000] {processor.py:183} INFO - Processing /opt/airflow/dags/trigger_dag.py took 0.468 seconds
[2024-02-25T18:18:18.392+0000] {processor.py:161} INFO - Started process (PID=6810) to work on /opt/airflow/dags/trigger_dag.py
[2024-02-25T18:18:18.393+0000] {processor.py:830} INFO - Processing file /opt/airflow/dags/trigger_dag.py for tasks to queue
[2024-02-25T18:18:18.395+0000] {logging_mixin.py:188} INFO - [2024-02-25T18:18:18.394+0000] {dagbag.py:538} INFO - Filling up the DagBag from /opt/airflow/dags/trigger_dag.py
[2024-02-25T18:18:18.700+0000] {processor.py:840} INFO - DAG(s) '1Trigger_dag' retrieved from /opt/airflow/dags/trigger_dag.py
[2024-02-25T18:18:18.720+0000] {logging_mixin.py:188} INFO - [2024-02-25T18:18:18.719+0000] {dag.py:3036} INFO - Sync 1 DAGs
[2024-02-25T18:18:18.746+0000] {logging_mixin.py:188} INFO - [2024-02-25T18:18:18.745+0000] {dag.py:3823} INFO - Setting next_dagrun for 1Trigger_dag to 2024-02-25 18:01:00+00:00, run_after=2024-02-25 18:21:00+00:00
[2024-02-25T18:18:18.781+0000] {processor.py:183} INFO - Processing /opt/airflow/dags/trigger_dag.py took 0.394 seconds
[2024-02-25T18:18:49.213+0000] {processor.py:161} INFO - Started process (PID=6874) to work on /opt/airflow/dags/trigger_dag.py
[2024-02-25T18:18:49.215+0000] {processor.py:830} INFO - Processing file /opt/airflow/dags/trigger_dag.py for tasks to queue
[2024-02-25T18:18:49.216+0000] {logging_mixin.py:188} INFO - [2024-02-25T18:18:49.216+0000] {dagbag.py:538} INFO - Filling up the DagBag from /opt/airflow/dags/trigger_dag.py
[2024-02-25T18:18:49.544+0000] {processor.py:840} INFO - DAG(s) '1Trigger_dag' retrieved from /opt/airflow/dags/trigger_dag.py
[2024-02-25T18:18:49.566+0000] {logging_mixin.py:188} INFO - [2024-02-25T18:18:49.566+0000] {dag.py:3036} INFO - Sync 1 DAGs
[2024-02-25T18:18:49.594+0000] {logging_mixin.py:188} INFO - [2024-02-25T18:18:49.594+0000] {dag.py:3823} INFO - Setting next_dagrun for 1Trigger_dag to 2024-02-25 18:01:00+00:00, run_after=2024-02-25 18:21:00+00:00
[2024-02-25T18:18:49.624+0000] {processor.py:183} INFO - Processing /opt/airflow/dags/trigger_dag.py took 0.414 seconds
[2024-02-25T18:19:20.168+0000] {processor.py:161} INFO - Started process (PID=6937) to work on /opt/airflow/dags/trigger_dag.py
[2024-02-25T18:19:20.171+0000] {processor.py:830} INFO - Processing file /opt/airflow/dags/trigger_dag.py for tasks to queue
[2024-02-25T18:19:20.172+0000] {logging_mixin.py:188} INFO - [2024-02-25T18:19:20.172+0000] {dagbag.py:538} INFO - Filling up the DagBag from /opt/airflow/dags/trigger_dag.py
[2024-02-25T18:19:20.551+0000] {processor.py:840} INFO - DAG(s) '1Trigger_dag' retrieved from /opt/airflow/dags/trigger_dag.py
[2024-02-25T18:19:20.608+0000] {logging_mixin.py:188} INFO - [2024-02-25T18:19:20.608+0000] {dag.py:3036} INFO - Sync 1 DAGs
[2024-02-25T18:19:20.675+0000] {logging_mixin.py:188} INFO - [2024-02-25T18:19:20.674+0000] {dag.py:3823} INFO - Setting next_dagrun for 1Trigger_dag to 2024-02-25 18:01:00+00:00, run_after=2024-02-25 18:21:00+00:00
[2024-02-25T18:19:20.714+0000] {processor.py:183} INFO - Processing /opt/airflow/dags/trigger_dag.py took 0.551 seconds
[2024-02-25T18:19:51.244+0000] {processor.py:161} INFO - Started process (PID=6999) to work on /opt/airflow/dags/trigger_dag.py
[2024-02-25T18:19:51.245+0000] {processor.py:830} INFO - Processing file /opt/airflow/dags/trigger_dag.py for tasks to queue
[2024-02-25T18:19:51.246+0000] {logging_mixin.py:188} INFO - [2024-02-25T18:19:51.246+0000] {dagbag.py:538} INFO - Filling up the DagBag from /opt/airflow/dags/trigger_dag.py
[2024-02-25T18:19:51.747+0000] {processor.py:840} INFO - DAG(s) '1Trigger_dag' retrieved from /opt/airflow/dags/trigger_dag.py
[2024-02-25T18:19:51.769+0000] {logging_mixin.py:188} INFO - [2024-02-25T18:19:51.768+0000] {dag.py:3036} INFO - Sync 1 DAGs
[2024-02-25T18:19:51.793+0000] {logging_mixin.py:188} INFO - [2024-02-25T18:19:51.793+0000] {dag.py:3823} INFO - Setting next_dagrun for 1Trigger_dag to 2024-02-25 18:01:00+00:00, run_after=2024-02-25 18:21:00+00:00
[2024-02-25T18:19:51.823+0000] {processor.py:183} INFO - Processing /opt/airflow/dags/trigger_dag.py took 0.583 seconds
[2024-02-25T18:20:22.185+0000] {processor.py:161} INFO - Started process (PID=7062) to work on /opt/airflow/dags/trigger_dag.py
[2024-02-25T18:20:22.186+0000] {processor.py:830} INFO - Processing file /opt/airflow/dags/trigger_dag.py for tasks to queue
[2024-02-25T18:20:22.188+0000] {logging_mixin.py:188} INFO - [2024-02-25T18:20:22.187+0000] {dagbag.py:538} INFO - Filling up the DagBag from /opt/airflow/dags/trigger_dag.py
[2024-02-25T18:20:22.683+0000] {processor.py:840} INFO - DAG(s) '1Trigger_dag' retrieved from /opt/airflow/dags/trigger_dag.py
[2024-02-25T18:20:22.702+0000] {logging_mixin.py:188} INFO - [2024-02-25T18:20:22.701+0000] {dag.py:3036} INFO - Sync 1 DAGs
[2024-02-25T18:20:22.727+0000] {logging_mixin.py:188} INFO - [2024-02-25T18:20:22.727+0000] {dag.py:3823} INFO - Setting next_dagrun for 1Trigger_dag to 2024-02-25 18:01:00+00:00, run_after=2024-02-25 18:21:00+00:00
[2024-02-25T18:20:22.752+0000] {processor.py:183} INFO - Processing /opt/airflow/dags/trigger_dag.py took 0.571 seconds
[2024-02-25T18:20:53.127+0000] {processor.py:161} INFO - Started process (PID=7125) to work on /opt/airflow/dags/trigger_dag.py
[2024-02-25T18:20:53.129+0000] {processor.py:830} INFO - Processing file /opt/airflow/dags/trigger_dag.py for tasks to queue
[2024-02-25T18:20:53.130+0000] {logging_mixin.py:188} INFO - [2024-02-25T18:20:53.130+0000] {dagbag.py:538} INFO - Filling up the DagBag from /opt/airflow/dags/trigger_dag.py
[2024-02-25T18:20:53.620+0000] {processor.py:840} INFO - DAG(s) '1Trigger_dag' retrieved from /opt/airflow/dags/trigger_dag.py
[2024-02-25T18:20:53.640+0000] {logging_mixin.py:188} INFO - [2024-02-25T18:20:53.639+0000] {dag.py:3036} INFO - Sync 1 DAGs
[2024-02-25T18:20:53.665+0000] {logging_mixin.py:188} INFO - [2024-02-25T18:20:53.665+0000] {dag.py:3823} INFO - Setting next_dagrun for 1Trigger_dag to 2024-02-25 18:01:00+00:00, run_after=2024-02-25 18:21:00+00:00
[2024-02-25T18:20:53.688+0000] {processor.py:183} INFO - Processing /opt/airflow/dags/trigger_dag.py took 0.566 seconds
[2024-02-25T18:21:23.811+0000] {processor.py:161} INFO - Started process (PID=7188) to work on /opt/airflow/dags/trigger_dag.py
[2024-02-25T18:21:23.812+0000] {processor.py:830} INFO - Processing file /opt/airflow/dags/trigger_dag.py for tasks to queue
[2024-02-25T18:21:23.814+0000] {logging_mixin.py:188} INFO - [2024-02-25T18:21:23.813+0000] {dagbag.py:538} INFO - Filling up the DagBag from /opt/airflow/dags/trigger_dag.py
[2024-02-25T18:21:24.388+0000] {processor.py:840} INFO - DAG(s) '1Trigger_dag' retrieved from /opt/airflow/dags/trigger_dag.py
[2024-02-25T18:21:24.408+0000] {logging_mixin.py:188} INFO - [2024-02-25T18:21:24.407+0000] {dag.py:3036} INFO - Sync 1 DAGs
[2024-02-25T18:21:24.432+0000] {logging_mixin.py:188} INFO - [2024-02-25T18:21:24.432+0000] {dag.py:3823} INFO - Setting next_dagrun for 1Trigger_dag to 2024-02-25 18:21:00+00:00, run_after=2024-02-25 18:41:00+00:00
[2024-02-25T18:21:24.466+0000] {processor.py:183} INFO - Processing /opt/airflow/dags/trigger_dag.py took 0.659 seconds
[2024-02-25T18:21:54.548+0000] {processor.py:161} INFO - Started process (PID=7252) to work on /opt/airflow/dags/trigger_dag.py
[2024-02-25T18:21:54.550+0000] {processor.py:830} INFO - Processing file /opt/airflow/dags/trigger_dag.py for tasks to queue
[2024-02-25T18:21:54.551+0000] {logging_mixin.py:188} INFO - [2024-02-25T18:21:54.550+0000] {dagbag.py:538} INFO - Filling up the DagBag from /opt/airflow/dags/trigger_dag.py
[2024-02-25T18:21:55.014+0000] {processor.py:840} INFO - DAG(s) '1Trigger_dag' retrieved from /opt/airflow/dags/trigger_dag.py
[2024-02-25T18:21:55.036+0000] {logging_mixin.py:188} INFO - [2024-02-25T18:21:55.035+0000] {dag.py:3036} INFO - Sync 1 DAGs
[2024-02-25T18:21:55.060+0000] {logging_mixin.py:188} INFO - [2024-02-25T18:21:55.059+0000] {dag.py:3823} INFO - Setting next_dagrun for 1Trigger_dag to 2024-02-25 18:21:00+00:00, run_after=2024-02-25 18:41:00+00:00
[2024-02-25T18:21:55.081+0000] {processor.py:183} INFO - Processing /opt/airflow/dags/trigger_dag.py took 0.537 seconds
[2024-02-25T18:22:25.442+0000] {processor.py:161} INFO - Started process (PID=7315) to work on /opt/airflow/dags/trigger_dag.py
[2024-02-25T18:22:25.444+0000] {processor.py:830} INFO - Processing file /opt/airflow/dags/trigger_dag.py for tasks to queue
[2024-02-25T18:22:25.446+0000] {logging_mixin.py:188} INFO - [2024-02-25T18:22:25.445+0000] {dagbag.py:538} INFO - Filling up the DagBag from /opt/airflow/dags/trigger_dag.py
[2024-02-25T18:22:25.930+0000] {processor.py:840} INFO - DAG(s) '1Trigger_dag' retrieved from /opt/airflow/dags/trigger_dag.py
[2024-02-25T18:22:25.949+0000] {logging_mixin.py:188} INFO - [2024-02-25T18:22:25.949+0000] {dag.py:3036} INFO - Sync 1 DAGs
[2024-02-25T18:22:25.973+0000] {logging_mixin.py:188} INFO - [2024-02-25T18:22:25.972+0000] {dag.py:3823} INFO - Setting next_dagrun for 1Trigger_dag to 2024-02-25 18:21:00+00:00, run_after=2024-02-25 18:41:00+00:00
[2024-02-25T18:22:25.993+0000] {processor.py:183} INFO - Processing /opt/airflow/dags/trigger_dag.py took 0.559 seconds
[2024-02-25T18:22:56.093+0000] {processor.py:161} INFO - Started process (PID=7378) to work on /opt/airflow/dags/trigger_dag.py
[2024-02-25T18:22:56.094+0000] {processor.py:830} INFO - Processing file /opt/airflow/dags/trigger_dag.py for tasks to queue
[2024-02-25T18:22:56.096+0000] {logging_mixin.py:188} INFO - [2024-02-25T18:22:56.095+0000] {dagbag.py:538} INFO - Filling up the DagBag from /opt/airflow/dags/trigger_dag.py
[2024-02-25T18:22:56.571+0000] {processor.py:840} INFO - DAG(s) '1Trigger_dag' retrieved from /opt/airflow/dags/trigger_dag.py
[2024-02-25T18:22:56.588+0000] {logging_mixin.py:188} INFO - [2024-02-25T18:22:56.588+0000] {dag.py:3036} INFO - Sync 1 DAGs
[2024-02-25T18:22:56.610+0000] {logging_mixin.py:188} INFO - [2024-02-25T18:22:56.610+0000] {dag.py:3823} INFO - Setting next_dagrun for 1Trigger_dag to 2024-02-25 18:21:00+00:00, run_after=2024-02-25 18:41:00+00:00
[2024-02-25T18:22:56.632+0000] {processor.py:183} INFO - Processing /opt/airflow/dags/trigger_dag.py took 0.543 seconds
[2024-02-25T18:23:27.148+0000] {processor.py:161} INFO - Started process (PID=7441) to work on /opt/airflow/dags/trigger_dag.py
[2024-02-25T18:23:27.149+0000] {processor.py:830} INFO - Processing file /opt/airflow/dags/trigger_dag.py for tasks to queue
[2024-02-25T18:23:27.151+0000] {logging_mixin.py:188} INFO - [2024-02-25T18:23:27.151+0000] {dagbag.py:538} INFO - Filling up the DagBag from /opt/airflow/dags/trigger_dag.py
[2024-02-25T18:23:27.666+0000] {processor.py:840} INFO - DAG(s) '1Trigger_dag' retrieved from /opt/airflow/dags/trigger_dag.py
[2024-02-25T18:23:27.700+0000] {logging_mixin.py:188} INFO - [2024-02-25T18:23:27.699+0000] {dag.py:3036} INFO - Sync 1 DAGs
[2024-02-25T18:23:27.724+0000] {logging_mixin.py:188} INFO - [2024-02-25T18:23:27.724+0000] {dag.py:3823} INFO - Setting next_dagrun for 1Trigger_dag to 2024-02-25 18:21:00+00:00, run_after=2024-02-25 18:41:00+00:00
[2024-02-25T18:23:27.746+0000] {processor.py:183} INFO - Processing /opt/airflow/dags/trigger_dag.py took 0.603 seconds
[2024-02-25T18:23:58.448+0000] {processor.py:161} INFO - Started process (PID=7505) to work on /opt/airflow/dags/trigger_dag.py
[2024-02-25T18:23:58.450+0000] {processor.py:830} INFO - Processing file /opt/airflow/dags/trigger_dag.py for tasks to queue
[2024-02-25T18:23:58.451+0000] {logging_mixin.py:188} INFO - [2024-02-25T18:23:58.451+0000] {dagbag.py:538} INFO - Filling up the DagBag from /opt/airflow/dags/trigger_dag.py
[2024-02-25T18:23:58.950+0000] {processor.py:840} INFO - DAG(s) '1Trigger_dag' retrieved from /opt/airflow/dags/trigger_dag.py
[2024-02-25T18:23:58.969+0000] {logging_mixin.py:188} INFO - [2024-02-25T18:23:58.969+0000] {dag.py:3036} INFO - Sync 1 DAGs
[2024-02-25T18:23:58.993+0000] {logging_mixin.py:188} INFO - [2024-02-25T18:23:58.992+0000] {dag.py:3823} INFO - Setting next_dagrun for 1Trigger_dag to 2024-02-25 18:21:00+00:00, run_after=2024-02-25 18:41:00+00:00
[2024-02-25T18:23:59.017+0000] {processor.py:183} INFO - Processing /opt/airflow/dags/trigger_dag.py took 0.572 seconds
[2024-02-25T18:24:29.755+0000] {processor.py:161} INFO - Started process (PID=7568) to work on /opt/airflow/dags/trigger_dag.py
[2024-02-25T18:24:29.756+0000] {processor.py:830} INFO - Processing file /opt/airflow/dags/trigger_dag.py for tasks to queue
[2024-02-25T18:24:29.757+0000] {logging_mixin.py:188} INFO - [2024-02-25T18:24:29.757+0000] {dagbag.py:538} INFO - Filling up the DagBag from /opt/airflow/dags/trigger_dag.py
[2024-02-25T18:24:30.251+0000] {processor.py:840} INFO - DAG(s) '1Trigger_dag' retrieved from /opt/airflow/dags/trigger_dag.py
[2024-02-25T18:24:30.270+0000] {logging_mixin.py:188} INFO - [2024-02-25T18:24:30.269+0000] {dag.py:3036} INFO - Sync 1 DAGs
[2024-02-25T18:24:30.292+0000] {logging_mixin.py:188} INFO - [2024-02-25T18:24:30.292+0000] {dag.py:3823} INFO - Setting next_dagrun for 1Trigger_dag to 2024-02-25 18:21:00+00:00, run_after=2024-02-25 18:41:00+00:00
[2024-02-25T18:24:30.313+0000] {processor.py:183} INFO - Processing /opt/airflow/dags/trigger_dag.py took 0.563 seconds
[2024-02-25T18:25:00.388+0000] {processor.py:161} INFO - Started process (PID=7631) to work on /opt/airflow/dags/trigger_dag.py
[2024-02-25T18:25:00.389+0000] {processor.py:830} INFO - Processing file /opt/airflow/dags/trigger_dag.py for tasks to queue
[2024-02-25T18:25:00.390+0000] {logging_mixin.py:188} INFO - [2024-02-25T18:25:00.390+0000] {dagbag.py:538} INFO - Filling up the DagBag from /opt/airflow/dags/trigger_dag.py
[2024-02-25T18:25:00.887+0000] {processor.py:840} INFO - DAG(s) '1Trigger_dag' retrieved from /opt/airflow/dags/trigger_dag.py
[2024-02-25T18:25:00.917+0000] {logging_mixin.py:188} INFO - [2024-02-25T18:25:00.916+0000] {dag.py:3036} INFO - Sync 1 DAGs
[2024-02-25T18:25:00.958+0000] {logging_mixin.py:188} INFO - [2024-02-25T18:25:00.956+0000] {dag.py:3823} INFO - Setting next_dagrun for 1Trigger_dag to 2024-02-25 18:21:00+00:00, run_after=2024-02-25 18:41:00+00:00
[2024-02-25T18:25:01.005+0000] {processor.py:183} INFO - Processing /opt/airflow/dags/trigger_dag.py took 0.622 seconds
[2024-02-25T18:25:31.854+0000] {processor.py:161} INFO - Started process (PID=7694) to work on /opt/airflow/dags/trigger_dag.py
[2024-02-25T18:25:31.856+0000] {processor.py:830} INFO - Processing file /opt/airflow/dags/trigger_dag.py for tasks to queue
[2024-02-25T18:25:31.857+0000] {logging_mixin.py:188} INFO - [2024-02-25T18:25:31.857+0000] {dagbag.py:538} INFO - Filling up the DagBag from /opt/airflow/dags/trigger_dag.py
[2024-02-25T18:25:32.359+0000] {processor.py:840} INFO - DAG(s) '1Trigger_dag' retrieved from /opt/airflow/dags/trigger_dag.py
[2024-02-25T18:25:32.379+0000] {logging_mixin.py:188} INFO - [2024-02-25T18:25:32.378+0000] {dag.py:3036} INFO - Sync 1 DAGs
[2024-02-25T18:25:32.402+0000] {logging_mixin.py:188} INFO - [2024-02-25T18:25:32.402+0000] {dag.py:3823} INFO - Setting next_dagrun for 1Trigger_dag to 2024-02-25 18:21:00+00:00, run_after=2024-02-25 18:41:00+00:00
[2024-02-25T18:25:32.425+0000] {processor.py:183} INFO - Processing /opt/airflow/dags/trigger_dag.py took 0.576 seconds
[2024-02-25T18:26:03.402+0000] {processor.py:161} INFO - Started process (PID=7757) to work on /opt/airflow/dags/trigger_dag.py
[2024-02-25T18:26:03.403+0000] {processor.py:830} INFO - Processing file /opt/airflow/dags/trigger_dag.py for tasks to queue
[2024-02-25T18:26:03.405+0000] {logging_mixin.py:188} INFO - [2024-02-25T18:26:03.404+0000] {dagbag.py:538} INFO - Filling up the DagBag from /opt/airflow/dags/trigger_dag.py
[2024-02-25T18:26:03.916+0000] {processor.py:840} INFO - DAG(s) '1Trigger_dag' retrieved from /opt/airflow/dags/trigger_dag.py
[2024-02-25T18:26:03.937+0000] {logging_mixin.py:188} INFO - [2024-02-25T18:26:03.936+0000] {dag.py:3036} INFO - Sync 1 DAGs
[2024-02-25T18:26:03.959+0000] {logging_mixin.py:188} INFO - [2024-02-25T18:26:03.959+0000] {dag.py:3823} INFO - Setting next_dagrun for 1Trigger_dag to 2024-02-25 18:21:00+00:00, run_after=2024-02-25 18:41:00+00:00
[2024-02-25T18:26:03.981+0000] {processor.py:183} INFO - Processing /opt/airflow/dags/trigger_dag.py took 0.583 seconds
[2024-02-25T18:26:34.198+0000] {processor.py:161} INFO - Started process (PID=7820) to work on /opt/airflow/dags/trigger_dag.py
[2024-02-25T18:26:34.199+0000] {processor.py:830} INFO - Processing file /opt/airflow/dags/trigger_dag.py for tasks to queue
[2024-02-25T18:26:34.201+0000] {logging_mixin.py:188} INFO - [2024-02-25T18:26:34.200+0000] {dagbag.py:538} INFO - Filling up the DagBag from /opt/airflow/dags/trigger_dag.py
[2024-02-25T18:26:34.690+0000] {processor.py:840} INFO - DAG(s) '1Trigger_dag' retrieved from /opt/airflow/dags/trigger_dag.py
[2024-02-25T18:26:34.711+0000] {logging_mixin.py:188} INFO - [2024-02-25T18:26:34.710+0000] {dag.py:3036} INFO - Sync 1 DAGs
[2024-02-25T18:26:34.738+0000] {logging_mixin.py:188} INFO - [2024-02-25T18:26:34.738+0000] {dag.py:3823} INFO - Setting next_dagrun for 1Trigger_dag to 2024-02-25 18:21:00+00:00, run_after=2024-02-25 18:41:00+00:00
[2024-02-25T18:26:34.762+0000] {processor.py:183} INFO - Processing /opt/airflow/dags/trigger_dag.py took 0.567 seconds
[2024-02-25T18:27:05.050+0000] {processor.py:161} INFO - Started process (PID=7884) to work on /opt/airflow/dags/trigger_dag.py
[2024-02-25T18:27:05.051+0000] {processor.py:830} INFO - Processing file /opt/airflow/dags/trigger_dag.py for tasks to queue
[2024-02-25T18:27:05.053+0000] {logging_mixin.py:188} INFO - [2024-02-25T18:27:05.052+0000] {dagbag.py:538} INFO - Filling up the DagBag from /opt/airflow/dags/trigger_dag.py
[2024-02-25T18:27:05.521+0000] {processor.py:840} INFO - DAG(s) '1Trigger_dag' retrieved from /opt/airflow/dags/trigger_dag.py
[2024-02-25T18:27:05.540+0000] {logging_mixin.py:188} INFO - [2024-02-25T18:27:05.540+0000] {dag.py:3036} INFO - Sync 1 DAGs
[2024-02-25T18:27:05.568+0000] {logging_mixin.py:188} INFO - [2024-02-25T18:27:05.567+0000] {dag.py:3823} INFO - Setting next_dagrun for 1Trigger_dag to 2024-02-25 18:21:00+00:00, run_after=2024-02-25 18:41:00+00:00
[2024-02-25T18:27:05.593+0000] {processor.py:183} INFO - Processing /opt/airflow/dags/trigger_dag.py took 0.548 seconds
[2024-02-25T18:27:36.168+0000] {processor.py:161} INFO - Started process (PID=7947) to work on /opt/airflow/dags/trigger_dag.py
[2024-02-25T18:27:36.170+0000] {processor.py:830} INFO - Processing file /opt/airflow/dags/trigger_dag.py for tasks to queue
[2024-02-25T18:27:36.171+0000] {logging_mixin.py:188} INFO - [2024-02-25T18:27:36.171+0000] {dagbag.py:538} INFO - Filling up the DagBag from /opt/airflow/dags/trigger_dag.py
[2024-02-25T18:27:36.656+0000] {processor.py:840} INFO - DAG(s) '1Trigger_dag' retrieved from /opt/airflow/dags/trigger_dag.py
[2024-02-25T18:27:36.674+0000] {logging_mixin.py:188} INFO - [2024-02-25T18:27:36.673+0000] {dag.py:3036} INFO - Sync 1 DAGs
[2024-02-25T18:27:36.697+0000] {logging_mixin.py:188} INFO - [2024-02-25T18:27:36.697+0000] {dag.py:3823} INFO - Setting next_dagrun for 1Trigger_dag to 2024-02-25 18:21:00+00:00, run_after=2024-02-25 18:41:00+00:00
[2024-02-25T18:27:36.717+0000] {processor.py:183} INFO - Processing /opt/airflow/dags/trigger_dag.py took 0.553 seconds
[2024-02-25T18:28:07.095+0000] {processor.py:161} INFO - Started process (PID=8010) to work on /opt/airflow/dags/trigger_dag.py
[2024-02-25T18:28:07.096+0000] {processor.py:830} INFO - Processing file /opt/airflow/dags/trigger_dag.py for tasks to queue
[2024-02-25T18:28:07.098+0000] {logging_mixin.py:188} INFO - [2024-02-25T18:28:07.097+0000] {dagbag.py:538} INFO - Filling up the DagBag from /opt/airflow/dags/trigger_dag.py
[2024-02-25T18:28:07.573+0000] {processor.py:840} INFO - DAG(s) '1Trigger_dag' retrieved from /opt/airflow/dags/trigger_dag.py
[2024-02-25T18:28:07.592+0000] {logging_mixin.py:188} INFO - [2024-02-25T18:28:07.591+0000] {dag.py:3036} INFO - Sync 1 DAGs
[2024-02-25T18:28:07.614+0000] {logging_mixin.py:188} INFO - [2024-02-25T18:28:07.614+0000] {dag.py:3823} INFO - Setting next_dagrun for 1Trigger_dag to 2024-02-25 18:21:00+00:00, run_after=2024-02-25 18:41:00+00:00
[2024-02-25T18:28:07.637+0000] {processor.py:183} INFO - Processing /opt/airflow/dags/trigger_dag.py took 0.546 seconds
[2024-02-25T18:28:37.992+0000] {processor.py:161} INFO - Started process (PID=8073) to work on /opt/airflow/dags/trigger_dag.py
[2024-02-25T18:28:37.994+0000] {processor.py:830} INFO - Processing file /opt/airflow/dags/trigger_dag.py for tasks to queue
[2024-02-25T18:28:37.995+0000] {logging_mixin.py:188} INFO - [2024-02-25T18:28:37.995+0000] {dagbag.py:538} INFO - Filling up the DagBag from /opt/airflow/dags/trigger_dag.py
[2024-02-25T18:28:38.466+0000] {processor.py:840} INFO - DAG(s) '1Trigger_dag' retrieved from /opt/airflow/dags/trigger_dag.py
[2024-02-25T18:28:38.486+0000] {logging_mixin.py:188} INFO - [2024-02-25T18:28:38.485+0000] {dag.py:3036} INFO - Sync 1 DAGs
[2024-02-25T18:28:38.509+0000] {logging_mixin.py:188} INFO - [2024-02-25T18:28:38.509+0000] {dag.py:3823} INFO - Setting next_dagrun for 1Trigger_dag to 2024-02-25 18:21:00+00:00, run_after=2024-02-25 18:41:00+00:00
[2024-02-25T18:28:38.533+0000] {processor.py:183} INFO - Processing /opt/airflow/dags/trigger_dag.py took 0.545 seconds
[2024-02-25T18:29:08.731+0000] {processor.py:161} INFO - Started process (PID=8135) to work on /opt/airflow/dags/trigger_dag.py
[2024-02-25T18:29:08.733+0000] {processor.py:830} INFO - Processing file /opt/airflow/dags/trigger_dag.py for tasks to queue
[2024-02-25T18:29:08.734+0000] {logging_mixin.py:188} INFO - [2024-02-25T18:29:08.734+0000] {dagbag.py:538} INFO - Filling up the DagBag from /opt/airflow/dags/trigger_dag.py
[2024-02-25T18:29:09.222+0000] {processor.py:840} INFO - DAG(s) '1Trigger_dag' retrieved from /opt/airflow/dags/trigger_dag.py
[2024-02-25T18:29:09.242+0000] {logging_mixin.py:188} INFO - [2024-02-25T18:29:09.242+0000] {dag.py:3036} INFO - Sync 1 DAGs
[2024-02-25T18:29:09.267+0000] {logging_mixin.py:188} INFO - [2024-02-25T18:29:09.267+0000] {dag.py:3823} INFO - Setting next_dagrun for 1Trigger_dag to 2024-02-25 18:21:00+00:00, run_after=2024-02-25 18:41:00+00:00
[2024-02-25T18:29:09.290+0000] {processor.py:183} INFO - Processing /opt/airflow/dags/trigger_dag.py took 0.565 seconds
[2024-02-25T18:29:39.462+0000] {processor.py:161} INFO - Started process (PID=8198) to work on /opt/airflow/dags/trigger_dag.py
[2024-02-25T18:29:39.463+0000] {processor.py:830} INFO - Processing file /opt/airflow/dags/trigger_dag.py for tasks to queue
[2024-02-25T18:29:39.465+0000] {logging_mixin.py:188} INFO - [2024-02-25T18:29:39.465+0000] {dagbag.py:538} INFO - Filling up the DagBag from /opt/airflow/dags/trigger_dag.py
[2024-02-25T18:29:39.969+0000] {processor.py:840} INFO - DAG(s) '1Trigger_dag' retrieved from /opt/airflow/dags/trigger_dag.py
[2024-02-25T18:29:39.989+0000] {logging_mixin.py:188} INFO - [2024-02-25T18:29:39.988+0000] {dag.py:3036} INFO - Sync 1 DAGs
[2024-02-25T18:29:40.018+0000] {logging_mixin.py:188} INFO - [2024-02-25T18:29:40.017+0000] {dag.py:3823} INFO - Setting next_dagrun for 1Trigger_dag to 2024-02-25 18:21:00+00:00, run_after=2024-02-25 18:41:00+00:00
[2024-02-25T18:29:40.045+0000] {processor.py:183} INFO - Processing /opt/airflow/dags/trigger_dag.py took 0.587 seconds
[2024-02-25T18:30:10.129+0000] {processor.py:161} INFO - Started process (PID=8261) to work on /opt/airflow/dags/trigger_dag.py
[2024-02-25T18:30:10.130+0000] {processor.py:830} INFO - Processing file /opt/airflow/dags/trigger_dag.py for tasks to queue
[2024-02-25T18:30:10.132+0000] {logging_mixin.py:188} INFO - [2024-02-25T18:30:10.131+0000] {dagbag.py:538} INFO - Filling up the DagBag from /opt/airflow/dags/trigger_dag.py
[2024-02-25T18:30:10.636+0000] {processor.py:840} INFO - DAG(s) '1Trigger_dag' retrieved from /opt/airflow/dags/trigger_dag.py
[2024-02-25T18:30:10.655+0000] {logging_mixin.py:188} INFO - [2024-02-25T18:30:10.655+0000] {dag.py:3036} INFO - Sync 1 DAGs
[2024-02-25T18:30:10.679+0000] {logging_mixin.py:188} INFO - [2024-02-25T18:30:10.678+0000] {dag.py:3823} INFO - Setting next_dagrun for 1Trigger_dag to 2024-02-25 18:21:00+00:00, run_after=2024-02-25 18:41:00+00:00
[2024-02-25T18:30:10.709+0000] {processor.py:183} INFO - Processing /opt/airflow/dags/trigger_dag.py took 0.584 seconds
[2024-02-25T18:30:41.234+0000] {processor.py:161} INFO - Started process (PID=8324) to work on /opt/airflow/dags/trigger_dag.py
[2024-02-25T18:30:41.235+0000] {processor.py:830} INFO - Processing file /opt/airflow/dags/trigger_dag.py for tasks to queue
[2024-02-25T18:30:41.237+0000] {logging_mixin.py:188} INFO - [2024-02-25T18:30:41.236+0000] {dagbag.py:538} INFO - Filling up the DagBag from /opt/airflow/dags/trigger_dag.py
[2024-02-25T18:30:41.713+0000] {processor.py:840} INFO - DAG(s) '1Trigger_dag' retrieved from /opt/airflow/dags/trigger_dag.py
[2024-02-25T18:30:41.732+0000] {logging_mixin.py:188} INFO - [2024-02-25T18:30:41.731+0000] {dag.py:3036} INFO - Sync 1 DAGs
[2024-02-25T18:30:41.753+0000] {logging_mixin.py:188} INFO - [2024-02-25T18:30:41.753+0000] {dag.py:3823} INFO - Setting next_dagrun for 1Trigger_dag to 2024-02-25 18:21:00+00:00, run_after=2024-02-25 18:41:00+00:00
[2024-02-25T18:30:41.776+0000] {processor.py:183} INFO - Processing /opt/airflow/dags/trigger_dag.py took 0.545 seconds
[2024-02-25T18:31:12.060+0000] {processor.py:161} INFO - Started process (PID=8387) to work on /opt/airflow/dags/trigger_dag.py
[2024-02-25T18:31:12.062+0000] {processor.py:830} INFO - Processing file /opt/airflow/dags/trigger_dag.py for tasks to queue
[2024-02-25T18:31:12.063+0000] {logging_mixin.py:188} INFO - [2024-02-25T18:31:12.063+0000] {dagbag.py:538} INFO - Filling up the DagBag from /opt/airflow/dags/trigger_dag.py
[2024-02-25T18:31:12.553+0000] {processor.py:840} INFO - DAG(s) '1Trigger_dag' retrieved from /opt/airflow/dags/trigger_dag.py
[2024-02-25T18:31:12.572+0000] {logging_mixin.py:188} INFO - [2024-02-25T18:31:12.571+0000] {dag.py:3036} INFO - Sync 1 DAGs
[2024-02-25T18:31:12.596+0000] {logging_mixin.py:188} INFO - [2024-02-25T18:31:12.596+0000] {dag.py:3823} INFO - Setting next_dagrun for 1Trigger_dag to 2024-02-25 18:21:00+00:00, run_after=2024-02-25 18:41:00+00:00
[2024-02-25T18:31:12.619+0000] {processor.py:183} INFO - Processing /opt/airflow/dags/trigger_dag.py took 0.563 seconds
[2024-02-25T18:31:42.765+0000] {processor.py:161} INFO - Started process (PID=8450) to work on /opt/airflow/dags/trigger_dag.py
[2024-02-25T18:31:42.766+0000] {processor.py:830} INFO - Processing file /opt/airflow/dags/trigger_dag.py for tasks to queue
[2024-02-25T18:31:42.767+0000] {logging_mixin.py:188} INFO - [2024-02-25T18:31:42.767+0000] {dagbag.py:538} INFO - Filling up the DagBag from /opt/airflow/dags/trigger_dag.py
[2024-02-25T18:31:43.227+0000] {processor.py:840} INFO - DAG(s) '1Trigger_dag' retrieved from /opt/airflow/dags/trigger_dag.py
[2024-02-25T18:31:43.245+0000] {logging_mixin.py:188} INFO - [2024-02-25T18:31:43.244+0000] {dag.py:3036} INFO - Sync 1 DAGs
[2024-02-25T18:31:43.268+0000] {logging_mixin.py:188} INFO - [2024-02-25T18:31:43.268+0000] {dag.py:3823} INFO - Setting next_dagrun for 1Trigger_dag to 2024-02-25 18:21:00+00:00, run_after=2024-02-25 18:41:00+00:00
[2024-02-25T18:31:43.291+0000] {processor.py:183} INFO - Processing /opt/airflow/dags/trigger_dag.py took 0.531 seconds
[2024-02-25T18:32:13.643+0000] {processor.py:161} INFO - Started process (PID=8513) to work on /opt/airflow/dags/trigger_dag.py
[2024-02-25T18:32:13.645+0000] {processor.py:830} INFO - Processing file /opt/airflow/dags/trigger_dag.py for tasks to queue
[2024-02-25T18:32:13.646+0000] {logging_mixin.py:188} INFO - [2024-02-25T18:32:13.645+0000] {dagbag.py:538} INFO - Filling up the DagBag from /opt/airflow/dags/trigger_dag.py
[2024-02-25T18:32:14.197+0000] {processor.py:840} INFO - DAG(s) '1Trigger_dag' retrieved from /opt/airflow/dags/trigger_dag.py
[2024-02-25T18:32:14.217+0000] {logging_mixin.py:188} INFO - [2024-02-25T18:32:14.217+0000] {dag.py:3036} INFO - Sync 1 DAGs
[2024-02-25T18:32:14.242+0000] {logging_mixin.py:188} INFO - [2024-02-25T18:32:14.242+0000] {dag.py:3823} INFO - Setting next_dagrun for 1Trigger_dag to 2024-02-25 18:21:00+00:00, run_after=2024-02-25 18:41:00+00:00
[2024-02-25T18:32:14.264+0000] {processor.py:183} INFO - Processing /opt/airflow/dags/trigger_dag.py took 0.625 seconds
[2024-02-25T18:32:44.404+0000] {processor.py:161} INFO - Started process (PID=8576) to work on /opt/airflow/dags/trigger_dag.py
[2024-02-25T18:32:44.405+0000] {processor.py:830} INFO - Processing file /opt/airflow/dags/trigger_dag.py for tasks to queue
[2024-02-25T18:32:44.407+0000] {logging_mixin.py:188} INFO - [2024-02-25T18:32:44.406+0000] {dagbag.py:538} INFO - Filling up the DagBag from /opt/airflow/dags/trigger_dag.py
[2024-02-25T18:32:44.875+0000] {processor.py:840} INFO - DAG(s) '1Trigger_dag' retrieved from /opt/airflow/dags/trigger_dag.py
[2024-02-25T18:32:44.893+0000] {logging_mixin.py:188} INFO - [2024-02-25T18:32:44.892+0000] {dag.py:3036} INFO - Sync 1 DAGs
[2024-02-25T18:32:44.916+0000] {logging_mixin.py:188} INFO - [2024-02-25T18:32:44.916+0000] {dag.py:3823} INFO - Setting next_dagrun for 1Trigger_dag to 2024-02-25 18:21:00+00:00, run_after=2024-02-25 18:41:00+00:00
[2024-02-25T18:32:44.939+0000] {processor.py:183} INFO - Processing /opt/airflow/dags/trigger_dag.py took 0.540 seconds
[2024-02-25T18:33:15.559+0000] {processor.py:161} INFO - Started process (PID=8639) to work on /opt/airflow/dags/trigger_dag.py
[2024-02-25T18:33:15.561+0000] {processor.py:830} INFO - Processing file /opt/airflow/dags/trigger_dag.py for tasks to queue
[2024-02-25T18:33:15.562+0000] {logging_mixin.py:188} INFO - [2024-02-25T18:33:15.562+0000] {dagbag.py:538} INFO - Filling up the DagBag from /opt/airflow/dags/trigger_dag.py
[2024-02-25T18:33:16.047+0000] {processor.py:840} INFO - DAG(s) '1Trigger_dag' retrieved from /opt/airflow/dags/trigger_dag.py
[2024-02-25T18:33:16.067+0000] {logging_mixin.py:188} INFO - [2024-02-25T18:33:16.066+0000] {dag.py:3036} INFO - Sync 1 DAGs
[2024-02-25T18:33:16.093+0000] {logging_mixin.py:188} INFO - [2024-02-25T18:33:16.092+0000] {dag.py:3823} INFO - Setting next_dagrun for 1Trigger_dag to 2024-02-25 18:21:00+00:00, run_after=2024-02-25 18:41:00+00:00
[2024-02-25T18:33:16.125+0000] {processor.py:183} INFO - Processing /opt/airflow/dags/trigger_dag.py took 0.570 seconds
[2024-02-25T18:33:46.444+0000] {processor.py:161} INFO - Started process (PID=8702) to work on /opt/airflow/dags/trigger_dag.py
[2024-02-25T18:33:46.446+0000] {processor.py:830} INFO - Processing file /opt/airflow/dags/trigger_dag.py for tasks to queue
[2024-02-25T18:33:46.447+0000] {logging_mixin.py:188} INFO - [2024-02-25T18:33:46.447+0000] {dagbag.py:538} INFO - Filling up the DagBag from /opt/airflow/dags/trigger_dag.py
[2024-02-25T18:33:46.999+0000] {processor.py:840} INFO - DAG(s) '1Trigger_dag' retrieved from /opt/airflow/dags/trigger_dag.py
[2024-02-25T18:33:47.020+0000] {logging_mixin.py:188} INFO - [2024-02-25T18:33:47.019+0000] {dag.py:3036} INFO - Sync 1 DAGs
[2024-02-25T18:33:47.045+0000] {logging_mixin.py:188} INFO - [2024-02-25T18:33:47.045+0000] {dag.py:3823} INFO - Setting next_dagrun for 1Trigger_dag to 2024-02-25 18:21:00+00:00, run_after=2024-02-25 18:41:00+00:00
[2024-02-25T18:33:47.065+0000] {processor.py:183} INFO - Processing /opt/airflow/dags/trigger_dag.py took 0.624 seconds
[2024-02-25T18:34:17.691+0000] {processor.py:161} INFO - Started process (PID=8765) to work on /opt/airflow/dags/trigger_dag.py
[2024-02-25T18:34:17.693+0000] {processor.py:830} INFO - Processing file /opt/airflow/dags/trigger_dag.py for tasks to queue
[2024-02-25T18:34:17.695+0000] {logging_mixin.py:188} INFO - [2024-02-25T18:34:17.694+0000] {dagbag.py:538} INFO - Filling up the DagBag from /opt/airflow/dags/trigger_dag.py
[2024-02-25T18:34:18.181+0000] {processor.py:840} INFO - DAG(s) '1Trigger_dag' retrieved from /opt/airflow/dags/trigger_dag.py
[2024-02-25T18:34:18.201+0000] {logging_mixin.py:188} INFO - [2024-02-25T18:34:18.200+0000] {dag.py:3036} INFO - Sync 1 DAGs
[2024-02-25T18:34:18.227+0000] {logging_mixin.py:188} INFO - [2024-02-25T18:34:18.226+0000] {dag.py:3823} INFO - Setting next_dagrun for 1Trigger_dag to 2024-02-25 18:21:00+00:00, run_after=2024-02-25 18:41:00+00:00
[2024-02-25T18:34:18.249+0000] {processor.py:183} INFO - Processing /opt/airflow/dags/trigger_dag.py took 0.564 seconds
[2024-02-25T18:34:48.861+0000] {processor.py:161} INFO - Started process (PID=8828) to work on /opt/airflow/dags/trigger_dag.py
[2024-02-25T18:34:48.862+0000] {processor.py:830} INFO - Processing file /opt/airflow/dags/trigger_dag.py for tasks to queue
[2024-02-25T18:34:48.863+0000] {logging_mixin.py:188} INFO - [2024-02-25T18:34:48.863+0000] {dagbag.py:538} INFO - Filling up the DagBag from /opt/airflow/dags/trigger_dag.py
[2024-02-25T18:34:49.321+0000] {processor.py:840} INFO - DAG(s) '1Trigger_dag' retrieved from /opt/airflow/dags/trigger_dag.py
[2024-02-25T18:34:49.340+0000] {logging_mixin.py:188} INFO - [2024-02-25T18:34:49.339+0000] {dag.py:3036} INFO - Sync 1 DAGs
[2024-02-25T18:34:49.364+0000] {logging_mixin.py:188} INFO - [2024-02-25T18:34:49.363+0000] {dag.py:3823} INFO - Setting next_dagrun for 1Trigger_dag to 2024-02-25 18:21:00+00:00, run_after=2024-02-25 18:41:00+00:00
[2024-02-25T18:34:49.387+0000] {processor.py:183} INFO - Processing /opt/airflow/dags/trigger_dag.py took 0.530 seconds
[2024-02-25T18:35:19.887+0000] {processor.py:161} INFO - Started process (PID=8891) to work on /opt/airflow/dags/trigger_dag.py
[2024-02-25T18:35:19.888+0000] {processor.py:830} INFO - Processing file /opt/airflow/dags/trigger_dag.py for tasks to queue
[2024-02-25T18:35:19.890+0000] {logging_mixin.py:188} INFO - [2024-02-25T18:35:19.889+0000] {dagbag.py:538} INFO - Filling up the DagBag from /opt/airflow/dags/trigger_dag.py
[2024-02-25T18:35:20.370+0000] {processor.py:840} INFO - DAG(s) '1Trigger_dag' retrieved from /opt/airflow/dags/trigger_dag.py
[2024-02-25T18:35:20.389+0000] {logging_mixin.py:188} INFO - [2024-02-25T18:35:20.388+0000] {dag.py:3036} INFO - Sync 1 DAGs
[2024-02-25T18:35:20.413+0000] {logging_mixin.py:188} INFO - [2024-02-25T18:35:20.413+0000] {dag.py:3823} INFO - Setting next_dagrun for 1Trigger_dag to 2024-02-25 18:21:00+00:00, run_after=2024-02-25 18:41:00+00:00
[2024-02-25T18:35:20.438+0000] {processor.py:183} INFO - Processing /opt/airflow/dags/trigger_dag.py took 0.556 seconds
[2024-02-25T18:35:50.989+0000] {processor.py:161} INFO - Started process (PID=8955) to work on /opt/airflow/dags/trigger_dag.py
[2024-02-25T18:35:50.990+0000] {processor.py:830} INFO - Processing file /opt/airflow/dags/trigger_dag.py for tasks to queue
[2024-02-25T18:35:50.992+0000] {logging_mixin.py:188} INFO - [2024-02-25T18:35:50.991+0000] {dagbag.py:538} INFO - Filling up the DagBag from /opt/airflow/dags/trigger_dag.py
[2024-02-25T18:35:51.505+0000] {processor.py:840} INFO - DAG(s) '1Trigger_dag' retrieved from /opt/airflow/dags/trigger_dag.py
[2024-02-25T18:35:51.525+0000] {logging_mixin.py:188} INFO - [2024-02-25T18:35:51.525+0000] {dag.py:3036} INFO - Sync 1 DAGs
[2024-02-25T18:35:51.551+0000] {logging_mixin.py:188} INFO - [2024-02-25T18:35:51.551+0000] {dag.py:3823} INFO - Setting next_dagrun for 1Trigger_dag to 2024-02-25 18:21:00+00:00, run_after=2024-02-25 18:41:00+00:00
[2024-02-25T18:35:51.574+0000] {processor.py:183} INFO - Processing /opt/airflow/dags/trigger_dag.py took 0.589 seconds
[2024-02-25T18:36:22.118+0000] {processor.py:161} INFO - Started process (PID=9019) to work on /opt/airflow/dags/trigger_dag.py
[2024-02-25T18:36:22.119+0000] {processor.py:830} INFO - Processing file /opt/airflow/dags/trigger_dag.py for tasks to queue
[2024-02-25T18:36:22.121+0000] {logging_mixin.py:188} INFO - [2024-02-25T18:36:22.120+0000] {dagbag.py:538} INFO - Filling up the DagBag from /opt/airflow/dags/trigger_dag.py
[2024-02-25T18:36:22.612+0000] {processor.py:840} INFO - DAG(s) '1Trigger_dag' retrieved from /opt/airflow/dags/trigger_dag.py
[2024-02-25T18:36:22.632+0000] {logging_mixin.py:188} INFO - [2024-02-25T18:36:22.632+0000] {dag.py:3036} INFO - Sync 1 DAGs
[2024-02-25T18:36:22.656+0000] {logging_mixin.py:188} INFO - [2024-02-25T18:36:22.656+0000] {dag.py:3823} INFO - Setting next_dagrun for 1Trigger_dag to 2024-02-25 18:21:00+00:00, run_after=2024-02-25 18:41:00+00:00
[2024-02-25T18:36:22.680+0000] {processor.py:183} INFO - Processing /opt/airflow/dags/trigger_dag.py took 0.566 seconds
[2024-02-25T18:36:52.841+0000] {processor.py:161} INFO - Started process (PID=9082) to work on /opt/airflow/dags/trigger_dag.py
[2024-02-25T18:36:52.843+0000] {processor.py:830} INFO - Processing file /opt/airflow/dags/trigger_dag.py for tasks to queue
[2024-02-25T18:36:52.845+0000] {logging_mixin.py:188} INFO - [2024-02-25T18:36:52.844+0000] {dagbag.py:538} INFO - Filling up the DagBag from /opt/airflow/dags/trigger_dag.py
[2024-02-25T18:36:53.341+0000] {processor.py:840} INFO - DAG(s) '1Trigger_dag' retrieved from /opt/airflow/dags/trigger_dag.py
[2024-02-25T18:36:53.360+0000] {logging_mixin.py:188} INFO - [2024-02-25T18:36:53.359+0000] {dag.py:3036} INFO - Sync 1 DAGs
[2024-02-25T18:36:53.382+0000] {logging_mixin.py:188} INFO - [2024-02-25T18:36:53.382+0000] {dag.py:3823} INFO - Setting next_dagrun for 1Trigger_dag to 2024-02-25 18:21:00+00:00, run_after=2024-02-25 18:41:00+00:00
[2024-02-25T18:36:53.404+0000] {processor.py:183} INFO - Processing /opt/airflow/dags/trigger_dag.py took 0.567 seconds
[2024-02-25T18:37:23.841+0000] {processor.py:161} INFO - Started process (PID=9145) to work on /opt/airflow/dags/trigger_dag.py
[2024-02-25T18:37:23.842+0000] {processor.py:830} INFO - Processing file /opt/airflow/dags/trigger_dag.py for tasks to queue
[2024-02-25T18:37:23.844+0000] {logging_mixin.py:188} INFO - [2024-02-25T18:37:23.843+0000] {dagbag.py:538} INFO - Filling up the DagBag from /opt/airflow/dags/trigger_dag.py
[2024-02-25T18:37:24.370+0000] {processor.py:840} INFO - DAG(s) '1Trigger_dag' retrieved from /opt/airflow/dags/trigger_dag.py
[2024-02-25T18:37:24.401+0000] {logging_mixin.py:188} INFO - [2024-02-25T18:37:24.400+0000] {dag.py:3036} INFO - Sync 1 DAGs
[2024-02-25T18:37:24.428+0000] {logging_mixin.py:188} INFO - [2024-02-25T18:37:24.428+0000] {dag.py:3823} INFO - Setting next_dagrun for 1Trigger_dag to 2024-02-25 18:21:00+00:00, run_after=2024-02-25 18:41:00+00:00
[2024-02-25T18:37:24.452+0000] {processor.py:183} INFO - Processing /opt/airflow/dags/trigger_dag.py took 0.615 seconds
[2024-02-25T18:37:54.646+0000] {processor.py:161} INFO - Started process (PID=9208) to work on /opt/airflow/dags/trigger_dag.py
[2024-02-25T18:37:54.648+0000] {processor.py:830} INFO - Processing file /opt/airflow/dags/trigger_dag.py for tasks to queue
[2024-02-25T18:37:54.649+0000] {logging_mixin.py:188} INFO - [2024-02-25T18:37:54.649+0000] {dagbag.py:538} INFO - Filling up the DagBag from /opt/airflow/dags/trigger_dag.py
[2024-02-25T18:37:55.141+0000] {processor.py:840} INFO - DAG(s) '1Trigger_dag' retrieved from /opt/airflow/dags/trigger_dag.py
[2024-02-25T18:37:55.159+0000] {logging_mixin.py:188} INFO - [2024-02-25T18:37:55.158+0000] {dag.py:3036} INFO - Sync 1 DAGs
[2024-02-25T18:37:55.184+0000] {logging_mixin.py:188} INFO - [2024-02-25T18:37:55.184+0000] {dag.py:3823} INFO - Setting next_dagrun for 1Trigger_dag to 2024-02-25 18:21:00+00:00, run_after=2024-02-25 18:41:00+00:00
[2024-02-25T18:37:55.206+0000] {processor.py:183} INFO - Processing /opt/airflow/dags/trigger_dag.py took 0.564 seconds
[2024-02-25T18:38:25.476+0000] {processor.py:161} INFO - Started process (PID=9272) to work on /opt/airflow/dags/trigger_dag.py
[2024-02-25T18:38:25.478+0000] {processor.py:830} INFO - Processing file /opt/airflow/dags/trigger_dag.py for tasks to queue
[2024-02-25T18:38:25.479+0000] {logging_mixin.py:188} INFO - [2024-02-25T18:38:25.479+0000] {dagbag.py:538} INFO - Filling up the DagBag from /opt/airflow/dags/trigger_dag.py
[2024-02-25T18:38:25.951+0000] {processor.py:840} INFO - DAG(s) '1Trigger_dag' retrieved from /opt/airflow/dags/trigger_dag.py
[2024-02-25T18:38:25.971+0000] {logging_mixin.py:188} INFO - [2024-02-25T18:38:25.970+0000] {dag.py:3036} INFO - Sync 1 DAGs
[2024-02-25T18:38:25.995+0000] {logging_mixin.py:188} INFO - [2024-02-25T18:38:25.994+0000] {dag.py:3823} INFO - Setting next_dagrun for 1Trigger_dag to 2024-02-25 18:21:00+00:00, run_after=2024-02-25 18:41:00+00:00
[2024-02-25T18:38:26.018+0000] {processor.py:183} INFO - Processing /opt/airflow/dags/trigger_dag.py took 0.546 seconds
[2024-02-25T18:38:56.338+0000] {processor.py:161} INFO - Started process (PID=9335) to work on /opt/airflow/dags/trigger_dag.py
[2024-02-25T18:38:56.340+0000] {processor.py:830} INFO - Processing file /opt/airflow/dags/trigger_dag.py for tasks to queue
[2024-02-25T18:38:56.341+0000] {logging_mixin.py:188} INFO - [2024-02-25T18:38:56.341+0000] {dagbag.py:538} INFO - Filling up the DagBag from /opt/airflow/dags/trigger_dag.py
[2024-02-25T18:38:56.807+0000] {processor.py:840} INFO - DAG(s) '1Trigger_dag' retrieved from /opt/airflow/dags/trigger_dag.py
[2024-02-25T18:38:56.828+0000] {logging_mixin.py:188} INFO - [2024-02-25T18:38:56.828+0000] {dag.py:3036} INFO - Sync 1 DAGs
[2024-02-25T18:38:56.850+0000] {logging_mixin.py:188} INFO - [2024-02-25T18:38:56.850+0000] {dag.py:3823} INFO - Setting next_dagrun for 1Trigger_dag to 2024-02-25 18:21:00+00:00, run_after=2024-02-25 18:41:00+00:00
[2024-02-25T18:38:56.874+0000] {processor.py:183} INFO - Processing /opt/airflow/dags/trigger_dag.py took 0.543 seconds
[2024-02-25T18:39:27.154+0000] {processor.py:161} INFO - Started process (PID=9398) to work on /opt/airflow/dags/trigger_dag.py
[2024-02-25T18:39:27.156+0000] {processor.py:830} INFO - Processing file /opt/airflow/dags/trigger_dag.py for tasks to queue
[2024-02-25T18:39:27.157+0000] {logging_mixin.py:188} INFO - [2024-02-25T18:39:27.157+0000] {dagbag.py:538} INFO - Filling up the DagBag from /opt/airflow/dags/trigger_dag.py
[2024-02-25T18:39:27.645+0000] {processor.py:840} INFO - DAG(s) '1Trigger_dag' retrieved from /opt/airflow/dags/trigger_dag.py
[2024-02-25T18:39:27.665+0000] {logging_mixin.py:188} INFO - [2024-02-25T18:39:27.665+0000] {dag.py:3036} INFO - Sync 1 DAGs
[2024-02-25T18:39:27.690+0000] {logging_mixin.py:188} INFO - [2024-02-25T18:39:27.689+0000] {dag.py:3823} INFO - Setting next_dagrun for 1Trigger_dag to 2024-02-25 18:21:00+00:00, run_after=2024-02-25 18:41:00+00:00
[2024-02-25T18:39:27.711+0000] {processor.py:183} INFO - Processing /opt/airflow/dags/trigger_dag.py took 0.561 seconds
[2024-02-25T18:39:57.904+0000] {processor.py:161} INFO - Started process (PID=9466) to work on /opt/airflow/dags/trigger_dag.py
[2024-02-25T18:39:57.906+0000] {processor.py:830} INFO - Processing file /opt/airflow/dags/trigger_dag.py for tasks to queue
[2024-02-25T18:39:57.907+0000] {logging_mixin.py:188} INFO - [2024-02-25T18:39:57.906+0000] {dagbag.py:538} INFO - Filling up the DagBag from /opt/airflow/dags/trigger_dag.py
[2024-02-25T18:39:58.385+0000] {processor.py:840} INFO - DAG(s) '1Trigger_dag' retrieved from /opt/airflow/dags/trigger_dag.py
[2024-02-25T18:39:58.402+0000] {logging_mixin.py:188} INFO - [2024-02-25T18:39:58.402+0000] {dag.py:3036} INFO - Sync 1 DAGs
[2024-02-25T18:39:58.425+0000] {logging_mixin.py:188} INFO - [2024-02-25T18:39:58.425+0000] {dag.py:3823} INFO - Setting next_dagrun for 1Trigger_dag to 2024-02-25 18:21:00+00:00, run_after=2024-02-25 18:41:00+00:00
[2024-02-25T18:39:58.445+0000] {processor.py:183} INFO - Processing /opt/airflow/dags/trigger_dag.py took 0.545 seconds
[2024-02-25T18:40:28.600+0000] {processor.py:161} INFO - Started process (PID=9529) to work on /opt/airflow/dags/trigger_dag.py
[2024-02-25T18:40:28.602+0000] {processor.py:830} INFO - Processing file /opt/airflow/dags/trigger_dag.py for tasks to queue
[2024-02-25T18:40:28.603+0000] {logging_mixin.py:188} INFO - [2024-02-25T18:40:28.603+0000] {dagbag.py:538} INFO - Filling up the DagBag from /opt/airflow/dags/trigger_dag.py
[2024-02-25T20:59:40.547+0000] {processor.py:840} INFO - DAG(s) '1Trigger_dag' retrieved from /opt/airflow/dags/trigger_dag.py
[2024-02-25T20:59:40.640+0000] {logging_mixin.py:188} INFO - [2024-02-25T20:59:40.629+0000] {dag.py:3036} INFO - Sync 1 DAGs
[2024-02-25T20:59:40.823+0000] {logging_mixin.py:188} INFO - [2024-02-25T20:59:40.822+0000] {dag.py:3823} INFO - Setting next_dagrun for 1Trigger_dag to 2024-02-25 20:41:00+00:00, run_after=2024-02-25 21:01:00+00:00
[2024-02-25T20:59:40.981+0000] {processor.py:183} INFO - Processing /opt/airflow/dags/trigger_dag.py took 5.395 seconds
[2024-02-25T21:00:11.961+0000] {processor.py:161} INFO - Started process (PID=9600) to work on /opt/airflow/dags/trigger_dag.py
[2024-02-25T21:00:11.963+0000] {processor.py:830} INFO - Processing file /opt/airflow/dags/trigger_dag.py for tasks to queue
[2024-02-25T21:00:11.964+0000] {logging_mixin.py:188} INFO - [2024-02-25T21:00:11.964+0000] {dagbag.py:538} INFO - Filling up the DagBag from /opt/airflow/dags/trigger_dag.py
[2024-02-25T21:00:12.470+0000] {processor.py:840} INFO - DAG(s) '1Trigger_dag' retrieved from /opt/airflow/dags/trigger_dag.py
[2024-02-25T21:00:12.489+0000] {logging_mixin.py:188} INFO - [2024-02-25T21:00:12.489+0000] {dag.py:3036} INFO - Sync 1 DAGs
[2024-02-25T21:00:12.512+0000] {logging_mixin.py:188} INFO - [2024-02-25T21:00:12.512+0000] {dag.py:3823} INFO - Setting next_dagrun for 1Trigger_dag to 2024-02-25 20:41:00+00:00, run_after=2024-02-25 21:01:00+00:00
[2024-02-25T21:00:12.533+0000] {processor.py:183} INFO - Processing /opt/airflow/dags/trigger_dag.py took 0.576 seconds
[2024-02-25T21:00:42.926+0000] {processor.py:161} INFO - Started process (PID=9663) to work on /opt/airflow/dags/trigger_dag.py
[2024-02-25T21:00:42.928+0000] {processor.py:830} INFO - Processing file /opt/airflow/dags/trigger_dag.py for tasks to queue
[2024-02-25T21:00:42.931+0000] {logging_mixin.py:188} INFO - [2024-02-25T21:00:42.930+0000] {dagbag.py:538} INFO - Filling up the DagBag from /opt/airflow/dags/trigger_dag.py
[2024-02-25T21:00:43.280+0000] {processor.py:840} INFO - DAG(s) '1Trigger_dag' retrieved from /opt/airflow/dags/trigger_dag.py
[2024-02-25T21:00:43.301+0000] {logging_mixin.py:188} INFO - [2024-02-25T21:00:43.301+0000] {dag.py:3036} INFO - Sync 1 DAGs
[2024-02-25T21:00:43.327+0000] {logging_mixin.py:188} INFO - [2024-02-25T21:00:43.327+0000] {dag.py:3823} INFO - Setting next_dagrun for 1Trigger_dag to 2024-02-25 20:41:00+00:00, run_after=2024-02-25 21:01:00+00:00
[2024-02-25T21:00:43.348+0000] {processor.py:183} INFO - Processing /opt/airflow/dags/trigger_dag.py took 0.426 seconds
[2024-02-25T21:01:13.647+0000] {processor.py:161} INFO - Started process (PID=9726) to work on /opt/airflow/dags/trigger_dag.py
[2024-02-25T21:01:13.649+0000] {processor.py:830} INFO - Processing file /opt/airflow/dags/trigger_dag.py for tasks to queue
[2024-02-25T21:01:13.650+0000] {logging_mixin.py:188} INFO - [2024-02-25T21:01:13.650+0000] {dagbag.py:538} INFO - Filling up the DagBag from /opt/airflow/dags/trigger_dag.py
[2024-02-25T21:01:13.989+0000] {processor.py:840} INFO - DAG(s) '1Trigger_dag' retrieved from /opt/airflow/dags/trigger_dag.py
[2024-02-25T21:01:14.028+0000] {logging_mixin.py:188} INFO - [2024-02-25T21:01:14.028+0000] {dag.py:3036} INFO - Sync 1 DAGs
[2024-02-25T21:01:14.055+0000] {logging_mixin.py:188} INFO - [2024-02-25T21:01:14.055+0000] {dag.py:3823} INFO - Setting next_dagrun for 1Trigger_dag to 2024-02-25 21:01:00+00:00, run_after=2024-02-25 21:21:00+00:00
[2024-02-25T21:01:14.083+0000] {processor.py:183} INFO - Processing /opt/airflow/dags/trigger_dag.py took 0.439 seconds
[2024-02-25T21:01:44.202+0000] {processor.py:161} INFO - Started process (PID=9789) to work on /opt/airflow/dags/trigger_dag.py
[2024-02-25T21:01:44.203+0000] {processor.py:830} INFO - Processing file /opt/airflow/dags/trigger_dag.py for tasks to queue
[2024-02-25T21:01:44.205+0000] {logging_mixin.py:188} INFO - [2024-02-25T21:01:44.205+0000] {dagbag.py:538} INFO - Filling up the DagBag from /opt/airflow/dags/trigger_dag.py
[2024-02-25T21:01:44.520+0000] {processor.py:840} INFO - DAG(s) '1Trigger_dag' retrieved from /opt/airflow/dags/trigger_dag.py
[2024-02-25T21:01:44.541+0000] {logging_mixin.py:188} INFO - [2024-02-25T21:01:44.540+0000] {dag.py:3036} INFO - Sync 1 DAGs
[2024-02-25T21:01:44.566+0000] {logging_mixin.py:188} INFO - [2024-02-25T21:01:44.565+0000] {dag.py:3823} INFO - Setting next_dagrun for 1Trigger_dag to 2024-02-25 21:01:00+00:00, run_after=2024-02-25 21:21:00+00:00
[2024-02-25T21:01:44.589+0000] {processor.py:183} INFO - Processing /opt/airflow/dags/trigger_dag.py took 0.391 seconds
[2024-02-25T21:02:14.791+0000] {processor.py:161} INFO - Started process (PID=9852) to work on /opt/airflow/dags/trigger_dag.py
[2024-02-25T21:02:14.792+0000] {processor.py:830} INFO - Processing file /opt/airflow/dags/trigger_dag.py for tasks to queue
[2024-02-25T21:02:14.794+0000] {logging_mixin.py:188} INFO - [2024-02-25T21:02:14.793+0000] {dagbag.py:538} INFO - Filling up the DagBag from /opt/airflow/dags/trigger_dag.py
[2024-02-25T21:02:15.130+0000] {processor.py:840} INFO - DAG(s) '1Trigger_dag' retrieved from /opt/airflow/dags/trigger_dag.py
[2024-02-25T21:02:15.150+0000] {logging_mixin.py:188} INFO - [2024-02-25T21:02:15.149+0000] {dag.py:3036} INFO - Sync 1 DAGs
[2024-02-25T21:02:15.175+0000] {logging_mixin.py:188} INFO - [2024-02-25T21:02:15.175+0000] {dag.py:3823} INFO - Setting next_dagrun for 1Trigger_dag to 2024-02-25 21:01:00+00:00, run_after=2024-02-25 21:21:00+00:00
[2024-02-25T21:02:15.197+0000] {processor.py:183} INFO - Processing /opt/airflow/dags/trigger_dag.py took 0.410 seconds
[2024-02-25T21:02:45.532+0000] {processor.py:161} INFO - Started process (PID=9915) to work on /opt/airflow/dags/trigger_dag.py
[2024-02-25T21:02:45.534+0000] {processor.py:830} INFO - Processing file /opt/airflow/dags/trigger_dag.py for tasks to queue
[2024-02-25T21:02:45.537+0000] {logging_mixin.py:188} INFO - [2024-02-25T21:02:45.536+0000] {dagbag.py:538} INFO - Filling up the DagBag from /opt/airflow/dags/trigger_dag.py
[2024-02-25T21:02:45.888+0000] {processor.py:840} INFO - DAG(s) '1Trigger_dag' retrieved from /opt/airflow/dags/trigger_dag.py
[2024-02-25T21:02:45.909+0000] {logging_mixin.py:188} INFO - [2024-02-25T21:02:45.908+0000] {dag.py:3036} INFO - Sync 1 DAGs
[2024-02-25T21:02:45.934+0000] {logging_mixin.py:188} INFO - [2024-02-25T21:02:45.934+0000] {dag.py:3823} INFO - Setting next_dagrun for 1Trigger_dag to 2024-02-25 21:01:00+00:00, run_after=2024-02-25 21:21:00+00:00
[2024-02-25T21:02:45.957+0000] {processor.py:183} INFO - Processing /opt/airflow/dags/trigger_dag.py took 0.433 seconds
[2024-02-25T21:03:16.174+0000] {processor.py:161} INFO - Started process (PID=9978) to work on /opt/airflow/dags/trigger_dag.py
[2024-02-25T21:03:16.175+0000] {processor.py:830} INFO - Processing file /opt/airflow/dags/trigger_dag.py for tasks to queue
[2024-02-25T21:03:16.177+0000] {logging_mixin.py:188} INFO - [2024-02-25T21:03:16.176+0000] {dagbag.py:538} INFO - Filling up the DagBag from /opt/airflow/dags/trigger_dag.py
[2024-02-25T21:03:16.495+0000] {processor.py:840} INFO - DAG(s) '1Trigger_dag' retrieved from /opt/airflow/dags/trigger_dag.py
[2024-02-25T21:03:16.518+0000] {logging_mixin.py:188} INFO - [2024-02-25T21:03:16.517+0000] {dag.py:3036} INFO - Sync 1 DAGs
[2024-02-25T21:03:16.542+0000] {logging_mixin.py:188} INFO - [2024-02-25T21:03:16.542+0000] {dag.py:3823} INFO - Setting next_dagrun for 1Trigger_dag to 2024-02-25 21:01:00+00:00, run_after=2024-02-25 21:21:00+00:00
[2024-02-25T21:03:16.564+0000] {processor.py:183} INFO - Processing /opt/airflow/dags/trigger_dag.py took 0.394 seconds
[2024-02-25T21:03:46.733+0000] {processor.py:161} INFO - Started process (PID=10041) to work on /opt/airflow/dags/trigger_dag.py
[2024-02-25T21:03:46.734+0000] {processor.py:830} INFO - Processing file /opt/airflow/dags/trigger_dag.py for tasks to queue
[2024-02-25T21:03:46.735+0000] {logging_mixin.py:188} INFO - [2024-02-25T21:03:46.735+0000] {dagbag.py:538} INFO - Filling up the DagBag from /opt/airflow/dags/trigger_dag.py
[2024-02-25T21:03:47.039+0000] {processor.py:840} INFO - DAG(s) '1Trigger_dag' retrieved from /opt/airflow/dags/trigger_dag.py
[2024-02-25T21:03:47.062+0000] {logging_mixin.py:188} INFO - [2024-02-25T21:03:47.061+0000] {dag.py:3036} INFO - Sync 1 DAGs
[2024-02-25T21:03:47.086+0000] {logging_mixin.py:188} INFO - [2024-02-25T21:03:47.086+0000] {dag.py:3823} INFO - Setting next_dagrun for 1Trigger_dag to 2024-02-25 21:01:00+00:00, run_after=2024-02-25 21:21:00+00:00
[2024-02-25T21:03:47.108+0000] {processor.py:183} INFO - Processing /opt/airflow/dags/trigger_dag.py took 0.379 seconds
[2024-02-25T21:04:17.251+0000] {processor.py:161} INFO - Started process (PID=10104) to work on /opt/airflow/dags/trigger_dag.py
[2024-02-25T21:04:17.252+0000] {processor.py:830} INFO - Processing file /opt/airflow/dags/trigger_dag.py for tasks to queue
[2024-02-25T21:04:17.254+0000] {logging_mixin.py:188} INFO - [2024-02-25T21:04:17.253+0000] {dagbag.py:538} INFO - Filling up the DagBag from /opt/airflow/dags/trigger_dag.py
[2024-02-25T21:04:17.570+0000] {processor.py:840} INFO - DAG(s) '1Trigger_dag' retrieved from /opt/airflow/dags/trigger_dag.py
[2024-02-25T21:04:17.594+0000] {logging_mixin.py:188} INFO - [2024-02-25T21:04:17.594+0000] {dag.py:3036} INFO - Sync 1 DAGs
[2024-02-25T21:04:17.620+0000] {logging_mixin.py:188} INFO - [2024-02-25T21:04:17.619+0000] {dag.py:3823} INFO - Setting next_dagrun for 1Trigger_dag to 2024-02-25 21:01:00+00:00, run_after=2024-02-25 21:21:00+00:00
[2024-02-25T21:04:17.642+0000] {processor.py:183} INFO - Processing /opt/airflow/dags/trigger_dag.py took 0.397 seconds
[2024-02-25T21:04:47.891+0000] {processor.py:161} INFO - Started process (PID=10167) to work on /opt/airflow/dags/trigger_dag.py
[2024-02-25T21:04:47.893+0000] {processor.py:830} INFO - Processing file /opt/airflow/dags/trigger_dag.py for tasks to queue
[2024-02-25T21:04:47.894+0000] {logging_mixin.py:188} INFO - [2024-02-25T21:04:47.893+0000] {dagbag.py:538} INFO - Filling up the DagBag from /opt/airflow/dags/trigger_dag.py
[2024-02-25T21:04:48.206+0000] {processor.py:840} INFO - DAG(s) '1Trigger_dag' retrieved from /opt/airflow/dags/trigger_dag.py
[2024-02-25T21:04:48.228+0000] {logging_mixin.py:188} INFO - [2024-02-25T21:04:48.228+0000] {dag.py:3036} INFO - Sync 1 DAGs
[2024-02-25T21:04:48.253+0000] {logging_mixin.py:188} INFO - [2024-02-25T21:04:48.253+0000] {dag.py:3823} INFO - Setting next_dagrun for 1Trigger_dag to 2024-02-25 21:01:00+00:00, run_after=2024-02-25 21:21:00+00:00
[2024-02-25T21:04:48.277+0000] {processor.py:183} INFO - Processing /opt/airflow/dags/trigger_dag.py took 0.390 seconds
