[2024-02-20T11:21:07.198+0000] {taskinstance.py:1956} INFO - Dependencies all met for dep_context=non-requeueable deps ti=<TaskInstance: 1Success_dag.create_db_schem manual__2024-02-20T00:00:00+00:00 [queued]>
[2024-02-20T11:21:07.210+0000] {taskinstance.py:1956} INFO - Dependencies all met for dep_context=requeueable deps ti=<TaskInstance: 1Success_dag.create_db_schem manual__2024-02-20T00:00:00+00:00 [queued]>
[2024-02-20T11:21:07.211+0000] {taskinstance.py:2170} INFO - Starting attempt 13 of 13
[2024-02-20T11:21:07.229+0000] {taskinstance.py:2191} INFO - Executing <Task(PostgresOperator): create_db_schem> on 2024-02-20 00:00:00+00:00
[2024-02-20T11:21:07.238+0000] {standard_task_runner.py:60} INFO - Started process 3399 to run task
[2024-02-20T11:21:07.238+0000] {standard_task_runner.py:87} INFO - Running: ['***', 'tasks', 'run', '1Success_dag', 'create_db_schem', 'manual__2024-02-20T00:00:00+00:00', '--job-id', '12514', '--raw', '--subdir', 'DAGS_FOLDER/success_dag.py', '--cfg-path', '/tmp/tmp6ha4wqjv']
[2024-02-20T11:21:07.239+0000] {standard_task_runner.py:88} INFO - Job 12514: Subtask create_db_schem
[2024-02-20T11:21:07.288+0000] {task_command.py:423} INFO - Running <TaskInstance: 1Success_dag.create_db_schem manual__2024-02-20T00:00:00+00:00 [running]> on host 06573eafe810
[2024-02-20T11:21:07.362+0000] {taskinstance.py:2480} INFO - Exporting env vars: AIRFLOW_CTX_DAG_OWNER='***' AIRFLOW_CTX_DAG_ID='1Success_dag' AIRFLOW_CTX_TASK_ID='create_db_schem' AIRFLOW_CTX_EXECUTION_DATE='2024-02-20T00:00:00+00:00' AIRFLOW_CTX_TRY_NUMBER='13' AIRFLOW_CTX_DAG_RUN_ID='manual__2024-02-20T00:00:00+00:00'
[2024-02-20T11:21:07.363+0000] {sql.py:276} INFO - Executing: 
        DROP TABLE weather_tab;
        CREATE TABLE weather_tab(
            id SERIAL PRIMARY KEY,
	        city varchar NULL,
	        dt date NULL,
	        hour int2 NULL,
	        temperature_c float8 NULL,
	        pressure float8 NULL,
	        is_rainy int NULL
    );
[2024-02-20T11:21:07.372+0000] {base.py:83} INFO - Using connection ID 'postgres_localhost' for task execution.
[2024-02-20T11:21:07.380+0000] {base.py:83} INFO - Using connection ID 'postgres_localhost' for task execution.
[2024-02-20T11:21:07.392+0000] {sql.py:450} INFO - Running statement: 
        DROP TABLE weather_tab;
        CREATE TABLE weather_tab(
            id SERIAL PRIMARY KEY,
	        city varchar NULL,
	        dt date NULL,
	        hour int2 NULL,
	        temperature_c float8 NULL,
	        pressure float8 NULL,
	        is_rainy int NULL
    );, parameters: None
[2024-02-20T11:21:07.437+0000] {taskinstance.py:1138} INFO - Marking task as SUCCESS. dag_id=1Success_dag, task_id=create_db_schem, execution_date=20240220T000000, start_date=20240220T112107, end_date=20240220T112107
[2024-02-20T11:21:07.493+0000] {local_task_job_runner.py:234} INFO - Task exited with return code 0
[2024-02-20T11:21:07.520+0000] {taskinstance.py:3280} INFO - 1 downstream tasks scheduled from follow-on schedule check
