[2024-02-13T12:33:48.340+0000] {taskinstance.py:1956} INFO - Dependencies all met for dep_context=non-requeueable deps ti=<TaskInstance: Weather_DAG_V5.4.create_db_schem scheduled__2024-02-13T12:16:00+00:00 [queued]>
[2024-02-13T12:33:48.365+0000] {taskinstance.py:1956} INFO - Dependencies all met for dep_context=requeueable deps ti=<TaskInstance: Weather_DAG_V5.4.create_db_schem scheduled__2024-02-13T12:16:00+00:00 [queued]>
[2024-02-13T12:33:48.367+0000] {taskinstance.py:2170} INFO - Starting attempt 1 of 1
[2024-02-13T12:33:48.445+0000] {taskinstance.py:2191} INFO - Executing <Task(PostgresOperator): create_db_schem> on 2024-02-13 12:16:00+00:00
[2024-02-13T12:33:48.457+0000] {standard_task_runner.py:60} INFO - Started process 5731 to run task
[2024-02-13T12:33:48.483+0000] {standard_task_runner.py:87} INFO - Running: ['***', 'tasks', 'run', 'Weather_DAG_V5.4', 'create_db_schem', 'scheduled__2024-02-13T12:16:00+00:00', '--job-id', '11589', '--raw', '--subdir', 'DAGS_FOLDER/Weather_dag.py', '--cfg-path', '/tmp/tmp7xu4ezia']
[2024-02-13T12:33:48.490+0000] {standard_task_runner.py:88} INFO - Job 11589: Subtask create_db_schem
[2024-02-13T12:33:48.723+0000] {task_command.py:423} INFO - Running <TaskInstance: Weather_DAG_V5.4.create_db_schem scheduled__2024-02-13T12:16:00+00:00 [running]> on host 06573eafe810
[2024-02-13T12:33:48.995+0000] {taskinstance.py:2480} INFO - Exporting env vars: AIRFLOW_CTX_DAG_OWNER='***' AIRFLOW_CTX_DAG_ID='Weather_DAG_V5.4' AIRFLOW_CTX_TASK_ID='create_db_schem' AIRFLOW_CTX_EXECUTION_DATE='2024-02-13T12:16:00+00:00' AIRFLOW_CTX_TRY_NUMBER='1' AIRFLOW_CTX_DAG_RUN_ID='scheduled__2024-02-13T12:16:00+00:00'
[2024-02-13T12:33:48.998+0000] {sql.py:276} INFO - Executing: 
        DROP TABLE weather_tab;
        CREATE TABLE weather_tab(
            id SERIAL PRIMARY KEY,
	        city varchar NULL,
	        dt date NULL,
	        hour int2 NULL,
	        temperature_c float8 NULL,
	        pressure float8 NULL,
	        is_rainy int NULL
    );
[2024-02-13T12:33:49.041+0000] {base.py:83} INFO - Using connection ID 'postgres_localhost' for task execution.
[2024-02-13T12:33:49.062+0000] {base.py:83} INFO - Using connection ID 'postgres_localhost' for task execution.
[2024-02-13T12:33:49.077+0000] {sql.py:450} INFO - Running statement: 
        DROP TABLE weather_tab;
        CREATE TABLE weather_tab(
            id SERIAL PRIMARY KEY,
	        city varchar NULL,
	        dt date NULL,
	        hour int2 NULL,
	        temperature_c float8 NULL,
	        pressure float8 NULL,
	        is_rainy int NULL
    );, parameters: None
[2024-02-13T12:33:49.171+0000] {taskinstance.py:1138} INFO - Marking task as SUCCESS. dag_id=Weather_DAG_V5.4, task_id=create_db_schem, execution_date=20240213T121600, start_date=20240213T123348, end_date=20240213T123349
[2024-02-13T12:33:49.232+0000] {local_task_job_runner.py:234} INFO - Task exited with return code 0
[2024-02-13T12:33:49.290+0000] {taskinstance.py:3280} INFO - 1 downstream tasks scheduled from follow-on schedule check
