[2024-02-12T12:51:46.949+0000] {taskinstance.py:1956} INFO - Dependencies all met for dep_context=non-requeueable deps ti=<TaskInstance: Weather_DAG_V4.4.data_to_db scheduled__2024-02-12T04:46:00+00:00 [queued]>
[2024-02-12T12:51:47.005+0000] {taskinstance.py:1956} INFO - Dependencies all met for dep_context=requeueable deps ti=<TaskInstance: Weather_DAG_V4.4.data_to_db scheduled__2024-02-12T04:46:00+00:00 [queued]>
[2024-02-12T12:51:47.019+0000] {taskinstance.py:2170} INFO - Starting attempt 1 of 1
[2024-02-12T12:51:47.130+0000] {taskinstance.py:2191} INFO - Executing <Task(PostgresOperator): data_to_db> on 2024-02-12 04:46:00+00:00
[2024-02-12T12:51:47.168+0000] {standard_task_runner.py:60} INFO - Started process 13377 to run task
[2024-02-12T12:51:47.262+0000] {standard_task_runner.py:87} INFO - Running: ['***', 'tasks', 'run', 'Weather_DAG_V4.4', 'data_to_db', 'scheduled__2024-02-12T04:46:00+00:00', '--job-id', '8850', '--raw', '--subdir', 'DAGS_FOLDER/Weather_dag.py', '--cfg-path', '/tmp/tmpud7ogmw5']
[2024-02-12T12:51:47.266+0000] {standard_task_runner.py:88} INFO - Job 8850: Subtask data_to_db
[2024-02-12T12:51:47.645+0000] {task_command.py:423} INFO - Running <TaskInstance: Weather_DAG_V4.4.data_to_db scheduled__2024-02-12T04:46:00+00:00 [running]> on host 06573eafe810
[2024-02-12T12:51:48.197+0000] {taskinstance.py:2480} INFO - Exporting env vars: AIRFLOW_CTX_DAG_OWNER='***' AIRFLOW_CTX_DAG_ID='Weather_DAG_V4.4' AIRFLOW_CTX_TASK_ID='data_to_db' AIRFLOW_CTX_EXECUTION_DATE='2024-02-12T04:46:00+00:00' AIRFLOW_CTX_TRY_NUMBER='1' AIRFLOW_CTX_DAG_RUN_ID='scheduled__2024-02-12T04:46:00+00:00'
[2024-02-12T12:51:48.199+0000] {sql.py:276} INFO - Executing: 
        COPY persons(first_name, last_name, dob, email)
        FROM weather.csv
        DELIMITER ','
        CSV HEADER;
[2024-02-12T12:51:48.266+0000] {base.py:83} INFO - Using connection ID 'postgres_localhost' for task execution.
[2024-02-12T12:51:48.328+0000] {base.py:83} INFO - Using connection ID 'postgres_localhost' for task execution.
[2024-02-12T12:51:48.366+0000] {sql.py:450} INFO - Running statement: 
        COPY persons(first_name, last_name, dob, email)
        FROM weather.csv
        DELIMITER ','
        CSV HEADER;, parameters: None
[2024-02-12T12:51:48.389+0000] {taskinstance.py:2698} ERROR - Task failed with exception
Traceback (most recent call last):
  File "/home/airflow/.local/lib/python3.8/site-packages/airflow/models/taskinstance.py", line 433, in _execute_task
    result = execute_callable(context=context, **execute_callable_kwargs)
  File "/home/airflow/.local/lib/python3.8/site-packages/airflow/providers/common/sql/operators/sql.py", line 282, in execute
    output = hook.run(
  File "/home/airflow/.local/lib/python3.8/site-packages/airflow/providers/common/sql/hooks/sql.py", line 398, in run
    self._run_command(cur, sql_statement, parameters)
  File "/home/airflow/.local/lib/python3.8/site-packages/airflow/providers/common/sql/hooks/sql.py", line 455, in _run_command
    cur.execute(sql_statement)
psycopg2.errors.SyntaxError: syntax error at or near "weather"
LINE 3:         FROM weather.csv
                     ^

[2024-02-12T12:51:48.488+0000] {taskinstance.py:1138} INFO - Marking task as FAILED. dag_id=Weather_DAG_V4.4, task_id=data_to_db, execution_date=20240212T044600, start_date=20240212T125146, end_date=20240212T125148
[2024-02-12T12:51:48.551+0000] {standard_task_runner.py:107} ERROR - Failed to execute job 8850 for task data_to_db (syntax error at or near "weather"
LINE 3:         FROM weather.csv
                     ^
; 13377)
[2024-02-12T12:51:48.640+0000] {local_task_job_runner.py:234} INFO - Task exited with return code 1
[2024-02-12T12:51:48.727+0000] {taskinstance.py:3280} INFO - 0 downstream tasks scheduled from follow-on schedule check
