[2024-02-12T10:21:53.781+0000] {taskinstance.py:1956} INFO - Dependencies all met for dep_context=non-requeueable deps ti=<TaskInstance: Weather_DAG_V3.13.data_to_db scheduled__2024-02-12T00:26:00+00:00 [queued]>
[2024-02-12T10:21:53.825+0000] {taskinstance.py:1956} INFO - Dependencies all met for dep_context=requeueable deps ti=<TaskInstance: Weather_DAG_V3.13.data_to_db scheduled__2024-02-12T00:26:00+00:00 [queued]>
[2024-02-12T10:21:53.826+0000] {taskinstance.py:2170} INFO - Starting attempt 1 of 1
[2024-02-12T10:21:53.952+0000] {taskinstance.py:2191} INFO - Executing <Task(PythonOperator): data_to_db> on 2024-02-12 00:26:00+00:00
[2024-02-12T10:21:54.014+0000] {standard_task_runner.py:60} INFO - Started process 5307 to run task
[2024-02-12T10:21:54.031+0000] {standard_task_runner.py:87} INFO - Running: ['***', 'tasks', 'run', 'Weather_DAG_V3.13', 'data_to_db', 'scheduled__2024-02-12T00:26:00+00:00', '--job-id', '6859', '--raw', '--subdir', 'DAGS_FOLDER/Weather_dag.py', '--cfg-path', '/tmp/tmprj43grpg']
[2024-02-12T10:21:54.047+0000] {standard_task_runner.py:88} INFO - Job 6859: Subtask data_to_db
[2024-02-12T10:21:54.194+0000] {task_command.py:423} INFO - Running <TaskInstance: Weather_DAG_V3.13.data_to_db scheduled__2024-02-12T00:26:00+00:00 [running]> on host 06573eafe810
[2024-02-12T10:21:54.470+0000] {taskinstance.py:2480} INFO - Exporting env vars: AIRFLOW_CTX_DAG_OWNER='***' AIRFLOW_CTX_DAG_ID='Weather_DAG_V3.13' AIRFLOW_CTX_TASK_ID='data_to_db' AIRFLOW_CTX_EXECUTION_DATE='2024-02-12T00:26:00+00:00' AIRFLOW_CTX_TRY_NUMBER='1' AIRFLOW_CTX_DAG_RUN_ID='scheduled__2024-02-12T00:26:00+00:00'
[2024-02-12T10:21:54.551+0000] {taskinstance.py:2698} ERROR - Task failed with exception
Traceback (most recent call last):
  File "/home/airflow/.local/lib/python3.8/site-packages/airflow/models/taskinstance.py", line 433, in _execute_task
    result = execute_callable(context=context, **execute_callable_kwargs)
  File "/home/airflow/.local/lib/python3.8/site-packages/airflow/operators/python.py", line 199, in execute
    return_value = self.execute_callable()
  File "/home/airflow/.local/lib/python3.8/site-packages/airflow/operators/python.py", line 216, in execute_callable
    return self.python_callable(*self.op_args, **self.op_kwargs)
  File "/opt/airflow/dags/Weather_dag.py", line 76, in csv_db
    hook.execut(f"""
AttributeError: 'PostgresHook' object has no attribute 'execut'
[2024-02-12T10:21:54.583+0000] {taskinstance.py:1138} INFO - Marking task as FAILED. dag_id=Weather_DAG_V3.13, task_id=data_to_db, execution_date=20240212T002600, start_date=20240212T102153, end_date=20240212T102154
[2024-02-12T10:21:54.635+0000] {standard_task_runner.py:107} ERROR - Failed to execute job 6859 for task data_to_db ('PostgresHook' object has no attribute 'execut'; 5307)
[2024-02-12T10:21:54.687+0000] {local_task_job_runner.py:234} INFO - Task exited with return code 1
[2024-02-12T10:21:54.742+0000] {taskinstance.py:3280} INFO - 0 downstream tasks scheduled from follow-on schedule check
