[2024-02-13T14:32:39.229+0000] {taskinstance.py:1956} INFO - Dependencies all met for dep_context=non-requeueable deps ti=<TaskInstance: Weather_DAG_V5.4.data_to_db scheduled__2024-02-13T14:21:00+00:00 [queued]>
[2024-02-13T14:32:39.278+0000] {taskinstance.py:1956} INFO - Dependencies all met for dep_context=requeueable deps ti=<TaskInstance: Weather_DAG_V5.4.data_to_db scheduled__2024-02-13T14:21:00+00:00 [queued]>
[2024-02-13T14:32:39.280+0000] {taskinstance.py:2170} INFO - Starting attempt 1 of 1
[2024-02-13T14:32:39.330+0000] {taskinstance.py:2191} INFO - Executing <Task(PythonOperator): data_to_db> on 2024-02-13 14:21:00+00:00
[2024-02-13T14:32:39.346+0000] {standard_task_runner.py:60} INFO - Started process 7846 to run task
[2024-02-13T14:32:39.384+0000] {standard_task_runner.py:87} INFO - Running: ['***', 'tasks', 'run', 'Weather_DAG_V5.4', 'data_to_db', 'scheduled__2024-02-13T14:21:00+00:00', '--job-id', '11709', '--raw', '--subdir', 'DAGS_FOLDER/Weather_dag.py', '--cfg-path', '/tmp/tmpqtaypkj_']
[2024-02-13T14:32:39.399+0000] {standard_task_runner.py:88} INFO - Job 11709: Subtask data_to_db
[2024-02-13T14:32:39.608+0000] {task_command.py:423} INFO - Running <TaskInstance: Weather_DAG_V5.4.data_to_db scheduled__2024-02-13T14:21:00+00:00 [running]> on host 06573eafe810
[2024-02-13T14:32:39.830+0000] {taskinstance.py:2480} INFO - Exporting env vars: AIRFLOW_CTX_DAG_OWNER='***' AIRFLOW_CTX_DAG_ID='Weather_DAG_V5.4' AIRFLOW_CTX_TASK_ID='data_to_db' AIRFLOW_CTX_EXECUTION_DATE='2024-02-13T14:21:00+00:00' AIRFLOW_CTX_TRY_NUMBER='1' AIRFLOW_CTX_DAG_RUN_ID='scheduled__2024-02-13T14:21:00+00:00'
[2024-02-13T14:32:39.833+0000] {logging_mixin.py:188} INFO - /opt/***
[2024-02-13T14:32:39.854+0000] {base.py:83} INFO - Using connection ID 'postgres_localhost' for task execution.
[2024-02-13T14:32:39.870+0000] {Weather_dag.py:84} INFO - columns: City,dt,hour,temperature_c,pressure,is_rainy
[2024-02-13T14:32:39.874+0000] {Weather_dag.py:95} INFO - columns: City,dt,hour,temperature_c,pressure,is_rainy
[2024-02-13T14:32:39.876+0000] {Weather_dag.py:99} INFO - values: VALUES(%s,%s,%s,%s,%s,%s)
[2024-02-13T14:32:39.878+0000] {Weather_dag.py:103} INFO - type values: <class 'dict'>
[2024-02-13T14:32:39.879+0000] {Weather_dag.py:104} INFO - type insert_stmt: <class 'str'>
[2024-02-13T14:32:39.880+0000] {taskinstance.py:2698} ERROR - Task failed with exception
Traceback (most recent call last):
  File "/home/airflow/.local/lib/python3.8/site-packages/airflow/models/taskinstance.py", line 433, in _execute_task
    result = execute_callable(context=context, **execute_callable_kwargs)
  File "/home/airflow/.local/lib/python3.8/site-packages/airflow/operators/python.py", line 199, in execute
    return_value = self.execute_callable()
  File "/home/airflow/.local/lib/python3.8/site-packages/airflow/operators/python.py", line 216, in execute_callable
    return self.python_callable(*self.op_args, **self.op_kwargs)
  File "/opt/airflow/dags/Weather_dag.py", line 106, in csv_db
    psycopg2.extras.execute_batch(pCursor, insert_stmt, values_dict)
  File "/home/airflow/.local/lib/python3.8/site-packages/psycopg2/extras.py", line 1215, in execute_batch
    sqls = [cur.mogrify(sql, args) for args in page]
  File "/home/airflow/.local/lib/python3.8/site-packages/psycopg2/extras.py", line 1215, in <listcomp>
    sqls = [cur.mogrify(sql, args) for args in page]
IndexError: string index out of range
[2024-02-13T14:32:39.911+0000] {taskinstance.py:1138} INFO - Marking task as FAILED. dag_id=Weather_DAG_V5.4, task_id=data_to_db, execution_date=20240213T142100, start_date=20240213T143239, end_date=20240213T143239
[2024-02-13T14:32:39.935+0000] {standard_task_runner.py:107} ERROR - Failed to execute job 11709 for task data_to_db (string index out of range; 7846)
[2024-02-13T14:32:39.959+0000] {local_task_job_runner.py:234} INFO - Task exited with return code 1
[2024-02-13T14:32:40.002+0000] {taskinstance.py:3280} INFO - 0 downstream tasks scheduled from follow-on schedule check
