[2024-02-12T13:19:15.114+0000] {taskinstance.py:1956} INFO - Dependencies all met for dep_context=non-requeueable deps ti=<TaskInstance: Weather_DAG_V4.8.data_to_db scheduled__2024-02-12T05:31:00+00:00 [queued]>
[2024-02-12T13:19:15.208+0000] {taskinstance.py:1956} INFO - Dependencies all met for dep_context=requeueable deps ti=<TaskInstance: Weather_DAG_V4.8.data_to_db scheduled__2024-02-12T05:31:00+00:00 [queued]>
[2024-02-12T13:19:15.209+0000] {taskinstance.py:2170} INFO - Starting attempt 1 of 1
[2024-02-12T13:19:15.330+0000] {taskinstance.py:2191} INFO - Executing <Task(PostgresOperator): data_to_db> on 2024-02-12 05:31:00+00:00
[2024-02-12T13:19:15.365+0000] {standard_task_runner.py:60} INFO - Started process 16649 to run task
[2024-02-12T13:19:15.392+0000] {standard_task_runner.py:87} INFO - Running: ['***', 'tasks', 'run', 'Weather_DAG_V4.8', 'data_to_db', 'scheduled__2024-02-12T05:31:00+00:00', '--job-id', '9817', '--raw', '--subdir', 'DAGS_FOLDER/Weather_dag.py', '--cfg-path', '/tmp/tmpy43ne0yg']
[2024-02-12T13:19:15.418+0000] {standard_task_runner.py:88} INFO - Job 9817: Subtask data_to_db
[2024-02-12T13:19:15.796+0000] {task_command.py:423} INFO - Running <TaskInstance: Weather_DAG_V4.8.data_to_db scheduled__2024-02-12T05:31:00+00:00 [running]> on host 06573eafe810
[2024-02-12T13:19:16.536+0000] {taskinstance.py:2480} INFO - Exporting env vars: AIRFLOW_CTX_DAG_OWNER='***' AIRFLOW_CTX_DAG_ID='Weather_DAG_V4.8' AIRFLOW_CTX_TASK_ID='data_to_db' AIRFLOW_CTX_EXECUTION_DATE='2024-02-12T05:31:00+00:00' AIRFLOW_CTX_TRY_NUMBER='1' AIRFLOW_CTX_DAG_RUN_ID='scheduled__2024-02-12T05:31:00+00:00'
[2024-02-12T13:19:16.551+0000] {sql.py:276} INFO - Executing: 
        COPY weather_tab(city, dt, houur, temperature_c, pressure_mm, is_rainy)
        FROM '/weather.csv'
        DELIMITER ','
        CSV HEADER;
[2024-02-12T13:19:16.626+0000] {base.py:83} INFO - Using connection ID 'postgres_localhost' for task execution.
[2024-02-12T13:19:16.700+0000] {base.py:83} INFO - Using connection ID 'postgres_localhost' for task execution.
[2024-02-12T13:19:16.777+0000] {sql.py:450} INFO - Running statement: 
        COPY weather_tab(city, dt, houur, temperature_c, pressure_mm, is_rainy)
        FROM '/weather.csv'
        DELIMITER ','
        CSV HEADER;, parameters: None
[2024-02-12T13:19:16.791+0000] {taskinstance.py:2698} ERROR - Task failed with exception
Traceback (most recent call last):
  File "/home/airflow/.local/lib/python3.8/site-packages/airflow/models/taskinstance.py", line 433, in _execute_task
    result = execute_callable(context=context, **execute_callable_kwargs)
  File "/home/airflow/.local/lib/python3.8/site-packages/airflow/providers/common/sql/operators/sql.py", line 282, in execute
    output = hook.run(
  File "/home/airflow/.local/lib/python3.8/site-packages/airflow/providers/common/sql/hooks/sql.py", line 398, in run
    self._run_command(cur, sql_statement, parameters)
  File "/home/airflow/.local/lib/python3.8/site-packages/airflow/providers/common/sql/hooks/sql.py", line 455, in _run_command
    cur.execute(sql_statement)
psycopg2.errors.UndefinedFile: could not open file "/weather.csv" for reading: No such file or directory
HINT:  COPY FROM instructs the PostgreSQL server process to read a file. You may want a client-side facility such as psql's \copy.

[2024-02-12T13:19:16.801+0000] {taskinstance.py:1138} INFO - Marking task as FAILED. dag_id=Weather_DAG_V4.8, task_id=data_to_db, execution_date=20240212T053100, start_date=20240212T131915, end_date=20240212T131916
[2024-02-12T13:19:16.831+0000] {standard_task_runner.py:107} ERROR - Failed to execute job 9817 for task data_to_db (could not open file "/weather.csv" for reading: No such file or directory
HINT:  COPY FROM instructs the PostgreSQL server process to read a file. You may want a client-side facility such as psql's \copy.
; 16649)
[2024-02-12T13:19:16.888+0000] {local_task_job_runner.py:234} INFO - Task exited with return code 1
[2024-02-12T13:19:16.930+0000] {taskinstance.py:3280} INFO - 0 downstream tasks scheduled from follow-on schedule check
