[2024-02-08T11:34:43.704+0000] {taskinstance.py:1956} INFO - Dependencies all met for dep_context=non-requeueable deps ti=<TaskInstance: weather_dag.get_weather scheduled__2024-02-08T11:21:00+00:00 [queued]>
[2024-02-08T11:34:43.716+0000] {taskinstance.py:1956} INFO - Dependencies all met for dep_context=requeueable deps ti=<TaskInstance: weather_dag.get_weather scheduled__2024-02-08T11:21:00+00:00 [queued]>
[2024-02-08T11:34:43.717+0000] {taskinstance.py:2170} INFO - Starting attempt 1 of 2
[2024-02-08T11:34:43.737+0000] {taskinstance.py:2191} INFO - Executing <Task(PythonOperator): get_weather> on 2024-02-08 11:21:00+00:00
[2024-02-08T11:34:43.746+0000] {standard_task_runner.py:60} INFO - Started process 2171 to run task
[2024-02-08T11:34:43.753+0000] {standard_task_runner.py:87} INFO - Running: ['***', 'tasks', 'run', 'weather_dag', 'get_weather', 'scheduled__2024-02-08T11:21:00+00:00', '--job-id', '302', '--raw', '--subdir', 'DAGS_FOLDER/Weather_dag.py', '--cfg-path', '/tmp/tmpa2fsq1v9']
[2024-02-08T11:34:43.754+0000] {standard_task_runner.py:88} INFO - Job 302: Subtask get_weather
[2024-02-08T11:34:43.855+0000] {task_command.py:423} INFO - Running <TaskInstance: weather_dag.get_weather scheduled__2024-02-08T11:21:00+00:00 [running]> on host 06573eafe810
[2024-02-08T11:34:43.956+0000] {taskinstance.py:2480} INFO - Exporting env vars: AIRFLOW_CTX_DAG_OWNER='***' AIRFLOW_CTX_DAG_ID='weather_dag' AIRFLOW_CTX_TASK_ID='get_weather' AIRFLOW_CTX_EXECUTION_DATE='2024-02-08T11:21:00+00:00' AIRFLOW_CTX_TRY_NUMBER='1' AIRFLOW_CTX_DAG_RUN_ID='scheduled__2024-02-08T11:21:00+00:00'
[2024-02-08T11:34:45.077+0000] {python.py:201} INFO - Done. Returned value was: None
[2024-02-08T11:34:45.088+0000] {taskinstance.py:1138} INFO - Marking task as SUCCESS. dag_id=weather_dag, task_id=get_weather, execution_date=20240208T112100, start_date=20240208T113443, end_date=20240208T113445
[2024-02-08T11:34:45.141+0000] {local_task_job_runner.py:234} INFO - Task exited with return code 0
[2024-02-08T11:34:45.181+0000] {taskinstance.py:3280} INFO - 1 downstream tasks scheduled from follow-on schedule check
[2024-02-08T11:56:51.663+0000] {taskinstance.py:1956} INFO - Dependencies all met for dep_context=non-requeueable deps ti=<TaskInstance: Weather_DAG.get_weather scheduled__2024-02-08T11:21:00+00:00 [queued]>
[2024-02-08T11:56:51.790+0000] {taskinstance.py:1956} INFO - Dependencies all met for dep_context=requeueable deps ti=<TaskInstance: Weather_DAG.get_weather scheduled__2024-02-08T11:21:00+00:00 [queued]>
[2024-02-08T11:56:51.794+0000] {taskinstance.py:2170} INFO - Starting attempt 1 of 2
[2024-02-08T11:56:52.074+0000] {taskinstance.py:2191} INFO - Executing <Task(PythonOperator): get_weather> on 2024-02-08 11:21:00+00:00
[2024-02-08T11:56:52.196+0000] {standard_task_runner.py:60} INFO - Started process 2531 to run task
[2024-02-08T11:56:52.228+0000] {standard_task_runner.py:87} INFO - Running: ['***', 'tasks', 'run', 'Weather_DAG', 'get_weather', 'scheduled__2024-02-08T11:21:00+00:00', '--job-id', '350', '--raw', '--subdir', 'DAGS_FOLDER/Weather_dag.py', '--cfg-path', '/tmp/tmpil5_t_4k']
[2024-02-08T11:56:52.245+0000] {standard_task_runner.py:88} INFO - Job 350: Subtask get_weather
[2024-02-08T11:56:52.587+0000] {task_command.py:423} INFO - Running <TaskInstance: Weather_DAG.get_weather scheduled__2024-02-08T11:21:00+00:00 [running]> on host 06573eafe810
[2024-02-08T11:56:53.281+0000] {taskinstance.py:2480} INFO - Exporting env vars: AIRFLOW_CTX_DAG_OWNER='***' AIRFLOW_CTX_DAG_ID='Weather_DAG' AIRFLOW_CTX_TASK_ID='get_weather' AIRFLOW_CTX_EXECUTION_DATE='2024-02-08T11:21:00+00:00' AIRFLOW_CTX_TRY_NUMBER='1' AIRFLOW_CTX_DAG_RUN_ID='scheduled__2024-02-08T11:21:00+00:00'
[2024-02-08T11:56:55.533+0000] {python.py:201} INFO - Done. Returned value was: None
[2024-02-08T11:56:55.553+0000] {taskinstance.py:1138} INFO - Marking task as SUCCESS. dag_id=Weather_DAG, task_id=get_weather, execution_date=20240208T112100, start_date=20240208T115651, end_date=20240208T115655
[2024-02-08T11:56:55.745+0000] {local_task_job_runner.py:234} INFO - Task exited with return code 0
[2024-02-08T11:56:56.019+0000] {taskinstance.py:3280} INFO - 1 downstream tasks scheduled from follow-on schedule check
