[2024-02-09T11:05:54.127+0000] {taskinstance.py:1956} INFO - Dependencies all met for dep_context=non-requeueable deps ti=<TaskInstance: Weather_DAG_V3.create_db_schem scheduled__2024-02-09T00:31:00+00:00 [queued]>
[2024-02-09T11:05:54.150+0000] {taskinstance.py:1956} INFO - Dependencies all met for dep_context=requeueable deps ti=<TaskInstance: Weather_DAG_V3.create_db_schem scheduled__2024-02-09T00:31:00+00:00 [queued]>
[2024-02-09T11:05:54.151+0000] {taskinstance.py:2170} INFO - Starting attempt 1 of 2
[2024-02-09T11:05:54.207+0000] {taskinstance.py:2191} INFO - Executing <Task(PostgresOperator): create_db_schem> on 2024-02-09 00:31:00+00:00
[2024-02-09T11:05:54.218+0000] {standard_task_runner.py:60} INFO - Started process 7221 to run task
[2024-02-09T11:05:54.247+0000] {standard_task_runner.py:87} INFO - Running: ['***', 'tasks', 'run', 'Weather_DAG_V3', 'create_db_schem', 'scheduled__2024-02-09T00:31:00+00:00', '--job-id', '2563', '--raw', '--subdir', 'DAGS_FOLDER/Weather_dag.py', '--cfg-path', '/tmp/tmp2zakxrq5']
[2024-02-09T11:05:54.264+0000] {standard_task_runner.py:88} INFO - Job 2563: Subtask create_db_schem
[2024-02-09T11:05:54.537+0000] {task_command.py:423} INFO - Running <TaskInstance: Weather_DAG_V3.create_db_schem scheduled__2024-02-09T00:31:00+00:00 [running]> on host 06573eafe810
[2024-02-09T11:05:54.982+0000] {taskinstance.py:2480} INFO - Exporting env vars: AIRFLOW_CTX_DAG_OWNER='***' AIRFLOW_CTX_DAG_ID='Weather_DAG_V3' AIRFLOW_CTX_TASK_ID='create_db_schem' AIRFLOW_CTX_EXECUTION_DATE='2024-02-09T00:31:00+00:00' AIRFLOW_CTX_TRY_NUMBER='1' AIRFLOW_CTX_DAG_RUN_ID='scheduled__2024-02-09T00:31:00+00:00'
[2024-02-09T11:05:54.983+0000] {sql.py:276} INFO - Executing: 
        CREATE TABLE IF NOT EXISTS weather_tab(
            id serial PRIMARY KEY,
            city varchar,
            dt date,
            houur smallint,
            temperature_c float,
            pressure_mm float,
            is_rainy boolean
            )
[2024-02-09T11:05:55.030+0000] {base.py:83} INFO - Using connection ID 'postgres_localhost' for task execution.
[2024-02-09T11:05:55.088+0000] {base.py:83} INFO - Using connection ID 'postgres_localhost' for task execution.
[2024-02-09T11:05:55.109+0000] {sql.py:450} INFO - Running statement: 
        CREATE TABLE IF NOT EXISTS weather_tab(
            id serial PRIMARY KEY,
            city varchar,
            dt date,
            houur smallint,
            temperature_c float,
            pressure_mm float,
            is_rainy boolean
            ), parameters: None
[2024-02-09T11:05:55.146+0000] {taskinstance.py:1138} INFO - Marking task as SUCCESS. dag_id=Weather_DAG_V3, task_id=create_db_schem, execution_date=20240209T003100, start_date=20240209T110554, end_date=20240209T110555
[2024-02-09T11:05:55.251+0000] {local_task_job_runner.py:234} INFO - Task exited with return code 0
[2024-02-09T11:05:55.413+0000] {taskinstance.py:3280} INFO - 1 downstream tasks scheduled from follow-on schedule check
