[2024-02-09T11:46:44.287+0000] {taskinstance.py:1956} INFO - Dependencies all met for dep_context=non-requeueable deps ti=<TaskInstance: Weather_DAG_V2.2.data_to_db scheduled__2024-02-09T01:36:00+00:00 [queued]>
[2024-02-09T11:46:44.445+0000] {taskinstance.py:1956} INFO - Dependencies all met for dep_context=requeueable deps ti=<TaskInstance: Weather_DAG_V2.2.data_to_db scheduled__2024-02-09T01:36:00+00:00 [queued]>
[2024-02-09T11:46:44.449+0000] {taskinstance.py:2170} INFO - Starting attempt 1 of 2
[2024-02-09T11:46:44.565+0000] {taskinstance.py:2191} INFO - Executing <Task(PythonOperator): data_to_db> on 2024-02-09 01:36:00+00:00
[2024-02-09T11:46:44.603+0000] {standard_task_runner.py:60} INFO - Started process 9815 to run task
[2024-02-09T11:46:44.646+0000] {standard_task_runner.py:87} INFO - Running: ['***', 'tasks', 'run', 'Weather_DAG_V2.2', 'data_to_db', 'scheduled__2024-02-09T01:36:00+00:00', '--job-id', '3225', '--raw', '--subdir', 'DAGS_FOLDER/Weather_dag.py', '--cfg-path', '/tmp/tmp_eesqxx2']
[2024-02-09T11:46:44.662+0000] {standard_task_runner.py:88} INFO - Job 3225: Subtask data_to_db
[2024-02-09T11:46:45.049+0000] {task_command.py:423} INFO - Running <TaskInstance: Weather_DAG_V2.2.data_to_db scheduled__2024-02-09T01:36:00+00:00 [running]> on host 06573eafe810
[2024-02-09T11:46:45.703+0000] {taskinstance.py:2480} INFO - Exporting env vars: AIRFLOW_CTX_DAG_OWNER='***' AIRFLOW_CTX_DAG_ID='Weather_DAG_V2.2' AIRFLOW_CTX_TASK_ID='data_to_db' AIRFLOW_CTX_EXECUTION_DATE='2024-02-09T01:36:00+00:00' AIRFLOW_CTX_TRY_NUMBER='1' AIRFLOW_CTX_DAG_RUN_ID='scheduled__2024-02-09T01:36:00+00:00'
[2024-02-09T11:46:45.828+0000] {base.py:83} INFO - Using connection ID 'postgres_localhost' for task execution.
[2024-02-09T11:46:45.910+0000] {taskinstance.py:2698} ERROR - Task failed with exception
Traceback (most recent call last):
  File "/home/airflow/.local/lib/python3.8/site-packages/airflow/models/taskinstance.py", line 433, in _execute_task
    result = execute_callable(context=context, **execute_callable_kwargs)
  File "/home/airflow/.local/lib/python3.8/site-packages/airflow/operators/python.py", line 199, in execute
    return_value = self.execute_callable()
  File "/home/airflow/.local/lib/python3.8/site-packages/airflow/operators/python.py", line 216, in execute_callable
    return self.python_callable(*self.op_args, **self.op_kwargs)
  File "/opt/airflow/dags/Weather_dag.py", line 72, in csv_db
    hook.insert_rows(table='weather_tab', rows=CSV_DATA)
  File "/home/airflow/.local/lib/python3.8/site-packages/airflow/providers/common/sql/hooks/sql.py", line 527, in insert_rows
    with closing(self.get_conn()) as conn:
  File "/home/airflow/.local/lib/python3.8/site-packages/airflow/providers/postgres/hooks/postgres.py", line 158, in get_conn
    self.conn = psycopg2.connect(**conn_args)
  File "/home/airflow/.local/lib/python3.8/site-packages/psycopg2/__init__.py", line 122, in connect
    conn = _connect(dsn, connection_factory=connection_factory, **kwasync)
psycopg2.OperationalError: connection to server at "host.docker.internal" (192.168.65.254), port 5432 failed: FATAL:  database "public" does not exist

[2024-02-09T11:46:45.955+0000] {taskinstance.py:1138} INFO - Marking task as UP_FOR_RETRY. dag_id=Weather_DAG_V2.2, task_id=data_to_db, execution_date=20240209T013600, start_date=20240209T114644, end_date=20240209T114645
[2024-02-09T11:46:46.088+0000] {standard_task_runner.py:107} ERROR - Failed to execute job 3225 for task data_to_db (connection to server at "host.docker.internal" (192.168.65.254), port 5432 failed: FATAL:  database "public" does not exist
; 9815)
[2024-02-09T11:46:46.166+0000] {local_task_job_runner.py:234} INFO - Task exited with return code 1
[2024-02-09T11:46:46.271+0000] {taskinstance.py:3280} INFO - 0 downstream tasks scheduled from follow-on schedule check
