[2024-02-08T10:50:46.521+0000] {taskinstance.py:1956} INFO - Dependencies all met for dep_context=non-requeueable deps ti=<TaskInstance: Weather_dag.get_weather scheduled__2024-02-08T00:46:00+00:00 [queued]>
[2024-02-08T10:50:46.554+0000] {taskinstance.py:1956} INFO - Dependencies all met for dep_context=requeueable deps ti=<TaskInstance: Weather_dag.get_weather scheduled__2024-02-08T00:46:00+00:00 [queued]>
[2024-02-08T10:50:46.562+0000] {taskinstance.py:2170} INFO - Starting attempt 1 of 2
[2024-02-08T10:50:46.757+0000] {taskinstance.py:2191} INFO - Executing <Task(PythonOperator): get_weather> on 2024-02-08 00:46:00+00:00
[2024-02-08T10:50:46.781+0000] {standard_task_runner.py:87} INFO - Running: ['***', 'tasks', 'run', 'Weather_dag', 'get_weather', 'scheduled__2024-02-08T00:46:00+00:00', '--job-id', '27', '--raw', '--subdir', 'DAGS_FOLDER/Weather_dag.py', '--cfg-path', '/tmp/tmp7r5latvz']
[2024-02-08T10:50:46.788+0000] {standard_task_runner.py:88} INFO - Job 27: Subtask get_weather
[2024-02-08T10:50:46.770+0000] {standard_task_runner.py:60} INFO - Started process 994 to run task
[2024-02-08T10:50:46.981+0000] {task_command.py:423} INFO - Running <TaskInstance: Weather_dag.get_weather scheduled__2024-02-08T00:46:00+00:00 [running]> on host 06573eafe810
[2024-02-08T10:50:47.334+0000] {taskinstance.py:2480} INFO - Exporting env vars: AIRFLOW_CTX_DAG_OWNER='***' AIRFLOW_CTX_DAG_ID='Weather_dag' AIRFLOW_CTX_TASK_ID='get_weather' AIRFLOW_CTX_EXECUTION_DATE='2024-02-08T00:46:00+00:00' AIRFLOW_CTX_TRY_NUMBER='1' AIRFLOW_CTX_DAG_RUN_ID='scheduled__2024-02-08T00:46:00+00:00'
[2024-02-08T10:50:49.254+0000] {python.py:201} INFO - Done. Returned value was: None
[2024-02-08T10:50:49.277+0000] {taskinstance.py:1138} INFO - Marking task as SUCCESS. dag_id=Weather_dag, task_id=get_weather, execution_date=20240208T004600, start_date=20240208T105046, end_date=20240208T105049
[2024-02-08T10:50:49.332+0000] {local_task_job_runner.py:234} INFO - Task exited with return code 0
[2024-02-08T10:50:49.368+0000] {taskinstance.py:3280} INFO - 1 downstream tasks scheduled from follow-on schedule check
[2024-02-08T10:51:20.108+0000] {taskinstance.py:1956} INFO - Dependencies all met for dep_context=non-requeueable deps ti=<TaskInstance: weather_dag.get_weather scheduled__2024-02-08T00:46:00+00:00 [queued]>
[2024-02-08T10:51:20.206+0000] {taskinstance.py:1956} INFO - Dependencies all met for dep_context=requeueable deps ti=<TaskInstance: weather_dag.get_weather scheduled__2024-02-08T00:46:00+00:00 [queued]>
[2024-02-08T10:51:20.212+0000] {taskinstance.py:2170} INFO - Starting attempt 1 of 2
[2024-02-08T10:51:20.354+0000] {taskinstance.py:2191} INFO - Executing <Task(PythonOperator): get_weather> on 2024-02-08 00:46:00+00:00
[2024-02-08T10:51:20.446+0000] {standard_task_runner.py:60} INFO - Started process 1056 to run task
[2024-02-08T10:51:20.498+0000] {standard_task_runner.py:87} INFO - Running: ['***', 'tasks', 'run', 'weather_dag', 'get_weather', 'scheduled__2024-02-08T00:46:00+00:00', '--job-id', '39', '--raw', '--subdir', 'DAGS_FOLDER/Weather_dag.py', '--cfg-path', '/tmp/tmpqlxyl3kb']
[2024-02-08T10:51:20.500+0000] {standard_task_runner.py:88} INFO - Job 39: Subtask get_weather
[2024-02-08T10:51:21.136+0000] {task_command.py:423} INFO - Running <TaskInstance: weather_dag.get_weather scheduled__2024-02-08T00:46:00+00:00 [running]> on host 06573eafe810
[2024-02-08T10:51:21.922+0000] {taskinstance.py:2480} INFO - Exporting env vars: AIRFLOW_CTX_DAG_OWNER='***' AIRFLOW_CTX_DAG_ID='weather_dag' AIRFLOW_CTX_TASK_ID='get_weather' AIRFLOW_CTX_EXECUTION_DATE='2024-02-08T00:46:00+00:00' AIRFLOW_CTX_TRY_NUMBER='1' AIRFLOW_CTX_DAG_RUN_ID='scheduled__2024-02-08T00:46:00+00:00'
[2024-02-08T10:51:24.590+0000] {python.py:201} INFO - Done. Returned value was: None
[2024-02-08T10:51:24.646+0000] {taskinstance.py:1138} INFO - Marking task as SUCCESS. dag_id=weather_dag, task_id=get_weather, execution_date=20240208T004600, start_date=20240208T105120, end_date=20240208T105124
[2024-02-08T10:51:24.813+0000] {local_task_job_runner.py:234} INFO - Task exited with return code 0
[2024-02-08T10:51:24.855+0000] {taskinstance.py:3280} INFO - 1 downstream tasks scheduled from follow-on schedule check
