[2024-02-08T11:36:05.258+0000] {taskinstance.py:1956} INFO - Dependencies all met for dep_context=non-requeueable deps ti=<TaskInstance: weather_dag.weather_csv scheduled__2024-02-08T11:31:00+00:00 [queued]>
[2024-02-08T11:36:05.269+0000] {taskinstance.py:1956} INFO - Dependencies all met for dep_context=requeueable deps ti=<TaskInstance: weather_dag.weather_csv scheduled__2024-02-08T11:31:00+00:00 [queued]>
[2024-02-08T11:36:05.270+0000] {taskinstance.py:2170} INFO - Starting attempt 1 of 2
[2024-02-08T11:36:05.286+0000] {taskinstance.py:2191} INFO - Executing <Task(PythonOperator): weather_csv> on 2024-02-08 11:31:00+00:00
[2024-02-08T11:36:05.292+0000] {standard_task_runner.py:60} INFO - Started process 2212 to run task
[2024-02-08T11:36:05.296+0000] {standard_task_runner.py:87} INFO - Running: ['***', 'tasks', 'run', 'weather_dag', 'weather_csv', 'scheduled__2024-02-08T11:31:00+00:00', '--job-id', '309', '--raw', '--subdir', 'DAGS_FOLDER/Weather_dag.py', '--cfg-path', '/tmp/tmpeotx_abq']
[2024-02-08T11:36:05.297+0000] {standard_task_runner.py:88} INFO - Job 309: Subtask weather_csv
[2024-02-08T11:36:05.345+0000] {task_command.py:423} INFO - Running <TaskInstance: weather_dag.weather_csv scheduled__2024-02-08T11:31:00+00:00 [running]> on host 06573eafe810
[2024-02-08T11:36:05.425+0000] {taskinstance.py:2480} INFO - Exporting env vars: AIRFLOW_CTX_DAG_OWNER='***' AIRFLOW_CTX_DAG_ID='weather_dag' AIRFLOW_CTX_TASK_ID='weather_csv' AIRFLOW_CTX_EXECUTION_DATE='2024-02-08T11:31:00+00:00' AIRFLOW_CTX_TRY_NUMBER='1' AIRFLOW_CTX_DAG_RUN_ID='scheduled__2024-02-08T11:31:00+00:00'
[2024-02-08T11:36:05.432+0000] {python.py:201} INFO - Done. Returned value was: None
[2024-02-08T11:36:05.447+0000] {taskinstance.py:1138} INFO - Marking task as SUCCESS. dag_id=weather_dag, task_id=weather_csv, execution_date=20240208T113100, start_date=20240208T113605, end_date=20240208T113605
[2024-02-08T11:36:05.509+0000] {local_task_job_runner.py:234} INFO - Task exited with return code 0
[2024-02-08T11:36:05.537+0000] {taskinstance.py:3280} INFO - 0 downstream tasks scheduled from follow-on schedule check
[2024-02-08T11:57:16.127+0000] {taskinstance.py:1956} INFO - Dependencies all met for dep_context=non-requeueable deps ti=<TaskInstance: Weather_DAG.weather_csv scheduled__2024-02-08T11:31:00+00:00 [queued]>
[2024-02-08T11:57:16.272+0000] {taskinstance.py:1956} INFO - Dependencies all met for dep_context=requeueable deps ti=<TaskInstance: Weather_DAG.weather_csv scheduled__2024-02-08T11:31:00+00:00 [queued]>
[2024-02-08T11:57:16.277+0000] {taskinstance.py:2170} INFO - Starting attempt 1 of 2
[2024-02-08T11:57:16.623+0000] {taskinstance.py:2191} INFO - Executing <Task(PythonOperator): weather_csv> on 2024-02-08 11:31:00+00:00
[2024-02-08T11:57:16.695+0000] {standard_task_runner.py:60} INFO - Started process 2595 to run task
[2024-02-08T11:57:16.757+0000] {standard_task_runner.py:87} INFO - Running: ['***', 'tasks', 'run', 'Weather_DAG', 'weather_csv', 'scheduled__2024-02-08T11:31:00+00:00', '--job-id', '370', '--raw', '--subdir', 'DAGS_FOLDER/Weather_dag.py', '--cfg-path', '/tmp/tmp818grkib']
[2024-02-08T11:57:16.764+0000] {standard_task_runner.py:88} INFO - Job 370: Subtask weather_csv
[2024-02-08T11:57:17.109+0000] {task_command.py:423} INFO - Running <TaskInstance: Weather_DAG.weather_csv scheduled__2024-02-08T11:31:00+00:00 [running]> on host 06573eafe810
[2024-02-08T11:57:17.616+0000] {taskinstance.py:2480} INFO - Exporting env vars: AIRFLOW_CTX_DAG_OWNER='***' AIRFLOW_CTX_DAG_ID='Weather_DAG' AIRFLOW_CTX_TASK_ID='weather_csv' AIRFLOW_CTX_EXECUTION_DATE='2024-02-08T11:31:00+00:00' AIRFLOW_CTX_TRY_NUMBER='1' AIRFLOW_CTX_DAG_RUN_ID='scheduled__2024-02-08T11:31:00+00:00'
[2024-02-08T11:57:17.629+0000] {python.py:201} INFO - Done. Returned value was: None
[2024-02-08T11:57:17.697+0000] {taskinstance.py:1138} INFO - Marking task as SUCCESS. dag_id=Weather_DAG, task_id=weather_csv, execution_date=20240208T113100, start_date=20240208T115716, end_date=20240208T115717
[2024-02-08T11:57:17.826+0000] {local_task_job_runner.py:234} INFO - Task exited with return code 0
[2024-02-08T11:57:17.944+0000] {taskinstance.py:3280} INFO - 0 downstream tasks scheduled from follow-on schedule check
