[2024-02-25T20:59:54.210+0000] {taskinstance.py:1956} INFO - Dependencies all met for dep_context=non-requeueable deps ti=<TaskInstance: 1Success_dag.data_to_db manual__2024-02-25T00:00:00+00:00 [queued]>
[2024-02-25T20:59:54.220+0000] {taskinstance.py:1956} INFO - Dependencies all met for dep_context=requeueable deps ti=<TaskInstance: 1Success_dag.data_to_db manual__2024-02-25T00:00:00+00:00 [queued]>
[2024-02-25T20:59:54.220+0000] {taskinstance.py:2170} INFO - Starting attempt 3 of 3
[2024-02-25T20:59:54.237+0000] {taskinstance.py:2191} INFO - Executing <Task(PythonOperator): data_to_db> on 2024-02-25 00:00:00+00:00
[2024-02-25T20:59:54.243+0000] {standard_task_runner.py:60} INFO - Started process 27958 to run task
[2024-02-25T20:59:54.246+0000] {standard_task_runner.py:87} INFO - Running: ['***', 'tasks', 'run', '1Success_dag', 'data_to_db', 'manual__2024-02-25T00:00:00+00:00', '--job-id', '13381', '--raw', '--subdir', 'DAGS_FOLDER/success_dag.py', '--cfg-path', '/tmp/tmpv8xfhgmy']
[2024-02-25T20:59:54.248+0000] {standard_task_runner.py:88} INFO - Job 13381: Subtask data_to_db
[2024-02-25T20:59:54.300+0000] {task_command.py:423} INFO - Running <TaskInstance: 1Success_dag.data_to_db manual__2024-02-25T00:00:00+00:00 [running]> on host 06573eafe810
[2024-02-25T20:59:54.398+0000] {taskinstance.py:2480} INFO - Exporting env vars: AIRFLOW_CTX_DAG_OWNER='***' AIRFLOW_CTX_DAG_ID='1Success_dag' AIRFLOW_CTX_TASK_ID='data_to_db' AIRFLOW_CTX_EXECUTION_DATE='2024-02-25T00:00:00+00:00' AIRFLOW_CTX_TRY_NUMBER='3' AIRFLOW_CTX_DAG_RUN_ID='manual__2024-02-25T00:00:00+00:00'
[2024-02-25T20:59:54.400+0000] {logging_mixin.py:188} INFO - /opt/***
[2024-02-25T20:59:54.408+0000] {base.py:83} INFO - Using connection ID 'postgres_localhost' for task execution.
[2024-02-25T20:59:54.427+0000] {success_dag.py:79} INFO -      City          dt  hour  temperature_c  pressure  is_rainy
0  Москва  2024-02-25     0              2       756         0
1  Москва  2024-02-25     1              2       756         0
2  Москва  2024-02-25     2              2       756         0
3  Москва  2024-02-25     3              1       756         0
4  Москва  2024-02-25     4              1       755         1
[2024-02-25T20:59:54.437+0000] {success_dag.py:86} INFO - columns: City, dt, hour, temperature_c, pressure, is_rainy
[2024-02-25T20:59:54.437+0000] {success_dag.py:91} INFO - values: VALUES(%s,%s,%s,%s,%s,%s)
[2024-02-25T20:59:54.468+0000] {python.py:201} INFO - Done. Returned value was: None
[2024-02-25T20:59:54.477+0000] {taskinstance.py:1138} INFO - Marking task as SUCCESS. dag_id=1Success_dag, task_id=data_to_db, execution_date=20240225T000000, start_date=20240225T205954, end_date=20240225T205954
[2024-02-25T20:59:54.499+0000] {local_task_job_runner.py:234} INFO - Task exited with return code 0
[2024-02-25T20:59:54.536+0000] {taskinstance.py:3280} INFO - 0 downstream tasks scheduled from follow-on schedule check
