[2024-02-26T06:21:06.772+0000] {taskinstance.py:1956} INFO - Dependencies all met for dep_context=non-requeueable deps ti=<TaskInstance: 1Success_dag.data_to_db manual__2024-02-25T00:00:00+00:00 [queued]>
[2024-02-26T06:21:06.782+0000] {taskinstance.py:1956} INFO - Dependencies all met for dep_context=requeueable deps ti=<TaskInstance: 1Success_dag.data_to_db manual__2024-02-25T00:00:00+00:00 [queued]>
[2024-02-26T06:21:06.783+0000] {taskinstance.py:2170} INFO - Starting attempt 5 of 5
[2024-02-26T06:21:06.807+0000] {taskinstance.py:2191} INFO - Executing <Task(PythonOperator): data_to_db> on 2024-02-25 00:00:00+00:00
[2024-02-26T06:21:06.816+0000] {standard_task_runner.py:60} INFO - Started process 28101 to run task
[2024-02-26T06:21:06.821+0000] {standard_task_runner.py:87} INFO - Running: ['***', 'tasks', 'run', '1Success_dag', 'data_to_db', 'manual__2024-02-25T00:00:00+00:00', '--job-id', '13400', '--raw', '--subdir', 'DAGS_FOLDER/success_dag.py', '--cfg-path', '/tmp/tmpks9mc72a']
[2024-02-26T06:21:06.824+0000] {standard_task_runner.py:88} INFO - Job 13400: Subtask data_to_db
[2024-02-26T06:21:06.885+0000] {task_command.py:423} INFO - Running <TaskInstance: 1Success_dag.data_to_db manual__2024-02-25T00:00:00+00:00 [running]> on host 06573eafe810
[2024-02-26T06:21:07.021+0000] {taskinstance.py:2480} INFO - Exporting env vars: AIRFLOW_CTX_DAG_OWNER='***' AIRFLOW_CTX_DAG_ID='1Success_dag' AIRFLOW_CTX_TASK_ID='data_to_db' AIRFLOW_CTX_EXECUTION_DATE='2024-02-25T00:00:00+00:00' AIRFLOW_CTX_TRY_NUMBER='5' AIRFLOW_CTX_DAG_RUN_ID='manual__2024-02-25T00:00:00+00:00'
[2024-02-26T06:21:07.023+0000] {logging_mixin.py:188} INFO - /opt/***
[2024-02-26T06:21:07.040+0000] {base.py:83} INFO - Using connection ID 'postgres_localhost' for task execution.
[2024-02-26T06:21:07.058+0000] {success_dag.py:79} INFO -      City          dt  hour  temperature_c  pressure  is_rainy
0  Москва  2024-02-26     0             -2       757         0
1  Москва  2024-02-26     1             -1       757         0
2  Москва  2024-02-26     2             -1       757         0
3  Москва  2024-02-26     3             -1       757         0
4  Москва  2024-02-26     4             -1       756         0
[2024-02-26T06:21:07.068+0000] {success_dag.py:86} INFO - columns: City, dt, hour, temperature_c, pressure, is_rainy
[2024-02-26T06:21:07.069+0000] {success_dag.py:91} INFO - values: VALUES(%s,%s,%s,%s,%s,%s)
[2024-02-26T06:21:07.109+0000] {python.py:201} INFO - Done. Returned value was: None
[2024-02-26T06:21:07.119+0000] {taskinstance.py:1138} INFO - Marking task as SUCCESS. dag_id=1Success_dag, task_id=data_to_db, execution_date=20240225T000000, start_date=20240226T062106, end_date=20240226T062107
[2024-02-26T06:21:07.160+0000] {local_task_job_runner.py:234} INFO - Task exited with return code 0
[2024-02-26T06:21:07.197+0000] {taskinstance.py:3280} INFO - 1 downstream tasks scheduled from follow-on schedule check
