[2024-02-09T14:32:42.413+0000] {taskinstance.py:1956} INFO - Dependencies all met for dep_context=non-requeueable deps ti=<TaskInstance: Weather_DAG_V3.4.get_weather scheduled__2024-02-09T00:31:00+00:00 [queued]>
[2024-02-09T14:32:42.476+0000] {taskinstance.py:1956} INFO - Dependencies all met for dep_context=requeueable deps ti=<TaskInstance: Weather_DAG_V3.4.get_weather scheduled__2024-02-09T00:31:00+00:00 [queued]>
[2024-02-09T14:32:42.477+0000] {taskinstance.py:2170} INFO - Starting attempt 1 of 2
[2024-02-09T14:32:42.561+0000] {taskinstance.py:2191} INFO - Executing <Task(PythonOperator): get_weather> on 2024-02-09 00:31:00+00:00
[2024-02-09T14:32:42.591+0000] {standard_task_runner.py:87} INFO - Running: ['***', 'tasks', 'run', 'Weather_DAG_V3.4', 'get_weather', 'scheduled__2024-02-09T00:31:00+00:00', '--job-id', '5897', '--raw', '--subdir', 'DAGS_FOLDER/Weather_dag.py', '--cfg-path', '/tmp/tmpz13ccez5']
[2024-02-09T14:32:42.568+0000] {standard_task_runner.py:60} INFO - Started process 20220 to run task
[2024-02-09T14:32:42.605+0000] {standard_task_runner.py:88} INFO - Job 5897: Subtask get_weather
[2024-02-09T14:32:42.783+0000] {task_command.py:423} INFO - Running <TaskInstance: Weather_DAG_V3.4.get_weather scheduled__2024-02-09T00:31:00+00:00 [running]> on host 06573eafe810
[2024-02-09T14:32:43.023+0000] {taskinstance.py:2480} INFO - Exporting env vars: AIRFLOW_CTX_DAG_OWNER='***' AIRFLOW_CTX_DAG_ID='Weather_DAG_V3.4' AIRFLOW_CTX_TASK_ID='get_weather' AIRFLOW_CTX_EXECUTION_DATE='2024-02-09T00:31:00+00:00' AIRFLOW_CTX_TRY_NUMBER='1' AIRFLOW_CTX_DAG_RUN_ID='scheduled__2024-02-09T00:31:00+00:00'
[2024-02-09T14:32:43.722+0000] {taskinstance.py:2698} ERROR - Task failed with exception
Traceback (most recent call last):
  File "/home/airflow/.local/lib/python3.8/site-packages/airflow/models/taskinstance.py", line 433, in _execute_task
    result = execute_callable(context=context, **execute_callable_kwargs)
  File "/home/airflow/.local/lib/python3.8/site-packages/airflow/operators/python.py", line 199, in execute
    return_value = self.execute_callable()
  File "/home/airflow/.local/lib/python3.8/site-packages/airflow/operators/python.py", line 216, in execute_callable
    return self.python_callable(*self.op_args, **self.op_kwargs)
  File "/opt/airflow/dags/Weather_dag.py", line 45, in get_weather
    for i in range(len(weather_data['forecasts'])):
KeyError: 'forecasts'
[2024-02-09T14:32:43.740+0000] {taskinstance.py:1138} INFO - Marking task as UP_FOR_RETRY. dag_id=Weather_DAG_V3.4, task_id=get_weather, execution_date=20240209T003100, start_date=20240209T143242, end_date=20240209T143243
[2024-02-09T14:32:43.812+0000] {standard_task_runner.py:107} ERROR - Failed to execute job 5897 for task get_weather ('forecasts'; 20220)
[2024-02-09T14:32:43.865+0000] {local_task_job_runner.py:234} INFO - Task exited with return code 1
[2024-02-09T14:32:43.967+0000] {taskinstance.py:3280} INFO - 0 downstream tasks scheduled from follow-on schedule check
