[2024-02-12T11:41:53.498+0000] {taskinstance.py:1956} INFO - Dependencies all met for dep_context=non-requeueable deps ti=<TaskInstance: Weather_DAG_V3.18.create_db_schem scheduled__2024-02-12T00:21:00+00:00 [queued]>
[2024-02-12T11:41:53.711+0000] {taskinstance.py:1956} INFO - Dependencies all met for dep_context=requeueable deps ti=<TaskInstance: Weather_DAG_V3.18.create_db_schem scheduled__2024-02-12T00:21:00+00:00 [queued]>
[2024-02-12T11:41:53.759+0000] {taskinstance.py:2170} INFO - Starting attempt 1 of 1
[2024-02-12T11:41:53.889+0000] {taskinstance.py:2191} INFO - Executing <Task(PostgresOperator): create_db_schem> on 2024-02-12 00:21:00+00:00
[2024-02-12T11:41:53.926+0000] {standard_task_runner.py:60} INFO - Started process 9256 to run task
[2024-02-12T11:41:53.984+0000] {standard_task_runner.py:87} INFO - Running: ['***', 'tasks', 'run', 'Weather_DAG_V3.18', 'create_db_schem', 'scheduled__2024-02-12T00:21:00+00:00', '--job-id', '7806', '--raw', '--subdir', 'DAGS_FOLDER/Weather_dag.py', '--cfg-path', '/tmp/tmpyj3zzxjt']
[2024-02-12T11:41:54.000+0000] {standard_task_runner.py:88} INFO - Job 7806: Subtask create_db_schem
[2024-02-12T11:41:54.394+0000] {task_command.py:423} INFO - Running <TaskInstance: Weather_DAG_V3.18.create_db_schem scheduled__2024-02-12T00:21:00+00:00 [running]> on host 06573eafe810
[2024-02-12T11:41:55.053+0000] {taskinstance.py:2480} INFO - Exporting env vars: AIRFLOW_CTX_DAG_OWNER='***' AIRFLOW_CTX_DAG_ID='Weather_DAG_V3.18' AIRFLOW_CTX_TASK_ID='create_db_schem' AIRFLOW_CTX_EXECUTION_DATE='2024-02-12T00:21:00+00:00' AIRFLOW_CTX_TRY_NUMBER='1' AIRFLOW_CTX_DAG_RUN_ID='scheduled__2024-02-12T00:21:00+00:00'
[2024-02-12T11:41:55.057+0000] {sql.py:276} INFO - Executing: 
        CREATE TABLE IF NOT EXISTS weather_tabb(
            city varchar,
            dt data,
            houur smallint,
            temperature_c float,
            pressure_mm float,
            is_rainy boolean
            )
[2024-02-12T11:41:55.093+0000] {base.py:83} INFO - Using connection ID 'postgres_localhost' for task execution.
[2024-02-12T11:41:55.114+0000] {base.py:83} INFO - Using connection ID 'postgres_localhost' for task execution.
[2024-02-12T11:41:55.125+0000] {sql.py:450} INFO - Running statement: 
        CREATE TABLE IF NOT EXISTS weather_tabb(
            city varchar,
            dt data,
            houur smallint,
            temperature_c float,
            pressure_mm float,
            is_rainy boolean
            ), parameters: None
[2024-02-12T11:41:55.133+0000] {taskinstance.py:2698} ERROR - Task failed with exception
Traceback (most recent call last):
  File "/home/airflow/.local/lib/python3.8/site-packages/airflow/models/taskinstance.py", line 433, in _execute_task
    result = execute_callable(context=context, **execute_callable_kwargs)
  File "/home/airflow/.local/lib/python3.8/site-packages/airflow/providers/common/sql/operators/sql.py", line 282, in execute
    output = hook.run(
  File "/home/airflow/.local/lib/python3.8/site-packages/airflow/providers/common/sql/hooks/sql.py", line 398, in run
    self._run_command(cur, sql_statement, parameters)
  File "/home/airflow/.local/lib/python3.8/site-packages/airflow/providers/common/sql/hooks/sql.py", line 455, in _run_command
    cur.execute(sql_statement)
psycopg2.errors.UndefinedObject: type "data" does not exist
LINE 4:             dt data,
                       ^

[2024-02-12T11:41:55.148+0000] {taskinstance.py:1138} INFO - Marking task as FAILED. dag_id=Weather_DAG_V3.18, task_id=create_db_schem, execution_date=20240212T002100, start_date=20240212T114153, end_date=20240212T114155
[2024-02-12T11:41:55.190+0000] {standard_task_runner.py:107} ERROR - Failed to execute job 7806 for task create_db_schem (type "data" does not exist
LINE 4:             dt data,
                       ^
; 9256)
[2024-02-12T11:41:55.230+0000] {local_task_job_runner.py:234} INFO - Task exited with return code 1
[2024-02-12T11:41:55.349+0000] {taskinstance.py:3280} INFO - 0 downstream tasks scheduled from follow-on schedule check
