[2024-02-09T10:59:28.658+0000] {taskinstance.py:1956} INFO - Dependencies all met for dep_context=non-requeueable deps ti=<TaskInstance: Weather_DAG_V2.data_to_db scheduled__2024-02-09T01:56:00+00:00 [queued]>
[2024-02-09T10:59:28.786+0000] {taskinstance.py:1956} INFO - Dependencies all met for dep_context=requeueable deps ti=<TaskInstance: Weather_DAG_V2.data_to_db scheduled__2024-02-09T01:56:00+00:00 [queued]>
[2024-02-09T10:59:28.790+0000] {taskinstance.py:2170} INFO - Starting attempt 1 of 2
[2024-02-09T10:59:28.957+0000] {taskinstance.py:2191} INFO - Executing <Task(PythonOperator): data_to_db> on 2024-02-09 01:56:00+00:00
[2024-02-09T10:59:28.980+0000] {standard_task_runner.py:60} INFO - Started process 6251 to run task
[2024-02-09T10:59:29.054+0000] {standard_task_runner.py:87} INFO - Running: ['***', 'tasks', 'run', 'Weather_DAG_V2', 'data_to_db', 'scheduled__2024-02-09T01:56:00+00:00', '--job-id', '2274', '--raw', '--subdir', 'DAGS_FOLDER/Weather_dag.py', '--cfg-path', '/tmp/tmpp5i7ux_1']
[2024-02-09T10:59:29.061+0000] {standard_task_runner.py:88} INFO - Job 2274: Subtask data_to_db
[2024-02-09T10:59:29.327+0000] {task_command.py:423} INFO - Running <TaskInstance: Weather_DAG_V2.data_to_db scheduled__2024-02-09T01:56:00+00:00 [running]> on host 06573eafe810
[2024-02-09T10:59:29.614+0000] {taskinstance.py:2480} INFO - Exporting env vars: AIRFLOW_CTX_DAG_OWNER='***' AIRFLOW_CTX_DAG_ID='Weather_DAG_V2' AIRFLOW_CTX_TASK_ID='data_to_db' AIRFLOW_CTX_EXECUTION_DATE='2024-02-09T01:56:00+00:00' AIRFLOW_CTX_TRY_NUMBER='1' AIRFLOW_CTX_DAG_RUN_ID='scheduled__2024-02-09T01:56:00+00:00'
[2024-02-09T10:59:29.645+0000] {taskinstance.py:2698} ERROR - Task failed with exception
Traceback (most recent call last):
  File "/home/airflow/.local/lib/python3.8/site-packages/airflow/models/taskinstance.py", line 433, in _execute_task
    result = execute_callable(context=context, **execute_callable_kwargs)
  File "/home/airflow/.local/lib/python3.8/site-packages/airflow/operators/python.py", line 199, in execute
    return_value = self.execute_callable()
  File "/home/airflow/.local/lib/python3.8/site-packages/airflow/operators/python.py", line 216, in execute_callable
    return self.python_callable(*self.op_args, **self.op_kwargs)
  File "/opt/airflow/dags/Weather_dag.py", line 72, in csv_db
    PostgresHook.bulk_load(table=weather_tab, tmp_file=CSV_DATA)
NameError: name 'weather_tab' is not defined
[2024-02-09T10:59:29.671+0000] {taskinstance.py:1138} INFO - Marking task as UP_FOR_RETRY. dag_id=Weather_DAG_V2, task_id=data_to_db, execution_date=20240209T015600, start_date=20240209T105928, end_date=20240209T105929
[2024-02-09T10:59:29.717+0000] {standard_task_runner.py:107} ERROR - Failed to execute job 2274 for task data_to_db (name 'weather_tab' is not defined; 6251)
[2024-02-09T10:59:29.786+0000] {local_task_job_runner.py:234} INFO - Task exited with return code 1
[2024-02-09T10:59:29.828+0000] {taskinstance.py:3280} INFO - 0 downstream tasks scheduled from follow-on schedule check
