[2024-03-14T13:40:26.591+0000] {taskinstance.py:1956} INFO - Dependencies all met for dep_context=non-requeueable deps ti=<TaskInstance: 1No_Pandas_Weather_DAG.get_weather scheduled__2024-03-14T05:06:00+00:00 [queued]>
[2024-03-14T13:40:26.611+0000] {taskinstance.py:1956} INFO - Dependencies all met for dep_context=requeueable deps ti=<TaskInstance: 1No_Pandas_Weather_DAG.get_weather scheduled__2024-03-14T05:06:00+00:00 [queued]>
[2024-03-14T13:40:26.612+0000] {taskinstance.py:2170} INFO - Starting attempt 1 of 1
[2024-03-14T13:40:26.672+0000] {taskinstance.py:2191} INFO - Executing <Task(PythonOperator): get_weather> on 2024-03-14 05:06:00+00:00
[2024-03-14T13:40:26.688+0000] {standard_task_runner.py:60} INFO - Started process 395 to run task
[2024-03-14T13:40:26.700+0000] {standard_task_runner.py:87} INFO - Running: ['***', 'tasks', 'run', '1No_Pandas_Weather_DAG', 'get_weather', 'scheduled__2024-03-14T05:06:00+00:00', '--job-id', '13858', '--raw', '--subdir', 'DAGS_FOLDER/first_dag.py', '--cfg-path', '/tmp/tmpo6l9vi99']
[2024-03-14T13:40:26.725+0000] {standard_task_runner.py:88} INFO - Job 13858: Subtask get_weather
[2024-03-14T13:40:26.857+0000] {task_command.py:423} INFO - Running <TaskInstance: 1No_Pandas_Weather_DAG.get_weather scheduled__2024-03-14T05:06:00+00:00 [running]> on host b5253fd441c9
[2024-03-14T13:40:27.009+0000] {taskinstance.py:2480} INFO - Exporting env vars: AIRFLOW_CTX_DAG_OWNER='***' AIRFLOW_CTX_DAG_ID='1No_Pandas_Weather_DAG' AIRFLOW_CTX_TASK_ID='get_weather' AIRFLOW_CTX_EXECUTION_DATE='2024-03-14T05:06:00+00:00' AIRFLOW_CTX_TRY_NUMBER='1' AIRFLOW_CTX_DAG_RUN_ID='scheduled__2024-03-14T05:06:00+00:00'
[2024-03-14T13:40:27.217+0000] {taskinstance.py:2698} ERROR - Task failed with exception
Traceback (most recent call last):
  File "/home/airflow/.local/lib/python3.8/site-packages/airflow/models/taskinstance.py", line 433, in _execute_task
    result = execute_callable(context=context, **execute_callable_kwargs)
  File "/home/airflow/.local/lib/python3.8/site-packages/airflow/operators/python.py", line 199, in execute
    return_value = self.execute_callable()
  File "/home/airflow/.local/lib/python3.8/site-packages/airflow/operators/python.py", line 216, in execute_callable
    return self.python_callable(*self.op_args, **self.op_kwargs)
  File "/opt/airflow/dags/first_dag.py", line 46, in get_weather
    for i in range(len(weather_data['forecasts'])):
KeyError: 'forecasts'
[2024-03-14T13:40:27.236+0000] {taskinstance.py:1138} INFO - Marking task as FAILED. dag_id=1No_Pandas_Weather_DAG, task_id=get_weather, execution_date=20240314T050600, start_date=20240314T134026, end_date=20240314T134027
[2024-03-14T13:40:27.260+0000] {standard_task_runner.py:107} ERROR - Failed to execute job 13858 for task get_weather ('forecasts'; 395)
[2024-03-14T13:40:27.275+0000] {local_task_job_runner.py:234} INFO - Task exited with return code 1
[2024-03-14T13:40:27.308+0000] {taskinstance.py:3280} INFO - 0 downstream tasks scheduled from follow-on schedule check
