[2024-03-16T14:37:16.310+0000] {taskinstance.py:1956} INFO - Dependencies all met for dep_context=non-requeueable deps ti=<TaskInstance: mongodb_to_postgres.get_data scheduled__2024-03-15T00:00:00+00:00 [queued]>
[2024-03-16T14:37:16.347+0000] {taskinstance.py:1956} INFO - Dependencies all met for dep_context=requeueable deps ti=<TaskInstance: mongodb_to_postgres.get_data scheduled__2024-03-15T00:00:00+00:00 [queued]>
[2024-03-16T14:37:16.359+0000] {taskinstance.py:2170} INFO - Starting attempt 1 of 1
[2024-03-16T14:37:16.454+0000] {taskinstance.py:2191} INFO - Executing <Task(PythonOperator): get_data> on 2024-03-15 00:00:00+00:00
[2024-03-16T14:37:16.500+0000] {standard_task_runner.py:60} INFO - Started process 4840 to run task
[2024-03-16T14:37:16.532+0000] {standard_task_runner.py:87} INFO - Running: ['***', 'tasks', 'run', 'mongodb_to_postgres', 'get_data', 'scheduled__2024-03-15T00:00:00+00:00', '--job-id', '13884', '--raw', '--subdir', 'DAGS_FOLDER/mongo_dag.py', '--cfg-path', '/tmp/tmpcfl28d9l']
[2024-03-16T14:37:16.549+0000] {standard_task_runner.py:88} INFO - Job 13884: Subtask get_data
[2024-03-16T14:37:16.742+0000] {task_command.py:423} INFO - Running <TaskInstance: mongodb_to_postgres.get_data scheduled__2024-03-15T00:00:00+00:00 [running]> on host b5253fd441c9
[2024-03-16T14:37:16.994+0000] {taskinstance.py:2480} INFO - Exporting env vars: AIRFLOW_CTX_DAG_OWNER='***' AIRFLOW_CTX_DAG_ID='mongodb_to_postgres' AIRFLOW_CTX_TASK_ID='get_data' AIRFLOW_CTX_EXECUTION_DATE='2024-03-15T00:00:00+00:00' AIRFLOW_CTX_TRY_NUMBER='1' AIRFLOW_CTX_DAG_RUN_ID='scheduled__2024-03-15T00:00:00+00:00'
[2024-03-16T14:37:20.125+0000] {base.py:83} INFO - Using connection ID 'postgres_localhost' for task execution.
[2024-03-16T14:37:20.200+0000] {mongo_dag.py:36} INFO - columns: ['email', 'inactive', 'login', 'name']
[2024-03-16T14:37:20.203+0000] {mongo_dag.py:38} INFO - values: VALUES(%s,%s,%s,%s)
[2024-03-16T14:37:20.204+0000] {mongo_dag.py:41} INFO - values: INSERT INTO employees (['email', 'inactive', 'login', 'name']) VALUES(%s,%s,%s,%s)
[2024-03-16T14:37:20.205+0000] {taskinstance.py:2698} ERROR - Task failed with exception
Traceback (most recent call last):
  File "/home/airflow/.local/lib/python3.8/site-packages/airflow/models/taskinstance.py", line 433, in _execute_task
    result = execute_callable(context=context, **execute_callable_kwargs)
  File "/home/airflow/.local/lib/python3.8/site-packages/airflow/operators/python.py", line 199, in execute
    return_value = self.execute_callable()
  File "/home/airflow/.local/lib/python3.8/site-packages/airflow/operators/python.py", line 216, in execute_callable
    return self.python_callable(*self.op_args, **self.op_kwargs)
  File "/opt/airflow/dags/mongo_dag.py", line 43, in get_data
    psycopg2.extras.execute_batch(pCursor, insert_stmt, df.values)
NameError: name 'psycopg2' is not defined
[2024-03-16T14:37:20.235+0000] {taskinstance.py:1138} INFO - Marking task as FAILED. dag_id=mongodb_to_postgres, task_id=get_data, execution_date=20240315T000000, start_date=20240316T143716, end_date=20240316T143720
[2024-03-16T14:37:20.286+0000] {standard_task_runner.py:107} ERROR - Failed to execute job 13884 for task get_data (name 'psycopg2' is not defined; 4840)
[2024-03-16T14:37:20.367+0000] {local_task_job_runner.py:234} INFO - Task exited with return code 1
[2024-03-16T14:37:20.468+0000] {taskinstance.py:3280} INFO - 0 downstream tasks scheduled from follow-on schedule check
