[2024-02-13T08:40:37.449+0000] {taskinstance.py:1956} INFO - Dependencies all met for dep_context=non-requeueable deps ti=<TaskInstance: 1Training_DAG_V1.0.create_db_schem manual__2024-02-13T08:40:29.927720+00:00 [queued]>
[2024-02-13T08:40:37.474+0000] {taskinstance.py:1956} INFO - Dependencies all met for dep_context=requeueable deps ti=<TaskInstance: 1Training_DAG_V1.0.create_db_schem manual__2024-02-13T08:40:29.927720+00:00 [queued]>
[2024-02-13T08:40:37.477+0000] {taskinstance.py:2170} INFO - Starting attempt 1 of 1
[2024-02-13T08:40:37.518+0000] {taskinstance.py:2191} INFO - Executing <Task(PostgresOperator): create_db_schem> on 2024-02-13 08:40:29.927720+00:00
[2024-02-13T08:40:37.541+0000] {standard_task_runner.py:60} INFO - Started process 1581 to run task
[2024-02-13T08:40:37.560+0000] {standard_task_runner.py:87} INFO - Running: ['***', 'tasks', 'run', '1Training_DAG_V1.0', 'create_db_schem', 'manual__2024-02-13T08:40:29.927720+00:00', '--job-id', '11163', '--raw', '--subdir', 'DAGS_FOLDER/traning_dag.py', '--cfg-path', '/tmp/tmpmuazt9d6']
[2024-02-13T08:40:37.573+0000] {standard_task_runner.py:88} INFO - Job 11163: Subtask create_db_schem
[2024-02-13T08:40:37.916+0000] {task_command.py:423} INFO - Running <TaskInstance: 1Training_DAG_V1.0.create_db_schem manual__2024-02-13T08:40:29.927720+00:00 [running]> on host 06573eafe810
[2024-02-13T08:40:38.085+0000] {taskinstance.py:2480} INFO - Exporting env vars: AIRFLOW_CTX_DAG_OWNER='***' AIRFLOW_CTX_DAG_ID='1Training_DAG_V1.0' AIRFLOW_CTX_TASK_ID='create_db_schem' AIRFLOW_CTX_EXECUTION_DATE='2024-02-13T08:40:29.927720+00:00' AIRFLOW_CTX_TRY_NUMBER='1' AIRFLOW_CTX_DAG_RUN_ID='manual__2024-02-13T08:40:29.927720+00:00'
[2024-02-13T08:40:38.089+0000] {sql.py:276} INFO - Executing: 
        CREATE TABLE IF NOT EXISTS Training(
            city varchar,
            )
[2024-02-13T08:40:38.100+0000] {base.py:83} INFO - Using connection ID 'postgres_localhost' for task execution.
[2024-02-13T08:40:38.118+0000] {base.py:83} INFO - Using connection ID 'postgres_localhost' for task execution.
[2024-02-13T08:40:38.131+0000] {sql.py:450} INFO - Running statement: 
        CREATE TABLE IF NOT EXISTS Training(
            city varchar,
            ), parameters: None
[2024-02-13T08:40:38.137+0000] {taskinstance.py:2698} ERROR - Task failed with exception
Traceback (most recent call last):
  File "/home/airflow/.local/lib/python3.8/site-packages/airflow/models/taskinstance.py", line 433, in _execute_task
    result = execute_callable(context=context, **execute_callable_kwargs)
  File "/home/airflow/.local/lib/python3.8/site-packages/airflow/providers/common/sql/operators/sql.py", line 282, in execute
    output = hook.run(
  File "/home/airflow/.local/lib/python3.8/site-packages/airflow/providers/common/sql/hooks/sql.py", line 398, in run
    self._run_command(cur, sql_statement, parameters)
  File "/home/airflow/.local/lib/python3.8/site-packages/airflow/providers/common/sql/hooks/sql.py", line 455, in _run_command
    cur.execute(sql_statement)
psycopg2.errors.SyntaxError: syntax error at or near ")"
LINE 4:             )
                    ^

[2024-02-13T08:40:38.156+0000] {taskinstance.py:1138} INFO - Marking task as FAILED. dag_id=1Training_DAG_V1.0, task_id=create_db_schem, execution_date=20240213T084029, start_date=20240213T084037, end_date=20240213T084038
[2024-02-13T08:40:38.181+0000] {standard_task_runner.py:107} ERROR - Failed to execute job 11163 for task create_db_schem (syntax error at or near ")"
LINE 4:             )
                    ^
; 1581)
[2024-02-13T08:40:38.199+0000] {local_task_job_runner.py:234} INFO - Task exited with return code 1
[2024-02-13T08:40:38.230+0000] {taskinstance.py:3280} INFO - 0 downstream tasks scheduled from follow-on schedule check
