[2024-02-13T11:36:07.656+0000] {taskinstance.py:1956} INFO - Dependencies all met for dep_context=non-requeueable deps ti=<TaskInstance: 1Training_DAG_V1.0.data_to_db scheduled__2024-02-13T11:31:00+00:00 [queued]>
[2024-02-13T11:36:07.669+0000] {taskinstance.py:1956} INFO - Dependencies all met for dep_context=requeueable deps ti=<TaskInstance: 1Training_DAG_V1.0.data_to_db scheduled__2024-02-13T11:31:00+00:00 [queued]>
[2024-02-13T11:36:07.670+0000] {taskinstance.py:2170} INFO - Starting attempt 1 of 1
[2024-02-13T11:36:07.690+0000] {taskinstance.py:2191} INFO - Executing <Task(PythonOperator): data_to_db> on 2024-02-13 11:31:00+00:00
[2024-02-13T11:36:07.701+0000] {standard_task_runner.py:60} INFO - Started process 4342 to run task
[2024-02-13T11:36:07.705+0000] {standard_task_runner.py:87} INFO - Running: ['***', 'tasks', 'run', '1Training_DAG_V1.0', 'data_to_db', 'scheduled__2024-02-13T11:31:00+00:00', '--job-id', '11366', '--raw', '--subdir', 'DAGS_FOLDER/traning_dag.py', '--cfg-path', '/tmp/tmp14odco4w']
[2024-02-13T11:36:07.706+0000] {standard_task_runner.py:88} INFO - Job 11366: Subtask data_to_db
[2024-02-13T11:36:07.770+0000] {task_command.py:423} INFO - Running <TaskInstance: 1Training_DAG_V1.0.data_to_db scheduled__2024-02-13T11:31:00+00:00 [running]> on host 06573eafe810
[2024-02-13T11:36:07.877+0000] {taskinstance.py:2480} INFO - Exporting env vars: AIRFLOW_CTX_DAG_OWNER='***' AIRFLOW_CTX_DAG_ID='1Training_DAG_V1.0' AIRFLOW_CTX_TASK_ID='data_to_db' AIRFLOW_CTX_EXECUTION_DATE='2024-02-13T11:31:00+00:00' AIRFLOW_CTX_TRY_NUMBER='1' AIRFLOW_CTX_DAG_RUN_ID='scheduled__2024-02-13T11:31:00+00:00'
[2024-02-13T11:36:07.888+0000] {base.py:83} INFO - Using connection ID 'postgres_localhost' for task execution.
[2024-02-13T11:36:07.917+0000] {traning_dag.py:32} INFO -    Москва  2024-02-12  0  -5  748  1
0  Москва  2024-02-12  1  -6  747  0
1  Москва  2024-02-12  2  -6  747  0
2  Москва  2024-02-12  3  -6  747  0
3  Москва  2024-02-12  4  -5  746  1
4  Москва  2024-02-12  5  -5  746  0
[2024-02-13T11:36:07.951+0000] {traning_dag.py:39} INFO - columns: Москва, 2024-02-12, 0, -5, 748, 1
[2024-02-13T11:36:07.952+0000] {traning_dag.py:43} INFO - values: VALUES(%s,%s,%s,%s,%s,%s)
[2024-02-13T11:36:07.952+0000] {taskinstance.py:2698} ERROR - Task failed with exception
Traceback (most recent call last):
  File "/home/airflow/.local/lib/python3.8/site-packages/airflow/models/taskinstance.py", line 433, in _execute_task
    result = execute_callable(context=context, **execute_callable_kwargs)
  File "/home/airflow/.local/lib/python3.8/site-packages/airflow/operators/python.py", line 199, in execute
    return_value = self.execute_callable()
  File "/home/airflow/.local/lib/python3.8/site-packages/airflow/operators/python.py", line 216, in execute_callable
    return self.python_callable(*self.op_args, **self.op_kwargs)
  File "/opt/airflow/dags/traning_dag.py", line 48, in csv_db
    psycopg2.extras.execute_batch(pCursor, insert_stmt, df.values)
NameError: name 'psycopg2' is not defined
[2024-02-13T11:36:07.967+0000] {taskinstance.py:1138} INFO - Marking task as FAILED. dag_id=1Training_DAG_V1.0, task_id=data_to_db, execution_date=20240213T113100, start_date=20240213T113607, end_date=20240213T113607
[2024-02-13T11:36:07.987+0000] {standard_task_runner.py:107} ERROR - Failed to execute job 11366 for task data_to_db (name 'psycopg2' is not defined; 4342)
[2024-02-13T11:36:08.038+0000] {local_task_job_runner.py:234} INFO - Task exited with return code 1
[2024-02-13T11:36:08.075+0000] {taskinstance.py:3280} INFO - 0 downstream tasks scheduled from follow-on schedule check
