[2024-02-12T13:17:26.927+0000] {taskinstance.py:1956} INFO - Dependencies all met for dep_context=non-requeueable deps ti=<TaskInstance: Weather_DAG_V4.8.create_db_schem scheduled__2024-02-12T03:16:00+00:00 [queued]>
[2024-02-12T13:17:27.017+0000] {taskinstance.py:1956} INFO - Dependencies all met for dep_context=requeueable deps ti=<TaskInstance: Weather_DAG_V4.8.create_db_schem scheduled__2024-02-12T03:16:00+00:00 [queued]>
[2024-02-12T13:17:27.019+0000] {taskinstance.py:2170} INFO - Starting attempt 1 of 1
[2024-02-12T13:17:27.142+0000] {taskinstance.py:2191} INFO - Executing <Task(PostgresOperator): create_db_schem> on 2024-02-12 03:16:00+00:00
[2024-02-12T13:17:27.154+0000] {standard_task_runner.py:60} INFO - Started process 16203 to run task
[2024-02-12T13:17:27.186+0000] {standard_task_runner.py:87} INFO - Running: ['***', 'tasks', 'run', 'Weather_DAG_V4.8', 'create_db_schem', 'scheduled__2024-02-12T03:16:00+00:00', '--job-id', '9673', '--raw', '--subdir', 'DAGS_FOLDER/Weather_dag.py', '--cfg-path', '/tmp/tmpxw6ulxh7']
[2024-02-12T13:17:27.191+0000] {standard_task_runner.py:88} INFO - Job 9673: Subtask create_db_schem
[2024-02-12T13:17:27.472+0000] {task_command.py:423} INFO - Running <TaskInstance: Weather_DAG_V4.8.create_db_schem scheduled__2024-02-12T03:16:00+00:00 [running]> on host 06573eafe810
[2024-02-12T13:17:27.718+0000] {taskinstance.py:2480} INFO - Exporting env vars: AIRFLOW_CTX_DAG_OWNER='***' AIRFLOW_CTX_DAG_ID='Weather_DAG_V4.8' AIRFLOW_CTX_TASK_ID='create_db_schem' AIRFLOW_CTX_EXECUTION_DATE='2024-02-12T03:16:00+00:00' AIRFLOW_CTX_TRY_NUMBER='1' AIRFLOW_CTX_DAG_RUN_ID='scheduled__2024-02-12T03:16:00+00:00'
[2024-02-12T13:17:27.720+0000] {sql.py:276} INFO - Executing: 
        CREATE TABLE IF NOT EXISTS weather_tab(
            city varchar,
            dt date,
            houur smallint,
            temperature_c float,
            pressure_mm float,
            is_rainy boolean
            )
[2024-02-12T13:17:27.733+0000] {base.py:83} INFO - Using connection ID 'postgres_localhost' for task execution.
[2024-02-12T13:17:27.750+0000] {base.py:83} INFO - Using connection ID 'postgres_localhost' for task execution.
[2024-02-12T13:17:27.766+0000] {sql.py:450} INFO - Running statement: 
        CREATE TABLE IF NOT EXISTS weather_tab(
            city varchar,
            dt date,
            houur smallint,
            temperature_c float,
            pressure_mm float,
            is_rainy boolean
            ), parameters: None
[2024-02-12T13:17:27.796+0000] {taskinstance.py:1138} INFO - Marking task as SUCCESS. dag_id=Weather_DAG_V4.8, task_id=create_db_schem, execution_date=20240212T031600, start_date=20240212T131726, end_date=20240212T131727
[2024-02-12T13:17:27.883+0000] {local_task_job_runner.py:234} INFO - Task exited with return code 0
[2024-02-12T13:17:27.936+0000] {taskinstance.py:3280} INFO - 1 downstream tasks scheduled from follow-on schedule check
