[2024-02-21T23:27:35.299+0000] {taskinstance.py:1956} INFO - Dependencies all met for dep_context=non-requeueable deps ti=<TaskInstance: 1Success_dag.data_to_db manual__2024-02-21T00:00:00+00:00 [queued]>
[2024-02-21T23:27:35.308+0000] {taskinstance.py:1956} INFO - Dependencies all met for dep_context=requeueable deps ti=<TaskInstance: 1Success_dag.data_to_db manual__2024-02-21T00:00:00+00:00 [queued]>
[2024-02-21T23:27:35.309+0000] {taskinstance.py:2170} INFO - Starting attempt 28 of 28
[2024-02-21T23:27:35.326+0000] {taskinstance.py:2191} INFO - Executing <Task(PythonOperator): data_to_db> on 2024-02-21 00:00:00+00:00
[2024-02-21T23:27:35.332+0000] {standard_task_runner.py:60} INFO - Started process 14443 to run task
[2024-02-21T23:27:35.335+0000] {standard_task_runner.py:87} INFO - Running: ['***', 'tasks', 'run', '1Success_dag', 'data_to_db', 'manual__2024-02-21T00:00:00+00:00', '--job-id', '12831', '--raw', '--subdir', 'DAGS_FOLDER/success_dag.py', '--cfg-path', '/tmp/tmp0oobp4wg']
[2024-02-21T23:27:35.337+0000] {standard_task_runner.py:88} INFO - Job 12831: Subtask data_to_db
[2024-02-21T23:27:35.382+0000] {task_command.py:423} INFO - Running <TaskInstance: 1Success_dag.data_to_db manual__2024-02-21T00:00:00+00:00 [running]> on host 06573eafe810
[2024-02-21T23:27:35.465+0000] {taskinstance.py:2480} INFO - Exporting env vars: AIRFLOW_CTX_DAG_OWNER='***' AIRFLOW_CTX_DAG_ID='1Success_dag' AIRFLOW_CTX_TASK_ID='data_to_db' AIRFLOW_CTX_EXECUTION_DATE='2024-02-21T00:00:00+00:00' AIRFLOW_CTX_TRY_NUMBER='28' AIRFLOW_CTX_DAG_RUN_ID='manual__2024-02-21T00:00:00+00:00'
[2024-02-21T23:27:35.467+0000] {logging_mixin.py:188} INFO - /opt/***
[2024-02-21T23:27:35.477+0000] {base.py:83} INFO - Using connection ID 'postgres_localhost' for task execution.
[2024-02-21T23:27:35.495+0000] {success_dag.py:79} INFO -      City          dt  hour  temperature_c  pressure  is_rainy
0  Москва  2024-02-22     0             -5       752         1
1  Москва  2024-02-22     1             -5       751         1
2  Москва  2024-02-22     2             -5       751         1
3  Москва  2024-02-22     3             -5       752         1
4  Москва  2024-02-22     4             -5       751         0
[2024-02-21T23:27:35.503+0000] {success_dag.py:86} INFO - columns: City, dt, hour, temperature_c, pressure, is_rainy
[2024-02-21T23:27:35.505+0000] {success_dag.py:91} INFO - values: VALUES(%s,%s,%s,%s,%s,%s)
[2024-02-21T23:27:35.543+0000] {python.py:201} INFO - Done. Returned value was: None
[2024-02-21T23:27:35.553+0000] {taskinstance.py:1138} INFO - Marking task as SUCCESS. dag_id=1Success_dag, task_id=data_to_db, execution_date=20240221T000000, start_date=20240221T232735, end_date=20240221T232735
[2024-02-21T23:27:35.588+0000] {local_task_job_runner.py:234} INFO - Task exited with return code 0
[2024-02-21T23:27:35.616+0000] {taskinstance.py:3280} INFO - 1 downstream tasks scheduled from follow-on schedule check
