[2024-02-13T10:12:32.581+0000] {taskinstance.py:1956} INFO - Dependencies all met for dep_context=non-requeueable deps ti=<TaskInstance: 1Training_DAG_V1.0.select_opera manual__2024-02-13T10:12:23.864483+00:00 [queued]>
[2024-02-13T10:12:32.592+0000] {taskinstance.py:1956} INFO - Dependencies all met for dep_context=requeueable deps ti=<TaskInstance: 1Training_DAG_V1.0.select_opera manual__2024-02-13T10:12:23.864483+00:00 [queued]>
[2024-02-13T10:12:32.593+0000] {taskinstance.py:2170} INFO - Starting attempt 1 of 1
[2024-02-13T10:12:32.614+0000] {taskinstance.py:2191} INFO - Executing <Task(PostgresOperator): select_opera> on 2024-02-13 10:12:23.864483+00:00
[2024-02-13T10:12:32.622+0000] {standard_task_runner.py:60} INFO - Started process 2727 to run task
[2024-02-13T10:12:32.626+0000] {standard_task_runner.py:87} INFO - Running: ['***', 'tasks', 'run', '1Training_DAG_V1.0', 'select_opera', 'manual__2024-02-13T10:12:23.864483+00:00', '--job-id', '11232', '--raw', '--subdir', 'DAGS_FOLDER/traning_dag.py', '--cfg-path', '/tmp/tmpzfgdhl_t']
[2024-02-13T10:12:32.628+0000] {standard_task_runner.py:88} INFO - Job 11232: Subtask select_opera
[2024-02-13T10:12:32.696+0000] {task_command.py:423} INFO - Running <TaskInstance: 1Training_DAG_V1.0.select_opera manual__2024-02-13T10:12:23.864483+00:00 [running]> on host 06573eafe810
[2024-02-13T10:12:32.785+0000] {taskinstance.py:2480} INFO - Exporting env vars: AIRFLOW_CTX_DAG_OWNER='***' AIRFLOW_CTX_DAG_ID='1Training_DAG_V1.0' AIRFLOW_CTX_TASK_ID='select_opera' AIRFLOW_CTX_EXECUTION_DATE='2024-02-13T10:12:23.864483+00:00' AIRFLOW_CTX_TRY_NUMBER='1' AIRFLOW_CTX_DAG_RUN_ID='manual__2024-02-13T10:12:23.864483+00:00'
[2024-02-13T10:12:32.787+0000] {sql.py:276} INFO - Executing: 
        SELECT * FROM weather_tab
[2024-02-13T10:12:32.797+0000] {base.py:83} INFO - Using connection ID 'postgres_localhost' for task execution.
[2024-02-13T10:12:32.805+0000] {base.py:83} INFO - Using connection ID 'postgres_localhost' for task execution.
[2024-02-13T10:12:32.818+0000] {sql.py:450} INFO - Running statement: 
        SELECT * FROM weather_tab, parameters: None
[2024-02-13T10:12:32.822+0000] {taskinstance.py:2698} ERROR - Task failed with exception
Traceback (most recent call last):
  File "/home/airflow/.local/lib/python3.8/site-packages/airflow/models/taskinstance.py", line 433, in _execute_task
    result = execute_callable(context=context, **execute_callable_kwargs)
  File "/home/airflow/.local/lib/python3.8/site-packages/airflow/providers/common/sql/operators/sql.py", line 282, in execute
    output = hook.run(
  File "/home/airflow/.local/lib/python3.8/site-packages/airflow/providers/common/sql/hooks/sql.py", line 398, in run
    self._run_command(cur, sql_statement, parameters)
  File "/home/airflow/.local/lib/python3.8/site-packages/airflow/providers/common/sql/hooks/sql.py", line 455, in _run_command
    cur.execute(sql_statement)
psycopg2.errors.UndefinedTable: relation "weather_tab" does not exist
LINE 2:         SELECT * FROM weather_tab
                              ^

[2024-02-13T10:12:32.834+0000] {taskinstance.py:1138} INFO - Marking task as FAILED. dag_id=1Training_DAG_V1.0, task_id=select_opera, execution_date=20240213T101223, start_date=20240213T101232, end_date=20240213T101232
[2024-02-13T10:12:32.853+0000] {standard_task_runner.py:107} ERROR - Failed to execute job 11232 for task select_opera (relation "weather_tab" does not exist
LINE 2:         SELECT * FROM weather_tab
                              ^
; 2727)
[2024-02-13T10:12:32.882+0000] {local_task_job_runner.py:234} INFO - Task exited with return code 1
[2024-02-13T10:12:32.900+0000] {taskinstance.py:3280} INFO - 0 downstream tasks scheduled from follow-on schedule check
