[2024-02-12T12:46:16.841+0000] {taskinstance.py:1956} INFO - Dependencies all met for dep_context=non-requeueable deps ti=<TaskInstance: Weather_DAG_V4.3.create_db_schem scheduled__2024-02-12T00:31:00+00:00 [queued]>
[2024-02-12T12:46:16.924+0000] {taskinstance.py:1956} INFO - Dependencies all met for dep_context=requeueable deps ti=<TaskInstance: Weather_DAG_V4.3.create_db_schem scheduled__2024-02-12T00:31:00+00:00 [queued]>
[2024-02-12T12:46:16.930+0000] {taskinstance.py:2170} INFO - Starting attempt 1 of 1
[2024-02-12T12:46:17.052+0000] {taskinstance.py:2191} INFO - Executing <Task(PostgresOperator): create_db_schem> on 2024-02-12 00:31:00+00:00
[2024-02-12T12:46:17.117+0000] {standard_task_runner.py:60} INFO - Started process 12380 to run task
[2024-02-12T12:46:17.153+0000] {standard_task_runner.py:87} INFO - Running: ['***', 'tasks', 'run', 'Weather_DAG_V4.3', 'create_db_schem', 'scheduled__2024-02-12T00:31:00+00:00', '--job-id', '8541', '--raw', '--subdir', 'DAGS_FOLDER/Weather_dag.py', '--cfg-path', '/tmp/tmpic7wi_96']
[2024-02-12T12:46:17.182+0000] {standard_task_runner.py:88} INFO - Job 8541: Subtask create_db_schem
[2024-02-12T12:46:17.336+0000] {task_command.py:423} INFO - Running <TaskInstance: Weather_DAG_V4.3.create_db_schem scheduled__2024-02-12T00:31:00+00:00 [running]> on host 06573eafe810
[2024-02-12T12:46:17.757+0000] {taskinstance.py:2480} INFO - Exporting env vars: AIRFLOW_CTX_DAG_OWNER='***' AIRFLOW_CTX_DAG_ID='Weather_DAG_V4.3' AIRFLOW_CTX_TASK_ID='create_db_schem' AIRFLOW_CTX_EXECUTION_DATE='2024-02-12T00:31:00+00:00' AIRFLOW_CTX_TRY_NUMBER='1' AIRFLOW_CTX_DAG_RUN_ID='scheduled__2024-02-12T00:31:00+00:00'
[2024-02-12T12:46:17.766+0000] {sql.py:276} INFO - Executing: 
        CREATE TABLE IF NOT EXISTS weather_tab(
            city varchar,
            dt date,
            houur smallint,
            temperature_c float,
            pressure_mm float,
            is_rainy boolean
            )
[2024-02-12T12:46:17.819+0000] {base.py:83} INFO - Using connection ID 'postgres_localhost' for task execution.
[2024-02-12T12:46:17.890+0000] {base.py:83} INFO - Using connection ID 'postgres_localhost' for task execution.
[2024-02-12T12:46:17.903+0000] {sql.py:450} INFO - Running statement: 
        CREATE TABLE IF NOT EXISTS weather_tab(
            city varchar,
            dt date,
            houur smallint,
            temperature_c float,
            pressure_mm float,
            is_rainy boolean
            ), parameters: None
[2024-02-12T12:46:17.937+0000] {taskinstance.py:1138} INFO - Marking task as SUCCESS. dag_id=Weather_DAG_V4.3, task_id=create_db_schem, execution_date=20240212T003100, start_date=20240212T124616, end_date=20240212T124617
[2024-02-12T12:46:18.222+0000] {local_task_job_runner.py:234} INFO - Task exited with return code 0
[2024-02-12T12:46:18.318+0000] {taskinstance.py:3280} INFO - 1 downstream tasks scheduled from follow-on schedule check
