[2024-02-09T11:11:00.638+0000] {taskinstance.py:1956} INFO - Dependencies all met for dep_context=non-requeueable deps ti=<TaskInstance: Weather_DAG_V4.create_db_schem scheduled__2024-02-09T01:06:00+00:00 [queued]>
[2024-02-09T11:11:00.704+0000] {taskinstance.py:1956} INFO - Dependencies all met for dep_context=requeueable deps ti=<TaskInstance: Weather_DAG_V4.create_db_schem scheduled__2024-02-09T01:06:00+00:00 [queued]>
[2024-02-09T11:11:00.705+0000] {taskinstance.py:2170} INFO - Starting attempt 1 of 2
[2024-02-09T11:11:00.852+0000] {taskinstance.py:2191} INFO - Executing <Task(PostgresOperator): create_db_schem> on 2024-02-09 01:06:00+00:00
[2024-02-09T11:11:00.881+0000] {standard_task_runner.py:60} INFO - Started process 7600 to run task
[2024-02-09T11:11:00.898+0000] {standard_task_runner.py:87} INFO - Running: ['***', 'tasks', 'run', 'Weather_DAG_V4', 'create_db_schem', 'scheduled__2024-02-09T01:06:00+00:00', '--job-id', '2658', '--raw', '--subdir', 'DAGS_FOLDER/Weather_dag.py', '--cfg-path', '/tmp/tmpvpeneiiw']
[2024-02-09T11:11:00.913+0000] {standard_task_runner.py:88} INFO - Job 2658: Subtask create_db_schem
[2024-02-09T11:11:01.107+0000] {task_command.py:423} INFO - Running <TaskInstance: Weather_DAG_V4.create_db_schem scheduled__2024-02-09T01:06:00+00:00 [running]> on host 06573eafe810
[2024-02-09T11:11:01.510+0000] {taskinstance.py:2480} INFO - Exporting env vars: AIRFLOW_CTX_DAG_OWNER='***' AIRFLOW_CTX_DAG_ID='Weather_DAG_V4' AIRFLOW_CTX_TASK_ID='create_db_schem' AIRFLOW_CTX_EXECUTION_DATE='2024-02-09T01:06:00+00:00' AIRFLOW_CTX_TRY_NUMBER='1' AIRFLOW_CTX_DAG_RUN_ID='scheduled__2024-02-09T01:06:00+00:00'
[2024-02-09T11:11:01.519+0000] {sql.py:276} INFO - Executing: 
        CREATE TABLE IF NOT EXISTS weather_tab(
            id serial PRIMARY KEY,
            city varchar,
            dt date,
            houur smallint,
            temperature_c float,
            pressure_mm float,
            is_rainy boolean
            )
[2024-02-09T11:11:01.558+0000] {base.py:83} INFO - Using connection ID 'postgres_localhost' for task execution.
[2024-02-09T11:11:01.600+0000] {base.py:83} INFO - Using connection ID 'postgres_localhost' for task execution.
[2024-02-09T11:11:01.623+0000] {sql.py:450} INFO - Running statement: 
        CREATE TABLE IF NOT EXISTS weather_tab(
            id serial PRIMARY KEY,
            city varchar,
            dt date,
            houur smallint,
            temperature_c float,
            pressure_mm float,
            is_rainy boolean
            ), parameters: None
[2024-02-09T11:11:01.651+0000] {taskinstance.py:1138} INFO - Marking task as SUCCESS. dag_id=Weather_DAG_V4, task_id=create_db_schem, execution_date=20240209T010600, start_date=20240209T111100, end_date=20240209T111101
[2024-02-09T11:11:01.748+0000] {local_task_job_runner.py:234} INFO - Task exited with return code 0
[2024-02-09T11:11:01.838+0000] {taskinstance.py:3280} INFO - 1 downstream tasks scheduled from follow-on schedule check
