[2024-02-12T13:08:17.909+0000] {taskinstance.py:1956} INFO - Dependencies all met for dep_context=non-requeueable deps ti=<TaskInstance: Weather_DAG_V4.6.data_to_db scheduled__2024-02-12T00:21:00+00:00 [queued]>
[2024-02-12T13:08:17.967+0000] {taskinstance.py:1956} INFO - Dependencies all met for dep_context=requeueable deps ti=<TaskInstance: Weather_DAG_V4.6.data_to_db scheduled__2024-02-12T00:21:00+00:00 [queued]>
[2024-02-12T13:08:17.968+0000] {taskinstance.py:2170} INFO - Starting attempt 1 of 1
[2024-02-12T13:08:18.046+0000] {taskinstance.py:2191} INFO - Executing <Task(PostgresOperator): data_to_db> on 2024-02-12 00:21:00+00:00
[2024-02-12T13:08:18.058+0000] {standard_task_runner.py:60} INFO - Started process 15302 to run task
[2024-02-12T13:08:18.068+0000] {standard_task_runner.py:87} INFO - Running: ['***', 'tasks', 'run', 'Weather_DAG_V4.6', 'data_to_db', 'scheduled__2024-02-12T00:21:00+00:00', '--job-id', '9416', '--raw', '--subdir', 'DAGS_FOLDER/Weather_dag.py', '--cfg-path', '/tmp/tmpk52di8ha']
[2024-02-12T13:08:18.095+0000] {standard_task_runner.py:88} INFO - Job 9416: Subtask data_to_db
[2024-02-12T13:08:18.229+0000] {task_command.py:423} INFO - Running <TaskInstance: Weather_DAG_V4.6.data_to_db scheduled__2024-02-12T00:21:00+00:00 [running]> on host 06573eafe810
[2024-02-12T13:08:18.537+0000] {taskinstance.py:2480} INFO - Exporting env vars: AIRFLOW_CTX_DAG_OWNER='***' AIRFLOW_CTX_DAG_ID='Weather_DAG_V4.6' AIRFLOW_CTX_TASK_ID='data_to_db' AIRFLOW_CTX_EXECUTION_DATE='2024-02-12T00:21:00+00:00' AIRFLOW_CTX_TRY_NUMBER='1' AIRFLOW_CTX_DAG_RUN_ID='scheduled__2024-02-12T00:21:00+00:00'
[2024-02-12T13:08:18.542+0000] {sql.py:276} INFO - Executing: 
        COPY weather(city, dt, houur, temperature_c, pressure_mm, is_rainy)
        FROM 'weather.csv'
        DELIMITER ','
        CSV HEADER;
[2024-02-12T13:08:18.574+0000] {base.py:83} INFO - Using connection ID 'postgres_localhost' for task execution.
[2024-02-12T13:08:18.652+0000] {base.py:83} INFO - Using connection ID 'postgres_localhost' for task execution.
[2024-02-12T13:08:18.684+0000] {sql.py:450} INFO - Running statement: 
        COPY weather(city, dt, houur, temperature_c, pressure_mm, is_rainy)
        FROM 'weather.csv'
        DELIMITER ','
        CSV HEADER;, parameters: None
[2024-02-12T13:08:18.689+0000] {taskinstance.py:2698} ERROR - Task failed with exception
Traceback (most recent call last):
  File "/home/airflow/.local/lib/python3.8/site-packages/airflow/models/taskinstance.py", line 433, in _execute_task
    result = execute_callable(context=context, **execute_callable_kwargs)
  File "/home/airflow/.local/lib/python3.8/site-packages/airflow/providers/common/sql/operators/sql.py", line 282, in execute
    output = hook.run(
  File "/home/airflow/.local/lib/python3.8/site-packages/airflow/providers/common/sql/hooks/sql.py", line 398, in run
    self._run_command(cur, sql_statement, parameters)
  File "/home/airflow/.local/lib/python3.8/site-packages/airflow/providers/common/sql/hooks/sql.py", line 455, in _run_command
    cur.execute(sql_statement)
psycopg2.errors.UndefinedTable: relation "weather" does not exist

[2024-02-12T13:08:18.714+0000] {taskinstance.py:1138} INFO - Marking task as FAILED. dag_id=Weather_DAG_V4.6, task_id=data_to_db, execution_date=20240212T002100, start_date=20240212T130817, end_date=20240212T130818
[2024-02-12T13:08:18.771+0000] {standard_task_runner.py:107} ERROR - Failed to execute job 9416 for task data_to_db (relation "weather" does not exist
; 15302)
[2024-02-12T13:08:18.818+0000] {local_task_job_runner.py:234} INFO - Task exited with return code 1
[2024-02-12T13:08:19.057+0000] {taskinstance.py:3280} INFO - 0 downstream tasks scheduled from follow-on schedule check
