[2024-02-13T11:09:15.500+0000] {taskinstance.py:1956} INFO - Dependencies all met for dep_context=non-requeueable deps ti=<TaskInstance: 1Training_DAG_V1.0.create_db_schem manual__2024-02-13T11:09:11.357874+00:00 [queued]>
[2024-02-13T11:09:15.510+0000] {taskinstance.py:1956} INFO - Dependencies all met for dep_context=requeueable deps ti=<TaskInstance: 1Training_DAG_V1.0.create_db_schem manual__2024-02-13T11:09:11.357874+00:00 [queued]>
[2024-02-13T11:09:15.510+0000] {taskinstance.py:2170} INFO - Starting attempt 1 of 1
[2024-02-13T11:09:15.527+0000] {taskinstance.py:2191} INFO - Executing <Task(PostgresOperator): create_db_schem> on 2024-02-13 11:09:11.357874+00:00
[2024-02-13T11:09:15.533+0000] {standard_task_runner.py:60} INFO - Started process 3874 to run task
[2024-02-13T11:09:15.536+0000] {standard_task_runner.py:87} INFO - Running: ['***', 'tasks', 'run', '1Training_DAG_V1.0', 'create_db_schem', 'manual__2024-02-13T11:09:11.357874+00:00', '--job-id', '11340', '--raw', '--subdir', 'DAGS_FOLDER/traning_dag.py', '--cfg-path', '/tmp/tmp9yzzf2cc']
[2024-02-13T11:09:15.538+0000] {standard_task_runner.py:88} INFO - Job 11340: Subtask create_db_schem
[2024-02-13T11:09:15.605+0000] {task_command.py:423} INFO - Running <TaskInstance: 1Training_DAG_V1.0.create_db_schem manual__2024-02-13T11:09:11.357874+00:00 [running]> on host 06573eafe810
[2024-02-13T11:09:15.735+0000] {taskinstance.py:2480} INFO - Exporting env vars: AIRFLOW_CTX_DAG_OWNER='***' AIRFLOW_CTX_DAG_ID='1Training_DAG_V1.0' AIRFLOW_CTX_TASK_ID='create_db_schem' AIRFLOW_CTX_EXECUTION_DATE='2024-02-13T11:09:11.357874+00:00' AIRFLOW_CTX_TRY_NUMBER='1' AIRFLOW_CTX_DAG_RUN_ID='manual__2024-02-13T11:09:11.357874+00:00'
[2024-02-13T11:09:15.736+0000] {sql.py:276} INFO - Executing: 
        CREATE TABLE IF NOT EXISTS Training(
            city varchar
            )
[2024-02-13T11:09:15.745+0000] {base.py:83} INFO - Using connection ID 'postgres_localhost' for task execution.
[2024-02-13T11:09:15.753+0000] {base.py:83} INFO - Using connection ID 'postgres_localhost' for task execution.
[2024-02-13T11:09:15.765+0000] {sql.py:450} INFO - Running statement: 
        CREATE TABLE IF NOT EXISTS Training(
            city varchar
            ), parameters: None
[2024-02-13T11:09:15.779+0000] {taskinstance.py:1138} INFO - Marking task as SUCCESS. dag_id=1Training_DAG_V1.0, task_id=create_db_schem, execution_date=20240213T110911, start_date=20240213T110915, end_date=20240213T110915
[2024-02-13T11:09:15.829+0000] {local_task_job_runner.py:234} INFO - Task exited with return code 0
[2024-02-13T11:09:15.857+0000] {taskinstance.py:3280} INFO - 1 downstream tasks scheduled from follow-on schedule check
