[2024-02-27T11:41:09.380+0000] {taskinstance.py:1956} INFO - Dependencies all met for dep_context=non-requeueable deps ti=<TaskInstance: 1Success_dag.data_to_db manual__2024-02-27T00:00:00+00:00 [queued]>
[2024-02-27T11:41:09.388+0000] {taskinstance.py:1956} INFO - Dependencies all met for dep_context=requeueable deps ti=<TaskInstance: 1Success_dag.data_to_db manual__2024-02-27T00:00:00+00:00 [queued]>
[2024-02-27T11:41:09.389+0000] {taskinstance.py:2170} INFO - Starting attempt 8 of 8
[2024-02-27T11:41:09.404+0000] {taskinstance.py:2191} INFO - Executing <Task(PythonOperator): data_to_db> on 2024-02-27 00:00:00+00:00
[2024-02-27T11:41:09.410+0000] {standard_task_runner.py:60} INFO - Started process 2042 to run task
[2024-02-27T11:41:09.413+0000] {standard_task_runner.py:87} INFO - Running: ['***', 'tasks', 'run', '1Success_dag', 'data_to_db', 'manual__2024-02-27T00:00:00+00:00', '--job-id', '13521', '--raw', '--subdir', 'DAGS_FOLDER/success_dag.py', '--cfg-path', '/tmp/tmp0alozae7']
[2024-02-27T11:41:09.415+0000] {standard_task_runner.py:88} INFO - Job 13521: Subtask data_to_db
[2024-02-27T11:41:09.461+0000] {task_command.py:423} INFO - Running <TaskInstance: 1Success_dag.data_to_db manual__2024-02-27T00:00:00+00:00 [running]> on host 06573eafe810
[2024-02-27T11:41:09.541+0000] {taskinstance.py:2480} INFO - Exporting env vars: AIRFLOW_CTX_DAG_OWNER='***' AIRFLOW_CTX_DAG_ID='1Success_dag' AIRFLOW_CTX_TASK_ID='data_to_db' AIRFLOW_CTX_EXECUTION_DATE='2024-02-27T00:00:00+00:00' AIRFLOW_CTX_TRY_NUMBER='8' AIRFLOW_CTX_DAG_RUN_ID='manual__2024-02-27T00:00:00+00:00'
[2024-02-27T11:41:09.543+0000] {logging_mixin.py:188} INFO - /opt/***
[2024-02-27T11:41:09.551+0000] {base.py:83} INFO - Using connection ID 'postgres_localhost' for task execution.
[2024-02-27T11:41:09.573+0000] {success_dag.py:79} INFO -      City          dt  hour  temperature_c  pressure  is_rainy
0  Москва  2024-02-27     0             -3       756         0
1  Москва  2024-02-27     1             -3       755         0
2  Москва  2024-02-27     2             -4       755         0
3  Москва  2024-02-27     3             -3       757         0
4  Москва  2024-02-27     4             -3       756         0
[2024-02-27T11:41:09.582+0000] {success_dag.py:86} INFO - columns: City, dt, hour, temperature_c, pressure, is_rainy
[2024-02-27T11:41:09.582+0000] {success_dag.py:91} INFO - values: VALUES(%s,%s,%s,%s,%s,%s)
[2024-02-27T11:41:09.621+0000] {python.py:201} INFO - Done. Returned value was: None
[2024-02-27T11:41:09.631+0000] {taskinstance.py:1138} INFO - Marking task as SUCCESS. dag_id=1Success_dag, task_id=data_to_db, execution_date=20240227T000000, start_date=20240227T114109, end_date=20240227T114109
[2024-02-27T11:41:09.666+0000] {local_task_job_runner.py:234} INFO - Task exited with return code 0
[2024-02-27T11:41:09.686+0000] {taskinstance.py:3280} INFO - 1 downstream tasks scheduled from follow-on schedule check
