[2024-02-08T10:50:40.012+0000] {taskinstance.py:1956} INFO - Dependencies all met for dep_context=non-requeueable deps ti=<TaskInstance: Weather_dag.get_weather scheduled__2024-02-08T00:21:00+00:00 [queued]>
[2024-02-08T10:50:40.151+0000] {taskinstance.py:1956} INFO - Dependencies all met for dep_context=requeueable deps ti=<TaskInstance: Weather_dag.get_weather scheduled__2024-02-08T00:21:00+00:00 [queued]>
[2024-02-08T10:50:40.155+0000] {taskinstance.py:2170} INFO - Starting attempt 1 of 2
[2024-02-08T10:50:40.367+0000] {taskinstance.py:2191} INFO - Executing <Task(PythonOperator): get_weather> on 2024-02-08 00:21:00+00:00
[2024-02-08T10:50:40.418+0000] {standard_task_runner.py:60} INFO - Started process 991 to run task
[2024-02-08T10:50:40.429+0000] {standard_task_runner.py:87} INFO - Running: ['***', 'tasks', 'run', 'Weather_dag', 'get_weather', 'scheduled__2024-02-08T00:21:00+00:00', '--job-id', '24', '--raw', '--subdir', 'DAGS_FOLDER/Weather_dag.py', '--cfg-path', '/tmp/tmpic20cpid']
[2024-02-08T10:50:40.469+0000] {standard_task_runner.py:88} INFO - Job 24: Subtask get_weather
[2024-02-08T10:50:40.814+0000] {task_command.py:423} INFO - Running <TaskInstance: Weather_dag.get_weather scheduled__2024-02-08T00:21:00+00:00 [running]> on host 06573eafe810
[2024-02-08T10:50:42.140+0000] {taskinstance.py:2480} INFO - Exporting env vars: AIRFLOW_CTX_DAG_OWNER='***' AIRFLOW_CTX_DAG_ID='Weather_dag' AIRFLOW_CTX_TASK_ID='get_weather' AIRFLOW_CTX_EXECUTION_DATE='2024-02-08T00:21:00+00:00' AIRFLOW_CTX_TRY_NUMBER='1' AIRFLOW_CTX_DAG_RUN_ID='scheduled__2024-02-08T00:21:00+00:00'
[2024-02-08T10:50:48.032+0000] {python.py:201} INFO - Done. Returned value was: None
[2024-02-08T10:50:48.051+0000] {taskinstance.py:1138} INFO - Marking task as SUCCESS. dag_id=Weather_dag, task_id=get_weather, execution_date=20240208T002100, start_date=20240208T105040, end_date=20240208T105048
[2024-02-08T10:50:48.204+0000] {local_task_job_runner.py:234} INFO - Task exited with return code 0
[2024-02-08T10:50:48.262+0000] {taskinstance.py:3280} INFO - 1 downstream tasks scheduled from follow-on schedule check
[2024-02-08T10:51:07.728+0000] {taskinstance.py:1956} INFO - Dependencies all met for dep_context=non-requeueable deps ti=<TaskInstance: weather_dag.get_weather scheduled__2024-02-08T00:21:00+00:00 [queued]>
[2024-02-08T10:51:07.796+0000] {taskinstance.py:1956} INFO - Dependencies all met for dep_context=requeueable deps ti=<TaskInstance: weather_dag.get_weather scheduled__2024-02-08T00:21:00+00:00 [queued]>
[2024-02-08T10:51:07.804+0000] {taskinstance.py:2170} INFO - Starting attempt 1 of 2
[2024-02-08T10:51:07.959+0000] {taskinstance.py:2191} INFO - Executing <Task(PythonOperator): get_weather> on 2024-02-08 00:21:00+00:00
[2024-02-08T10:51:07.970+0000] {standard_task_runner.py:60} INFO - Started process 1026 to run task
[2024-02-08T10:51:08.000+0000] {standard_task_runner.py:87} INFO - Running: ['***', 'tasks', 'run', 'weather_dag', 'get_weather', 'scheduled__2024-02-08T00:21:00+00:00', '--job-id', '33', '--raw', '--subdir', 'DAGS_FOLDER/Weather_dag.py', '--cfg-path', '/tmp/tmpvsy8402h']
[2024-02-08T10:51:08.013+0000] {standard_task_runner.py:88} INFO - Job 33: Subtask get_weather
[2024-02-08T10:51:08.285+0000] {task_command.py:423} INFO - Running <TaskInstance: weather_dag.get_weather scheduled__2024-02-08T00:21:00+00:00 [running]> on host 06573eafe810
[2024-02-08T10:51:08.935+0000] {taskinstance.py:2480} INFO - Exporting env vars: AIRFLOW_CTX_DAG_OWNER='***' AIRFLOW_CTX_DAG_ID='weather_dag' AIRFLOW_CTX_TASK_ID='get_weather' AIRFLOW_CTX_EXECUTION_DATE='2024-02-08T00:21:00+00:00' AIRFLOW_CTX_TRY_NUMBER='1' AIRFLOW_CTX_DAG_RUN_ID='scheduled__2024-02-08T00:21:00+00:00'
[2024-02-08T10:51:12.125+0000] {python.py:201} INFO - Done. Returned value was: None
[2024-02-08T10:51:12.313+0000] {taskinstance.py:1138} INFO - Marking task as SUCCESS. dag_id=weather_dag, task_id=get_weather, execution_date=20240208T002100, start_date=20240208T105107, end_date=20240208T105112
[2024-02-08T10:51:13.282+0000] {local_task_job_runner.py:234} INFO - Task exited with return code 0
[2024-02-08T10:51:13.574+0000] {taskinstance.py:3280} INFO - 1 downstream tasks scheduled from follow-on schedule check
