[2024-02-09T11:24:30.083+0000] {taskinstance.py:1956} INFO - Dependencies all met for dep_context=non-requeueable deps ti=<TaskInstance: Weather_DAG_V6.create_db_schem scheduled__2024-02-09T01:36:00+00:00 [queued]>
[2024-02-09T11:24:30.110+0000] {taskinstance.py:1956} INFO - Dependencies all met for dep_context=requeueable deps ti=<TaskInstance: Weather_DAG_V6.create_db_schem scheduled__2024-02-09T01:36:00+00:00 [queued]>
[2024-02-09T11:24:30.113+0000] {taskinstance.py:2170} INFO - Starting attempt 1 of 2
[2024-02-09T11:24:30.173+0000] {taskinstance.py:2191} INFO - Executing <Task(PostgresOperator): create_db_schem> on 2024-02-09 01:36:00+00:00
[2024-02-09T11:24:30.212+0000] {standard_task_runner.py:87} INFO - Running: ['***', 'tasks', 'run', 'Weather_DAG_V6', 'create_db_schem', 'scheduled__2024-02-09T01:36:00+00:00', '--job-id', '2863', '--raw', '--subdir', 'DAGS_FOLDER/Weather_dag.py', '--cfg-path', '/tmp/tmpch1h1hjo']
[2024-02-09T11:24:30.215+0000] {standard_task_runner.py:88} INFO - Job 2863: Subtask create_db_schem
[2024-02-09T11:24:30.204+0000] {standard_task_runner.py:60} INFO - Started process 8419 to run task
[2024-02-09T11:24:30.418+0000] {task_command.py:423} INFO - Running <TaskInstance: Weather_DAG_V6.create_db_schem scheduled__2024-02-09T01:36:00+00:00 [running]> on host 06573eafe810
[2024-02-09T11:24:30.896+0000] {taskinstance.py:2480} INFO - Exporting env vars: AIRFLOW_CTX_DAG_OWNER='***' AIRFLOW_CTX_DAG_ID='Weather_DAG_V6' AIRFLOW_CTX_TASK_ID='create_db_schem' AIRFLOW_CTX_EXECUTION_DATE='2024-02-09T01:36:00+00:00' AIRFLOW_CTX_TRY_NUMBER='1' AIRFLOW_CTX_DAG_RUN_ID='scheduled__2024-02-09T01:36:00+00:00'
[2024-02-09T11:24:30.900+0000] {sql.py:276} INFO - Executing: 
        CREATE TABLE IF NOT EXISTS weather_tab(
            id serial PRIMARY KEY,
            city varchar,
            dt date,
            houur smallint,
            temperature_c float,
            pressure_mm float,
            is_rainy boolean
            )
[2024-02-09T11:24:30.957+0000] {base.py:83} INFO - Using connection ID 'postgres_localhost' for task execution.
[2024-02-09T11:24:30.991+0000] {base.py:83} INFO - Using connection ID 'postgres_localhost' for task execution.
[2024-02-09T11:24:31.005+0000] {sql.py:450} INFO - Running statement: 
        CREATE TABLE IF NOT EXISTS weather_tab(
            id serial PRIMARY KEY,
            city varchar,
            dt date,
            houur smallint,
            temperature_c float,
            pressure_mm float,
            is_rainy boolean
            ), parameters: None
[2024-02-09T11:24:31.058+0000] {taskinstance.py:1138} INFO - Marking task as SUCCESS. dag_id=Weather_DAG_V6, task_id=create_db_schem, execution_date=20240209T013600, start_date=20240209T112430, end_date=20240209T112431
[2024-02-09T11:24:31.216+0000] {local_task_job_runner.py:234} INFO - Task exited with return code 0
[2024-02-09T11:24:31.306+0000] {taskinstance.py:3280} INFO - 1 downstream tasks scheduled from follow-on schedule check
