[2024-03-21T10:18:08.317+0000] {taskinstance.py:1956} INFO - Dependencies all met for dep_context=non-requeueable deps ti=<TaskInstance: mongodb_to_postgres.get_data manual__2024-03-21T10:18:05.552268+00:00 [queued]>
[2024-03-21T10:18:08.327+0000] {taskinstance.py:1956} INFO - Dependencies all met for dep_context=requeueable deps ti=<TaskInstance: mongodb_to_postgres.get_data manual__2024-03-21T10:18:05.552268+00:00 [queued]>
[2024-03-21T10:18:08.330+0000] {taskinstance.py:2170} INFO - Starting attempt 1 of 1
[2024-03-21T10:18:08.350+0000] {taskinstance.py:2191} INFO - Executing <Task(PythonOperator): get_data> on 2024-03-21 10:18:05.552268+00:00
[2024-03-21T10:18:08.357+0000] {standard_task_runner.py:60} INFO - Started process 5573 to run task
[2024-03-21T10:18:08.361+0000] {standard_task_runner.py:87} INFO - Running: ['***', 'tasks', 'run', 'mongodb_to_postgres', 'get_data', 'manual__2024-03-21T10:18:05.552268+00:00', '--job-id', '13934', '--raw', '--subdir', 'DAGS_FOLDER/mongo_dag.py', '--cfg-path', '/tmp/tmpy317ql01']
[2024-03-21T10:18:08.363+0000] {standard_task_runner.py:88} INFO - Job 13934: Subtask get_data
[2024-03-21T10:18:08.422+0000] {task_command.py:423} INFO - Running <TaskInstance: mongodb_to_postgres.get_data manual__2024-03-21T10:18:05.552268+00:00 [running]> on host 4970cb1bf0e4
[2024-03-21T10:18:08.522+0000] {taskinstance.py:2480} INFO - Exporting env vars: AIRFLOW_CTX_DAG_OWNER='***' AIRFLOW_CTX_DAG_ID='mongodb_to_postgres' AIRFLOW_CTX_TASK_ID='get_data' AIRFLOW_CTX_EXECUTION_DATE='2024-03-21T10:18:05.552268+00:00' AIRFLOW_CTX_TRY_NUMBER='1' AIRFLOW_CTX_DAG_RUN_ID='manual__2024-03-21T10:18:05.552268+00:00'
[2024-03-21T10:18:08.539+0000] {taskinstance.py:2698} ERROR - Task failed with exception
Traceback (most recent call last):
  File "/home/airflow/.local/lib/python3.8/site-packages/airflow/models/taskinstance.py", line 433, in _execute_task
    result = execute_callable(context=context, **execute_callable_kwargs)
  File "/home/airflow/.local/lib/python3.8/site-packages/airflow/operators/python.py", line 199, in execute
    return_value = self.execute_callable()
  File "/home/airflow/.local/lib/python3.8/site-packages/airflow/operators/python.py", line 216, in execute_callable
    return self.python_callable(*self.op_args, **self.op_kwargs)
  File "/opt/airflow/dags/mongo_dag.py", line 22, in get_data
    logging.info()
TypeError: info() missing 1 required positional argument: 'msg'
[2024-03-21T10:18:08.554+0000] {taskinstance.py:1138} INFO - Marking task as FAILED. dag_id=mongodb_to_postgres, task_id=get_data, execution_date=20240321T101805, start_date=20240321T101808, end_date=20240321T101808
[2024-03-21T10:18:08.572+0000] {standard_task_runner.py:107} ERROR - Failed to execute job 13934 for task get_data (info() missing 1 required positional argument: 'msg'; 5573)
[2024-03-21T10:18:08.613+0000] {local_task_job_runner.py:234} INFO - Task exited with return code 1
[2024-03-21T10:18:08.634+0000] {taskinstance.py:3280} INFO - 0 downstream tasks scheduled from follow-on schedule check
