[2024-02-12T08:57:55.499+0000] {taskinstance.py:1956} INFO - Dependencies all met for dep_context=non-requeueable deps ti=<TaskInstance: Weather_DAG_V3.9.data_to_db scheduled__2024-02-12T00:56:00+00:00 [queued]>
[2024-02-12T08:57:55.536+0000] {taskinstance.py:1956} INFO - Dependencies all met for dep_context=requeueable deps ti=<TaskInstance: Weather_DAG_V3.9.data_to_db scheduled__2024-02-12T00:56:00+00:00 [queued]>
[2024-02-12T08:57:55.541+0000] {taskinstance.py:2170} INFO - Starting attempt 1 of 1
[2024-02-12T08:57:55.652+0000] {taskinstance.py:2191} INFO - Executing <Task(PythonOperator): data_to_db> on 2024-02-12 00:56:00+00:00
[2024-02-12T08:57:55.661+0000] {standard_task_runner.py:60} INFO - Started process 2325 to run task
[2024-02-12T08:57:55.687+0000] {standard_task_runner.py:87} INFO - Running: ['***', 'tasks', 'run', 'Weather_DAG_V3.9', 'data_to_db', 'scheduled__2024-02-12T00:56:00+00:00', '--job-id', '6245', '--raw', '--subdir', 'DAGS_FOLDER/Weather_dag.py', '--cfg-path', '/tmp/tmpq1t_v7eu']
[2024-02-12T08:57:55.692+0000] {standard_task_runner.py:88} INFO - Job 6245: Subtask data_to_db
[2024-02-12T08:57:55.934+0000] {task_command.py:423} INFO - Running <TaskInstance: Weather_DAG_V3.9.data_to_db scheduled__2024-02-12T00:56:00+00:00 [running]> on host 06573eafe810
[2024-02-12T08:57:56.311+0000] {taskinstance.py:2480} INFO - Exporting env vars: AIRFLOW_CTX_DAG_OWNER='***' AIRFLOW_CTX_DAG_ID='Weather_DAG_V3.9' AIRFLOW_CTX_TASK_ID='data_to_db' AIRFLOW_CTX_EXECUTION_DATE='2024-02-12T00:56:00+00:00' AIRFLOW_CTX_TRY_NUMBER='1' AIRFLOW_CTX_DAG_RUN_ID='scheduled__2024-02-12T00:56:00+00:00'
[2024-02-12T08:57:56.328+0000] {taskinstance.py:2698} ERROR - Task failed with exception
Traceback (most recent call last):
  File "/home/airflow/.local/lib/python3.8/site-packages/airflow/models/taskinstance.py", line 433, in _execute_task
    result = execute_callable(context=context, **execute_callable_kwargs)
  File "/home/airflow/.local/lib/python3.8/site-packages/airflow/operators/python.py", line 199, in execute
    return_value = self.execute_callable()
  File "/home/airflow/.local/lib/python3.8/site-packages/airflow/operators/python.py", line 216, in execute_callable
    return self.python_callable(*self.op_args, **self.op_kwargs)
  File "/opt/airflow/dags/Weather_dag.py", line 73, in csv_db
    hook.bulk_load(tmp_file=file_name)
TypeError: bulk_load() missing 1 required positional argument: 'table'
[2024-02-12T08:57:56.359+0000] {taskinstance.py:1138} INFO - Marking task as FAILED. dag_id=Weather_DAG_V3.9, task_id=data_to_db, execution_date=20240212T005600, start_date=20240212T085755, end_date=20240212T085756
[2024-02-12T08:57:56.406+0000] {standard_task_runner.py:107} ERROR - Failed to execute job 6245 for task data_to_db (bulk_load() missing 1 required positional argument: 'table'; 2325)
[2024-02-12T08:57:56.442+0000] {local_task_job_runner.py:234} INFO - Task exited with return code 1
[2024-02-12T08:57:56.493+0000] {taskinstance.py:3280} INFO - 0 downstream tasks scheduled from follow-on schedule check
