[2024-02-23T13:41:20.665+0000] {taskinstance.py:1956} INFO - Dependencies all met for dep_context=non-requeueable deps ti=<TaskInstance: 1Success_dag.data_to_db manual__2024-02-23T00:00:00+00:00 [queued]>
[2024-02-23T13:41:20.685+0000] {taskinstance.py:1956} INFO - Dependencies all met for dep_context=requeueable deps ti=<TaskInstance: 1Success_dag.data_to_db manual__2024-02-23T00:00:00+00:00 [queued]>
[2024-02-23T13:41:20.686+0000] {taskinstance.py:2170} INFO - Starting attempt 20 of 20
[2024-02-23T13:41:20.722+0000] {taskinstance.py:2191} INFO - Executing <Task(PythonOperator): data_to_db> on 2024-02-23 00:00:00+00:00
[2024-02-23T13:41:20.734+0000] {standard_task_runner.py:60} INFO - Started process 25151 to run task
[2024-02-23T13:41:20.739+0000] {standard_task_runner.py:87} INFO - Running: ['***', 'tasks', 'run', '1Success_dag', 'data_to_db', 'manual__2024-02-23T00:00:00+00:00', '--job-id', '13261', '--raw', '--subdir', 'DAGS_FOLDER/success_dag.py', '--cfg-path', '/tmp/tmpg1xord5q']
[2024-02-23T13:41:20.746+0000] {standard_task_runner.py:88} INFO - Job 13261: Subtask data_to_db
[2024-02-23T13:41:20.834+0000] {task_command.py:423} INFO - Running <TaskInstance: 1Success_dag.data_to_db manual__2024-02-23T00:00:00+00:00 [running]> on host 06573eafe810
[2024-02-23T13:41:20.974+0000] {taskinstance.py:2480} INFO - Exporting env vars: AIRFLOW_CTX_DAG_OWNER='***' AIRFLOW_CTX_DAG_ID='1Success_dag' AIRFLOW_CTX_TASK_ID='data_to_db' AIRFLOW_CTX_EXECUTION_DATE='2024-02-23T00:00:00+00:00' AIRFLOW_CTX_TRY_NUMBER='20' AIRFLOW_CTX_DAG_RUN_ID='manual__2024-02-23T00:00:00+00:00'
[2024-02-23T13:41:20.981+0000] {logging_mixin.py:188} INFO - /opt/***
[2024-02-23T13:41:20.997+0000] {base.py:83} INFO - Using connection ID 'postgres_localhost' for task execution.
[2024-02-23T13:41:21.059+0000] {success_dag.py:79} INFO -      City          dt  hour  temperature_c  pressure  is_rainy
0  Москва  2024-02-23     0             -3       751         1
1  Москва  2024-02-23     1             -3       750         1
2  Москва  2024-02-23     2             -2       750         1
3  Москва  2024-02-23     3             -2       751         1
4  Москва  2024-02-23     4             -2       750         1
[2024-02-23T13:41:21.082+0000] {success_dag.py:86} INFO - columns: City, dt, hour, temperature_c, pressure, is_rainy
[2024-02-23T13:41:21.083+0000] {success_dag.py:91} INFO - values: VALUES(%s,%s,%s,%s,%s,%s)
[2024-02-23T13:41:21.163+0000] {python.py:201} INFO - Done. Returned value was: None
[2024-02-23T13:41:21.185+0000] {taskinstance.py:1138} INFO - Marking task as SUCCESS. dag_id=1Success_dag, task_id=data_to_db, execution_date=20240223T000000, start_date=20240223T134120, end_date=20240223T134121
[2024-02-23T13:41:21.260+0000] {local_task_job_runner.py:234} INFO - Task exited with return code 0
[2024-02-23T13:41:21.301+0000] {taskinstance.py:3280} INFO - 1 downstream tasks scheduled from follow-on schedule check
