[2024-02-23T02:58:05.211+0000] {taskinstance.py:1956} INFO - Dependencies all met for dep_context=non-requeueable deps ti=<TaskInstance: 1Success_dag.data_to_db manual__2024-02-23T00:00:00+00:00 [queued]>
[2024-02-23T02:58:05.220+0000] {taskinstance.py:1956} INFO - Dependencies all met for dep_context=requeueable deps ti=<TaskInstance: 1Success_dag.data_to_db manual__2024-02-23T00:00:00+00:00 [queued]>
[2024-02-23T02:58:05.221+0000] {taskinstance.py:2170} INFO - Starting attempt 1 of 1
[2024-02-23T02:58:05.238+0000] {taskinstance.py:2191} INFO - Executing <Task(PythonOperator): data_to_db> on 2024-02-23 00:00:00+00:00
[2024-02-23T02:58:05.245+0000] {standard_task_runner.py:60} INFO - Started process 21147 to run task
[2024-02-23T02:58:05.248+0000] {standard_task_runner.py:87} INFO - Running: ['***', 'tasks', 'run', '1Success_dag', 'data_to_db', 'manual__2024-02-23T00:00:00+00:00', '--job-id', '13114', '--raw', '--subdir', 'DAGS_FOLDER/success_dag.py', '--cfg-path', '/tmp/tmp192rz2gi']
[2024-02-23T02:58:05.250+0000] {standard_task_runner.py:88} INFO - Job 13114: Subtask data_to_db
[2024-02-23T02:58:05.311+0000] {task_command.py:423} INFO - Running <TaskInstance: 1Success_dag.data_to_db manual__2024-02-23T00:00:00+00:00 [running]> on host 06573eafe810
[2024-02-23T02:58:05.438+0000] {taskinstance.py:2480} INFO - Exporting env vars: AIRFLOW_CTX_DAG_OWNER='***' AIRFLOW_CTX_DAG_ID='1Success_dag' AIRFLOW_CTX_TASK_ID='data_to_db' AIRFLOW_CTX_EXECUTION_DATE='2024-02-23T00:00:00+00:00' AIRFLOW_CTX_TRY_NUMBER='1' AIRFLOW_CTX_DAG_RUN_ID='manual__2024-02-23T00:00:00+00:00'
[2024-02-23T02:58:05.440+0000] {logging_mixin.py:188} INFO - /opt/***
[2024-02-23T02:58:05.450+0000] {base.py:83} INFO - Using connection ID 'postgres_localhost' for task execution.
[2024-02-23T02:58:05.475+0000] {success_dag.py:79} INFO -      City          dt  hour  temperature_c  pressure  is_rainy
0  Москва  2024-02-23     0             -3       751         1
1  Москва  2024-02-23     1             -3       750         1
2  Москва  2024-02-23     2             -2       750         1
3  Москва  2024-02-23     3             -2       751         1
4  Москва  2024-02-23     4             -2       750         1
[2024-02-23T02:58:05.485+0000] {success_dag.py:86} INFO - columns: City, dt, hour, temperature_c, pressure, is_rainy
[2024-02-23T02:58:05.485+0000] {success_dag.py:91} INFO - values: VALUES(%s,%s,%s,%s,%s,%s)
[2024-02-23T02:58:05.530+0000] {python.py:201} INFO - Done. Returned value was: None
[2024-02-23T02:58:05.543+0000] {taskinstance.py:1138} INFO - Marking task as SUCCESS. dag_id=1Success_dag, task_id=data_to_db, execution_date=20240223T000000, start_date=20240223T025805, end_date=20240223T025805
[2024-02-23T02:58:05.581+0000] {local_task_job_runner.py:234} INFO - Task exited with return code 0
[2024-02-23T02:58:05.605+0000] {taskinstance.py:3280} INFO - 1 downstream tasks scheduled from follow-on schedule check
