[2024-02-23T10:21:11.834+0000] {taskinstance.py:1956} INFO - Dependencies all met for dep_context=non-requeueable deps ti=<TaskInstance: 1Success_dag.data_to_db manual__2024-02-23T00:00:00+00:00 [queued]>
[2024-02-23T10:21:11.848+0000] {taskinstance.py:1956} INFO - Dependencies all met for dep_context=requeueable deps ti=<TaskInstance: 1Success_dag.data_to_db manual__2024-02-23T00:00:00+00:00 [queued]>
[2024-02-23T10:21:11.849+0000] {taskinstance.py:2170} INFO - Starting attempt 11 of 11
[2024-02-23T10:21:11.869+0000] {taskinstance.py:2191} INFO - Executing <Task(PythonOperator): data_to_db> on 2024-02-23 00:00:00+00:00
[2024-02-23T10:21:11.876+0000] {standard_task_runner.py:60} INFO - Started process 22748 to run task
[2024-02-23T10:21:11.880+0000] {standard_task_runner.py:87} INFO - Running: ['***', 'tasks', 'run', '1Success_dag', 'data_to_db', 'manual__2024-02-23T00:00:00+00:00', '--job-id', '13195', '--raw', '--subdir', 'DAGS_FOLDER/success_dag.py', '--cfg-path', '/tmp/tmp924b6a0m']
[2024-02-23T10:21:11.882+0000] {standard_task_runner.py:88} INFO - Job 13195: Subtask data_to_db
[2024-02-23T10:21:11.939+0000] {task_command.py:423} INFO - Running <TaskInstance: 1Success_dag.data_to_db manual__2024-02-23T00:00:00+00:00 [running]> on host 06573eafe810
[2024-02-23T10:21:12.037+0000] {taskinstance.py:2480} INFO - Exporting env vars: AIRFLOW_CTX_DAG_OWNER='***' AIRFLOW_CTX_DAG_ID='1Success_dag' AIRFLOW_CTX_TASK_ID='data_to_db' AIRFLOW_CTX_EXECUTION_DATE='2024-02-23T00:00:00+00:00' AIRFLOW_CTX_TRY_NUMBER='11' AIRFLOW_CTX_DAG_RUN_ID='manual__2024-02-23T00:00:00+00:00'
[2024-02-23T10:21:12.040+0000] {logging_mixin.py:188} INFO - /opt/***
[2024-02-23T10:21:12.049+0000] {base.py:83} INFO - Using connection ID 'postgres_localhost' for task execution.
[2024-02-23T10:21:12.071+0000] {success_dag.py:79} INFO -      City          dt  hour  temperature_c  pressure  is_rainy
0  Москва  2024-02-23     0             -3       751         1
1  Москва  2024-02-23     1             -3       750         1
2  Москва  2024-02-23     2             -2       750         1
3  Москва  2024-02-23     3             -2       751         1
4  Москва  2024-02-23     4             -2       750         1
[2024-02-23T10:21:12.082+0000] {success_dag.py:86} INFO - columns: City, dt, hour, temperature_c, pressure, is_rainy
[2024-02-23T10:21:12.082+0000] {success_dag.py:91} INFO - values: VALUES(%s,%s,%s,%s,%s,%s)
[2024-02-23T10:21:12.122+0000] {python.py:201} INFO - Done. Returned value was: None
[2024-02-23T10:21:12.134+0000] {taskinstance.py:1138} INFO - Marking task as SUCCESS. dag_id=1Success_dag, task_id=data_to_db, execution_date=20240223T000000, start_date=20240223T102111, end_date=20240223T102112
[2024-02-23T10:21:12.173+0000] {local_task_job_runner.py:234} INFO - Task exited with return code 0
[2024-02-23T10:21:12.197+0000] {taskinstance.py:3280} INFO - 1 downstream tasks scheduled from follow-on schedule check
