[2024-02-09T11:13:05.587+0000] {taskinstance.py:1956} INFO - Dependencies all met for dep_context=non-requeueable deps ti=<TaskInstance: Weather_DAG_V5.create_db_schem scheduled__2024-02-09T00:56:00+00:00 [queued]>
[2024-02-09T11:13:05.627+0000] {taskinstance.py:1956} INFO - Dependencies all met for dep_context=requeueable deps ti=<TaskInstance: Weather_DAG_V5.create_db_schem scheduled__2024-02-09T00:56:00+00:00 [queued]>
[2024-02-09T11:13:05.631+0000] {taskinstance.py:2170} INFO - Starting attempt 1 of 2
[2024-02-09T11:13:05.681+0000] {taskinstance.py:2191} INFO - Executing <Task(PostgresOperator): create_db_schem> on 2024-02-09 00:56:00+00:00
[2024-02-09T11:13:05.708+0000] {standard_task_runner.py:60} INFO - Started process 7803 to run task
[2024-02-09T11:13:05.718+0000] {standard_task_runner.py:87} INFO - Running: ['***', 'tasks', 'run', 'Weather_DAG_V5', 'create_db_schem', 'scheduled__2024-02-09T00:56:00+00:00', '--job-id', '2718', '--raw', '--subdir', 'DAGS_FOLDER/Weather_dag.py', '--cfg-path', '/tmp/tmpstcw33o_']
[2024-02-09T11:13:05.724+0000] {standard_task_runner.py:88} INFO - Job 2718: Subtask create_db_schem
[2024-02-09T11:13:06.100+0000] {task_command.py:423} INFO - Running <TaskInstance: Weather_DAG_V5.create_db_schem scheduled__2024-02-09T00:56:00+00:00 [running]> on host 06573eafe810
[2024-02-09T11:13:06.623+0000] {taskinstance.py:2480} INFO - Exporting env vars: AIRFLOW_CTX_DAG_OWNER='***' AIRFLOW_CTX_DAG_ID='Weather_DAG_V5' AIRFLOW_CTX_TASK_ID='create_db_schem' AIRFLOW_CTX_EXECUTION_DATE='2024-02-09T00:56:00+00:00' AIRFLOW_CTX_TRY_NUMBER='1' AIRFLOW_CTX_DAG_RUN_ID='scheduled__2024-02-09T00:56:00+00:00'
[2024-02-09T11:13:06.648+0000] {sql.py:276} INFO - Executing: 
        CREATE TABLE IF NOT EXISTS weather_tab(
            id serial PRIMARY KEY,
            city varchar,
            dt date,
            houur smallint,
            temperature_c float,
            pressure_mm float,
            is_rainy boolean
            )
[2024-02-09T11:13:06.718+0000] {base.py:83} INFO - Using connection ID 'postgres_localhost' for task execution.
[2024-02-09T11:13:06.775+0000] {base.py:83} INFO - Using connection ID 'postgres_localhost' for task execution.
[2024-02-09T11:13:06.861+0000] {sql.py:450} INFO - Running statement: 
        CREATE TABLE IF NOT EXISTS weather_tab(
            id serial PRIMARY KEY,
            city varchar,
            dt date,
            houur smallint,
            temperature_c float,
            pressure_mm float,
            is_rainy boolean
            ), parameters: None
[2024-02-09T11:13:06.891+0000] {taskinstance.py:1138} INFO - Marking task as SUCCESS. dag_id=Weather_DAG_V5, task_id=create_db_schem, execution_date=20240209T005600, start_date=20240209T111305, end_date=20240209T111306
[2024-02-09T11:13:07.106+0000] {local_task_job_runner.py:234} INFO - Task exited with return code 0
[2024-02-09T11:13:07.387+0000] {taskinstance.py:3280} INFO - 0 downstream tasks scheduled from follow-on schedule check
