[2024-03-14T13:38:46.910+0000] {taskinstance.py:1956} INFO - Dependencies all met for dep_context=non-requeueable deps ti=<TaskInstance: 1No_Pandas_Weather_DAG.data_to_db scheduled__2024-02-13T03:16:00+00:00 [queued]>
[2024-03-14T13:38:47.047+0000] {taskinstance.py:1956} INFO - Dependencies all met for dep_context=requeueable deps ti=<TaskInstance: 1No_Pandas_Weather_DAG.data_to_db scheduled__2024-02-13T03:16:00+00:00 [queued]>
[2024-03-14T13:38:47.049+0000] {taskinstance.py:2170} INFO - Starting attempt 1 of 1
[2024-03-14T13:38:47.404+0000] {taskinstance.py:2191} INFO - Executing <Task(PythonOperator): data_to_db> on 2024-02-13 03:16:00+00:00
[2024-03-14T13:38:47.413+0000] {standard_task_runner.py:60} INFO - Started process 162 to run task
[2024-03-14T13:38:47.441+0000] {standard_task_runner.py:87} INFO - Running: ['***', 'tasks', 'run', '1No_Pandas_Weather_DAG', 'data_to_db', 'scheduled__2024-02-13T03:16:00+00:00', '--job-id', '13790', '--raw', '--subdir', 'DAGS_FOLDER/first_dag.py', '--cfg-path', '/tmp/tmpgj851sl5']
[2024-03-14T13:38:47.464+0000] {standard_task_runner.py:88} INFO - Job 13790: Subtask data_to_db
[2024-03-14T13:38:47.889+0000] {task_command.py:423} INFO - Running <TaskInstance: 1No_Pandas_Weather_DAG.data_to_db scheduled__2024-02-13T03:16:00+00:00 [running]> on host b5253fd441c9
[2024-03-14T13:38:48.396+0000] {taskinstance.py:2480} INFO - Exporting env vars: AIRFLOW_CTX_DAG_OWNER='***' AIRFLOW_CTX_DAG_ID='1No_Pandas_Weather_DAG' AIRFLOW_CTX_TASK_ID='data_to_db' AIRFLOW_CTX_EXECUTION_DATE='2024-02-13T03:16:00+00:00' AIRFLOW_CTX_TRY_NUMBER='1' AIRFLOW_CTX_DAG_RUN_ID='scheduled__2024-02-13T03:16:00+00:00'
[2024-03-14T13:38:48.403+0000] {logging_mixin.py:188} INFO - /opt/***
[2024-03-14T13:38:48.460+0000] {base.py:83} INFO - Using connection ID 'postgres_localhost' for task execution.
[2024-03-14T13:38:48.490+0000] {first_dag.py:84} INFO - columns: City,dt,hour,temperature_c,pressure,is_rainy
[2024-03-14T13:38:48.491+0000] {first_dag.py:95} INFO - columns: City,dt,hour,temperature_c,pressure,is_rainy
[2024-03-14T13:38:48.492+0000] {first_dag.py:99} INFO - values: VALUES(%s,%s,%s,%s,%s,%s)
[2024-03-14T13:38:48.492+0000] {first_dag.py:103} INFO - type values: <class 'dict'>
[2024-03-14T13:38:48.493+0000] {first_dag.py:104} INFO - type insert_stmt: <class 'str'>
[2024-03-14T13:38:48.493+0000] {taskinstance.py:2698} ERROR - Task failed with exception
Traceback (most recent call last):
  File "/home/airflow/.local/lib/python3.8/site-packages/airflow/models/taskinstance.py", line 433, in _execute_task
    result = execute_callable(context=context, **execute_callable_kwargs)
  File "/home/airflow/.local/lib/python3.8/site-packages/airflow/operators/python.py", line 199, in execute
    return_value = self.execute_callable()
  File "/home/airflow/.local/lib/python3.8/site-packages/airflow/operators/python.py", line 216, in execute_callable
    return self.python_callable(*self.op_args, **self.op_kwargs)
  File "/opt/airflow/dags/first_dag.py", line 106, in csv_db
    psycopg2.extras.execute_batch(pCursor, insert_stmt, values_dict)
  File "/home/airflow/.local/lib/python3.8/site-packages/psycopg2/extras.py", line 1215, in execute_batch
    sqls = [cur.mogrify(sql, args) for args in page]
  File "/home/airflow/.local/lib/python3.8/site-packages/psycopg2/extras.py", line 1215, in <listcomp>
    sqls = [cur.mogrify(sql, args) for args in page]
IndexError: string index out of range
[2024-03-14T13:38:48.530+0000] {taskinstance.py:1138} INFO - Marking task as FAILED. dag_id=1No_Pandas_Weather_DAG, task_id=data_to_db, execution_date=20240213T031600, start_date=20240314T133846, end_date=20240314T133848
[2024-03-14T13:38:48.575+0000] {standard_task_runner.py:107} ERROR - Failed to execute job 13790 for task data_to_db (string index out of range; 162)
[2024-03-14T13:38:48.742+0000] {local_task_job_runner.py:234} INFO - Task exited with return code 1
[2024-03-14T13:38:48.825+0000] {taskinstance.py:3280} INFO - 0 downstream tasks scheduled from follow-on schedule check
