[2024-02-12T08:55:55.901+0000] {taskinstance.py:1956} INFO - Dependencies all met for dep_context=non-requeueable deps ti=<TaskInstance: Weather_DAG_V3.8.data_to_db scheduled__2024-02-12T00:16:00+00:00 [queued]>
[2024-02-12T08:55:56.081+0000] {taskinstance.py:1956} INFO - Dependencies all met for dep_context=requeueable deps ti=<TaskInstance: Weather_DAG_V3.8.data_to_db scheduled__2024-02-12T00:16:00+00:00 [queued]>
[2024-02-12T08:55:56.089+0000] {taskinstance.py:2170} INFO - Starting attempt 1 of 1
[2024-02-12T08:55:56.226+0000] {taskinstance.py:2191} INFO - Executing <Task(PythonOperator): data_to_db> on 2024-02-12 00:16:00+00:00
[2024-02-12T08:55:56.240+0000] {standard_task_runner.py:60} INFO - Started process 1924 to run task
[2024-02-12T08:55:56.252+0000] {standard_task_runner.py:87} INFO - Running: ['***', 'tasks', 'run', 'Weather_DAG_V3.8', 'data_to_db', 'scheduled__2024-02-12T00:16:00+00:00', '--job-id', '6120', '--raw', '--subdir', 'DAGS_FOLDER/Weather_dag.py', '--cfg-path', '/tmp/tmpqyw4we5o']
[2024-02-12T08:55:56.283+0000] {standard_task_runner.py:88} INFO - Job 6120: Subtask data_to_db
[2024-02-12T08:55:56.577+0000] {task_command.py:423} INFO - Running <TaskInstance: Weather_DAG_V3.8.data_to_db scheduled__2024-02-12T00:16:00+00:00 [running]> on host 06573eafe810
[2024-02-12T08:55:56.950+0000] {taskinstance.py:2480} INFO - Exporting env vars: AIRFLOW_CTX_DAG_OWNER='***' AIRFLOW_CTX_DAG_ID='Weather_DAG_V3.8' AIRFLOW_CTX_TASK_ID='data_to_db' AIRFLOW_CTX_EXECUTION_DATE='2024-02-12T00:16:00+00:00' AIRFLOW_CTX_TRY_NUMBER='1' AIRFLOW_CTX_DAG_RUN_ID='scheduled__2024-02-12T00:16:00+00:00'
[2024-02-12T08:55:56.998+0000] {taskinstance.py:2698} ERROR - Task failed with exception
Traceback (most recent call last):
  File "/home/airflow/.local/lib/python3.8/site-packages/airflow/models/taskinstance.py", line 433, in _execute_task
    result = execute_callable(context=context, **execute_callable_kwargs)
  File "/home/airflow/.local/lib/python3.8/site-packages/airflow/operators/python.py", line 199, in execute
    return_value = self.execute_callable()
  File "/home/airflow/.local/lib/python3.8/site-packages/airflow/operators/python.py", line 216, in execute_callable
    return self.python_callable(*self.op_args, **self.op_kwargs)
  File "/opt/airflow/dags/Weather_dag.py", line 73, in csv_db
    hook.bulk_load('weather_tab')
TypeError: bulk_load() missing 1 required positional argument: 'tmp_file'
[2024-02-12T08:55:57.123+0000] {taskinstance.py:1138} INFO - Marking task as FAILED. dag_id=Weather_DAG_V3.8, task_id=data_to_db, execution_date=20240212T001600, start_date=20240212T085555, end_date=20240212T085557
[2024-02-12T08:55:57.252+0000] {standard_task_runner.py:107} ERROR - Failed to execute job 6120 for task data_to_db (bulk_load() missing 1 required positional argument: 'tmp_file'; 1924)
[2024-02-12T08:55:57.325+0000] {local_task_job_runner.py:234} INFO - Task exited with return code 1
[2024-02-12T08:55:57.751+0000] {taskinstance.py:3280} INFO - 0 downstream tasks scheduled from follow-on schedule check
