[2024-02-13T10:10:28.694+0000] {taskinstance.py:1956} INFO - Dependencies all met for dep_context=non-requeueable deps ti=<TaskInstance: 1Training_DAG_V1.0.data_to_db manual__2024-02-13T10:10:22.176518+00:00 [queued]>
[2024-02-13T10:10:28.705+0000] {taskinstance.py:1956} INFO - Dependencies all met for dep_context=requeueable deps ti=<TaskInstance: 1Training_DAG_V1.0.data_to_db manual__2024-02-13T10:10:22.176518+00:00 [queued]>
[2024-02-13T10:10:28.707+0000] {taskinstance.py:2170} INFO - Starting attempt 1 of 1
[2024-02-13T10:10:28.726+0000] {taskinstance.py:2191} INFO - Executing <Task(PythonOperator): data_to_db> on 2024-02-13 10:10:22.176518+00:00
[2024-02-13T10:10:28.733+0000] {standard_task_runner.py:60} INFO - Started process 2656 to run task
[2024-02-13T10:10:28.736+0000] {standard_task_runner.py:87} INFO - Running: ['***', 'tasks', 'run', '1Training_DAG_V1.0', 'data_to_db', 'manual__2024-02-13T10:10:22.176518+00:00', '--job-id', '11219', '--raw', '--subdir', 'DAGS_FOLDER/traning_dag.py', '--cfg-path', '/tmp/tmp6urwhbdo']
[2024-02-13T10:10:28.738+0000] {standard_task_runner.py:88} INFO - Job 11219: Subtask data_to_db
[2024-02-13T10:10:28.800+0000] {task_command.py:423} INFO - Running <TaskInstance: 1Training_DAG_V1.0.data_to_db manual__2024-02-13T10:10:22.176518+00:00 [running]> on host 06573eafe810
[2024-02-13T10:10:28.897+0000] {taskinstance.py:2480} INFO - Exporting env vars: AIRFLOW_CTX_DAG_OWNER='***' AIRFLOW_CTX_DAG_ID='1Training_DAG_V1.0' AIRFLOW_CTX_TASK_ID='data_to_db' AIRFLOW_CTX_EXECUTION_DATE='2024-02-13T10:10:22.176518+00:00' AIRFLOW_CTX_TRY_NUMBER='1' AIRFLOW_CTX_DAG_RUN_ID='manual__2024-02-13T10:10:22.176518+00:00'
[2024-02-13T10:10:28.908+0000] {taskinstance.py:2698} ERROR - Task failed with exception
Traceback (most recent call last):
  File "/home/airflow/.local/lib/python3.8/site-packages/airflow/models/taskinstance.py", line 433, in _execute_task
    result = execute_callable(context=context, **execute_callable_kwargs)
  File "/home/airflow/.local/lib/python3.8/site-packages/airflow/operators/python.py", line 199, in execute
    return_value = self.execute_callable()
  File "/home/airflow/.local/lib/python3.8/site-packages/airflow/operators/python.py", line 216, in execute_callable
    return self.python_callable(*self.op_args, **self.op_kwargs)
  File "/opt/airflow/dags/traning_dag.py", line 24, in csv_db
    sql_script = "INSERT INTO Training VALUES (%s)" % (list_csv[0])
TypeError: 'method' object is not subscriptable
[2024-02-13T10:10:28.920+0000] {taskinstance.py:1138} INFO - Marking task as FAILED. dag_id=1Training_DAG_V1.0, task_id=data_to_db, execution_date=20240213T101022, start_date=20240213T101028, end_date=20240213T101028
[2024-02-13T10:10:28.937+0000] {standard_task_runner.py:107} ERROR - Failed to execute job 11219 for task data_to_db ('method' object is not subscriptable; 2656)
[2024-02-13T10:10:28.954+0000] {local_task_job_runner.py:234} INFO - Task exited with return code 1
[2024-02-13T10:10:28.982+0000] {taskinstance.py:3280} INFO - 0 downstream tasks scheduled from follow-on schedule check
