[2024-02-08T11:18:52.696+0000] {taskinstance.py:1956} INFO - Dependencies all met for dep_context=non-requeueable deps ti=<TaskInstance: weather_dag.weather_csv scheduled__2024-02-08T11:11:00+00:00 [queued]>
[2024-02-08T11:18:52.728+0000] {taskinstance.py:1956} INFO - Dependencies all met for dep_context=requeueable deps ti=<TaskInstance: weather_dag.weather_csv scheduled__2024-02-08T11:11:00+00:00 [queued]>
[2024-02-08T11:18:52.734+0000] {taskinstance.py:2170} INFO - Starting attempt 1 of 2
[2024-02-08T11:18:52.776+0000] {taskinstance.py:2191} INFO - Executing <Task(PythonOperator): weather_csv> on 2024-02-08 11:11:00+00:00
[2024-02-08T11:18:52.785+0000] {standard_task_runner.py:60} INFO - Started process 2086 to run task
[2024-02-08T11:18:52.790+0000] {standard_task_runner.py:87} INFO - Running: ['***', 'tasks', 'run', 'weather_dag', 'weather_csv', 'scheduled__2024-02-08T11:11:00+00:00', '--job-id', '299', '--raw', '--subdir', 'DAGS_FOLDER/Weather_dag.py', '--cfg-path', '/tmp/tmpbf4pcb6v']
[2024-02-08T11:18:52.794+0000] {standard_task_runner.py:88} INFO - Job 299: Subtask weather_csv
[2024-02-08T11:18:52.854+0000] {task_command.py:423} INFO - Running <TaskInstance: weather_dag.weather_csv scheduled__2024-02-08T11:11:00+00:00 [running]> on host 06573eafe810
[2024-02-08T11:18:52.954+0000] {taskinstance.py:2480} INFO - Exporting env vars: AIRFLOW_CTX_DAG_OWNER='***' AIRFLOW_CTX_DAG_ID='weather_dag' AIRFLOW_CTX_TASK_ID='weather_csv' AIRFLOW_CTX_EXECUTION_DATE='2024-02-08T11:11:00+00:00' AIRFLOW_CTX_TRY_NUMBER='1' AIRFLOW_CTX_DAG_RUN_ID='scheduled__2024-02-08T11:11:00+00:00'
[2024-02-08T11:18:52.962+0000] {python.py:201} INFO - Done. Returned value was: None
[2024-02-08T11:18:52.972+0000] {taskinstance.py:1138} INFO - Marking task as SUCCESS. dag_id=weather_dag, task_id=weather_csv, execution_date=20240208T111100, start_date=20240208T111852, end_date=20240208T111852
[2024-02-08T11:18:53.005+0000] {local_task_job_runner.py:234} INFO - Task exited with return code 0
[2024-02-08T11:18:53.028+0000] {taskinstance.py:3280} INFO - 0 downstream tasks scheduled from follow-on schedule check
[2024-02-08T11:56:37.194+0000] {taskinstance.py:1956} INFO - Dependencies all met for dep_context=non-requeueable deps ti=<TaskInstance: Weather_DAG.weather_csv scheduled__2024-02-08T11:11:00+00:00 [queued]>
[2024-02-08T11:56:37.230+0000] {taskinstance.py:1956} INFO - Dependencies all met for dep_context=requeueable deps ti=<TaskInstance: Weather_DAG.weather_csv scheduled__2024-02-08T11:11:00+00:00 [queued]>
[2024-02-08T11:56:37.231+0000] {taskinstance.py:2170} INFO - Starting attempt 1 of 2
[2024-02-08T11:56:37.458+0000] {taskinstance.py:2191} INFO - Executing <Task(PythonOperator): weather_csv> on 2024-02-08 11:11:00+00:00
[2024-02-08T11:56:37.511+0000] {standard_task_runner.py:87} INFO - Running: ['***', 'tasks', 'run', 'Weather_DAG', 'weather_csv', 'scheduled__2024-02-08T11:11:00+00:00', '--job-id', '343', '--raw', '--subdir', 'DAGS_FOLDER/Weather_dag.py', '--cfg-path', '/tmp/tmpoeispicr']
[2024-02-08T11:56:37.516+0000] {standard_task_runner.py:88} INFO - Job 343: Subtask weather_csv
[2024-02-08T11:56:37.484+0000] {standard_task_runner.py:60} INFO - Started process 2499 to run task
[2024-02-08T11:56:37.849+0000] {task_command.py:423} INFO - Running <TaskInstance: Weather_DAG.weather_csv scheduled__2024-02-08T11:11:00+00:00 [running]> on host 06573eafe810
[2024-02-08T11:56:38.307+0000] {taskinstance.py:2480} INFO - Exporting env vars: AIRFLOW_CTX_DAG_OWNER='***' AIRFLOW_CTX_DAG_ID='Weather_DAG' AIRFLOW_CTX_TASK_ID='weather_csv' AIRFLOW_CTX_EXECUTION_DATE='2024-02-08T11:11:00+00:00' AIRFLOW_CTX_TRY_NUMBER='1' AIRFLOW_CTX_DAG_RUN_ID='scheduled__2024-02-08T11:11:00+00:00'
[2024-02-08T11:56:38.325+0000] {python.py:201} INFO - Done. Returned value was: None
[2024-02-08T11:56:38.403+0000] {taskinstance.py:1138} INFO - Marking task as SUCCESS. dag_id=Weather_DAG, task_id=weather_csv, execution_date=20240208T111100, start_date=20240208T115637, end_date=20240208T115638
[2024-02-08T11:56:38.514+0000] {local_task_job_runner.py:234} INFO - Task exited with return code 0
[2024-02-08T11:56:38.551+0000] {taskinstance.py:3280} INFO - 0 downstream tasks scheduled from follow-on schedule check
