[2024-02-09T12:36:40.358+0000] {taskinstance.py:1956} INFO - Dependencies all met for dep_context=non-requeueable deps ti=<TaskInstance: Weather_DAG_V2.4.data_to_db scheduled__2024-02-09T01:16:00+00:00 [queued]>
[2024-02-09T12:36:40.383+0000] {taskinstance.py:1956} INFO - Dependencies all met for dep_context=requeueable deps ti=<TaskInstance: Weather_DAG_V2.4.data_to_db scheduled__2024-02-09T01:16:00+00:00 [queued]>
[2024-02-09T12:36:40.384+0000] {taskinstance.py:2170} INFO - Starting attempt 1 of 2
[2024-02-09T12:36:40.424+0000] {taskinstance.py:2191} INFO - Executing <Task(PythonOperator): data_to_db> on 2024-02-09 01:16:00+00:00
[2024-02-09T12:36:40.444+0000] {standard_task_runner.py:60} INFO - Started process 11158 to run task
[2024-02-09T12:36:40.454+0000] {standard_task_runner.py:87} INFO - Running: ['***', 'tasks', 'run', 'Weather_DAG_V2.4', 'data_to_db', 'scheduled__2024-02-09T01:16:00+00:00', '--job-id', '3436', '--raw', '--subdir', 'DAGS_FOLDER/Weather_dag.py', '--cfg-path', '/tmp/tmpg59nhjbd']
[2024-02-09T12:36:40.458+0000] {standard_task_runner.py:88} INFO - Job 3436: Subtask data_to_db
[2024-02-09T12:36:40.546+0000] {task_command.py:423} INFO - Running <TaskInstance: Weather_DAG_V2.4.data_to_db scheduled__2024-02-09T01:16:00+00:00 [running]> on host 06573eafe810
[2024-02-09T12:36:40.675+0000] {taskinstance.py:2480} INFO - Exporting env vars: AIRFLOW_CTX_DAG_OWNER='***' AIRFLOW_CTX_DAG_ID='Weather_DAG_V2.4' AIRFLOW_CTX_TASK_ID='data_to_db' AIRFLOW_CTX_EXECUTION_DATE='2024-02-09T01:16:00+00:00' AIRFLOW_CTX_TRY_NUMBER='1' AIRFLOW_CTX_DAG_RUN_ID='scheduled__2024-02-09T01:16:00+00:00'
[2024-02-09T12:36:40.717+0000] {base.py:83} INFO - Using connection ID 'postgres_localhost' for task execution.
[2024-02-09T12:36:40.740+0000] {taskinstance.py:2698} ERROR - Task failed with exception
Traceback (most recent call last):
  File "/home/airflow/.local/lib/python3.8/site-packages/airflow/models/taskinstance.py", line 433, in _execute_task
    result = execute_callable(context=context, **execute_callable_kwargs)
  File "/home/airflow/.local/lib/python3.8/site-packages/airflow/operators/python.py", line 199, in execute
    return_value = self.execute_callable()
  File "/home/airflow/.local/lib/python3.8/site-packages/airflow/operators/python.py", line 216, in execute_callable
    return self.python_callable(*self.op_args, **self.op_kwargs)
  File "/opt/airflow/dags/Weather_dag.py", line 72, in csv_db
    hook.insert_rows(table='weather_tab', rows=CSV_DATA)
  File "/home/airflow/.local/lib/python3.8/site-packages/airflow/providers/common/sql/hooks/sql.py", line 541, in insert_rows
    cur.execute(sql, values)
psycopg2.errors.SyntaxError: INSERT has more expressions than target columns
LINE 1: ... weather_tab  VALUES ('U','n','n','a','m','e','d',':',' ','0...
                                                             ^

[2024-02-09T12:36:40.759+0000] {taskinstance.py:1138} INFO - Marking task as UP_FOR_RETRY. dag_id=Weather_DAG_V2.4, task_id=data_to_db, execution_date=20240209T011600, start_date=20240209T123640, end_date=20240209T123640
[2024-02-09T12:36:40.783+0000] {standard_task_runner.py:107} ERROR - Failed to execute job 3436 for task data_to_db (INSERT has more expressions than target columns
LINE 1: ... weather_tab  VALUES ('U','n','n','a','m','e','d',':',' ','0...
                                                             ^
; 11158)
[2024-02-09T12:36:40.837+0000] {local_task_job_runner.py:234} INFO - Task exited with return code 1
[2024-02-09T12:36:40.861+0000] {taskinstance.py:3280} INFO - 0 downstream tasks scheduled from follow-on schedule check
