[2024-03-14T13:39:37.905+0000] {taskinstance.py:1956} INFO - Dependencies all met for dep_context=non-requeueable deps ti=<TaskInstance: 1No_Pandas_Weather_DAG.get_weather scheduled__2024-03-14T02:16:00+00:00 [queued]>
[2024-03-14T13:39:37.996+0000] {taskinstance.py:1956} INFO - Dependencies all met for dep_context=requeueable deps ti=<TaskInstance: 1No_Pandas_Weather_DAG.get_weather scheduled__2024-03-14T02:16:00+00:00 [queued]>
[2024-03-14T13:39:38.013+0000] {taskinstance.py:2170} INFO - Starting attempt 1 of 1
[2024-03-14T13:39:38.311+0000] {taskinstance.py:2191} INFO - Executing <Task(PythonOperator): get_weather> on 2024-03-14 02:16:00+00:00
[2024-03-14T13:39:38.343+0000] {standard_task_runner.py:60} INFO - Started process 285 to run task
[2024-03-14T13:39:38.362+0000] {standard_task_runner.py:87} INFO - Running: ['***', 'tasks', 'run', '1No_Pandas_Weather_DAG', 'get_weather', 'scheduled__2024-03-14T02:16:00+00:00', '--job-id', '13824', '--raw', '--subdir', 'DAGS_FOLDER/first_dag.py', '--cfg-path', '/tmp/tmp14x573by']
[2024-03-14T13:39:38.412+0000] {standard_task_runner.py:88} INFO - Job 13824: Subtask get_weather
[2024-03-14T13:39:38.680+0000] {task_command.py:423} INFO - Running <TaskInstance: 1No_Pandas_Weather_DAG.get_weather scheduled__2024-03-14T02:16:00+00:00 [running]> on host b5253fd441c9
[2024-03-14T13:39:39.195+0000] {taskinstance.py:2480} INFO - Exporting env vars: AIRFLOW_CTX_DAG_OWNER='***' AIRFLOW_CTX_DAG_ID='1No_Pandas_Weather_DAG' AIRFLOW_CTX_TASK_ID='get_weather' AIRFLOW_CTX_EXECUTION_DATE='2024-03-14T02:16:00+00:00' AIRFLOW_CTX_TRY_NUMBER='1' AIRFLOW_CTX_DAG_RUN_ID='scheduled__2024-03-14T02:16:00+00:00'
[2024-03-14T13:39:39.619+0000] {taskinstance.py:2698} ERROR - Task failed with exception
Traceback (most recent call last):
  File "/home/airflow/.local/lib/python3.8/site-packages/airflow/models/taskinstance.py", line 433, in _execute_task
    result = execute_callable(context=context, **execute_callable_kwargs)
  File "/home/airflow/.local/lib/python3.8/site-packages/airflow/operators/python.py", line 199, in execute
    return_value = self.execute_callable()
  File "/home/airflow/.local/lib/python3.8/site-packages/airflow/operators/python.py", line 216, in execute_callable
    return self.python_callable(*self.op_args, **self.op_kwargs)
  File "/opt/airflow/dags/first_dag.py", line 46, in get_weather
    for i in range(len(weather_data['forecasts'])):
KeyError: 'forecasts'
[2024-03-14T13:39:39.631+0000] {taskinstance.py:1138} INFO - Marking task as FAILED. dag_id=1No_Pandas_Weather_DAG, task_id=get_weather, execution_date=20240314T021600, start_date=20240314T133937, end_date=20240314T133939
[2024-03-14T13:39:39.678+0000] {standard_task_runner.py:107} ERROR - Failed to execute job 13824 for task get_weather ('forecasts'; 285)
[2024-03-14T13:39:39.730+0000] {local_task_job_runner.py:234} INFO - Task exited with return code 1
[2024-03-14T13:39:39.810+0000] {taskinstance.py:3280} INFO - 0 downstream tasks scheduled from follow-on schedule check
