[2024-02-12T13:13:49.051+0000] {taskinstance.py:1956} INFO - Dependencies all met for dep_context=non-requeueable deps ti=<TaskInstance: Weather_DAG_V4.7.data_to_db scheduled__2024-02-12T00:36:00+00:00 [queued]>
[2024-02-12T13:13:49.160+0000] {taskinstance.py:1956} INFO - Dependencies all met for dep_context=requeueable deps ti=<TaskInstance: Weather_DAG_V4.7.data_to_db scheduled__2024-02-12T00:36:00+00:00 [queued]>
[2024-02-12T13:13:49.169+0000] {taskinstance.py:2170} INFO - Starting attempt 1 of 1
[2024-02-12T13:13:49.297+0000] {taskinstance.py:2191} INFO - Executing <Task(PostgresOperator): data_to_db> on 2024-02-12 00:36:00+00:00
[2024-02-12T13:13:49.328+0000] {standard_task_runner.py:60} INFO - Started process 15578 to run task
[2024-02-12T13:13:49.335+0000] {standard_task_runner.py:87} INFO - Running: ['***', 'tasks', 'run', 'Weather_DAG_V4.7', 'data_to_db', 'scheduled__2024-02-12T00:36:00+00:00', '--job-id', '9482', '--raw', '--subdir', 'DAGS_FOLDER/Weather_dag.py', '--cfg-path', '/tmp/tmp2z5re39j']
[2024-02-12T13:13:49.338+0000] {standard_task_runner.py:88} INFO - Job 9482: Subtask data_to_db
[2024-02-12T13:13:49.521+0000] {task_command.py:423} INFO - Running <TaskInstance: Weather_DAG_V4.7.data_to_db scheduled__2024-02-12T00:36:00+00:00 [running]> on host 06573eafe810
[2024-02-12T13:13:49.918+0000] {taskinstance.py:2480} INFO - Exporting env vars: AIRFLOW_CTX_DAG_OWNER='***' AIRFLOW_CTX_DAG_ID='Weather_DAG_V4.7' AIRFLOW_CTX_TASK_ID='data_to_db' AIRFLOW_CTX_EXECUTION_DATE='2024-02-12T00:36:00+00:00' AIRFLOW_CTX_TRY_NUMBER='1' AIRFLOW_CTX_DAG_RUN_ID='scheduled__2024-02-12T00:36:00+00:00'
[2024-02-12T13:13:49.928+0000] {sql.py:276} INFO - Executing: 
        COPY weather_tab(city, dt, houur, temperature_c, pressure_mm, is_rainy)
        FROM 'weather.csv'
        DELIMITER ','
        CSV HEADER;
[2024-02-12T13:13:50.001+0000] {base.py:83} INFO - Using connection ID 'postgres_localhost' for task execution.
[2024-02-12T13:13:50.099+0000] {base.py:83} INFO - Using connection ID 'postgres_localhost' for task execution.
[2024-02-12T13:13:50.131+0000] {sql.py:450} INFO - Running statement: 
        COPY weather_tab(city, dt, houur, temperature_c, pressure_mm, is_rainy)
        FROM 'weather.csv'
        DELIMITER ','
        CSV HEADER;, parameters: None
[2024-02-12T13:13:50.141+0000] {taskinstance.py:2698} ERROR - Task failed with exception
Traceback (most recent call last):
  File "/home/airflow/.local/lib/python3.8/site-packages/airflow/models/taskinstance.py", line 433, in _execute_task
    result = execute_callable(context=context, **execute_callable_kwargs)
  File "/home/airflow/.local/lib/python3.8/site-packages/airflow/providers/common/sql/operators/sql.py", line 282, in execute
    output = hook.run(
  File "/home/airflow/.local/lib/python3.8/site-packages/airflow/providers/common/sql/hooks/sql.py", line 398, in run
    self._run_command(cur, sql_statement, parameters)
  File "/home/airflow/.local/lib/python3.8/site-packages/airflow/providers/common/sql/hooks/sql.py", line 455, in _run_command
    cur.execute(sql_statement)
psycopg2.errors.UndefinedFile: could not open file "weather.csv" for reading: No such file or directory
HINT:  COPY FROM instructs the PostgreSQL server process to read a file. You may want a client-side facility such as psql's \copy.

[2024-02-12T13:13:50.202+0000] {taskinstance.py:1138} INFO - Marking task as FAILED. dag_id=Weather_DAG_V4.7, task_id=data_to_db, execution_date=20240212T003600, start_date=20240212T131349, end_date=20240212T131350
[2024-02-12T13:13:50.314+0000] {standard_task_runner.py:107} ERROR - Failed to execute job 9482 for task data_to_db (could not open file "weather.csv" for reading: No such file or directory
HINT:  COPY FROM instructs the PostgreSQL server process to read a file. You may want a client-side facility such as psql's \copy.
; 15578)
[2024-02-12T13:13:50.377+0000] {local_task_job_runner.py:234} INFO - Task exited with return code 1
[2024-02-12T13:13:50.398+0000] {taskinstance.py:3280} INFO - 0 downstream tasks scheduled from follow-on schedule check
