[2024-02-13T15:06:08.799+0000] {taskinstance.py:1956} INFO - Dependencies all met for dep_context=non-requeueable deps ti=<TaskInstance: Weather_DAG_V5.4.data_to_db scheduled__2024-02-13T15:01:00+00:00 [queued]>
[2024-02-13T15:06:08.813+0000] {taskinstance.py:1956} INFO - Dependencies all met for dep_context=requeueable deps ti=<TaskInstance: Weather_DAG_V5.4.data_to_db scheduled__2024-02-13T15:01:00+00:00 [queued]>
[2024-02-13T15:06:08.813+0000] {taskinstance.py:2170} INFO - Starting attempt 1 of 1
[2024-02-13T15:06:08.835+0000] {taskinstance.py:2191} INFO - Executing <Task(PythonOperator): data_to_db> on 2024-02-13 15:01:00+00:00
[2024-02-13T15:06:08.843+0000] {standard_task_runner.py:60} INFO - Started process 9323 to run task
[2024-02-13T15:06:08.847+0000] {standard_task_runner.py:87} INFO - Running: ['***', 'tasks', 'run', 'Weather_DAG_V5.4', 'data_to_db', 'scheduled__2024-02-13T15:01:00+00:00', '--job-id', '12086', '--raw', '--subdir', 'DAGS_FOLDER/Weather_dag.py', '--cfg-path', '/tmp/tmpbugurmvw']
[2024-02-13T15:06:08.849+0000] {standard_task_runner.py:88} INFO - Job 12086: Subtask data_to_db
[2024-02-13T15:06:08.913+0000] {task_command.py:423} INFO - Running <TaskInstance: Weather_DAG_V5.4.data_to_db scheduled__2024-02-13T15:01:00+00:00 [running]> on host 06573eafe810
[2024-02-13T15:06:09.023+0000] {taskinstance.py:2480} INFO - Exporting env vars: AIRFLOW_CTX_DAG_OWNER='***' AIRFLOW_CTX_DAG_ID='Weather_DAG_V5.4' AIRFLOW_CTX_TASK_ID='data_to_db' AIRFLOW_CTX_EXECUTION_DATE='2024-02-13T15:01:00+00:00' AIRFLOW_CTX_TRY_NUMBER='1' AIRFLOW_CTX_DAG_RUN_ID='scheduled__2024-02-13T15:01:00+00:00'
[2024-02-13T15:06:09.025+0000] {logging_mixin.py:188} INFO - /opt/***
[2024-02-13T15:06:09.035+0000] {base.py:83} INFO - Using connection ID 'postgres_localhost' for task execution.
[2024-02-13T15:06:09.056+0000] {Weather_dag.py:79} INFO -      City          dt  hour  temperature_c  pressure  is_rainy
0  Москва  2024-02-13     0             -3       744         0
1  Москва  2024-02-13     1             -2       744         0
2  Москва  2024-02-13     2             -2       744         0
3  Москва  2024-02-13     3             -3       745         1
4  Москва  2024-02-13     4             -4       745         0
[2024-02-13T15:06:09.069+0000] {Weather_dag.py:86} INFO - columns: City, dt, hour, temperature_c, pressure, is_rainy
[2024-02-13T15:06:09.070+0000] {Weather_dag.py:91} INFO - values: VALUES(%s,%s,%s,%s,%s,%s)
[2024-02-13T15:06:09.116+0000] {python.py:201} INFO - Done. Returned value was: None
[2024-02-13T15:06:09.128+0000] {taskinstance.py:1138} INFO - Marking task as SUCCESS. dag_id=Weather_DAG_V5.4, task_id=data_to_db, execution_date=20240213T150100, start_date=20240213T150608, end_date=20240213T150609
[2024-02-13T15:06:09.180+0000] {local_task_job_runner.py:234} INFO - Task exited with return code 0
[2024-02-13T15:06:09.202+0000] {taskinstance.py:3280} INFO - 1 downstream tasks scheduled from follow-on schedule check
