[2024-02-13T15:01:36.733+0000] {taskinstance.py:1956} INFO - Dependencies all met for dep_context=non-requeueable deps ti=<TaskInstance: 1Success_dag.create_db_schem scheduled__2024-02-13T02:11:00+00:00 [queued]>
[2024-02-13T15:01:36.813+0000] {taskinstance.py:1956} INFO - Dependencies all met for dep_context=requeueable deps ti=<TaskInstance: 1Success_dag.create_db_schem scheduled__2024-02-13T02:11:00+00:00 [queued]>
[2024-02-13T15:01:36.817+0000] {taskinstance.py:2170} INFO - Starting attempt 1 of 1
[2024-02-13T15:01:36.985+0000] {taskinstance.py:2191} INFO - Executing <Task(PostgresOperator): create_db_schem> on 2024-02-13 02:11:00+00:00
[2024-02-13T15:01:37.004+0000] {standard_task_runner.py:60} INFO - Started process 8784 to run task
[2024-02-13T15:01:37.027+0000] {standard_task_runner.py:87} INFO - Running: ['***', 'tasks', 'run', '1Success_dag', 'create_db_schem', 'scheduled__2024-02-13T02:11:00+00:00', '--job-id', '11919', '--raw', '--subdir', 'DAGS_FOLDER/success_dag.py', '--cfg-path', '/tmp/tmpjm63rmlr']
[2024-02-13T15:01:37.037+0000] {standard_task_runner.py:88} INFO - Job 11919: Subtask create_db_schem
[2024-02-13T15:01:37.415+0000] {task_command.py:423} INFO - Running <TaskInstance: 1Success_dag.create_db_schem scheduled__2024-02-13T02:11:00+00:00 [running]> on host 06573eafe810
[2024-02-13T15:01:37.914+0000] {taskinstance.py:2480} INFO - Exporting env vars: AIRFLOW_CTX_DAG_OWNER='***' AIRFLOW_CTX_DAG_ID='1Success_dag' AIRFLOW_CTX_TASK_ID='create_db_schem' AIRFLOW_CTX_EXECUTION_DATE='2024-02-13T02:11:00+00:00' AIRFLOW_CTX_TRY_NUMBER='1' AIRFLOW_CTX_DAG_RUN_ID='scheduled__2024-02-13T02:11:00+00:00'
[2024-02-13T15:01:37.920+0000] {sql.py:276} INFO - Executing: 
        DROP TABLE weather_tab;
        CREATE TABLE weather_tab(
            id SERIAL PRIMARY KEY,
	        city varchar NULL,
	        dt date NULL,
	        hour int2 NULL,
	        temperature_c float8 NULL,
	        pressure float8 NULL,
	        is_rainy int NULL
    );
[2024-02-13T15:01:38.012+0000] {base.py:83} INFO - Using connection ID 'postgres_localhost' for task execution.
[2024-02-13T15:01:38.055+0000] {base.py:83} INFO - Using connection ID 'postgres_localhost' for task execution.
[2024-02-13T15:01:38.073+0000] {sql.py:450} INFO - Running statement: 
        DROP TABLE weather_tab;
        CREATE TABLE weather_tab(
            id SERIAL PRIMARY KEY,
	        city varchar NULL,
	        dt date NULL,
	        hour int2 NULL,
	        temperature_c float8 NULL,
	        pressure float8 NULL,
	        is_rainy int NULL
    );, parameters: None
[2024-02-13T15:01:38.161+0000] {taskinstance.py:1138} INFO - Marking task as SUCCESS. dag_id=1Success_dag, task_id=create_db_schem, execution_date=20240213T021100, start_date=20240213T150136, end_date=20240213T150138
[2024-02-13T15:01:38.298+0000] {local_task_job_runner.py:234} INFO - Task exited with return code 0
[2024-02-13T15:01:38.382+0000] {taskinstance.py:3280} INFO - 1 downstream tasks scheduled from follow-on schedule check
