[2024-02-09T11:44:45.079+0000] {taskinstance.py:1956} INFO - Dependencies all met for dep_context=non-requeueable deps ti=<TaskInstance: Weather_DAG_V2.2.create_db_schem scheduled__2024-02-09T00:26:00+00:00 [queued]>
[2024-02-09T11:44:45.122+0000] {taskinstance.py:1956} INFO - Dependencies all met for dep_context=requeueable deps ti=<TaskInstance: Weather_DAG_V2.2.create_db_schem scheduled__2024-02-09T00:26:00+00:00 [queued]>
[2024-02-09T11:44:45.123+0000] {taskinstance.py:2170} INFO - Starting attempt 1 of 2
[2024-02-09T11:44:45.217+0000] {taskinstance.py:2191} INFO - Executing <Task(PostgresOperator): create_db_schem> on 2024-02-09 00:26:00+00:00
[2024-02-09T11:44:45.291+0000] {standard_task_runner.py:60} INFO - Started process 9521 to run task
[2024-02-09T11:44:45.407+0000] {standard_task_runner.py:87} INFO - Running: ['***', 'tasks', 'run', 'Weather_DAG_V2.2', 'create_db_schem', 'scheduled__2024-02-09T00:26:00+00:00', '--job-id', '3130', '--raw', '--subdir', 'DAGS_FOLDER/Weather_dag.py', '--cfg-path', '/tmp/tmpxnq7t_9s']
[2024-02-09T11:44:45.431+0000] {standard_task_runner.py:88} INFO - Job 3130: Subtask create_db_schem
[2024-02-09T11:44:45.850+0000] {task_command.py:423} INFO - Running <TaskInstance: Weather_DAG_V2.2.create_db_schem scheduled__2024-02-09T00:26:00+00:00 [running]> on host 06573eafe810
[2024-02-09T11:44:46.541+0000] {taskinstance.py:2480} INFO - Exporting env vars: AIRFLOW_CTX_DAG_OWNER='***' AIRFLOW_CTX_DAG_ID='Weather_DAG_V2.2' AIRFLOW_CTX_TASK_ID='create_db_schem' AIRFLOW_CTX_EXECUTION_DATE='2024-02-09T00:26:00+00:00' AIRFLOW_CTX_TRY_NUMBER='1' AIRFLOW_CTX_DAG_RUN_ID='scheduled__2024-02-09T00:26:00+00:00'
[2024-02-09T11:44:46.542+0000] {sql.py:276} INFO - Executing: 
        CREATE TABLE IF NOT EXISTS weather_tab(
            id serial PRIMARY KEY,
            city varchar,
            dt date,
            houur smallint,
            temperature_c float,
            pressure_mm float,
            is_rainy boolean
            )
[2024-02-09T11:44:46.581+0000] {base.py:83} INFO - Using connection ID 'postgres_localhost' for task execution.
[2024-02-09T11:44:46.616+0000] {base.py:83} INFO - Using connection ID 'postgres_localhost' for task execution.
[2024-02-09T11:44:46.637+0000] {sql.py:450} INFO - Running statement: 
        CREATE TABLE IF NOT EXISTS weather_tab(
            id serial PRIMARY KEY,
            city varchar,
            dt date,
            houur smallint,
            temperature_c float,
            pressure_mm float,
            is_rainy boolean
            ), parameters: None
[2024-02-09T11:44:46.693+0000] {taskinstance.py:1138} INFO - Marking task as SUCCESS. dag_id=Weather_DAG_V2.2, task_id=create_db_schem, execution_date=20240209T002600, start_date=20240209T114445, end_date=20240209T114446
[2024-02-09T11:44:46.794+0000] {local_task_job_runner.py:234} INFO - Task exited with return code 0
[2024-02-09T11:44:46.897+0000] {taskinstance.py:3280} INFO - 1 downstream tasks scheduled from follow-on schedule check
