[2024-02-09T10:27:31.576+0000] {taskinstance.py:1956} INFO - Dependencies all met for dep_context=non-requeueable deps ti=<TaskInstance: Weather_DAG_V2.data_to_db scheduled__2024-02-09T01:31:00+00:00 [queued]>
[2024-02-09T10:27:31.594+0000] {taskinstance.py:1956} INFO - Dependencies all met for dep_context=requeueable deps ti=<TaskInstance: Weather_DAG_V2.data_to_db scheduled__2024-02-09T01:31:00+00:00 [queued]>
[2024-02-09T10:27:31.595+0000] {taskinstance.py:2170} INFO - Starting attempt 1 of 2
[2024-02-09T10:27:31.627+0000] {taskinstance.py:2191} INFO - Executing <Task(PythonOperator): data_to_db> on 2024-02-09 01:31:00+00:00
[2024-02-09T10:27:31.636+0000] {standard_task_runner.py:60} INFO - Started process 5744 to run task
[2024-02-09T10:27:31.643+0000] {standard_task_runner.py:87} INFO - Running: ['***', 'tasks', 'run', 'Weather_DAG_V2', 'data_to_db', 'scheduled__2024-02-09T01:31:00+00:00', '--job-id', '2261', '--raw', '--subdir', 'DAGS_FOLDER/Weather_dag.py', '--cfg-path', '/tmp/tmph52uejl_']
[2024-02-09T10:27:31.644+0000] {standard_task_runner.py:88} INFO - Job 2261: Subtask data_to_db
[2024-02-09T10:27:31.723+0000] {task_command.py:423} INFO - Running <TaskInstance: Weather_DAG_V2.data_to_db scheduled__2024-02-09T01:31:00+00:00 [running]> on host 06573eafe810
[2024-02-09T10:27:31.851+0000] {taskinstance.py:2480} INFO - Exporting env vars: AIRFLOW_CTX_DAG_OWNER='***' AIRFLOW_CTX_DAG_ID='Weather_DAG_V2' AIRFLOW_CTX_TASK_ID='data_to_db' AIRFLOW_CTX_EXECUTION_DATE='2024-02-09T01:31:00+00:00' AIRFLOW_CTX_TRY_NUMBER='1' AIRFLOW_CTX_DAG_RUN_ID='scheduled__2024-02-09T01:31:00+00:00'
[2024-02-09T10:27:31.869+0000] {taskinstance.py:2698} ERROR - Task failed with exception
Traceback (most recent call last):
  File "/home/airflow/.local/lib/python3.8/site-packages/airflow/models/taskinstance.py", line 433, in _execute_task
    result = execute_callable(context=context, **execute_callable_kwargs)
  File "/home/airflow/.local/lib/python3.8/site-packages/airflow/operators/python.py", line 199, in execute
    return_value = self.execute_callable()
  File "/home/airflow/.local/lib/python3.8/site-packages/airflow/operators/python.py", line 216, in execute_callable
    return self.python_callable(*self.op_args, **self.op_kwargs)
  File "/opt/airflow/dags/Weather_dag.py", line 72, in csv_db
    PostgresHook.bulk_load(table=weather_tab, tmp_file=CSV_DATA)
NameError: name 'weather_tab' is not defined
[2024-02-09T10:27:31.883+0000] {taskinstance.py:1138} INFO - Marking task as UP_FOR_RETRY. dag_id=Weather_DAG_V2, task_id=data_to_db, execution_date=20240209T013100, start_date=20240209T102731, end_date=20240209T102731
[2024-02-09T10:27:31.897+0000] {standard_task_runner.py:107} ERROR - Failed to execute job 2261 for task data_to_db (name 'weather_tab' is not defined; 5744)
[2024-02-09T10:27:31.939+0000] {local_task_job_runner.py:234} INFO - Task exited with return code 1
[2024-02-09T10:27:31.958+0000] {taskinstance.py:3280} INFO - 0 downstream tasks scheduled from follow-on schedule check
