[2024-02-25T00:03:59.554+0000] {processor.py:161} INFO - Started process (PID=5906) to work on /home/airflow/.local/lib/python3.8/site-packages/airflow/example_dags/example_branch_python_dop_operator_3.py
[2024-02-25T00:03:59.555+0000] {processor.py:830} INFO - Processing file /home/airflow/.local/lib/python3.8/site-packages/airflow/example_dags/example_branch_python_dop_operator_3.py for tasks to queue
[2024-02-25T00:03:59.556+0000] {logging_mixin.py:188} INFO - [2024-02-25T00:03:59.556+0000] {dagbag.py:538} INFO - Filling up the DagBag from /home/airflow/.local/lib/python3.8/site-packages/airflow/example_dags/example_branch_python_dop_operator_3.py
[2024-02-25T00:03:59.565+0000] {processor.py:840} INFO - DAG(s) 'example_branch_dop_operator_v3' retrieved from /home/airflow/.local/lib/python3.8/site-packages/airflow/example_dags/example_branch_python_dop_operator_3.py
[2024-02-25T00:03:59.588+0000] {logging_mixin.py:188} INFO - [2024-02-25T00:03:59.587+0000] {dag.py:3036} INFO - Sync 1 DAGs
[2024-02-25T00:03:59.615+0000] {logging_mixin.py:188} INFO - [2024-02-25T00:03:59.615+0000] {dag.py:3823} INFO - Setting next_dagrun for example_branch_dop_operator_v3 to 2024-02-25 00:02:00+00:00, run_after=2024-02-25 00:03:00+00:00
[2024-02-25T00:03:59.637+0000] {processor.py:183} INFO - Processing /home/airflow/.local/lib/python3.8/site-packages/airflow/example_dags/example_branch_python_dop_operator_3.py took 0.088 seconds
[2024-02-25T00:04:29.720+0000] {processor.py:161} INFO - Started process (PID=5973) to work on /home/airflow/.local/lib/python3.8/site-packages/airflow/example_dags/example_branch_python_dop_operator_3.py
[2024-02-25T00:04:29.721+0000] {processor.py:830} INFO - Processing file /home/airflow/.local/lib/python3.8/site-packages/airflow/example_dags/example_branch_python_dop_operator_3.py for tasks to queue
[2024-02-25T00:04:29.722+0000] {logging_mixin.py:188} INFO - [2024-02-25T00:04:29.722+0000] {dagbag.py:538} INFO - Filling up the DagBag from /home/airflow/.local/lib/python3.8/site-packages/airflow/example_dags/example_branch_python_dop_operator_3.py
[2024-02-25T00:04:29.731+0000] {processor.py:840} INFO - DAG(s) 'example_branch_dop_operator_v3' retrieved from /home/airflow/.local/lib/python3.8/site-packages/airflow/example_dags/example_branch_python_dop_operator_3.py
[2024-02-25T00:04:29.756+0000] {logging_mixin.py:188} INFO - [2024-02-25T00:04:29.756+0000] {dag.py:3036} INFO - Sync 1 DAGs
[2024-02-25T00:04:29.785+0000] {logging_mixin.py:188} INFO - [2024-02-25T00:04:29.785+0000] {dag.py:3823} INFO - Setting next_dagrun for example_branch_dop_operator_v3 to 2024-02-25 00:03:00+00:00, run_after=2024-02-25 00:04:00+00:00
[2024-02-25T00:04:29.807+0000] {processor.py:183} INFO - Processing /home/airflow/.local/lib/python3.8/site-packages/airflow/example_dags/example_branch_python_dop_operator_3.py took 0.091 seconds
[2024-02-25T00:05:00.450+0000] {processor.py:161} INFO - Started process (PID=6036) to work on /home/airflow/.local/lib/python3.8/site-packages/airflow/example_dags/example_branch_python_dop_operator_3.py
[2024-02-25T00:05:00.451+0000] {processor.py:830} INFO - Processing file /home/airflow/.local/lib/python3.8/site-packages/airflow/example_dags/example_branch_python_dop_operator_3.py for tasks to queue
[2024-02-25T00:05:00.452+0000] {logging_mixin.py:188} INFO - [2024-02-25T00:05:00.452+0000] {dagbag.py:538} INFO - Filling up the DagBag from /home/airflow/.local/lib/python3.8/site-packages/airflow/example_dags/example_branch_python_dop_operator_3.py
[2024-02-25T00:05:00.463+0000] {processor.py:840} INFO - DAG(s) 'example_branch_dop_operator_v3' retrieved from /home/airflow/.local/lib/python3.8/site-packages/airflow/example_dags/example_branch_python_dop_operator_3.py
[2024-02-25T00:05:00.486+0000] {logging_mixin.py:188} INFO - [2024-02-25T00:05:00.486+0000] {dag.py:3036} INFO - Sync 1 DAGs
[2024-02-25T00:05:00.512+0000] {logging_mixin.py:188} INFO - [2024-02-25T00:05:00.512+0000] {dag.py:3823} INFO - Setting next_dagrun for example_branch_dop_operator_v3 to 2024-02-25 00:04:00+00:00, run_after=2024-02-25 00:05:00+00:00
[2024-02-25T00:05:00.534+0000] {processor.py:183} INFO - Processing /home/airflow/.local/lib/python3.8/site-packages/airflow/example_dags/example_branch_python_dop_operator_3.py took 0.088 seconds
[2024-02-25T00:05:31.110+0000] {processor.py:161} INFO - Started process (PID=6100) to work on /home/airflow/.local/lib/python3.8/site-packages/airflow/example_dags/example_branch_python_dop_operator_3.py
[2024-02-25T00:05:31.111+0000] {processor.py:830} INFO - Processing file /home/airflow/.local/lib/python3.8/site-packages/airflow/example_dags/example_branch_python_dop_operator_3.py for tasks to queue
[2024-02-25T00:05:31.112+0000] {logging_mixin.py:188} INFO - [2024-02-25T00:05:31.112+0000] {dagbag.py:538} INFO - Filling up the DagBag from /home/airflow/.local/lib/python3.8/site-packages/airflow/example_dags/example_branch_python_dop_operator_3.py
[2024-02-25T00:05:31.122+0000] {processor.py:840} INFO - DAG(s) 'example_branch_dop_operator_v3' retrieved from /home/airflow/.local/lib/python3.8/site-packages/airflow/example_dags/example_branch_python_dop_operator_3.py
[2024-02-25T00:05:31.144+0000] {logging_mixin.py:188} INFO - [2024-02-25T00:05:31.144+0000] {dag.py:3036} INFO - Sync 1 DAGs
[2024-02-25T00:05:31.171+0000] {logging_mixin.py:188} INFO - [2024-02-25T00:05:31.171+0000] {dag.py:3823} INFO - Setting next_dagrun for example_branch_dop_operator_v3 to 2024-02-25 00:04:00+00:00, run_after=2024-02-25 00:05:00+00:00
[2024-02-25T00:05:31.193+0000] {processor.py:183} INFO - Processing /home/airflow/.local/lib/python3.8/site-packages/airflow/example_dags/example_branch_python_dop_operator_3.py took 0.086 seconds
[2024-02-25T00:06:01.741+0000] {processor.py:161} INFO - Started process (PID=6163) to work on /home/airflow/.local/lib/python3.8/site-packages/airflow/example_dags/example_branch_python_dop_operator_3.py
[2024-02-25T00:06:01.742+0000] {processor.py:830} INFO - Processing file /home/airflow/.local/lib/python3.8/site-packages/airflow/example_dags/example_branch_python_dop_operator_3.py for tasks to queue
[2024-02-25T00:06:01.743+0000] {logging_mixin.py:188} INFO - [2024-02-25T00:06:01.743+0000] {dagbag.py:538} INFO - Filling up the DagBag from /home/airflow/.local/lib/python3.8/site-packages/airflow/example_dags/example_branch_python_dop_operator_3.py
[2024-02-25T00:06:01.753+0000] {processor.py:840} INFO - DAG(s) 'example_branch_dop_operator_v3' retrieved from /home/airflow/.local/lib/python3.8/site-packages/airflow/example_dags/example_branch_python_dop_operator_3.py
[2024-02-25T00:06:01.780+0000] {logging_mixin.py:188} INFO - [2024-02-25T00:06:01.779+0000] {dag.py:3036} INFO - Sync 1 DAGs
[2024-02-25T00:06:01.827+0000] {logging_mixin.py:188} INFO - [2024-02-25T00:06:01.827+0000] {dag.py:3823} INFO - Setting next_dagrun for example_branch_dop_operator_v3 to 2024-02-25 00:05:00+00:00, run_after=2024-02-25 00:06:00+00:00
[2024-02-25T00:06:01.868+0000] {processor.py:183} INFO - Processing /home/airflow/.local/lib/python3.8/site-packages/airflow/example_dags/example_branch_python_dop_operator_3.py took 0.131 seconds
[2024-02-25T00:06:32.588+0000] {processor.py:161} INFO - Started process (PID=6227) to work on /home/airflow/.local/lib/python3.8/site-packages/airflow/example_dags/example_branch_python_dop_operator_3.py
[2024-02-25T00:06:32.590+0000] {processor.py:830} INFO - Processing file /home/airflow/.local/lib/python3.8/site-packages/airflow/example_dags/example_branch_python_dop_operator_3.py for tasks to queue
[2024-02-25T00:06:32.591+0000] {logging_mixin.py:188} INFO - [2024-02-25T00:06:32.590+0000] {dagbag.py:538} INFO - Filling up the DagBag from /home/airflow/.local/lib/python3.8/site-packages/airflow/example_dags/example_branch_python_dop_operator_3.py
[2024-02-25T00:06:32.600+0000] {processor.py:840} INFO - DAG(s) 'example_branch_dop_operator_v3' retrieved from /home/airflow/.local/lib/python3.8/site-packages/airflow/example_dags/example_branch_python_dop_operator_3.py
[2024-02-25T00:06:32.638+0000] {logging_mixin.py:188} INFO - [2024-02-25T00:06:32.637+0000] {dag.py:3036} INFO - Sync 1 DAGs
[2024-02-25T00:06:32.667+0000] {logging_mixin.py:188} INFO - [2024-02-25T00:06:32.666+0000] {dag.py:3823} INFO - Setting next_dagrun for example_branch_dop_operator_v3 to 2024-02-25 00:05:00+00:00, run_after=2024-02-25 00:06:00+00:00
[2024-02-25T00:06:32.693+0000] {processor.py:183} INFO - Processing /home/airflow/.local/lib/python3.8/site-packages/airflow/example_dags/example_branch_python_dop_operator_3.py took 0.109 seconds
[2024-02-25T00:07:03.538+0000] {processor.py:161} INFO - Started process (PID=6290) to work on /home/airflow/.local/lib/python3.8/site-packages/airflow/example_dags/example_branch_python_dop_operator_3.py
[2024-02-25T00:07:03.539+0000] {processor.py:830} INFO - Processing file /home/airflow/.local/lib/python3.8/site-packages/airflow/example_dags/example_branch_python_dop_operator_3.py for tasks to queue
[2024-02-25T00:07:03.541+0000] {logging_mixin.py:188} INFO - [2024-02-25T00:07:03.540+0000] {dagbag.py:538} INFO - Filling up the DagBag from /home/airflow/.local/lib/python3.8/site-packages/airflow/example_dags/example_branch_python_dop_operator_3.py
[2024-02-25T00:07:03.549+0000] {processor.py:840} INFO - DAG(s) 'example_branch_dop_operator_v3' retrieved from /home/airflow/.local/lib/python3.8/site-packages/airflow/example_dags/example_branch_python_dop_operator_3.py
[2024-02-25T00:07:03.574+0000] {logging_mixin.py:188} INFO - [2024-02-25T00:07:03.573+0000] {dag.py:3036} INFO - Sync 1 DAGs
[2024-02-25T00:07:03.602+0000] {logging_mixin.py:188} INFO - [2024-02-25T00:07:03.602+0000] {dag.py:3823} INFO - Setting next_dagrun for example_branch_dop_operator_v3 to 2024-02-25 00:06:00+00:00, run_after=2024-02-25 00:07:00+00:00
[2024-02-25T00:07:03.634+0000] {processor.py:183} INFO - Processing /home/airflow/.local/lib/python3.8/site-packages/airflow/example_dags/example_branch_python_dop_operator_3.py took 0.099 seconds
[2024-02-25T00:07:34.260+0000] {processor.py:161} INFO - Started process (PID=6353) to work on /home/airflow/.local/lib/python3.8/site-packages/airflow/example_dags/example_branch_python_dop_operator_3.py
[2024-02-25T00:07:34.262+0000] {processor.py:830} INFO - Processing file /home/airflow/.local/lib/python3.8/site-packages/airflow/example_dags/example_branch_python_dop_operator_3.py for tasks to queue
[2024-02-25T00:07:34.263+0000] {logging_mixin.py:188} INFO - [2024-02-25T00:07:34.262+0000] {dagbag.py:538} INFO - Filling up the DagBag from /home/airflow/.local/lib/python3.8/site-packages/airflow/example_dags/example_branch_python_dop_operator_3.py
[2024-02-25T00:07:34.271+0000] {processor.py:840} INFO - DAG(s) 'example_branch_dop_operator_v3' retrieved from /home/airflow/.local/lib/python3.8/site-packages/airflow/example_dags/example_branch_python_dop_operator_3.py
[2024-02-25T00:07:34.294+0000] {logging_mixin.py:188} INFO - [2024-02-25T00:07:34.293+0000] {dag.py:3036} INFO - Sync 1 DAGs
[2024-02-25T00:07:34.322+0000] {logging_mixin.py:188} INFO - [2024-02-25T00:07:34.322+0000] {dag.py:3823} INFO - Setting next_dagrun for example_branch_dop_operator_v3 to 2024-02-25 00:06:00+00:00, run_after=2024-02-25 00:07:00+00:00
[2024-02-25T00:07:34.347+0000] {processor.py:183} INFO - Processing /home/airflow/.local/lib/python3.8/site-packages/airflow/example_dags/example_branch_python_dop_operator_3.py took 0.090 seconds
[2024-02-25T00:08:05.366+0000] {processor.py:161} INFO - Started process (PID=6416) to work on /home/airflow/.local/lib/python3.8/site-packages/airflow/example_dags/example_branch_python_dop_operator_3.py
[2024-02-25T00:08:05.367+0000] {processor.py:830} INFO - Processing file /home/airflow/.local/lib/python3.8/site-packages/airflow/example_dags/example_branch_python_dop_operator_3.py for tasks to queue
[2024-02-25T00:08:05.368+0000] {logging_mixin.py:188} INFO - [2024-02-25T00:08:05.368+0000] {dagbag.py:538} INFO - Filling up the DagBag from /home/airflow/.local/lib/python3.8/site-packages/airflow/example_dags/example_branch_python_dop_operator_3.py
[2024-02-25T00:08:05.377+0000] {processor.py:840} INFO - DAG(s) 'example_branch_dop_operator_v3' retrieved from /home/airflow/.local/lib/python3.8/site-packages/airflow/example_dags/example_branch_python_dop_operator_3.py
[2024-02-25T00:08:05.402+0000] {logging_mixin.py:188} INFO - [2024-02-25T00:08:05.401+0000] {dag.py:3036} INFO - Sync 1 DAGs
[2024-02-25T00:08:05.435+0000] {logging_mixin.py:188} INFO - [2024-02-25T00:08:05.435+0000] {dag.py:3823} INFO - Setting next_dagrun for example_branch_dop_operator_v3 to 2024-02-25 00:07:00+00:00, run_after=2024-02-25 00:08:00+00:00
[2024-02-25T00:08:05.459+0000] {processor.py:183} INFO - Processing /home/airflow/.local/lib/python3.8/site-packages/airflow/example_dags/example_branch_python_dop_operator_3.py took 0.098 seconds
[2024-02-25T00:08:35.959+0000] {processor.py:161} INFO - Started process (PID=6479) to work on /home/airflow/.local/lib/python3.8/site-packages/airflow/example_dags/example_branch_python_dop_operator_3.py
[2024-02-25T00:08:35.962+0000] {processor.py:830} INFO - Processing file /home/airflow/.local/lib/python3.8/site-packages/airflow/example_dags/example_branch_python_dop_operator_3.py for tasks to queue
[2024-02-25T00:08:35.963+0000] {logging_mixin.py:188} INFO - [2024-02-25T00:08:35.963+0000] {dagbag.py:538} INFO - Filling up the DagBag from /home/airflow/.local/lib/python3.8/site-packages/airflow/example_dags/example_branch_python_dop_operator_3.py
[2024-02-25T00:08:35.972+0000] {processor.py:840} INFO - DAG(s) 'example_branch_dop_operator_v3' retrieved from /home/airflow/.local/lib/python3.8/site-packages/airflow/example_dags/example_branch_python_dop_operator_3.py
[2024-02-25T00:08:35.995+0000] {logging_mixin.py:188} INFO - [2024-02-25T00:08:35.995+0000] {dag.py:3036} INFO - Sync 1 DAGs
[2024-02-25T00:08:36.029+0000] {logging_mixin.py:188} INFO - [2024-02-25T00:08:36.029+0000] {dag.py:3823} INFO - Setting next_dagrun for example_branch_dop_operator_v3 to 2024-02-25 00:07:00+00:00, run_after=2024-02-25 00:08:00+00:00
[2024-02-25T00:08:36.054+0000] {processor.py:183} INFO - Processing /home/airflow/.local/lib/python3.8/site-packages/airflow/example_dags/example_branch_python_dop_operator_3.py took 0.099 seconds
[2024-02-25T00:09:07.030+0000] {processor.py:161} INFO - Started process (PID=6542) to work on /home/airflow/.local/lib/python3.8/site-packages/airflow/example_dags/example_branch_python_dop_operator_3.py
[2024-02-25T00:09:07.031+0000] {processor.py:830} INFO - Processing file /home/airflow/.local/lib/python3.8/site-packages/airflow/example_dags/example_branch_python_dop_operator_3.py for tasks to queue
[2024-02-25T00:09:07.032+0000] {logging_mixin.py:188} INFO - [2024-02-25T00:09:07.032+0000] {dagbag.py:538} INFO - Filling up the DagBag from /home/airflow/.local/lib/python3.8/site-packages/airflow/example_dags/example_branch_python_dop_operator_3.py
[2024-02-25T00:09:07.041+0000] {processor.py:840} INFO - DAG(s) 'example_branch_dop_operator_v3' retrieved from /home/airflow/.local/lib/python3.8/site-packages/airflow/example_dags/example_branch_python_dop_operator_3.py
[2024-02-25T00:09:07.062+0000] {logging_mixin.py:188} INFO - [2024-02-25T00:09:07.062+0000] {dag.py:3036} INFO - Sync 1 DAGs
[2024-02-25T00:09:07.089+0000] {logging_mixin.py:188} INFO - [2024-02-25T00:09:07.088+0000] {dag.py:3823} INFO - Setting next_dagrun for example_branch_dop_operator_v3 to 2024-02-25 00:08:00+00:00, run_after=2024-02-25 00:09:00+00:00
[2024-02-25T00:09:07.111+0000] {processor.py:183} INFO - Processing /home/airflow/.local/lib/python3.8/site-packages/airflow/example_dags/example_branch_python_dop_operator_3.py took 0.086 seconds
[2024-02-25T18:16:24.233+0000] {processor.py:161} INFO - Started process (PID=6605) to work on /home/airflow/.local/lib/python3.8/site-packages/airflow/example_dags/example_branch_python_dop_operator_3.py
[2024-02-25T18:16:24.234+0000] {processor.py:830} INFO - Processing file /home/airflow/.local/lib/python3.8/site-packages/airflow/example_dags/example_branch_python_dop_operator_3.py for tasks to queue
[2024-02-25T18:16:24.236+0000] {logging_mixin.py:188} INFO - [2024-02-25T18:16:24.235+0000] {dagbag.py:538} INFO - Filling up the DagBag from /home/airflow/.local/lib/python3.8/site-packages/airflow/example_dags/example_branch_python_dop_operator_3.py
[2024-02-25T18:16:24.249+0000] {processor.py:840} INFO - DAG(s) 'example_branch_dop_operator_v3' retrieved from /home/airflow/.local/lib/python3.8/site-packages/airflow/example_dags/example_branch_python_dop_operator_3.py
[2024-02-25T18:16:24.279+0000] {logging_mixin.py:188} INFO - [2024-02-25T18:16:24.279+0000] {dag.py:3036} INFO - Sync 1 DAGs
[2024-02-25T18:16:24.315+0000] {logging_mixin.py:188} INFO - [2024-02-25T18:16:24.315+0000] {dag.py:3823} INFO - Setting next_dagrun for example_branch_dop_operator_v3 to 2024-02-25 18:15:00+00:00, run_after=2024-02-25 18:16:00+00:00
[2024-02-25T18:16:24.356+0000] {processor.py:183} INFO - Processing /home/airflow/.local/lib/python3.8/site-packages/airflow/example_dags/example_branch_python_dop_operator_3.py took 0.128 seconds
[2024-02-25T18:16:54.691+0000] {processor.py:161} INFO - Started process (PID=6668) to work on /home/airflow/.local/lib/python3.8/site-packages/airflow/example_dags/example_branch_python_dop_operator_3.py
[2024-02-25T18:16:54.693+0000] {processor.py:830} INFO - Processing file /home/airflow/.local/lib/python3.8/site-packages/airflow/example_dags/example_branch_python_dop_operator_3.py for tasks to queue
[2024-02-25T18:16:54.694+0000] {logging_mixin.py:188} INFO - [2024-02-25T18:16:54.694+0000] {dagbag.py:538} INFO - Filling up the DagBag from /home/airflow/.local/lib/python3.8/site-packages/airflow/example_dags/example_branch_python_dop_operator_3.py
[2024-02-25T18:16:54.703+0000] {processor.py:840} INFO - DAG(s) 'example_branch_dop_operator_v3' retrieved from /home/airflow/.local/lib/python3.8/site-packages/airflow/example_dags/example_branch_python_dop_operator_3.py
[2024-02-25T18:16:54.727+0000] {logging_mixin.py:188} INFO - [2024-02-25T18:16:54.727+0000] {dag.py:3036} INFO - Sync 1 DAGs
[2024-02-25T18:16:54.756+0000] {logging_mixin.py:188} INFO - [2024-02-25T18:16:54.755+0000] {dag.py:3823} INFO - Setting next_dagrun for example_branch_dop_operator_v3 to 2024-02-25 18:15:00+00:00, run_after=2024-02-25 18:16:00+00:00
[2024-02-25T18:16:54.782+0000] {processor.py:183} INFO - Processing /home/airflow/.local/lib/python3.8/site-packages/airflow/example_dags/example_branch_python_dop_operator_3.py took 0.095 seconds
[2024-02-25T18:17:25.653+0000] {processor.py:161} INFO - Started process (PID=6731) to work on /home/airflow/.local/lib/python3.8/site-packages/airflow/example_dags/example_branch_python_dop_operator_3.py
[2024-02-25T18:17:25.656+0000] {processor.py:830} INFO - Processing file /home/airflow/.local/lib/python3.8/site-packages/airflow/example_dags/example_branch_python_dop_operator_3.py for tasks to queue
[2024-02-25T18:17:25.660+0000] {logging_mixin.py:188} INFO - [2024-02-25T18:17:25.660+0000] {dagbag.py:538} INFO - Filling up the DagBag from /home/airflow/.local/lib/python3.8/site-packages/airflow/example_dags/example_branch_python_dop_operator_3.py
[2024-02-25T18:17:25.672+0000] {processor.py:840} INFO - DAG(s) 'example_branch_dop_operator_v3' retrieved from /home/airflow/.local/lib/python3.8/site-packages/airflow/example_dags/example_branch_python_dop_operator_3.py
[2024-02-25T18:17:25.707+0000] {logging_mixin.py:188} INFO - [2024-02-25T18:17:25.706+0000] {dag.py:3036} INFO - Sync 1 DAGs
[2024-02-25T18:17:25.750+0000] {logging_mixin.py:188} INFO - [2024-02-25T18:17:25.750+0000] {dag.py:3823} INFO - Setting next_dagrun for example_branch_dop_operator_v3 to 2024-02-25 18:16:00+00:00, run_after=2024-02-25 18:17:00+00:00
[2024-02-25T18:17:25.790+0000] {processor.py:183} INFO - Processing /home/airflow/.local/lib/python3.8/site-packages/airflow/example_dags/example_branch_python_dop_operator_3.py took 0.141 seconds
[2024-02-25T18:17:56.513+0000] {processor.py:161} INFO - Started process (PID=6794) to work on /home/airflow/.local/lib/python3.8/site-packages/airflow/example_dags/example_branch_python_dop_operator_3.py
[2024-02-25T18:17:56.514+0000] {processor.py:830} INFO - Processing file /home/airflow/.local/lib/python3.8/site-packages/airflow/example_dags/example_branch_python_dop_operator_3.py for tasks to queue
[2024-02-25T18:17:56.518+0000] {logging_mixin.py:188} INFO - [2024-02-25T18:17:56.517+0000] {dagbag.py:538} INFO - Filling up the DagBag from /home/airflow/.local/lib/python3.8/site-packages/airflow/example_dags/example_branch_python_dop_operator_3.py
[2024-02-25T18:17:56.551+0000] {processor.py:840} INFO - DAG(s) 'example_branch_dop_operator_v3' retrieved from /home/airflow/.local/lib/python3.8/site-packages/airflow/example_dags/example_branch_python_dop_operator_3.py
[2024-02-25T18:17:56.581+0000] {logging_mixin.py:188} INFO - [2024-02-25T18:17:56.580+0000] {dag.py:3036} INFO - Sync 1 DAGs
[2024-02-25T18:17:56.608+0000] {logging_mixin.py:188} INFO - [2024-02-25T18:17:56.607+0000] {dag.py:3823} INFO - Setting next_dagrun for example_branch_dop_operator_v3 to 2024-02-25 18:16:00+00:00, run_after=2024-02-25 18:17:00+00:00
[2024-02-25T18:17:56.634+0000] {processor.py:183} INFO - Processing /home/airflow/.local/lib/python3.8/site-packages/airflow/example_dags/example_branch_python_dop_operator_3.py took 0.127 seconds
[2024-02-25T18:18:27.428+0000] {processor.py:161} INFO - Started process (PID=6864) to work on /home/airflow/.local/lib/python3.8/site-packages/airflow/example_dags/example_branch_python_dop_operator_3.py
[2024-02-25T18:18:27.429+0000] {processor.py:830} INFO - Processing file /home/airflow/.local/lib/python3.8/site-packages/airflow/example_dags/example_branch_python_dop_operator_3.py for tasks to queue
[2024-02-25T18:18:27.431+0000] {logging_mixin.py:188} INFO - [2024-02-25T18:18:27.430+0000] {dagbag.py:538} INFO - Filling up the DagBag from /home/airflow/.local/lib/python3.8/site-packages/airflow/example_dags/example_branch_python_dop_operator_3.py
[2024-02-25T18:18:27.441+0000] {processor.py:840} INFO - DAG(s) 'example_branch_dop_operator_v3' retrieved from /home/airflow/.local/lib/python3.8/site-packages/airflow/example_dags/example_branch_python_dop_operator_3.py
[2024-02-25T18:18:27.467+0000] {logging_mixin.py:188} INFO - [2024-02-25T18:18:27.466+0000] {dag.py:3036} INFO - Sync 1 DAGs
[2024-02-25T18:18:27.493+0000] {logging_mixin.py:188} INFO - [2024-02-25T18:18:27.493+0000] {dag.py:3823} INFO - Setting next_dagrun for example_branch_dop_operator_v3 to 2024-02-25 18:17:00+00:00, run_after=2024-02-25 18:18:00+00:00
[2024-02-25T18:18:27.516+0000] {processor.py:183} INFO - Processing /home/airflow/.local/lib/python3.8/site-packages/airflow/example_dags/example_branch_python_dop_operator_3.py took 0.092 seconds
[2024-02-25T18:18:58.392+0000] {processor.py:161} INFO - Started process (PID=6927) to work on /home/airflow/.local/lib/python3.8/site-packages/airflow/example_dags/example_branch_python_dop_operator_3.py
[2024-02-25T18:18:58.393+0000] {processor.py:830} INFO - Processing file /home/airflow/.local/lib/python3.8/site-packages/airflow/example_dags/example_branch_python_dop_operator_3.py for tasks to queue
[2024-02-25T18:18:58.395+0000] {logging_mixin.py:188} INFO - [2024-02-25T18:18:58.394+0000] {dagbag.py:538} INFO - Filling up the DagBag from /home/airflow/.local/lib/python3.8/site-packages/airflow/example_dags/example_branch_python_dop_operator_3.py
[2024-02-25T18:18:58.404+0000] {processor.py:840} INFO - DAG(s) 'example_branch_dop_operator_v3' retrieved from /home/airflow/.local/lib/python3.8/site-packages/airflow/example_dags/example_branch_python_dop_operator_3.py
[2024-02-25T18:18:58.429+0000] {logging_mixin.py:188} INFO - [2024-02-25T18:18:58.429+0000] {dag.py:3036} INFO - Sync 1 DAGs
[2024-02-25T18:18:58.459+0000] {logging_mixin.py:188} INFO - [2024-02-25T18:18:58.459+0000] {dag.py:3823} INFO - Setting next_dagrun for example_branch_dop_operator_v3 to 2024-02-25 18:17:00+00:00, run_after=2024-02-25 18:18:00+00:00
[2024-02-25T18:18:58.485+0000] {processor.py:183} INFO - Processing /home/airflow/.local/lib/python3.8/site-packages/airflow/example_dags/example_branch_python_dop_operator_3.py took 0.097 seconds
[2024-02-25T18:19:29.008+0000] {processor.py:161} INFO - Started process (PID=6989) to work on /home/airflow/.local/lib/python3.8/site-packages/airflow/example_dags/example_branch_python_dop_operator_3.py
[2024-02-25T18:19:29.016+0000] {processor.py:830} INFO - Processing file /home/airflow/.local/lib/python3.8/site-packages/airflow/example_dags/example_branch_python_dop_operator_3.py for tasks to queue
[2024-02-25T18:19:29.017+0000] {logging_mixin.py:188} INFO - [2024-02-25T18:19:29.016+0000] {dagbag.py:538} INFO - Filling up the DagBag from /home/airflow/.local/lib/python3.8/site-packages/airflow/example_dags/example_branch_python_dop_operator_3.py
[2024-02-25T18:19:29.048+0000] {processor.py:840} INFO - DAG(s) 'example_branch_dop_operator_v3' retrieved from /home/airflow/.local/lib/python3.8/site-packages/airflow/example_dags/example_branch_python_dop_operator_3.py
[2024-02-25T18:19:29.107+0000] {logging_mixin.py:188} INFO - [2024-02-25T18:19:29.106+0000] {dag.py:3036} INFO - Sync 1 DAGs
[2024-02-25T18:19:29.182+0000] {logging_mixin.py:188} INFO - [2024-02-25T18:19:29.182+0000] {dag.py:3823} INFO - Setting next_dagrun for example_branch_dop_operator_v3 to 2024-02-25 18:18:00+00:00, run_after=2024-02-25 18:19:00+00:00
[2024-02-25T18:19:29.239+0000] {processor.py:183} INFO - Processing /home/airflow/.local/lib/python3.8/site-packages/airflow/example_dags/example_branch_python_dop_operator_3.py took 0.235 seconds
[2024-02-25T18:19:59.344+0000] {processor.py:161} INFO - Started process (PID=7052) to work on /home/airflow/.local/lib/python3.8/site-packages/airflow/example_dags/example_branch_python_dop_operator_3.py
[2024-02-25T18:19:59.346+0000] {processor.py:830} INFO - Processing file /home/airflow/.local/lib/python3.8/site-packages/airflow/example_dags/example_branch_python_dop_operator_3.py for tasks to queue
[2024-02-25T18:19:59.347+0000] {logging_mixin.py:188} INFO - [2024-02-25T18:19:59.347+0000] {dagbag.py:538} INFO - Filling up the DagBag from /home/airflow/.local/lib/python3.8/site-packages/airflow/example_dags/example_branch_python_dop_operator_3.py
[2024-02-25T18:19:59.359+0000] {processor.py:840} INFO - DAG(s) 'example_branch_dop_operator_v3' retrieved from /home/airflow/.local/lib/python3.8/site-packages/airflow/example_dags/example_branch_python_dop_operator_3.py
[2024-02-25T18:19:59.382+0000] {logging_mixin.py:188} INFO - [2024-02-25T18:19:59.381+0000] {dag.py:3036} INFO - Sync 1 DAGs
[2024-02-25T18:19:59.408+0000] {logging_mixin.py:188} INFO - [2024-02-25T18:19:59.407+0000] {dag.py:3823} INFO - Setting next_dagrun for example_branch_dop_operator_v3 to 2024-02-25 18:18:00+00:00, run_after=2024-02-25 18:19:00+00:00
[2024-02-25T18:19:59.437+0000] {processor.py:183} INFO - Processing /home/airflow/.local/lib/python3.8/site-packages/airflow/example_dags/example_branch_python_dop_operator_3.py took 0.097 seconds
[2024-02-25T18:20:30.309+0000] {processor.py:161} INFO - Started process (PID=7115) to work on /home/airflow/.local/lib/python3.8/site-packages/airflow/example_dags/example_branch_python_dop_operator_3.py
[2024-02-25T18:20:30.310+0000] {processor.py:830} INFO - Processing file /home/airflow/.local/lib/python3.8/site-packages/airflow/example_dags/example_branch_python_dop_operator_3.py for tasks to queue
[2024-02-25T18:20:30.311+0000] {logging_mixin.py:188} INFO - [2024-02-25T18:20:30.311+0000] {dagbag.py:538} INFO - Filling up the DagBag from /home/airflow/.local/lib/python3.8/site-packages/airflow/example_dags/example_branch_python_dop_operator_3.py
[2024-02-25T18:20:30.320+0000] {processor.py:840} INFO - DAG(s) 'example_branch_dop_operator_v3' retrieved from /home/airflow/.local/lib/python3.8/site-packages/airflow/example_dags/example_branch_python_dop_operator_3.py
[2024-02-25T18:20:30.342+0000] {logging_mixin.py:188} INFO - [2024-02-25T18:20:30.342+0000] {dag.py:3036} INFO - Sync 1 DAGs
[2024-02-25T18:20:30.369+0000] {logging_mixin.py:188} INFO - [2024-02-25T18:20:30.369+0000] {dag.py:3823} INFO - Setting next_dagrun for example_branch_dop_operator_v3 to 2024-02-25 18:19:00+00:00, run_after=2024-02-25 18:20:00+00:00
[2024-02-25T18:20:30.394+0000] {processor.py:183} INFO - Processing /home/airflow/.local/lib/python3.8/site-packages/airflow/example_dags/example_branch_python_dop_operator_3.py took 0.090 seconds
[2024-02-25T18:21:00.608+0000] {processor.py:161} INFO - Started process (PID=7178) to work on /home/airflow/.local/lib/python3.8/site-packages/airflow/example_dags/example_branch_python_dop_operator_3.py
[2024-02-25T18:21:00.610+0000] {processor.py:830} INFO - Processing file /home/airflow/.local/lib/python3.8/site-packages/airflow/example_dags/example_branch_python_dop_operator_3.py for tasks to queue
[2024-02-25T18:21:00.611+0000] {logging_mixin.py:188} INFO - [2024-02-25T18:21:00.611+0000] {dagbag.py:538} INFO - Filling up the DagBag from /home/airflow/.local/lib/python3.8/site-packages/airflow/example_dags/example_branch_python_dop_operator_3.py
[2024-02-25T18:21:00.620+0000] {processor.py:840} INFO - DAG(s) 'example_branch_dop_operator_v3' retrieved from /home/airflow/.local/lib/python3.8/site-packages/airflow/example_dags/example_branch_python_dop_operator_3.py
[2024-02-25T18:21:00.643+0000] {logging_mixin.py:188} INFO - [2024-02-25T18:21:00.642+0000] {dag.py:3036} INFO - Sync 1 DAGs
[2024-02-25T18:21:00.669+0000] {logging_mixin.py:188} INFO - [2024-02-25T18:21:00.669+0000] {dag.py:3823} INFO - Setting next_dagrun for example_branch_dop_operator_v3 to 2024-02-25 18:20:00+00:00, run_after=2024-02-25 18:21:00+00:00
[2024-02-25T18:21:00.698+0000] {processor.py:183} INFO - Processing /home/airflow/.local/lib/python3.8/site-packages/airflow/example_dags/example_branch_python_dop_operator_3.py took 0.093 seconds
[2024-02-25T18:21:31.312+0000] {processor.py:161} INFO - Started process (PID=7242) to work on /home/airflow/.local/lib/python3.8/site-packages/airflow/example_dags/example_branch_python_dop_operator_3.py
[2024-02-25T18:21:31.313+0000] {processor.py:830} INFO - Processing file /home/airflow/.local/lib/python3.8/site-packages/airflow/example_dags/example_branch_python_dop_operator_3.py for tasks to queue
[2024-02-25T18:21:31.314+0000] {logging_mixin.py:188} INFO - [2024-02-25T18:21:31.313+0000] {dagbag.py:538} INFO - Filling up the DagBag from /home/airflow/.local/lib/python3.8/site-packages/airflow/example_dags/example_branch_python_dop_operator_3.py
[2024-02-25T18:21:31.322+0000] {processor.py:840} INFO - DAG(s) 'example_branch_dop_operator_v3' retrieved from /home/airflow/.local/lib/python3.8/site-packages/airflow/example_dags/example_branch_python_dop_operator_3.py
[2024-02-25T18:21:31.342+0000] {logging_mixin.py:188} INFO - [2024-02-25T18:21:31.341+0000] {dag.py:3036} INFO - Sync 1 DAGs
[2024-02-25T18:21:31.366+0000] {logging_mixin.py:188} INFO - [2024-02-25T18:21:31.366+0000] {dag.py:3823} INFO - Setting next_dagrun for example_branch_dop_operator_v3 to 2024-02-25 18:20:00+00:00, run_after=2024-02-25 18:21:00+00:00
[2024-02-25T18:21:31.388+0000] {processor.py:183} INFO - Processing /home/airflow/.local/lib/python3.8/site-packages/airflow/example_dags/example_branch_python_dop_operator_3.py took 0.080 seconds
[2024-02-25T18:22:01.671+0000] {processor.py:161} INFO - Started process (PID=7305) to work on /home/airflow/.local/lib/python3.8/site-packages/airflow/example_dags/example_branch_python_dop_operator_3.py
[2024-02-25T18:22:01.672+0000] {processor.py:830} INFO - Processing file /home/airflow/.local/lib/python3.8/site-packages/airflow/example_dags/example_branch_python_dop_operator_3.py for tasks to queue
[2024-02-25T18:22:01.674+0000] {logging_mixin.py:188} INFO - [2024-02-25T18:22:01.673+0000] {dagbag.py:538} INFO - Filling up the DagBag from /home/airflow/.local/lib/python3.8/site-packages/airflow/example_dags/example_branch_python_dop_operator_3.py
[2024-02-25T18:22:01.682+0000] {processor.py:840} INFO - DAG(s) 'example_branch_dop_operator_v3' retrieved from /home/airflow/.local/lib/python3.8/site-packages/airflow/example_dags/example_branch_python_dop_operator_3.py
[2024-02-25T18:22:01.707+0000] {logging_mixin.py:188} INFO - [2024-02-25T18:22:01.706+0000] {dag.py:3036} INFO - Sync 1 DAGs
[2024-02-25T18:22:01.734+0000] {logging_mixin.py:188} INFO - [2024-02-25T18:22:01.734+0000] {dag.py:3823} INFO - Setting next_dagrun for example_branch_dop_operator_v3 to 2024-02-25 18:21:00+00:00, run_after=2024-02-25 18:22:00+00:00
[2024-02-25T18:22:01.757+0000] {processor.py:183} INFO - Processing /home/airflow/.local/lib/python3.8/site-packages/airflow/example_dags/example_branch_python_dop_operator_3.py took 0.090 seconds
[2024-02-25T18:22:32.804+0000] {processor.py:161} INFO - Started process (PID=7368) to work on /home/airflow/.local/lib/python3.8/site-packages/airflow/example_dags/example_branch_python_dop_operator_3.py
[2024-02-25T18:22:32.805+0000] {processor.py:830} INFO - Processing file /home/airflow/.local/lib/python3.8/site-packages/airflow/example_dags/example_branch_python_dop_operator_3.py for tasks to queue
[2024-02-25T18:22:32.806+0000] {logging_mixin.py:188} INFO - [2024-02-25T18:22:32.806+0000] {dagbag.py:538} INFO - Filling up the DagBag from /home/airflow/.local/lib/python3.8/site-packages/airflow/example_dags/example_branch_python_dop_operator_3.py
[2024-02-25T18:22:32.816+0000] {processor.py:840} INFO - DAG(s) 'example_branch_dop_operator_v3' retrieved from /home/airflow/.local/lib/python3.8/site-packages/airflow/example_dags/example_branch_python_dop_operator_3.py
[2024-02-25T18:22:32.840+0000] {logging_mixin.py:188} INFO - [2024-02-25T18:22:32.839+0000] {dag.py:3036} INFO - Sync 1 DAGs
[2024-02-25T18:22:32.868+0000] {logging_mixin.py:188} INFO - [2024-02-25T18:22:32.867+0000] {dag.py:3823} INFO - Setting next_dagrun for example_branch_dop_operator_v3 to 2024-02-25 18:21:00+00:00, run_after=2024-02-25 18:22:00+00:00
[2024-02-25T18:22:32.891+0000] {processor.py:183} INFO - Processing /home/airflow/.local/lib/python3.8/site-packages/airflow/example_dags/example_branch_python_dop_operator_3.py took 0.090 seconds
[2024-02-25T18:23:03.385+0000] {processor.py:161} INFO - Started process (PID=7431) to work on /home/airflow/.local/lib/python3.8/site-packages/airflow/example_dags/example_branch_python_dop_operator_3.py
[2024-02-25T18:23:03.386+0000] {processor.py:830} INFO - Processing file /home/airflow/.local/lib/python3.8/site-packages/airflow/example_dags/example_branch_python_dop_operator_3.py for tasks to queue
[2024-02-25T18:23:03.387+0000] {logging_mixin.py:188} INFO - [2024-02-25T18:23:03.387+0000] {dagbag.py:538} INFO - Filling up the DagBag from /home/airflow/.local/lib/python3.8/site-packages/airflow/example_dags/example_branch_python_dop_operator_3.py
[2024-02-25T18:23:03.396+0000] {processor.py:840} INFO - DAG(s) 'example_branch_dop_operator_v3' retrieved from /home/airflow/.local/lib/python3.8/site-packages/airflow/example_dags/example_branch_python_dop_operator_3.py
[2024-02-25T18:23:03.419+0000] {logging_mixin.py:188} INFO - [2024-02-25T18:23:03.419+0000] {dag.py:3036} INFO - Sync 1 DAGs
[2024-02-25T18:23:03.448+0000] {logging_mixin.py:188} INFO - [2024-02-25T18:23:03.448+0000] {dag.py:3823} INFO - Setting next_dagrun for example_branch_dop_operator_v3 to 2024-02-25 18:22:00+00:00, run_after=2024-02-25 18:23:00+00:00
[2024-02-25T18:23:03.472+0000] {processor.py:183} INFO - Processing /home/airflow/.local/lib/python3.8/site-packages/airflow/example_dags/example_branch_python_dop_operator_3.py took 0.090 seconds
[2024-02-25T18:23:54.873+0000] {processor.py:161} INFO - Started process (PID=7494) to work on /home/airflow/.local/lib/python3.8/site-packages/airflow/example_dags/example_branch_python_dop_operator_3.py
[2024-02-25T18:23:54.875+0000] {processor.py:830} INFO - Processing file /home/airflow/.local/lib/python3.8/site-packages/airflow/example_dags/example_branch_python_dop_operator_3.py for tasks to queue
[2024-02-25T18:23:54.876+0000] {logging_mixin.py:188} INFO - [2024-02-25T18:23:54.876+0000] {dagbag.py:538} INFO - Filling up the DagBag from /home/airflow/.local/lib/python3.8/site-packages/airflow/example_dags/example_branch_python_dop_operator_3.py
[2024-02-25T18:23:54.885+0000] {processor.py:840} INFO - DAG(s) 'example_branch_dop_operator_v3' retrieved from /home/airflow/.local/lib/python3.8/site-packages/airflow/example_dags/example_branch_python_dop_operator_3.py
[2024-02-25T18:23:54.919+0000] {logging_mixin.py:188} INFO - [2024-02-25T18:23:54.919+0000] {dag.py:3036} INFO - Sync 1 DAGs
[2024-02-25T18:23:54.951+0000] {logging_mixin.py:188} INFO - [2024-02-25T18:23:54.951+0000] {dag.py:3823} INFO - Setting next_dagrun for example_branch_dop_operator_v3 to 2024-02-25 18:22:00+00:00, run_after=2024-02-25 18:23:00+00:00
[2024-02-25T18:23:54.977+0000] {processor.py:183} INFO - Processing /home/airflow/.local/lib/python3.8/site-packages/airflow/example_dags/example_branch_python_dop_operator_3.py took 0.108 seconds
[2024-02-25T18:24:25.763+0000] {processor.py:161} INFO - Started process (PID=7557) to work on /home/airflow/.local/lib/python3.8/site-packages/airflow/example_dags/example_branch_python_dop_operator_3.py
[2024-02-25T18:24:25.765+0000] {processor.py:830} INFO - Processing file /home/airflow/.local/lib/python3.8/site-packages/airflow/example_dags/example_branch_python_dop_operator_3.py for tasks to queue
[2024-02-25T18:24:25.766+0000] {logging_mixin.py:188} INFO - [2024-02-25T18:24:25.766+0000] {dagbag.py:538} INFO - Filling up the DagBag from /home/airflow/.local/lib/python3.8/site-packages/airflow/example_dags/example_branch_python_dop_operator_3.py
[2024-02-25T18:24:25.776+0000] {processor.py:840} INFO - DAG(s) 'example_branch_dop_operator_v3' retrieved from /home/airflow/.local/lib/python3.8/site-packages/airflow/example_dags/example_branch_python_dop_operator_3.py
[2024-02-25T18:24:25.802+0000] {logging_mixin.py:188} INFO - [2024-02-25T18:24:25.802+0000] {dag.py:3036} INFO - Sync 1 DAGs
[2024-02-25T18:24:25.830+0000] {logging_mixin.py:188} INFO - [2024-02-25T18:24:25.830+0000] {dag.py:3823} INFO - Setting next_dagrun for example_branch_dop_operator_v3 to 2024-02-25 18:23:00+00:00, run_after=2024-02-25 18:24:00+00:00
[2024-02-25T18:24:25.854+0000] {processor.py:183} INFO - Processing /home/airflow/.local/lib/python3.8/site-packages/airflow/example_dags/example_branch_python_dop_operator_3.py took 0.095 seconds
[2024-02-25T18:24:56.812+0000] {processor.py:161} INFO - Started process (PID=7620) to work on /home/airflow/.local/lib/python3.8/site-packages/airflow/example_dags/example_branch_python_dop_operator_3.py
[2024-02-25T18:24:56.813+0000] {processor.py:830} INFO - Processing file /home/airflow/.local/lib/python3.8/site-packages/airflow/example_dags/example_branch_python_dop_operator_3.py for tasks to queue
[2024-02-25T18:24:56.814+0000] {logging_mixin.py:188} INFO - [2024-02-25T18:24:56.814+0000] {dagbag.py:538} INFO - Filling up the DagBag from /home/airflow/.local/lib/python3.8/site-packages/airflow/example_dags/example_branch_python_dop_operator_3.py
[2024-02-25T18:24:56.824+0000] {processor.py:840} INFO - DAG(s) 'example_branch_dop_operator_v3' retrieved from /home/airflow/.local/lib/python3.8/site-packages/airflow/example_dags/example_branch_python_dop_operator_3.py
[2024-02-25T18:24:56.851+0000] {logging_mixin.py:188} INFO - [2024-02-25T18:24:56.851+0000] {dag.py:3036} INFO - Sync 1 DAGs
[2024-02-25T18:24:56.884+0000] {logging_mixin.py:188} INFO - [2024-02-25T18:24:56.884+0000] {dag.py:3823} INFO - Setting next_dagrun for example_branch_dop_operator_v3 to 2024-02-25 18:23:00+00:00, run_after=2024-02-25 18:24:00+00:00
[2024-02-25T18:24:56.913+0000] {processor.py:183} INFO - Processing /home/airflow/.local/lib/python3.8/site-packages/airflow/example_dags/example_branch_python_dop_operator_3.py took 0.105 seconds
[2024-02-25T18:25:27.770+0000] {processor.py:161} INFO - Started process (PID=7683) to work on /home/airflow/.local/lib/python3.8/site-packages/airflow/example_dags/example_branch_python_dop_operator_3.py
[2024-02-25T18:25:27.771+0000] {processor.py:830} INFO - Processing file /home/airflow/.local/lib/python3.8/site-packages/airflow/example_dags/example_branch_python_dop_operator_3.py for tasks to queue
[2024-02-25T18:25:27.773+0000] {logging_mixin.py:188} INFO - [2024-02-25T18:25:27.772+0000] {dagbag.py:538} INFO - Filling up the DagBag from /home/airflow/.local/lib/python3.8/site-packages/airflow/example_dags/example_branch_python_dop_operator_3.py
[2024-02-25T18:25:27.782+0000] {processor.py:840} INFO - DAG(s) 'example_branch_dop_operator_v3' retrieved from /home/airflow/.local/lib/python3.8/site-packages/airflow/example_dags/example_branch_python_dop_operator_3.py
[2024-02-25T18:25:27.808+0000] {logging_mixin.py:188} INFO - [2024-02-25T18:25:27.808+0000] {dag.py:3036} INFO - Sync 1 DAGs
[2024-02-25T18:25:27.850+0000] {logging_mixin.py:188} INFO - [2024-02-25T18:25:27.849+0000] {dag.py:3823} INFO - Setting next_dagrun for example_branch_dop_operator_v3 to 2024-02-25 18:24:00+00:00, run_after=2024-02-25 18:25:00+00:00
[2024-02-25T18:25:27.875+0000] {processor.py:183} INFO - Processing /home/airflow/.local/lib/python3.8/site-packages/airflow/example_dags/example_branch_python_dop_operator_3.py took 0.109 seconds
[2024-02-25T18:25:58.456+0000] {processor.py:161} INFO - Started process (PID=7746) to work on /home/airflow/.local/lib/python3.8/site-packages/airflow/example_dags/example_branch_python_dop_operator_3.py
[2024-02-25T18:25:58.458+0000] {processor.py:830} INFO - Processing file /home/airflow/.local/lib/python3.8/site-packages/airflow/example_dags/example_branch_python_dop_operator_3.py for tasks to queue
[2024-02-25T18:25:58.459+0000] {logging_mixin.py:188} INFO - [2024-02-25T18:25:58.459+0000] {dagbag.py:538} INFO - Filling up the DagBag from /home/airflow/.local/lib/python3.8/site-packages/airflow/example_dags/example_branch_python_dop_operator_3.py
[2024-02-25T18:25:58.468+0000] {processor.py:840} INFO - DAG(s) 'example_branch_dop_operator_v3' retrieved from /home/airflow/.local/lib/python3.8/site-packages/airflow/example_dags/example_branch_python_dop_operator_3.py
[2024-02-25T18:25:58.491+0000] {logging_mixin.py:188} INFO - [2024-02-25T18:25:58.491+0000] {dag.py:3036} INFO - Sync 1 DAGs
[2024-02-25T18:25:58.517+0000] {logging_mixin.py:188} INFO - [2024-02-25T18:25:58.517+0000] {dag.py:3823} INFO - Setting next_dagrun for example_branch_dop_operator_v3 to 2024-02-25 18:24:00+00:00, run_after=2024-02-25 18:25:00+00:00
[2024-02-25T18:25:58.539+0000] {processor.py:183} INFO - Processing /home/airflow/.local/lib/python3.8/site-packages/airflow/example_dags/example_branch_python_dop_operator_3.py took 0.087 seconds
[2024-02-25T18:26:29.192+0000] {processor.py:161} INFO - Started process (PID=7809) to work on /home/airflow/.local/lib/python3.8/site-packages/airflow/example_dags/example_branch_python_dop_operator_3.py
[2024-02-25T18:26:29.193+0000] {processor.py:830} INFO - Processing file /home/airflow/.local/lib/python3.8/site-packages/airflow/example_dags/example_branch_python_dop_operator_3.py for tasks to queue
[2024-02-25T18:26:29.194+0000] {logging_mixin.py:188} INFO - [2024-02-25T18:26:29.194+0000] {dagbag.py:538} INFO - Filling up the DagBag from /home/airflow/.local/lib/python3.8/site-packages/airflow/example_dags/example_branch_python_dop_operator_3.py
[2024-02-25T18:26:29.203+0000] {processor.py:840} INFO - DAG(s) 'example_branch_dop_operator_v3' retrieved from /home/airflow/.local/lib/python3.8/site-packages/airflow/example_dags/example_branch_python_dop_operator_3.py
[2024-02-25T18:26:29.226+0000] {logging_mixin.py:188} INFO - [2024-02-25T18:26:29.226+0000] {dag.py:3036} INFO - Sync 1 DAGs
[2024-02-25T18:26:29.255+0000] {logging_mixin.py:188} INFO - [2024-02-25T18:26:29.255+0000] {dag.py:3823} INFO - Setting next_dagrun for example_branch_dop_operator_v3 to 2024-02-25 18:25:00+00:00, run_after=2024-02-25 18:26:00+00:00
[2024-02-25T18:26:29.280+0000] {processor.py:183} INFO - Processing /home/airflow/.local/lib/python3.8/site-packages/airflow/example_dags/example_branch_python_dop_operator_3.py took 0.092 seconds
[2024-02-25T18:27:00.779+0000] {processor.py:161} INFO - Started process (PID=7873) to work on /home/airflow/.local/lib/python3.8/site-packages/airflow/example_dags/example_branch_python_dop_operator_3.py
[2024-02-25T18:27:00.780+0000] {processor.py:830} INFO - Processing file /home/airflow/.local/lib/python3.8/site-packages/airflow/example_dags/example_branch_python_dop_operator_3.py for tasks to queue
[2024-02-25T18:27:00.781+0000] {logging_mixin.py:188} INFO - [2024-02-25T18:27:00.781+0000] {dagbag.py:538} INFO - Filling up the DagBag from /home/airflow/.local/lib/python3.8/site-packages/airflow/example_dags/example_branch_python_dop_operator_3.py
[2024-02-25T18:27:00.792+0000] {processor.py:840} INFO - DAG(s) 'example_branch_dop_operator_v3' retrieved from /home/airflow/.local/lib/python3.8/site-packages/airflow/example_dags/example_branch_python_dop_operator_3.py
[2024-02-25T18:27:00.814+0000] {logging_mixin.py:188} INFO - [2024-02-25T18:27:00.813+0000] {dag.py:3036} INFO - Sync 1 DAGs
[2024-02-25T18:27:00.840+0000] {logging_mixin.py:188} INFO - [2024-02-25T18:27:00.840+0000] {dag.py:3823} INFO - Setting next_dagrun for example_branch_dop_operator_v3 to 2024-02-25 18:26:00+00:00, run_after=2024-02-25 18:27:00+00:00
[2024-02-25T18:27:00.864+0000] {processor.py:183} INFO - Processing /home/airflow/.local/lib/python3.8/site-packages/airflow/example_dags/example_branch_python_dop_operator_3.py took 0.088 seconds
[2024-02-25T18:27:31.536+0000] {processor.py:161} INFO - Started process (PID=7936) to work on /home/airflow/.local/lib/python3.8/site-packages/airflow/example_dags/example_branch_python_dop_operator_3.py
[2024-02-25T18:27:31.537+0000] {processor.py:830} INFO - Processing file /home/airflow/.local/lib/python3.8/site-packages/airflow/example_dags/example_branch_python_dop_operator_3.py for tasks to queue
[2024-02-25T18:27:31.538+0000] {logging_mixin.py:188} INFO - [2024-02-25T18:27:31.538+0000] {dagbag.py:538} INFO - Filling up the DagBag from /home/airflow/.local/lib/python3.8/site-packages/airflow/example_dags/example_branch_python_dop_operator_3.py
[2024-02-25T18:27:31.547+0000] {processor.py:840} INFO - DAG(s) 'example_branch_dop_operator_v3' retrieved from /home/airflow/.local/lib/python3.8/site-packages/airflow/example_dags/example_branch_python_dop_operator_3.py
[2024-02-25T18:27:31.569+0000] {logging_mixin.py:188} INFO - [2024-02-25T18:27:31.569+0000] {dag.py:3036} INFO - Sync 1 DAGs
[2024-02-25T18:27:31.596+0000] {logging_mixin.py:188} INFO - [2024-02-25T18:27:31.596+0000] {dag.py:3823} INFO - Setting next_dagrun for example_branch_dop_operator_v3 to 2024-02-25 18:26:00+00:00, run_after=2024-02-25 18:27:00+00:00
[2024-02-25T18:27:31.619+0000] {processor.py:183} INFO - Processing /home/airflow/.local/lib/python3.8/site-packages/airflow/example_dags/example_branch_python_dop_operator_3.py took 0.087 seconds
[2024-02-25T18:28:03.032+0000] {processor.py:161} INFO - Started process (PID=8000) to work on /home/airflow/.local/lib/python3.8/site-packages/airflow/example_dags/example_branch_python_dop_operator_3.py
[2024-02-25T18:28:03.033+0000] {processor.py:830} INFO - Processing file /home/airflow/.local/lib/python3.8/site-packages/airflow/example_dags/example_branch_python_dop_operator_3.py for tasks to queue
[2024-02-25T18:28:03.034+0000] {logging_mixin.py:188} INFO - [2024-02-25T18:28:03.034+0000] {dagbag.py:538} INFO - Filling up the DagBag from /home/airflow/.local/lib/python3.8/site-packages/airflow/example_dags/example_branch_python_dop_operator_3.py
[2024-02-25T18:28:03.043+0000] {processor.py:840} INFO - DAG(s) 'example_branch_dop_operator_v3' retrieved from /home/airflow/.local/lib/python3.8/site-packages/airflow/example_dags/example_branch_python_dop_operator_3.py
[2024-02-25T18:28:03.068+0000] {logging_mixin.py:188} INFO - [2024-02-25T18:28:03.067+0000] {dag.py:3036} INFO - Sync 1 DAGs
[2024-02-25T18:28:03.095+0000] {logging_mixin.py:188} INFO - [2024-02-25T18:28:03.095+0000] {dag.py:3823} INFO - Setting next_dagrun for example_branch_dop_operator_v3 to 2024-02-25 18:27:00+00:00, run_after=2024-02-25 18:28:00+00:00
[2024-02-25T18:28:03.119+0000] {processor.py:183} INFO - Processing /home/airflow/.local/lib/python3.8/site-packages/airflow/example_dags/example_branch_python_dop_operator_3.py took 0.091 seconds
[2024-02-25T18:28:33.395+0000] {processor.py:161} INFO - Started process (PID=8063) to work on /home/airflow/.local/lib/python3.8/site-packages/airflow/example_dags/example_branch_python_dop_operator_3.py
[2024-02-25T18:28:33.396+0000] {processor.py:830} INFO - Processing file /home/airflow/.local/lib/python3.8/site-packages/airflow/example_dags/example_branch_python_dop_operator_3.py for tasks to queue
[2024-02-25T18:28:33.398+0000] {logging_mixin.py:188} INFO - [2024-02-25T18:28:33.397+0000] {dagbag.py:538} INFO - Filling up the DagBag from /home/airflow/.local/lib/python3.8/site-packages/airflow/example_dags/example_branch_python_dop_operator_3.py
[2024-02-25T18:28:33.406+0000] {processor.py:840} INFO - DAG(s) 'example_branch_dop_operator_v3' retrieved from /home/airflow/.local/lib/python3.8/site-packages/airflow/example_dags/example_branch_python_dop_operator_3.py
[2024-02-25T18:28:33.430+0000] {logging_mixin.py:188} INFO - [2024-02-25T18:28:33.429+0000] {dag.py:3036} INFO - Sync 1 DAGs
[2024-02-25T18:28:33.458+0000] {logging_mixin.py:188} INFO - [2024-02-25T18:28:33.458+0000] {dag.py:3823} INFO - Setting next_dagrun for example_branch_dop_operator_v3 to 2024-02-25 18:27:00+00:00, run_after=2024-02-25 18:28:00+00:00
[2024-02-25T18:28:33.481+0000] {processor.py:183} INFO - Processing /home/airflow/.local/lib/python3.8/site-packages/airflow/example_dags/example_branch_python_dop_operator_3.py took 0.090 seconds
[2024-02-25T18:29:04.202+0000] {processor.py:161} INFO - Started process (PID=8125) to work on /home/airflow/.local/lib/python3.8/site-packages/airflow/example_dags/example_branch_python_dop_operator_3.py
[2024-02-25T18:29:04.204+0000] {processor.py:830} INFO - Processing file /home/airflow/.local/lib/python3.8/site-packages/airflow/example_dags/example_branch_python_dop_operator_3.py for tasks to queue
[2024-02-25T18:29:04.205+0000] {logging_mixin.py:188} INFO - [2024-02-25T18:29:04.205+0000] {dagbag.py:538} INFO - Filling up the DagBag from /home/airflow/.local/lib/python3.8/site-packages/airflow/example_dags/example_branch_python_dop_operator_3.py
[2024-02-25T18:29:04.215+0000] {processor.py:840} INFO - DAG(s) 'example_branch_dop_operator_v3' retrieved from /home/airflow/.local/lib/python3.8/site-packages/airflow/example_dags/example_branch_python_dop_operator_3.py
[2024-02-25T18:29:04.241+0000] {logging_mixin.py:188} INFO - [2024-02-25T18:29:04.241+0000] {dag.py:3036} INFO - Sync 1 DAGs
[2024-02-25T18:29:04.270+0000] {logging_mixin.py:188} INFO - [2024-02-25T18:29:04.269+0000] {dag.py:3823} INFO - Setting next_dagrun for example_branch_dop_operator_v3 to 2024-02-25 18:28:00+00:00, run_after=2024-02-25 18:29:00+00:00
[2024-02-25T18:29:04.295+0000] {processor.py:183} INFO - Processing /home/airflow/.local/lib/python3.8/site-packages/airflow/example_dags/example_branch_python_dop_operator_3.py took 0.097 seconds
[2024-02-25T18:29:34.804+0000] {processor.py:161} INFO - Started process (PID=8188) to work on /home/airflow/.local/lib/python3.8/site-packages/airflow/example_dags/example_branch_python_dop_operator_3.py
[2024-02-25T18:29:34.806+0000] {processor.py:830} INFO - Processing file /home/airflow/.local/lib/python3.8/site-packages/airflow/example_dags/example_branch_python_dop_operator_3.py for tasks to queue
[2024-02-25T18:29:34.807+0000] {logging_mixin.py:188} INFO - [2024-02-25T18:29:34.806+0000] {dagbag.py:538} INFO - Filling up the DagBag from /home/airflow/.local/lib/python3.8/site-packages/airflow/example_dags/example_branch_python_dop_operator_3.py
[2024-02-25T18:29:34.816+0000] {processor.py:840} INFO - DAG(s) 'example_branch_dop_operator_v3' retrieved from /home/airflow/.local/lib/python3.8/site-packages/airflow/example_dags/example_branch_python_dop_operator_3.py
[2024-02-25T18:29:34.839+0000] {logging_mixin.py:188} INFO - [2024-02-25T18:29:34.839+0000] {dag.py:3036} INFO - Sync 1 DAGs
[2024-02-25T18:29:34.867+0000] {logging_mixin.py:188} INFO - [2024-02-25T18:29:34.867+0000] {dag.py:3823} INFO - Setting next_dagrun for example_branch_dop_operator_v3 to 2024-02-25 18:28:00+00:00, run_after=2024-02-25 18:29:00+00:00
[2024-02-25T18:29:34.903+0000] {processor.py:183} INFO - Processing /home/airflow/.local/lib/python3.8/site-packages/airflow/example_dags/example_branch_python_dop_operator_3.py took 0.103 seconds
[2024-02-25T18:30:05.411+0000] {processor.py:161} INFO - Started process (PID=8251) to work on /home/airflow/.local/lib/python3.8/site-packages/airflow/example_dags/example_branch_python_dop_operator_3.py
[2024-02-25T18:30:05.412+0000] {processor.py:830} INFO - Processing file /home/airflow/.local/lib/python3.8/site-packages/airflow/example_dags/example_branch_python_dop_operator_3.py for tasks to queue
[2024-02-25T18:30:05.413+0000] {logging_mixin.py:188} INFO - [2024-02-25T18:30:05.413+0000] {dagbag.py:538} INFO - Filling up the DagBag from /home/airflow/.local/lib/python3.8/site-packages/airflow/example_dags/example_branch_python_dop_operator_3.py
[2024-02-25T18:30:05.424+0000] {processor.py:840} INFO - DAG(s) 'example_branch_dop_operator_v3' retrieved from /home/airflow/.local/lib/python3.8/site-packages/airflow/example_dags/example_branch_python_dop_operator_3.py
[2024-02-25T18:30:05.449+0000] {logging_mixin.py:188} INFO - [2024-02-25T18:30:05.448+0000] {dag.py:3036} INFO - Sync 1 DAGs
[2024-02-25T18:30:05.480+0000] {logging_mixin.py:188} INFO - [2024-02-25T18:30:05.479+0000] {dag.py:3823} INFO - Setting next_dagrun for example_branch_dop_operator_v3 to 2024-02-25 18:29:00+00:00, run_after=2024-02-25 18:30:00+00:00
[2024-02-25T18:30:05.509+0000] {processor.py:183} INFO - Processing /home/airflow/.local/lib/python3.8/site-packages/airflow/example_dags/example_branch_python_dop_operator_3.py took 0.102 seconds
[2024-02-25T18:30:35.710+0000] {processor.py:161} INFO - Started process (PID=8312) to work on /home/airflow/.local/lib/python3.8/site-packages/airflow/example_dags/example_branch_python_dop_operator_3.py
[2024-02-25T18:30:35.711+0000] {processor.py:830} INFO - Processing file /home/airflow/.local/lib/python3.8/site-packages/airflow/example_dags/example_branch_python_dop_operator_3.py for tasks to queue
[2024-02-25T18:30:35.713+0000] {logging_mixin.py:188} INFO - [2024-02-25T18:30:35.712+0000] {dagbag.py:538} INFO - Filling up the DagBag from /home/airflow/.local/lib/python3.8/site-packages/airflow/example_dags/example_branch_python_dop_operator_3.py
[2024-02-25T18:30:35.722+0000] {processor.py:840} INFO - DAG(s) 'example_branch_dop_operator_v3' retrieved from /home/airflow/.local/lib/python3.8/site-packages/airflow/example_dags/example_branch_python_dop_operator_3.py
[2024-02-25T18:30:35.745+0000] {logging_mixin.py:188} INFO - [2024-02-25T18:30:35.745+0000] {dag.py:3036} INFO - Sync 1 DAGs
[2024-02-25T18:30:35.771+0000] {logging_mixin.py:188} INFO - [2024-02-25T18:30:35.771+0000] {dag.py:3823} INFO - Setting next_dagrun for example_branch_dop_operator_v3 to 2024-02-25 18:29:00+00:00, run_after=2024-02-25 18:30:00+00:00
[2024-02-25T18:30:35.794+0000] {processor.py:183} INFO - Processing /home/airflow/.local/lib/python3.8/site-packages/airflow/example_dags/example_branch_python_dop_operator_3.py took 0.088 seconds
[2024-02-25T18:31:05.998+0000] {processor.py:161} INFO - Started process (PID=8373) to work on /home/airflow/.local/lib/python3.8/site-packages/airflow/example_dags/example_branch_python_dop_operator_3.py
[2024-02-25T18:31:05.999+0000] {processor.py:830} INFO - Processing file /home/airflow/.local/lib/python3.8/site-packages/airflow/example_dags/example_branch_python_dop_operator_3.py for tasks to queue
[2024-02-25T18:31:06.000+0000] {logging_mixin.py:188} INFO - [2024-02-25T18:31:05.999+0000] {dagbag.py:538} INFO - Filling up the DagBag from /home/airflow/.local/lib/python3.8/site-packages/airflow/example_dags/example_branch_python_dop_operator_3.py
[2024-02-25T18:31:06.009+0000] {processor.py:840} INFO - DAG(s) 'example_branch_dop_operator_v3' retrieved from /home/airflow/.local/lib/python3.8/site-packages/airflow/example_dags/example_branch_python_dop_operator_3.py
[2024-02-25T18:31:06.031+0000] {logging_mixin.py:188} INFO - [2024-02-25T18:31:06.031+0000] {dag.py:3036} INFO - Sync 1 DAGs
[2024-02-25T18:31:06.056+0000] {logging_mixin.py:188} INFO - [2024-02-25T18:31:06.056+0000] {dag.py:3823} INFO - Setting next_dagrun for example_branch_dop_operator_v3 to 2024-02-25 18:30:00+00:00, run_after=2024-02-25 18:31:00+00:00
[2024-02-25T18:31:06.078+0000] {processor.py:183} INFO - Processing /home/airflow/.local/lib/python3.8/site-packages/airflow/example_dags/example_branch_python_dop_operator_3.py took 0.084 seconds
[2024-02-25T18:31:36.524+0000] {processor.py:161} INFO - Started process (PID=8436) to work on /home/airflow/.local/lib/python3.8/site-packages/airflow/example_dags/example_branch_python_dop_operator_3.py
[2024-02-25T18:31:36.525+0000] {processor.py:830} INFO - Processing file /home/airflow/.local/lib/python3.8/site-packages/airflow/example_dags/example_branch_python_dop_operator_3.py for tasks to queue
[2024-02-25T18:31:36.527+0000] {logging_mixin.py:188} INFO - [2024-02-25T18:31:36.526+0000] {dagbag.py:538} INFO - Filling up the DagBag from /home/airflow/.local/lib/python3.8/site-packages/airflow/example_dags/example_branch_python_dop_operator_3.py
[2024-02-25T18:31:36.537+0000] {processor.py:840} INFO - DAG(s) 'example_branch_dop_operator_v3' retrieved from /home/airflow/.local/lib/python3.8/site-packages/airflow/example_dags/example_branch_python_dop_operator_3.py
[2024-02-25T18:31:36.570+0000] {logging_mixin.py:188} INFO - [2024-02-25T18:31:36.568+0000] {dag.py:3036} INFO - Sync 1 DAGs
[2024-02-25T18:31:36.619+0000] {logging_mixin.py:188} INFO - [2024-02-25T18:31:36.619+0000] {dag.py:3823} INFO - Setting next_dagrun for example_branch_dop_operator_v3 to 2024-02-25 18:30:00+00:00, run_after=2024-02-25 18:31:00+00:00
[2024-02-25T18:31:36.648+0000] {processor.py:183} INFO - Processing /home/airflow/.local/lib/python3.8/site-packages/airflow/example_dags/example_branch_python_dop_operator_3.py took 0.128 seconds
[2024-02-25T18:32:06.992+0000] {processor.py:161} INFO - Started process (PID=8499) to work on /home/airflow/.local/lib/python3.8/site-packages/airflow/example_dags/example_branch_python_dop_operator_3.py
[2024-02-25T18:32:06.993+0000] {processor.py:830} INFO - Processing file /home/airflow/.local/lib/python3.8/site-packages/airflow/example_dags/example_branch_python_dop_operator_3.py for tasks to queue
[2024-02-25T18:32:06.995+0000] {logging_mixin.py:188} INFO - [2024-02-25T18:32:06.994+0000] {dagbag.py:538} INFO - Filling up the DagBag from /home/airflow/.local/lib/python3.8/site-packages/airflow/example_dags/example_branch_python_dop_operator_3.py
[2024-02-25T18:32:07.004+0000] {processor.py:840} INFO - DAG(s) 'example_branch_dop_operator_v3' retrieved from /home/airflow/.local/lib/python3.8/site-packages/airflow/example_dags/example_branch_python_dop_operator_3.py
[2024-02-25T18:32:07.027+0000] {logging_mixin.py:188} INFO - [2024-02-25T18:32:07.027+0000] {dag.py:3036} INFO - Sync 1 DAGs
[2024-02-25T18:32:07.059+0000] {logging_mixin.py:188} INFO - [2024-02-25T18:32:07.059+0000] {dag.py:3823} INFO - Setting next_dagrun for example_branch_dop_operator_v3 to 2024-02-25 18:31:00+00:00, run_after=2024-02-25 18:32:00+00:00
[2024-02-25T18:32:07.094+0000] {processor.py:183} INFO - Processing /home/airflow/.local/lib/python3.8/site-packages/airflow/example_dags/example_branch_python_dop_operator_3.py took 0.106 seconds
[2024-02-25T18:32:37.236+0000] {processor.py:161} INFO - Started process (PID=8562) to work on /home/airflow/.local/lib/python3.8/site-packages/airflow/example_dags/example_branch_python_dop_operator_3.py
[2024-02-25T18:32:37.237+0000] {processor.py:830} INFO - Processing file /home/airflow/.local/lib/python3.8/site-packages/airflow/example_dags/example_branch_python_dop_operator_3.py for tasks to queue
[2024-02-25T18:32:37.239+0000] {logging_mixin.py:188} INFO - [2024-02-25T18:32:37.238+0000] {dagbag.py:538} INFO - Filling up the DagBag from /home/airflow/.local/lib/python3.8/site-packages/airflow/example_dags/example_branch_python_dop_operator_3.py
[2024-02-25T18:32:37.248+0000] {processor.py:840} INFO - DAG(s) 'example_branch_dop_operator_v3' retrieved from /home/airflow/.local/lib/python3.8/site-packages/airflow/example_dags/example_branch_python_dop_operator_3.py
[2024-02-25T18:32:37.274+0000] {logging_mixin.py:188} INFO - [2024-02-25T18:32:37.273+0000] {dag.py:3036} INFO - Sync 1 DAGs
[2024-02-25T18:32:37.307+0000] {logging_mixin.py:188} INFO - [2024-02-25T18:32:37.307+0000] {dag.py:3823} INFO - Setting next_dagrun for example_branch_dop_operator_v3 to 2024-02-25 18:31:00+00:00, run_after=2024-02-25 18:32:00+00:00
[2024-02-25T18:32:37.330+0000] {processor.py:183} INFO - Processing /home/airflow/.local/lib/python3.8/site-packages/airflow/example_dags/example_branch_python_dop_operator_3.py took 0.098 seconds
[2024-02-25T18:33:07.908+0000] {processor.py:161} INFO - Started process (PID=8625) to work on /home/airflow/.local/lib/python3.8/site-packages/airflow/example_dags/example_branch_python_dop_operator_3.py
[2024-02-25T18:33:07.909+0000] {processor.py:830} INFO - Processing file /home/airflow/.local/lib/python3.8/site-packages/airflow/example_dags/example_branch_python_dop_operator_3.py for tasks to queue
[2024-02-25T18:33:07.910+0000] {logging_mixin.py:188} INFO - [2024-02-25T18:33:07.910+0000] {dagbag.py:538} INFO - Filling up the DagBag from /home/airflow/.local/lib/python3.8/site-packages/airflow/example_dags/example_branch_python_dop_operator_3.py
[2024-02-25T18:33:07.919+0000] {processor.py:840} INFO - DAG(s) 'example_branch_dop_operator_v3' retrieved from /home/airflow/.local/lib/python3.8/site-packages/airflow/example_dags/example_branch_python_dop_operator_3.py
[2024-02-25T18:33:07.941+0000] {logging_mixin.py:188} INFO - [2024-02-25T18:33:07.941+0000] {dag.py:3036} INFO - Sync 1 DAGs
[2024-02-25T18:33:07.968+0000] {logging_mixin.py:188} INFO - [2024-02-25T18:33:07.967+0000] {dag.py:3823} INFO - Setting next_dagrun for example_branch_dop_operator_v3 to 2024-02-25 18:32:00+00:00, run_after=2024-02-25 18:33:00+00:00
[2024-02-25T18:33:07.991+0000] {processor.py:183} INFO - Processing /home/airflow/.local/lib/python3.8/site-packages/airflow/example_dags/example_branch_python_dop_operator_3.py took 0.086 seconds
[2024-02-25T18:33:38.171+0000] {processor.py:161} INFO - Started process (PID=8688) to work on /home/airflow/.local/lib/python3.8/site-packages/airflow/example_dags/example_branch_python_dop_operator_3.py
[2024-02-25T18:33:38.172+0000] {processor.py:830} INFO - Processing file /home/airflow/.local/lib/python3.8/site-packages/airflow/example_dags/example_branch_python_dop_operator_3.py for tasks to queue
[2024-02-25T18:33:38.173+0000] {logging_mixin.py:188} INFO - [2024-02-25T18:33:38.173+0000] {dagbag.py:538} INFO - Filling up the DagBag from /home/airflow/.local/lib/python3.8/site-packages/airflow/example_dags/example_branch_python_dop_operator_3.py
[2024-02-25T18:33:38.182+0000] {processor.py:840} INFO - DAG(s) 'example_branch_dop_operator_v3' retrieved from /home/airflow/.local/lib/python3.8/site-packages/airflow/example_dags/example_branch_python_dop_operator_3.py
[2024-02-25T18:33:38.204+0000] {logging_mixin.py:188} INFO - [2024-02-25T18:33:38.204+0000] {dag.py:3036} INFO - Sync 1 DAGs
[2024-02-25T18:33:38.229+0000] {logging_mixin.py:188} INFO - [2024-02-25T18:33:38.228+0000] {dag.py:3823} INFO - Setting next_dagrun for example_branch_dop_operator_v3 to 2024-02-25 18:32:00+00:00, run_after=2024-02-25 18:33:00+00:00
[2024-02-25T18:33:38.249+0000] {processor.py:183} INFO - Processing /home/airflow/.local/lib/python3.8/site-packages/airflow/example_dags/example_branch_python_dop_operator_3.py took 0.082 seconds
[2024-02-25T18:34:09.296+0000] {processor.py:161} INFO - Started process (PID=8751) to work on /home/airflow/.local/lib/python3.8/site-packages/airflow/example_dags/example_branch_python_dop_operator_3.py
[2024-02-25T18:34:09.297+0000] {processor.py:830} INFO - Processing file /home/airflow/.local/lib/python3.8/site-packages/airflow/example_dags/example_branch_python_dop_operator_3.py for tasks to queue
[2024-02-25T18:34:09.298+0000] {logging_mixin.py:188} INFO - [2024-02-25T18:34:09.298+0000] {dagbag.py:538} INFO - Filling up the DagBag from /home/airflow/.local/lib/python3.8/site-packages/airflow/example_dags/example_branch_python_dop_operator_3.py
[2024-02-25T18:34:09.306+0000] {processor.py:840} INFO - DAG(s) 'example_branch_dop_operator_v3' retrieved from /home/airflow/.local/lib/python3.8/site-packages/airflow/example_dags/example_branch_python_dop_operator_3.py
[2024-02-25T18:34:09.328+0000] {logging_mixin.py:188} INFO - [2024-02-25T18:34:09.327+0000] {dag.py:3036} INFO - Sync 1 DAGs
[2024-02-25T18:34:09.355+0000] {logging_mixin.py:188} INFO - [2024-02-25T18:34:09.355+0000] {dag.py:3823} INFO - Setting next_dagrun for example_branch_dop_operator_v3 to 2024-02-25 18:33:00+00:00, run_after=2024-02-25 18:34:00+00:00
[2024-02-25T18:34:09.376+0000] {processor.py:183} INFO - Processing /home/airflow/.local/lib/python3.8/site-packages/airflow/example_dags/example_branch_python_dop_operator_3.py took 0.084 seconds
[2024-02-25T18:34:39.618+0000] {processor.py:161} INFO - Started process (PID=8814) to work on /home/airflow/.local/lib/python3.8/site-packages/airflow/example_dags/example_branch_python_dop_operator_3.py
[2024-02-25T18:34:39.619+0000] {processor.py:830} INFO - Processing file /home/airflow/.local/lib/python3.8/site-packages/airflow/example_dags/example_branch_python_dop_operator_3.py for tasks to queue
[2024-02-25T18:34:39.621+0000] {logging_mixin.py:188} INFO - [2024-02-25T18:34:39.620+0000] {dagbag.py:538} INFO - Filling up the DagBag from /home/airflow/.local/lib/python3.8/site-packages/airflow/example_dags/example_branch_python_dop_operator_3.py
[2024-02-25T18:34:39.630+0000] {processor.py:840} INFO - DAG(s) 'example_branch_dop_operator_v3' retrieved from /home/airflow/.local/lib/python3.8/site-packages/airflow/example_dags/example_branch_python_dop_operator_3.py
[2024-02-25T18:34:39.653+0000] {logging_mixin.py:188} INFO - [2024-02-25T18:34:39.653+0000] {dag.py:3036} INFO - Sync 1 DAGs
[2024-02-25T18:34:39.679+0000] {logging_mixin.py:188} INFO - [2024-02-25T18:34:39.679+0000] {dag.py:3823} INFO - Setting next_dagrun for example_branch_dop_operator_v3 to 2024-02-25 18:33:00+00:00, run_after=2024-02-25 18:34:00+00:00
[2024-02-25T18:34:39.702+0000] {processor.py:183} INFO - Processing /home/airflow/.local/lib/python3.8/site-packages/airflow/example_dags/example_branch_python_dop_operator_3.py took 0.088 seconds
[2024-02-25T18:35:10.038+0000] {processor.py:161} INFO - Started process (PID=8877) to work on /home/airflow/.local/lib/python3.8/site-packages/airflow/example_dags/example_branch_python_dop_operator_3.py
[2024-02-25T18:35:10.039+0000] {processor.py:830} INFO - Processing file /home/airflow/.local/lib/python3.8/site-packages/airflow/example_dags/example_branch_python_dop_operator_3.py for tasks to queue
[2024-02-25T18:35:10.040+0000] {logging_mixin.py:188} INFO - [2024-02-25T18:35:10.040+0000] {dagbag.py:538} INFO - Filling up the DagBag from /home/airflow/.local/lib/python3.8/site-packages/airflow/example_dags/example_branch_python_dop_operator_3.py
[2024-02-25T18:35:10.049+0000] {processor.py:840} INFO - DAG(s) 'example_branch_dop_operator_v3' retrieved from /home/airflow/.local/lib/python3.8/site-packages/airflow/example_dags/example_branch_python_dop_operator_3.py
[2024-02-25T18:35:10.072+0000] {logging_mixin.py:188} INFO - [2024-02-25T18:35:10.071+0000] {dag.py:3036} INFO - Sync 1 DAGs
[2024-02-25T18:35:10.099+0000] {logging_mixin.py:188} INFO - [2024-02-25T18:35:10.098+0000] {dag.py:3823} INFO - Setting next_dagrun for example_branch_dop_operator_v3 to 2024-02-25 18:34:00+00:00, run_after=2024-02-25 18:35:00+00:00
[2024-02-25T18:35:10.125+0000] {processor.py:183} INFO - Processing /home/airflow/.local/lib/python3.8/site-packages/airflow/example_dags/example_branch_python_dop_operator_3.py took 0.091 seconds
[2024-02-25T18:35:40.345+0000] {processor.py:161} INFO - Started process (PID=8940) to work on /home/airflow/.local/lib/python3.8/site-packages/airflow/example_dags/example_branch_python_dop_operator_3.py
[2024-02-25T18:35:40.346+0000] {processor.py:830} INFO - Processing file /home/airflow/.local/lib/python3.8/site-packages/airflow/example_dags/example_branch_python_dop_operator_3.py for tasks to queue
[2024-02-25T18:35:40.347+0000] {logging_mixin.py:188} INFO - [2024-02-25T18:35:40.346+0000] {dagbag.py:538} INFO - Filling up the DagBag from /home/airflow/.local/lib/python3.8/site-packages/airflow/example_dags/example_branch_python_dop_operator_3.py
[2024-02-25T18:35:40.355+0000] {processor.py:840} INFO - DAG(s) 'example_branch_dop_operator_v3' retrieved from /home/airflow/.local/lib/python3.8/site-packages/airflow/example_dags/example_branch_python_dop_operator_3.py
[2024-02-25T18:35:40.378+0000] {logging_mixin.py:188} INFO - [2024-02-25T18:35:40.378+0000] {dag.py:3036} INFO - Sync 1 DAGs
[2024-02-25T18:35:40.404+0000] {logging_mixin.py:188} INFO - [2024-02-25T18:35:40.404+0000] {dag.py:3823} INFO - Setting next_dagrun for example_branch_dop_operator_v3 to 2024-02-25 18:34:00+00:00, run_after=2024-02-25 18:35:00+00:00
[2024-02-25T18:35:40.431+0000] {processor.py:183} INFO - Processing /home/airflow/.local/lib/python3.8/site-packages/airflow/example_dags/example_branch_python_dop_operator_3.py took 0.090 seconds
[2024-02-25T18:36:10.622+0000] {processor.py:161} INFO - Started process (PID=9004) to work on /home/airflow/.local/lib/python3.8/site-packages/airflow/example_dags/example_branch_python_dop_operator_3.py
[2024-02-25T18:36:10.623+0000] {processor.py:830} INFO - Processing file /home/airflow/.local/lib/python3.8/site-packages/airflow/example_dags/example_branch_python_dop_operator_3.py for tasks to queue
[2024-02-25T18:36:10.624+0000] {logging_mixin.py:188} INFO - [2024-02-25T18:36:10.624+0000] {dagbag.py:538} INFO - Filling up the DagBag from /home/airflow/.local/lib/python3.8/site-packages/airflow/example_dags/example_branch_python_dop_operator_3.py
[2024-02-25T18:36:10.641+0000] {processor.py:840} INFO - DAG(s) 'example_branch_dop_operator_v3' retrieved from /home/airflow/.local/lib/python3.8/site-packages/airflow/example_dags/example_branch_python_dop_operator_3.py
[2024-02-25T18:36:10.668+0000] {logging_mixin.py:188} INFO - [2024-02-25T18:36:10.667+0000] {dag.py:3036} INFO - Sync 1 DAGs
[2024-02-25T18:36:10.700+0000] {logging_mixin.py:188} INFO - [2024-02-25T18:36:10.700+0000] {dag.py:3823} INFO - Setting next_dagrun for example_branch_dop_operator_v3 to 2024-02-25 18:35:00+00:00, run_after=2024-02-25 18:36:00+00:00
[2024-02-25T18:36:10.728+0000] {processor.py:183} INFO - Processing /home/airflow/.local/lib/python3.8/site-packages/airflow/example_dags/example_branch_python_dop_operator_3.py took 0.110 seconds
[2024-02-25T18:36:41.790+0000] {processor.py:161} INFO - Started process (PID=9067) to work on /home/airflow/.local/lib/python3.8/site-packages/airflow/example_dags/example_branch_python_dop_operator_3.py
[2024-02-25T18:36:41.791+0000] {processor.py:830} INFO - Processing file /home/airflow/.local/lib/python3.8/site-packages/airflow/example_dags/example_branch_python_dop_operator_3.py for tasks to queue
[2024-02-25T18:36:41.792+0000] {logging_mixin.py:188} INFO - [2024-02-25T18:36:41.792+0000] {dagbag.py:538} INFO - Filling up the DagBag from /home/airflow/.local/lib/python3.8/site-packages/airflow/example_dags/example_branch_python_dop_operator_3.py
[2024-02-25T18:36:41.801+0000] {processor.py:840} INFO - DAG(s) 'example_branch_dop_operator_v3' retrieved from /home/airflow/.local/lib/python3.8/site-packages/airflow/example_dags/example_branch_python_dop_operator_3.py
[2024-02-25T18:36:41.825+0000] {logging_mixin.py:188} INFO - [2024-02-25T18:36:41.824+0000] {dag.py:3036} INFO - Sync 1 DAGs
[2024-02-25T18:36:41.857+0000] {logging_mixin.py:188} INFO - [2024-02-25T18:36:41.857+0000] {dag.py:3823} INFO - Setting next_dagrun for example_branch_dop_operator_v3 to 2024-02-25 18:35:00+00:00, run_after=2024-02-25 18:36:00+00:00
[2024-02-25T18:36:41.898+0000] {processor.py:183} INFO - Processing /home/airflow/.local/lib/python3.8/site-packages/airflow/example_dags/example_branch_python_dop_operator_3.py took 0.112 seconds
[2024-02-25T18:37:12.295+0000] {processor.py:161} INFO - Started process (PID=9130) to work on /home/airflow/.local/lib/python3.8/site-packages/airflow/example_dags/example_branch_python_dop_operator_3.py
[2024-02-25T18:37:12.296+0000] {processor.py:830} INFO - Processing file /home/airflow/.local/lib/python3.8/site-packages/airflow/example_dags/example_branch_python_dop_operator_3.py for tasks to queue
[2024-02-25T18:37:12.297+0000] {logging_mixin.py:188} INFO - [2024-02-25T18:37:12.297+0000] {dagbag.py:538} INFO - Filling up the DagBag from /home/airflow/.local/lib/python3.8/site-packages/airflow/example_dags/example_branch_python_dop_operator_3.py
[2024-02-25T18:37:12.307+0000] {processor.py:840} INFO - DAG(s) 'example_branch_dop_operator_v3' retrieved from /home/airflow/.local/lib/python3.8/site-packages/airflow/example_dags/example_branch_python_dop_operator_3.py
[2024-02-25T18:37:12.336+0000] {logging_mixin.py:188} INFO - [2024-02-25T18:37:12.336+0000] {dag.py:3036} INFO - Sync 1 DAGs
[2024-02-25T18:37:12.368+0000] {logging_mixin.py:188} INFO - [2024-02-25T18:37:12.367+0000] {dag.py:3823} INFO - Setting next_dagrun for example_branch_dop_operator_v3 to 2024-02-25 18:36:00+00:00, run_after=2024-02-25 18:37:00+00:00
[2024-02-25T18:37:12.393+0000] {processor.py:183} INFO - Processing /home/airflow/.local/lib/python3.8/site-packages/airflow/example_dags/example_branch_python_dop_operator_3.py took 0.102 seconds
[2024-02-25T18:37:43.309+0000] {processor.py:161} INFO - Started process (PID=9193) to work on /home/airflow/.local/lib/python3.8/site-packages/airflow/example_dags/example_branch_python_dop_operator_3.py
[2024-02-25T18:37:43.310+0000] {processor.py:830} INFO - Processing file /home/airflow/.local/lib/python3.8/site-packages/airflow/example_dags/example_branch_python_dop_operator_3.py for tasks to queue
[2024-02-25T18:37:43.311+0000] {logging_mixin.py:188} INFO - [2024-02-25T18:37:43.310+0000] {dagbag.py:538} INFO - Filling up the DagBag from /home/airflow/.local/lib/python3.8/site-packages/airflow/example_dags/example_branch_python_dop_operator_3.py
[2024-02-25T18:37:43.320+0000] {processor.py:840} INFO - DAG(s) 'example_branch_dop_operator_v3' retrieved from /home/airflow/.local/lib/python3.8/site-packages/airflow/example_dags/example_branch_python_dop_operator_3.py
[2024-02-25T18:37:43.342+0000] {logging_mixin.py:188} INFO - [2024-02-25T18:37:43.342+0000] {dag.py:3036} INFO - Sync 1 DAGs
[2024-02-25T18:37:43.369+0000] {logging_mixin.py:188} INFO - [2024-02-25T18:37:43.368+0000] {dag.py:3823} INFO - Setting next_dagrun for example_branch_dop_operator_v3 to 2024-02-25 18:36:00+00:00, run_after=2024-02-25 18:37:00+00:00
[2024-02-25T18:37:43.391+0000] {processor.py:183} INFO - Processing /home/airflow/.local/lib/python3.8/site-packages/airflow/example_dags/example_branch_python_dop_operator_3.py took 0.086 seconds
[2024-02-25T18:38:13.897+0000] {processor.py:161} INFO - Started process (PID=9257) to work on /home/airflow/.local/lib/python3.8/site-packages/airflow/example_dags/example_branch_python_dop_operator_3.py
[2024-02-25T18:38:13.899+0000] {processor.py:830} INFO - Processing file /home/airflow/.local/lib/python3.8/site-packages/airflow/example_dags/example_branch_python_dop_operator_3.py for tasks to queue
[2024-02-25T18:38:13.900+0000] {logging_mixin.py:188} INFO - [2024-02-25T18:38:13.899+0000] {dagbag.py:538} INFO - Filling up the DagBag from /home/airflow/.local/lib/python3.8/site-packages/airflow/example_dags/example_branch_python_dop_operator_3.py
[2024-02-25T18:38:13.908+0000] {processor.py:840} INFO - DAG(s) 'example_branch_dop_operator_v3' retrieved from /home/airflow/.local/lib/python3.8/site-packages/airflow/example_dags/example_branch_python_dop_operator_3.py
[2024-02-25T18:38:13.930+0000] {logging_mixin.py:188} INFO - [2024-02-25T18:38:13.929+0000] {dag.py:3036} INFO - Sync 1 DAGs
[2024-02-25T18:38:13.954+0000] {logging_mixin.py:188} INFO - [2024-02-25T18:38:13.954+0000] {dag.py:3823} INFO - Setting next_dagrun for example_branch_dop_operator_v3 to 2024-02-25 18:37:00+00:00, run_after=2024-02-25 18:38:00+00:00
[2024-02-25T18:38:13.978+0000] {processor.py:183} INFO - Processing /home/airflow/.local/lib/python3.8/site-packages/airflow/example_dags/example_branch_python_dop_operator_3.py took 0.084 seconds
[2024-02-25T18:38:44.863+0000] {processor.py:161} INFO - Started process (PID=9320) to work on /home/airflow/.local/lib/python3.8/site-packages/airflow/example_dags/example_branch_python_dop_operator_3.py
[2024-02-25T18:38:44.865+0000] {processor.py:830} INFO - Processing file /home/airflow/.local/lib/python3.8/site-packages/airflow/example_dags/example_branch_python_dop_operator_3.py for tasks to queue
[2024-02-25T18:38:44.866+0000] {logging_mixin.py:188} INFO - [2024-02-25T18:38:44.865+0000] {dagbag.py:538} INFO - Filling up the DagBag from /home/airflow/.local/lib/python3.8/site-packages/airflow/example_dags/example_branch_python_dop_operator_3.py
[2024-02-25T18:38:44.874+0000] {processor.py:840} INFO - DAG(s) 'example_branch_dop_operator_v3' retrieved from /home/airflow/.local/lib/python3.8/site-packages/airflow/example_dags/example_branch_python_dop_operator_3.py
[2024-02-25T18:38:44.896+0000] {logging_mixin.py:188} INFO - [2024-02-25T18:38:44.896+0000] {dag.py:3036} INFO - Sync 1 DAGs
[2024-02-25T18:38:44.920+0000] {logging_mixin.py:188} INFO - [2024-02-25T18:38:44.920+0000] {dag.py:3823} INFO - Setting next_dagrun for example_branch_dop_operator_v3 to 2024-02-25 18:37:00+00:00, run_after=2024-02-25 18:38:00+00:00
[2024-02-25T18:38:44.942+0000] {processor.py:183} INFO - Processing /home/airflow/.local/lib/python3.8/site-packages/airflow/example_dags/example_branch_python_dop_operator_3.py took 0.083 seconds
[2024-02-25T18:39:15.766+0000] {processor.py:161} INFO - Started process (PID=9383) to work on /home/airflow/.local/lib/python3.8/site-packages/airflow/example_dags/example_branch_python_dop_operator_3.py
[2024-02-25T18:39:15.768+0000] {processor.py:830} INFO - Processing file /home/airflow/.local/lib/python3.8/site-packages/airflow/example_dags/example_branch_python_dop_operator_3.py for tasks to queue
[2024-02-25T18:39:15.769+0000] {logging_mixin.py:188} INFO - [2024-02-25T18:39:15.768+0000] {dagbag.py:538} INFO - Filling up the DagBag from /home/airflow/.local/lib/python3.8/site-packages/airflow/example_dags/example_branch_python_dop_operator_3.py
[2024-02-25T18:39:15.777+0000] {processor.py:840} INFO - DAG(s) 'example_branch_dop_operator_v3' retrieved from /home/airflow/.local/lib/python3.8/site-packages/airflow/example_dags/example_branch_python_dop_operator_3.py
[2024-02-25T18:39:15.801+0000] {logging_mixin.py:188} INFO - [2024-02-25T18:39:15.800+0000] {dag.py:3036} INFO - Sync 1 DAGs
[2024-02-25T18:39:15.827+0000] {logging_mixin.py:188} INFO - [2024-02-25T18:39:15.827+0000] {dag.py:3823} INFO - Setting next_dagrun for example_branch_dop_operator_v3 to 2024-02-25 18:38:00+00:00, run_after=2024-02-25 18:39:00+00:00
[2024-02-25T18:39:15.849+0000] {processor.py:183} INFO - Processing /home/airflow/.local/lib/python3.8/site-packages/airflow/example_dags/example_branch_python_dop_operator_3.py took 0.087 seconds
[2024-02-25T18:39:46.334+0000] {processor.py:161} INFO - Started process (PID=9445) to work on /home/airflow/.local/lib/python3.8/site-packages/airflow/example_dags/example_branch_python_dop_operator_3.py
[2024-02-25T18:39:46.336+0000] {processor.py:830} INFO - Processing file /home/airflow/.local/lib/python3.8/site-packages/airflow/example_dags/example_branch_python_dop_operator_3.py for tasks to queue
[2024-02-25T18:39:46.337+0000] {logging_mixin.py:188} INFO - [2024-02-25T18:39:46.337+0000] {dagbag.py:538} INFO - Filling up the DagBag from /home/airflow/.local/lib/python3.8/site-packages/airflow/example_dags/example_branch_python_dop_operator_3.py
[2024-02-25T18:39:46.346+0000] {processor.py:840} INFO - DAG(s) 'example_branch_dop_operator_v3' retrieved from /home/airflow/.local/lib/python3.8/site-packages/airflow/example_dags/example_branch_python_dop_operator_3.py
[2024-02-25T18:39:46.368+0000] {logging_mixin.py:188} INFO - [2024-02-25T18:39:46.367+0000] {dag.py:3036} INFO - Sync 1 DAGs
[2024-02-25T18:39:46.393+0000] {logging_mixin.py:188} INFO - [2024-02-25T18:39:46.393+0000] {dag.py:3823} INFO - Setting next_dagrun for example_branch_dop_operator_v3 to 2024-02-25 18:38:00+00:00, run_after=2024-02-25 18:39:00+00:00
[2024-02-25T18:39:46.416+0000] {processor.py:183} INFO - Processing /home/airflow/.local/lib/python3.8/site-packages/airflow/example_dags/example_branch_python_dop_operator_3.py took 0.085 seconds
[2024-02-25T18:40:17.124+0000] {processor.py:161} INFO - Started process (PID=9508) to work on /home/airflow/.local/lib/python3.8/site-packages/airflow/example_dags/example_branch_python_dop_operator_3.py
[2024-02-25T18:40:17.125+0000] {processor.py:830} INFO - Processing file /home/airflow/.local/lib/python3.8/site-packages/airflow/example_dags/example_branch_python_dop_operator_3.py for tasks to queue
[2024-02-25T18:40:17.127+0000] {logging_mixin.py:188} INFO - [2024-02-25T18:40:17.126+0000] {dagbag.py:538} INFO - Filling up the DagBag from /home/airflow/.local/lib/python3.8/site-packages/airflow/example_dags/example_branch_python_dop_operator_3.py
[2024-02-25T18:40:17.135+0000] {processor.py:840} INFO - DAG(s) 'example_branch_dop_operator_v3' retrieved from /home/airflow/.local/lib/python3.8/site-packages/airflow/example_dags/example_branch_python_dop_operator_3.py
[2024-02-25T18:40:17.159+0000] {logging_mixin.py:188} INFO - [2024-02-25T18:40:17.158+0000] {dag.py:3036} INFO - Sync 1 DAGs
[2024-02-25T18:40:17.186+0000] {logging_mixin.py:188} INFO - [2024-02-25T18:40:17.186+0000] {dag.py:3823} INFO - Setting next_dagrun for example_branch_dop_operator_v3 to 2024-02-25 18:39:00+00:00, run_after=2024-02-25 18:40:00+00:00
[2024-02-25T18:40:17.209+0000] {processor.py:183} INFO - Processing /home/airflow/.local/lib/python3.8/site-packages/airflow/example_dags/example_branch_python_dop_operator_3.py took 0.089 seconds
[2024-02-25T20:59:50.217+0000] {processor.py:161} INFO - Started process (PID=9576) to work on /home/airflow/.local/lib/python3.8/site-packages/airflow/example_dags/example_branch_python_dop_operator_3.py
[2024-02-25T20:59:50.222+0000] {processor.py:830} INFO - Processing file /home/airflow/.local/lib/python3.8/site-packages/airflow/example_dags/example_branch_python_dop_operator_3.py for tasks to queue
[2024-02-25T20:59:50.234+0000] {logging_mixin.py:188} INFO - [2024-02-25T20:59:50.234+0000] {dagbag.py:538} INFO - Filling up the DagBag from /home/airflow/.local/lib/python3.8/site-packages/airflow/example_dags/example_branch_python_dop_operator_3.py
[2024-02-25T20:59:50.244+0000] {processor.py:840} INFO - DAG(s) 'example_branch_dop_operator_v3' retrieved from /home/airflow/.local/lib/python3.8/site-packages/airflow/example_dags/example_branch_python_dop_operator_3.py
[2024-02-25T20:59:50.275+0000] {logging_mixin.py:188} INFO - [2024-02-25T20:59:50.274+0000] {dag.py:3036} INFO - Sync 1 DAGs
[2024-02-25T20:59:50.477+0000] {logging_mixin.py:188} INFO - [2024-02-25T20:59:50.476+0000] {dag.py:3823} INFO - Setting next_dagrun for example_branch_dop_operator_v3 to 2024-02-25 20:58:00+00:00, run_after=2024-02-25 20:59:00+00:00
[2024-02-25T20:59:50.499+0000] {processor.py:183} INFO - Processing /home/airflow/.local/lib/python3.8/site-packages/airflow/example_dags/example_branch_python_dop_operator_3.py took 0.288 seconds
[2024-02-25T21:00:21.282+0000] {processor.py:161} INFO - Started process (PID=9647) to work on /home/airflow/.local/lib/python3.8/site-packages/airflow/example_dags/example_branch_python_dop_operator_3.py
[2024-02-25T21:00:21.283+0000] {processor.py:830} INFO - Processing file /home/airflow/.local/lib/python3.8/site-packages/airflow/example_dags/example_branch_python_dop_operator_3.py for tasks to queue
[2024-02-25T21:00:21.285+0000] {logging_mixin.py:188} INFO - [2024-02-25T21:00:21.284+0000] {dagbag.py:538} INFO - Filling up the DagBag from /home/airflow/.local/lib/python3.8/site-packages/airflow/example_dags/example_branch_python_dop_operator_3.py
[2024-02-25T21:00:21.294+0000] {processor.py:840} INFO - DAG(s) 'example_branch_dop_operator_v3' retrieved from /home/airflow/.local/lib/python3.8/site-packages/airflow/example_dags/example_branch_python_dop_operator_3.py
[2024-02-25T21:00:21.321+0000] {logging_mixin.py:188} INFO - [2024-02-25T21:00:21.321+0000] {dag.py:3036} INFO - Sync 1 DAGs
[2024-02-25T21:00:21.349+0000] {logging_mixin.py:188} INFO - [2024-02-25T21:00:21.349+0000] {dag.py:3823} INFO - Setting next_dagrun for example_branch_dop_operator_v3 to 2024-02-25 20:59:00+00:00, run_after=2024-02-25 21:00:00+00:00
[2024-02-25T21:00:21.376+0000] {processor.py:183} INFO - Processing /home/airflow/.local/lib/python3.8/site-packages/airflow/example_dags/example_branch_python_dop_operator_3.py took 0.098 seconds
[2024-02-25T21:00:51.564+0000] {processor.py:161} INFO - Started process (PID=9710) to work on /home/airflow/.local/lib/python3.8/site-packages/airflow/example_dags/example_branch_python_dop_operator_3.py
[2024-02-25T21:00:51.565+0000] {processor.py:830} INFO - Processing file /home/airflow/.local/lib/python3.8/site-packages/airflow/example_dags/example_branch_python_dop_operator_3.py for tasks to queue
[2024-02-25T21:00:51.566+0000] {logging_mixin.py:188} INFO - [2024-02-25T21:00:51.566+0000] {dagbag.py:538} INFO - Filling up the DagBag from /home/airflow/.local/lib/python3.8/site-packages/airflow/example_dags/example_branch_python_dop_operator_3.py
[2024-02-25T21:00:51.580+0000] {processor.py:840} INFO - DAG(s) 'example_branch_dop_operator_v3' retrieved from /home/airflow/.local/lib/python3.8/site-packages/airflow/example_dags/example_branch_python_dop_operator_3.py
[2024-02-25T21:00:51.606+0000] {logging_mixin.py:188} INFO - [2024-02-25T21:00:51.605+0000] {dag.py:3036} INFO - Sync 1 DAGs
[2024-02-25T21:00:51.636+0000] {logging_mixin.py:188} INFO - [2024-02-25T21:00:51.635+0000] {dag.py:3823} INFO - Setting next_dagrun for example_branch_dop_operator_v3 to 2024-02-25 20:59:00+00:00, run_after=2024-02-25 21:00:00+00:00
[2024-02-25T21:00:51.666+0000] {processor.py:183} INFO - Processing /home/airflow/.local/lib/python3.8/site-packages/airflow/example_dags/example_branch_python_dop_operator_3.py took 0.107 seconds
[2024-02-25T21:01:22.141+0000] {processor.py:161} INFO - Started process (PID=9773) to work on /home/airflow/.local/lib/python3.8/site-packages/airflow/example_dags/example_branch_python_dop_operator_3.py
[2024-02-25T21:01:22.142+0000] {processor.py:830} INFO - Processing file /home/airflow/.local/lib/python3.8/site-packages/airflow/example_dags/example_branch_python_dop_operator_3.py for tasks to queue
[2024-02-25T21:01:22.144+0000] {logging_mixin.py:188} INFO - [2024-02-25T21:01:22.143+0000] {dagbag.py:538} INFO - Filling up the DagBag from /home/airflow/.local/lib/python3.8/site-packages/airflow/example_dags/example_branch_python_dop_operator_3.py
[2024-02-25T21:01:22.152+0000] {processor.py:840} INFO - DAG(s) 'example_branch_dop_operator_v3' retrieved from /home/airflow/.local/lib/python3.8/site-packages/airflow/example_dags/example_branch_python_dop_operator_3.py
[2024-02-25T21:01:22.174+0000] {logging_mixin.py:188} INFO - [2024-02-25T21:01:22.173+0000] {dag.py:3036} INFO - Sync 1 DAGs
[2024-02-25T21:01:22.200+0000] {logging_mixin.py:188} INFO - [2024-02-25T21:01:22.199+0000] {dag.py:3823} INFO - Setting next_dagrun for example_branch_dop_operator_v3 to 2024-02-25 21:00:00+00:00, run_after=2024-02-25 21:01:00+00:00
[2024-02-25T21:01:22.225+0000] {processor.py:183} INFO - Processing /home/airflow/.local/lib/python3.8/site-packages/airflow/example_dags/example_branch_python_dop_operator_3.py took 0.089 seconds
[2024-02-25T21:01:52.625+0000] {processor.py:161} INFO - Started process (PID=9836) to work on /home/airflow/.local/lib/python3.8/site-packages/airflow/example_dags/example_branch_python_dop_operator_3.py
[2024-02-25T21:01:52.626+0000] {processor.py:830} INFO - Processing file /home/airflow/.local/lib/python3.8/site-packages/airflow/example_dags/example_branch_python_dop_operator_3.py for tasks to queue
[2024-02-25T21:01:52.627+0000] {logging_mixin.py:188} INFO - [2024-02-25T21:01:52.627+0000] {dagbag.py:538} INFO - Filling up the DagBag from /home/airflow/.local/lib/python3.8/site-packages/airflow/example_dags/example_branch_python_dop_operator_3.py
[2024-02-25T21:01:52.635+0000] {processor.py:840} INFO - DAG(s) 'example_branch_dop_operator_v3' retrieved from /home/airflow/.local/lib/python3.8/site-packages/airflow/example_dags/example_branch_python_dop_operator_3.py
[2024-02-25T21:01:52.657+0000] {logging_mixin.py:188} INFO - [2024-02-25T21:01:52.656+0000] {dag.py:3036} INFO - Sync 1 DAGs
[2024-02-25T21:01:52.682+0000] {logging_mixin.py:188} INFO - [2024-02-25T21:01:52.682+0000] {dag.py:3823} INFO - Setting next_dagrun for example_branch_dop_operator_v3 to 2024-02-25 21:00:00+00:00, run_after=2024-02-25 21:01:00+00:00
[2024-02-25T21:01:52.706+0000] {processor.py:183} INFO - Processing /home/airflow/.local/lib/python3.8/site-packages/airflow/example_dags/example_branch_python_dop_operator_3.py took 0.084 seconds
[2024-02-25T21:02:23.456+0000] {processor.py:161} INFO - Started process (PID=9899) to work on /home/airflow/.local/lib/python3.8/site-packages/airflow/example_dags/example_branch_python_dop_operator_3.py
[2024-02-25T21:02:23.457+0000] {processor.py:830} INFO - Processing file /home/airflow/.local/lib/python3.8/site-packages/airflow/example_dags/example_branch_python_dop_operator_3.py for tasks to queue
[2024-02-25T21:02:23.459+0000] {logging_mixin.py:188} INFO - [2024-02-25T21:02:23.458+0000] {dagbag.py:538} INFO - Filling up the DagBag from /home/airflow/.local/lib/python3.8/site-packages/airflow/example_dags/example_branch_python_dop_operator_3.py
[2024-02-25T21:02:23.468+0000] {processor.py:840} INFO - DAG(s) 'example_branch_dop_operator_v3' retrieved from /home/airflow/.local/lib/python3.8/site-packages/airflow/example_dags/example_branch_python_dop_operator_3.py
[2024-02-25T21:02:23.489+0000] {logging_mixin.py:188} INFO - [2024-02-25T21:02:23.489+0000] {dag.py:3036} INFO - Sync 1 DAGs
[2024-02-25T21:02:23.516+0000] {logging_mixin.py:188} INFO - [2024-02-25T21:02:23.515+0000] {dag.py:3823} INFO - Setting next_dagrun for example_branch_dop_operator_v3 to 2024-02-25 21:01:00+00:00, run_after=2024-02-25 21:02:00+00:00
[2024-02-25T21:02:23.539+0000] {processor.py:183} INFO - Processing /home/airflow/.local/lib/python3.8/site-packages/airflow/example_dags/example_branch_python_dop_operator_3.py took 0.087 seconds
[2024-02-25T21:02:54.317+0000] {processor.py:161} INFO - Started process (PID=9962) to work on /home/airflow/.local/lib/python3.8/site-packages/airflow/example_dags/example_branch_python_dop_operator_3.py
[2024-02-25T21:02:54.318+0000] {processor.py:830} INFO - Processing file /home/airflow/.local/lib/python3.8/site-packages/airflow/example_dags/example_branch_python_dop_operator_3.py for tasks to queue
[2024-02-25T21:02:54.319+0000] {logging_mixin.py:188} INFO - [2024-02-25T21:02:54.319+0000] {dagbag.py:538} INFO - Filling up the DagBag from /home/airflow/.local/lib/python3.8/site-packages/airflow/example_dags/example_branch_python_dop_operator_3.py
[2024-02-25T21:02:54.328+0000] {processor.py:840} INFO - DAG(s) 'example_branch_dop_operator_v3' retrieved from /home/airflow/.local/lib/python3.8/site-packages/airflow/example_dags/example_branch_python_dop_operator_3.py
[2024-02-25T21:02:54.350+0000] {logging_mixin.py:188} INFO - [2024-02-25T21:02:54.350+0000] {dag.py:3036} INFO - Sync 1 DAGs
[2024-02-25T21:02:54.376+0000] {logging_mixin.py:188} INFO - [2024-02-25T21:02:54.376+0000] {dag.py:3823} INFO - Setting next_dagrun for example_branch_dop_operator_v3 to 2024-02-25 21:01:00+00:00, run_after=2024-02-25 21:02:00+00:00
[2024-02-25T21:02:54.403+0000] {processor.py:183} INFO - Processing /home/airflow/.local/lib/python3.8/site-packages/airflow/example_dags/example_branch_python_dop_operator_3.py took 0.090 seconds
[2024-02-25T21:03:24.863+0000] {processor.py:161} INFO - Started process (PID=10025) to work on /home/airflow/.local/lib/python3.8/site-packages/airflow/example_dags/example_branch_python_dop_operator_3.py
[2024-02-25T21:03:24.864+0000] {processor.py:830} INFO - Processing file /home/airflow/.local/lib/python3.8/site-packages/airflow/example_dags/example_branch_python_dop_operator_3.py for tasks to queue
[2024-02-25T21:03:24.866+0000] {logging_mixin.py:188} INFO - [2024-02-25T21:03:24.865+0000] {dagbag.py:538} INFO - Filling up the DagBag from /home/airflow/.local/lib/python3.8/site-packages/airflow/example_dags/example_branch_python_dop_operator_3.py
[2024-02-25T21:03:24.875+0000] {processor.py:840} INFO - DAG(s) 'example_branch_dop_operator_v3' retrieved from /home/airflow/.local/lib/python3.8/site-packages/airflow/example_dags/example_branch_python_dop_operator_3.py
[2024-02-25T21:03:24.897+0000] {logging_mixin.py:188} INFO - [2024-02-25T21:03:24.897+0000] {dag.py:3036} INFO - Sync 1 DAGs
[2024-02-25T21:03:24.925+0000] {logging_mixin.py:188} INFO - [2024-02-25T21:03:24.925+0000] {dag.py:3823} INFO - Setting next_dagrun for example_branch_dop_operator_v3 to 2024-02-25 21:02:00+00:00, run_after=2024-02-25 21:03:00+00:00
[2024-02-25T21:03:24.949+0000] {processor.py:183} INFO - Processing /home/airflow/.local/lib/python3.8/site-packages/airflow/example_dags/example_branch_python_dop_operator_3.py took 0.090 seconds
[2024-02-25T21:03:55.453+0000] {processor.py:161} INFO - Started process (PID=10088) to work on /home/airflow/.local/lib/python3.8/site-packages/airflow/example_dags/example_branch_python_dop_operator_3.py
[2024-02-25T21:03:55.454+0000] {processor.py:830} INFO - Processing file /home/airflow/.local/lib/python3.8/site-packages/airflow/example_dags/example_branch_python_dop_operator_3.py for tasks to queue
[2024-02-25T21:03:55.456+0000] {logging_mixin.py:188} INFO - [2024-02-25T21:03:55.455+0000] {dagbag.py:538} INFO - Filling up the DagBag from /home/airflow/.local/lib/python3.8/site-packages/airflow/example_dags/example_branch_python_dop_operator_3.py
[2024-02-25T21:03:55.467+0000] {processor.py:840} INFO - DAG(s) 'example_branch_dop_operator_v3' retrieved from /home/airflow/.local/lib/python3.8/site-packages/airflow/example_dags/example_branch_python_dop_operator_3.py
[2024-02-25T21:03:55.490+0000] {logging_mixin.py:188} INFO - [2024-02-25T21:03:55.490+0000] {dag.py:3036} INFO - Sync 1 DAGs
[2024-02-25T21:03:55.517+0000] {logging_mixin.py:188} INFO - [2024-02-25T21:03:55.516+0000] {dag.py:3823} INFO - Setting next_dagrun for example_branch_dop_operator_v3 to 2024-02-25 21:02:00+00:00, run_after=2024-02-25 21:03:00+00:00
[2024-02-25T21:03:55.541+0000] {processor.py:183} INFO - Processing /home/airflow/.local/lib/python3.8/site-packages/airflow/example_dags/example_branch_python_dop_operator_3.py took 0.093 seconds
[2024-02-25T21:04:25.911+0000] {processor.py:161} INFO - Started process (PID=10151) to work on /home/airflow/.local/lib/python3.8/site-packages/airflow/example_dags/example_branch_python_dop_operator_3.py
[2024-02-25T21:04:25.912+0000] {processor.py:830} INFO - Processing file /home/airflow/.local/lib/python3.8/site-packages/airflow/example_dags/example_branch_python_dop_operator_3.py for tasks to queue
[2024-02-25T21:04:25.914+0000] {logging_mixin.py:188} INFO - [2024-02-25T21:04:25.913+0000] {dagbag.py:538} INFO - Filling up the DagBag from /home/airflow/.local/lib/python3.8/site-packages/airflow/example_dags/example_branch_python_dop_operator_3.py
[2024-02-25T21:04:25.922+0000] {processor.py:840} INFO - DAG(s) 'example_branch_dop_operator_v3' retrieved from /home/airflow/.local/lib/python3.8/site-packages/airflow/example_dags/example_branch_python_dop_operator_3.py
[2024-02-25T21:04:25.945+0000] {logging_mixin.py:188} INFO - [2024-02-25T21:04:25.945+0000] {dag.py:3036} INFO - Sync 1 DAGs
[2024-02-25T21:04:25.973+0000] {logging_mixin.py:188} INFO - [2024-02-25T21:04:25.972+0000] {dag.py:3823} INFO - Setting next_dagrun for example_branch_dop_operator_v3 to 2024-02-25 21:03:00+00:00, run_after=2024-02-25 21:04:00+00:00
[2024-02-25T21:04:25.998+0000] {processor.py:183} INFO - Processing /home/airflow/.local/lib/python3.8/site-packages/airflow/example_dags/example_branch_python_dop_operator_3.py took 0.090 seconds
[2024-02-25T21:04:56.504+0000] {processor.py:161} INFO - Started process (PID=10214) to work on /home/airflow/.local/lib/python3.8/site-packages/airflow/example_dags/example_branch_python_dop_operator_3.py
[2024-02-25T21:04:56.505+0000] {processor.py:830} INFO - Processing file /home/airflow/.local/lib/python3.8/site-packages/airflow/example_dags/example_branch_python_dop_operator_3.py for tasks to queue
[2024-02-25T21:04:56.506+0000] {logging_mixin.py:188} INFO - [2024-02-25T21:04:56.506+0000] {dagbag.py:538} INFO - Filling up the DagBag from /home/airflow/.local/lib/python3.8/site-packages/airflow/example_dags/example_branch_python_dop_operator_3.py
[2024-02-25T21:04:56.517+0000] {processor.py:840} INFO - DAG(s) 'example_branch_dop_operator_v3' retrieved from /home/airflow/.local/lib/python3.8/site-packages/airflow/example_dags/example_branch_python_dop_operator_3.py
[2024-02-25T21:04:56.540+0000] {logging_mixin.py:188} INFO - [2024-02-25T21:04:56.540+0000] {dag.py:3036} INFO - Sync 1 DAGs
[2024-02-25T21:04:56.567+0000] {logging_mixin.py:188} INFO - [2024-02-25T21:04:56.566+0000] {dag.py:3823} INFO - Setting next_dagrun for example_branch_dop_operator_v3 to 2024-02-25 21:03:00+00:00, run_after=2024-02-25 21:04:00+00:00
[2024-02-25T21:04:56.593+0000] {processor.py:183} INFO - Processing /home/airflow/.local/lib/python3.8/site-packages/airflow/example_dags/example_branch_python_dop_operator_3.py took 0.094 seconds
