[2024-02-25T00:03:59.809+0000] {processor.py:161} INFO - Started process (PID=5909) to work on /home/airflow/.local/lib/python3.8/site-packages/airflow/example_dags/example_python_operator.py
[2024-02-25T00:03:59.810+0000] {processor.py:830} INFO - Processing file /home/airflow/.local/lib/python3.8/site-packages/airflow/example_dags/example_python_operator.py for tasks to queue
[2024-02-25T00:03:59.811+0000] {logging_mixin.py:188} INFO - [2024-02-25T00:03:59.811+0000] {dagbag.py:538} INFO - Filling up the DagBag from /home/airflow/.local/lib/python3.8/site-packages/airflow/example_dags/example_python_operator.py
[2024-02-25T00:03:59.824+0000] {processor.py:840} INFO - DAG(s) 'example_python_operator' retrieved from /home/airflow/.local/lib/python3.8/site-packages/airflow/example_dags/example_python_operator.py
[2024-02-25T00:03:59.849+0000] {logging_mixin.py:188} INFO - [2024-02-25T00:03:59.849+0000] {dag.py:3036} INFO - Sync 1 DAGs
[2024-02-25T00:03:59.863+0000] {logging_mixin.py:188} INFO - [2024-02-25T00:03:59.863+0000] {dag.py:3823} INFO - Setting next_dagrun for example_python_operator to None, run_after=None
[2024-02-25T00:03:59.887+0000] {processor.py:183} INFO - Processing /home/airflow/.local/lib/python3.8/site-packages/airflow/example_dags/example_python_operator.py took 0.082 seconds
[2024-02-25T00:04:29.975+0000] {processor.py:161} INFO - Started process (PID=5976) to work on /home/airflow/.local/lib/python3.8/site-packages/airflow/example_dags/example_python_operator.py
[2024-02-25T00:04:29.977+0000] {processor.py:830} INFO - Processing file /home/airflow/.local/lib/python3.8/site-packages/airflow/example_dags/example_python_operator.py for tasks to queue
[2024-02-25T00:04:29.978+0000] {logging_mixin.py:188} INFO - [2024-02-25T00:04:29.977+0000] {dagbag.py:538} INFO - Filling up the DagBag from /home/airflow/.local/lib/python3.8/site-packages/airflow/example_dags/example_python_operator.py
[2024-02-25T00:04:29.991+0000] {processor.py:840} INFO - DAG(s) 'example_python_operator' retrieved from /home/airflow/.local/lib/python3.8/site-packages/airflow/example_dags/example_python_operator.py
[2024-02-25T00:04:30.016+0000] {logging_mixin.py:188} INFO - [2024-02-25T00:04:30.016+0000] {dag.py:3036} INFO - Sync 1 DAGs
[2024-02-25T00:04:30.030+0000] {logging_mixin.py:188} INFO - [2024-02-25T00:04:30.029+0000] {dag.py:3823} INFO - Setting next_dagrun for example_python_operator to None, run_after=None
[2024-02-25T00:04:30.053+0000] {processor.py:183} INFO - Processing /home/airflow/.local/lib/python3.8/site-packages/airflow/example_dags/example_python_operator.py took 0.081 seconds
[2024-02-25T00:05:00.594+0000] {processor.py:161} INFO - Started process (PID=6039) to work on /home/airflow/.local/lib/python3.8/site-packages/airflow/example_dags/example_python_operator.py
[2024-02-25T00:05:00.596+0000] {processor.py:830} INFO - Processing file /home/airflow/.local/lib/python3.8/site-packages/airflow/example_dags/example_python_operator.py for tasks to queue
[2024-02-25T00:05:00.597+0000] {logging_mixin.py:188} INFO - [2024-02-25T00:05:00.596+0000] {dagbag.py:538} INFO - Filling up the DagBag from /home/airflow/.local/lib/python3.8/site-packages/airflow/example_dags/example_python_operator.py
[2024-02-25T00:05:00.609+0000] {processor.py:840} INFO - DAG(s) 'example_python_operator' retrieved from /home/airflow/.local/lib/python3.8/site-packages/airflow/example_dags/example_python_operator.py
[2024-02-25T00:05:00.633+0000] {logging_mixin.py:188} INFO - [2024-02-25T00:05:00.633+0000] {dag.py:3036} INFO - Sync 1 DAGs
[2024-02-25T00:05:00.646+0000] {logging_mixin.py:188} INFO - [2024-02-25T00:05:00.645+0000] {dag.py:3823} INFO - Setting next_dagrun for example_python_operator to None, run_after=None
[2024-02-25T00:05:00.670+0000] {processor.py:183} INFO - Processing /home/airflow/.local/lib/python3.8/site-packages/airflow/example_dags/example_python_operator.py took 0.080 seconds
[2024-02-25T00:05:31.338+0000] {processor.py:161} INFO - Started process (PID=6103) to work on /home/airflow/.local/lib/python3.8/site-packages/airflow/example_dags/example_python_operator.py
[2024-02-25T00:05:31.339+0000] {processor.py:830} INFO - Processing file /home/airflow/.local/lib/python3.8/site-packages/airflow/example_dags/example_python_operator.py for tasks to queue
[2024-02-25T00:05:31.341+0000] {logging_mixin.py:188} INFO - [2024-02-25T00:05:31.340+0000] {dagbag.py:538} INFO - Filling up the DagBag from /home/airflow/.local/lib/python3.8/site-packages/airflow/example_dags/example_python_operator.py
[2024-02-25T00:05:31.354+0000] {processor.py:840} INFO - DAG(s) 'example_python_operator' retrieved from /home/airflow/.local/lib/python3.8/site-packages/airflow/example_dags/example_python_operator.py
[2024-02-25T00:05:31.386+0000] {logging_mixin.py:188} INFO - [2024-02-25T00:05:31.385+0000] {dag.py:3036} INFO - Sync 1 DAGs
[2024-02-25T00:05:31.400+0000] {logging_mixin.py:188} INFO - [2024-02-25T00:05:31.400+0000] {dag.py:3823} INFO - Setting next_dagrun for example_python_operator to None, run_after=None
[2024-02-25T00:05:31.424+0000] {processor.py:183} INFO - Processing /home/airflow/.local/lib/python3.8/site-packages/airflow/example_dags/example_python_operator.py took 0.091 seconds
[2024-02-25T00:06:02.085+0000] {processor.py:161} INFO - Started process (PID=6166) to work on /home/airflow/.local/lib/python3.8/site-packages/airflow/example_dags/example_python_operator.py
[2024-02-25T00:06:02.086+0000] {processor.py:830} INFO - Processing file /home/airflow/.local/lib/python3.8/site-packages/airflow/example_dags/example_python_operator.py for tasks to queue
[2024-02-25T00:06:02.088+0000] {logging_mixin.py:188} INFO - [2024-02-25T00:06:02.087+0000] {dagbag.py:538} INFO - Filling up the DagBag from /home/airflow/.local/lib/python3.8/site-packages/airflow/example_dags/example_python_operator.py
[2024-02-25T00:06:02.101+0000] {processor.py:840} INFO - DAG(s) 'example_python_operator' retrieved from /home/airflow/.local/lib/python3.8/site-packages/airflow/example_dags/example_python_operator.py
[2024-02-25T00:06:02.129+0000] {logging_mixin.py:188} INFO - [2024-02-25T00:06:02.129+0000] {dag.py:3036} INFO - Sync 1 DAGs
[2024-02-25T00:06:02.144+0000] {logging_mixin.py:188} INFO - [2024-02-25T00:06:02.144+0000] {dag.py:3823} INFO - Setting next_dagrun for example_python_operator to None, run_after=None
[2024-02-25T00:06:02.167+0000] {processor.py:183} INFO - Processing /home/airflow/.local/lib/python3.8/site-packages/airflow/example_dags/example_python_operator.py took 0.086 seconds
[2024-02-25T00:06:32.766+0000] {processor.py:161} INFO - Started process (PID=6230) to work on /home/airflow/.local/lib/python3.8/site-packages/airflow/example_dags/example_python_operator.py
[2024-02-25T00:06:32.767+0000] {processor.py:830} INFO - Processing file /home/airflow/.local/lib/python3.8/site-packages/airflow/example_dags/example_python_operator.py for tasks to queue
[2024-02-25T00:06:32.768+0000] {logging_mixin.py:188} INFO - [2024-02-25T00:06:32.768+0000] {dagbag.py:538} INFO - Filling up the DagBag from /home/airflow/.local/lib/python3.8/site-packages/airflow/example_dags/example_python_operator.py
[2024-02-25T00:06:32.781+0000] {processor.py:840} INFO - DAG(s) 'example_python_operator' retrieved from /home/airflow/.local/lib/python3.8/site-packages/airflow/example_dags/example_python_operator.py
[2024-02-25T00:06:32.807+0000] {logging_mixin.py:188} INFO - [2024-02-25T00:06:32.806+0000] {dag.py:3036} INFO - Sync 1 DAGs
[2024-02-25T00:06:32.822+0000] {logging_mixin.py:188} INFO - [2024-02-25T00:06:32.821+0000] {dag.py:3823} INFO - Setting next_dagrun for example_python_operator to None, run_after=None
[2024-02-25T00:06:32.853+0000] {processor.py:183} INFO - Processing /home/airflow/.local/lib/python3.8/site-packages/airflow/example_dags/example_python_operator.py took 0.092 seconds
[2024-02-25T00:07:03.699+0000] {processor.py:161} INFO - Started process (PID=6293) to work on /home/airflow/.local/lib/python3.8/site-packages/airflow/example_dags/example_python_operator.py
[2024-02-25T00:07:03.700+0000] {processor.py:830} INFO - Processing file /home/airflow/.local/lib/python3.8/site-packages/airflow/example_dags/example_python_operator.py for tasks to queue
[2024-02-25T00:07:03.701+0000] {logging_mixin.py:188} INFO - [2024-02-25T00:07:03.701+0000] {dagbag.py:538} INFO - Filling up the DagBag from /home/airflow/.local/lib/python3.8/site-packages/airflow/example_dags/example_python_operator.py
[2024-02-25T00:07:03.714+0000] {processor.py:840} INFO - DAG(s) 'example_python_operator' retrieved from /home/airflow/.local/lib/python3.8/site-packages/airflow/example_dags/example_python_operator.py
[2024-02-25T00:07:03.739+0000] {logging_mixin.py:188} INFO - [2024-02-25T00:07:03.738+0000] {dag.py:3036} INFO - Sync 1 DAGs
[2024-02-25T00:07:03.753+0000] {logging_mixin.py:188} INFO - [2024-02-25T00:07:03.753+0000] {dag.py:3823} INFO - Setting next_dagrun for example_python_operator to None, run_after=None
[2024-02-25T00:07:03.782+0000] {processor.py:183} INFO - Processing /home/airflow/.local/lib/python3.8/site-packages/airflow/example_dags/example_python_operator.py took 0.087 seconds
[2024-02-25T00:07:34.433+0000] {processor.py:161} INFO - Started process (PID=6356) to work on /home/airflow/.local/lib/python3.8/site-packages/airflow/example_dags/example_python_operator.py
[2024-02-25T00:07:34.434+0000] {processor.py:830} INFO - Processing file /home/airflow/.local/lib/python3.8/site-packages/airflow/example_dags/example_python_operator.py for tasks to queue
[2024-02-25T00:07:34.435+0000] {logging_mixin.py:188} INFO - [2024-02-25T00:07:34.435+0000] {dagbag.py:538} INFO - Filling up the DagBag from /home/airflow/.local/lib/python3.8/site-packages/airflow/example_dags/example_python_operator.py
[2024-02-25T00:07:34.448+0000] {processor.py:840} INFO - DAG(s) 'example_python_operator' retrieved from /home/airflow/.local/lib/python3.8/site-packages/airflow/example_dags/example_python_operator.py
[2024-02-25T00:07:34.472+0000] {logging_mixin.py:188} INFO - [2024-02-25T00:07:34.472+0000] {dag.py:3036} INFO - Sync 1 DAGs
[2024-02-25T00:07:34.489+0000] {logging_mixin.py:188} INFO - [2024-02-25T00:07:34.489+0000] {dag.py:3823} INFO - Setting next_dagrun for example_python_operator to None, run_after=None
[2024-02-25T00:07:34.513+0000] {processor.py:183} INFO - Processing /home/airflow/.local/lib/python3.8/site-packages/airflow/example_dags/example_python_operator.py took 0.084 seconds
[2024-02-25T00:08:05.541+0000] {processor.py:161} INFO - Started process (PID=6419) to work on /home/airflow/.local/lib/python3.8/site-packages/airflow/example_dags/example_python_operator.py
[2024-02-25T00:08:05.542+0000] {processor.py:830} INFO - Processing file /home/airflow/.local/lib/python3.8/site-packages/airflow/example_dags/example_python_operator.py for tasks to queue
[2024-02-25T00:08:05.544+0000] {logging_mixin.py:188} INFO - [2024-02-25T00:08:05.543+0000] {dagbag.py:538} INFO - Filling up the DagBag from /home/airflow/.local/lib/python3.8/site-packages/airflow/example_dags/example_python_operator.py
[2024-02-25T00:08:05.557+0000] {processor.py:840} INFO - DAG(s) 'example_python_operator' retrieved from /home/airflow/.local/lib/python3.8/site-packages/airflow/example_dags/example_python_operator.py
[2024-02-25T00:08:05.581+0000] {logging_mixin.py:188} INFO - [2024-02-25T00:08:05.581+0000] {dag.py:3036} INFO - Sync 1 DAGs
[2024-02-25T00:08:05.597+0000] {logging_mixin.py:188} INFO - [2024-02-25T00:08:05.596+0000] {dag.py:3823} INFO - Setting next_dagrun for example_python_operator to None, run_after=None
[2024-02-25T00:08:05.624+0000] {processor.py:183} INFO - Processing /home/airflow/.local/lib/python3.8/site-packages/airflow/example_dags/example_python_operator.py took 0.087 seconds
[2024-02-25T00:08:36.136+0000] {processor.py:161} INFO - Started process (PID=6482) to work on /home/airflow/.local/lib/python3.8/site-packages/airflow/example_dags/example_python_operator.py
[2024-02-25T00:08:36.137+0000] {processor.py:830} INFO - Processing file /home/airflow/.local/lib/python3.8/site-packages/airflow/example_dags/example_python_operator.py for tasks to queue
[2024-02-25T00:08:36.138+0000] {logging_mixin.py:188} INFO - [2024-02-25T00:08:36.138+0000] {dagbag.py:538} INFO - Filling up the DagBag from /home/airflow/.local/lib/python3.8/site-packages/airflow/example_dags/example_python_operator.py
[2024-02-25T00:08:36.151+0000] {processor.py:840} INFO - DAG(s) 'example_python_operator' retrieved from /home/airflow/.local/lib/python3.8/site-packages/airflow/example_dags/example_python_operator.py
[2024-02-25T00:08:36.176+0000] {logging_mixin.py:188} INFO - [2024-02-25T00:08:36.175+0000] {dag.py:3036} INFO - Sync 1 DAGs
[2024-02-25T00:08:36.192+0000] {logging_mixin.py:188} INFO - [2024-02-25T00:08:36.191+0000] {dag.py:3823} INFO - Setting next_dagrun for example_python_operator to None, run_after=None
[2024-02-25T00:08:36.216+0000] {processor.py:183} INFO - Processing /home/airflow/.local/lib/python3.8/site-packages/airflow/example_dags/example_python_operator.py took 0.084 seconds
[2024-02-25T00:09:07.275+0000] {processor.py:161} INFO - Started process (PID=6545) to work on /home/airflow/.local/lib/python3.8/site-packages/airflow/example_dags/example_python_operator.py
[2024-02-25T00:09:07.276+0000] {processor.py:830} INFO - Processing file /home/airflow/.local/lib/python3.8/site-packages/airflow/example_dags/example_python_operator.py for tasks to queue
[2024-02-25T00:09:07.277+0000] {logging_mixin.py:188} INFO - [2024-02-25T00:09:07.277+0000] {dagbag.py:538} INFO - Filling up the DagBag from /home/airflow/.local/lib/python3.8/site-packages/airflow/example_dags/example_python_operator.py
[2024-02-25T00:09:07.291+0000] {processor.py:840} INFO - DAG(s) 'example_python_operator' retrieved from /home/airflow/.local/lib/python3.8/site-packages/airflow/example_dags/example_python_operator.py
[2024-02-25T00:09:07.316+0000] {logging_mixin.py:188} INFO - [2024-02-25T00:09:07.316+0000] {dag.py:3036} INFO - Sync 1 DAGs
[2024-02-25T00:09:07.329+0000] {logging_mixin.py:188} INFO - [2024-02-25T00:09:07.329+0000] {dag.py:3823} INFO - Setting next_dagrun for example_python_operator to None, run_after=None
[2024-02-25T00:09:07.354+0000] {processor.py:183} INFO - Processing /home/airflow/.local/lib/python3.8/site-packages/airflow/example_dags/example_python_operator.py took 0.083 seconds
[2024-02-25T18:16:24.548+0000] {processor.py:161} INFO - Started process (PID=6608) to work on /home/airflow/.local/lib/python3.8/site-packages/airflow/example_dags/example_python_operator.py
[2024-02-25T18:16:24.550+0000] {processor.py:830} INFO - Processing file /home/airflow/.local/lib/python3.8/site-packages/airflow/example_dags/example_python_operator.py for tasks to queue
[2024-02-25T18:16:24.551+0000] {logging_mixin.py:188} INFO - [2024-02-25T18:16:24.551+0000] {dagbag.py:538} INFO - Filling up the DagBag from /home/airflow/.local/lib/python3.8/site-packages/airflow/example_dags/example_python_operator.py
[2024-02-25T18:16:24.566+0000] {processor.py:840} INFO - DAG(s) 'example_python_operator' retrieved from /home/airflow/.local/lib/python3.8/site-packages/airflow/example_dags/example_python_operator.py
[2024-02-25T18:16:24.594+0000] {logging_mixin.py:188} INFO - [2024-02-25T18:16:24.594+0000] {dag.py:3036} INFO - Sync 1 DAGs
[2024-02-25T18:16:24.608+0000] {logging_mixin.py:188} INFO - [2024-02-25T18:16:24.608+0000] {dag.py:3823} INFO - Setting next_dagrun for example_python_operator to None, run_after=None
[2024-02-25T18:16:24.631+0000] {processor.py:183} INFO - Processing /home/airflow/.local/lib/python3.8/site-packages/airflow/example_dags/example_python_operator.py took 0.090 seconds
[2024-02-25T18:16:54.949+0000] {processor.py:161} INFO - Started process (PID=6671) to work on /home/airflow/.local/lib/python3.8/site-packages/airflow/example_dags/example_python_operator.py
[2024-02-25T18:16:54.950+0000] {processor.py:830} INFO - Processing file /home/airflow/.local/lib/python3.8/site-packages/airflow/example_dags/example_python_operator.py for tasks to queue
[2024-02-25T18:16:54.951+0000] {logging_mixin.py:188} INFO - [2024-02-25T18:16:54.951+0000] {dagbag.py:538} INFO - Filling up the DagBag from /home/airflow/.local/lib/python3.8/site-packages/airflow/example_dags/example_python_operator.py
[2024-02-25T18:16:54.964+0000] {processor.py:840} INFO - DAG(s) 'example_python_operator' retrieved from /home/airflow/.local/lib/python3.8/site-packages/airflow/example_dags/example_python_operator.py
[2024-02-25T18:16:54.990+0000] {logging_mixin.py:188} INFO - [2024-02-25T18:16:54.990+0000] {dag.py:3036} INFO - Sync 1 DAGs
[2024-02-25T18:16:55.005+0000] {logging_mixin.py:188} INFO - [2024-02-25T18:16:55.005+0000] {dag.py:3823} INFO - Setting next_dagrun for example_python_operator to None, run_after=None
[2024-02-25T18:16:55.031+0000] {processor.py:183} INFO - Processing /home/airflow/.local/lib/python3.8/site-packages/airflow/example_dags/example_python_operator.py took 0.085 seconds
[2024-02-25T18:17:25.945+0000] {processor.py:161} INFO - Started process (PID=6734) to work on /home/airflow/.local/lib/python3.8/site-packages/airflow/example_dags/example_python_operator.py
[2024-02-25T18:17:25.946+0000] {processor.py:830} INFO - Processing file /home/airflow/.local/lib/python3.8/site-packages/airflow/example_dags/example_python_operator.py for tasks to queue
[2024-02-25T18:17:25.947+0000] {logging_mixin.py:188} INFO - [2024-02-25T18:17:25.947+0000] {dagbag.py:538} INFO - Filling up the DagBag from /home/airflow/.local/lib/python3.8/site-packages/airflow/example_dags/example_python_operator.py
[2024-02-25T18:17:25.964+0000] {processor.py:840} INFO - DAG(s) 'example_python_operator' retrieved from /home/airflow/.local/lib/python3.8/site-packages/airflow/example_dags/example_python_operator.py
[2024-02-25T18:17:26.029+0000] {logging_mixin.py:188} INFO - [2024-02-25T18:17:26.029+0000] {dag.py:3036} INFO - Sync 1 DAGs
[2024-02-25T18:17:26.053+0000] {logging_mixin.py:188} INFO - [2024-02-25T18:17:26.052+0000] {dag.py:3823} INFO - Setting next_dagrun for example_python_operator to None, run_after=None
[2024-02-25T18:17:26.125+0000] {processor.py:183} INFO - Processing /home/airflow/.local/lib/python3.8/site-packages/airflow/example_dags/example_python_operator.py took 0.184 seconds
[2024-02-25T18:17:56.742+0000] {processor.py:161} INFO - Started process (PID=6797) to work on /home/airflow/.local/lib/python3.8/site-packages/airflow/example_dags/example_python_operator.py
[2024-02-25T18:17:56.744+0000] {processor.py:830} INFO - Processing file /home/airflow/.local/lib/python3.8/site-packages/airflow/example_dags/example_python_operator.py for tasks to queue
[2024-02-25T18:17:56.745+0000] {logging_mixin.py:188} INFO - [2024-02-25T18:17:56.744+0000] {dagbag.py:538} INFO - Filling up the DagBag from /home/airflow/.local/lib/python3.8/site-packages/airflow/example_dags/example_python_operator.py
[2024-02-25T18:17:56.759+0000] {processor.py:840} INFO - DAG(s) 'example_python_operator' retrieved from /home/airflow/.local/lib/python3.8/site-packages/airflow/example_dags/example_python_operator.py
[2024-02-25T18:17:56.784+0000] {logging_mixin.py:188} INFO - [2024-02-25T18:17:56.784+0000] {dag.py:3036} INFO - Sync 1 DAGs
[2024-02-25T18:17:56.798+0000] {logging_mixin.py:188} INFO - [2024-02-25T18:17:56.797+0000] {dag.py:3823} INFO - Setting next_dagrun for example_python_operator to None, run_after=None
[2024-02-25T18:17:56.820+0000] {processor.py:183} INFO - Processing /home/airflow/.local/lib/python3.8/site-packages/airflow/example_dags/example_python_operator.py took 0.081 seconds
[2024-02-25T18:18:27.622+0000] {processor.py:161} INFO - Started process (PID=6867) to work on /home/airflow/.local/lib/python3.8/site-packages/airflow/example_dags/example_python_operator.py
[2024-02-25T18:18:27.623+0000] {processor.py:830} INFO - Processing file /home/airflow/.local/lib/python3.8/site-packages/airflow/example_dags/example_python_operator.py for tasks to queue
[2024-02-25T18:18:27.625+0000] {logging_mixin.py:188} INFO - [2024-02-25T18:18:27.624+0000] {dagbag.py:538} INFO - Filling up the DagBag from /home/airflow/.local/lib/python3.8/site-packages/airflow/example_dags/example_python_operator.py
[2024-02-25T18:18:27.639+0000] {processor.py:840} INFO - DAG(s) 'example_python_operator' retrieved from /home/airflow/.local/lib/python3.8/site-packages/airflow/example_dags/example_python_operator.py
[2024-02-25T18:18:27.666+0000] {logging_mixin.py:188} INFO - [2024-02-25T18:18:27.665+0000] {dag.py:3036} INFO - Sync 1 DAGs
[2024-02-25T18:18:27.679+0000] {logging_mixin.py:188} INFO - [2024-02-25T18:18:27.679+0000] {dag.py:3823} INFO - Setting next_dagrun for example_python_operator to None, run_after=None
[2024-02-25T18:18:27.701+0000] {processor.py:183} INFO - Processing /home/airflow/.local/lib/python3.8/site-packages/airflow/example_dags/example_python_operator.py took 0.083 seconds
[2024-02-25T18:18:58.656+0000] {processor.py:161} INFO - Started process (PID=6930) to work on /home/airflow/.local/lib/python3.8/site-packages/airflow/example_dags/example_python_operator.py
[2024-02-25T18:18:58.657+0000] {processor.py:830} INFO - Processing file /home/airflow/.local/lib/python3.8/site-packages/airflow/example_dags/example_python_operator.py for tasks to queue
[2024-02-25T18:18:58.658+0000] {logging_mixin.py:188} INFO - [2024-02-25T18:18:58.658+0000] {dagbag.py:538} INFO - Filling up the DagBag from /home/airflow/.local/lib/python3.8/site-packages/airflow/example_dags/example_python_operator.py
[2024-02-25T18:18:58.671+0000] {processor.py:840} INFO - DAG(s) 'example_python_operator' retrieved from /home/airflow/.local/lib/python3.8/site-packages/airflow/example_dags/example_python_operator.py
[2024-02-25T18:18:58.696+0000] {logging_mixin.py:188} INFO - [2024-02-25T18:18:58.695+0000] {dag.py:3036} INFO - Sync 1 DAGs
[2024-02-25T18:18:58.709+0000] {logging_mixin.py:188} INFO - [2024-02-25T18:18:58.709+0000] {dag.py:3823} INFO - Setting next_dagrun for example_python_operator to None, run_after=None
[2024-02-25T18:18:58.731+0000] {processor.py:183} INFO - Processing /home/airflow/.local/lib/python3.8/site-packages/airflow/example_dags/example_python_operator.py took 0.079 seconds
[2024-02-25T18:19:29.539+0000] {processor.py:161} INFO - Started process (PID=6992) to work on /home/airflow/.local/lib/python3.8/site-packages/airflow/example_dags/example_python_operator.py
[2024-02-25T18:19:29.545+0000] {processor.py:830} INFO - Processing file /home/airflow/.local/lib/python3.8/site-packages/airflow/example_dags/example_python_operator.py for tasks to queue
[2024-02-25T18:19:29.547+0000] {logging_mixin.py:188} INFO - [2024-02-25T18:19:29.546+0000] {dagbag.py:538} INFO - Filling up the DagBag from /home/airflow/.local/lib/python3.8/site-packages/airflow/example_dags/example_python_operator.py
[2024-02-25T18:19:29.574+0000] {processor.py:840} INFO - DAG(s) 'example_python_operator' retrieved from /home/airflow/.local/lib/python3.8/site-packages/airflow/example_dags/example_python_operator.py
[2024-02-25T18:19:29.614+0000] {logging_mixin.py:188} INFO - [2024-02-25T18:19:29.614+0000] {dag.py:3036} INFO - Sync 1 DAGs
[2024-02-25T18:19:29.632+0000] {logging_mixin.py:188} INFO - [2024-02-25T18:19:29.631+0000] {dag.py:3823} INFO - Setting next_dagrun for example_python_operator to None, run_after=None
[2024-02-25T18:19:29.710+0000] {processor.py:183} INFO - Processing /home/airflow/.local/lib/python3.8/site-packages/airflow/example_dags/example_python_operator.py took 0.176 seconds
[2024-02-25T18:20:00.627+0000] {processor.py:161} INFO - Started process (PID=7055) to work on /home/airflow/.local/lib/python3.8/site-packages/airflow/example_dags/example_python_operator.py
[2024-02-25T18:20:00.628+0000] {processor.py:830} INFO - Processing file /home/airflow/.local/lib/python3.8/site-packages/airflow/example_dags/example_python_operator.py for tasks to queue
[2024-02-25T18:20:00.629+0000] {logging_mixin.py:188} INFO - [2024-02-25T18:20:00.629+0000] {dagbag.py:538} INFO - Filling up the DagBag from /home/airflow/.local/lib/python3.8/site-packages/airflow/example_dags/example_python_operator.py
[2024-02-25T18:20:00.644+0000] {processor.py:840} INFO - DAG(s) 'example_python_operator' retrieved from /home/airflow/.local/lib/python3.8/site-packages/airflow/example_dags/example_python_operator.py
[2024-02-25T18:20:00.675+0000] {logging_mixin.py:188} INFO - [2024-02-25T18:20:00.674+0000] {dag.py:3036} INFO - Sync 1 DAGs
[2024-02-25T18:20:00.690+0000] {logging_mixin.py:188} INFO - [2024-02-25T18:20:00.689+0000] {dag.py:3823} INFO - Setting next_dagrun for example_python_operator to None, run_after=None
[2024-02-25T18:20:00.717+0000] {processor.py:183} INFO - Processing /home/airflow/.local/lib/python3.8/site-packages/airflow/example_dags/example_python_operator.py took 0.094 seconds
[2024-02-25T18:20:31.462+0000] {processor.py:161} INFO - Started process (PID=7118) to work on /home/airflow/.local/lib/python3.8/site-packages/airflow/example_dags/example_python_operator.py
[2024-02-25T18:20:31.467+0000] {processor.py:830} INFO - Processing file /home/airflow/.local/lib/python3.8/site-packages/airflow/example_dags/example_python_operator.py for tasks to queue
[2024-02-25T18:20:31.469+0000] {logging_mixin.py:188} INFO - [2024-02-25T18:20:31.468+0000] {dagbag.py:538} INFO - Filling up the DagBag from /home/airflow/.local/lib/python3.8/site-packages/airflow/example_dags/example_python_operator.py
[2024-02-25T18:20:31.485+0000] {processor.py:840} INFO - DAG(s) 'example_python_operator' retrieved from /home/airflow/.local/lib/python3.8/site-packages/airflow/example_dags/example_python_operator.py
[2024-02-25T18:20:31.526+0000] {logging_mixin.py:188} INFO - [2024-02-25T18:20:31.526+0000] {dag.py:3036} INFO - Sync 1 DAGs
[2024-02-25T18:20:31.551+0000] {logging_mixin.py:188} INFO - [2024-02-25T18:20:31.551+0000] {dag.py:3823} INFO - Setting next_dagrun for example_python_operator to None, run_after=None
[2024-02-25T18:20:31.584+0000] {processor.py:183} INFO - Processing /home/airflow/.local/lib/python3.8/site-packages/airflow/example_dags/example_python_operator.py took 0.125 seconds
[2024-02-25T18:21:01.771+0000] {processor.py:161} INFO - Started process (PID=7181) to work on /home/airflow/.local/lib/python3.8/site-packages/airflow/example_dags/example_python_operator.py
[2024-02-25T18:21:01.772+0000] {processor.py:830} INFO - Processing file /home/airflow/.local/lib/python3.8/site-packages/airflow/example_dags/example_python_operator.py for tasks to queue
[2024-02-25T18:21:01.773+0000] {logging_mixin.py:188} INFO - [2024-02-25T18:21:01.773+0000] {dagbag.py:538} INFO - Filling up the DagBag from /home/airflow/.local/lib/python3.8/site-packages/airflow/example_dags/example_python_operator.py
[2024-02-25T18:21:01.785+0000] {processor.py:840} INFO - DAG(s) 'example_python_operator' retrieved from /home/airflow/.local/lib/python3.8/site-packages/airflow/example_dags/example_python_operator.py
[2024-02-25T18:21:01.809+0000] {logging_mixin.py:188} INFO - [2024-02-25T18:21:01.809+0000] {dag.py:3036} INFO - Sync 1 DAGs
[2024-02-25T18:21:01.823+0000] {logging_mixin.py:188} INFO - [2024-02-25T18:21:01.822+0000] {dag.py:3823} INFO - Setting next_dagrun for example_python_operator to None, run_after=None
[2024-02-25T18:21:01.846+0000] {processor.py:183} INFO - Processing /home/airflow/.local/lib/python3.8/site-packages/airflow/example_dags/example_python_operator.py took 0.078 seconds
[2024-02-25T18:21:32.460+0000] {processor.py:161} INFO - Started process (PID=7245) to work on /home/airflow/.local/lib/python3.8/site-packages/airflow/example_dags/example_python_operator.py
[2024-02-25T18:21:32.461+0000] {processor.py:830} INFO - Processing file /home/airflow/.local/lib/python3.8/site-packages/airflow/example_dags/example_python_operator.py for tasks to queue
[2024-02-25T18:21:32.463+0000] {logging_mixin.py:188} INFO - [2024-02-25T18:21:32.462+0000] {dagbag.py:538} INFO - Filling up the DagBag from /home/airflow/.local/lib/python3.8/site-packages/airflow/example_dags/example_python_operator.py
[2024-02-25T18:21:32.475+0000] {processor.py:840} INFO - DAG(s) 'example_python_operator' retrieved from /home/airflow/.local/lib/python3.8/site-packages/airflow/example_dags/example_python_operator.py
[2024-02-25T18:21:32.499+0000] {logging_mixin.py:188} INFO - [2024-02-25T18:21:32.498+0000] {dag.py:3036} INFO - Sync 1 DAGs
[2024-02-25T18:21:32.512+0000] {logging_mixin.py:188} INFO - [2024-02-25T18:21:32.512+0000] {dag.py:3823} INFO - Setting next_dagrun for example_python_operator to None, run_after=None
[2024-02-25T18:21:32.539+0000] {processor.py:183} INFO - Processing /home/airflow/.local/lib/python3.8/site-packages/airflow/example_dags/example_python_operator.py took 0.083 seconds
[2024-02-25T18:22:02.807+0000] {processor.py:161} INFO - Started process (PID=7308) to work on /home/airflow/.local/lib/python3.8/site-packages/airflow/example_dags/example_python_operator.py
[2024-02-25T18:22:02.808+0000] {processor.py:830} INFO - Processing file /home/airflow/.local/lib/python3.8/site-packages/airflow/example_dags/example_python_operator.py for tasks to queue
[2024-02-25T18:22:02.809+0000] {logging_mixin.py:188} INFO - [2024-02-25T18:22:02.809+0000] {dagbag.py:538} INFO - Filling up the DagBag from /home/airflow/.local/lib/python3.8/site-packages/airflow/example_dags/example_python_operator.py
[2024-02-25T18:22:02.821+0000] {processor.py:840} INFO - DAG(s) 'example_python_operator' retrieved from /home/airflow/.local/lib/python3.8/site-packages/airflow/example_dags/example_python_operator.py
[2024-02-25T18:22:02.844+0000] {logging_mixin.py:188} INFO - [2024-02-25T18:22:02.844+0000] {dag.py:3036} INFO - Sync 1 DAGs
[2024-02-25T18:22:02.857+0000] {logging_mixin.py:188} INFO - [2024-02-25T18:22:02.857+0000] {dag.py:3823} INFO - Setting next_dagrun for example_python_operator to None, run_after=None
[2024-02-25T18:22:02.878+0000] {processor.py:183} INFO - Processing /home/airflow/.local/lib/python3.8/site-packages/airflow/example_dags/example_python_operator.py took 0.075 seconds
[2024-02-25T18:22:33.040+0000] {processor.py:161} INFO - Started process (PID=7371) to work on /home/airflow/.local/lib/python3.8/site-packages/airflow/example_dags/example_python_operator.py
[2024-02-25T18:22:33.041+0000] {processor.py:830} INFO - Processing file /home/airflow/.local/lib/python3.8/site-packages/airflow/example_dags/example_python_operator.py for tasks to queue
[2024-02-25T18:22:33.042+0000] {logging_mixin.py:188} INFO - [2024-02-25T18:22:33.042+0000] {dagbag.py:538} INFO - Filling up the DagBag from /home/airflow/.local/lib/python3.8/site-packages/airflow/example_dags/example_python_operator.py
[2024-02-25T18:22:33.055+0000] {processor.py:840} INFO - DAG(s) 'example_python_operator' retrieved from /home/airflow/.local/lib/python3.8/site-packages/airflow/example_dags/example_python_operator.py
[2024-02-25T18:22:33.082+0000] {logging_mixin.py:188} INFO - [2024-02-25T18:22:33.082+0000] {dag.py:3036} INFO - Sync 1 DAGs
[2024-02-25T18:22:33.097+0000] {logging_mixin.py:188} INFO - [2024-02-25T18:22:33.097+0000] {dag.py:3823} INFO - Setting next_dagrun for example_python_operator to None, run_after=None
[2024-02-25T18:22:33.121+0000] {processor.py:183} INFO - Processing /home/airflow/.local/lib/python3.8/site-packages/airflow/example_dags/example_python_operator.py took 0.086 seconds
[2024-02-25T18:23:03.566+0000] {processor.py:161} INFO - Started process (PID=7434) to work on /home/airflow/.local/lib/python3.8/site-packages/airflow/example_dags/example_python_operator.py
[2024-02-25T18:23:03.567+0000] {processor.py:830} INFO - Processing file /home/airflow/.local/lib/python3.8/site-packages/airflow/example_dags/example_python_operator.py for tasks to queue
[2024-02-25T18:23:03.568+0000] {logging_mixin.py:188} INFO - [2024-02-25T18:23:03.568+0000] {dagbag.py:538} INFO - Filling up the DagBag from /home/airflow/.local/lib/python3.8/site-packages/airflow/example_dags/example_python_operator.py
[2024-02-25T18:23:03.581+0000] {processor.py:840} INFO - DAG(s) 'example_python_operator' retrieved from /home/airflow/.local/lib/python3.8/site-packages/airflow/example_dags/example_python_operator.py
[2024-02-25T18:23:03.608+0000] {logging_mixin.py:188} INFO - [2024-02-25T18:23:03.607+0000] {dag.py:3036} INFO - Sync 1 DAGs
[2024-02-25T18:23:03.622+0000] {logging_mixin.py:188} INFO - [2024-02-25T18:23:03.622+0000] {dag.py:3823} INFO - Setting next_dagrun for example_python_operator to None, run_after=None
[2024-02-25T18:23:03.648+0000] {processor.py:183} INFO - Processing /home/airflow/.local/lib/python3.8/site-packages/airflow/example_dags/example_python_operator.py took 0.086 seconds
[2024-02-25T18:23:55.074+0000] {processor.py:161} INFO - Started process (PID=7497) to work on /home/airflow/.local/lib/python3.8/site-packages/airflow/example_dags/example_python_operator.py
[2024-02-25T18:23:55.075+0000] {processor.py:830} INFO - Processing file /home/airflow/.local/lib/python3.8/site-packages/airflow/example_dags/example_python_operator.py for tasks to queue
[2024-02-25T18:23:55.076+0000] {logging_mixin.py:188} INFO - [2024-02-25T18:23:55.076+0000] {dagbag.py:538} INFO - Filling up the DagBag from /home/airflow/.local/lib/python3.8/site-packages/airflow/example_dags/example_python_operator.py
[2024-02-25T18:23:55.090+0000] {processor.py:840} INFO - DAG(s) 'example_python_operator' retrieved from /home/airflow/.local/lib/python3.8/site-packages/airflow/example_dags/example_python_operator.py
[2024-02-25T18:23:55.118+0000] {logging_mixin.py:188} INFO - [2024-02-25T18:23:55.118+0000] {dag.py:3036} INFO - Sync 1 DAGs
[2024-02-25T18:23:55.133+0000] {logging_mixin.py:188} INFO - [2024-02-25T18:23:55.133+0000] {dag.py:3823} INFO - Setting next_dagrun for example_python_operator to None, run_after=None
[2024-02-25T18:23:55.191+0000] {processor.py:183} INFO - Processing /home/airflow/.local/lib/python3.8/site-packages/airflow/example_dags/example_python_operator.py took 0.121 seconds
[2024-02-25T18:24:25.965+0000] {processor.py:161} INFO - Started process (PID=7560) to work on /home/airflow/.local/lib/python3.8/site-packages/airflow/example_dags/example_python_operator.py
[2024-02-25T18:24:25.966+0000] {processor.py:830} INFO - Processing file /home/airflow/.local/lib/python3.8/site-packages/airflow/example_dags/example_python_operator.py for tasks to queue
[2024-02-25T18:24:25.968+0000] {logging_mixin.py:188} INFO - [2024-02-25T18:24:25.967+0000] {dagbag.py:538} INFO - Filling up the DagBag from /home/airflow/.local/lib/python3.8/site-packages/airflow/example_dags/example_python_operator.py
[2024-02-25T18:24:25.982+0000] {processor.py:840} INFO - DAG(s) 'example_python_operator' retrieved from /home/airflow/.local/lib/python3.8/site-packages/airflow/example_dags/example_python_operator.py
[2024-02-25T18:24:26.013+0000] {logging_mixin.py:188} INFO - [2024-02-25T18:24:26.013+0000] {dag.py:3036} INFO - Sync 1 DAGs
[2024-02-25T18:24:26.027+0000] {logging_mixin.py:188} INFO - [2024-02-25T18:24:26.027+0000] {dag.py:3823} INFO - Setting next_dagrun for example_python_operator to None, run_after=None
[2024-02-25T18:24:26.050+0000] {processor.py:183} INFO - Processing /home/airflow/.local/lib/python3.8/site-packages/airflow/example_dags/example_python_operator.py took 0.089 seconds
[2024-02-25T18:24:56.972+0000] {processor.py:161} INFO - Started process (PID=7623) to work on /home/airflow/.local/lib/python3.8/site-packages/airflow/example_dags/example_python_operator.py
[2024-02-25T18:24:56.973+0000] {processor.py:830} INFO - Processing file /home/airflow/.local/lib/python3.8/site-packages/airflow/example_dags/example_python_operator.py for tasks to queue
[2024-02-25T18:24:56.974+0000] {logging_mixin.py:188} INFO - [2024-02-25T18:24:56.974+0000] {dagbag.py:538} INFO - Filling up the DagBag from /home/airflow/.local/lib/python3.8/site-packages/airflow/example_dags/example_python_operator.py
[2024-02-25T18:24:56.988+0000] {processor.py:840} INFO - DAG(s) 'example_python_operator' retrieved from /home/airflow/.local/lib/python3.8/site-packages/airflow/example_dags/example_python_operator.py
[2024-02-25T18:24:57.021+0000] {logging_mixin.py:188} INFO - [2024-02-25T18:24:57.019+0000] {dag.py:3036} INFO - Sync 1 DAGs
[2024-02-25T18:24:57.034+0000] {logging_mixin.py:188} INFO - [2024-02-25T18:24:57.034+0000] {dag.py:3823} INFO - Setting next_dagrun for example_python_operator to None, run_after=None
[2024-02-25T18:24:57.058+0000] {processor.py:183} INFO - Processing /home/airflow/.local/lib/python3.8/site-packages/airflow/example_dags/example_python_operator.py took 0.090 seconds
[2024-02-25T18:25:27.976+0000] {processor.py:161} INFO - Started process (PID=7686) to work on /home/airflow/.local/lib/python3.8/site-packages/airflow/example_dags/example_python_operator.py
[2024-02-25T18:25:27.978+0000] {processor.py:830} INFO - Processing file /home/airflow/.local/lib/python3.8/site-packages/airflow/example_dags/example_python_operator.py for tasks to queue
[2024-02-25T18:25:27.979+0000] {logging_mixin.py:188} INFO - [2024-02-25T18:25:27.979+0000] {dagbag.py:538} INFO - Filling up the DagBag from /home/airflow/.local/lib/python3.8/site-packages/airflow/example_dags/example_python_operator.py
[2024-02-25T18:25:27.993+0000] {processor.py:840} INFO - DAG(s) 'example_python_operator' retrieved from /home/airflow/.local/lib/python3.8/site-packages/airflow/example_dags/example_python_operator.py
[2024-02-25T18:25:28.022+0000] {logging_mixin.py:188} INFO - [2024-02-25T18:25:28.021+0000] {dag.py:3036} INFO - Sync 1 DAGs
[2024-02-25T18:25:28.037+0000] {logging_mixin.py:188} INFO - [2024-02-25T18:25:28.037+0000] {dag.py:3823} INFO - Setting next_dagrun for example_python_operator to None, run_after=None
[2024-02-25T18:25:28.063+0000] {processor.py:183} INFO - Processing /home/airflow/.local/lib/python3.8/site-packages/airflow/example_dags/example_python_operator.py took 0.091 seconds
[2024-02-25T18:25:58.604+0000] {processor.py:161} INFO - Started process (PID=7749) to work on /home/airflow/.local/lib/python3.8/site-packages/airflow/example_dags/example_python_operator.py
[2024-02-25T18:25:58.606+0000] {processor.py:830} INFO - Processing file /home/airflow/.local/lib/python3.8/site-packages/airflow/example_dags/example_python_operator.py for tasks to queue
[2024-02-25T18:25:58.607+0000] {logging_mixin.py:188} INFO - [2024-02-25T18:25:58.607+0000] {dagbag.py:538} INFO - Filling up the DagBag from /home/airflow/.local/lib/python3.8/site-packages/airflow/example_dags/example_python_operator.py
[2024-02-25T18:25:58.620+0000] {processor.py:840} INFO - DAG(s) 'example_python_operator' retrieved from /home/airflow/.local/lib/python3.8/site-packages/airflow/example_dags/example_python_operator.py
[2024-02-25T18:25:58.645+0000] {logging_mixin.py:188} INFO - [2024-02-25T18:25:58.644+0000] {dag.py:3036} INFO - Sync 1 DAGs
[2024-02-25T18:25:58.660+0000] {logging_mixin.py:188} INFO - [2024-02-25T18:25:58.660+0000] {dag.py:3823} INFO - Setting next_dagrun for example_python_operator to None, run_after=None
[2024-02-25T18:25:58.685+0000] {processor.py:183} INFO - Processing /home/airflow/.local/lib/python3.8/site-packages/airflow/example_dags/example_python_operator.py took 0.085 seconds
[2024-02-25T18:26:29.372+0000] {processor.py:161} INFO - Started process (PID=7812) to work on /home/airflow/.local/lib/python3.8/site-packages/airflow/example_dags/example_python_operator.py
[2024-02-25T18:26:29.374+0000] {processor.py:830} INFO - Processing file /home/airflow/.local/lib/python3.8/site-packages/airflow/example_dags/example_python_operator.py for tasks to queue
[2024-02-25T18:26:29.375+0000] {logging_mixin.py:188} INFO - [2024-02-25T18:26:29.374+0000] {dagbag.py:538} INFO - Filling up the DagBag from /home/airflow/.local/lib/python3.8/site-packages/airflow/example_dags/example_python_operator.py
[2024-02-25T18:26:29.387+0000] {processor.py:840} INFO - DAG(s) 'example_python_operator' retrieved from /home/airflow/.local/lib/python3.8/site-packages/airflow/example_dags/example_python_operator.py
[2024-02-25T18:26:29.413+0000] {logging_mixin.py:188} INFO - [2024-02-25T18:26:29.413+0000] {dag.py:3036} INFO - Sync 1 DAGs
[2024-02-25T18:26:29.428+0000] {logging_mixin.py:188} INFO - [2024-02-25T18:26:29.428+0000] {dag.py:3823} INFO - Setting next_dagrun for example_python_operator to None, run_after=None
[2024-02-25T18:26:29.451+0000] {processor.py:183} INFO - Processing /home/airflow/.local/lib/python3.8/site-packages/airflow/example_dags/example_python_operator.py took 0.083 seconds
[2024-02-25T18:27:01.048+0000] {processor.py:161} INFO - Started process (PID=7876) to work on /home/airflow/.local/lib/python3.8/site-packages/airflow/example_dags/example_python_operator.py
[2024-02-25T18:27:01.050+0000] {processor.py:830} INFO - Processing file /home/airflow/.local/lib/python3.8/site-packages/airflow/example_dags/example_python_operator.py for tasks to queue
[2024-02-25T18:27:01.051+0000] {logging_mixin.py:188} INFO - [2024-02-25T18:27:01.051+0000] {dagbag.py:538} INFO - Filling up the DagBag from /home/airflow/.local/lib/python3.8/site-packages/airflow/example_dags/example_python_operator.py
[2024-02-25T18:27:01.073+0000] {processor.py:840} INFO - DAG(s) 'example_python_operator' retrieved from /home/airflow/.local/lib/python3.8/site-packages/airflow/example_dags/example_python_operator.py
[2024-02-25T18:27:01.110+0000] {logging_mixin.py:188} INFO - [2024-02-25T18:27:01.110+0000] {dag.py:3036} INFO - Sync 1 DAGs
[2024-02-25T18:27:01.126+0000] {logging_mixin.py:188} INFO - [2024-02-25T18:27:01.126+0000] {dag.py:3823} INFO - Setting next_dagrun for example_python_operator to None, run_after=None
[2024-02-25T18:27:01.153+0000] {processor.py:183} INFO - Processing /home/airflow/.local/lib/python3.8/site-packages/airflow/example_dags/example_python_operator.py took 0.109 seconds
[2024-02-25T18:27:31.761+0000] {processor.py:161} INFO - Started process (PID=7940) to work on /home/airflow/.local/lib/python3.8/site-packages/airflow/example_dags/example_python_operator.py
[2024-02-25T18:27:31.762+0000] {processor.py:830} INFO - Processing file /home/airflow/.local/lib/python3.8/site-packages/airflow/example_dags/example_python_operator.py for tasks to queue
[2024-02-25T18:27:31.763+0000] {logging_mixin.py:188} INFO - [2024-02-25T18:27:31.763+0000] {dagbag.py:538} INFO - Filling up the DagBag from /home/airflow/.local/lib/python3.8/site-packages/airflow/example_dags/example_python_operator.py
[2024-02-25T18:27:31.776+0000] {processor.py:840} INFO - DAG(s) 'example_python_operator' retrieved from /home/airflow/.local/lib/python3.8/site-packages/airflow/example_dags/example_python_operator.py
[2024-02-25T18:27:31.802+0000] {logging_mixin.py:188} INFO - [2024-02-25T18:27:31.801+0000] {dag.py:3036} INFO - Sync 1 DAGs
[2024-02-25T18:27:31.817+0000] {logging_mixin.py:188} INFO - [2024-02-25T18:27:31.817+0000] {dag.py:3823} INFO - Setting next_dagrun for example_python_operator to None, run_after=None
[2024-02-25T18:27:31.845+0000] {processor.py:183} INFO - Processing /home/airflow/.local/lib/python3.8/site-packages/airflow/example_dags/example_python_operator.py took 0.089 seconds
[2024-02-25T18:28:03.274+0000] {processor.py:161} INFO - Started process (PID=8003) to work on /home/airflow/.local/lib/python3.8/site-packages/airflow/example_dags/example_python_operator.py
[2024-02-25T18:28:03.275+0000] {processor.py:830} INFO - Processing file /home/airflow/.local/lib/python3.8/site-packages/airflow/example_dags/example_python_operator.py for tasks to queue
[2024-02-25T18:28:03.277+0000] {logging_mixin.py:188} INFO - [2024-02-25T18:28:03.276+0000] {dagbag.py:538} INFO - Filling up the DagBag from /home/airflow/.local/lib/python3.8/site-packages/airflow/example_dags/example_python_operator.py
[2024-02-25T18:28:03.289+0000] {processor.py:840} INFO - DAG(s) 'example_python_operator' retrieved from /home/airflow/.local/lib/python3.8/site-packages/airflow/example_dags/example_python_operator.py
[2024-02-25T18:28:03.314+0000] {logging_mixin.py:188} INFO - [2024-02-25T18:28:03.314+0000] {dag.py:3036} INFO - Sync 1 DAGs
[2024-02-25T18:28:03.328+0000] {logging_mixin.py:188} INFO - [2024-02-25T18:28:03.328+0000] {dag.py:3823} INFO - Setting next_dagrun for example_python_operator to None, run_after=None
[2024-02-25T18:28:03.352+0000] {processor.py:183} INFO - Processing /home/airflow/.local/lib/python3.8/site-packages/airflow/example_dags/example_python_operator.py took 0.082 seconds
[2024-02-25T18:28:33.572+0000] {processor.py:161} INFO - Started process (PID=8066) to work on /home/airflow/.local/lib/python3.8/site-packages/airflow/example_dags/example_python_operator.py
[2024-02-25T18:28:33.573+0000] {processor.py:830} INFO - Processing file /home/airflow/.local/lib/python3.8/site-packages/airflow/example_dags/example_python_operator.py for tasks to queue
[2024-02-25T18:28:33.574+0000] {logging_mixin.py:188} INFO - [2024-02-25T18:28:33.574+0000] {dagbag.py:538} INFO - Filling up the DagBag from /home/airflow/.local/lib/python3.8/site-packages/airflow/example_dags/example_python_operator.py
[2024-02-25T18:28:33.587+0000] {processor.py:840} INFO - DAG(s) 'example_python_operator' retrieved from /home/airflow/.local/lib/python3.8/site-packages/airflow/example_dags/example_python_operator.py
[2024-02-25T18:28:33.613+0000] {logging_mixin.py:188} INFO - [2024-02-25T18:28:33.613+0000] {dag.py:3036} INFO - Sync 1 DAGs
[2024-02-25T18:28:33.629+0000] {logging_mixin.py:188} INFO - [2024-02-25T18:28:33.629+0000] {dag.py:3823} INFO - Setting next_dagrun for example_python_operator to None, run_after=None
[2024-02-25T18:28:33.655+0000] {processor.py:183} INFO - Processing /home/airflow/.local/lib/python3.8/site-packages/airflow/example_dags/example_python_operator.py took 0.087 seconds
[2024-02-25T18:29:04.353+0000] {processor.py:161} INFO - Started process (PID=8128) to work on /home/airflow/.local/lib/python3.8/site-packages/airflow/example_dags/example_python_operator.py
[2024-02-25T18:29:04.354+0000] {processor.py:830} INFO - Processing file /home/airflow/.local/lib/python3.8/site-packages/airflow/example_dags/example_python_operator.py for tasks to queue
[2024-02-25T18:29:04.356+0000] {logging_mixin.py:188} INFO - [2024-02-25T18:29:04.355+0000] {dagbag.py:538} INFO - Filling up the DagBag from /home/airflow/.local/lib/python3.8/site-packages/airflow/example_dags/example_python_operator.py
[2024-02-25T18:29:04.369+0000] {processor.py:840} INFO - DAG(s) 'example_python_operator' retrieved from /home/airflow/.local/lib/python3.8/site-packages/airflow/example_dags/example_python_operator.py
[2024-02-25T18:29:04.397+0000] {logging_mixin.py:188} INFO - [2024-02-25T18:29:04.397+0000] {dag.py:3036} INFO - Sync 1 DAGs
[2024-02-25T18:29:04.411+0000] {logging_mixin.py:188} INFO - [2024-02-25T18:29:04.411+0000] {dag.py:3823} INFO - Setting next_dagrun for example_python_operator to None, run_after=None
[2024-02-25T18:29:04.441+0000] {processor.py:183} INFO - Processing /home/airflow/.local/lib/python3.8/site-packages/airflow/example_dags/example_python_operator.py took 0.092 seconds
[2024-02-25T18:29:35.125+0000] {processor.py:161} INFO - Started process (PID=8191) to work on /home/airflow/.local/lib/python3.8/site-packages/airflow/example_dags/example_python_operator.py
[2024-02-25T18:29:35.127+0000] {processor.py:830} INFO - Processing file /home/airflow/.local/lib/python3.8/site-packages/airflow/example_dags/example_python_operator.py for tasks to queue
[2024-02-25T18:29:35.128+0000] {logging_mixin.py:188} INFO - [2024-02-25T18:29:35.128+0000] {dagbag.py:538} INFO - Filling up the DagBag from /home/airflow/.local/lib/python3.8/site-packages/airflow/example_dags/example_python_operator.py
[2024-02-25T18:29:35.146+0000] {processor.py:840} INFO - DAG(s) 'example_python_operator' retrieved from /home/airflow/.local/lib/python3.8/site-packages/airflow/example_dags/example_python_operator.py
[2024-02-25T18:29:35.176+0000] {logging_mixin.py:188} INFO - [2024-02-25T18:29:35.176+0000] {dag.py:3036} INFO - Sync 1 DAGs
[2024-02-25T18:29:35.192+0000] {logging_mixin.py:188} INFO - [2024-02-25T18:29:35.192+0000] {dag.py:3823} INFO - Setting next_dagrun for example_python_operator to None, run_after=None
[2024-02-25T18:29:35.224+0000] {processor.py:183} INFO - Processing /home/airflow/.local/lib/python3.8/site-packages/airflow/example_dags/example_python_operator.py took 0.108 seconds
[2024-02-25T18:30:05.818+0000] {processor.py:161} INFO - Started process (PID=8254) to work on /home/airflow/.local/lib/python3.8/site-packages/airflow/example_dags/example_python_operator.py
[2024-02-25T18:30:05.820+0000] {processor.py:830} INFO - Processing file /home/airflow/.local/lib/python3.8/site-packages/airflow/example_dags/example_python_operator.py for tasks to queue
[2024-02-25T18:30:05.821+0000] {logging_mixin.py:188} INFO - [2024-02-25T18:30:05.820+0000] {dagbag.py:538} INFO - Filling up the DagBag from /home/airflow/.local/lib/python3.8/site-packages/airflow/example_dags/example_python_operator.py
[2024-02-25T18:30:05.837+0000] {processor.py:840} INFO - DAG(s) 'example_python_operator' retrieved from /home/airflow/.local/lib/python3.8/site-packages/airflow/example_dags/example_python_operator.py
[2024-02-25T18:30:05.863+0000] {logging_mixin.py:188} INFO - [2024-02-25T18:30:05.863+0000] {dag.py:3036} INFO - Sync 1 DAGs
[2024-02-25T18:30:05.878+0000] {logging_mixin.py:188} INFO - [2024-02-25T18:30:05.878+0000] {dag.py:3823} INFO - Setting next_dagrun for example_python_operator to None, run_after=None
[2024-02-25T18:30:05.905+0000] {processor.py:183} INFO - Processing /home/airflow/.local/lib/python3.8/site-packages/airflow/example_dags/example_python_operator.py took 0.091 seconds
[2024-02-25T18:30:36.156+0000] {processor.py:161} INFO - Started process (PID=8317) to work on /home/airflow/.local/lib/python3.8/site-packages/airflow/example_dags/example_python_operator.py
[2024-02-25T18:30:36.157+0000] {processor.py:830} INFO - Processing file /home/airflow/.local/lib/python3.8/site-packages/airflow/example_dags/example_python_operator.py for tasks to queue
[2024-02-25T18:30:36.159+0000] {logging_mixin.py:188} INFO - [2024-02-25T18:30:36.158+0000] {dagbag.py:538} INFO - Filling up the DagBag from /home/airflow/.local/lib/python3.8/site-packages/airflow/example_dags/example_python_operator.py
[2024-02-25T18:30:36.172+0000] {processor.py:840} INFO - DAG(s) 'example_python_operator' retrieved from /home/airflow/.local/lib/python3.8/site-packages/airflow/example_dags/example_python_operator.py
[2024-02-25T18:30:36.198+0000] {logging_mixin.py:188} INFO - [2024-02-25T18:30:36.197+0000] {dag.py:3036} INFO - Sync 1 DAGs
[2024-02-25T18:30:36.212+0000] {logging_mixin.py:188} INFO - [2024-02-25T18:30:36.212+0000] {dag.py:3823} INFO - Setting next_dagrun for example_python_operator to None, run_after=None
[2024-02-25T18:30:36.238+0000] {processor.py:183} INFO - Processing /home/airflow/.local/lib/python3.8/site-packages/airflow/example_dags/example_python_operator.py took 0.086 seconds
[2024-02-25T18:31:06.377+0000] {processor.py:161} INFO - Started process (PID=8378) to work on /home/airflow/.local/lib/python3.8/site-packages/airflow/example_dags/example_python_operator.py
[2024-02-25T18:31:06.378+0000] {processor.py:830} INFO - Processing file /home/airflow/.local/lib/python3.8/site-packages/airflow/example_dags/example_python_operator.py for tasks to queue
[2024-02-25T18:31:06.379+0000] {logging_mixin.py:188} INFO - [2024-02-25T18:31:06.379+0000] {dagbag.py:538} INFO - Filling up the DagBag from /home/airflow/.local/lib/python3.8/site-packages/airflow/example_dags/example_python_operator.py
[2024-02-25T18:31:06.392+0000] {processor.py:840} INFO - DAG(s) 'example_python_operator' retrieved from /home/airflow/.local/lib/python3.8/site-packages/airflow/example_dags/example_python_operator.py
[2024-02-25T18:31:06.417+0000] {logging_mixin.py:188} INFO - [2024-02-25T18:31:06.416+0000] {dag.py:3036} INFO - Sync 1 DAGs
[2024-02-25T18:31:06.431+0000] {logging_mixin.py:188} INFO - [2024-02-25T18:31:06.430+0000] {dag.py:3823} INFO - Setting next_dagrun for example_python_operator to None, run_after=None
[2024-02-25T18:31:06.464+0000] {processor.py:183} INFO - Processing /home/airflow/.local/lib/python3.8/site-packages/airflow/example_dags/example_python_operator.py took 0.091 seconds
[2024-02-25T18:31:36.767+0000] {processor.py:161} INFO - Started process (PID=8439) to work on /home/airflow/.local/lib/python3.8/site-packages/airflow/example_dags/example_python_operator.py
[2024-02-25T18:31:36.768+0000] {processor.py:830} INFO - Processing file /home/airflow/.local/lib/python3.8/site-packages/airflow/example_dags/example_python_operator.py for tasks to queue
[2024-02-25T18:31:36.769+0000] {logging_mixin.py:188} INFO - [2024-02-25T18:31:36.768+0000] {dagbag.py:538} INFO - Filling up the DagBag from /home/airflow/.local/lib/python3.8/site-packages/airflow/example_dags/example_python_operator.py
[2024-02-25T18:31:36.781+0000] {processor.py:840} INFO - DAG(s) 'example_python_operator' retrieved from /home/airflow/.local/lib/python3.8/site-packages/airflow/example_dags/example_python_operator.py
[2024-02-25T18:31:36.806+0000] {logging_mixin.py:188} INFO - [2024-02-25T18:31:36.806+0000] {dag.py:3036} INFO - Sync 1 DAGs
[2024-02-25T18:31:36.820+0000] {logging_mixin.py:188} INFO - [2024-02-25T18:31:36.819+0000] {dag.py:3823} INFO - Setting next_dagrun for example_python_operator to None, run_after=None
[2024-02-25T18:31:36.842+0000] {processor.py:183} INFO - Processing /home/airflow/.local/lib/python3.8/site-packages/airflow/example_dags/example_python_operator.py took 0.079 seconds
[2024-02-25T18:32:07.179+0000] {processor.py:161} INFO - Started process (PID=8502) to work on /home/airflow/.local/lib/python3.8/site-packages/airflow/example_dags/example_python_operator.py
[2024-02-25T18:32:07.181+0000] {processor.py:830} INFO - Processing file /home/airflow/.local/lib/python3.8/site-packages/airflow/example_dags/example_python_operator.py for tasks to queue
[2024-02-25T18:32:07.182+0000] {logging_mixin.py:188} INFO - [2024-02-25T18:32:07.182+0000] {dagbag.py:538} INFO - Filling up the DagBag from /home/airflow/.local/lib/python3.8/site-packages/airflow/example_dags/example_python_operator.py
[2024-02-25T18:32:07.198+0000] {processor.py:840} INFO - DAG(s) 'example_python_operator' retrieved from /home/airflow/.local/lib/python3.8/site-packages/airflow/example_dags/example_python_operator.py
[2024-02-25T18:32:07.225+0000] {logging_mixin.py:188} INFO - [2024-02-25T18:32:07.225+0000] {dag.py:3036} INFO - Sync 1 DAGs
[2024-02-25T18:32:07.241+0000] {logging_mixin.py:188} INFO - [2024-02-25T18:32:07.240+0000] {dag.py:3823} INFO - Setting next_dagrun for example_python_operator to None, run_after=None
[2024-02-25T18:32:07.265+0000] {processor.py:183} INFO - Processing /home/airflow/.local/lib/python3.8/site-packages/airflow/example_dags/example_python_operator.py took 0.090 seconds
[2024-02-25T18:32:37.399+0000] {processor.py:161} INFO - Started process (PID=8565) to work on /home/airflow/.local/lib/python3.8/site-packages/airflow/example_dags/example_python_operator.py
[2024-02-25T18:32:37.400+0000] {processor.py:830} INFO - Processing file /home/airflow/.local/lib/python3.8/site-packages/airflow/example_dags/example_python_operator.py for tasks to queue
[2024-02-25T18:32:37.401+0000] {logging_mixin.py:188} INFO - [2024-02-25T18:32:37.401+0000] {dagbag.py:538} INFO - Filling up the DagBag from /home/airflow/.local/lib/python3.8/site-packages/airflow/example_dags/example_python_operator.py
[2024-02-25T18:32:37.414+0000] {processor.py:840} INFO - DAG(s) 'example_python_operator' retrieved from /home/airflow/.local/lib/python3.8/site-packages/airflow/example_dags/example_python_operator.py
[2024-02-25T18:32:37.439+0000] {logging_mixin.py:188} INFO - [2024-02-25T18:32:37.438+0000] {dag.py:3036} INFO - Sync 1 DAGs
[2024-02-25T18:32:37.453+0000] {logging_mixin.py:188} INFO - [2024-02-25T18:32:37.453+0000] {dag.py:3823} INFO - Setting next_dagrun for example_python_operator to None, run_after=None
[2024-02-25T18:32:37.481+0000] {processor.py:183} INFO - Processing /home/airflow/.local/lib/python3.8/site-packages/airflow/example_dags/example_python_operator.py took 0.086 seconds
[2024-02-25T18:33:08.042+0000] {processor.py:161} INFO - Started process (PID=8628) to work on /home/airflow/.local/lib/python3.8/site-packages/airflow/example_dags/example_python_operator.py
[2024-02-25T18:33:08.043+0000] {processor.py:830} INFO - Processing file /home/airflow/.local/lib/python3.8/site-packages/airflow/example_dags/example_python_operator.py for tasks to queue
[2024-02-25T18:33:08.045+0000] {logging_mixin.py:188} INFO - [2024-02-25T18:33:08.044+0000] {dagbag.py:538} INFO - Filling up the DagBag from /home/airflow/.local/lib/python3.8/site-packages/airflow/example_dags/example_python_operator.py
[2024-02-25T18:33:08.057+0000] {processor.py:840} INFO - DAG(s) 'example_python_operator' retrieved from /home/airflow/.local/lib/python3.8/site-packages/airflow/example_dags/example_python_operator.py
[2024-02-25T18:33:08.082+0000] {logging_mixin.py:188} INFO - [2024-02-25T18:33:08.081+0000] {dag.py:3036} INFO - Sync 1 DAGs
[2024-02-25T18:33:08.095+0000] {logging_mixin.py:188} INFO - [2024-02-25T18:33:08.095+0000] {dag.py:3823} INFO - Setting next_dagrun for example_python_operator to None, run_after=None
[2024-02-25T18:33:08.119+0000] {processor.py:183} INFO - Processing /home/airflow/.local/lib/python3.8/site-packages/airflow/example_dags/example_python_operator.py took 0.080 seconds
[2024-02-25T18:33:38.410+0000] {processor.py:161} INFO - Started process (PID=8691) to work on /home/airflow/.local/lib/python3.8/site-packages/airflow/example_dags/example_python_operator.py
[2024-02-25T18:33:38.411+0000] {processor.py:830} INFO - Processing file /home/airflow/.local/lib/python3.8/site-packages/airflow/example_dags/example_python_operator.py for tasks to queue
[2024-02-25T18:33:38.412+0000] {logging_mixin.py:188} INFO - [2024-02-25T18:33:38.412+0000] {dagbag.py:538} INFO - Filling up the DagBag from /home/airflow/.local/lib/python3.8/site-packages/airflow/example_dags/example_python_operator.py
[2024-02-25T18:33:38.425+0000] {processor.py:840} INFO - DAG(s) 'example_python_operator' retrieved from /home/airflow/.local/lib/python3.8/site-packages/airflow/example_dags/example_python_operator.py
[2024-02-25T18:33:38.450+0000] {logging_mixin.py:188} INFO - [2024-02-25T18:33:38.450+0000] {dag.py:3036} INFO - Sync 1 DAGs
[2024-02-25T18:33:38.464+0000] {logging_mixin.py:188} INFO - [2024-02-25T18:33:38.463+0000] {dag.py:3823} INFO - Setting next_dagrun for example_python_operator to None, run_after=None
[2024-02-25T18:33:38.486+0000] {processor.py:183} INFO - Processing /home/airflow/.local/lib/python3.8/site-packages/airflow/example_dags/example_python_operator.py took 0.080 seconds
[2024-02-25T18:34:09.530+0000] {processor.py:161} INFO - Started process (PID=8754) to work on /home/airflow/.local/lib/python3.8/site-packages/airflow/example_dags/example_python_operator.py
[2024-02-25T18:34:09.531+0000] {processor.py:830} INFO - Processing file /home/airflow/.local/lib/python3.8/site-packages/airflow/example_dags/example_python_operator.py for tasks to queue
[2024-02-25T18:34:09.532+0000] {logging_mixin.py:188} INFO - [2024-02-25T18:34:09.532+0000] {dagbag.py:538} INFO - Filling up the DagBag from /home/airflow/.local/lib/python3.8/site-packages/airflow/example_dags/example_python_operator.py
[2024-02-25T18:34:09.545+0000] {processor.py:840} INFO - DAG(s) 'example_python_operator' retrieved from /home/airflow/.local/lib/python3.8/site-packages/airflow/example_dags/example_python_operator.py
[2024-02-25T18:34:09.568+0000] {logging_mixin.py:188} INFO - [2024-02-25T18:34:09.568+0000] {dag.py:3036} INFO - Sync 1 DAGs
[2024-02-25T18:34:09.581+0000] {logging_mixin.py:188} INFO - [2024-02-25T18:34:09.581+0000] {dag.py:3823} INFO - Setting next_dagrun for example_python_operator to None, run_after=None
[2024-02-25T18:34:09.603+0000] {processor.py:183} INFO - Processing /home/airflow/.local/lib/python3.8/site-packages/airflow/example_dags/example_python_operator.py took 0.077 seconds
[2024-02-25T18:34:39.762+0000] {processor.py:161} INFO - Started process (PID=8817) to work on /home/airflow/.local/lib/python3.8/site-packages/airflow/example_dags/example_python_operator.py
[2024-02-25T18:34:39.763+0000] {processor.py:830} INFO - Processing file /home/airflow/.local/lib/python3.8/site-packages/airflow/example_dags/example_python_operator.py for tasks to queue
[2024-02-25T18:34:39.764+0000] {logging_mixin.py:188} INFO - [2024-02-25T18:34:39.764+0000] {dagbag.py:538} INFO - Filling up the DagBag from /home/airflow/.local/lib/python3.8/site-packages/airflow/example_dags/example_python_operator.py
[2024-02-25T18:34:39.777+0000] {processor.py:840} INFO - DAG(s) 'example_python_operator' retrieved from /home/airflow/.local/lib/python3.8/site-packages/airflow/example_dags/example_python_operator.py
[2024-02-25T18:34:39.801+0000] {logging_mixin.py:188} INFO - [2024-02-25T18:34:39.801+0000] {dag.py:3036} INFO - Sync 1 DAGs
[2024-02-25T18:34:39.816+0000] {logging_mixin.py:188} INFO - [2024-02-25T18:34:39.816+0000] {dag.py:3823} INFO - Setting next_dagrun for example_python_operator to None, run_after=None
[2024-02-25T18:34:39.840+0000] {processor.py:183} INFO - Processing /home/airflow/.local/lib/python3.8/site-packages/airflow/example_dags/example_python_operator.py took 0.082 seconds
[2024-02-25T18:35:10.401+0000] {processor.py:161} INFO - Started process (PID=8880) to work on /home/airflow/.local/lib/python3.8/site-packages/airflow/example_dags/example_python_operator.py
[2024-02-25T18:35:10.402+0000] {processor.py:830} INFO - Processing file /home/airflow/.local/lib/python3.8/site-packages/airflow/example_dags/example_python_operator.py for tasks to queue
[2024-02-25T18:35:10.404+0000] {logging_mixin.py:188} INFO - [2024-02-25T18:35:10.403+0000] {dagbag.py:538} INFO - Filling up the DagBag from /home/airflow/.local/lib/python3.8/site-packages/airflow/example_dags/example_python_operator.py
[2024-02-25T18:35:10.416+0000] {processor.py:840} INFO - DAG(s) 'example_python_operator' retrieved from /home/airflow/.local/lib/python3.8/site-packages/airflow/example_dags/example_python_operator.py
[2024-02-25T18:35:10.442+0000] {logging_mixin.py:188} INFO - [2024-02-25T18:35:10.441+0000] {dag.py:3036} INFO - Sync 1 DAGs
[2024-02-25T18:35:10.462+0000] {logging_mixin.py:188} INFO - [2024-02-25T18:35:10.461+0000] {dag.py:3823} INFO - Setting next_dagrun for example_python_operator to None, run_after=None
[2024-02-25T18:35:10.494+0000] {processor.py:183} INFO - Processing /home/airflow/.local/lib/python3.8/site-packages/airflow/example_dags/example_python_operator.py took 0.097 seconds
[2024-02-25T18:35:40.744+0000] {processor.py:161} INFO - Started process (PID=8944) to work on /home/airflow/.local/lib/python3.8/site-packages/airflow/example_dags/example_python_operator.py
[2024-02-25T18:35:40.746+0000] {processor.py:830} INFO - Processing file /home/airflow/.local/lib/python3.8/site-packages/airflow/example_dags/example_python_operator.py for tasks to queue
[2024-02-25T18:35:40.747+0000] {logging_mixin.py:188} INFO - [2024-02-25T18:35:40.747+0000] {dagbag.py:538} INFO - Filling up the DagBag from /home/airflow/.local/lib/python3.8/site-packages/airflow/example_dags/example_python_operator.py
[2024-02-25T18:35:40.760+0000] {processor.py:840} INFO - DAG(s) 'example_python_operator' retrieved from /home/airflow/.local/lib/python3.8/site-packages/airflow/example_dags/example_python_operator.py
[2024-02-25T18:35:40.791+0000] {logging_mixin.py:188} INFO - [2024-02-25T18:35:40.791+0000] {dag.py:3036} INFO - Sync 1 DAGs
[2024-02-25T18:35:40.809+0000] {logging_mixin.py:188} INFO - [2024-02-25T18:35:40.809+0000] {dag.py:3823} INFO - Setting next_dagrun for example_python_operator to None, run_after=None
[2024-02-25T18:35:40.870+0000] {processor.py:183} INFO - Processing /home/airflow/.local/lib/python3.8/site-packages/airflow/example_dags/example_python_operator.py took 0.131 seconds
[2024-02-25T18:36:10.936+0000] {processor.py:161} INFO - Started process (PID=9007) to work on /home/airflow/.local/lib/python3.8/site-packages/airflow/example_dags/example_python_operator.py
[2024-02-25T18:36:10.938+0000] {processor.py:830} INFO - Processing file /home/airflow/.local/lib/python3.8/site-packages/airflow/example_dags/example_python_operator.py for tasks to queue
[2024-02-25T18:36:10.940+0000] {logging_mixin.py:188} INFO - [2024-02-25T18:36:10.939+0000] {dagbag.py:538} INFO - Filling up the DagBag from /home/airflow/.local/lib/python3.8/site-packages/airflow/example_dags/example_python_operator.py
[2024-02-25T18:36:10.967+0000] {processor.py:840} INFO - DAG(s) 'example_python_operator' retrieved from /home/airflow/.local/lib/python3.8/site-packages/airflow/example_dags/example_python_operator.py
[2024-02-25T18:36:10.998+0000] {logging_mixin.py:188} INFO - [2024-02-25T18:36:10.998+0000] {dag.py:3036} INFO - Sync 1 DAGs
[2024-02-25T18:36:11.015+0000] {logging_mixin.py:188} INFO - [2024-02-25T18:36:11.015+0000] {dag.py:3823} INFO - Setting next_dagrun for example_python_operator to None, run_after=None
[2024-02-25T18:36:11.043+0000] {processor.py:183} INFO - Processing /home/airflow/.local/lib/python3.8/site-packages/airflow/example_dags/example_python_operator.py took 0.111 seconds
[2024-02-25T18:36:42.000+0000] {processor.py:161} INFO - Started process (PID=9070) to work on /home/airflow/.local/lib/python3.8/site-packages/airflow/example_dags/example_python_operator.py
[2024-02-25T18:36:42.001+0000] {processor.py:830} INFO - Processing file /home/airflow/.local/lib/python3.8/site-packages/airflow/example_dags/example_python_operator.py for tasks to queue
[2024-02-25T18:36:42.002+0000] {logging_mixin.py:188} INFO - [2024-02-25T18:36:42.002+0000] {dagbag.py:538} INFO - Filling up the DagBag from /home/airflow/.local/lib/python3.8/site-packages/airflow/example_dags/example_python_operator.py
[2024-02-25T18:36:42.017+0000] {processor.py:840} INFO - DAG(s) 'example_python_operator' retrieved from /home/airflow/.local/lib/python3.8/site-packages/airflow/example_dags/example_python_operator.py
[2024-02-25T18:36:42.048+0000] {logging_mixin.py:188} INFO - [2024-02-25T18:36:42.047+0000] {dag.py:3036} INFO - Sync 1 DAGs
[2024-02-25T18:36:42.071+0000] {logging_mixin.py:188} INFO - [2024-02-25T18:36:42.070+0000] {dag.py:3823} INFO - Setting next_dagrun for example_python_operator to None, run_after=None
[2024-02-25T18:36:42.095+0000] {processor.py:183} INFO - Processing /home/airflow/.local/lib/python3.8/site-packages/airflow/example_dags/example_python_operator.py took 0.102 seconds
[2024-02-25T18:37:12.489+0000] {processor.py:161} INFO - Started process (PID=9133) to work on /home/airflow/.local/lib/python3.8/site-packages/airflow/example_dags/example_python_operator.py
[2024-02-25T18:37:12.490+0000] {processor.py:830} INFO - Processing file /home/airflow/.local/lib/python3.8/site-packages/airflow/example_dags/example_python_operator.py for tasks to queue
[2024-02-25T18:37:12.491+0000] {logging_mixin.py:188} INFO - [2024-02-25T18:37:12.491+0000] {dagbag.py:538} INFO - Filling up the DagBag from /home/airflow/.local/lib/python3.8/site-packages/airflow/example_dags/example_python_operator.py
[2024-02-25T18:37:12.504+0000] {processor.py:840} INFO - DAG(s) 'example_python_operator' retrieved from /home/airflow/.local/lib/python3.8/site-packages/airflow/example_dags/example_python_operator.py
[2024-02-25T18:37:12.532+0000] {logging_mixin.py:188} INFO - [2024-02-25T18:37:12.532+0000] {dag.py:3036} INFO - Sync 1 DAGs
[2024-02-25T18:37:12.546+0000] {logging_mixin.py:188} INFO - [2024-02-25T18:37:12.545+0000] {dag.py:3823} INFO - Setting next_dagrun for example_python_operator to None, run_after=None
[2024-02-25T18:37:12.567+0000] {processor.py:183} INFO - Processing /home/airflow/.local/lib/python3.8/site-packages/airflow/example_dags/example_python_operator.py took 0.083 seconds
[2024-02-25T18:37:43.437+0000] {processor.py:161} INFO - Started process (PID=9196) to work on /home/airflow/.local/lib/python3.8/site-packages/airflow/example_dags/example_python_operator.py
[2024-02-25T18:37:43.438+0000] {processor.py:830} INFO - Processing file /home/airflow/.local/lib/python3.8/site-packages/airflow/example_dags/example_python_operator.py for tasks to queue
[2024-02-25T18:37:43.440+0000] {logging_mixin.py:188} INFO - [2024-02-25T18:37:43.440+0000] {dagbag.py:538} INFO - Filling up the DagBag from /home/airflow/.local/lib/python3.8/site-packages/airflow/example_dags/example_python_operator.py
[2024-02-25T18:37:43.453+0000] {processor.py:840} INFO - DAG(s) 'example_python_operator' retrieved from /home/airflow/.local/lib/python3.8/site-packages/airflow/example_dags/example_python_operator.py
[2024-02-25T18:37:43.477+0000] {logging_mixin.py:188} INFO - [2024-02-25T18:37:43.477+0000] {dag.py:3036} INFO - Sync 1 DAGs
[2024-02-25T18:37:43.490+0000] {logging_mixin.py:188} INFO - [2024-02-25T18:37:43.490+0000] {dag.py:3823} INFO - Setting next_dagrun for example_python_operator to None, run_after=None
[2024-02-25T18:37:43.516+0000] {processor.py:183} INFO - Processing /home/airflow/.local/lib/python3.8/site-packages/airflow/example_dags/example_python_operator.py took 0.083 seconds
[2024-02-25T18:38:14.137+0000] {processor.py:161} INFO - Started process (PID=9260) to work on /home/airflow/.local/lib/python3.8/site-packages/airflow/example_dags/example_python_operator.py
[2024-02-25T18:38:14.138+0000] {processor.py:830} INFO - Processing file /home/airflow/.local/lib/python3.8/site-packages/airflow/example_dags/example_python_operator.py for tasks to queue
[2024-02-25T18:38:14.139+0000] {logging_mixin.py:188} INFO - [2024-02-25T18:38:14.139+0000] {dagbag.py:538} INFO - Filling up the DagBag from /home/airflow/.local/lib/python3.8/site-packages/airflow/example_dags/example_python_operator.py
[2024-02-25T18:38:14.152+0000] {processor.py:840} INFO - DAG(s) 'example_python_operator' retrieved from /home/airflow/.local/lib/python3.8/site-packages/airflow/example_dags/example_python_operator.py
[2024-02-25T18:38:14.175+0000] {logging_mixin.py:188} INFO - [2024-02-25T18:38:14.175+0000] {dag.py:3036} INFO - Sync 1 DAGs
[2024-02-25T18:38:14.187+0000] {logging_mixin.py:188} INFO - [2024-02-25T18:38:14.187+0000] {dag.py:3823} INFO - Setting next_dagrun for example_python_operator to None, run_after=None
[2024-02-25T18:38:14.208+0000] {processor.py:183} INFO - Processing /home/airflow/.local/lib/python3.8/site-packages/airflow/example_dags/example_python_operator.py took 0.075 seconds
[2024-02-25T18:38:45.103+0000] {processor.py:161} INFO - Started process (PID=9323) to work on /home/airflow/.local/lib/python3.8/site-packages/airflow/example_dags/example_python_operator.py
[2024-02-25T18:38:45.105+0000] {processor.py:830} INFO - Processing file /home/airflow/.local/lib/python3.8/site-packages/airflow/example_dags/example_python_operator.py for tasks to queue
[2024-02-25T18:38:45.106+0000] {logging_mixin.py:188} INFO - [2024-02-25T18:38:45.105+0000] {dagbag.py:538} INFO - Filling up the DagBag from /home/airflow/.local/lib/python3.8/site-packages/airflow/example_dags/example_python_operator.py
[2024-02-25T18:38:45.118+0000] {processor.py:840} INFO - DAG(s) 'example_python_operator' retrieved from /home/airflow/.local/lib/python3.8/site-packages/airflow/example_dags/example_python_operator.py
[2024-02-25T18:38:45.141+0000] {logging_mixin.py:188} INFO - [2024-02-25T18:38:45.141+0000] {dag.py:3036} INFO - Sync 1 DAGs
[2024-02-25T18:38:45.155+0000] {logging_mixin.py:188} INFO - [2024-02-25T18:38:45.154+0000] {dag.py:3823} INFO - Setting next_dagrun for example_python_operator to None, run_after=None
[2024-02-25T18:38:45.176+0000] {processor.py:183} INFO - Processing /home/airflow/.local/lib/python3.8/site-packages/airflow/example_dags/example_python_operator.py took 0.076 seconds
[2024-02-25T18:39:15.897+0000] {processor.py:161} INFO - Started process (PID=9386) to work on /home/airflow/.local/lib/python3.8/site-packages/airflow/example_dags/example_python_operator.py
[2024-02-25T18:39:15.899+0000] {processor.py:830} INFO - Processing file /home/airflow/.local/lib/python3.8/site-packages/airflow/example_dags/example_python_operator.py for tasks to queue
[2024-02-25T18:39:15.900+0000] {logging_mixin.py:188} INFO - [2024-02-25T18:39:15.899+0000] {dagbag.py:538} INFO - Filling up the DagBag from /home/airflow/.local/lib/python3.8/site-packages/airflow/example_dags/example_python_operator.py
[2024-02-25T18:39:15.912+0000] {processor.py:840} INFO - DAG(s) 'example_python_operator' retrieved from /home/airflow/.local/lib/python3.8/site-packages/airflow/example_dags/example_python_operator.py
[2024-02-25T18:39:15.936+0000] {logging_mixin.py:188} INFO - [2024-02-25T18:39:15.936+0000] {dag.py:3036} INFO - Sync 1 DAGs
[2024-02-25T18:39:15.949+0000] {logging_mixin.py:188} INFO - [2024-02-25T18:39:15.949+0000] {dag.py:3823} INFO - Setting next_dagrun for example_python_operator to None, run_after=None
[2024-02-25T18:39:15.975+0000] {processor.py:183} INFO - Processing /home/airflow/.local/lib/python3.8/site-packages/airflow/example_dags/example_python_operator.py took 0.082 seconds
[2024-02-25T18:39:46.558+0000] {processor.py:161} INFO - Started process (PID=9448) to work on /home/airflow/.local/lib/python3.8/site-packages/airflow/example_dags/example_python_operator.py
[2024-02-25T18:39:46.559+0000] {processor.py:830} INFO - Processing file /home/airflow/.local/lib/python3.8/site-packages/airflow/example_dags/example_python_operator.py for tasks to queue
[2024-02-25T18:39:46.561+0000] {logging_mixin.py:188} INFO - [2024-02-25T18:39:46.560+0000] {dagbag.py:538} INFO - Filling up the DagBag from /home/airflow/.local/lib/python3.8/site-packages/airflow/example_dags/example_python_operator.py
[2024-02-25T18:39:46.573+0000] {processor.py:840} INFO - DAG(s) 'example_python_operator' retrieved from /home/airflow/.local/lib/python3.8/site-packages/airflow/example_dags/example_python_operator.py
[2024-02-25T18:39:46.597+0000] {logging_mixin.py:188} INFO - [2024-02-25T18:39:46.597+0000] {dag.py:3036} INFO - Sync 1 DAGs
[2024-02-25T18:39:46.610+0000] {logging_mixin.py:188} INFO - [2024-02-25T18:39:46.610+0000] {dag.py:3823} INFO - Setting next_dagrun for example_python_operator to None, run_after=None
[2024-02-25T18:39:46.631+0000] {processor.py:183} INFO - Processing /home/airflow/.local/lib/python3.8/site-packages/airflow/example_dags/example_python_operator.py took 0.077 seconds
[2024-02-25T18:40:17.365+0000] {processor.py:161} INFO - Started process (PID=9511) to work on /home/airflow/.local/lib/python3.8/site-packages/airflow/example_dags/example_python_operator.py
[2024-02-25T18:40:17.366+0000] {processor.py:830} INFO - Processing file /home/airflow/.local/lib/python3.8/site-packages/airflow/example_dags/example_python_operator.py for tasks to queue
[2024-02-25T18:40:17.367+0000] {logging_mixin.py:188} INFO - [2024-02-25T18:40:17.367+0000] {dagbag.py:538} INFO - Filling up the DagBag from /home/airflow/.local/lib/python3.8/site-packages/airflow/example_dags/example_python_operator.py
[2024-02-25T18:40:17.379+0000] {processor.py:840} INFO - DAG(s) 'example_python_operator' retrieved from /home/airflow/.local/lib/python3.8/site-packages/airflow/example_dags/example_python_operator.py
[2024-02-25T18:40:17.402+0000] {logging_mixin.py:188} INFO - [2024-02-25T18:40:17.402+0000] {dag.py:3036} INFO - Sync 1 DAGs
[2024-02-25T18:40:17.415+0000] {logging_mixin.py:188} INFO - [2024-02-25T18:40:17.415+0000] {dag.py:3823} INFO - Setting next_dagrun for example_python_operator to None, run_after=None
[2024-02-25T18:40:17.436+0000] {processor.py:183} INFO - Processing /home/airflow/.local/lib/python3.8/site-packages/airflow/example_dags/example_python_operator.py took 0.075 seconds
[2024-02-25T20:59:50.719+0000] {processor.py:161} INFO - Started process (PID=9579) to work on /home/airflow/.local/lib/python3.8/site-packages/airflow/example_dags/example_python_operator.py
[2024-02-25T20:59:50.720+0000] {processor.py:830} INFO - Processing file /home/airflow/.local/lib/python3.8/site-packages/airflow/example_dags/example_python_operator.py for tasks to queue
[2024-02-25T20:59:50.721+0000] {logging_mixin.py:188} INFO - [2024-02-25T20:59:50.721+0000] {dagbag.py:538} INFO - Filling up the DagBag from /home/airflow/.local/lib/python3.8/site-packages/airflow/example_dags/example_python_operator.py
[2024-02-25T20:59:50.735+0000] {processor.py:840} INFO - DAG(s) 'example_python_operator' retrieved from /home/airflow/.local/lib/python3.8/site-packages/airflow/example_dags/example_python_operator.py
[2024-02-25T20:59:50.762+0000] {logging_mixin.py:188} INFO - [2024-02-25T20:59:50.762+0000] {dag.py:3036} INFO - Sync 1 DAGs
[2024-02-25T20:59:50.982+0000] {logging_mixin.py:188} INFO - [2024-02-25T20:59:50.982+0000] {dag.py:3823} INFO - Setting next_dagrun for example_python_operator to None, run_after=None
[2024-02-25T20:59:51.008+0000] {processor.py:183} INFO - Processing /home/airflow/.local/lib/python3.8/site-packages/airflow/example_dags/example_python_operator.py took 0.294 seconds
[2024-02-25T21:00:21.504+0000] {processor.py:161} INFO - Started process (PID=9650) to work on /home/airflow/.local/lib/python3.8/site-packages/airflow/example_dags/example_python_operator.py
[2024-02-25T21:00:21.506+0000] {processor.py:830} INFO - Processing file /home/airflow/.local/lib/python3.8/site-packages/airflow/example_dags/example_python_operator.py for tasks to queue
[2024-02-25T21:00:21.507+0000] {logging_mixin.py:188} INFO - [2024-02-25T21:00:21.507+0000] {dagbag.py:538} INFO - Filling up the DagBag from /home/airflow/.local/lib/python3.8/site-packages/airflow/example_dags/example_python_operator.py
[2024-02-25T21:00:21.521+0000] {processor.py:840} INFO - DAG(s) 'example_python_operator' retrieved from /home/airflow/.local/lib/python3.8/site-packages/airflow/example_dags/example_python_operator.py
[2024-02-25T21:00:21.545+0000] {logging_mixin.py:188} INFO - [2024-02-25T21:00:21.545+0000] {dag.py:3036} INFO - Sync 1 DAGs
[2024-02-25T21:00:21.558+0000] {logging_mixin.py:188} INFO - [2024-02-25T21:00:21.558+0000] {dag.py:3823} INFO - Setting next_dagrun for example_python_operator to None, run_after=None
[2024-02-25T21:00:21.581+0000] {processor.py:183} INFO - Processing /home/airflow/.local/lib/python3.8/site-packages/airflow/example_dags/example_python_operator.py took 0.082 seconds
[2024-02-25T21:00:51.825+0000] {processor.py:161} INFO - Started process (PID=9713) to work on /home/airflow/.local/lib/python3.8/site-packages/airflow/example_dags/example_python_operator.py
[2024-02-25T21:00:51.829+0000] {processor.py:830} INFO - Processing file /home/airflow/.local/lib/python3.8/site-packages/airflow/example_dags/example_python_operator.py for tasks to queue
[2024-02-25T21:00:51.830+0000] {logging_mixin.py:188} INFO - [2024-02-25T21:00:51.830+0000] {dagbag.py:538} INFO - Filling up the DagBag from /home/airflow/.local/lib/python3.8/site-packages/airflow/example_dags/example_python_operator.py
[2024-02-25T21:00:51.845+0000] {processor.py:840} INFO - DAG(s) 'example_python_operator' retrieved from /home/airflow/.local/lib/python3.8/site-packages/airflow/example_dags/example_python_operator.py
[2024-02-25T21:00:51.872+0000] {logging_mixin.py:188} INFO - [2024-02-25T21:00:51.871+0000] {dag.py:3036} INFO - Sync 1 DAGs
[2024-02-25T21:00:51.891+0000] {logging_mixin.py:188} INFO - [2024-02-25T21:00:51.891+0000] {dag.py:3823} INFO - Setting next_dagrun for example_python_operator to None, run_after=None
[2024-02-25T21:00:51.921+0000] {processor.py:183} INFO - Processing /home/airflow/.local/lib/python3.8/site-packages/airflow/example_dags/example_python_operator.py took 0.101 seconds
[2024-02-25T21:01:22.355+0000] {processor.py:161} INFO - Started process (PID=9776) to work on /home/airflow/.local/lib/python3.8/site-packages/airflow/example_dags/example_python_operator.py
[2024-02-25T21:01:22.357+0000] {processor.py:830} INFO - Processing file /home/airflow/.local/lib/python3.8/site-packages/airflow/example_dags/example_python_operator.py for tasks to queue
[2024-02-25T21:01:22.358+0000] {logging_mixin.py:188} INFO - [2024-02-25T21:01:22.357+0000] {dagbag.py:538} INFO - Filling up the DagBag from /home/airflow/.local/lib/python3.8/site-packages/airflow/example_dags/example_python_operator.py
[2024-02-25T21:01:22.372+0000] {processor.py:840} INFO - DAG(s) 'example_python_operator' retrieved from /home/airflow/.local/lib/python3.8/site-packages/airflow/example_dags/example_python_operator.py
[2024-02-25T21:01:22.395+0000] {logging_mixin.py:188} INFO - [2024-02-25T21:01:22.395+0000] {dag.py:3036} INFO - Sync 1 DAGs
[2024-02-25T21:01:22.408+0000] {logging_mixin.py:188} INFO - [2024-02-25T21:01:22.407+0000] {dag.py:3823} INFO - Setting next_dagrun for example_python_operator to None, run_after=None
[2024-02-25T21:01:22.429+0000] {processor.py:183} INFO - Processing /home/airflow/.local/lib/python3.8/site-packages/airflow/example_dags/example_python_operator.py took 0.077 seconds
[2024-02-25T21:01:52.835+0000] {processor.py:161} INFO - Started process (PID=9839) to work on /home/airflow/.local/lib/python3.8/site-packages/airflow/example_dags/example_python_operator.py
[2024-02-25T21:01:52.837+0000] {processor.py:830} INFO - Processing file /home/airflow/.local/lib/python3.8/site-packages/airflow/example_dags/example_python_operator.py for tasks to queue
[2024-02-25T21:01:52.838+0000] {logging_mixin.py:188} INFO - [2024-02-25T21:01:52.838+0000] {dagbag.py:538} INFO - Filling up the DagBag from /home/airflow/.local/lib/python3.8/site-packages/airflow/example_dags/example_python_operator.py
[2024-02-25T21:01:52.855+0000] {processor.py:840} INFO - DAG(s) 'example_python_operator' retrieved from /home/airflow/.local/lib/python3.8/site-packages/airflow/example_dags/example_python_operator.py
[2024-02-25T21:01:52.881+0000] {logging_mixin.py:188} INFO - [2024-02-25T21:01:52.881+0000] {dag.py:3036} INFO - Sync 1 DAGs
[2024-02-25T21:01:52.896+0000] {logging_mixin.py:188} INFO - [2024-02-25T21:01:52.896+0000] {dag.py:3823} INFO - Setting next_dagrun for example_python_operator to None, run_after=None
[2024-02-25T21:01:52.925+0000] {processor.py:183} INFO - Processing /home/airflow/.local/lib/python3.8/site-packages/airflow/example_dags/example_python_operator.py took 0.093 seconds
[2024-02-25T21:02:23.659+0000] {processor.py:161} INFO - Started process (PID=9902) to work on /home/airflow/.local/lib/python3.8/site-packages/airflow/example_dags/example_python_operator.py
[2024-02-25T21:02:23.660+0000] {processor.py:830} INFO - Processing file /home/airflow/.local/lib/python3.8/site-packages/airflow/example_dags/example_python_operator.py for tasks to queue
[2024-02-25T21:02:23.661+0000] {logging_mixin.py:188} INFO - [2024-02-25T21:02:23.661+0000] {dagbag.py:538} INFO - Filling up the DagBag from /home/airflow/.local/lib/python3.8/site-packages/airflow/example_dags/example_python_operator.py
[2024-02-25T21:02:23.674+0000] {processor.py:840} INFO - DAG(s) 'example_python_operator' retrieved from /home/airflow/.local/lib/python3.8/site-packages/airflow/example_dags/example_python_operator.py
[2024-02-25T21:02:23.697+0000] {logging_mixin.py:188} INFO - [2024-02-25T21:02:23.696+0000] {dag.py:3036} INFO - Sync 1 DAGs
[2024-02-25T21:02:23.709+0000] {logging_mixin.py:188} INFO - [2024-02-25T21:02:23.709+0000] {dag.py:3823} INFO - Setting next_dagrun for example_python_operator to None, run_after=None
[2024-02-25T21:02:23.730+0000] {processor.py:183} INFO - Processing /home/airflow/.local/lib/python3.8/site-packages/airflow/example_dags/example_python_operator.py took 0.075 seconds
[2024-02-25T21:02:54.528+0000] {processor.py:161} INFO - Started process (PID=9965) to work on /home/airflow/.local/lib/python3.8/site-packages/airflow/example_dags/example_python_operator.py
[2024-02-25T21:02:54.530+0000] {processor.py:830} INFO - Processing file /home/airflow/.local/lib/python3.8/site-packages/airflow/example_dags/example_python_operator.py for tasks to queue
[2024-02-25T21:02:54.531+0000] {logging_mixin.py:188} INFO - [2024-02-25T21:02:54.530+0000] {dagbag.py:538} INFO - Filling up the DagBag from /home/airflow/.local/lib/python3.8/site-packages/airflow/example_dags/example_python_operator.py
[2024-02-25T21:02:54.544+0000] {processor.py:840} INFO - DAG(s) 'example_python_operator' retrieved from /home/airflow/.local/lib/python3.8/site-packages/airflow/example_dags/example_python_operator.py
[2024-02-25T21:02:54.568+0000] {logging_mixin.py:188} INFO - [2024-02-25T21:02:54.568+0000] {dag.py:3036} INFO - Sync 1 DAGs
[2024-02-25T21:02:54.581+0000] {logging_mixin.py:188} INFO - [2024-02-25T21:02:54.581+0000] {dag.py:3823} INFO - Setting next_dagrun for example_python_operator to None, run_after=None
[2024-02-25T21:02:54.605+0000] {processor.py:183} INFO - Processing /home/airflow/.local/lib/python3.8/site-packages/airflow/example_dags/example_python_operator.py took 0.080 seconds
[2024-02-25T21:03:25.089+0000] {processor.py:161} INFO - Started process (PID=10028) to work on /home/airflow/.local/lib/python3.8/site-packages/airflow/example_dags/example_python_operator.py
[2024-02-25T21:03:25.090+0000] {processor.py:830} INFO - Processing file /home/airflow/.local/lib/python3.8/site-packages/airflow/example_dags/example_python_operator.py for tasks to queue
[2024-02-25T21:03:25.091+0000] {logging_mixin.py:188} INFO - [2024-02-25T21:03:25.091+0000] {dagbag.py:538} INFO - Filling up the DagBag from /home/airflow/.local/lib/python3.8/site-packages/airflow/example_dags/example_python_operator.py
[2024-02-25T21:03:25.104+0000] {processor.py:840} INFO - DAG(s) 'example_python_operator' retrieved from /home/airflow/.local/lib/python3.8/site-packages/airflow/example_dags/example_python_operator.py
[2024-02-25T21:03:25.150+0000] {logging_mixin.py:188} INFO - [2024-02-25T21:03:25.150+0000] {dag.py:3036} INFO - Sync 1 DAGs
[2024-02-25T21:03:25.164+0000] {logging_mixin.py:188} INFO - [2024-02-25T21:03:25.164+0000] {dag.py:3823} INFO - Setting next_dagrun for example_python_operator to None, run_after=None
[2024-02-25T21:03:25.189+0000] {processor.py:183} INFO - Processing /home/airflow/.local/lib/python3.8/site-packages/airflow/example_dags/example_python_operator.py took 0.103 seconds
[2024-02-25T21:03:55.668+0000] {processor.py:161} INFO - Started process (PID=10091) to work on /home/airflow/.local/lib/python3.8/site-packages/airflow/example_dags/example_python_operator.py
[2024-02-25T21:03:55.669+0000] {processor.py:830} INFO - Processing file /home/airflow/.local/lib/python3.8/site-packages/airflow/example_dags/example_python_operator.py for tasks to queue
[2024-02-25T21:03:55.670+0000] {logging_mixin.py:188} INFO - [2024-02-25T21:03:55.670+0000] {dagbag.py:538} INFO - Filling up the DagBag from /home/airflow/.local/lib/python3.8/site-packages/airflow/example_dags/example_python_operator.py
[2024-02-25T21:03:55.684+0000] {processor.py:840} INFO - DAG(s) 'example_python_operator' retrieved from /home/airflow/.local/lib/python3.8/site-packages/airflow/example_dags/example_python_operator.py
[2024-02-25T21:03:55.718+0000] {logging_mixin.py:188} INFO - [2024-02-25T21:03:55.717+0000] {dag.py:3036} INFO - Sync 1 DAGs
[2024-02-25T21:03:55.731+0000] {logging_mixin.py:188} INFO - [2024-02-25T21:03:55.731+0000] {dag.py:3823} INFO - Setting next_dagrun for example_python_operator to None, run_after=None
[2024-02-25T21:03:55.758+0000] {processor.py:183} INFO - Processing /home/airflow/.local/lib/python3.8/site-packages/airflow/example_dags/example_python_operator.py took 0.093 seconds
[2024-02-25T21:04:26.118+0000] {processor.py:161} INFO - Started process (PID=10154) to work on /home/airflow/.local/lib/python3.8/site-packages/airflow/example_dags/example_python_operator.py
[2024-02-25T21:04:26.120+0000] {processor.py:830} INFO - Processing file /home/airflow/.local/lib/python3.8/site-packages/airflow/example_dags/example_python_operator.py for tasks to queue
[2024-02-25T21:04:26.121+0000] {logging_mixin.py:188} INFO - [2024-02-25T21:04:26.120+0000] {dagbag.py:538} INFO - Filling up the DagBag from /home/airflow/.local/lib/python3.8/site-packages/airflow/example_dags/example_python_operator.py
[2024-02-25T21:04:26.133+0000] {processor.py:840} INFO - DAG(s) 'example_python_operator' retrieved from /home/airflow/.local/lib/python3.8/site-packages/airflow/example_dags/example_python_operator.py
[2024-02-25T21:04:26.155+0000] {logging_mixin.py:188} INFO - [2024-02-25T21:04:26.155+0000] {dag.py:3036} INFO - Sync 1 DAGs
[2024-02-25T21:04:26.168+0000] {logging_mixin.py:188} INFO - [2024-02-25T21:04:26.168+0000] {dag.py:3823} INFO - Setting next_dagrun for example_python_operator to None, run_after=None
[2024-02-25T21:04:26.192+0000] {processor.py:183} INFO - Processing /home/airflow/.local/lib/python3.8/site-packages/airflow/example_dags/example_python_operator.py took 0.078 seconds
[2024-02-25T21:04:56.711+0000] {processor.py:161} INFO - Started process (PID=10217) to work on /home/airflow/.local/lib/python3.8/site-packages/airflow/example_dags/example_python_operator.py
[2024-02-25T21:04:56.713+0000] {processor.py:830} INFO - Processing file /home/airflow/.local/lib/python3.8/site-packages/airflow/example_dags/example_python_operator.py for tasks to queue
[2024-02-25T21:04:56.714+0000] {logging_mixin.py:188} INFO - [2024-02-25T21:04:56.713+0000] {dagbag.py:538} INFO - Filling up the DagBag from /home/airflow/.local/lib/python3.8/site-packages/airflow/example_dags/example_python_operator.py
[2024-02-25T21:04:56.727+0000] {processor.py:840} INFO - DAG(s) 'example_python_operator' retrieved from /home/airflow/.local/lib/python3.8/site-packages/airflow/example_dags/example_python_operator.py
[2024-02-25T21:04:56.752+0000] {logging_mixin.py:188} INFO - [2024-02-25T21:04:56.751+0000] {dag.py:3036} INFO - Sync 1 DAGs
[2024-02-25T21:04:56.766+0000] {logging_mixin.py:188} INFO - [2024-02-25T21:04:56.766+0000] {dag.py:3823} INFO - Setting next_dagrun for example_python_operator to None, run_after=None
[2024-02-25T21:04:56.789+0000] {processor.py:183} INFO - Processing /home/airflow/.local/lib/python3.8/site-packages/airflow/example_dags/example_python_operator.py took 0.081 seconds
