[2024-02-25T00:03:57.894+0000] {processor.py:161} INFO - Started process (PID=5887) to work on /home/airflow/.local/lib/python3.8/site-packages/airflow/example_dags/example_setup_teardown.py
[2024-02-25T00:03:57.896+0000] {processor.py:830} INFO - Processing file /home/airflow/.local/lib/python3.8/site-packages/airflow/example_dags/example_setup_teardown.py for tasks to queue
[2024-02-25T00:03:57.897+0000] {logging_mixin.py:188} INFO - [2024-02-25T00:03:57.896+0000] {dagbag.py:538} INFO - Filling up the DagBag from /home/airflow/.local/lib/python3.8/site-packages/airflow/example_dags/example_setup_teardown.py
[2024-02-25T00:03:57.905+0000] {processor.py:840} INFO - DAG(s) 'example_setup_teardown' retrieved from /home/airflow/.local/lib/python3.8/site-packages/airflow/example_dags/example_setup_teardown.py
[2024-02-25T00:03:57.937+0000] {logging_mixin.py:188} INFO - [2024-02-25T00:03:57.937+0000] {dag.py:3036} INFO - Sync 1 DAGs
[2024-02-25T00:03:57.962+0000] {logging_mixin.py:188} INFO - [2024-02-25T00:03:57.962+0000] {dag.py:3823} INFO - Setting next_dagrun for example_setup_teardown to 2024-02-24 00:00:00+00:00, run_after=2024-02-25 00:00:00+00:00
[2024-02-25T00:03:57.985+0000] {processor.py:183} INFO - Processing /home/airflow/.local/lib/python3.8/site-packages/airflow/example_dags/example_setup_teardown.py took 0.096 seconds
[2024-02-25T00:04:28.289+0000] {processor.py:161} INFO - Started process (PID=5954) to work on /home/airflow/.local/lib/python3.8/site-packages/airflow/example_dags/example_setup_teardown.py
[2024-02-25T00:04:28.290+0000] {processor.py:830} INFO - Processing file /home/airflow/.local/lib/python3.8/site-packages/airflow/example_dags/example_setup_teardown.py for tasks to queue
[2024-02-25T00:04:28.291+0000] {logging_mixin.py:188} INFO - [2024-02-25T00:04:28.291+0000] {dagbag.py:538} INFO - Filling up the DagBag from /home/airflow/.local/lib/python3.8/site-packages/airflow/example_dags/example_setup_teardown.py
[2024-02-25T00:04:28.300+0000] {processor.py:840} INFO - DAG(s) 'example_setup_teardown' retrieved from /home/airflow/.local/lib/python3.8/site-packages/airflow/example_dags/example_setup_teardown.py
[2024-02-25T00:04:28.325+0000] {logging_mixin.py:188} INFO - [2024-02-25T00:04:28.325+0000] {dag.py:3036} INFO - Sync 1 DAGs
[2024-02-25T00:04:28.349+0000] {logging_mixin.py:188} INFO - [2024-02-25T00:04:28.349+0000] {dag.py:3823} INFO - Setting next_dagrun for example_setup_teardown to 2024-02-24 00:00:00+00:00, run_after=2024-02-25 00:00:00+00:00
[2024-02-25T00:04:28.373+0000] {processor.py:183} INFO - Processing /home/airflow/.local/lib/python3.8/site-packages/airflow/example_dags/example_setup_teardown.py took 0.088 seconds
[2024-02-25T00:04:59.123+0000] {processor.py:161} INFO - Started process (PID=6017) to work on /home/airflow/.local/lib/python3.8/site-packages/airflow/example_dags/example_setup_teardown.py
[2024-02-25T00:04:59.125+0000] {processor.py:830} INFO - Processing file /home/airflow/.local/lib/python3.8/site-packages/airflow/example_dags/example_setup_teardown.py for tasks to queue
[2024-02-25T00:04:59.126+0000] {logging_mixin.py:188} INFO - [2024-02-25T00:04:59.125+0000] {dagbag.py:538} INFO - Filling up the DagBag from /home/airflow/.local/lib/python3.8/site-packages/airflow/example_dags/example_setup_teardown.py
[2024-02-25T00:04:59.134+0000] {processor.py:840} INFO - DAG(s) 'example_setup_teardown' retrieved from /home/airflow/.local/lib/python3.8/site-packages/airflow/example_dags/example_setup_teardown.py
[2024-02-25T00:04:59.163+0000] {logging_mixin.py:188} INFO - [2024-02-25T00:04:59.162+0000] {dag.py:3036} INFO - Sync 1 DAGs
[2024-02-25T00:04:59.188+0000] {logging_mixin.py:188} INFO - [2024-02-25T00:04:59.187+0000] {dag.py:3823} INFO - Setting next_dagrun for example_setup_teardown to 2024-02-24 00:00:00+00:00, run_after=2024-02-25 00:00:00+00:00
[2024-02-25T00:04:59.211+0000] {processor.py:183} INFO - Processing /home/airflow/.local/lib/python3.8/site-packages/airflow/example_dags/example_setup_teardown.py took 0.093 seconds
[2024-02-25T00:05:29.651+0000] {processor.py:161} INFO - Started process (PID=6081) to work on /home/airflow/.local/lib/python3.8/site-packages/airflow/example_dags/example_setup_teardown.py
[2024-02-25T00:05:29.652+0000] {processor.py:830} INFO - Processing file /home/airflow/.local/lib/python3.8/site-packages/airflow/example_dags/example_setup_teardown.py for tasks to queue
[2024-02-25T00:05:29.653+0000] {logging_mixin.py:188} INFO - [2024-02-25T00:05:29.653+0000] {dagbag.py:538} INFO - Filling up the DagBag from /home/airflow/.local/lib/python3.8/site-packages/airflow/example_dags/example_setup_teardown.py
[2024-02-25T00:05:29.662+0000] {processor.py:840} INFO - DAG(s) 'example_setup_teardown' retrieved from /home/airflow/.local/lib/python3.8/site-packages/airflow/example_dags/example_setup_teardown.py
[2024-02-25T00:05:29.687+0000] {logging_mixin.py:188} INFO - [2024-02-25T00:05:29.686+0000] {dag.py:3036} INFO - Sync 1 DAGs
[2024-02-25T00:05:29.714+0000] {logging_mixin.py:188} INFO - [2024-02-25T00:05:29.714+0000] {dag.py:3823} INFO - Setting next_dagrun for example_setup_teardown to 2024-02-24 00:00:00+00:00, run_after=2024-02-25 00:00:00+00:00
[2024-02-25T00:05:29.745+0000] {processor.py:183} INFO - Processing /home/airflow/.local/lib/python3.8/site-packages/airflow/example_dags/example_setup_teardown.py took 0.098 seconds
[2024-02-25T00:06:00.413+0000] {processor.py:161} INFO - Started process (PID=6144) to work on /home/airflow/.local/lib/python3.8/site-packages/airflow/example_dags/example_setup_teardown.py
[2024-02-25T00:06:00.414+0000] {processor.py:830} INFO - Processing file /home/airflow/.local/lib/python3.8/site-packages/airflow/example_dags/example_setup_teardown.py for tasks to queue
[2024-02-25T00:06:00.415+0000] {logging_mixin.py:188} INFO - [2024-02-25T00:06:00.415+0000] {dagbag.py:538} INFO - Filling up the DagBag from /home/airflow/.local/lib/python3.8/site-packages/airflow/example_dags/example_setup_teardown.py
[2024-02-25T00:06:00.423+0000] {processor.py:840} INFO - DAG(s) 'example_setup_teardown' retrieved from /home/airflow/.local/lib/python3.8/site-packages/airflow/example_dags/example_setup_teardown.py
[2024-02-25T00:06:00.449+0000] {logging_mixin.py:188} INFO - [2024-02-25T00:06:00.449+0000] {dag.py:3036} INFO - Sync 1 DAGs
[2024-02-25T00:06:00.472+0000] {logging_mixin.py:188} INFO - [2024-02-25T00:06:00.472+0000] {dag.py:3823} INFO - Setting next_dagrun for example_setup_teardown to 2024-02-24 00:00:00+00:00, run_after=2024-02-25 00:00:00+00:00
[2024-02-25T00:06:00.494+0000] {processor.py:183} INFO - Processing /home/airflow/.local/lib/python3.8/site-packages/airflow/example_dags/example_setup_teardown.py took 0.085 seconds
[2024-02-25T00:06:31.215+0000] {processor.py:161} INFO - Started process (PID=6208) to work on /home/airflow/.local/lib/python3.8/site-packages/airflow/example_dags/example_setup_teardown.py
[2024-02-25T00:06:31.216+0000] {processor.py:830} INFO - Processing file /home/airflow/.local/lib/python3.8/site-packages/airflow/example_dags/example_setup_teardown.py for tasks to queue
[2024-02-25T00:06:31.217+0000] {logging_mixin.py:188} INFO - [2024-02-25T00:06:31.217+0000] {dagbag.py:538} INFO - Filling up the DagBag from /home/airflow/.local/lib/python3.8/site-packages/airflow/example_dags/example_setup_teardown.py
[2024-02-25T00:06:31.225+0000] {processor.py:840} INFO - DAG(s) 'example_setup_teardown' retrieved from /home/airflow/.local/lib/python3.8/site-packages/airflow/example_dags/example_setup_teardown.py
[2024-02-25T00:06:31.251+0000] {logging_mixin.py:188} INFO - [2024-02-25T00:06:31.250+0000] {dag.py:3036} INFO - Sync 1 DAGs
[2024-02-25T00:06:31.273+0000] {logging_mixin.py:188} INFO - [2024-02-25T00:06:31.273+0000] {dag.py:3823} INFO - Setting next_dagrun for example_setup_teardown to 2024-02-24 00:00:00+00:00, run_after=2024-02-25 00:00:00+00:00
[2024-02-25T00:06:31.295+0000] {processor.py:183} INFO - Processing /home/airflow/.local/lib/python3.8/site-packages/airflow/example_dags/example_setup_teardown.py took 0.084 seconds
[2024-02-25T00:07:02.073+0000] {processor.py:161} INFO - Started process (PID=6271) to work on /home/airflow/.local/lib/python3.8/site-packages/airflow/example_dags/example_setup_teardown.py
[2024-02-25T00:07:02.074+0000] {processor.py:830} INFO - Processing file /home/airflow/.local/lib/python3.8/site-packages/airflow/example_dags/example_setup_teardown.py for tasks to queue
[2024-02-25T00:07:02.075+0000] {logging_mixin.py:188} INFO - [2024-02-25T00:07:02.075+0000] {dagbag.py:538} INFO - Filling up the DagBag from /home/airflow/.local/lib/python3.8/site-packages/airflow/example_dags/example_setup_teardown.py
[2024-02-25T00:07:02.084+0000] {processor.py:840} INFO - DAG(s) 'example_setup_teardown' retrieved from /home/airflow/.local/lib/python3.8/site-packages/airflow/example_dags/example_setup_teardown.py
[2024-02-25T00:07:02.111+0000] {logging_mixin.py:188} INFO - [2024-02-25T00:07:02.110+0000] {dag.py:3036} INFO - Sync 1 DAGs
[2024-02-25T00:07:02.135+0000] {logging_mixin.py:188} INFO - [2024-02-25T00:07:02.135+0000] {dag.py:3823} INFO - Setting next_dagrun for example_setup_teardown to 2024-02-24 00:00:00+00:00, run_after=2024-02-25 00:00:00+00:00
[2024-02-25T00:07:02.162+0000] {processor.py:183} INFO - Processing /home/airflow/.local/lib/python3.8/site-packages/airflow/example_dags/example_setup_teardown.py took 0.093 seconds
[2024-02-25T00:07:32.895+0000] {processor.py:161} INFO - Started process (PID=6334) to work on /home/airflow/.local/lib/python3.8/site-packages/airflow/example_dags/example_setup_teardown.py
[2024-02-25T00:07:32.896+0000] {processor.py:830} INFO - Processing file /home/airflow/.local/lib/python3.8/site-packages/airflow/example_dags/example_setup_teardown.py for tasks to queue
[2024-02-25T00:07:32.897+0000] {logging_mixin.py:188} INFO - [2024-02-25T00:07:32.897+0000] {dagbag.py:538} INFO - Filling up the DagBag from /home/airflow/.local/lib/python3.8/site-packages/airflow/example_dags/example_setup_teardown.py
[2024-02-25T00:07:32.909+0000] {processor.py:840} INFO - DAG(s) 'example_setup_teardown' retrieved from /home/airflow/.local/lib/python3.8/site-packages/airflow/example_dags/example_setup_teardown.py
[2024-02-25T00:07:32.936+0000] {logging_mixin.py:188} INFO - [2024-02-25T00:07:32.935+0000] {dag.py:3036} INFO - Sync 1 DAGs
[2024-02-25T00:07:32.965+0000] {logging_mixin.py:188} INFO - [2024-02-25T00:07:32.965+0000] {dag.py:3823} INFO - Setting next_dagrun for example_setup_teardown to 2024-02-24 00:00:00+00:00, run_after=2024-02-25 00:00:00+00:00
[2024-02-25T00:07:33.003+0000] {processor.py:183} INFO - Processing /home/airflow/.local/lib/python3.8/site-packages/airflow/example_dags/example_setup_teardown.py took 0.112 seconds
[2024-02-25T00:08:04.085+0000] {processor.py:161} INFO - Started process (PID=6397) to work on /home/airflow/.local/lib/python3.8/site-packages/airflow/example_dags/example_setup_teardown.py
[2024-02-25T00:08:04.087+0000] {processor.py:830} INFO - Processing file /home/airflow/.local/lib/python3.8/site-packages/airflow/example_dags/example_setup_teardown.py for tasks to queue
[2024-02-25T00:08:04.088+0000] {logging_mixin.py:188} INFO - [2024-02-25T00:08:04.088+0000] {dagbag.py:538} INFO - Filling up the DagBag from /home/airflow/.local/lib/python3.8/site-packages/airflow/example_dags/example_setup_teardown.py
[2024-02-25T00:08:04.096+0000] {processor.py:840} INFO - DAG(s) 'example_setup_teardown' retrieved from /home/airflow/.local/lib/python3.8/site-packages/airflow/example_dags/example_setup_teardown.py
[2024-02-25T00:08:04.121+0000] {logging_mixin.py:188} INFO - [2024-02-25T00:08:04.121+0000] {dag.py:3036} INFO - Sync 1 DAGs
[2024-02-25T00:08:04.164+0000] {logging_mixin.py:188} INFO - [2024-02-25T00:08:04.163+0000] {dag.py:3823} INFO - Setting next_dagrun for example_setup_teardown to 2024-02-24 00:00:00+00:00, run_after=2024-02-25 00:00:00+00:00
[2024-02-25T00:08:04.188+0000] {processor.py:183} INFO - Processing /home/airflow/.local/lib/python3.8/site-packages/airflow/example_dags/example_setup_teardown.py took 0.106 seconds
[2024-02-25T00:08:34.630+0000] {processor.py:161} INFO - Started process (PID=6460) to work on /home/airflow/.local/lib/python3.8/site-packages/airflow/example_dags/example_setup_teardown.py
[2024-02-25T00:08:34.632+0000] {processor.py:830} INFO - Processing file /home/airflow/.local/lib/python3.8/site-packages/airflow/example_dags/example_setup_teardown.py for tasks to queue
[2024-02-25T00:08:34.633+0000] {logging_mixin.py:188} INFO - [2024-02-25T00:08:34.632+0000] {dagbag.py:538} INFO - Filling up the DagBag from /home/airflow/.local/lib/python3.8/site-packages/airflow/example_dags/example_setup_teardown.py
[2024-02-25T00:08:34.640+0000] {processor.py:840} INFO - DAG(s) 'example_setup_teardown' retrieved from /home/airflow/.local/lib/python3.8/site-packages/airflow/example_dags/example_setup_teardown.py
[2024-02-25T00:08:34.664+0000] {logging_mixin.py:188} INFO - [2024-02-25T00:08:34.663+0000] {dag.py:3036} INFO - Sync 1 DAGs
[2024-02-25T00:08:34.687+0000] {logging_mixin.py:188} INFO - [2024-02-25T00:08:34.687+0000] {dag.py:3823} INFO - Setting next_dagrun for example_setup_teardown to 2024-02-24 00:00:00+00:00, run_after=2024-02-25 00:00:00+00:00
[2024-02-25T00:08:34.718+0000] {processor.py:183} INFO - Processing /home/airflow/.local/lib/python3.8/site-packages/airflow/example_dags/example_setup_teardown.py took 0.091 seconds
[2024-02-25T00:09:05.410+0000] {processor.py:161} INFO - Started process (PID=6523) to work on /home/airflow/.local/lib/python3.8/site-packages/airflow/example_dags/example_setup_teardown.py
[2024-02-25T00:09:05.412+0000] {processor.py:830} INFO - Processing file /home/airflow/.local/lib/python3.8/site-packages/airflow/example_dags/example_setup_teardown.py for tasks to queue
[2024-02-25T00:09:05.413+0000] {logging_mixin.py:188} INFO - [2024-02-25T00:09:05.412+0000] {dagbag.py:538} INFO - Filling up the DagBag from /home/airflow/.local/lib/python3.8/site-packages/airflow/example_dags/example_setup_teardown.py
[2024-02-25T00:09:05.420+0000] {processor.py:840} INFO - DAG(s) 'example_setup_teardown' retrieved from /home/airflow/.local/lib/python3.8/site-packages/airflow/example_dags/example_setup_teardown.py
[2024-02-25T00:09:05.444+0000] {logging_mixin.py:188} INFO - [2024-02-25T00:09:05.443+0000] {dag.py:3036} INFO - Sync 1 DAGs
[2024-02-25T00:09:05.466+0000] {logging_mixin.py:188} INFO - [2024-02-25T00:09:05.466+0000] {dag.py:3823} INFO - Setting next_dagrun for example_setup_teardown to 2024-02-24 00:00:00+00:00, run_after=2024-02-25 00:00:00+00:00
[2024-02-25T00:09:05.489+0000] {processor.py:183} INFO - Processing /home/airflow/.local/lib/python3.8/site-packages/airflow/example_dags/example_setup_teardown.py took 0.083 seconds
[2024-02-25T18:16:22.502+0000] {processor.py:161} INFO - Started process (PID=6586) to work on /home/airflow/.local/lib/python3.8/site-packages/airflow/example_dags/example_setup_teardown.py
[2024-02-25T18:16:22.504+0000] {processor.py:830} INFO - Processing file /home/airflow/.local/lib/python3.8/site-packages/airflow/example_dags/example_setup_teardown.py for tasks to queue
[2024-02-25T18:16:22.505+0000] {logging_mixin.py:188} INFO - [2024-02-25T18:16:22.504+0000] {dagbag.py:538} INFO - Filling up the DagBag from /home/airflow/.local/lib/python3.8/site-packages/airflow/example_dags/example_setup_teardown.py
[2024-02-25T18:16:22.514+0000] {processor.py:840} INFO - DAG(s) 'example_setup_teardown' retrieved from /home/airflow/.local/lib/python3.8/site-packages/airflow/example_dags/example_setup_teardown.py
[2024-02-25T18:16:22.541+0000] {logging_mixin.py:188} INFO - [2024-02-25T18:16:22.540+0000] {dag.py:3036} INFO - Sync 1 DAGs
[2024-02-25T18:16:22.565+0000] {logging_mixin.py:188} INFO - [2024-02-25T18:16:22.565+0000] {dag.py:3823} INFO - Setting next_dagrun for example_setup_teardown to 2024-02-24 00:00:00+00:00, run_after=2024-02-25 00:00:00+00:00
[2024-02-25T18:16:22.589+0000] {processor.py:183} INFO - Processing /home/airflow/.local/lib/python3.8/site-packages/airflow/example_dags/example_setup_teardown.py took 0.090 seconds
[2024-02-25T18:16:52.894+0000] {processor.py:161} INFO - Started process (PID=6649) to work on /home/airflow/.local/lib/python3.8/site-packages/airflow/example_dags/example_setup_teardown.py
[2024-02-25T18:16:52.896+0000] {processor.py:830} INFO - Processing file /home/airflow/.local/lib/python3.8/site-packages/airflow/example_dags/example_setup_teardown.py for tasks to queue
[2024-02-25T18:16:52.897+0000] {logging_mixin.py:188} INFO - [2024-02-25T18:16:52.896+0000] {dagbag.py:538} INFO - Filling up the DagBag from /home/airflow/.local/lib/python3.8/site-packages/airflow/example_dags/example_setup_teardown.py
[2024-02-25T18:16:52.905+0000] {processor.py:840} INFO - DAG(s) 'example_setup_teardown' retrieved from /home/airflow/.local/lib/python3.8/site-packages/airflow/example_dags/example_setup_teardown.py
[2024-02-25T18:16:52.938+0000] {logging_mixin.py:188} INFO - [2024-02-25T18:16:52.937+0000] {dag.py:3036} INFO - Sync 1 DAGs
[2024-02-25T18:16:52.964+0000] {logging_mixin.py:188} INFO - [2024-02-25T18:16:52.964+0000] {dag.py:3823} INFO - Setting next_dagrun for example_setup_teardown to 2024-02-24 00:00:00+00:00, run_after=2024-02-25 00:00:00+00:00
[2024-02-25T18:16:52.989+0000] {processor.py:183} INFO - Processing /home/airflow/.local/lib/python3.8/site-packages/airflow/example_dags/example_setup_teardown.py took 0.099 seconds
[2024-02-25T18:17:23.988+0000] {processor.py:161} INFO - Started process (PID=6712) to work on /home/airflow/.local/lib/python3.8/site-packages/airflow/example_dags/example_setup_teardown.py
[2024-02-25T18:17:23.989+0000] {processor.py:830} INFO - Processing file /home/airflow/.local/lib/python3.8/site-packages/airflow/example_dags/example_setup_teardown.py for tasks to queue
[2024-02-25T18:17:23.991+0000] {logging_mixin.py:188} INFO - [2024-02-25T18:17:23.990+0000] {dagbag.py:538} INFO - Filling up the DagBag from /home/airflow/.local/lib/python3.8/site-packages/airflow/example_dags/example_setup_teardown.py
[2024-02-25T18:17:24.000+0000] {processor.py:840} INFO - DAG(s) 'example_setup_teardown' retrieved from /home/airflow/.local/lib/python3.8/site-packages/airflow/example_dags/example_setup_teardown.py
[2024-02-25T18:17:24.037+0000] {logging_mixin.py:188} INFO - [2024-02-25T18:17:24.036+0000] {dag.py:3036} INFO - Sync 1 DAGs
[2024-02-25T18:17:24.065+0000] {logging_mixin.py:188} INFO - [2024-02-25T18:17:24.065+0000] {dag.py:3823} INFO - Setting next_dagrun for example_setup_teardown to 2024-02-24 00:00:00+00:00, run_after=2024-02-25 00:00:00+00:00
[2024-02-25T18:17:24.104+0000] {processor.py:183} INFO - Processing /home/airflow/.local/lib/python3.8/site-packages/airflow/example_dags/example_setup_teardown.py took 0.120 seconds
[2024-02-25T18:17:54.249+0000] {processor.py:161} INFO - Started process (PID=6775) to work on /home/airflow/.local/lib/python3.8/site-packages/airflow/example_dags/example_setup_teardown.py
[2024-02-25T18:17:54.250+0000] {processor.py:830} INFO - Processing file /home/airflow/.local/lib/python3.8/site-packages/airflow/example_dags/example_setup_teardown.py for tasks to queue
[2024-02-25T18:17:54.251+0000] {logging_mixin.py:188} INFO - [2024-02-25T18:17:54.251+0000] {dagbag.py:538} INFO - Filling up the DagBag from /home/airflow/.local/lib/python3.8/site-packages/airflow/example_dags/example_setup_teardown.py
[2024-02-25T18:17:54.259+0000] {processor.py:840} INFO - DAG(s) 'example_setup_teardown' retrieved from /home/airflow/.local/lib/python3.8/site-packages/airflow/example_dags/example_setup_teardown.py
[2024-02-25T18:17:54.282+0000] {logging_mixin.py:188} INFO - [2024-02-25T18:17:54.282+0000] {dag.py:3036} INFO - Sync 1 DAGs
[2024-02-25T18:17:54.304+0000] {logging_mixin.py:188} INFO - [2024-02-25T18:17:54.303+0000] {dag.py:3823} INFO - Setting next_dagrun for example_setup_teardown to 2024-02-24 00:00:00+00:00, run_after=2024-02-25 00:00:00+00:00
[2024-02-25T18:17:54.325+0000] {processor.py:183} INFO - Processing /home/airflow/.local/lib/python3.8/site-packages/airflow/example_dags/example_setup_teardown.py took 0.080 seconds
[2024-02-25T18:18:25.146+0000] {processor.py:161} INFO - Started process (PID=6838) to work on /home/airflow/.local/lib/python3.8/site-packages/airflow/example_dags/example_setup_teardown.py
[2024-02-25T18:18:25.147+0000] {processor.py:830} INFO - Processing file /home/airflow/.local/lib/python3.8/site-packages/airflow/example_dags/example_setup_teardown.py for tasks to queue
[2024-02-25T18:18:25.148+0000] {logging_mixin.py:188} INFO - [2024-02-25T18:18:25.148+0000] {dagbag.py:538} INFO - Filling up the DagBag from /home/airflow/.local/lib/python3.8/site-packages/airflow/example_dags/example_setup_teardown.py
[2024-02-25T18:18:25.157+0000] {processor.py:840} INFO - DAG(s) 'example_setup_teardown' retrieved from /home/airflow/.local/lib/python3.8/site-packages/airflow/example_dags/example_setup_teardown.py
[2024-02-25T18:18:25.181+0000] {logging_mixin.py:188} INFO - [2024-02-25T18:18:25.181+0000] {dag.py:3036} INFO - Sync 1 DAGs
[2024-02-25T18:18:25.204+0000] {logging_mixin.py:188} INFO - [2024-02-25T18:18:25.204+0000] {dag.py:3823} INFO - Setting next_dagrun for example_setup_teardown to 2024-02-24 00:00:00+00:00, run_after=2024-02-25 00:00:00+00:00
[2024-02-25T18:18:25.225+0000] {processor.py:183} INFO - Processing /home/airflow/.local/lib/python3.8/site-packages/airflow/example_dags/example_setup_teardown.py took 0.084 seconds
[2024-02-25T18:18:55.830+0000] {processor.py:161} INFO - Started process (PID=6902) to work on /home/airflow/.local/lib/python3.8/site-packages/airflow/example_dags/example_setup_teardown.py
[2024-02-25T18:18:55.831+0000] {processor.py:830} INFO - Processing file /home/airflow/.local/lib/python3.8/site-packages/airflow/example_dags/example_setup_teardown.py for tasks to queue
[2024-02-25T18:18:55.832+0000] {logging_mixin.py:188} INFO - [2024-02-25T18:18:55.832+0000] {dagbag.py:538} INFO - Filling up the DagBag from /home/airflow/.local/lib/python3.8/site-packages/airflow/example_dags/example_setup_teardown.py
[2024-02-25T18:18:55.841+0000] {processor.py:840} INFO - DAG(s) 'example_setup_teardown' retrieved from /home/airflow/.local/lib/python3.8/site-packages/airflow/example_dags/example_setup_teardown.py
[2024-02-25T18:18:55.865+0000] {logging_mixin.py:188} INFO - [2024-02-25T18:18:55.865+0000] {dag.py:3036} INFO - Sync 1 DAGs
[2024-02-25T18:18:55.889+0000] {logging_mixin.py:188} INFO - [2024-02-25T18:18:55.888+0000] {dag.py:3823} INFO - Setting next_dagrun for example_setup_teardown to 2024-02-24 00:00:00+00:00, run_after=2024-02-25 00:00:00+00:00
[2024-02-25T18:18:55.912+0000] {processor.py:183} INFO - Processing /home/airflow/.local/lib/python3.8/site-packages/airflow/example_dags/example_setup_teardown.py took 0.086 seconds
[2024-02-25T18:19:26.908+0000] {processor.py:161} INFO - Started process (PID=6965) to work on /home/airflow/.local/lib/python3.8/site-packages/airflow/example_dags/example_setup_teardown.py
[2024-02-25T18:19:26.910+0000] {processor.py:830} INFO - Processing file /home/airflow/.local/lib/python3.8/site-packages/airflow/example_dags/example_setup_teardown.py for tasks to queue
[2024-02-25T18:19:26.911+0000] {logging_mixin.py:188} INFO - [2024-02-25T18:19:26.911+0000] {dagbag.py:538} INFO - Filling up the DagBag from /home/airflow/.local/lib/python3.8/site-packages/airflow/example_dags/example_setup_teardown.py
[2024-02-25T18:19:26.924+0000] {processor.py:840} INFO - DAG(s) 'example_setup_teardown' retrieved from /home/airflow/.local/lib/python3.8/site-packages/airflow/example_dags/example_setup_teardown.py
[2024-02-25T18:19:26.956+0000] {logging_mixin.py:188} INFO - [2024-02-25T18:19:26.955+0000] {dag.py:3036} INFO - Sync 1 DAGs
[2024-02-25T18:19:26.988+0000] {logging_mixin.py:188} INFO - [2024-02-25T18:19:26.988+0000] {dag.py:3823} INFO - Setting next_dagrun for example_setup_teardown to 2024-02-24 00:00:00+00:00, run_after=2024-02-25 00:00:00+00:00
[2024-02-25T18:19:27.021+0000] {processor.py:183} INFO - Processing /home/airflow/.local/lib/python3.8/site-packages/airflow/example_dags/example_setup_teardown.py took 0.116 seconds
[2024-02-25T18:19:57.800+0000] {processor.py:161} INFO - Started process (PID=7033) to work on /home/airflow/.local/lib/python3.8/site-packages/airflow/example_dags/example_setup_teardown.py
[2024-02-25T18:19:57.801+0000] {processor.py:830} INFO - Processing file /home/airflow/.local/lib/python3.8/site-packages/airflow/example_dags/example_setup_teardown.py for tasks to queue
[2024-02-25T18:19:57.802+0000] {logging_mixin.py:188} INFO - [2024-02-25T18:19:57.802+0000] {dagbag.py:538} INFO - Filling up the DagBag from /home/airflow/.local/lib/python3.8/site-packages/airflow/example_dags/example_setup_teardown.py
[2024-02-25T18:19:57.810+0000] {processor.py:840} INFO - DAG(s) 'example_setup_teardown' retrieved from /home/airflow/.local/lib/python3.8/site-packages/airflow/example_dags/example_setup_teardown.py
[2024-02-25T18:19:57.836+0000] {logging_mixin.py:188} INFO - [2024-02-25T18:19:57.835+0000] {dag.py:3036} INFO - Sync 1 DAGs
[2024-02-25T18:19:57.860+0000] {logging_mixin.py:188} INFO - [2024-02-25T18:19:57.860+0000] {dag.py:3823} INFO - Setting next_dagrun for example_setup_teardown to 2024-02-24 00:00:00+00:00, run_after=2024-02-25 00:00:00+00:00
[2024-02-25T18:19:57.882+0000] {processor.py:183} INFO - Processing /home/airflow/.local/lib/python3.8/site-packages/airflow/example_dags/example_setup_teardown.py took 0.086 seconds
[2024-02-25T18:20:28.317+0000] {processor.py:161} INFO - Started process (PID=7096) to work on /home/airflow/.local/lib/python3.8/site-packages/airflow/example_dags/example_setup_teardown.py
[2024-02-25T18:20:28.318+0000] {processor.py:830} INFO - Processing file /home/airflow/.local/lib/python3.8/site-packages/airflow/example_dags/example_setup_teardown.py for tasks to queue
[2024-02-25T18:20:28.319+0000] {logging_mixin.py:188} INFO - [2024-02-25T18:20:28.319+0000] {dagbag.py:538} INFO - Filling up the DagBag from /home/airflow/.local/lib/python3.8/site-packages/airflow/example_dags/example_setup_teardown.py
[2024-02-25T18:20:28.328+0000] {processor.py:840} INFO - DAG(s) 'example_setup_teardown' retrieved from /home/airflow/.local/lib/python3.8/site-packages/airflow/example_dags/example_setup_teardown.py
[2024-02-25T18:20:28.352+0000] {logging_mixin.py:188} INFO - [2024-02-25T18:20:28.352+0000] {dag.py:3036} INFO - Sync 1 DAGs
[2024-02-25T18:20:28.381+0000] {logging_mixin.py:188} INFO - [2024-02-25T18:20:28.380+0000] {dag.py:3823} INFO - Setting next_dagrun for example_setup_teardown to 2024-02-24 00:00:00+00:00, run_after=2024-02-25 00:00:00+00:00
[2024-02-25T18:20:28.423+0000] {processor.py:183} INFO - Processing /home/airflow/.local/lib/python3.8/site-packages/airflow/example_dags/example_setup_teardown.py took 0.110 seconds
[2024-02-25T18:20:58.638+0000] {processor.py:161} INFO - Started process (PID=7157) to work on /home/airflow/.local/lib/python3.8/site-packages/airflow/example_dags/example_setup_teardown.py
[2024-02-25T18:20:58.639+0000] {processor.py:830} INFO - Processing file /home/airflow/.local/lib/python3.8/site-packages/airflow/example_dags/example_setup_teardown.py for tasks to queue
[2024-02-25T18:20:58.641+0000] {logging_mixin.py:188} INFO - [2024-02-25T18:20:58.640+0000] {dagbag.py:538} INFO - Filling up the DagBag from /home/airflow/.local/lib/python3.8/site-packages/airflow/example_dags/example_setup_teardown.py
[2024-02-25T18:20:58.649+0000] {processor.py:840} INFO - DAG(s) 'example_setup_teardown' retrieved from /home/airflow/.local/lib/python3.8/site-packages/airflow/example_dags/example_setup_teardown.py
[2024-02-25T18:20:58.674+0000] {logging_mixin.py:188} INFO - [2024-02-25T18:20:58.674+0000] {dag.py:3036} INFO - Sync 1 DAGs
[2024-02-25T18:20:58.697+0000] {logging_mixin.py:188} INFO - [2024-02-25T18:20:58.696+0000] {dag.py:3823} INFO - Setting next_dagrun for example_setup_teardown to 2024-02-24 00:00:00+00:00, run_after=2024-02-25 00:00:00+00:00
[2024-02-25T18:20:58.718+0000] {processor.py:183} INFO - Processing /home/airflow/.local/lib/python3.8/site-packages/airflow/example_dags/example_setup_teardown.py took 0.085 seconds
[2024-02-25T18:21:29.230+0000] {processor.py:161} INFO - Started process (PID=7221) to work on /home/airflow/.local/lib/python3.8/site-packages/airflow/example_dags/example_setup_teardown.py
[2024-02-25T18:21:29.231+0000] {processor.py:830} INFO - Processing file /home/airflow/.local/lib/python3.8/site-packages/airflow/example_dags/example_setup_teardown.py for tasks to queue
[2024-02-25T18:21:29.233+0000] {logging_mixin.py:188} INFO - [2024-02-25T18:21:29.232+0000] {dagbag.py:538} INFO - Filling up the DagBag from /home/airflow/.local/lib/python3.8/site-packages/airflow/example_dags/example_setup_teardown.py
[2024-02-25T18:21:29.242+0000] {processor.py:840} INFO - DAG(s) 'example_setup_teardown' retrieved from /home/airflow/.local/lib/python3.8/site-packages/airflow/example_dags/example_setup_teardown.py
[2024-02-25T18:21:29.266+0000] {logging_mixin.py:188} INFO - [2024-02-25T18:21:29.266+0000] {dag.py:3036} INFO - Sync 1 DAGs
[2024-02-25T18:21:29.290+0000] {logging_mixin.py:188} INFO - [2024-02-25T18:21:29.290+0000] {dag.py:3823} INFO - Setting next_dagrun for example_setup_teardown to 2024-02-24 00:00:00+00:00, run_after=2024-02-25 00:00:00+00:00
[2024-02-25T18:21:29.318+0000] {processor.py:183} INFO - Processing /home/airflow/.local/lib/python3.8/site-packages/airflow/example_dags/example_setup_teardown.py took 0.092 seconds
[2024-02-25T18:21:59.862+0000] {processor.py:161} INFO - Started process (PID=7284) to work on /home/airflow/.local/lib/python3.8/site-packages/airflow/example_dags/example_setup_teardown.py
[2024-02-25T18:21:59.863+0000] {processor.py:830} INFO - Processing file /home/airflow/.local/lib/python3.8/site-packages/airflow/example_dags/example_setup_teardown.py for tasks to queue
[2024-02-25T18:21:59.864+0000] {logging_mixin.py:188} INFO - [2024-02-25T18:21:59.864+0000] {dagbag.py:538} INFO - Filling up the DagBag from /home/airflow/.local/lib/python3.8/site-packages/airflow/example_dags/example_setup_teardown.py
[2024-02-25T18:21:59.872+0000] {processor.py:840} INFO - DAG(s) 'example_setup_teardown' retrieved from /home/airflow/.local/lib/python3.8/site-packages/airflow/example_dags/example_setup_teardown.py
[2024-02-25T18:21:59.896+0000] {logging_mixin.py:188} INFO - [2024-02-25T18:21:59.896+0000] {dag.py:3036} INFO - Sync 1 DAGs
[2024-02-25T18:21:59.922+0000] {logging_mixin.py:188} INFO - [2024-02-25T18:21:59.921+0000] {dag.py:3823} INFO - Setting next_dagrun for example_setup_teardown to 2024-02-24 00:00:00+00:00, run_after=2024-02-25 00:00:00+00:00
[2024-02-25T18:21:59.945+0000] {processor.py:183} INFO - Processing /home/airflow/.local/lib/python3.8/site-packages/airflow/example_dags/example_setup_teardown.py took 0.086 seconds
[2024-02-25T18:22:31.150+0000] {processor.py:161} INFO - Started process (PID=7347) to work on /home/airflow/.local/lib/python3.8/site-packages/airflow/example_dags/example_setup_teardown.py
[2024-02-25T18:22:31.151+0000] {processor.py:830} INFO - Processing file /home/airflow/.local/lib/python3.8/site-packages/airflow/example_dags/example_setup_teardown.py for tasks to queue
[2024-02-25T18:22:31.152+0000] {logging_mixin.py:188} INFO - [2024-02-25T18:22:31.152+0000] {dagbag.py:538} INFO - Filling up the DagBag from /home/airflow/.local/lib/python3.8/site-packages/airflow/example_dags/example_setup_teardown.py
[2024-02-25T18:22:31.160+0000] {processor.py:840} INFO - DAG(s) 'example_setup_teardown' retrieved from /home/airflow/.local/lib/python3.8/site-packages/airflow/example_dags/example_setup_teardown.py
[2024-02-25T18:22:31.184+0000] {logging_mixin.py:188} INFO - [2024-02-25T18:22:31.183+0000] {dag.py:3036} INFO - Sync 1 DAGs
[2024-02-25T18:22:31.209+0000] {logging_mixin.py:188} INFO - [2024-02-25T18:22:31.208+0000] {dag.py:3823} INFO - Setting next_dagrun for example_setup_teardown to 2024-02-24 00:00:00+00:00, run_after=2024-02-25 00:00:00+00:00
[2024-02-25T18:22:31.232+0000] {processor.py:183} INFO - Processing /home/airflow/.local/lib/python3.8/site-packages/airflow/example_dags/example_setup_teardown.py took 0.086 seconds
[2024-02-25T18:23:01.869+0000] {processor.py:161} INFO - Started process (PID=7410) to work on /home/airflow/.local/lib/python3.8/site-packages/airflow/example_dags/example_setup_teardown.py
[2024-02-25T18:23:01.870+0000] {processor.py:830} INFO - Processing file /home/airflow/.local/lib/python3.8/site-packages/airflow/example_dags/example_setup_teardown.py for tasks to queue
[2024-02-25T18:23:01.871+0000] {logging_mixin.py:188} INFO - [2024-02-25T18:23:01.871+0000] {dagbag.py:538} INFO - Filling up the DagBag from /home/airflow/.local/lib/python3.8/site-packages/airflow/example_dags/example_setup_teardown.py
[2024-02-25T18:23:01.879+0000] {processor.py:840} INFO - DAG(s) 'example_setup_teardown' retrieved from /home/airflow/.local/lib/python3.8/site-packages/airflow/example_dags/example_setup_teardown.py
[2024-02-25T18:23:01.902+0000] {logging_mixin.py:188} INFO - [2024-02-25T18:23:01.902+0000] {dag.py:3036} INFO - Sync 1 DAGs
[2024-02-25T18:23:01.928+0000] {logging_mixin.py:188} INFO - [2024-02-25T18:23:01.928+0000] {dag.py:3823} INFO - Setting next_dagrun for example_setup_teardown to 2024-02-24 00:00:00+00:00, run_after=2024-02-25 00:00:00+00:00
[2024-02-25T18:23:01.953+0000] {processor.py:183} INFO - Processing /home/airflow/.local/lib/python3.8/site-packages/airflow/example_dags/example_setup_teardown.py took 0.089 seconds
[2024-02-25T18:23:53.139+0000] {processor.py:161} INFO - Started process (PID=7473) to work on /home/airflow/.local/lib/python3.8/site-packages/airflow/example_dags/example_setup_teardown.py
[2024-02-25T18:23:53.140+0000] {processor.py:830} INFO - Processing file /home/airflow/.local/lib/python3.8/site-packages/airflow/example_dags/example_setup_teardown.py for tasks to queue
[2024-02-25T18:23:53.142+0000] {logging_mixin.py:188} INFO - [2024-02-25T18:23:53.141+0000] {dagbag.py:538} INFO - Filling up the DagBag from /home/airflow/.local/lib/python3.8/site-packages/airflow/example_dags/example_setup_teardown.py
[2024-02-25T18:23:53.150+0000] {processor.py:840} INFO - DAG(s) 'example_setup_teardown' retrieved from /home/airflow/.local/lib/python3.8/site-packages/airflow/example_dags/example_setup_teardown.py
[2024-02-25T18:23:53.175+0000] {logging_mixin.py:188} INFO - [2024-02-25T18:23:53.175+0000] {dag.py:3036} INFO - Sync 1 DAGs
[2024-02-25T18:23:53.198+0000] {logging_mixin.py:188} INFO - [2024-02-25T18:23:53.198+0000] {dag.py:3823} INFO - Setting next_dagrun for example_setup_teardown to 2024-02-24 00:00:00+00:00, run_after=2024-02-25 00:00:00+00:00
[2024-02-25T18:23:53.255+0000] {processor.py:183} INFO - Processing /home/airflow/.local/lib/python3.8/site-packages/airflow/example_dags/example_setup_teardown.py took 0.120 seconds
[2024-02-25T18:24:23.972+0000] {processor.py:161} INFO - Started process (PID=7536) to work on /home/airflow/.local/lib/python3.8/site-packages/airflow/example_dags/example_setup_teardown.py
[2024-02-25T18:24:23.973+0000] {processor.py:830} INFO - Processing file /home/airflow/.local/lib/python3.8/site-packages/airflow/example_dags/example_setup_teardown.py for tasks to queue
[2024-02-25T18:24:23.974+0000] {logging_mixin.py:188} INFO - [2024-02-25T18:24:23.974+0000] {dagbag.py:538} INFO - Filling up the DagBag from /home/airflow/.local/lib/python3.8/site-packages/airflow/example_dags/example_setup_teardown.py
[2024-02-25T18:24:23.983+0000] {processor.py:840} INFO - DAG(s) 'example_setup_teardown' retrieved from /home/airflow/.local/lib/python3.8/site-packages/airflow/example_dags/example_setup_teardown.py
[2024-02-25T18:24:24.010+0000] {logging_mixin.py:188} INFO - [2024-02-25T18:24:24.010+0000] {dag.py:3036} INFO - Sync 1 DAGs
[2024-02-25T18:24:24.035+0000] {logging_mixin.py:188} INFO - [2024-02-25T18:24:24.035+0000] {dag.py:3823} INFO - Setting next_dagrun for example_setup_teardown to 2024-02-24 00:00:00+00:00, run_after=2024-02-25 00:00:00+00:00
[2024-02-25T18:24:24.066+0000] {processor.py:183} INFO - Processing /home/airflow/.local/lib/python3.8/site-packages/airflow/example_dags/example_setup_teardown.py took 0.099 seconds
[2024-02-25T18:24:55.154+0000] {processor.py:161} INFO - Started process (PID=7599) to work on /home/airflow/.local/lib/python3.8/site-packages/airflow/example_dags/example_setup_teardown.py
[2024-02-25T18:24:55.155+0000] {processor.py:830} INFO - Processing file /home/airflow/.local/lib/python3.8/site-packages/airflow/example_dags/example_setup_teardown.py for tasks to queue
[2024-02-25T18:24:55.156+0000] {logging_mixin.py:188} INFO - [2024-02-25T18:24:55.156+0000] {dagbag.py:538} INFO - Filling up the DagBag from /home/airflow/.local/lib/python3.8/site-packages/airflow/example_dags/example_setup_teardown.py
[2024-02-25T18:24:55.164+0000] {processor.py:840} INFO - DAG(s) 'example_setup_teardown' retrieved from /home/airflow/.local/lib/python3.8/site-packages/airflow/example_dags/example_setup_teardown.py
[2024-02-25T18:24:55.189+0000] {logging_mixin.py:188} INFO - [2024-02-25T18:24:55.188+0000] {dag.py:3036} INFO - Sync 1 DAGs
[2024-02-25T18:24:55.213+0000] {logging_mixin.py:188} INFO - [2024-02-25T18:24:55.212+0000] {dag.py:3823} INFO - Setting next_dagrun for example_setup_teardown to 2024-02-24 00:00:00+00:00, run_after=2024-02-25 00:00:00+00:00
[2024-02-25T18:24:55.238+0000] {processor.py:183} INFO - Processing /home/airflow/.local/lib/python3.8/site-packages/airflow/example_dags/example_setup_teardown.py took 0.088 seconds
[2024-02-25T18:25:26.159+0000] {processor.py:161} INFO - Started process (PID=7662) to work on /home/airflow/.local/lib/python3.8/site-packages/airflow/example_dags/example_setup_teardown.py
[2024-02-25T18:25:26.161+0000] {processor.py:830} INFO - Processing file /home/airflow/.local/lib/python3.8/site-packages/airflow/example_dags/example_setup_teardown.py for tasks to queue
[2024-02-25T18:25:26.163+0000] {logging_mixin.py:188} INFO - [2024-02-25T18:25:26.162+0000] {dagbag.py:538} INFO - Filling up the DagBag from /home/airflow/.local/lib/python3.8/site-packages/airflow/example_dags/example_setup_teardown.py
[2024-02-25T18:25:26.171+0000] {processor.py:840} INFO - DAG(s) 'example_setup_teardown' retrieved from /home/airflow/.local/lib/python3.8/site-packages/airflow/example_dags/example_setup_teardown.py
[2024-02-25T18:25:26.199+0000] {logging_mixin.py:188} INFO - [2024-02-25T18:25:26.198+0000] {dag.py:3036} INFO - Sync 1 DAGs
[2024-02-25T18:25:26.220+0000] {logging_mixin.py:188} INFO - [2024-02-25T18:25:26.220+0000] {dag.py:3823} INFO - Setting next_dagrun for example_setup_teardown to 2024-02-24 00:00:00+00:00, run_after=2024-02-25 00:00:00+00:00
[2024-02-25T18:25:26.244+0000] {processor.py:183} INFO - Processing /home/airflow/.local/lib/python3.8/site-packages/airflow/example_dags/example_setup_teardown.py took 0.089 seconds
[2024-02-25T18:25:56.846+0000] {processor.py:161} INFO - Started process (PID=7725) to work on /home/airflow/.local/lib/python3.8/site-packages/airflow/example_dags/example_setup_teardown.py
[2024-02-25T18:25:56.847+0000] {processor.py:830} INFO - Processing file /home/airflow/.local/lib/python3.8/site-packages/airflow/example_dags/example_setup_teardown.py for tasks to queue
[2024-02-25T18:25:56.848+0000] {logging_mixin.py:188} INFO - [2024-02-25T18:25:56.848+0000] {dagbag.py:538} INFO - Filling up the DagBag from /home/airflow/.local/lib/python3.8/site-packages/airflow/example_dags/example_setup_teardown.py
[2024-02-25T18:25:56.856+0000] {processor.py:840} INFO - DAG(s) 'example_setup_teardown' retrieved from /home/airflow/.local/lib/python3.8/site-packages/airflow/example_dags/example_setup_teardown.py
[2024-02-25T18:25:56.879+0000] {logging_mixin.py:188} INFO - [2024-02-25T18:25:56.879+0000] {dag.py:3036} INFO - Sync 1 DAGs
[2024-02-25T18:25:56.901+0000] {logging_mixin.py:188} INFO - [2024-02-25T18:25:56.900+0000] {dag.py:3823} INFO - Setting next_dagrun for example_setup_teardown to 2024-02-24 00:00:00+00:00, run_after=2024-02-25 00:00:00+00:00
[2024-02-25T18:25:56.925+0000] {processor.py:183} INFO - Processing /home/airflow/.local/lib/python3.8/site-packages/airflow/example_dags/example_setup_teardown.py took 0.083 seconds
[2024-02-25T18:26:27.704+0000] {processor.py:161} INFO - Started process (PID=7789) to work on /home/airflow/.local/lib/python3.8/site-packages/airflow/example_dags/example_setup_teardown.py
[2024-02-25T18:26:27.705+0000] {processor.py:830} INFO - Processing file /home/airflow/.local/lib/python3.8/site-packages/airflow/example_dags/example_setup_teardown.py for tasks to queue
[2024-02-25T18:26:27.707+0000] {logging_mixin.py:188} INFO - [2024-02-25T18:26:27.706+0000] {dagbag.py:538} INFO - Filling up the DagBag from /home/airflow/.local/lib/python3.8/site-packages/airflow/example_dags/example_setup_teardown.py
[2024-02-25T18:26:27.714+0000] {processor.py:840} INFO - DAG(s) 'example_setup_teardown' retrieved from /home/airflow/.local/lib/python3.8/site-packages/airflow/example_dags/example_setup_teardown.py
[2024-02-25T18:26:27.737+0000] {logging_mixin.py:188} INFO - [2024-02-25T18:26:27.737+0000] {dag.py:3036} INFO - Sync 1 DAGs
[2024-02-25T18:26:27.758+0000] {logging_mixin.py:188} INFO - [2024-02-25T18:26:27.757+0000] {dag.py:3823} INFO - Setting next_dagrun for example_setup_teardown to 2024-02-24 00:00:00+00:00, run_after=2024-02-25 00:00:00+00:00
[2024-02-25T18:26:27.780+0000] {processor.py:183} INFO - Processing /home/airflow/.local/lib/python3.8/site-packages/airflow/example_dags/example_setup_teardown.py took 0.081 seconds
[2024-02-25T18:26:58.512+0000] {processor.py:161} INFO - Started process (PID=7851) to work on /home/airflow/.local/lib/python3.8/site-packages/airflow/example_dags/example_setup_teardown.py
[2024-02-25T18:26:58.513+0000] {processor.py:830} INFO - Processing file /home/airflow/.local/lib/python3.8/site-packages/airflow/example_dags/example_setup_teardown.py for tasks to queue
[2024-02-25T18:26:58.514+0000] {logging_mixin.py:188} INFO - [2024-02-25T18:26:58.514+0000] {dagbag.py:538} INFO - Filling up the DagBag from /home/airflow/.local/lib/python3.8/site-packages/airflow/example_dags/example_setup_teardown.py
[2024-02-25T18:26:58.522+0000] {processor.py:840} INFO - DAG(s) 'example_setup_teardown' retrieved from /home/airflow/.local/lib/python3.8/site-packages/airflow/example_dags/example_setup_teardown.py
[2024-02-25T18:26:58.546+0000] {logging_mixin.py:188} INFO - [2024-02-25T18:26:58.546+0000] {dag.py:3036} INFO - Sync 1 DAGs
[2024-02-25T18:26:58.570+0000] {logging_mixin.py:188} INFO - [2024-02-25T18:26:58.569+0000] {dag.py:3823} INFO - Setting next_dagrun for example_setup_teardown to 2024-02-24 00:00:00+00:00, run_after=2024-02-25 00:00:00+00:00
[2024-02-25T18:26:58.593+0000] {processor.py:183} INFO - Processing /home/airflow/.local/lib/python3.8/site-packages/airflow/example_dags/example_setup_teardown.py took 0.087 seconds
[2024-02-25T18:27:29.293+0000] {processor.py:161} INFO - Started process (PID=7914) to work on /home/airflow/.local/lib/python3.8/site-packages/airflow/example_dags/example_setup_teardown.py
[2024-02-25T18:27:29.294+0000] {processor.py:830} INFO - Processing file /home/airflow/.local/lib/python3.8/site-packages/airflow/example_dags/example_setup_teardown.py for tasks to queue
[2024-02-25T18:27:29.295+0000] {logging_mixin.py:188} INFO - [2024-02-25T18:27:29.295+0000] {dagbag.py:538} INFO - Filling up the DagBag from /home/airflow/.local/lib/python3.8/site-packages/airflow/example_dags/example_setup_teardown.py
[2024-02-25T18:27:29.303+0000] {processor.py:840} INFO - DAG(s) 'example_setup_teardown' retrieved from /home/airflow/.local/lib/python3.8/site-packages/airflow/example_dags/example_setup_teardown.py
[2024-02-25T18:27:29.327+0000] {logging_mixin.py:188} INFO - [2024-02-25T18:27:29.326+0000] {dag.py:3036} INFO - Sync 1 DAGs
[2024-02-25T18:27:29.350+0000] {logging_mixin.py:188} INFO - [2024-02-25T18:27:29.350+0000] {dag.py:3823} INFO - Setting next_dagrun for example_setup_teardown to 2024-02-24 00:00:00+00:00, run_after=2024-02-25 00:00:00+00:00
[2024-02-25T18:27:29.375+0000] {processor.py:183} INFO - Processing /home/airflow/.local/lib/python3.8/site-packages/airflow/example_dags/example_setup_teardown.py took 0.085 seconds
[2024-02-25T18:27:59.419+0000] {processor.py:161} INFO - Started process (PID=7976) to work on /home/airflow/.local/lib/python3.8/site-packages/airflow/example_dags/example_setup_teardown.py
[2024-02-25T18:27:59.420+0000] {processor.py:830} INFO - Processing file /home/airflow/.local/lib/python3.8/site-packages/airflow/example_dags/example_setup_teardown.py for tasks to queue
[2024-02-25T18:27:59.421+0000] {logging_mixin.py:188} INFO - [2024-02-25T18:27:59.421+0000] {dagbag.py:538} INFO - Filling up the DagBag from /home/airflow/.local/lib/python3.8/site-packages/airflow/example_dags/example_setup_teardown.py
[2024-02-25T18:27:59.429+0000] {processor.py:840} INFO - DAG(s) 'example_setup_teardown' retrieved from /home/airflow/.local/lib/python3.8/site-packages/airflow/example_dags/example_setup_teardown.py
[2024-02-25T18:27:59.451+0000] {logging_mixin.py:188} INFO - [2024-02-25T18:27:59.451+0000] {dag.py:3036} INFO - Sync 1 DAGs
[2024-02-25T18:27:59.474+0000] {logging_mixin.py:188} INFO - [2024-02-25T18:27:59.474+0000] {dag.py:3823} INFO - Setting next_dagrun for example_setup_teardown to 2024-02-24 00:00:00+00:00, run_after=2024-02-25 00:00:00+00:00
[2024-02-25T18:27:59.499+0000] {processor.py:183} INFO - Processing /home/airflow/.local/lib/python3.8/site-packages/airflow/example_dags/example_setup_teardown.py took 0.084 seconds
[2024-02-25T18:28:30.266+0000] {processor.py:161} INFO - Started process (PID=8039) to work on /home/airflow/.local/lib/python3.8/site-packages/airflow/example_dags/example_setup_teardown.py
[2024-02-25T18:28:30.268+0000] {processor.py:830} INFO - Processing file /home/airflow/.local/lib/python3.8/site-packages/airflow/example_dags/example_setup_teardown.py for tasks to queue
[2024-02-25T18:28:30.269+0000] {logging_mixin.py:188} INFO - [2024-02-25T18:28:30.269+0000] {dagbag.py:538} INFO - Filling up the DagBag from /home/airflow/.local/lib/python3.8/site-packages/airflow/example_dags/example_setup_teardown.py
[2024-02-25T18:28:30.279+0000] {processor.py:840} INFO - DAG(s) 'example_setup_teardown' retrieved from /home/airflow/.local/lib/python3.8/site-packages/airflow/example_dags/example_setup_teardown.py
[2024-02-25T18:28:30.303+0000] {logging_mixin.py:188} INFO - [2024-02-25T18:28:30.303+0000] {dag.py:3036} INFO - Sync 1 DAGs
[2024-02-25T18:28:30.325+0000] {logging_mixin.py:188} INFO - [2024-02-25T18:28:30.325+0000] {dag.py:3823} INFO - Setting next_dagrun for example_setup_teardown to 2024-02-24 00:00:00+00:00, run_after=2024-02-25 00:00:00+00:00
[2024-02-25T18:28:30.351+0000] {processor.py:183} INFO - Processing /home/airflow/.local/lib/python3.8/site-packages/airflow/example_dags/example_setup_teardown.py took 0.090 seconds
[2024-02-25T18:29:01.119+0000] {processor.py:161} INFO - Started process (PID=8101) to work on /home/airflow/.local/lib/python3.8/site-packages/airflow/example_dags/example_setup_teardown.py
[2024-02-25T18:29:01.123+0000] {processor.py:830} INFO - Processing file /home/airflow/.local/lib/python3.8/site-packages/airflow/example_dags/example_setup_teardown.py for tasks to queue
[2024-02-25T18:29:01.124+0000] {logging_mixin.py:188} INFO - [2024-02-25T18:29:01.124+0000] {dagbag.py:538} INFO - Filling up the DagBag from /home/airflow/.local/lib/python3.8/site-packages/airflow/example_dags/example_setup_teardown.py
[2024-02-25T18:29:01.133+0000] {processor.py:840} INFO - DAG(s) 'example_setup_teardown' retrieved from /home/airflow/.local/lib/python3.8/site-packages/airflow/example_dags/example_setup_teardown.py
[2024-02-25T18:29:01.191+0000] {logging_mixin.py:188} INFO - [2024-02-25T18:29:01.190+0000] {dag.py:3036} INFO - Sync 1 DAGs
[2024-02-25T18:29:01.236+0000] {logging_mixin.py:188} INFO - [2024-02-25T18:29:01.236+0000] {dag.py:3823} INFO - Setting next_dagrun for example_setup_teardown to 2024-02-24 00:00:00+00:00, run_after=2024-02-25 00:00:00+00:00
[2024-02-25T18:29:01.264+0000] {processor.py:183} INFO - Processing /home/airflow/.local/lib/python3.8/site-packages/airflow/example_dags/example_setup_teardown.py took 0.150 seconds
[2024-02-25T18:29:31.618+0000] {processor.py:161} INFO - Started process (PID=8164) to work on /home/airflow/.local/lib/python3.8/site-packages/airflow/example_dags/example_setup_teardown.py
[2024-02-25T18:29:31.620+0000] {processor.py:830} INFO - Processing file /home/airflow/.local/lib/python3.8/site-packages/airflow/example_dags/example_setup_teardown.py for tasks to queue
[2024-02-25T18:29:31.621+0000] {logging_mixin.py:188} INFO - [2024-02-25T18:29:31.621+0000] {dagbag.py:538} INFO - Filling up the DagBag from /home/airflow/.local/lib/python3.8/site-packages/airflow/example_dags/example_setup_teardown.py
[2024-02-25T18:29:31.629+0000] {processor.py:840} INFO - DAG(s) 'example_setup_teardown' retrieved from /home/airflow/.local/lib/python3.8/site-packages/airflow/example_dags/example_setup_teardown.py
[2024-02-25T18:29:31.654+0000] {logging_mixin.py:188} INFO - [2024-02-25T18:29:31.654+0000] {dag.py:3036} INFO - Sync 1 DAGs
[2024-02-25T18:29:31.677+0000] {logging_mixin.py:188} INFO - [2024-02-25T18:29:31.676+0000] {dag.py:3823} INFO - Setting next_dagrun for example_setup_teardown to 2024-02-24 00:00:00+00:00, run_after=2024-02-25 00:00:00+00:00
[2024-02-25T18:29:31.701+0000] {processor.py:183} INFO - Processing /home/airflow/.local/lib/python3.8/site-packages/airflow/example_dags/example_setup_teardown.py took 0.087 seconds
[2024-02-25T18:30:02.509+0000] {processor.py:161} INFO - Started process (PID=8227) to work on /home/airflow/.local/lib/python3.8/site-packages/airflow/example_dags/example_setup_teardown.py
[2024-02-25T18:30:02.511+0000] {processor.py:830} INFO - Processing file /home/airflow/.local/lib/python3.8/site-packages/airflow/example_dags/example_setup_teardown.py for tasks to queue
[2024-02-25T18:30:02.512+0000] {logging_mixin.py:188} INFO - [2024-02-25T18:30:02.512+0000] {dagbag.py:538} INFO - Filling up the DagBag from /home/airflow/.local/lib/python3.8/site-packages/airflow/example_dags/example_setup_teardown.py
[2024-02-25T18:30:02.520+0000] {processor.py:840} INFO - DAG(s) 'example_setup_teardown' retrieved from /home/airflow/.local/lib/python3.8/site-packages/airflow/example_dags/example_setup_teardown.py
[2024-02-25T18:30:02.543+0000] {logging_mixin.py:188} INFO - [2024-02-25T18:30:02.542+0000] {dag.py:3036} INFO - Sync 1 DAGs
[2024-02-25T18:30:02.565+0000] {logging_mixin.py:188} INFO - [2024-02-25T18:30:02.565+0000] {dag.py:3823} INFO - Setting next_dagrun for example_setup_teardown to 2024-02-24 00:00:00+00:00, run_after=2024-02-25 00:00:00+00:00
[2024-02-25T18:30:02.592+0000] {processor.py:183} INFO - Processing /home/airflow/.local/lib/python3.8/site-packages/airflow/example_dags/example_setup_teardown.py took 0.086 seconds
[2024-02-25T18:30:33.184+0000] {processor.py:161} INFO - Started process (PID=8290) to work on /home/airflow/.local/lib/python3.8/site-packages/airflow/example_dags/example_setup_teardown.py
[2024-02-25T18:30:33.185+0000] {processor.py:830} INFO - Processing file /home/airflow/.local/lib/python3.8/site-packages/airflow/example_dags/example_setup_teardown.py for tasks to queue
[2024-02-25T18:30:33.187+0000] {logging_mixin.py:188} INFO - [2024-02-25T18:30:33.187+0000] {dagbag.py:538} INFO - Filling up the DagBag from /home/airflow/.local/lib/python3.8/site-packages/airflow/example_dags/example_setup_teardown.py
[2024-02-25T18:30:33.196+0000] {processor.py:840} INFO - DAG(s) 'example_setup_teardown' retrieved from /home/airflow/.local/lib/python3.8/site-packages/airflow/example_dags/example_setup_teardown.py
[2024-02-25T18:30:33.220+0000] {logging_mixin.py:188} INFO - [2024-02-25T18:30:33.220+0000] {dag.py:3036} INFO - Sync 1 DAGs
[2024-02-25T18:30:33.242+0000] {logging_mixin.py:188} INFO - [2024-02-25T18:30:33.242+0000] {dag.py:3823} INFO - Setting next_dagrun for example_setup_teardown to 2024-02-24 00:00:00+00:00, run_after=2024-02-25 00:00:00+00:00
[2024-02-25T18:30:33.266+0000] {processor.py:183} INFO - Processing /home/airflow/.local/lib/python3.8/site-packages/airflow/example_dags/example_setup_teardown.py took 0.086 seconds
[2024-02-25T18:31:03.407+0000] {processor.py:161} INFO - Started process (PID=8353) to work on /home/airflow/.local/lib/python3.8/site-packages/airflow/example_dags/example_setup_teardown.py
[2024-02-25T18:31:03.409+0000] {processor.py:830} INFO - Processing file /home/airflow/.local/lib/python3.8/site-packages/airflow/example_dags/example_setup_teardown.py for tasks to queue
[2024-02-25T18:31:03.410+0000] {logging_mixin.py:188} INFO - [2024-02-25T18:31:03.410+0000] {dagbag.py:538} INFO - Filling up the DagBag from /home/airflow/.local/lib/python3.8/site-packages/airflow/example_dags/example_setup_teardown.py
[2024-02-25T18:31:03.420+0000] {processor.py:840} INFO - DAG(s) 'example_setup_teardown' retrieved from /home/airflow/.local/lib/python3.8/site-packages/airflow/example_dags/example_setup_teardown.py
[2024-02-25T18:31:03.444+0000] {logging_mixin.py:188} INFO - [2024-02-25T18:31:03.444+0000] {dag.py:3036} INFO - Sync 1 DAGs
[2024-02-25T18:31:03.465+0000] {logging_mixin.py:188} INFO - [2024-02-25T18:31:03.465+0000] {dag.py:3823} INFO - Setting next_dagrun for example_setup_teardown to 2024-02-24 00:00:00+00:00, run_after=2024-02-25 00:00:00+00:00
[2024-02-25T18:31:03.491+0000] {processor.py:183} INFO - Processing /home/airflow/.local/lib/python3.8/site-packages/airflow/example_dags/example_setup_teardown.py took 0.088 seconds
[2024-02-25T18:31:34.269+0000] {processor.py:161} INFO - Started process (PID=8416) to work on /home/airflow/.local/lib/python3.8/site-packages/airflow/example_dags/example_setup_teardown.py
[2024-02-25T18:31:34.270+0000] {processor.py:830} INFO - Processing file /home/airflow/.local/lib/python3.8/site-packages/airflow/example_dags/example_setup_teardown.py for tasks to queue
[2024-02-25T18:31:34.272+0000] {logging_mixin.py:188} INFO - [2024-02-25T18:31:34.271+0000] {dagbag.py:538} INFO - Filling up the DagBag from /home/airflow/.local/lib/python3.8/site-packages/airflow/example_dags/example_setup_teardown.py
[2024-02-25T18:31:34.280+0000] {processor.py:840} INFO - DAG(s) 'example_setup_teardown' retrieved from /home/airflow/.local/lib/python3.8/site-packages/airflow/example_dags/example_setup_teardown.py
[2024-02-25T18:31:34.305+0000] {logging_mixin.py:188} INFO - [2024-02-25T18:31:34.305+0000] {dag.py:3036} INFO - Sync 1 DAGs
[2024-02-25T18:31:34.328+0000] {logging_mixin.py:188} INFO - [2024-02-25T18:31:34.328+0000] {dag.py:3823} INFO - Setting next_dagrun for example_setup_teardown to 2024-02-24 00:00:00+00:00, run_after=2024-02-25 00:00:00+00:00
[2024-02-25T18:31:34.364+0000] {processor.py:183} INFO - Processing /home/airflow/.local/lib/python3.8/site-packages/airflow/example_dags/example_setup_teardown.py took 0.098 seconds
[2024-02-25T18:32:04.785+0000] {processor.py:161} INFO - Started process (PID=8479) to work on /home/airflow/.local/lib/python3.8/site-packages/airflow/example_dags/example_setup_teardown.py
[2024-02-25T18:32:04.787+0000] {processor.py:830} INFO - Processing file /home/airflow/.local/lib/python3.8/site-packages/airflow/example_dags/example_setup_teardown.py for tasks to queue
[2024-02-25T18:32:04.788+0000] {logging_mixin.py:188} INFO - [2024-02-25T18:32:04.787+0000] {dagbag.py:538} INFO - Filling up the DagBag from /home/airflow/.local/lib/python3.8/site-packages/airflow/example_dags/example_setup_teardown.py
[2024-02-25T18:32:04.796+0000] {processor.py:840} INFO - DAG(s) 'example_setup_teardown' retrieved from /home/airflow/.local/lib/python3.8/site-packages/airflow/example_dags/example_setup_teardown.py
[2024-02-25T18:32:04.824+0000] {logging_mixin.py:188} INFO - [2024-02-25T18:32:04.823+0000] {dag.py:3036} INFO - Sync 1 DAGs
[2024-02-25T18:32:04.848+0000] {logging_mixin.py:188} INFO - [2024-02-25T18:32:04.848+0000] {dag.py:3823} INFO - Setting next_dagrun for example_setup_teardown to 2024-02-24 00:00:00+00:00, run_after=2024-02-25 00:00:00+00:00
[2024-02-25T18:32:04.873+0000] {processor.py:183} INFO - Processing /home/airflow/.local/lib/python3.8/site-packages/airflow/example_dags/example_setup_teardown.py took 0.092 seconds
[2024-02-25T18:32:34.955+0000] {processor.py:161} INFO - Started process (PID=8542) to work on /home/airflow/.local/lib/python3.8/site-packages/airflow/example_dags/example_setup_teardown.py
[2024-02-25T18:32:34.956+0000] {processor.py:830} INFO - Processing file /home/airflow/.local/lib/python3.8/site-packages/airflow/example_dags/example_setup_teardown.py for tasks to queue
[2024-02-25T18:32:34.958+0000] {logging_mixin.py:188} INFO - [2024-02-25T18:32:34.957+0000] {dagbag.py:538} INFO - Filling up the DagBag from /home/airflow/.local/lib/python3.8/site-packages/airflow/example_dags/example_setup_teardown.py
[2024-02-25T18:32:34.967+0000] {processor.py:840} INFO - DAG(s) 'example_setup_teardown' retrieved from /home/airflow/.local/lib/python3.8/site-packages/airflow/example_dags/example_setup_teardown.py
[2024-02-25T18:32:34.991+0000] {logging_mixin.py:188} INFO - [2024-02-25T18:32:34.991+0000] {dag.py:3036} INFO - Sync 1 DAGs
[2024-02-25T18:32:35.015+0000] {logging_mixin.py:188} INFO - [2024-02-25T18:32:35.014+0000] {dag.py:3823} INFO - Setting next_dagrun for example_setup_teardown to 2024-02-24 00:00:00+00:00, run_after=2024-02-25 00:00:00+00:00
[2024-02-25T18:32:35.040+0000] {processor.py:183} INFO - Processing /home/airflow/.local/lib/python3.8/site-packages/airflow/example_dags/example_setup_teardown.py took 0.089 seconds
[2024-02-25T18:33:05.691+0000] {processor.py:161} INFO - Started process (PID=8605) to work on /home/airflow/.local/lib/python3.8/site-packages/airflow/example_dags/example_setup_teardown.py
[2024-02-25T18:33:05.693+0000] {processor.py:830} INFO - Processing file /home/airflow/.local/lib/python3.8/site-packages/airflow/example_dags/example_setup_teardown.py for tasks to queue
[2024-02-25T18:33:05.694+0000] {logging_mixin.py:188} INFO - [2024-02-25T18:33:05.694+0000] {dagbag.py:538} INFO - Filling up the DagBag from /home/airflow/.local/lib/python3.8/site-packages/airflow/example_dags/example_setup_teardown.py
[2024-02-25T18:33:05.702+0000] {processor.py:840} INFO - DAG(s) 'example_setup_teardown' retrieved from /home/airflow/.local/lib/python3.8/site-packages/airflow/example_dags/example_setup_teardown.py
[2024-02-25T18:33:05.727+0000] {logging_mixin.py:188} INFO - [2024-02-25T18:33:05.726+0000] {dag.py:3036} INFO - Sync 1 DAGs
[2024-02-25T18:33:05.750+0000] {logging_mixin.py:188} INFO - [2024-02-25T18:33:05.750+0000] {dag.py:3823} INFO - Setting next_dagrun for example_setup_teardown to 2024-02-24 00:00:00+00:00, run_after=2024-02-25 00:00:00+00:00
[2024-02-25T18:33:05.774+0000] {processor.py:183} INFO - Processing /home/airflow/.local/lib/python3.8/site-packages/airflow/example_dags/example_setup_teardown.py took 0.087 seconds
[2024-02-25T18:33:35.865+0000] {processor.py:161} INFO - Started process (PID=8668) to work on /home/airflow/.local/lib/python3.8/site-packages/airflow/example_dags/example_setup_teardown.py
[2024-02-25T18:33:35.867+0000] {processor.py:830} INFO - Processing file /home/airflow/.local/lib/python3.8/site-packages/airflow/example_dags/example_setup_teardown.py for tasks to queue
[2024-02-25T18:33:35.868+0000] {logging_mixin.py:188} INFO - [2024-02-25T18:33:35.868+0000] {dagbag.py:538} INFO - Filling up the DagBag from /home/airflow/.local/lib/python3.8/site-packages/airflow/example_dags/example_setup_teardown.py
[2024-02-25T18:33:35.877+0000] {processor.py:840} INFO - DAG(s) 'example_setup_teardown' retrieved from /home/airflow/.local/lib/python3.8/site-packages/airflow/example_dags/example_setup_teardown.py
[2024-02-25T18:33:35.906+0000] {logging_mixin.py:188} INFO - [2024-02-25T18:33:35.906+0000] {dag.py:3036} INFO - Sync 1 DAGs
[2024-02-25T18:33:35.930+0000] {logging_mixin.py:188} INFO - [2024-02-25T18:33:35.929+0000] {dag.py:3823} INFO - Setting next_dagrun for example_setup_teardown to 2024-02-24 00:00:00+00:00, run_after=2024-02-25 00:00:00+00:00
[2024-02-25T18:33:35.961+0000] {processor.py:183} INFO - Processing /home/airflow/.local/lib/python3.8/site-packages/airflow/example_dags/example_setup_teardown.py took 0.100 seconds
[2024-02-25T18:34:06.889+0000] {processor.py:161} INFO - Started process (PID=8731) to work on /home/airflow/.local/lib/python3.8/site-packages/airflow/example_dags/example_setup_teardown.py
[2024-02-25T18:34:06.890+0000] {processor.py:830} INFO - Processing file /home/airflow/.local/lib/python3.8/site-packages/airflow/example_dags/example_setup_teardown.py for tasks to queue
[2024-02-25T18:34:06.898+0000] {logging_mixin.py:188} INFO - [2024-02-25T18:34:06.897+0000] {dagbag.py:538} INFO - Filling up the DagBag from /home/airflow/.local/lib/python3.8/site-packages/airflow/example_dags/example_setup_teardown.py
[2024-02-25T18:34:06.905+0000] {processor.py:840} INFO - DAG(s) 'example_setup_teardown' retrieved from /home/airflow/.local/lib/python3.8/site-packages/airflow/example_dags/example_setup_teardown.py
[2024-02-25T18:34:06.928+0000] {logging_mixin.py:188} INFO - [2024-02-25T18:34:06.927+0000] {dag.py:3036} INFO - Sync 1 DAGs
[2024-02-25T18:34:06.949+0000] {logging_mixin.py:188} INFO - [2024-02-25T18:34:06.949+0000] {dag.py:3823} INFO - Setting next_dagrun for example_setup_teardown to 2024-02-24 00:00:00+00:00, run_after=2024-02-25 00:00:00+00:00
[2024-02-25T18:34:06.971+0000] {processor.py:183} INFO - Processing /home/airflow/.local/lib/python3.8/site-packages/airflow/example_dags/example_setup_teardown.py took 0.086 seconds
[2024-02-25T18:34:37.965+0000] {processor.py:161} INFO - Started process (PID=8794) to work on /home/airflow/.local/lib/python3.8/site-packages/airflow/example_dags/example_setup_teardown.py
[2024-02-25T18:34:37.966+0000] {processor.py:830} INFO - Processing file /home/airflow/.local/lib/python3.8/site-packages/airflow/example_dags/example_setup_teardown.py for tasks to queue
[2024-02-25T18:34:37.967+0000] {logging_mixin.py:188} INFO - [2024-02-25T18:34:37.967+0000] {dagbag.py:538} INFO - Filling up the DagBag from /home/airflow/.local/lib/python3.8/site-packages/airflow/example_dags/example_setup_teardown.py
[2024-02-25T18:34:37.975+0000] {processor.py:840} INFO - DAG(s) 'example_setup_teardown' retrieved from /home/airflow/.local/lib/python3.8/site-packages/airflow/example_dags/example_setup_teardown.py
[2024-02-25T18:34:37.998+0000] {logging_mixin.py:188} INFO - [2024-02-25T18:34:37.998+0000] {dag.py:3036} INFO - Sync 1 DAGs
[2024-02-25T18:34:38.020+0000] {logging_mixin.py:188} INFO - [2024-02-25T18:34:38.020+0000] {dag.py:3823} INFO - Setting next_dagrun for example_setup_teardown to 2024-02-24 00:00:00+00:00, run_after=2024-02-25 00:00:00+00:00
[2024-02-25T18:34:38.045+0000] {processor.py:183} INFO - Processing /home/airflow/.local/lib/python3.8/site-packages/airflow/example_dags/example_setup_teardown.py took 0.085 seconds
[2024-02-25T18:35:08.629+0000] {processor.py:161} INFO - Started process (PID=8858) to work on /home/airflow/.local/lib/python3.8/site-packages/airflow/example_dags/example_setup_teardown.py
[2024-02-25T18:35:08.630+0000] {processor.py:830} INFO - Processing file /home/airflow/.local/lib/python3.8/site-packages/airflow/example_dags/example_setup_teardown.py for tasks to queue
[2024-02-25T18:35:08.632+0000] {logging_mixin.py:188} INFO - [2024-02-25T18:35:08.631+0000] {dagbag.py:538} INFO - Filling up the DagBag from /home/airflow/.local/lib/python3.8/site-packages/airflow/example_dags/example_setup_teardown.py
[2024-02-25T18:35:08.640+0000] {processor.py:840} INFO - DAG(s) 'example_setup_teardown' retrieved from /home/airflow/.local/lib/python3.8/site-packages/airflow/example_dags/example_setup_teardown.py
[2024-02-25T18:35:08.664+0000] {logging_mixin.py:188} INFO - [2024-02-25T18:35:08.664+0000] {dag.py:3036} INFO - Sync 1 DAGs
[2024-02-25T18:35:08.687+0000] {logging_mixin.py:188} INFO - [2024-02-25T18:35:08.686+0000] {dag.py:3823} INFO - Setting next_dagrun for example_setup_teardown to 2024-02-24 00:00:00+00:00, run_after=2024-02-25 00:00:00+00:00
[2024-02-25T18:35:08.712+0000] {processor.py:183} INFO - Processing /home/airflow/.local/lib/python3.8/site-packages/airflow/example_dags/example_setup_teardown.py took 0.086 seconds
[2024-02-25T18:35:39.057+0000] {processor.py:161} INFO - Started process (PID=8922) to work on /home/airflow/.local/lib/python3.8/site-packages/airflow/example_dags/example_setup_teardown.py
[2024-02-25T18:35:39.058+0000] {processor.py:830} INFO - Processing file /home/airflow/.local/lib/python3.8/site-packages/airflow/example_dags/example_setup_teardown.py for tasks to queue
[2024-02-25T18:35:39.060+0000] {logging_mixin.py:188} INFO - [2024-02-25T18:35:39.059+0000] {dagbag.py:538} INFO - Filling up the DagBag from /home/airflow/.local/lib/python3.8/site-packages/airflow/example_dags/example_setup_teardown.py
[2024-02-25T18:35:39.068+0000] {processor.py:840} INFO - DAG(s) 'example_setup_teardown' retrieved from /home/airflow/.local/lib/python3.8/site-packages/airflow/example_dags/example_setup_teardown.py
[2024-02-25T18:35:39.093+0000] {logging_mixin.py:188} INFO - [2024-02-25T18:35:39.093+0000] {dag.py:3036} INFO - Sync 1 DAGs
[2024-02-25T18:35:39.116+0000] {logging_mixin.py:188} INFO - [2024-02-25T18:35:39.115+0000] {dag.py:3823} INFO - Setting next_dagrun for example_setup_teardown to 2024-02-24 00:00:00+00:00, run_after=2024-02-25 00:00:00+00:00
[2024-02-25T18:35:39.139+0000] {processor.py:183} INFO - Processing /home/airflow/.local/lib/python3.8/site-packages/airflow/example_dags/example_setup_teardown.py took 0.085 seconds
[2024-02-25T18:36:09.204+0000] {processor.py:161} INFO - Started process (PID=8986) to work on /home/airflow/.local/lib/python3.8/site-packages/airflow/example_dags/example_setup_teardown.py
[2024-02-25T18:36:09.206+0000] {processor.py:830} INFO - Processing file /home/airflow/.local/lib/python3.8/site-packages/airflow/example_dags/example_setup_teardown.py for tasks to queue
[2024-02-25T18:36:09.207+0000] {logging_mixin.py:188} INFO - [2024-02-25T18:36:09.207+0000] {dagbag.py:538} INFO - Filling up the DagBag from /home/airflow/.local/lib/python3.8/site-packages/airflow/example_dags/example_setup_teardown.py
[2024-02-25T18:36:09.216+0000] {processor.py:840} INFO - DAG(s) 'example_setup_teardown' retrieved from /home/airflow/.local/lib/python3.8/site-packages/airflow/example_dags/example_setup_teardown.py
[2024-02-25T18:36:09.243+0000] {logging_mixin.py:188} INFO - [2024-02-25T18:36:09.242+0000] {dag.py:3036} INFO - Sync 1 DAGs
[2024-02-25T18:36:09.267+0000] {logging_mixin.py:188} INFO - [2024-02-25T18:36:09.266+0000] {dag.py:3823} INFO - Setting next_dagrun for example_setup_teardown to 2024-02-24 00:00:00+00:00, run_after=2024-02-25 00:00:00+00:00
[2024-02-25T18:36:09.302+0000] {processor.py:183} INFO - Processing /home/airflow/.local/lib/python3.8/site-packages/airflow/example_dags/example_setup_teardown.py took 0.102 seconds
[2024-02-25T18:36:39.454+0000] {processor.py:161} INFO - Started process (PID=9049) to work on /home/airflow/.local/lib/python3.8/site-packages/airflow/example_dags/example_setup_teardown.py
[2024-02-25T18:36:39.455+0000] {processor.py:830} INFO - Processing file /home/airflow/.local/lib/python3.8/site-packages/airflow/example_dags/example_setup_teardown.py for tasks to queue
[2024-02-25T18:36:39.456+0000] {logging_mixin.py:188} INFO - [2024-02-25T18:36:39.456+0000] {dagbag.py:538} INFO - Filling up the DagBag from /home/airflow/.local/lib/python3.8/site-packages/airflow/example_dags/example_setup_teardown.py
[2024-02-25T18:36:39.464+0000] {processor.py:840} INFO - DAG(s) 'example_setup_teardown' retrieved from /home/airflow/.local/lib/python3.8/site-packages/airflow/example_dags/example_setup_teardown.py
[2024-02-25T18:36:39.490+0000] {logging_mixin.py:188} INFO - [2024-02-25T18:36:39.489+0000] {dag.py:3036} INFO - Sync 1 DAGs
[2024-02-25T18:36:39.515+0000] {logging_mixin.py:188} INFO - [2024-02-25T18:36:39.514+0000] {dag.py:3823} INFO - Setting next_dagrun for example_setup_teardown to 2024-02-24 00:00:00+00:00, run_after=2024-02-25 00:00:00+00:00
[2024-02-25T18:36:39.542+0000] {processor.py:183} INFO - Processing /home/airflow/.local/lib/python3.8/site-packages/airflow/example_dags/example_setup_teardown.py took 0.092 seconds
[2024-02-25T18:37:10.041+0000] {processor.py:161} INFO - Started process (PID=9112) to work on /home/airflow/.local/lib/python3.8/site-packages/airflow/example_dags/example_setup_teardown.py
[2024-02-25T18:37:10.042+0000] {processor.py:830} INFO - Processing file /home/airflow/.local/lib/python3.8/site-packages/airflow/example_dags/example_setup_teardown.py for tasks to queue
[2024-02-25T18:37:10.044+0000] {logging_mixin.py:188} INFO - [2024-02-25T18:37:10.043+0000] {dagbag.py:538} INFO - Filling up the DagBag from /home/airflow/.local/lib/python3.8/site-packages/airflow/example_dags/example_setup_teardown.py
[2024-02-25T18:37:10.051+0000] {processor.py:840} INFO - DAG(s) 'example_setup_teardown' retrieved from /home/airflow/.local/lib/python3.8/site-packages/airflow/example_dags/example_setup_teardown.py
[2024-02-25T18:37:10.073+0000] {logging_mixin.py:188} INFO - [2024-02-25T18:37:10.073+0000] {dag.py:3036} INFO - Sync 1 DAGs
[2024-02-25T18:37:10.095+0000] {logging_mixin.py:188} INFO - [2024-02-25T18:37:10.095+0000] {dag.py:3823} INFO - Setting next_dagrun for example_setup_teardown to 2024-02-24 00:00:00+00:00, run_after=2024-02-25 00:00:00+00:00
[2024-02-25T18:37:10.119+0000] {processor.py:183} INFO - Processing /home/airflow/.local/lib/python3.8/site-packages/airflow/example_dags/example_setup_teardown.py took 0.082 seconds
[2024-02-25T18:37:41.099+0000] {processor.py:161} INFO - Started process (PID=9175) to work on /home/airflow/.local/lib/python3.8/site-packages/airflow/example_dags/example_setup_teardown.py
[2024-02-25T18:37:41.100+0000] {processor.py:830} INFO - Processing file /home/airflow/.local/lib/python3.8/site-packages/airflow/example_dags/example_setup_teardown.py for tasks to queue
[2024-02-25T18:37:41.101+0000] {logging_mixin.py:188} INFO - [2024-02-25T18:37:41.101+0000] {dagbag.py:538} INFO - Filling up the DagBag from /home/airflow/.local/lib/python3.8/site-packages/airflow/example_dags/example_setup_teardown.py
[2024-02-25T18:37:41.109+0000] {processor.py:840} INFO - DAG(s) 'example_setup_teardown' retrieved from /home/airflow/.local/lib/python3.8/site-packages/airflow/example_dags/example_setup_teardown.py
[2024-02-25T18:37:41.135+0000] {logging_mixin.py:188} INFO - [2024-02-25T18:37:41.135+0000] {dag.py:3036} INFO - Sync 1 DAGs
[2024-02-25T18:37:41.163+0000] {logging_mixin.py:188} INFO - [2024-02-25T18:37:41.162+0000] {dag.py:3823} INFO - Setting next_dagrun for example_setup_teardown to 2024-02-24 00:00:00+00:00, run_after=2024-02-25 00:00:00+00:00
[2024-02-25T18:37:41.187+0000] {processor.py:183} INFO - Processing /home/airflow/.local/lib/python3.8/site-packages/airflow/example_dags/example_setup_teardown.py took 0.093 seconds
[2024-02-25T18:38:11.795+0000] {processor.py:161} INFO - Started process (PID=9239) to work on /home/airflow/.local/lib/python3.8/site-packages/airflow/example_dags/example_setup_teardown.py
[2024-02-25T18:38:11.796+0000] {processor.py:830} INFO - Processing file /home/airflow/.local/lib/python3.8/site-packages/airflow/example_dags/example_setup_teardown.py for tasks to queue
[2024-02-25T18:38:11.797+0000] {logging_mixin.py:188} INFO - [2024-02-25T18:38:11.797+0000] {dagbag.py:538} INFO - Filling up the DagBag from /home/airflow/.local/lib/python3.8/site-packages/airflow/example_dags/example_setup_teardown.py
[2024-02-25T18:38:11.805+0000] {processor.py:840} INFO - DAG(s) 'example_setup_teardown' retrieved from /home/airflow/.local/lib/python3.8/site-packages/airflow/example_dags/example_setup_teardown.py
[2024-02-25T18:38:11.826+0000] {logging_mixin.py:188} INFO - [2024-02-25T18:38:11.826+0000] {dag.py:3036} INFO - Sync 1 DAGs
[2024-02-25T18:38:11.847+0000] {logging_mixin.py:188} INFO - [2024-02-25T18:38:11.847+0000] {dag.py:3823} INFO - Setting next_dagrun for example_setup_teardown to 2024-02-24 00:00:00+00:00, run_after=2024-02-25 00:00:00+00:00
[2024-02-25T18:38:11.871+0000] {processor.py:183} INFO - Processing /home/airflow/.local/lib/python3.8/site-packages/airflow/example_dags/example_setup_teardown.py took 0.081 seconds
[2024-02-25T18:38:42.667+0000] {processor.py:161} INFO - Started process (PID=9302) to work on /home/airflow/.local/lib/python3.8/site-packages/airflow/example_dags/example_setup_teardown.py
[2024-02-25T18:38:42.669+0000] {processor.py:830} INFO - Processing file /home/airflow/.local/lib/python3.8/site-packages/airflow/example_dags/example_setup_teardown.py for tasks to queue
[2024-02-25T18:38:42.670+0000] {logging_mixin.py:188} INFO - [2024-02-25T18:38:42.670+0000] {dagbag.py:538} INFO - Filling up the DagBag from /home/airflow/.local/lib/python3.8/site-packages/airflow/example_dags/example_setup_teardown.py
[2024-02-25T18:38:42.679+0000] {processor.py:840} INFO - DAG(s) 'example_setup_teardown' retrieved from /home/airflow/.local/lib/python3.8/site-packages/airflow/example_dags/example_setup_teardown.py
[2024-02-25T18:38:42.704+0000] {logging_mixin.py:188} INFO - [2024-02-25T18:38:42.704+0000] {dag.py:3036} INFO - Sync 1 DAGs
[2024-02-25T18:38:42.729+0000] {logging_mixin.py:188} INFO - [2024-02-25T18:38:42.728+0000] {dag.py:3823} INFO - Setting next_dagrun for example_setup_teardown to 2024-02-24 00:00:00+00:00, run_after=2024-02-25 00:00:00+00:00
[2024-02-25T18:38:42.753+0000] {processor.py:183} INFO - Processing /home/airflow/.local/lib/python3.8/site-packages/airflow/example_dags/example_setup_teardown.py took 0.091 seconds
[2024-02-25T18:39:13.613+0000] {processor.py:161} INFO - Started process (PID=9365) to work on /home/airflow/.local/lib/python3.8/site-packages/airflow/example_dags/example_setup_teardown.py
[2024-02-25T18:39:13.615+0000] {processor.py:830} INFO - Processing file /home/airflow/.local/lib/python3.8/site-packages/airflow/example_dags/example_setup_teardown.py for tasks to queue
[2024-02-25T18:39:13.616+0000] {logging_mixin.py:188} INFO - [2024-02-25T18:39:13.615+0000] {dagbag.py:538} INFO - Filling up the DagBag from /home/airflow/.local/lib/python3.8/site-packages/airflow/example_dags/example_setup_teardown.py
[2024-02-25T18:39:13.624+0000] {processor.py:840} INFO - DAG(s) 'example_setup_teardown' retrieved from /home/airflow/.local/lib/python3.8/site-packages/airflow/example_dags/example_setup_teardown.py
[2024-02-25T18:39:13.647+0000] {logging_mixin.py:188} INFO - [2024-02-25T18:39:13.647+0000] {dag.py:3036} INFO - Sync 1 DAGs
[2024-02-25T18:39:13.671+0000] {logging_mixin.py:188} INFO - [2024-02-25T18:39:13.670+0000] {dag.py:3823} INFO - Setting next_dagrun for example_setup_teardown to 2024-02-24 00:00:00+00:00, run_after=2024-02-25 00:00:00+00:00
[2024-02-25T18:39:13.695+0000] {processor.py:183} INFO - Processing /home/airflow/.local/lib/python3.8/site-packages/airflow/example_dags/example_setup_teardown.py took 0.086 seconds
[2024-02-25T18:39:44.269+0000] {processor.py:161} INFO - Started process (PID=9427) to work on /home/airflow/.local/lib/python3.8/site-packages/airflow/example_dags/example_setup_teardown.py
[2024-02-25T18:39:44.270+0000] {processor.py:830} INFO - Processing file /home/airflow/.local/lib/python3.8/site-packages/airflow/example_dags/example_setup_teardown.py for tasks to queue
[2024-02-25T18:39:44.271+0000] {logging_mixin.py:188} INFO - [2024-02-25T18:39:44.271+0000] {dagbag.py:538} INFO - Filling up the DagBag from /home/airflow/.local/lib/python3.8/site-packages/airflow/example_dags/example_setup_teardown.py
[2024-02-25T18:39:44.279+0000] {processor.py:840} INFO - DAG(s) 'example_setup_teardown' retrieved from /home/airflow/.local/lib/python3.8/site-packages/airflow/example_dags/example_setup_teardown.py
[2024-02-25T18:39:44.301+0000] {logging_mixin.py:188} INFO - [2024-02-25T18:39:44.301+0000] {dag.py:3036} INFO - Sync 1 DAGs
[2024-02-25T18:39:44.323+0000] {logging_mixin.py:188} INFO - [2024-02-25T18:39:44.323+0000] {dag.py:3823} INFO - Setting next_dagrun for example_setup_teardown to 2024-02-24 00:00:00+00:00, run_after=2024-02-25 00:00:00+00:00
[2024-02-25T18:39:44.346+0000] {processor.py:183} INFO - Processing /home/airflow/.local/lib/python3.8/site-packages/airflow/example_dags/example_setup_teardown.py took 0.081 seconds
[2024-02-25T18:40:15.038+0000] {processor.py:161} INFO - Started process (PID=9490) to work on /home/airflow/.local/lib/python3.8/site-packages/airflow/example_dags/example_setup_teardown.py
[2024-02-25T18:40:15.039+0000] {processor.py:830} INFO - Processing file /home/airflow/.local/lib/python3.8/site-packages/airflow/example_dags/example_setup_teardown.py for tasks to queue
[2024-02-25T18:40:15.041+0000] {logging_mixin.py:188} INFO - [2024-02-25T18:40:15.040+0000] {dagbag.py:538} INFO - Filling up the DagBag from /home/airflow/.local/lib/python3.8/site-packages/airflow/example_dags/example_setup_teardown.py
[2024-02-25T18:40:15.049+0000] {processor.py:840} INFO - DAG(s) 'example_setup_teardown' retrieved from /home/airflow/.local/lib/python3.8/site-packages/airflow/example_dags/example_setup_teardown.py
[2024-02-25T18:40:15.074+0000] {logging_mixin.py:188} INFO - [2024-02-25T18:40:15.073+0000] {dag.py:3036} INFO - Sync 1 DAGs
[2024-02-25T18:40:15.097+0000] {logging_mixin.py:188} INFO - [2024-02-25T18:40:15.097+0000] {dag.py:3823} INFO - Setting next_dagrun for example_setup_teardown to 2024-02-24 00:00:00+00:00, run_after=2024-02-25 00:00:00+00:00
[2024-02-25T18:40:15.119+0000] {processor.py:183} INFO - Processing /home/airflow/.local/lib/python3.8/site-packages/airflow/example_dags/example_setup_teardown.py took 0.085 seconds
[2024-02-25T20:59:47.225+0000] {processor.py:161} INFO - Started process (PID=9557) to work on /home/airflow/.local/lib/python3.8/site-packages/airflow/example_dags/example_setup_teardown.py
[2024-02-25T20:59:47.227+0000] {processor.py:830} INFO - Processing file /home/airflow/.local/lib/python3.8/site-packages/airflow/example_dags/example_setup_teardown.py for tasks to queue
[2024-02-25T20:59:47.230+0000] {logging_mixin.py:188} INFO - [2024-02-25T20:59:47.229+0000] {dagbag.py:538} INFO - Filling up the DagBag from /home/airflow/.local/lib/python3.8/site-packages/airflow/example_dags/example_setup_teardown.py
[2024-02-25T20:59:47.239+0000] {processor.py:840} INFO - DAG(s) 'example_setup_teardown' retrieved from /home/airflow/.local/lib/python3.8/site-packages/airflow/example_dags/example_setup_teardown.py
[2024-02-25T20:59:47.268+0000] {logging_mixin.py:188} INFO - [2024-02-25T20:59:47.268+0000] {dag.py:3036} INFO - Sync 1 DAGs
[2024-02-25T20:59:47.301+0000] {logging_mixin.py:188} INFO - [2024-02-25T20:59:47.300+0000] {dag.py:3823} INFO - Setting next_dagrun for example_setup_teardown to 2024-02-24 00:00:00+00:00, run_after=2024-02-25 00:00:00+00:00
[2024-02-25T20:59:47.332+0000] {processor.py:183} INFO - Processing /home/airflow/.local/lib/python3.8/site-packages/airflow/example_dags/example_setup_teardown.py took 0.112 seconds
[2024-02-25T21:00:17.655+0000] {processor.py:161} INFO - Started process (PID=9628) to work on /home/airflow/.local/lib/python3.8/site-packages/airflow/example_dags/example_setup_teardown.py
[2024-02-25T21:00:17.656+0000] {processor.py:830} INFO - Processing file /home/airflow/.local/lib/python3.8/site-packages/airflow/example_dags/example_setup_teardown.py for tasks to queue
[2024-02-25T21:00:17.658+0000] {logging_mixin.py:188} INFO - [2024-02-25T21:00:17.657+0000] {dagbag.py:538} INFO - Filling up the DagBag from /home/airflow/.local/lib/python3.8/site-packages/airflow/example_dags/example_setup_teardown.py
[2024-02-25T21:00:17.666+0000] {processor.py:840} INFO - DAG(s) 'example_setup_teardown' retrieved from /home/airflow/.local/lib/python3.8/site-packages/airflow/example_dags/example_setup_teardown.py
[2024-02-25T21:00:17.690+0000] {logging_mixin.py:188} INFO - [2024-02-25T21:00:17.690+0000] {dag.py:3036} INFO - Sync 1 DAGs
[2024-02-25T21:00:17.714+0000] {logging_mixin.py:188} INFO - [2024-02-25T21:00:17.714+0000] {dag.py:3823} INFO - Setting next_dagrun for example_setup_teardown to 2024-02-24 00:00:00+00:00, run_after=2024-02-25 00:00:00+00:00
[2024-02-25T21:00:17.747+0000] {processor.py:183} INFO - Processing /home/airflow/.local/lib/python3.8/site-packages/airflow/example_dags/example_setup_teardown.py took 0.096 seconds
[2024-02-25T21:00:48.234+0000] {processor.py:161} INFO - Started process (PID=9691) to work on /home/airflow/.local/lib/python3.8/site-packages/airflow/example_dags/example_setup_teardown.py
[2024-02-25T21:00:48.235+0000] {processor.py:830} INFO - Processing file /home/airflow/.local/lib/python3.8/site-packages/airflow/example_dags/example_setup_teardown.py for tasks to queue
[2024-02-25T21:00:48.236+0000] {logging_mixin.py:188} INFO - [2024-02-25T21:00:48.236+0000] {dagbag.py:538} INFO - Filling up the DagBag from /home/airflow/.local/lib/python3.8/site-packages/airflow/example_dags/example_setup_teardown.py
[2024-02-25T21:00:48.246+0000] {processor.py:840} INFO - DAG(s) 'example_setup_teardown' retrieved from /home/airflow/.local/lib/python3.8/site-packages/airflow/example_dags/example_setup_teardown.py
[2024-02-25T21:00:48.272+0000] {logging_mixin.py:188} INFO - [2024-02-25T21:00:48.272+0000] {dag.py:3036} INFO - Sync 1 DAGs
[2024-02-25T21:00:48.298+0000] {logging_mixin.py:188} INFO - [2024-02-25T21:00:48.297+0000] {dag.py:3823} INFO - Setting next_dagrun for example_setup_teardown to 2024-02-24 00:00:00+00:00, run_after=2024-02-25 00:00:00+00:00
[2024-02-25T21:00:48.321+0000] {processor.py:183} INFO - Processing /home/airflow/.local/lib/python3.8/site-packages/airflow/example_dags/example_setup_teardown.py took 0.092 seconds
[2024-02-25T21:01:18.956+0000] {processor.py:161} INFO - Started process (PID=9754) to work on /home/airflow/.local/lib/python3.8/site-packages/airflow/example_dags/example_setup_teardown.py
[2024-02-25T21:01:18.958+0000] {processor.py:830} INFO - Processing file /home/airflow/.local/lib/python3.8/site-packages/airflow/example_dags/example_setup_teardown.py for tasks to queue
[2024-02-25T21:01:18.959+0000] {logging_mixin.py:188} INFO - [2024-02-25T21:01:18.958+0000] {dagbag.py:538} INFO - Filling up the DagBag from /home/airflow/.local/lib/python3.8/site-packages/airflow/example_dags/example_setup_teardown.py
[2024-02-25T21:01:18.967+0000] {processor.py:840} INFO - DAG(s) 'example_setup_teardown' retrieved from /home/airflow/.local/lib/python3.8/site-packages/airflow/example_dags/example_setup_teardown.py
[2024-02-25T21:01:18.990+0000] {logging_mixin.py:188} INFO - [2024-02-25T21:01:18.989+0000] {dag.py:3036} INFO - Sync 1 DAGs
[2024-02-25T21:01:19.012+0000] {logging_mixin.py:188} INFO - [2024-02-25T21:01:19.012+0000] {dag.py:3823} INFO - Setting next_dagrun for example_setup_teardown to 2024-02-24 00:00:00+00:00, run_after=2024-02-25 00:00:00+00:00
[2024-02-25T21:01:19.035+0000] {processor.py:183} INFO - Processing /home/airflow/.local/lib/python3.8/site-packages/airflow/example_dags/example_setup_teardown.py took 0.083 seconds
[2024-02-25T21:01:49.395+0000] {processor.py:161} INFO - Started process (PID=9817) to work on /home/airflow/.local/lib/python3.8/site-packages/airflow/example_dags/example_setup_teardown.py
[2024-02-25T21:01:49.396+0000] {processor.py:830} INFO - Processing file /home/airflow/.local/lib/python3.8/site-packages/airflow/example_dags/example_setup_teardown.py for tasks to queue
[2024-02-25T21:01:49.397+0000] {logging_mixin.py:188} INFO - [2024-02-25T21:01:49.397+0000] {dagbag.py:538} INFO - Filling up the DagBag from /home/airflow/.local/lib/python3.8/site-packages/airflow/example_dags/example_setup_teardown.py
[2024-02-25T21:01:49.405+0000] {processor.py:840} INFO - DAG(s) 'example_setup_teardown' retrieved from /home/airflow/.local/lib/python3.8/site-packages/airflow/example_dags/example_setup_teardown.py
[2024-02-25T21:01:49.427+0000] {logging_mixin.py:188} INFO - [2024-02-25T21:01:49.427+0000] {dag.py:3036} INFO - Sync 1 DAGs
[2024-02-25T21:01:49.450+0000] {logging_mixin.py:188} INFO - [2024-02-25T21:01:49.450+0000] {dag.py:3823} INFO - Setting next_dagrun for example_setup_teardown to 2024-02-24 00:00:00+00:00, run_after=2024-02-25 00:00:00+00:00
[2024-02-25T21:01:49.475+0000] {processor.py:183} INFO - Processing /home/airflow/.local/lib/python3.8/site-packages/airflow/example_dags/example_setup_teardown.py took 0.084 seconds
[2024-02-25T21:02:20.254+0000] {processor.py:161} INFO - Started process (PID=9880) to work on /home/airflow/.local/lib/python3.8/site-packages/airflow/example_dags/example_setup_teardown.py
[2024-02-25T21:02:20.255+0000] {processor.py:830} INFO - Processing file /home/airflow/.local/lib/python3.8/site-packages/airflow/example_dags/example_setup_teardown.py for tasks to queue
[2024-02-25T21:02:20.256+0000] {logging_mixin.py:188} INFO - [2024-02-25T21:02:20.256+0000] {dagbag.py:538} INFO - Filling up the DagBag from /home/airflow/.local/lib/python3.8/site-packages/airflow/example_dags/example_setup_teardown.py
[2024-02-25T21:02:20.264+0000] {processor.py:840} INFO - DAG(s) 'example_setup_teardown' retrieved from /home/airflow/.local/lib/python3.8/site-packages/airflow/example_dags/example_setup_teardown.py
[2024-02-25T21:02:20.285+0000] {logging_mixin.py:188} INFO - [2024-02-25T21:02:20.285+0000] {dag.py:3036} INFO - Sync 1 DAGs
[2024-02-25T21:02:20.306+0000] {logging_mixin.py:188} INFO - [2024-02-25T21:02:20.305+0000] {dag.py:3823} INFO - Setting next_dagrun for example_setup_teardown to 2024-02-24 00:00:00+00:00, run_after=2024-02-25 00:00:00+00:00
[2024-02-25T21:02:20.326+0000] {processor.py:183} INFO - Processing /home/airflow/.local/lib/python3.8/site-packages/airflow/example_dags/example_setup_teardown.py took 0.076 seconds
[2024-02-25T21:02:51.004+0000] {processor.py:161} INFO - Started process (PID=9943) to work on /home/airflow/.local/lib/python3.8/site-packages/airflow/example_dags/example_setup_teardown.py
[2024-02-25T21:02:51.005+0000] {processor.py:830} INFO - Processing file /home/airflow/.local/lib/python3.8/site-packages/airflow/example_dags/example_setup_teardown.py for tasks to queue
[2024-02-25T21:02:51.006+0000] {logging_mixin.py:188} INFO - [2024-02-25T21:02:51.006+0000] {dagbag.py:538} INFO - Filling up the DagBag from /home/airflow/.local/lib/python3.8/site-packages/airflow/example_dags/example_setup_teardown.py
[2024-02-25T21:02:51.014+0000] {processor.py:840} INFO - DAG(s) 'example_setup_teardown' retrieved from /home/airflow/.local/lib/python3.8/site-packages/airflow/example_dags/example_setup_teardown.py
[2024-02-25T21:02:51.036+0000] {logging_mixin.py:188} INFO - [2024-02-25T21:02:51.035+0000] {dag.py:3036} INFO - Sync 1 DAGs
[2024-02-25T21:02:51.059+0000] {logging_mixin.py:188} INFO - [2024-02-25T21:02:51.059+0000] {dag.py:3823} INFO - Setting next_dagrun for example_setup_teardown to 2024-02-24 00:00:00+00:00, run_after=2024-02-25 00:00:00+00:00
[2024-02-25T21:02:51.082+0000] {processor.py:183} INFO - Processing /home/airflow/.local/lib/python3.8/site-packages/airflow/example_dags/example_setup_teardown.py took 0.082 seconds
[2024-02-25T21:03:21.586+0000] {processor.py:161} INFO - Started process (PID=10006) to work on /home/airflow/.local/lib/python3.8/site-packages/airflow/example_dags/example_setup_teardown.py
[2024-02-25T21:03:21.587+0000] {processor.py:830} INFO - Processing file /home/airflow/.local/lib/python3.8/site-packages/airflow/example_dags/example_setup_teardown.py for tasks to queue
[2024-02-25T21:03:21.588+0000] {logging_mixin.py:188} INFO - [2024-02-25T21:03:21.588+0000] {dagbag.py:538} INFO - Filling up the DagBag from /home/airflow/.local/lib/python3.8/site-packages/airflow/example_dags/example_setup_teardown.py
[2024-02-25T21:03:21.596+0000] {processor.py:840} INFO - DAG(s) 'example_setup_teardown' retrieved from /home/airflow/.local/lib/python3.8/site-packages/airflow/example_dags/example_setup_teardown.py
[2024-02-25T21:03:21.618+0000] {logging_mixin.py:188} INFO - [2024-02-25T21:03:21.617+0000] {dag.py:3036} INFO - Sync 1 DAGs
[2024-02-25T21:03:21.638+0000] {logging_mixin.py:188} INFO - [2024-02-25T21:03:21.638+0000] {dag.py:3823} INFO - Setting next_dagrun for example_setup_teardown to 2024-02-24 00:00:00+00:00, run_after=2024-02-25 00:00:00+00:00
[2024-02-25T21:03:21.659+0000] {processor.py:183} INFO - Processing /home/airflow/.local/lib/python3.8/site-packages/airflow/example_dags/example_setup_teardown.py took 0.077 seconds
[2024-02-25T21:03:52.190+0000] {processor.py:161} INFO - Started process (PID=10069) to work on /home/airflow/.local/lib/python3.8/site-packages/airflow/example_dags/example_setup_teardown.py
[2024-02-25T21:03:52.191+0000] {processor.py:830} INFO - Processing file /home/airflow/.local/lib/python3.8/site-packages/airflow/example_dags/example_setup_teardown.py for tasks to queue
[2024-02-25T21:03:52.193+0000] {logging_mixin.py:188} INFO - [2024-02-25T21:03:52.192+0000] {dagbag.py:538} INFO - Filling up the DagBag from /home/airflow/.local/lib/python3.8/site-packages/airflow/example_dags/example_setup_teardown.py
[2024-02-25T21:03:52.200+0000] {processor.py:840} INFO - DAG(s) 'example_setup_teardown' retrieved from /home/airflow/.local/lib/python3.8/site-packages/airflow/example_dags/example_setup_teardown.py
[2024-02-25T21:03:52.224+0000] {logging_mixin.py:188} INFO - [2024-02-25T21:03:52.223+0000] {dag.py:3036} INFO - Sync 1 DAGs
[2024-02-25T21:03:52.246+0000] {logging_mixin.py:188} INFO - [2024-02-25T21:03:52.246+0000] {dag.py:3823} INFO - Setting next_dagrun for example_setup_teardown to 2024-02-24 00:00:00+00:00, run_after=2024-02-25 00:00:00+00:00
[2024-02-25T21:03:52.270+0000] {processor.py:183} INFO - Processing /home/airflow/.local/lib/python3.8/site-packages/airflow/example_dags/example_setup_teardown.py took 0.084 seconds
[2024-02-25T21:04:22.629+0000] {processor.py:161} INFO - Started process (PID=10132) to work on /home/airflow/.local/lib/python3.8/site-packages/airflow/example_dags/example_setup_teardown.py
[2024-02-25T21:04:22.630+0000] {processor.py:830} INFO - Processing file /home/airflow/.local/lib/python3.8/site-packages/airflow/example_dags/example_setup_teardown.py for tasks to queue
[2024-02-25T21:04:22.632+0000] {logging_mixin.py:188} INFO - [2024-02-25T21:04:22.631+0000] {dagbag.py:538} INFO - Filling up the DagBag from /home/airflow/.local/lib/python3.8/site-packages/airflow/example_dags/example_setup_teardown.py
[2024-02-25T21:04:22.639+0000] {processor.py:840} INFO - DAG(s) 'example_setup_teardown' retrieved from /home/airflow/.local/lib/python3.8/site-packages/airflow/example_dags/example_setup_teardown.py
[2024-02-25T21:04:22.664+0000] {logging_mixin.py:188} INFO - [2024-02-25T21:04:22.664+0000] {dag.py:3036} INFO - Sync 1 DAGs
[2024-02-25T21:04:22.689+0000] {logging_mixin.py:188} INFO - [2024-02-25T21:04:22.689+0000] {dag.py:3823} INFO - Setting next_dagrun for example_setup_teardown to 2024-02-24 00:00:00+00:00, run_after=2024-02-25 00:00:00+00:00
[2024-02-25T21:04:22.715+0000] {processor.py:183} INFO - Processing /home/airflow/.local/lib/python3.8/site-packages/airflow/example_dags/example_setup_teardown.py took 0.090 seconds
[2024-02-25T21:04:53.115+0000] {processor.py:161} INFO - Started process (PID=10195) to work on /home/airflow/.local/lib/python3.8/site-packages/airflow/example_dags/example_setup_teardown.py
[2024-02-25T21:04:53.117+0000] {processor.py:830} INFO - Processing file /home/airflow/.local/lib/python3.8/site-packages/airflow/example_dags/example_setup_teardown.py for tasks to queue
[2024-02-25T21:04:53.124+0000] {logging_mixin.py:188} INFO - [2024-02-25T21:04:53.118+0000] {dagbag.py:538} INFO - Filling up the DagBag from /home/airflow/.local/lib/python3.8/site-packages/airflow/example_dags/example_setup_teardown.py
[2024-02-25T21:04:53.133+0000] {processor.py:840} INFO - DAG(s) 'example_setup_teardown' retrieved from /home/airflow/.local/lib/python3.8/site-packages/airflow/example_dags/example_setup_teardown.py
[2024-02-25T21:04:53.214+0000] {logging_mixin.py:188} INFO - [2024-02-25T21:04:53.214+0000] {dag.py:3036} INFO - Sync 1 DAGs
[2024-02-25T21:04:53.246+0000] {logging_mixin.py:188} INFO - [2024-02-25T21:04:53.246+0000] {dag.py:3823} INFO - Setting next_dagrun for example_setup_teardown to 2024-02-24 00:00:00+00:00, run_after=2024-02-25 00:00:00+00:00
[2024-02-25T21:04:53.271+0000] {processor.py:183} INFO - Processing /home/airflow/.local/lib/python3.8/site-packages/airflow/example_dags/example_setup_teardown.py took 0.160 seconds
