[2024-02-25T00:03:58.133+0000] {processor.py:161} INFO - Started process (PID=5891) to work on /home/airflow/.local/lib/python3.8/site-packages/airflow/example_dags/example_skip_dag.py
[2024-02-25T00:03:58.134+0000] {processor.py:830} INFO - Processing file /home/airflow/.local/lib/python3.8/site-packages/airflow/example_dags/example_skip_dag.py for tasks to queue
[2024-02-25T00:03:58.136+0000] {logging_mixin.py:188} INFO - [2024-02-25T00:03:58.135+0000] {dagbag.py:538} INFO - Filling up the DagBag from /home/airflow/.local/lib/python3.8/site-packages/airflow/example_dags/example_skip_dag.py
[2024-02-25T00:03:58.144+0000] {processor.py:840} INFO - DAG(s) 'example_skip_dag' retrieved from /home/airflow/.local/lib/python3.8/site-packages/airflow/example_dags/example_skip_dag.py
[2024-02-25T00:03:58.168+0000] {logging_mixin.py:188} INFO - [2024-02-25T00:03:58.168+0000] {dag.py:3036} INFO - Sync 1 DAGs
[2024-02-25T00:03:58.195+0000] {logging_mixin.py:188} INFO - [2024-02-25T00:03:58.195+0000] {dag.py:3823} INFO - Setting next_dagrun for example_skip_dag to 2024-02-24 00:00:00+00:00, run_after=2024-02-25 00:00:00+00:00
[2024-02-25T00:03:58.219+0000] {processor.py:183} INFO - Processing /home/airflow/.local/lib/python3.8/site-packages/airflow/example_dags/example_skip_dag.py took 0.090 seconds
[2024-02-25T00:04:28.629+0000] {processor.py:161} INFO - Started process (PID=5958) to work on /home/airflow/.local/lib/python3.8/site-packages/airflow/example_dags/example_skip_dag.py
[2024-02-25T00:04:28.630+0000] {processor.py:830} INFO - Processing file /home/airflow/.local/lib/python3.8/site-packages/airflow/example_dags/example_skip_dag.py for tasks to queue
[2024-02-25T00:04:28.632+0000] {logging_mixin.py:188} INFO - [2024-02-25T00:04:28.631+0000] {dagbag.py:538} INFO - Filling up the DagBag from /home/airflow/.local/lib/python3.8/site-packages/airflow/example_dags/example_skip_dag.py
[2024-02-25T00:04:28.639+0000] {processor.py:840} INFO - DAG(s) 'example_skip_dag' retrieved from /home/airflow/.local/lib/python3.8/site-packages/airflow/example_dags/example_skip_dag.py
[2024-02-25T00:04:28.665+0000] {logging_mixin.py:188} INFO - [2024-02-25T00:04:28.665+0000] {dag.py:3036} INFO - Sync 1 DAGs
[2024-02-25T00:04:28.690+0000] {logging_mixin.py:188} INFO - [2024-02-25T00:04:28.690+0000] {dag.py:3823} INFO - Setting next_dagrun for example_skip_dag to 2024-02-24 00:00:00+00:00, run_after=2024-02-25 00:00:00+00:00
[2024-02-25T00:04:28.713+0000] {processor.py:183} INFO - Processing /home/airflow/.local/lib/python3.8/site-packages/airflow/example_dags/example_skip_dag.py took 0.088 seconds
[2024-02-25T00:04:59.355+0000] {processor.py:161} INFO - Started process (PID=6021) to work on /home/airflow/.local/lib/python3.8/site-packages/airflow/example_dags/example_skip_dag.py
[2024-02-25T00:04:59.356+0000] {processor.py:830} INFO - Processing file /home/airflow/.local/lib/python3.8/site-packages/airflow/example_dags/example_skip_dag.py for tasks to queue
[2024-02-25T00:04:59.357+0000] {logging_mixin.py:188} INFO - [2024-02-25T00:04:59.357+0000] {dagbag.py:538} INFO - Filling up the DagBag from /home/airflow/.local/lib/python3.8/site-packages/airflow/example_dags/example_skip_dag.py
[2024-02-25T00:04:59.364+0000] {processor.py:840} INFO - DAG(s) 'example_skip_dag' retrieved from /home/airflow/.local/lib/python3.8/site-packages/airflow/example_dags/example_skip_dag.py
[2024-02-25T00:04:59.390+0000] {logging_mixin.py:188} INFO - [2024-02-25T00:04:59.389+0000] {dag.py:3036} INFO - Sync 1 DAGs
[2024-02-25T00:04:59.415+0000] {logging_mixin.py:188} INFO - [2024-02-25T00:04:59.415+0000] {dag.py:3823} INFO - Setting next_dagrun for example_skip_dag to 2024-02-24 00:00:00+00:00, run_after=2024-02-25 00:00:00+00:00
[2024-02-25T00:04:59.439+0000] {processor.py:183} INFO - Processing /home/airflow/.local/lib/python3.8/site-packages/airflow/example_dags/example_skip_dag.py took 0.088 seconds
[2024-02-25T00:05:29.892+0000] {processor.py:161} INFO - Started process (PID=6085) to work on /home/airflow/.local/lib/python3.8/site-packages/airflow/example_dags/example_skip_dag.py
[2024-02-25T00:05:29.893+0000] {processor.py:830} INFO - Processing file /home/airflow/.local/lib/python3.8/site-packages/airflow/example_dags/example_skip_dag.py for tasks to queue
[2024-02-25T00:05:29.895+0000] {logging_mixin.py:188} INFO - [2024-02-25T00:05:29.894+0000] {dagbag.py:538} INFO - Filling up the DagBag from /home/airflow/.local/lib/python3.8/site-packages/airflow/example_dags/example_skip_dag.py
[2024-02-25T00:05:29.902+0000] {processor.py:840} INFO - DAG(s) 'example_skip_dag' retrieved from /home/airflow/.local/lib/python3.8/site-packages/airflow/example_dags/example_skip_dag.py
[2024-02-25T00:05:29.929+0000] {logging_mixin.py:188} INFO - [2024-02-25T00:05:29.929+0000] {dag.py:3036} INFO - Sync 1 DAGs
[2024-02-25T00:05:29.952+0000] {logging_mixin.py:188} INFO - [2024-02-25T00:05:29.951+0000] {dag.py:3823} INFO - Setting next_dagrun for example_skip_dag to 2024-02-24 00:00:00+00:00, run_after=2024-02-25 00:00:00+00:00
[2024-02-25T00:05:29.975+0000] {processor.py:183} INFO - Processing /home/airflow/.local/lib/python3.8/site-packages/airflow/example_dags/example_skip_dag.py took 0.087 seconds
[2024-02-25T00:06:00.626+0000] {processor.py:161} INFO - Started process (PID=6148) to work on /home/airflow/.local/lib/python3.8/site-packages/airflow/example_dags/example_skip_dag.py
[2024-02-25T00:06:00.627+0000] {processor.py:830} INFO - Processing file /home/airflow/.local/lib/python3.8/site-packages/airflow/example_dags/example_skip_dag.py for tasks to queue
[2024-02-25T00:06:00.628+0000] {logging_mixin.py:188} INFO - [2024-02-25T00:06:00.628+0000] {dagbag.py:538} INFO - Filling up the DagBag from /home/airflow/.local/lib/python3.8/site-packages/airflow/example_dags/example_skip_dag.py
[2024-02-25T00:06:00.635+0000] {processor.py:840} INFO - DAG(s) 'example_skip_dag' retrieved from /home/airflow/.local/lib/python3.8/site-packages/airflow/example_dags/example_skip_dag.py
[2024-02-25T00:06:00.661+0000] {logging_mixin.py:188} INFO - [2024-02-25T00:06:00.661+0000] {dag.py:3036} INFO - Sync 1 DAGs
[2024-02-25T00:06:00.686+0000] {logging_mixin.py:188} INFO - [2024-02-25T00:06:00.686+0000] {dag.py:3823} INFO - Setting next_dagrun for example_skip_dag to 2024-02-24 00:00:00+00:00, run_after=2024-02-25 00:00:00+00:00
[2024-02-25T00:06:00.709+0000] {processor.py:183} INFO - Processing /home/airflow/.local/lib/python3.8/site-packages/airflow/example_dags/example_skip_dag.py took 0.088 seconds
[2024-02-25T00:06:31.420+0000] {processor.py:161} INFO - Started process (PID=6212) to work on /home/airflow/.local/lib/python3.8/site-packages/airflow/example_dags/example_skip_dag.py
[2024-02-25T00:06:31.421+0000] {processor.py:830} INFO - Processing file /home/airflow/.local/lib/python3.8/site-packages/airflow/example_dags/example_skip_dag.py for tasks to queue
[2024-02-25T00:06:31.422+0000] {logging_mixin.py:188} INFO - [2024-02-25T00:06:31.422+0000] {dagbag.py:538} INFO - Filling up the DagBag from /home/airflow/.local/lib/python3.8/site-packages/airflow/example_dags/example_skip_dag.py
[2024-02-25T00:06:31.429+0000] {processor.py:840} INFO - DAG(s) 'example_skip_dag' retrieved from /home/airflow/.local/lib/python3.8/site-packages/airflow/example_dags/example_skip_dag.py
[2024-02-25T00:06:31.453+0000] {logging_mixin.py:188} INFO - [2024-02-25T00:06:31.453+0000] {dag.py:3036} INFO - Sync 1 DAGs
[2024-02-25T00:06:31.477+0000] {logging_mixin.py:188} INFO - [2024-02-25T00:06:31.476+0000] {dag.py:3823} INFO - Setting next_dagrun for example_skip_dag to 2024-02-24 00:00:00+00:00, run_after=2024-02-25 00:00:00+00:00
[2024-02-25T00:06:31.500+0000] {processor.py:183} INFO - Processing /home/airflow/.local/lib/python3.8/site-packages/airflow/example_dags/example_skip_dag.py took 0.084 seconds
[2024-02-25T00:07:02.310+0000] {processor.py:161} INFO - Started process (PID=6275) to work on /home/airflow/.local/lib/python3.8/site-packages/airflow/example_dags/example_skip_dag.py
[2024-02-25T00:07:02.311+0000] {processor.py:830} INFO - Processing file /home/airflow/.local/lib/python3.8/site-packages/airflow/example_dags/example_skip_dag.py for tasks to queue
[2024-02-25T00:07:02.313+0000] {logging_mixin.py:188} INFO - [2024-02-25T00:07:02.313+0000] {dagbag.py:538} INFO - Filling up the DagBag from /home/airflow/.local/lib/python3.8/site-packages/airflow/example_dags/example_skip_dag.py
[2024-02-25T00:07:02.320+0000] {processor.py:840} INFO - DAG(s) 'example_skip_dag' retrieved from /home/airflow/.local/lib/python3.8/site-packages/airflow/example_dags/example_skip_dag.py
[2024-02-25T00:07:02.345+0000] {logging_mixin.py:188} INFO - [2024-02-25T00:07:02.344+0000] {dag.py:3036} INFO - Sync 1 DAGs
[2024-02-25T00:07:02.367+0000] {logging_mixin.py:188} INFO - [2024-02-25T00:07:02.366+0000] {dag.py:3823} INFO - Setting next_dagrun for example_skip_dag to 2024-02-24 00:00:00+00:00, run_after=2024-02-25 00:00:00+00:00
[2024-02-25T00:07:02.393+0000] {processor.py:183} INFO - Processing /home/airflow/.local/lib/python3.8/site-packages/airflow/example_dags/example_skip_dag.py took 0.087 seconds
[2024-02-25T00:07:33.206+0000] {processor.py:161} INFO - Started process (PID=6338) to work on /home/airflow/.local/lib/python3.8/site-packages/airflow/example_dags/example_skip_dag.py
[2024-02-25T00:07:33.208+0000] {processor.py:830} INFO - Processing file /home/airflow/.local/lib/python3.8/site-packages/airflow/example_dags/example_skip_dag.py for tasks to queue
[2024-02-25T00:07:33.209+0000] {logging_mixin.py:188} INFO - [2024-02-25T00:07:33.209+0000] {dagbag.py:538} INFO - Filling up the DagBag from /home/airflow/.local/lib/python3.8/site-packages/airflow/example_dags/example_skip_dag.py
[2024-02-25T00:07:33.218+0000] {processor.py:840} INFO - DAG(s) 'example_skip_dag' retrieved from /home/airflow/.local/lib/python3.8/site-packages/airflow/example_dags/example_skip_dag.py
[2024-02-25T00:07:33.246+0000] {logging_mixin.py:188} INFO - [2024-02-25T00:07:33.245+0000] {dag.py:3036} INFO - Sync 1 DAGs
[2024-02-25T00:07:33.273+0000] {logging_mixin.py:188} INFO - [2024-02-25T00:07:33.272+0000] {dag.py:3823} INFO - Setting next_dagrun for example_skip_dag to 2024-02-24 00:00:00+00:00, run_after=2024-02-25 00:00:00+00:00
[2024-02-25T00:07:33.305+0000] {processor.py:183} INFO - Processing /home/airflow/.local/lib/python3.8/site-packages/airflow/example_dags/example_skip_dag.py took 0.102 seconds
[2024-02-25T00:08:04.299+0000] {processor.py:161} INFO - Started process (PID=6401) to work on /home/airflow/.local/lib/python3.8/site-packages/airflow/example_dags/example_skip_dag.py
[2024-02-25T00:08:04.300+0000] {processor.py:830} INFO - Processing file /home/airflow/.local/lib/python3.8/site-packages/airflow/example_dags/example_skip_dag.py for tasks to queue
[2024-02-25T00:08:04.301+0000] {logging_mixin.py:188} INFO - [2024-02-25T00:08:04.301+0000] {dagbag.py:538} INFO - Filling up the DagBag from /home/airflow/.local/lib/python3.8/site-packages/airflow/example_dags/example_skip_dag.py
[2024-02-25T00:08:04.308+0000] {processor.py:840} INFO - DAG(s) 'example_skip_dag' retrieved from /home/airflow/.local/lib/python3.8/site-packages/airflow/example_dags/example_skip_dag.py
[2024-02-25T00:08:04.332+0000] {logging_mixin.py:188} INFO - [2024-02-25T00:08:04.332+0000] {dag.py:3036} INFO - Sync 1 DAGs
[2024-02-25T00:08:04.355+0000] {logging_mixin.py:188} INFO - [2024-02-25T00:08:04.355+0000] {dag.py:3823} INFO - Setting next_dagrun for example_skip_dag to 2024-02-24 00:00:00+00:00, run_after=2024-02-25 00:00:00+00:00
[2024-02-25T00:08:04.376+0000] {processor.py:183} INFO - Processing /home/airflow/.local/lib/python3.8/site-packages/airflow/example_dags/example_skip_dag.py took 0.081 seconds
[2024-02-25T00:08:34.877+0000] {processor.py:161} INFO - Started process (PID=6464) to work on /home/airflow/.local/lib/python3.8/site-packages/airflow/example_dags/example_skip_dag.py
[2024-02-25T00:08:34.878+0000] {processor.py:830} INFO - Processing file /home/airflow/.local/lib/python3.8/site-packages/airflow/example_dags/example_skip_dag.py for tasks to queue
[2024-02-25T00:08:34.879+0000] {logging_mixin.py:188} INFO - [2024-02-25T00:08:34.879+0000] {dagbag.py:538} INFO - Filling up the DagBag from /home/airflow/.local/lib/python3.8/site-packages/airflow/example_dags/example_skip_dag.py
[2024-02-25T00:08:34.886+0000] {processor.py:840} INFO - DAG(s) 'example_skip_dag' retrieved from /home/airflow/.local/lib/python3.8/site-packages/airflow/example_dags/example_skip_dag.py
[2024-02-25T00:08:34.911+0000] {logging_mixin.py:188} INFO - [2024-02-25T00:08:34.910+0000] {dag.py:3036} INFO - Sync 1 DAGs
[2024-02-25T00:08:34.934+0000] {logging_mixin.py:188} INFO - [2024-02-25T00:08:34.933+0000] {dag.py:3823} INFO - Setting next_dagrun for example_skip_dag to 2024-02-24 00:00:00+00:00, run_after=2024-02-25 00:00:00+00:00
[2024-02-25T00:08:34.958+0000] {processor.py:183} INFO - Processing /home/airflow/.local/lib/python3.8/site-packages/airflow/example_dags/example_skip_dag.py took 0.085 seconds
[2024-02-25T00:09:05.616+0000] {processor.py:161} INFO - Started process (PID=6527) to work on /home/airflow/.local/lib/python3.8/site-packages/airflow/example_dags/example_skip_dag.py
[2024-02-25T00:09:05.617+0000] {processor.py:830} INFO - Processing file /home/airflow/.local/lib/python3.8/site-packages/airflow/example_dags/example_skip_dag.py for tasks to queue
[2024-02-25T00:09:05.618+0000] {logging_mixin.py:188} INFO - [2024-02-25T00:09:05.618+0000] {dagbag.py:538} INFO - Filling up the DagBag from /home/airflow/.local/lib/python3.8/site-packages/airflow/example_dags/example_skip_dag.py
[2024-02-25T00:09:05.625+0000] {processor.py:840} INFO - DAG(s) 'example_skip_dag' retrieved from /home/airflow/.local/lib/python3.8/site-packages/airflow/example_dags/example_skip_dag.py
[2024-02-25T00:09:05.648+0000] {logging_mixin.py:188} INFO - [2024-02-25T00:09:05.648+0000] {dag.py:3036} INFO - Sync 1 DAGs
[2024-02-25T00:09:05.673+0000] {logging_mixin.py:188} INFO - [2024-02-25T00:09:05.672+0000] {dag.py:3823} INFO - Setting next_dagrun for example_skip_dag to 2024-02-24 00:00:00+00:00, run_after=2024-02-25 00:00:00+00:00
[2024-02-25T00:09:05.695+0000] {processor.py:183} INFO - Processing /home/airflow/.local/lib/python3.8/site-packages/airflow/example_dags/example_skip_dag.py took 0.083 seconds
[2024-02-25T18:16:22.739+0000] {processor.py:161} INFO - Started process (PID=6590) to work on /home/airflow/.local/lib/python3.8/site-packages/airflow/example_dags/example_skip_dag.py
[2024-02-25T18:16:22.740+0000] {processor.py:830} INFO - Processing file /home/airflow/.local/lib/python3.8/site-packages/airflow/example_dags/example_skip_dag.py for tasks to queue
[2024-02-25T18:16:22.741+0000] {logging_mixin.py:188} INFO - [2024-02-25T18:16:22.741+0000] {dagbag.py:538} INFO - Filling up the DagBag from /home/airflow/.local/lib/python3.8/site-packages/airflow/example_dags/example_skip_dag.py
[2024-02-25T18:16:22.749+0000] {processor.py:840} INFO - DAG(s) 'example_skip_dag' retrieved from /home/airflow/.local/lib/python3.8/site-packages/airflow/example_dags/example_skip_dag.py
[2024-02-25T18:16:22.785+0000] {logging_mixin.py:188} INFO - [2024-02-25T18:16:22.785+0000] {dag.py:3036} INFO - Sync 1 DAGs
[2024-02-25T18:16:22.817+0000] {logging_mixin.py:188} INFO - [2024-02-25T18:16:22.816+0000] {dag.py:3823} INFO - Setting next_dagrun for example_skip_dag to 2024-02-24 00:00:00+00:00, run_after=2024-02-25 00:00:00+00:00
[2024-02-25T18:16:22.842+0000] {processor.py:183} INFO - Processing /home/airflow/.local/lib/python3.8/site-packages/airflow/example_dags/example_skip_dag.py took 0.107 seconds
[2024-02-25T18:16:53.139+0000] {processor.py:161} INFO - Started process (PID=6653) to work on /home/airflow/.local/lib/python3.8/site-packages/airflow/example_dags/example_skip_dag.py
[2024-02-25T18:16:53.140+0000] {processor.py:830} INFO - Processing file /home/airflow/.local/lib/python3.8/site-packages/airflow/example_dags/example_skip_dag.py for tasks to queue
[2024-02-25T18:16:53.142+0000] {logging_mixin.py:188} INFO - [2024-02-25T18:16:53.141+0000] {dagbag.py:538} INFO - Filling up the DagBag from /home/airflow/.local/lib/python3.8/site-packages/airflow/example_dags/example_skip_dag.py
[2024-02-25T18:16:53.149+0000] {processor.py:840} INFO - DAG(s) 'example_skip_dag' retrieved from /home/airflow/.local/lib/python3.8/site-packages/airflow/example_dags/example_skip_dag.py
[2024-02-25T18:16:53.178+0000] {logging_mixin.py:188} INFO - [2024-02-25T18:16:53.177+0000] {dag.py:3036} INFO - Sync 1 DAGs
[2024-02-25T18:16:53.209+0000] {logging_mixin.py:188} INFO - [2024-02-25T18:16:53.209+0000] {dag.py:3823} INFO - Setting next_dagrun for example_skip_dag to 2024-02-24 00:00:00+00:00, run_after=2024-02-25 00:00:00+00:00
[2024-02-25T18:16:53.245+0000] {processor.py:183} INFO - Processing /home/airflow/.local/lib/python3.8/site-packages/airflow/example_dags/example_skip_dag.py took 0.111 seconds
[2024-02-25T18:17:24.295+0000] {processor.py:161} INFO - Started process (PID=6716) to work on /home/airflow/.local/lib/python3.8/site-packages/airflow/example_dags/example_skip_dag.py
[2024-02-25T18:17:24.296+0000] {processor.py:830} INFO - Processing file /home/airflow/.local/lib/python3.8/site-packages/airflow/example_dags/example_skip_dag.py for tasks to queue
[2024-02-25T18:17:24.298+0000] {logging_mixin.py:188} INFO - [2024-02-25T18:17:24.298+0000] {dagbag.py:538} INFO - Filling up the DagBag from /home/airflow/.local/lib/python3.8/site-packages/airflow/example_dags/example_skip_dag.py
[2024-02-25T18:17:24.307+0000] {processor.py:840} INFO - DAG(s) 'example_skip_dag' retrieved from /home/airflow/.local/lib/python3.8/site-packages/airflow/example_dags/example_skip_dag.py
[2024-02-25T18:17:24.337+0000] {logging_mixin.py:188} INFO - [2024-02-25T18:17:24.336+0000] {dag.py:3036} INFO - Sync 1 DAGs
[2024-02-25T18:17:24.367+0000] {logging_mixin.py:188} INFO - [2024-02-25T18:17:24.367+0000] {dag.py:3823} INFO - Setting next_dagrun for example_skip_dag to 2024-02-24 00:00:00+00:00, run_after=2024-02-25 00:00:00+00:00
[2024-02-25T18:17:24.397+0000] {processor.py:183} INFO - Processing /home/airflow/.local/lib/python3.8/site-packages/airflow/example_dags/example_skip_dag.py took 0.106 seconds
[2024-02-25T18:17:54.464+0000] {processor.py:161} INFO - Started process (PID=6779) to work on /home/airflow/.local/lib/python3.8/site-packages/airflow/example_dags/example_skip_dag.py
[2024-02-25T18:17:54.465+0000] {processor.py:830} INFO - Processing file /home/airflow/.local/lib/python3.8/site-packages/airflow/example_dags/example_skip_dag.py for tasks to queue
[2024-02-25T18:17:54.467+0000] {logging_mixin.py:188} INFO - [2024-02-25T18:17:54.466+0000] {dagbag.py:538} INFO - Filling up the DagBag from /home/airflow/.local/lib/python3.8/site-packages/airflow/example_dags/example_skip_dag.py
[2024-02-25T18:17:54.474+0000] {processor.py:840} INFO - DAG(s) 'example_skip_dag' retrieved from /home/airflow/.local/lib/python3.8/site-packages/airflow/example_dags/example_skip_dag.py
[2024-02-25T18:17:54.505+0000] {logging_mixin.py:188} INFO - [2024-02-25T18:17:54.505+0000] {dag.py:3036} INFO - Sync 1 DAGs
[2024-02-25T18:17:54.526+0000] {logging_mixin.py:188} INFO - [2024-02-25T18:17:54.526+0000] {dag.py:3823} INFO - Setting next_dagrun for example_skip_dag to 2024-02-24 00:00:00+00:00, run_after=2024-02-25 00:00:00+00:00
[2024-02-25T18:17:54.548+0000] {processor.py:183} INFO - Processing /home/airflow/.local/lib/python3.8/site-packages/airflow/example_dags/example_skip_dag.py took 0.088 seconds
[2024-02-25T18:18:25.521+0000] {processor.py:161} INFO - Started process (PID=6842) to work on /home/airflow/.local/lib/python3.8/site-packages/airflow/example_dags/example_skip_dag.py
[2024-02-25T18:18:25.523+0000] {processor.py:830} INFO - Processing file /home/airflow/.local/lib/python3.8/site-packages/airflow/example_dags/example_skip_dag.py for tasks to queue
[2024-02-25T18:18:25.524+0000] {logging_mixin.py:188} INFO - [2024-02-25T18:18:25.524+0000] {dagbag.py:538} INFO - Filling up the DagBag from /home/airflow/.local/lib/python3.8/site-packages/airflow/example_dags/example_skip_dag.py
[2024-02-25T18:18:25.532+0000] {processor.py:840} INFO - DAG(s) 'example_skip_dag' retrieved from /home/airflow/.local/lib/python3.8/site-packages/airflow/example_dags/example_skip_dag.py
[2024-02-25T18:18:25.562+0000] {logging_mixin.py:188} INFO - [2024-02-25T18:18:25.562+0000] {dag.py:3036} INFO - Sync 1 DAGs
[2024-02-25T18:18:25.586+0000] {logging_mixin.py:188} INFO - [2024-02-25T18:18:25.586+0000] {dag.py:3823} INFO - Setting next_dagrun for example_skip_dag to 2024-02-24 00:00:00+00:00, run_after=2024-02-25 00:00:00+00:00
[2024-02-25T18:18:25.610+0000] {processor.py:183} INFO - Processing /home/airflow/.local/lib/python3.8/site-packages/airflow/example_dags/example_skip_dag.py took 0.093 seconds
[2024-02-25T18:18:56.048+0000] {processor.py:161} INFO - Started process (PID=6906) to work on /home/airflow/.local/lib/python3.8/site-packages/airflow/example_dags/example_skip_dag.py
[2024-02-25T18:18:56.049+0000] {processor.py:830} INFO - Processing file /home/airflow/.local/lib/python3.8/site-packages/airflow/example_dags/example_skip_dag.py for tasks to queue
[2024-02-25T18:18:56.051+0000] {logging_mixin.py:188} INFO - [2024-02-25T18:18:56.050+0000] {dagbag.py:538} INFO - Filling up the DagBag from /home/airflow/.local/lib/python3.8/site-packages/airflow/example_dags/example_skip_dag.py
[2024-02-25T18:18:56.058+0000] {processor.py:840} INFO - DAG(s) 'example_skip_dag' retrieved from /home/airflow/.local/lib/python3.8/site-packages/airflow/example_dags/example_skip_dag.py
[2024-02-25T18:18:56.083+0000] {logging_mixin.py:188} INFO - [2024-02-25T18:18:56.083+0000] {dag.py:3036} INFO - Sync 1 DAGs
[2024-02-25T18:18:56.108+0000] {logging_mixin.py:188} INFO - [2024-02-25T18:18:56.108+0000] {dag.py:3823} INFO - Setting next_dagrun for example_skip_dag to 2024-02-24 00:00:00+00:00, run_after=2024-02-25 00:00:00+00:00
[2024-02-25T18:18:56.133+0000] {processor.py:183} INFO - Processing /home/airflow/.local/lib/python3.8/site-packages/airflow/example_dags/example_skip_dag.py took 0.088 seconds
[2024-02-25T18:19:27.208+0000] {processor.py:161} INFO - Started process (PID=6969) to work on /home/airflow/.local/lib/python3.8/site-packages/airflow/example_dags/example_skip_dag.py
[2024-02-25T18:19:27.209+0000] {processor.py:830} INFO - Processing file /home/airflow/.local/lib/python3.8/site-packages/airflow/example_dags/example_skip_dag.py for tasks to queue
[2024-02-25T18:19:27.210+0000] {logging_mixin.py:188} INFO - [2024-02-25T18:19:27.210+0000] {dagbag.py:538} INFO - Filling up the DagBag from /home/airflow/.local/lib/python3.8/site-packages/airflow/example_dags/example_skip_dag.py
[2024-02-25T18:19:27.218+0000] {processor.py:840} INFO - DAG(s) 'example_skip_dag' retrieved from /home/airflow/.local/lib/python3.8/site-packages/airflow/example_dags/example_skip_dag.py
[2024-02-25T18:19:27.252+0000] {logging_mixin.py:188} INFO - [2024-02-25T18:19:27.251+0000] {dag.py:3036} INFO - Sync 1 DAGs
[2024-02-25T18:19:27.284+0000] {logging_mixin.py:188} INFO - [2024-02-25T18:19:27.284+0000] {dag.py:3823} INFO - Setting next_dagrun for example_skip_dag to 2024-02-24 00:00:00+00:00, run_after=2024-02-25 00:00:00+00:00
[2024-02-25T18:19:27.314+0000] {processor.py:183} INFO - Processing /home/airflow/.local/lib/python3.8/site-packages/airflow/example_dags/example_skip_dag.py took 0.110 seconds
[2024-02-25T18:19:58.112+0000] {processor.py:161} INFO - Started process (PID=7037) to work on /home/airflow/.local/lib/python3.8/site-packages/airflow/example_dags/example_skip_dag.py
[2024-02-25T18:19:58.113+0000] {processor.py:830} INFO - Processing file /home/airflow/.local/lib/python3.8/site-packages/airflow/example_dags/example_skip_dag.py for tasks to queue
[2024-02-25T18:19:58.114+0000] {logging_mixin.py:188} INFO - [2024-02-25T18:19:58.114+0000] {dagbag.py:538} INFO - Filling up the DagBag from /home/airflow/.local/lib/python3.8/site-packages/airflow/example_dags/example_skip_dag.py
[2024-02-25T18:19:58.122+0000] {processor.py:840} INFO - DAG(s) 'example_skip_dag' retrieved from /home/airflow/.local/lib/python3.8/site-packages/airflow/example_dags/example_skip_dag.py
[2024-02-25T18:19:58.148+0000] {logging_mixin.py:188} INFO - [2024-02-25T18:19:58.147+0000] {dag.py:3036} INFO - Sync 1 DAGs
[2024-02-25T18:19:58.173+0000] {logging_mixin.py:188} INFO - [2024-02-25T18:19:58.173+0000] {dag.py:3823} INFO - Setting next_dagrun for example_skip_dag to 2024-02-24 00:00:00+00:00, run_after=2024-02-25 00:00:00+00:00
[2024-02-25T18:19:58.202+0000] {processor.py:183} INFO - Processing /home/airflow/.local/lib/python3.8/site-packages/airflow/example_dags/example_skip_dag.py took 0.094 seconds
[2024-02-25T18:20:28.729+0000] {processor.py:161} INFO - Started process (PID=7100) to work on /home/airflow/.local/lib/python3.8/site-packages/airflow/example_dags/example_skip_dag.py
[2024-02-25T18:20:28.730+0000] {processor.py:830} INFO - Processing file /home/airflow/.local/lib/python3.8/site-packages/airflow/example_dags/example_skip_dag.py for tasks to queue
[2024-02-25T18:20:28.732+0000] {logging_mixin.py:188} INFO - [2024-02-25T18:20:28.731+0000] {dagbag.py:538} INFO - Filling up the DagBag from /home/airflow/.local/lib/python3.8/site-packages/airflow/example_dags/example_skip_dag.py
[2024-02-25T18:20:28.739+0000] {processor.py:840} INFO - DAG(s) 'example_skip_dag' retrieved from /home/airflow/.local/lib/python3.8/site-packages/airflow/example_dags/example_skip_dag.py
[2024-02-25T18:20:28.766+0000] {logging_mixin.py:188} INFO - [2024-02-25T18:20:28.766+0000] {dag.py:3036} INFO - Sync 1 DAGs
[2024-02-25T18:20:28.793+0000] {logging_mixin.py:188} INFO - [2024-02-25T18:20:28.793+0000] {dag.py:3823} INFO - Setting next_dagrun for example_skip_dag to 2024-02-24 00:00:00+00:00, run_after=2024-02-25 00:00:00+00:00
[2024-02-25T18:20:28.839+0000] {processor.py:183} INFO - Processing /home/airflow/.local/lib/python3.8/site-packages/airflow/example_dags/example_skip_dag.py took 0.114 seconds
[2024-02-25T18:20:59.064+0000] {processor.py:161} INFO - Started process (PID=7163) to work on /home/airflow/.local/lib/python3.8/site-packages/airflow/example_dags/example_skip_dag.py
[2024-02-25T18:20:59.065+0000] {processor.py:830} INFO - Processing file /home/airflow/.local/lib/python3.8/site-packages/airflow/example_dags/example_skip_dag.py for tasks to queue
[2024-02-25T18:20:59.067+0000] {logging_mixin.py:188} INFO - [2024-02-25T18:20:59.066+0000] {dagbag.py:538} INFO - Filling up the DagBag from /home/airflow/.local/lib/python3.8/site-packages/airflow/example_dags/example_skip_dag.py
[2024-02-25T18:20:59.075+0000] {processor.py:840} INFO - DAG(s) 'example_skip_dag' retrieved from /home/airflow/.local/lib/python3.8/site-packages/airflow/example_dags/example_skip_dag.py
[2024-02-25T18:20:59.102+0000] {logging_mixin.py:188} INFO - [2024-02-25T18:20:59.102+0000] {dag.py:3036} INFO - Sync 1 DAGs
[2024-02-25T18:20:59.132+0000] {logging_mixin.py:188} INFO - [2024-02-25T18:20:59.131+0000] {dag.py:3823} INFO - Setting next_dagrun for example_skip_dag to 2024-02-24 00:00:00+00:00, run_after=2024-02-25 00:00:00+00:00
[2024-02-25T18:20:59.176+0000] {processor.py:183} INFO - Processing /home/airflow/.local/lib/python3.8/site-packages/airflow/example_dags/example_skip_dag.py took 0.117 seconds
[2024-02-25T18:21:29.612+0000] {processor.py:161} INFO - Started process (PID=7225) to work on /home/airflow/.local/lib/python3.8/site-packages/airflow/example_dags/example_skip_dag.py
[2024-02-25T18:21:29.613+0000] {processor.py:830} INFO - Processing file /home/airflow/.local/lib/python3.8/site-packages/airflow/example_dags/example_skip_dag.py for tasks to queue
[2024-02-25T18:21:29.615+0000] {logging_mixin.py:188} INFO - [2024-02-25T18:21:29.614+0000] {dagbag.py:538} INFO - Filling up the DagBag from /home/airflow/.local/lib/python3.8/site-packages/airflow/example_dags/example_skip_dag.py
[2024-02-25T18:21:29.622+0000] {processor.py:840} INFO - DAG(s) 'example_skip_dag' retrieved from /home/airflow/.local/lib/python3.8/site-packages/airflow/example_dags/example_skip_dag.py
[2024-02-25T18:21:29.648+0000] {logging_mixin.py:188} INFO - [2024-02-25T18:21:29.647+0000] {dag.py:3036} INFO - Sync 1 DAGs
[2024-02-25T18:21:29.672+0000] {logging_mixin.py:188} INFO - [2024-02-25T18:21:29.672+0000] {dag.py:3823} INFO - Setting next_dagrun for example_skip_dag to 2024-02-24 00:00:00+00:00, run_after=2024-02-25 00:00:00+00:00
[2024-02-25T18:21:29.695+0000] {processor.py:183} INFO - Processing /home/airflow/.local/lib/python3.8/site-packages/airflow/example_dags/example_skip_dag.py took 0.087 seconds
[2024-02-25T18:22:00.078+0000] {processor.py:161} INFO - Started process (PID=7288) to work on /home/airflow/.local/lib/python3.8/site-packages/airflow/example_dags/example_skip_dag.py
[2024-02-25T18:22:00.080+0000] {processor.py:830} INFO - Processing file /home/airflow/.local/lib/python3.8/site-packages/airflow/example_dags/example_skip_dag.py for tasks to queue
[2024-02-25T18:22:00.081+0000] {logging_mixin.py:188} INFO - [2024-02-25T18:22:00.080+0000] {dagbag.py:538} INFO - Filling up the DagBag from /home/airflow/.local/lib/python3.8/site-packages/airflow/example_dags/example_skip_dag.py
[2024-02-25T18:22:00.087+0000] {processor.py:840} INFO - DAG(s) 'example_skip_dag' retrieved from /home/airflow/.local/lib/python3.8/site-packages/airflow/example_dags/example_skip_dag.py
[2024-02-25T18:22:00.113+0000] {logging_mixin.py:188} INFO - [2024-02-25T18:22:00.112+0000] {dag.py:3036} INFO - Sync 1 DAGs
[2024-02-25T18:22:00.139+0000] {logging_mixin.py:188} INFO - [2024-02-25T18:22:00.138+0000] {dag.py:3823} INFO - Setting next_dagrun for example_skip_dag to 2024-02-24 00:00:00+00:00, run_after=2024-02-25 00:00:00+00:00
[2024-02-25T18:22:00.163+0000] {processor.py:183} INFO - Processing /home/airflow/.local/lib/python3.8/site-packages/airflow/example_dags/example_skip_dag.py took 0.088 seconds
[2024-02-25T18:22:31.499+0000] {processor.py:161} INFO - Started process (PID=7353) to work on /home/airflow/.local/lib/python3.8/site-packages/airflow/example_dags/example_skip_dag.py
[2024-02-25T18:22:31.500+0000] {processor.py:830} INFO - Processing file /home/airflow/.local/lib/python3.8/site-packages/airflow/example_dags/example_skip_dag.py for tasks to queue
[2024-02-25T18:22:31.502+0000] {logging_mixin.py:188} INFO - [2024-02-25T18:22:31.501+0000] {dagbag.py:538} INFO - Filling up the DagBag from /home/airflow/.local/lib/python3.8/site-packages/airflow/example_dags/example_skip_dag.py
[2024-02-25T18:22:31.509+0000] {processor.py:840} INFO - DAG(s) 'example_skip_dag' retrieved from /home/airflow/.local/lib/python3.8/site-packages/airflow/example_dags/example_skip_dag.py
[2024-02-25T18:22:31.536+0000] {logging_mixin.py:188} INFO - [2024-02-25T18:22:31.536+0000] {dag.py:3036} INFO - Sync 1 DAGs
[2024-02-25T18:22:31.558+0000] {logging_mixin.py:188} INFO - [2024-02-25T18:22:31.558+0000] {dag.py:3823} INFO - Setting next_dagrun for example_skip_dag to 2024-02-24 00:00:00+00:00, run_after=2024-02-25 00:00:00+00:00
[2024-02-25T18:22:31.580+0000] {processor.py:183} INFO - Processing /home/airflow/.local/lib/python3.8/site-packages/airflow/example_dags/example_skip_dag.py took 0.085 seconds
[2024-02-25T18:23:02.224+0000] {processor.py:161} INFO - Started process (PID=7416) to work on /home/airflow/.local/lib/python3.8/site-packages/airflow/example_dags/example_skip_dag.py
[2024-02-25T18:23:02.225+0000] {processor.py:830} INFO - Processing file /home/airflow/.local/lib/python3.8/site-packages/airflow/example_dags/example_skip_dag.py for tasks to queue
[2024-02-25T18:23:02.226+0000] {logging_mixin.py:188} INFO - [2024-02-25T18:23:02.226+0000] {dagbag.py:538} INFO - Filling up the DagBag from /home/airflow/.local/lib/python3.8/site-packages/airflow/example_dags/example_skip_dag.py
[2024-02-25T18:23:02.233+0000] {processor.py:840} INFO - DAG(s) 'example_skip_dag' retrieved from /home/airflow/.local/lib/python3.8/site-packages/airflow/example_dags/example_skip_dag.py
[2024-02-25T18:23:02.259+0000] {logging_mixin.py:188} INFO - [2024-02-25T18:23:02.259+0000] {dag.py:3036} INFO - Sync 1 DAGs
[2024-02-25T18:23:02.282+0000] {logging_mixin.py:188} INFO - [2024-02-25T18:23:02.282+0000] {dag.py:3823} INFO - Setting next_dagrun for example_skip_dag to 2024-02-24 00:00:00+00:00, run_after=2024-02-25 00:00:00+00:00
[2024-02-25T18:23:02.304+0000] {processor.py:183} INFO - Processing /home/airflow/.local/lib/python3.8/site-packages/airflow/example_dags/example_skip_dag.py took 0.084 seconds
[2024-02-25T18:23:53.628+0000] {processor.py:161} INFO - Started process (PID=7479) to work on /home/airflow/.local/lib/python3.8/site-packages/airflow/example_dags/example_skip_dag.py
[2024-02-25T18:23:53.629+0000] {processor.py:830} INFO - Processing file /home/airflow/.local/lib/python3.8/site-packages/airflow/example_dags/example_skip_dag.py for tasks to queue
[2024-02-25T18:23:53.631+0000] {logging_mixin.py:188} INFO - [2024-02-25T18:23:53.631+0000] {dagbag.py:538} INFO - Filling up the DagBag from /home/airflow/.local/lib/python3.8/site-packages/airflow/example_dags/example_skip_dag.py
[2024-02-25T18:23:53.638+0000] {processor.py:840} INFO - DAG(s) 'example_skip_dag' retrieved from /home/airflow/.local/lib/python3.8/site-packages/airflow/example_dags/example_skip_dag.py
[2024-02-25T18:23:53.663+0000] {logging_mixin.py:188} INFO - [2024-02-25T18:23:53.663+0000] {dag.py:3036} INFO - Sync 1 DAGs
[2024-02-25T18:23:53.687+0000] {logging_mixin.py:188} INFO - [2024-02-25T18:23:53.687+0000] {dag.py:3823} INFO - Setting next_dagrun for example_skip_dag to 2024-02-24 00:00:00+00:00, run_after=2024-02-25 00:00:00+00:00
[2024-02-25T18:23:53.712+0000] {processor.py:183} INFO - Processing /home/airflow/.local/lib/python3.8/site-packages/airflow/example_dags/example_skip_dag.py took 0.087 seconds
[2024-02-25T18:24:24.194+0000] {processor.py:161} INFO - Started process (PID=7540) to work on /home/airflow/.local/lib/python3.8/site-packages/airflow/example_dags/example_skip_dag.py
[2024-02-25T18:24:24.195+0000] {processor.py:830} INFO - Processing file /home/airflow/.local/lib/python3.8/site-packages/airflow/example_dags/example_skip_dag.py for tasks to queue
[2024-02-25T18:24:24.196+0000] {logging_mixin.py:188} INFO - [2024-02-25T18:24:24.196+0000] {dagbag.py:538} INFO - Filling up the DagBag from /home/airflow/.local/lib/python3.8/site-packages/airflow/example_dags/example_skip_dag.py
[2024-02-25T18:24:24.203+0000] {processor.py:840} INFO - DAG(s) 'example_skip_dag' retrieved from /home/airflow/.local/lib/python3.8/site-packages/airflow/example_dags/example_skip_dag.py
[2024-02-25T18:24:24.228+0000] {logging_mixin.py:188} INFO - [2024-02-25T18:24:24.228+0000] {dag.py:3036} INFO - Sync 1 DAGs
[2024-02-25T18:24:24.254+0000] {logging_mixin.py:188} INFO - [2024-02-25T18:24:24.253+0000] {dag.py:3823} INFO - Setting next_dagrun for example_skip_dag to 2024-02-24 00:00:00+00:00, run_after=2024-02-25 00:00:00+00:00
[2024-02-25T18:24:24.274+0000] {processor.py:183} INFO - Processing /home/airflow/.local/lib/python3.8/site-packages/airflow/example_dags/example_skip_dag.py took 0.084 seconds
[2024-02-25T18:24:55.395+0000] {processor.py:161} INFO - Started process (PID=7603) to work on /home/airflow/.local/lib/python3.8/site-packages/airflow/example_dags/example_skip_dag.py
[2024-02-25T18:24:55.396+0000] {processor.py:830} INFO - Processing file /home/airflow/.local/lib/python3.8/site-packages/airflow/example_dags/example_skip_dag.py for tasks to queue
[2024-02-25T18:24:55.397+0000] {logging_mixin.py:188} INFO - [2024-02-25T18:24:55.397+0000] {dagbag.py:538} INFO - Filling up the DagBag from /home/airflow/.local/lib/python3.8/site-packages/airflow/example_dags/example_skip_dag.py
[2024-02-25T18:24:55.404+0000] {processor.py:840} INFO - DAG(s) 'example_skip_dag' retrieved from /home/airflow/.local/lib/python3.8/site-packages/airflow/example_dags/example_skip_dag.py
[2024-02-25T18:24:55.429+0000] {logging_mixin.py:188} INFO - [2024-02-25T18:24:55.429+0000] {dag.py:3036} INFO - Sync 1 DAGs
[2024-02-25T18:24:55.454+0000] {logging_mixin.py:188} INFO - [2024-02-25T18:24:55.453+0000] {dag.py:3823} INFO - Setting next_dagrun for example_skip_dag to 2024-02-24 00:00:00+00:00, run_after=2024-02-25 00:00:00+00:00
[2024-02-25T18:24:55.489+0000] {processor.py:183} INFO - Processing /home/airflow/.local/lib/python3.8/site-packages/airflow/example_dags/example_skip_dag.py took 0.098 seconds
[2024-02-25T18:25:26.365+0000] {processor.py:161} INFO - Started process (PID=7666) to work on /home/airflow/.local/lib/python3.8/site-packages/airflow/example_dags/example_skip_dag.py
[2024-02-25T18:25:26.366+0000] {processor.py:830} INFO - Processing file /home/airflow/.local/lib/python3.8/site-packages/airflow/example_dags/example_skip_dag.py for tasks to queue
[2024-02-25T18:25:26.367+0000] {logging_mixin.py:188} INFO - [2024-02-25T18:25:26.367+0000] {dagbag.py:538} INFO - Filling up the DagBag from /home/airflow/.local/lib/python3.8/site-packages/airflow/example_dags/example_skip_dag.py
[2024-02-25T18:25:26.375+0000] {processor.py:840} INFO - DAG(s) 'example_skip_dag' retrieved from /home/airflow/.local/lib/python3.8/site-packages/airflow/example_dags/example_skip_dag.py
[2024-02-25T18:25:26.401+0000] {logging_mixin.py:188} INFO - [2024-02-25T18:25:26.400+0000] {dag.py:3036} INFO - Sync 1 DAGs
[2024-02-25T18:25:26.427+0000] {logging_mixin.py:188} INFO - [2024-02-25T18:25:26.427+0000] {dag.py:3823} INFO - Setting next_dagrun for example_skip_dag to 2024-02-24 00:00:00+00:00, run_after=2024-02-25 00:00:00+00:00
[2024-02-25T18:25:26.452+0000] {processor.py:183} INFO - Processing /home/airflow/.local/lib/python3.8/site-packages/airflow/example_dags/example_skip_dag.py took 0.091 seconds
[2024-02-25T18:25:57.063+0000] {processor.py:161} INFO - Started process (PID=7729) to work on /home/airflow/.local/lib/python3.8/site-packages/airflow/example_dags/example_skip_dag.py
[2024-02-25T18:25:57.065+0000] {processor.py:830} INFO - Processing file /home/airflow/.local/lib/python3.8/site-packages/airflow/example_dags/example_skip_dag.py for tasks to queue
[2024-02-25T18:25:57.066+0000] {logging_mixin.py:188} INFO - [2024-02-25T18:25:57.065+0000] {dagbag.py:538} INFO - Filling up the DagBag from /home/airflow/.local/lib/python3.8/site-packages/airflow/example_dags/example_skip_dag.py
[2024-02-25T18:25:57.072+0000] {processor.py:840} INFO - DAG(s) 'example_skip_dag' retrieved from /home/airflow/.local/lib/python3.8/site-packages/airflow/example_dags/example_skip_dag.py
[2024-02-25T18:25:57.099+0000] {logging_mixin.py:188} INFO - [2024-02-25T18:25:57.098+0000] {dag.py:3036} INFO - Sync 1 DAGs
[2024-02-25T18:25:57.121+0000] {logging_mixin.py:188} INFO - [2024-02-25T18:25:57.121+0000] {dag.py:3823} INFO - Setting next_dagrun for example_skip_dag to 2024-02-24 00:00:00+00:00, run_after=2024-02-25 00:00:00+00:00
[2024-02-25T18:25:57.145+0000] {processor.py:183} INFO - Processing /home/airflow/.local/lib/python3.8/site-packages/airflow/example_dags/example_skip_dag.py took 0.085 seconds
[2024-02-25T18:26:27.945+0000] {processor.py:161} INFO - Started process (PID=7792) to work on /home/airflow/.local/lib/python3.8/site-packages/airflow/example_dags/example_skip_dag.py
[2024-02-25T18:26:27.946+0000] {processor.py:830} INFO - Processing file /home/airflow/.local/lib/python3.8/site-packages/airflow/example_dags/example_skip_dag.py for tasks to queue
[2024-02-25T18:26:27.947+0000] {logging_mixin.py:188} INFO - [2024-02-25T18:26:27.947+0000] {dagbag.py:538} INFO - Filling up the DagBag from /home/airflow/.local/lib/python3.8/site-packages/airflow/example_dags/example_skip_dag.py
[2024-02-25T18:26:27.954+0000] {processor.py:840} INFO - DAG(s) 'example_skip_dag' retrieved from /home/airflow/.local/lib/python3.8/site-packages/airflow/example_dags/example_skip_dag.py
[2024-02-25T18:26:27.978+0000] {logging_mixin.py:188} INFO - [2024-02-25T18:26:27.978+0000] {dag.py:3036} INFO - Sync 1 DAGs
[2024-02-25T18:26:28.001+0000] {logging_mixin.py:188} INFO - [2024-02-25T18:26:28.001+0000] {dag.py:3823} INFO - Setting next_dagrun for example_skip_dag to 2024-02-24 00:00:00+00:00, run_after=2024-02-25 00:00:00+00:00
[2024-02-25T18:26:28.024+0000] {processor.py:183} INFO - Processing /home/airflow/.local/lib/python3.8/site-packages/airflow/example_dags/example_skip_dag.py took 0.083 seconds
[2024-02-25T18:26:58.972+0000] {processor.py:161} INFO - Started process (PID=7856) to work on /home/airflow/.local/lib/python3.8/site-packages/airflow/example_dags/example_skip_dag.py
[2024-02-25T18:26:58.973+0000] {processor.py:830} INFO - Processing file /home/airflow/.local/lib/python3.8/site-packages/airflow/example_dags/example_skip_dag.py for tasks to queue
[2024-02-25T18:26:58.974+0000] {logging_mixin.py:188} INFO - [2024-02-25T18:26:58.974+0000] {dagbag.py:538} INFO - Filling up the DagBag from /home/airflow/.local/lib/python3.8/site-packages/airflow/example_dags/example_skip_dag.py
[2024-02-25T18:26:58.981+0000] {processor.py:840} INFO - DAG(s) 'example_skip_dag' retrieved from /home/airflow/.local/lib/python3.8/site-packages/airflow/example_dags/example_skip_dag.py
[2024-02-25T18:26:59.006+0000] {logging_mixin.py:188} INFO - [2024-02-25T18:26:59.006+0000] {dag.py:3036} INFO - Sync 1 DAGs
[2024-02-25T18:26:59.029+0000] {logging_mixin.py:188} INFO - [2024-02-25T18:26:59.029+0000] {dag.py:3823} INFO - Setting next_dagrun for example_skip_dag to 2024-02-24 00:00:00+00:00, run_after=2024-02-25 00:00:00+00:00
[2024-02-25T18:26:59.053+0000] {processor.py:183} INFO - Processing /home/airflow/.local/lib/python3.8/site-packages/airflow/example_dags/example_skip_dag.py took 0.086 seconds
[2024-02-25T18:27:29.756+0000] {processor.py:161} INFO - Started process (PID=7919) to work on /home/airflow/.local/lib/python3.8/site-packages/airflow/example_dags/example_skip_dag.py
[2024-02-25T18:27:29.757+0000] {processor.py:830} INFO - Processing file /home/airflow/.local/lib/python3.8/site-packages/airflow/example_dags/example_skip_dag.py for tasks to queue
[2024-02-25T18:27:29.759+0000] {logging_mixin.py:188} INFO - [2024-02-25T18:27:29.758+0000] {dagbag.py:538} INFO - Filling up the DagBag from /home/airflow/.local/lib/python3.8/site-packages/airflow/example_dags/example_skip_dag.py
[2024-02-25T18:27:29.766+0000] {processor.py:840} INFO - DAG(s) 'example_skip_dag' retrieved from /home/airflow/.local/lib/python3.8/site-packages/airflow/example_dags/example_skip_dag.py
[2024-02-25T18:27:29.791+0000] {logging_mixin.py:188} INFO - [2024-02-25T18:27:29.791+0000] {dag.py:3036} INFO - Sync 1 DAGs
[2024-02-25T18:27:29.813+0000] {logging_mixin.py:188} INFO - [2024-02-25T18:27:29.813+0000] {dag.py:3823} INFO - Setting next_dagrun for example_skip_dag to 2024-02-24 00:00:00+00:00, run_after=2024-02-25 00:00:00+00:00
[2024-02-25T18:27:29.835+0000] {processor.py:183} INFO - Processing /home/airflow/.local/lib/python3.8/site-packages/airflow/example_dags/example_skip_dag.py took 0.083 seconds
[2024-02-25T18:28:00.874+0000] {processor.py:161} INFO - Started process (PID=7982) to work on /home/airflow/.local/lib/python3.8/site-packages/airflow/example_dags/example_skip_dag.py
[2024-02-25T18:28:00.875+0000] {processor.py:830} INFO - Processing file /home/airflow/.local/lib/python3.8/site-packages/airflow/example_dags/example_skip_dag.py for tasks to queue
[2024-02-25T18:28:00.876+0000] {logging_mixin.py:188} INFO - [2024-02-25T18:28:00.876+0000] {dagbag.py:538} INFO - Filling up the DagBag from /home/airflow/.local/lib/python3.8/site-packages/airflow/example_dags/example_skip_dag.py
[2024-02-25T18:28:00.883+0000] {processor.py:840} INFO - DAG(s) 'example_skip_dag' retrieved from /home/airflow/.local/lib/python3.8/site-packages/airflow/example_dags/example_skip_dag.py
[2024-02-25T18:28:00.907+0000] {logging_mixin.py:188} INFO - [2024-02-25T18:28:00.907+0000] {dag.py:3036} INFO - Sync 1 DAGs
[2024-02-25T18:28:00.930+0000] {logging_mixin.py:188} INFO - [2024-02-25T18:28:00.930+0000] {dag.py:3823} INFO - Setting next_dagrun for example_skip_dag to 2024-02-24 00:00:00+00:00, run_after=2024-02-25 00:00:00+00:00
[2024-02-25T18:28:00.952+0000] {processor.py:183} INFO - Processing /home/airflow/.local/lib/python3.8/site-packages/airflow/example_dags/example_skip_dag.py took 0.082 seconds
[2024-02-25T18:28:31.411+0000] {processor.py:161} INFO - Started process (PID=8043) to work on /home/airflow/.local/lib/python3.8/site-packages/airflow/example_dags/example_skip_dag.py
[2024-02-25T18:28:31.412+0000] {processor.py:830} INFO - Processing file /home/airflow/.local/lib/python3.8/site-packages/airflow/example_dags/example_skip_dag.py for tasks to queue
[2024-02-25T18:28:31.414+0000] {logging_mixin.py:188} INFO - [2024-02-25T18:28:31.413+0000] {dagbag.py:538} INFO - Filling up the DagBag from /home/airflow/.local/lib/python3.8/site-packages/airflow/example_dags/example_skip_dag.py
[2024-02-25T18:28:31.423+0000] {processor.py:840} INFO - DAG(s) 'example_skip_dag' retrieved from /home/airflow/.local/lib/python3.8/site-packages/airflow/example_dags/example_skip_dag.py
[2024-02-25T18:28:31.451+0000] {logging_mixin.py:188} INFO - [2024-02-25T18:28:31.450+0000] {dag.py:3036} INFO - Sync 1 DAGs
[2024-02-25T18:28:31.480+0000] {logging_mixin.py:188} INFO - [2024-02-25T18:28:31.480+0000] {dag.py:3823} INFO - Setting next_dagrun for example_skip_dag to 2024-02-24 00:00:00+00:00, run_after=2024-02-25 00:00:00+00:00
[2024-02-25T18:28:31.507+0000] {processor.py:183} INFO - Processing /home/airflow/.local/lib/python3.8/site-packages/airflow/example_dags/example_skip_dag.py took 0.100 seconds
[2024-02-25T18:29:02.326+0000] {processor.py:161} INFO - Started process (PID=8105) to work on /home/airflow/.local/lib/python3.8/site-packages/airflow/example_dags/example_skip_dag.py
[2024-02-25T18:29:02.327+0000] {processor.py:830} INFO - Processing file /home/airflow/.local/lib/python3.8/site-packages/airflow/example_dags/example_skip_dag.py for tasks to queue
[2024-02-25T18:29:02.329+0000] {logging_mixin.py:188} INFO - [2024-02-25T18:29:02.328+0000] {dagbag.py:538} INFO - Filling up the DagBag from /home/airflow/.local/lib/python3.8/site-packages/airflow/example_dags/example_skip_dag.py
[2024-02-25T18:29:02.336+0000] {processor.py:840} INFO - DAG(s) 'example_skip_dag' retrieved from /home/airflow/.local/lib/python3.8/site-packages/airflow/example_dags/example_skip_dag.py
[2024-02-25T18:29:02.364+0000] {logging_mixin.py:188} INFO - [2024-02-25T18:29:02.363+0000] {dag.py:3036} INFO - Sync 1 DAGs
[2024-02-25T18:29:02.387+0000] {logging_mixin.py:188} INFO - [2024-02-25T18:29:02.387+0000] {dag.py:3823} INFO - Setting next_dagrun for example_skip_dag to 2024-02-24 00:00:00+00:00, run_after=2024-02-25 00:00:00+00:00
[2024-02-25T18:29:02.411+0000] {processor.py:183} INFO - Processing /home/airflow/.local/lib/python3.8/site-packages/airflow/example_dags/example_skip_dag.py took 0.089 seconds
[2024-02-25T18:29:32.765+0000] {processor.py:161} INFO - Started process (PID=8168) to work on /home/airflow/.local/lib/python3.8/site-packages/airflow/example_dags/example_skip_dag.py
[2024-02-25T18:29:32.766+0000] {processor.py:830} INFO - Processing file /home/airflow/.local/lib/python3.8/site-packages/airflow/example_dags/example_skip_dag.py for tasks to queue
[2024-02-25T18:29:32.767+0000] {logging_mixin.py:188} INFO - [2024-02-25T18:29:32.767+0000] {dagbag.py:538} INFO - Filling up the DagBag from /home/airflow/.local/lib/python3.8/site-packages/airflow/example_dags/example_skip_dag.py
[2024-02-25T18:29:32.774+0000] {processor.py:840} INFO - DAG(s) 'example_skip_dag' retrieved from /home/airflow/.local/lib/python3.8/site-packages/airflow/example_dags/example_skip_dag.py
[2024-02-25T18:29:32.801+0000] {logging_mixin.py:188} INFO - [2024-02-25T18:29:32.800+0000] {dag.py:3036} INFO - Sync 1 DAGs
[2024-02-25T18:29:32.824+0000] {logging_mixin.py:188} INFO - [2024-02-25T18:29:32.824+0000] {dag.py:3823} INFO - Setting next_dagrun for example_skip_dag to 2024-02-24 00:00:00+00:00, run_after=2024-02-25 00:00:00+00:00
[2024-02-25T18:29:32.847+0000] {processor.py:183} INFO - Processing /home/airflow/.local/lib/python3.8/site-packages/airflow/example_dags/example_skip_dag.py took 0.087 seconds
[2024-02-25T18:30:03.653+0000] {processor.py:161} INFO - Started process (PID=8231) to work on /home/airflow/.local/lib/python3.8/site-packages/airflow/example_dags/example_skip_dag.py
[2024-02-25T18:30:03.654+0000] {processor.py:830} INFO - Processing file /home/airflow/.local/lib/python3.8/site-packages/airflow/example_dags/example_skip_dag.py for tasks to queue
[2024-02-25T18:30:03.656+0000] {logging_mixin.py:188} INFO - [2024-02-25T18:30:03.655+0000] {dagbag.py:538} INFO - Filling up the DagBag from /home/airflow/.local/lib/python3.8/site-packages/airflow/example_dags/example_skip_dag.py
[2024-02-25T18:30:03.663+0000] {processor.py:840} INFO - DAG(s) 'example_skip_dag' retrieved from /home/airflow/.local/lib/python3.8/site-packages/airflow/example_dags/example_skip_dag.py
[2024-02-25T18:30:03.691+0000] {logging_mixin.py:188} INFO - [2024-02-25T18:30:03.691+0000] {dag.py:3036} INFO - Sync 1 DAGs
[2024-02-25T18:30:03.715+0000] {logging_mixin.py:188} INFO - [2024-02-25T18:30:03.715+0000] {dag.py:3823} INFO - Setting next_dagrun for example_skip_dag to 2024-02-24 00:00:00+00:00, run_after=2024-02-25 00:00:00+00:00
[2024-02-25T18:30:03.738+0000] {processor.py:183} INFO - Processing /home/airflow/.local/lib/python3.8/site-packages/airflow/example_dags/example_skip_dag.py took 0.089 seconds
[2024-02-25T18:30:34.328+0000] {processor.py:161} INFO - Started process (PID=8294) to work on /home/airflow/.local/lib/python3.8/site-packages/airflow/example_dags/example_skip_dag.py
[2024-02-25T18:30:34.330+0000] {processor.py:830} INFO - Processing file /home/airflow/.local/lib/python3.8/site-packages/airflow/example_dags/example_skip_dag.py for tasks to queue
[2024-02-25T18:30:34.331+0000] {logging_mixin.py:188} INFO - [2024-02-25T18:30:34.331+0000] {dagbag.py:538} INFO - Filling up the DagBag from /home/airflow/.local/lib/python3.8/site-packages/airflow/example_dags/example_skip_dag.py
[2024-02-25T18:30:34.338+0000] {processor.py:840} INFO - DAG(s) 'example_skip_dag' retrieved from /home/airflow/.local/lib/python3.8/site-packages/airflow/example_dags/example_skip_dag.py
[2024-02-25T18:30:34.366+0000] {logging_mixin.py:188} INFO - [2024-02-25T18:30:34.366+0000] {dag.py:3036} INFO - Sync 1 DAGs
[2024-02-25T18:30:34.390+0000] {logging_mixin.py:188} INFO - [2024-02-25T18:30:34.390+0000] {dag.py:3823} INFO - Setting next_dagrun for example_skip_dag to 2024-02-24 00:00:00+00:00, run_after=2024-02-25 00:00:00+00:00
[2024-02-25T18:30:34.412+0000] {processor.py:183} INFO - Processing /home/airflow/.local/lib/python3.8/site-packages/airflow/example_dags/example_skip_dag.py took 0.088 seconds
[2024-02-25T18:31:04.575+0000] {processor.py:161} INFO - Started process (PID=8357) to work on /home/airflow/.local/lib/python3.8/site-packages/airflow/example_dags/example_skip_dag.py
[2024-02-25T18:31:04.576+0000] {processor.py:830} INFO - Processing file /home/airflow/.local/lib/python3.8/site-packages/airflow/example_dags/example_skip_dag.py for tasks to queue
[2024-02-25T18:31:04.577+0000] {logging_mixin.py:188} INFO - [2024-02-25T18:31:04.577+0000] {dagbag.py:538} INFO - Filling up the DagBag from /home/airflow/.local/lib/python3.8/site-packages/airflow/example_dags/example_skip_dag.py
[2024-02-25T18:31:04.585+0000] {processor.py:840} INFO - DAG(s) 'example_skip_dag' retrieved from /home/airflow/.local/lib/python3.8/site-packages/airflow/example_dags/example_skip_dag.py
[2024-02-25T18:31:04.613+0000] {logging_mixin.py:188} INFO - [2024-02-25T18:31:04.613+0000] {dag.py:3036} INFO - Sync 1 DAGs
[2024-02-25T18:31:04.636+0000] {logging_mixin.py:188} INFO - [2024-02-25T18:31:04.636+0000] {dag.py:3823} INFO - Setting next_dagrun for example_skip_dag to 2024-02-24 00:00:00+00:00, run_after=2024-02-25 00:00:00+00:00
[2024-02-25T18:31:04.661+0000] {processor.py:183} INFO - Processing /home/airflow/.local/lib/python3.8/site-packages/airflow/example_dags/example_skip_dag.py took 0.091 seconds
[2024-02-25T18:31:35.551+0000] {processor.py:161} INFO - Started process (PID=8421) to work on /home/airflow/.local/lib/python3.8/site-packages/airflow/example_dags/example_skip_dag.py
[2024-02-25T18:31:35.552+0000] {processor.py:830} INFO - Processing file /home/airflow/.local/lib/python3.8/site-packages/airflow/example_dags/example_skip_dag.py for tasks to queue
[2024-02-25T18:31:35.553+0000] {logging_mixin.py:188} INFO - [2024-02-25T18:31:35.553+0000] {dagbag.py:538} INFO - Filling up the DagBag from /home/airflow/.local/lib/python3.8/site-packages/airflow/example_dags/example_skip_dag.py
[2024-02-25T18:31:35.561+0000] {processor.py:840} INFO - DAG(s) 'example_skip_dag' retrieved from /home/airflow/.local/lib/python3.8/site-packages/airflow/example_dags/example_skip_dag.py
[2024-02-25T18:31:35.587+0000] {logging_mixin.py:188} INFO - [2024-02-25T18:31:35.586+0000] {dag.py:3036} INFO - Sync 1 DAGs
[2024-02-25T18:31:35.610+0000] {logging_mixin.py:188} INFO - [2024-02-25T18:31:35.610+0000] {dag.py:3823} INFO - Setting next_dagrun for example_skip_dag to 2024-02-24 00:00:00+00:00, run_after=2024-02-25 00:00:00+00:00
[2024-02-25T18:31:35.633+0000] {processor.py:183} INFO - Processing /home/airflow/.local/lib/python3.8/site-packages/airflow/example_dags/example_skip_dag.py took 0.086 seconds
[2024-02-25T18:32:06.032+0000] {processor.py:161} INFO - Started process (PID=8484) to work on /home/airflow/.local/lib/python3.8/site-packages/airflow/example_dags/example_skip_dag.py
[2024-02-25T18:32:06.035+0000] {processor.py:830} INFO - Processing file /home/airflow/.local/lib/python3.8/site-packages/airflow/example_dags/example_skip_dag.py for tasks to queue
[2024-02-25T18:32:06.041+0000] {logging_mixin.py:188} INFO - [2024-02-25T18:32:06.038+0000] {dagbag.py:538} INFO - Filling up the DagBag from /home/airflow/.local/lib/python3.8/site-packages/airflow/example_dags/example_skip_dag.py
[2024-02-25T18:32:06.056+0000] {processor.py:840} INFO - DAG(s) 'example_skip_dag' retrieved from /home/airflow/.local/lib/python3.8/site-packages/airflow/example_dags/example_skip_dag.py
[2024-02-25T18:32:06.083+0000] {logging_mixin.py:188} INFO - [2024-02-25T18:32:06.083+0000] {dag.py:3036} INFO - Sync 1 DAGs
[2024-02-25T18:32:06.104+0000] {logging_mixin.py:188} INFO - [2024-02-25T18:32:06.104+0000] {dag.py:3823} INFO - Setting next_dagrun for example_skip_dag to 2024-02-24 00:00:00+00:00, run_after=2024-02-25 00:00:00+00:00
[2024-02-25T18:32:06.125+0000] {processor.py:183} INFO - Processing /home/airflow/.local/lib/python3.8/site-packages/airflow/example_dags/example_skip_dag.py took 0.096 seconds
[2024-02-25T18:32:36.223+0000] {processor.py:161} INFO - Started process (PID=8547) to work on /home/airflow/.local/lib/python3.8/site-packages/airflow/example_dags/example_skip_dag.py
[2024-02-25T18:32:36.225+0000] {processor.py:830} INFO - Processing file /home/airflow/.local/lib/python3.8/site-packages/airflow/example_dags/example_skip_dag.py for tasks to queue
[2024-02-25T18:32:36.226+0000] {logging_mixin.py:188} INFO - [2024-02-25T18:32:36.225+0000] {dagbag.py:538} INFO - Filling up the DagBag from /home/airflow/.local/lib/python3.8/site-packages/airflow/example_dags/example_skip_dag.py
[2024-02-25T18:32:36.233+0000] {processor.py:840} INFO - DAG(s) 'example_skip_dag' retrieved from /home/airflow/.local/lib/python3.8/site-packages/airflow/example_dags/example_skip_dag.py
[2024-02-25T18:32:36.257+0000] {logging_mixin.py:188} INFO - [2024-02-25T18:32:36.257+0000] {dag.py:3036} INFO - Sync 1 DAGs
[2024-02-25T18:32:36.281+0000] {logging_mixin.py:188} INFO - [2024-02-25T18:32:36.281+0000] {dag.py:3823} INFO - Setting next_dagrun for example_skip_dag to 2024-02-24 00:00:00+00:00, run_after=2024-02-25 00:00:00+00:00
[2024-02-25T18:32:36.302+0000] {processor.py:183} INFO - Processing /home/airflow/.local/lib/python3.8/site-packages/airflow/example_dags/example_skip_dag.py took 0.082 seconds
[2024-02-25T18:33:06.924+0000] {processor.py:161} INFO - Started process (PID=8610) to work on /home/airflow/.local/lib/python3.8/site-packages/airflow/example_dags/example_skip_dag.py
[2024-02-25T18:33:06.926+0000] {processor.py:830} INFO - Processing file /home/airflow/.local/lib/python3.8/site-packages/airflow/example_dags/example_skip_dag.py for tasks to queue
[2024-02-25T18:33:06.927+0000] {logging_mixin.py:188} INFO - [2024-02-25T18:33:06.927+0000] {dagbag.py:538} INFO - Filling up the DagBag from /home/airflow/.local/lib/python3.8/site-packages/airflow/example_dags/example_skip_dag.py
[2024-02-25T18:33:06.934+0000] {processor.py:840} INFO - DAG(s) 'example_skip_dag' retrieved from /home/airflow/.local/lib/python3.8/site-packages/airflow/example_dags/example_skip_dag.py
[2024-02-25T18:33:06.962+0000] {logging_mixin.py:188} INFO - [2024-02-25T18:33:06.962+0000] {dag.py:3036} INFO - Sync 1 DAGs
[2024-02-25T18:33:06.986+0000] {logging_mixin.py:188} INFO - [2024-02-25T18:33:06.986+0000] {dag.py:3823} INFO - Setting next_dagrun for example_skip_dag to 2024-02-24 00:00:00+00:00, run_after=2024-02-25 00:00:00+00:00
[2024-02-25T18:33:07.008+0000] {processor.py:183} INFO - Processing /home/airflow/.local/lib/python3.8/site-packages/airflow/example_dags/example_skip_dag.py took 0.088 seconds
[2024-02-25T18:33:37.154+0000] {processor.py:161} INFO - Started process (PID=8673) to work on /home/airflow/.local/lib/python3.8/site-packages/airflow/example_dags/example_skip_dag.py
[2024-02-25T18:33:37.155+0000] {processor.py:830} INFO - Processing file /home/airflow/.local/lib/python3.8/site-packages/airflow/example_dags/example_skip_dag.py for tasks to queue
[2024-02-25T18:33:37.156+0000] {logging_mixin.py:188} INFO - [2024-02-25T18:33:37.156+0000] {dagbag.py:538} INFO - Filling up the DagBag from /home/airflow/.local/lib/python3.8/site-packages/airflow/example_dags/example_skip_dag.py
[2024-02-25T18:33:37.164+0000] {processor.py:840} INFO - DAG(s) 'example_skip_dag' retrieved from /home/airflow/.local/lib/python3.8/site-packages/airflow/example_dags/example_skip_dag.py
[2024-02-25T18:33:37.190+0000] {logging_mixin.py:188} INFO - [2024-02-25T18:33:37.190+0000] {dag.py:3036} INFO - Sync 1 DAGs
[2024-02-25T18:33:37.213+0000] {logging_mixin.py:188} INFO - [2024-02-25T18:33:37.213+0000] {dag.py:3823} INFO - Setting next_dagrun for example_skip_dag to 2024-02-24 00:00:00+00:00, run_after=2024-02-25 00:00:00+00:00
[2024-02-25T18:33:37.234+0000] {processor.py:183} INFO - Processing /home/airflow/.local/lib/python3.8/site-packages/airflow/example_dags/example_skip_dag.py took 0.084 seconds
[2024-02-25T18:34:08.166+0000] {processor.py:161} INFO - Started process (PID=8736) to work on /home/airflow/.local/lib/python3.8/site-packages/airflow/example_dags/example_skip_dag.py
[2024-02-25T18:34:08.167+0000] {processor.py:830} INFO - Processing file /home/airflow/.local/lib/python3.8/site-packages/airflow/example_dags/example_skip_dag.py for tasks to queue
[2024-02-25T18:34:08.168+0000] {logging_mixin.py:188} INFO - [2024-02-25T18:34:08.168+0000] {dagbag.py:538} INFO - Filling up the DagBag from /home/airflow/.local/lib/python3.8/site-packages/airflow/example_dags/example_skip_dag.py
[2024-02-25T18:34:08.177+0000] {processor.py:840} INFO - DAG(s) 'example_skip_dag' retrieved from /home/airflow/.local/lib/python3.8/site-packages/airflow/example_dags/example_skip_dag.py
[2024-02-25T18:34:08.202+0000] {logging_mixin.py:188} INFO - [2024-02-25T18:34:08.201+0000] {dag.py:3036} INFO - Sync 1 DAGs
[2024-02-25T18:34:08.224+0000] {logging_mixin.py:188} INFO - [2024-02-25T18:34:08.223+0000] {dag.py:3823} INFO - Setting next_dagrun for example_skip_dag to 2024-02-24 00:00:00+00:00, run_after=2024-02-25 00:00:00+00:00
[2024-02-25T18:34:08.247+0000] {processor.py:183} INFO - Processing /home/airflow/.local/lib/python3.8/site-packages/airflow/example_dags/example_skip_dag.py took 0.085 seconds
[2024-02-25T18:34:38.298+0000] {processor.py:161} INFO - Started process (PID=8799) to work on /home/airflow/.local/lib/python3.8/site-packages/airflow/example_dags/example_skip_dag.py
[2024-02-25T18:34:38.300+0000] {processor.py:830} INFO - Processing file /home/airflow/.local/lib/python3.8/site-packages/airflow/example_dags/example_skip_dag.py for tasks to queue
[2024-02-25T18:34:38.301+0000] {logging_mixin.py:188} INFO - [2024-02-25T18:34:38.300+0000] {dagbag.py:538} INFO - Filling up the DagBag from /home/airflow/.local/lib/python3.8/site-packages/airflow/example_dags/example_skip_dag.py
[2024-02-25T18:34:38.308+0000] {processor.py:840} INFO - DAG(s) 'example_skip_dag' retrieved from /home/airflow/.local/lib/python3.8/site-packages/airflow/example_dags/example_skip_dag.py
[2024-02-25T18:34:38.334+0000] {logging_mixin.py:188} INFO - [2024-02-25T18:34:38.334+0000] {dag.py:3036} INFO - Sync 1 DAGs
[2024-02-25T18:34:38.356+0000] {logging_mixin.py:188} INFO - [2024-02-25T18:34:38.356+0000] {dag.py:3823} INFO - Setting next_dagrun for example_skip_dag to 2024-02-24 00:00:00+00:00, run_after=2024-02-25 00:00:00+00:00
[2024-02-25T18:34:38.379+0000] {processor.py:183} INFO - Processing /home/airflow/.local/lib/python3.8/site-packages/airflow/example_dags/example_skip_dag.py took 0.085 seconds
[2024-02-25T18:35:08.956+0000] {processor.py:161} INFO - Started process (PID=8862) to work on /home/airflow/.local/lib/python3.8/site-packages/airflow/example_dags/example_skip_dag.py
[2024-02-25T18:35:08.957+0000] {processor.py:830} INFO - Processing file /home/airflow/.local/lib/python3.8/site-packages/airflow/example_dags/example_skip_dag.py for tasks to queue
[2024-02-25T18:35:08.958+0000] {logging_mixin.py:188} INFO - [2024-02-25T18:35:08.958+0000] {dagbag.py:538} INFO - Filling up the DagBag from /home/airflow/.local/lib/python3.8/site-packages/airflow/example_dags/example_skip_dag.py
[2024-02-25T18:35:08.966+0000] {processor.py:840} INFO - DAG(s) 'example_skip_dag' retrieved from /home/airflow/.local/lib/python3.8/site-packages/airflow/example_dags/example_skip_dag.py
[2024-02-25T18:35:08.993+0000] {logging_mixin.py:188} INFO - [2024-02-25T18:35:08.992+0000] {dag.py:3036} INFO - Sync 1 DAGs
[2024-02-25T18:35:09.017+0000] {logging_mixin.py:188} INFO - [2024-02-25T18:35:09.016+0000] {dag.py:3823} INFO - Setting next_dagrun for example_skip_dag to 2024-02-24 00:00:00+00:00, run_after=2024-02-25 00:00:00+00:00
[2024-02-25T18:35:09.038+0000] {processor.py:183} INFO - Processing /home/airflow/.local/lib/python3.8/site-packages/airflow/example_dags/example_skip_dag.py took 0.087 seconds
[2024-02-25T18:35:39.393+0000] {processor.py:161} INFO - Started process (PID=8926) to work on /home/airflow/.local/lib/python3.8/site-packages/airflow/example_dags/example_skip_dag.py
[2024-02-25T18:35:39.394+0000] {processor.py:830} INFO - Processing file /home/airflow/.local/lib/python3.8/site-packages/airflow/example_dags/example_skip_dag.py for tasks to queue
[2024-02-25T18:35:39.396+0000] {logging_mixin.py:188} INFO - [2024-02-25T18:35:39.395+0000] {dagbag.py:538} INFO - Filling up the DagBag from /home/airflow/.local/lib/python3.8/site-packages/airflow/example_dags/example_skip_dag.py
[2024-02-25T18:35:39.403+0000] {processor.py:840} INFO - DAG(s) 'example_skip_dag' retrieved from /home/airflow/.local/lib/python3.8/site-packages/airflow/example_dags/example_skip_dag.py
[2024-02-25T18:35:39.430+0000] {logging_mixin.py:188} INFO - [2024-02-25T18:35:39.430+0000] {dag.py:3036} INFO - Sync 1 DAGs
[2024-02-25T18:35:39.454+0000] {logging_mixin.py:188} INFO - [2024-02-25T18:35:39.453+0000] {dag.py:3823} INFO - Setting next_dagrun for example_skip_dag to 2024-02-24 00:00:00+00:00, run_after=2024-02-25 00:00:00+00:00
[2024-02-25T18:35:39.476+0000] {processor.py:183} INFO - Processing /home/airflow/.local/lib/python3.8/site-packages/airflow/example_dags/example_skip_dag.py took 0.087 seconds
[2024-02-25T18:36:09.554+0000] {processor.py:161} INFO - Started process (PID=8990) to work on /home/airflow/.local/lib/python3.8/site-packages/airflow/example_dags/example_skip_dag.py
[2024-02-25T18:36:09.555+0000] {processor.py:830} INFO - Processing file /home/airflow/.local/lib/python3.8/site-packages/airflow/example_dags/example_skip_dag.py for tasks to queue
[2024-02-25T18:36:09.556+0000] {logging_mixin.py:188} INFO - [2024-02-25T18:36:09.556+0000] {dagbag.py:538} INFO - Filling up the DagBag from /home/airflow/.local/lib/python3.8/site-packages/airflow/example_dags/example_skip_dag.py
[2024-02-25T18:36:09.564+0000] {processor.py:840} INFO - DAG(s) 'example_skip_dag' retrieved from /home/airflow/.local/lib/python3.8/site-packages/airflow/example_dags/example_skip_dag.py
[2024-02-25T18:36:09.591+0000] {logging_mixin.py:188} INFO - [2024-02-25T18:36:09.591+0000] {dag.py:3036} INFO - Sync 1 DAGs
[2024-02-25T18:36:09.616+0000] {logging_mixin.py:188} INFO - [2024-02-25T18:36:09.616+0000] {dag.py:3823} INFO - Setting next_dagrun for example_skip_dag to 2024-02-24 00:00:00+00:00, run_after=2024-02-25 00:00:00+00:00
[2024-02-25T18:36:09.639+0000] {processor.py:183} INFO - Processing /home/airflow/.local/lib/python3.8/site-packages/airflow/example_dags/example_skip_dag.py took 0.089 seconds
[2024-02-25T18:36:39.696+0000] {processor.py:161} INFO - Started process (PID=9053) to work on /home/airflow/.local/lib/python3.8/site-packages/airflow/example_dags/example_skip_dag.py
[2024-02-25T18:36:39.698+0000] {processor.py:830} INFO - Processing file /home/airflow/.local/lib/python3.8/site-packages/airflow/example_dags/example_skip_dag.py for tasks to queue
[2024-02-25T18:36:39.699+0000] {logging_mixin.py:188} INFO - [2024-02-25T18:36:39.699+0000] {dagbag.py:538} INFO - Filling up the DagBag from /home/airflow/.local/lib/python3.8/site-packages/airflow/example_dags/example_skip_dag.py
[2024-02-25T18:36:39.706+0000] {processor.py:840} INFO - DAG(s) 'example_skip_dag' retrieved from /home/airflow/.local/lib/python3.8/site-packages/airflow/example_dags/example_skip_dag.py
[2024-02-25T18:36:39.733+0000] {logging_mixin.py:188} INFO - [2024-02-25T18:36:39.733+0000] {dag.py:3036} INFO - Sync 1 DAGs
[2024-02-25T18:36:39.758+0000] {logging_mixin.py:188} INFO - [2024-02-25T18:36:39.757+0000] {dag.py:3823} INFO - Setting next_dagrun for example_skip_dag to 2024-02-24 00:00:00+00:00, run_after=2024-02-25 00:00:00+00:00
[2024-02-25T18:36:39.785+0000] {processor.py:183} INFO - Processing /home/airflow/.local/lib/python3.8/site-packages/airflow/example_dags/example_skip_dag.py took 0.093 seconds
[2024-02-25T18:37:10.254+0000] {processor.py:161} INFO - Started process (PID=9116) to work on /home/airflow/.local/lib/python3.8/site-packages/airflow/example_dags/example_skip_dag.py
[2024-02-25T18:37:10.256+0000] {processor.py:830} INFO - Processing file /home/airflow/.local/lib/python3.8/site-packages/airflow/example_dags/example_skip_dag.py for tasks to queue
[2024-02-25T18:37:10.258+0000] {logging_mixin.py:188} INFO - [2024-02-25T18:37:10.257+0000] {dagbag.py:538} INFO - Filling up the DagBag from /home/airflow/.local/lib/python3.8/site-packages/airflow/example_dags/example_skip_dag.py
[2024-02-25T18:37:10.264+0000] {processor.py:840} INFO - DAG(s) 'example_skip_dag' retrieved from /home/airflow/.local/lib/python3.8/site-packages/airflow/example_dags/example_skip_dag.py
[2024-02-25T18:37:10.289+0000] {logging_mixin.py:188} INFO - [2024-02-25T18:37:10.289+0000] {dag.py:3036} INFO - Sync 1 DAGs
[2024-02-25T18:37:10.312+0000] {logging_mixin.py:188} INFO - [2024-02-25T18:37:10.312+0000] {dag.py:3823} INFO - Setting next_dagrun for example_skip_dag to 2024-02-24 00:00:00+00:00, run_after=2024-02-25 00:00:00+00:00
[2024-02-25T18:37:10.337+0000] {processor.py:183} INFO - Processing /home/airflow/.local/lib/python3.8/site-packages/airflow/example_dags/example_skip_dag.py took 0.086 seconds
[2024-02-25T18:37:41.325+0000] {processor.py:161} INFO - Started process (PID=9179) to work on /home/airflow/.local/lib/python3.8/site-packages/airflow/example_dags/example_skip_dag.py
[2024-02-25T18:37:41.326+0000] {processor.py:830} INFO - Processing file /home/airflow/.local/lib/python3.8/site-packages/airflow/example_dags/example_skip_dag.py for tasks to queue
[2024-02-25T18:37:41.327+0000] {logging_mixin.py:188} INFO - [2024-02-25T18:37:41.327+0000] {dagbag.py:538} INFO - Filling up the DagBag from /home/airflow/.local/lib/python3.8/site-packages/airflow/example_dags/example_skip_dag.py
[2024-02-25T18:37:41.335+0000] {processor.py:840} INFO - DAG(s) 'example_skip_dag' retrieved from /home/airflow/.local/lib/python3.8/site-packages/airflow/example_dags/example_skip_dag.py
[2024-02-25T18:37:41.360+0000] {logging_mixin.py:188} INFO - [2024-02-25T18:37:41.359+0000] {dag.py:3036} INFO - Sync 1 DAGs
[2024-02-25T18:37:41.383+0000] {logging_mixin.py:188} INFO - [2024-02-25T18:37:41.383+0000] {dag.py:3823} INFO - Setting next_dagrun for example_skip_dag to 2024-02-24 00:00:00+00:00, run_after=2024-02-25 00:00:00+00:00
[2024-02-25T18:37:41.413+0000] {processor.py:183} INFO - Processing /home/airflow/.local/lib/python3.8/site-packages/airflow/example_dags/example_skip_dag.py took 0.092 seconds
[2024-02-25T18:38:12.003+0000] {processor.py:161} INFO - Started process (PID=9243) to work on /home/airflow/.local/lib/python3.8/site-packages/airflow/example_dags/example_skip_dag.py
[2024-02-25T18:38:12.004+0000] {processor.py:830} INFO - Processing file /home/airflow/.local/lib/python3.8/site-packages/airflow/example_dags/example_skip_dag.py for tasks to queue
[2024-02-25T18:38:12.005+0000] {logging_mixin.py:188} INFO - [2024-02-25T18:38:12.005+0000] {dagbag.py:538} INFO - Filling up the DagBag from /home/airflow/.local/lib/python3.8/site-packages/airflow/example_dags/example_skip_dag.py
[2024-02-25T18:38:12.013+0000] {processor.py:840} INFO - DAG(s) 'example_skip_dag' retrieved from /home/airflow/.local/lib/python3.8/site-packages/airflow/example_dags/example_skip_dag.py
[2024-02-25T18:38:12.041+0000] {logging_mixin.py:188} INFO - [2024-02-25T18:38:12.041+0000] {dag.py:3036} INFO - Sync 1 DAGs
[2024-02-25T18:38:12.074+0000] {logging_mixin.py:188} INFO - [2024-02-25T18:38:12.074+0000] {dag.py:3823} INFO - Setting next_dagrun for example_skip_dag to 2024-02-24 00:00:00+00:00, run_after=2024-02-25 00:00:00+00:00
[2024-02-25T18:38:12.112+0000] {processor.py:183} INFO - Processing /home/airflow/.local/lib/python3.8/site-packages/airflow/example_dags/example_skip_dag.py took 0.114 seconds
[2024-02-25T18:38:42.890+0000] {processor.py:161} INFO - Started process (PID=9306) to work on /home/airflow/.local/lib/python3.8/site-packages/airflow/example_dags/example_skip_dag.py
[2024-02-25T18:38:42.891+0000] {processor.py:830} INFO - Processing file /home/airflow/.local/lib/python3.8/site-packages/airflow/example_dags/example_skip_dag.py for tasks to queue
[2024-02-25T18:38:42.893+0000] {logging_mixin.py:188} INFO - [2024-02-25T18:38:42.892+0000] {dagbag.py:538} INFO - Filling up the DagBag from /home/airflow/.local/lib/python3.8/site-packages/airflow/example_dags/example_skip_dag.py
[2024-02-25T18:38:42.900+0000] {processor.py:840} INFO - DAG(s) 'example_skip_dag' retrieved from /home/airflow/.local/lib/python3.8/site-packages/airflow/example_dags/example_skip_dag.py
[2024-02-25T18:38:42.928+0000] {logging_mixin.py:188} INFO - [2024-02-25T18:38:42.927+0000] {dag.py:3036} INFO - Sync 1 DAGs
[2024-02-25T18:38:42.958+0000] {logging_mixin.py:188} INFO - [2024-02-25T18:38:42.958+0000] {dag.py:3823} INFO - Setting next_dagrun for example_skip_dag to 2024-02-24 00:00:00+00:00, run_after=2024-02-25 00:00:00+00:00
[2024-02-25T18:38:42.995+0000] {processor.py:183} INFO - Processing /home/airflow/.local/lib/python3.8/site-packages/airflow/example_dags/example_skip_dag.py took 0.109 seconds
[2024-02-25T18:39:13.880+0000] {processor.py:161} INFO - Started process (PID=9369) to work on /home/airflow/.local/lib/python3.8/site-packages/airflow/example_dags/example_skip_dag.py
[2024-02-25T18:39:13.881+0000] {processor.py:830} INFO - Processing file /home/airflow/.local/lib/python3.8/site-packages/airflow/example_dags/example_skip_dag.py for tasks to queue
[2024-02-25T18:39:13.882+0000] {logging_mixin.py:188} INFO - [2024-02-25T18:39:13.882+0000] {dagbag.py:538} INFO - Filling up the DagBag from /home/airflow/.local/lib/python3.8/site-packages/airflow/example_dags/example_skip_dag.py
[2024-02-25T18:39:13.889+0000] {processor.py:840} INFO - DAG(s) 'example_skip_dag' retrieved from /home/airflow/.local/lib/python3.8/site-packages/airflow/example_dags/example_skip_dag.py
[2024-02-25T18:39:13.913+0000] {logging_mixin.py:188} INFO - [2024-02-25T18:39:13.913+0000] {dag.py:3036} INFO - Sync 1 DAGs
[2024-02-25T18:39:13.936+0000] {logging_mixin.py:188} INFO - [2024-02-25T18:39:13.936+0000] {dag.py:3823} INFO - Setting next_dagrun for example_skip_dag to 2024-02-24 00:00:00+00:00, run_after=2024-02-25 00:00:00+00:00
[2024-02-25T18:39:13.959+0000] {processor.py:183} INFO - Processing /home/airflow/.local/lib/python3.8/site-packages/airflow/example_dags/example_skip_dag.py took 0.083 seconds
[2024-02-25T18:39:44.473+0000] {processor.py:161} INFO - Started process (PID=9431) to work on /home/airflow/.local/lib/python3.8/site-packages/airflow/example_dags/example_skip_dag.py
[2024-02-25T18:39:44.474+0000] {processor.py:830} INFO - Processing file /home/airflow/.local/lib/python3.8/site-packages/airflow/example_dags/example_skip_dag.py for tasks to queue
[2024-02-25T18:39:44.475+0000] {logging_mixin.py:188} INFO - [2024-02-25T18:39:44.475+0000] {dagbag.py:538} INFO - Filling up the DagBag from /home/airflow/.local/lib/python3.8/site-packages/airflow/example_dags/example_skip_dag.py
[2024-02-25T18:39:44.482+0000] {processor.py:840} INFO - DAG(s) 'example_skip_dag' retrieved from /home/airflow/.local/lib/python3.8/site-packages/airflow/example_dags/example_skip_dag.py
[2024-02-25T18:39:44.507+0000] {logging_mixin.py:188} INFO - [2024-02-25T18:39:44.507+0000] {dag.py:3036} INFO - Sync 1 DAGs
[2024-02-25T18:39:44.531+0000] {logging_mixin.py:188} INFO - [2024-02-25T18:39:44.531+0000] {dag.py:3823} INFO - Setting next_dagrun for example_skip_dag to 2024-02-24 00:00:00+00:00, run_after=2024-02-25 00:00:00+00:00
[2024-02-25T18:39:44.554+0000] {processor.py:183} INFO - Processing /home/airflow/.local/lib/python3.8/site-packages/airflow/example_dags/example_skip_dag.py took 0.085 seconds
[2024-02-25T18:40:15.249+0000] {processor.py:161} INFO - Started process (PID=9494) to work on /home/airflow/.local/lib/python3.8/site-packages/airflow/example_dags/example_skip_dag.py
[2024-02-25T18:40:15.250+0000] {processor.py:830} INFO - Processing file /home/airflow/.local/lib/python3.8/site-packages/airflow/example_dags/example_skip_dag.py for tasks to queue
[2024-02-25T18:40:15.251+0000] {logging_mixin.py:188} INFO - [2024-02-25T18:40:15.251+0000] {dagbag.py:538} INFO - Filling up the DagBag from /home/airflow/.local/lib/python3.8/site-packages/airflow/example_dags/example_skip_dag.py
[2024-02-25T18:40:15.258+0000] {processor.py:840} INFO - DAG(s) 'example_skip_dag' retrieved from /home/airflow/.local/lib/python3.8/site-packages/airflow/example_dags/example_skip_dag.py
[2024-02-25T18:40:15.283+0000] {logging_mixin.py:188} INFO - [2024-02-25T18:40:15.283+0000] {dag.py:3036} INFO - Sync 1 DAGs
[2024-02-25T18:40:15.308+0000] {logging_mixin.py:188} INFO - [2024-02-25T18:40:15.308+0000] {dag.py:3823} INFO - Setting next_dagrun for example_skip_dag to 2024-02-24 00:00:00+00:00, run_after=2024-02-25 00:00:00+00:00
[2024-02-25T18:40:15.331+0000] {processor.py:183} INFO - Processing /home/airflow/.local/lib/python3.8/site-packages/airflow/example_dags/example_skip_dag.py took 0.086 seconds
[2024-02-25T20:59:47.506+0000] {processor.py:161} INFO - Started process (PID=9561) to work on /home/airflow/.local/lib/python3.8/site-packages/airflow/example_dags/example_skip_dag.py
[2024-02-25T20:59:47.507+0000] {processor.py:830} INFO - Processing file /home/airflow/.local/lib/python3.8/site-packages/airflow/example_dags/example_skip_dag.py for tasks to queue
[2024-02-25T20:59:47.509+0000] {logging_mixin.py:188} INFO - [2024-02-25T20:59:47.508+0000] {dagbag.py:538} INFO - Filling up the DagBag from /home/airflow/.local/lib/python3.8/site-packages/airflow/example_dags/example_skip_dag.py
[2024-02-25T20:59:47.516+0000] {processor.py:840} INFO - DAG(s) 'example_skip_dag' retrieved from /home/airflow/.local/lib/python3.8/site-packages/airflow/example_dags/example_skip_dag.py
[2024-02-25T20:59:47.542+0000] {logging_mixin.py:188} INFO - [2024-02-25T20:59:47.541+0000] {dag.py:3036} INFO - Sync 1 DAGs
[2024-02-25T20:59:47.574+0000] {logging_mixin.py:188} INFO - [2024-02-25T20:59:47.573+0000] {dag.py:3823} INFO - Setting next_dagrun for example_skip_dag to 2024-02-24 00:00:00+00:00, run_after=2024-02-25 00:00:00+00:00
[2024-02-25T20:59:47.805+0000] {processor.py:183} INFO - Processing /home/airflow/.local/lib/python3.8/site-packages/airflow/example_dags/example_skip_dag.py took 0.303 seconds
[2024-02-25T21:00:17.897+0000] {processor.py:161} INFO - Started process (PID=9632) to work on /home/airflow/.local/lib/python3.8/site-packages/airflow/example_dags/example_skip_dag.py
[2024-02-25T21:00:17.899+0000] {processor.py:830} INFO - Processing file /home/airflow/.local/lib/python3.8/site-packages/airflow/example_dags/example_skip_dag.py for tasks to queue
[2024-02-25T21:00:17.900+0000] {logging_mixin.py:188} INFO - [2024-02-25T21:00:17.900+0000] {dagbag.py:538} INFO - Filling up the DagBag from /home/airflow/.local/lib/python3.8/site-packages/airflow/example_dags/example_skip_dag.py
[2024-02-25T21:00:17.911+0000] {processor.py:840} INFO - DAG(s) 'example_skip_dag' retrieved from /home/airflow/.local/lib/python3.8/site-packages/airflow/example_dags/example_skip_dag.py
[2024-02-25T21:00:17.946+0000] {logging_mixin.py:188} INFO - [2024-02-25T21:00:17.946+0000] {dag.py:3036} INFO - Sync 1 DAGs
[2024-02-25T21:00:17.975+0000] {logging_mixin.py:188} INFO - [2024-02-25T21:00:17.974+0000] {dag.py:3823} INFO - Setting next_dagrun for example_skip_dag to 2024-02-24 00:00:00+00:00, run_after=2024-02-25 00:00:00+00:00
[2024-02-25T21:00:18.001+0000] {processor.py:183} INFO - Processing /home/airflow/.local/lib/python3.8/site-packages/airflow/example_dags/example_skip_dag.py took 0.109 seconds
[2024-02-25T21:00:48.437+0000] {processor.py:161} INFO - Started process (PID=9695) to work on /home/airflow/.local/lib/python3.8/site-packages/airflow/example_dags/example_skip_dag.py
[2024-02-25T21:00:48.438+0000] {processor.py:830} INFO - Processing file /home/airflow/.local/lib/python3.8/site-packages/airflow/example_dags/example_skip_dag.py for tasks to queue
[2024-02-25T21:00:48.439+0000] {logging_mixin.py:188} INFO - [2024-02-25T21:00:48.439+0000] {dagbag.py:538} INFO - Filling up the DagBag from /home/airflow/.local/lib/python3.8/site-packages/airflow/example_dags/example_skip_dag.py
[2024-02-25T21:00:48.446+0000] {processor.py:840} INFO - DAG(s) 'example_skip_dag' retrieved from /home/airflow/.local/lib/python3.8/site-packages/airflow/example_dags/example_skip_dag.py
[2024-02-25T21:00:48.472+0000] {logging_mixin.py:188} INFO - [2024-02-25T21:00:48.471+0000] {dag.py:3036} INFO - Sync 1 DAGs
[2024-02-25T21:00:48.492+0000] {logging_mixin.py:188} INFO - [2024-02-25T21:00:48.492+0000] {dag.py:3823} INFO - Setting next_dagrun for example_skip_dag to 2024-02-24 00:00:00+00:00, run_after=2024-02-25 00:00:00+00:00
[2024-02-25T21:00:48.512+0000] {processor.py:183} INFO - Processing /home/airflow/.local/lib/python3.8/site-packages/airflow/example_dags/example_skip_dag.py took 0.079 seconds
[2024-02-25T21:01:19.178+0000] {processor.py:161} INFO - Started process (PID=9758) to work on /home/airflow/.local/lib/python3.8/site-packages/airflow/example_dags/example_skip_dag.py
[2024-02-25T21:01:19.179+0000] {processor.py:830} INFO - Processing file /home/airflow/.local/lib/python3.8/site-packages/airflow/example_dags/example_skip_dag.py for tasks to queue
[2024-02-25T21:01:19.180+0000] {logging_mixin.py:188} INFO - [2024-02-25T21:01:19.180+0000] {dagbag.py:538} INFO - Filling up the DagBag from /home/airflow/.local/lib/python3.8/site-packages/airflow/example_dags/example_skip_dag.py
[2024-02-25T21:01:19.192+0000] {processor.py:840} INFO - DAG(s) 'example_skip_dag' retrieved from /home/airflow/.local/lib/python3.8/site-packages/airflow/example_dags/example_skip_dag.py
[2024-02-25T21:01:19.217+0000] {logging_mixin.py:188} INFO - [2024-02-25T21:01:19.216+0000] {dag.py:3036} INFO - Sync 1 DAGs
[2024-02-25T21:01:19.237+0000] {logging_mixin.py:188} INFO - [2024-02-25T21:01:19.237+0000] {dag.py:3823} INFO - Setting next_dagrun for example_skip_dag to 2024-02-24 00:00:00+00:00, run_after=2024-02-25 00:00:00+00:00
[2024-02-25T21:01:19.257+0000] {processor.py:183} INFO - Processing /home/airflow/.local/lib/python3.8/site-packages/airflow/example_dags/example_skip_dag.py took 0.083 seconds
[2024-02-25T21:01:49.608+0000] {processor.py:161} INFO - Started process (PID=9821) to work on /home/airflow/.local/lib/python3.8/site-packages/airflow/example_dags/example_skip_dag.py
[2024-02-25T21:01:49.609+0000] {processor.py:830} INFO - Processing file /home/airflow/.local/lib/python3.8/site-packages/airflow/example_dags/example_skip_dag.py for tasks to queue
[2024-02-25T21:01:49.610+0000] {logging_mixin.py:188} INFO - [2024-02-25T21:01:49.610+0000] {dagbag.py:538} INFO - Filling up the DagBag from /home/airflow/.local/lib/python3.8/site-packages/airflow/example_dags/example_skip_dag.py
[2024-02-25T21:01:49.617+0000] {processor.py:840} INFO - DAG(s) 'example_skip_dag' retrieved from /home/airflow/.local/lib/python3.8/site-packages/airflow/example_dags/example_skip_dag.py
[2024-02-25T21:01:49.641+0000] {logging_mixin.py:188} INFO - [2024-02-25T21:01:49.641+0000] {dag.py:3036} INFO - Sync 1 DAGs
[2024-02-25T21:01:49.663+0000] {logging_mixin.py:188} INFO - [2024-02-25T21:01:49.662+0000] {dag.py:3823} INFO - Setting next_dagrun for example_skip_dag to 2024-02-24 00:00:00+00:00, run_after=2024-02-25 00:00:00+00:00
[2024-02-25T21:01:49.685+0000] {processor.py:183} INFO - Processing /home/airflow/.local/lib/python3.8/site-packages/airflow/example_dags/example_skip_dag.py took 0.081 seconds
[2024-02-25T21:02:20.600+0000] {processor.py:161} INFO - Started process (PID=9884) to work on /home/airflow/.local/lib/python3.8/site-packages/airflow/example_dags/example_skip_dag.py
[2024-02-25T21:02:20.601+0000] {processor.py:830} INFO - Processing file /home/airflow/.local/lib/python3.8/site-packages/airflow/example_dags/example_skip_dag.py for tasks to queue
[2024-02-25T21:02:20.603+0000] {logging_mixin.py:188} INFO - [2024-02-25T21:02:20.602+0000] {dagbag.py:538} INFO - Filling up the DagBag from /home/airflow/.local/lib/python3.8/site-packages/airflow/example_dags/example_skip_dag.py
[2024-02-25T21:02:20.609+0000] {processor.py:840} INFO - DAG(s) 'example_skip_dag' retrieved from /home/airflow/.local/lib/python3.8/site-packages/airflow/example_dags/example_skip_dag.py
[2024-02-25T21:02:20.632+0000] {logging_mixin.py:188} INFO - [2024-02-25T21:02:20.632+0000] {dag.py:3036} INFO - Sync 1 DAGs
[2024-02-25T21:02:20.653+0000] {logging_mixin.py:188} INFO - [2024-02-25T21:02:20.653+0000] {dag.py:3823} INFO - Setting next_dagrun for example_skip_dag to 2024-02-24 00:00:00+00:00, run_after=2024-02-25 00:00:00+00:00
[2024-02-25T21:02:20.673+0000] {processor.py:183} INFO - Processing /home/airflow/.local/lib/python3.8/site-packages/airflow/example_dags/example_skip_dag.py took 0.077 seconds
[2024-02-25T21:02:51.322+0000] {processor.py:161} INFO - Started process (PID=9947) to work on /home/airflow/.local/lib/python3.8/site-packages/airflow/example_dags/example_skip_dag.py
[2024-02-25T21:02:51.323+0000] {processor.py:830} INFO - Processing file /home/airflow/.local/lib/python3.8/site-packages/airflow/example_dags/example_skip_dag.py for tasks to queue
[2024-02-25T21:02:51.324+0000] {logging_mixin.py:188} INFO - [2024-02-25T21:02:51.324+0000] {dagbag.py:538} INFO - Filling up the DagBag from /home/airflow/.local/lib/python3.8/site-packages/airflow/example_dags/example_skip_dag.py
[2024-02-25T21:02:51.332+0000] {processor.py:840} INFO - DAG(s) 'example_skip_dag' retrieved from /home/airflow/.local/lib/python3.8/site-packages/airflow/example_dags/example_skip_dag.py
[2024-02-25T21:02:51.357+0000] {logging_mixin.py:188} INFO - [2024-02-25T21:02:51.357+0000] {dag.py:3036} INFO - Sync 1 DAGs
[2024-02-25T21:02:51.379+0000] {logging_mixin.py:188} INFO - [2024-02-25T21:02:51.379+0000] {dag.py:3823} INFO - Setting next_dagrun for example_skip_dag to 2024-02-24 00:00:00+00:00, run_after=2024-02-25 00:00:00+00:00
[2024-02-25T21:02:51.400+0000] {processor.py:183} INFO - Processing /home/airflow/.local/lib/python3.8/site-packages/airflow/example_dags/example_skip_dag.py took 0.083 seconds
[2024-02-25T21:03:21.923+0000] {processor.py:161} INFO - Started process (PID=10010) to work on /home/airflow/.local/lib/python3.8/site-packages/airflow/example_dags/example_skip_dag.py
[2024-02-25T21:03:21.925+0000] {processor.py:830} INFO - Processing file /home/airflow/.local/lib/python3.8/site-packages/airflow/example_dags/example_skip_dag.py for tasks to queue
[2024-02-25T21:03:21.926+0000] {logging_mixin.py:188} INFO - [2024-02-25T21:03:21.926+0000] {dagbag.py:538} INFO - Filling up the DagBag from /home/airflow/.local/lib/python3.8/site-packages/airflow/example_dags/example_skip_dag.py
[2024-02-25T21:03:21.934+0000] {processor.py:840} INFO - DAG(s) 'example_skip_dag' retrieved from /home/airflow/.local/lib/python3.8/site-packages/airflow/example_dags/example_skip_dag.py
[2024-02-25T21:03:21.959+0000] {logging_mixin.py:188} INFO - [2024-02-25T21:03:21.958+0000] {dag.py:3036} INFO - Sync 1 DAGs
[2024-02-25T21:03:21.979+0000] {logging_mixin.py:188} INFO - [2024-02-25T21:03:21.978+0000] {dag.py:3823} INFO - Setting next_dagrun for example_skip_dag to 2024-02-24 00:00:00+00:00, run_after=2024-02-25 00:00:00+00:00
[2024-02-25T21:03:21.999+0000] {processor.py:183} INFO - Processing /home/airflow/.local/lib/python3.8/site-packages/airflow/example_dags/example_skip_dag.py took 0.081 seconds
[2024-02-25T21:03:52.417+0000] {processor.py:161} INFO - Started process (PID=10073) to work on /home/airflow/.local/lib/python3.8/site-packages/airflow/example_dags/example_skip_dag.py
[2024-02-25T21:03:52.418+0000] {processor.py:830} INFO - Processing file /home/airflow/.local/lib/python3.8/site-packages/airflow/example_dags/example_skip_dag.py for tasks to queue
[2024-02-25T21:03:52.420+0000] {logging_mixin.py:188} INFO - [2024-02-25T21:03:52.419+0000] {dagbag.py:538} INFO - Filling up the DagBag from /home/airflow/.local/lib/python3.8/site-packages/airflow/example_dags/example_skip_dag.py
[2024-02-25T21:03:52.426+0000] {processor.py:840} INFO - DAG(s) 'example_skip_dag' retrieved from /home/airflow/.local/lib/python3.8/site-packages/airflow/example_dags/example_skip_dag.py
[2024-02-25T21:03:52.452+0000] {logging_mixin.py:188} INFO - [2024-02-25T21:03:52.452+0000] {dag.py:3036} INFO - Sync 1 DAGs
[2024-02-25T21:03:52.476+0000] {logging_mixin.py:188} INFO - [2024-02-25T21:03:52.475+0000] {dag.py:3823} INFO - Setting next_dagrun for example_skip_dag to 2024-02-24 00:00:00+00:00, run_after=2024-02-25 00:00:00+00:00
[2024-02-25T21:03:52.500+0000] {processor.py:183} INFO - Processing /home/airflow/.local/lib/python3.8/site-packages/airflow/example_dags/example_skip_dag.py took 0.086 seconds
[2024-02-25T21:04:22.846+0000] {processor.py:161} INFO - Started process (PID=10136) to work on /home/airflow/.local/lib/python3.8/site-packages/airflow/example_dags/example_skip_dag.py
[2024-02-25T21:04:22.847+0000] {processor.py:830} INFO - Processing file /home/airflow/.local/lib/python3.8/site-packages/airflow/example_dags/example_skip_dag.py for tasks to queue
[2024-02-25T21:04:22.849+0000] {logging_mixin.py:188} INFO - [2024-02-25T21:04:22.848+0000] {dagbag.py:538} INFO - Filling up the DagBag from /home/airflow/.local/lib/python3.8/site-packages/airflow/example_dags/example_skip_dag.py
[2024-02-25T21:04:22.855+0000] {processor.py:840} INFO - DAG(s) 'example_skip_dag' retrieved from /home/airflow/.local/lib/python3.8/site-packages/airflow/example_dags/example_skip_dag.py
[2024-02-25T21:04:22.880+0000] {logging_mixin.py:188} INFO - [2024-02-25T21:04:22.880+0000] {dag.py:3036} INFO - Sync 1 DAGs
[2024-02-25T21:04:22.903+0000] {logging_mixin.py:188} INFO - [2024-02-25T21:04:22.903+0000] {dag.py:3823} INFO - Setting next_dagrun for example_skip_dag to 2024-02-24 00:00:00+00:00, run_after=2024-02-25 00:00:00+00:00
[2024-02-25T21:04:22.936+0000] {processor.py:183} INFO - Processing /home/airflow/.local/lib/python3.8/site-packages/airflow/example_dags/example_skip_dag.py took 0.094 seconds
[2024-02-25T21:04:53.410+0000] {processor.py:161} INFO - Started process (PID=10199) to work on /home/airflow/.local/lib/python3.8/site-packages/airflow/example_dags/example_skip_dag.py
[2024-02-25T21:04:53.411+0000] {processor.py:830} INFO - Processing file /home/airflow/.local/lib/python3.8/site-packages/airflow/example_dags/example_skip_dag.py for tasks to queue
[2024-02-25T21:04:53.412+0000] {logging_mixin.py:188} INFO - [2024-02-25T21:04:53.412+0000] {dagbag.py:538} INFO - Filling up the DagBag from /home/airflow/.local/lib/python3.8/site-packages/airflow/example_dags/example_skip_dag.py
[2024-02-25T21:04:53.419+0000] {processor.py:840} INFO - DAG(s) 'example_skip_dag' retrieved from /home/airflow/.local/lib/python3.8/site-packages/airflow/example_dags/example_skip_dag.py
[2024-02-25T21:04:53.443+0000] {logging_mixin.py:188} INFO - [2024-02-25T21:04:53.443+0000] {dag.py:3036} INFO - Sync 1 DAGs
[2024-02-25T21:04:53.466+0000] {logging_mixin.py:188} INFO - [2024-02-25T21:04:53.465+0000] {dag.py:3823} INFO - Setting next_dagrun for example_skip_dag to 2024-02-24 00:00:00+00:00, run_after=2024-02-25 00:00:00+00:00
[2024-02-25T21:04:53.490+0000] {processor.py:183} INFO - Processing /home/airflow/.local/lib/python3.8/site-packages/airflow/example_dags/example_skip_dag.py took 0.084 seconds
