[2024-02-25T00:03:58.052+0000] {processor.py:161} INFO - Started process (PID=5890) to work on /home/airflow/.local/lib/python3.8/site-packages/airflow/example_dags/example_branch_operator.py
[2024-02-25T00:03:58.053+0000] {processor.py:830} INFO - Processing file /home/airflow/.local/lib/python3.8/site-packages/airflow/example_dags/example_branch_operator.py for tasks to queue
[2024-02-25T00:03:58.055+0000] {logging_mixin.py:188} INFO - [2024-02-25T00:03:58.054+0000] {dagbag.py:538} INFO - Filling up the DagBag from /home/airflow/.local/lib/python3.8/site-packages/airflow/example_dags/example_branch_operator.py
[2024-02-25T00:03:58.075+0000] {processor.py:840} INFO - DAG(s) 'example_branch_operator' retrieved from /home/airflow/.local/lib/python3.8/site-packages/airflow/example_dags/example_branch_operator.py
[2024-02-25T00:03:58.118+0000] {logging_mixin.py:188} INFO - [2024-02-25T00:03:58.117+0000] {dag.py:3036} INFO - Sync 1 DAGs
[2024-02-25T00:03:58.146+0000] {logging_mixin.py:188} INFO - [2024-02-25T00:03:58.145+0000] {dag.py:3823} INFO - Setting next_dagrun for example_branch_operator to 2024-02-24 00:00:00+00:00, run_after=2024-02-25 00:00:00+00:00
[2024-02-25T00:03:58.169+0000] {processor.py:183} INFO - Processing /home/airflow/.local/lib/python3.8/site-packages/airflow/example_dags/example_branch_operator.py took 0.121 seconds
[2024-02-25T00:04:28.527+0000] {processor.py:161} INFO - Started process (PID=5957) to work on /home/airflow/.local/lib/python3.8/site-packages/airflow/example_dags/example_branch_operator.py
[2024-02-25T00:04:28.528+0000] {processor.py:830} INFO - Processing file /home/airflow/.local/lib/python3.8/site-packages/airflow/example_dags/example_branch_operator.py for tasks to queue
[2024-02-25T00:04:28.530+0000] {logging_mixin.py:188} INFO - [2024-02-25T00:04:28.529+0000] {dagbag.py:538} INFO - Filling up the DagBag from /home/airflow/.local/lib/python3.8/site-packages/airflow/example_dags/example_branch_operator.py
[2024-02-25T00:04:28.551+0000] {processor.py:840} INFO - DAG(s) 'example_branch_operator' retrieved from /home/airflow/.local/lib/python3.8/site-packages/airflow/example_dags/example_branch_operator.py
[2024-02-25T00:04:28.582+0000] {logging_mixin.py:188} INFO - [2024-02-25T00:04:28.582+0000] {dag.py:3036} INFO - Sync 1 DAGs
[2024-02-25T00:04:28.608+0000] {logging_mixin.py:188} INFO - [2024-02-25T00:04:28.607+0000] {dag.py:3823} INFO - Setting next_dagrun for example_branch_operator to 2024-02-24 00:00:00+00:00, run_after=2024-02-25 00:00:00+00:00
[2024-02-25T00:04:28.634+0000] {processor.py:183} INFO - Processing /home/airflow/.local/lib/python3.8/site-packages/airflow/example_dags/example_branch_operator.py took 0.112 seconds
[2024-02-25T00:04:59.293+0000] {processor.py:161} INFO - Started process (PID=6020) to work on /home/airflow/.local/lib/python3.8/site-packages/airflow/example_dags/example_branch_operator.py
[2024-02-25T00:04:59.294+0000] {processor.py:830} INFO - Processing file /home/airflow/.local/lib/python3.8/site-packages/airflow/example_dags/example_branch_operator.py for tasks to queue
[2024-02-25T00:04:59.295+0000] {logging_mixin.py:188} INFO - [2024-02-25T00:04:59.295+0000] {dagbag.py:538} INFO - Filling up the DagBag from /home/airflow/.local/lib/python3.8/site-packages/airflow/example_dags/example_branch_operator.py
[2024-02-25T00:04:59.315+0000] {processor.py:840} INFO - DAG(s) 'example_branch_operator' retrieved from /home/airflow/.local/lib/python3.8/site-packages/airflow/example_dags/example_branch_operator.py
[2024-02-25T00:04:59.346+0000] {logging_mixin.py:188} INFO - [2024-02-25T00:04:59.345+0000] {dag.py:3036} INFO - Sync 1 DAGs
[2024-02-25T00:04:59.371+0000] {logging_mixin.py:188} INFO - [2024-02-25T00:04:59.371+0000] {dag.py:3823} INFO - Setting next_dagrun for example_branch_operator to 2024-02-24 00:00:00+00:00, run_after=2024-02-25 00:00:00+00:00
[2024-02-25T00:04:59.394+0000] {processor.py:183} INFO - Processing /home/airflow/.local/lib/python3.8/site-packages/airflow/example_dags/example_branch_operator.py took 0.105 seconds
[2024-02-25T00:05:29.889+0000] {processor.py:161} INFO - Started process (PID=6084) to work on /home/airflow/.local/lib/python3.8/site-packages/airflow/example_dags/example_branch_operator.py
[2024-02-25T00:05:29.890+0000] {processor.py:830} INFO - Processing file /home/airflow/.local/lib/python3.8/site-packages/airflow/example_dags/example_branch_operator.py for tasks to queue
[2024-02-25T00:05:29.892+0000] {logging_mixin.py:188} INFO - [2024-02-25T00:05:29.891+0000] {dagbag.py:538} INFO - Filling up the DagBag from /home/airflow/.local/lib/python3.8/site-packages/airflow/example_dags/example_branch_operator.py
[2024-02-25T00:05:29.913+0000] {processor.py:840} INFO - DAG(s) 'example_branch_operator' retrieved from /home/airflow/.local/lib/python3.8/site-packages/airflow/example_dags/example_branch_operator.py
[2024-02-25T00:05:29.944+0000] {logging_mixin.py:188} INFO - [2024-02-25T00:05:29.943+0000] {dag.py:3036} INFO - Sync 1 DAGs
[2024-02-25T00:05:29.967+0000] {logging_mixin.py:188} INFO - [2024-02-25T00:05:29.966+0000] {dag.py:3823} INFO - Setting next_dagrun for example_branch_operator to 2024-02-24 00:00:00+00:00, run_after=2024-02-25 00:00:00+00:00
[2024-02-25T00:05:29.994+0000] {processor.py:183} INFO - Processing /home/airflow/.local/lib/python3.8/site-packages/airflow/example_dags/example_branch_operator.py took 0.109 seconds
[2024-02-25T00:06:00.557+0000] {processor.py:161} INFO - Started process (PID=6147) to work on /home/airflow/.local/lib/python3.8/site-packages/airflow/example_dags/example_branch_operator.py
[2024-02-25T00:06:00.558+0000] {processor.py:830} INFO - Processing file /home/airflow/.local/lib/python3.8/site-packages/airflow/example_dags/example_branch_operator.py for tasks to queue
[2024-02-25T00:06:00.559+0000] {logging_mixin.py:188} INFO - [2024-02-25T00:06:00.559+0000] {dagbag.py:538} INFO - Filling up the DagBag from /home/airflow/.local/lib/python3.8/site-packages/airflow/example_dags/example_branch_operator.py
[2024-02-25T00:06:00.580+0000] {processor.py:840} INFO - DAG(s) 'example_branch_operator' retrieved from /home/airflow/.local/lib/python3.8/site-packages/airflow/example_dags/example_branch_operator.py
[2024-02-25T00:06:00.612+0000] {logging_mixin.py:188} INFO - [2024-02-25T00:06:00.612+0000] {dag.py:3036} INFO - Sync 1 DAGs
[2024-02-25T00:06:00.638+0000] {logging_mixin.py:188} INFO - [2024-02-25T00:06:00.638+0000] {dag.py:3823} INFO - Setting next_dagrun for example_branch_operator to 2024-02-24 00:00:00+00:00, run_after=2024-02-25 00:00:00+00:00
[2024-02-25T00:06:00.661+0000] {processor.py:183} INFO - Processing /home/airflow/.local/lib/python3.8/site-packages/airflow/example_dags/example_branch_operator.py took 0.108 seconds
[2024-02-25T00:06:31.354+0000] {processor.py:161} INFO - Started process (PID=6211) to work on /home/airflow/.local/lib/python3.8/site-packages/airflow/example_dags/example_branch_operator.py
[2024-02-25T00:06:31.355+0000] {processor.py:830} INFO - Processing file /home/airflow/.local/lib/python3.8/site-packages/airflow/example_dags/example_branch_operator.py for tasks to queue
[2024-02-25T00:06:31.356+0000] {logging_mixin.py:188} INFO - [2024-02-25T00:06:31.356+0000] {dagbag.py:538} INFO - Filling up the DagBag from /home/airflow/.local/lib/python3.8/site-packages/airflow/example_dags/example_branch_operator.py
[2024-02-25T00:06:31.376+0000] {processor.py:840} INFO - DAG(s) 'example_branch_operator' retrieved from /home/airflow/.local/lib/python3.8/site-packages/airflow/example_dags/example_branch_operator.py
[2024-02-25T00:06:31.407+0000] {logging_mixin.py:188} INFO - [2024-02-25T00:06:31.406+0000] {dag.py:3036} INFO - Sync 1 DAGs
[2024-02-25T00:06:31.432+0000] {logging_mixin.py:188} INFO - [2024-02-25T00:06:31.431+0000] {dag.py:3823} INFO - Setting next_dagrun for example_branch_operator to 2024-02-24 00:00:00+00:00, run_after=2024-02-25 00:00:00+00:00
[2024-02-25T00:06:31.454+0000] {processor.py:183} INFO - Processing /home/airflow/.local/lib/python3.8/site-packages/airflow/example_dags/example_branch_operator.py took 0.105 seconds
[2024-02-25T00:07:02.288+0000] {processor.py:161} INFO - Started process (PID=6274) to work on /home/airflow/.local/lib/python3.8/site-packages/airflow/example_dags/example_branch_operator.py
[2024-02-25T00:07:02.290+0000] {processor.py:830} INFO - Processing file /home/airflow/.local/lib/python3.8/site-packages/airflow/example_dags/example_branch_operator.py for tasks to queue
[2024-02-25T00:07:02.291+0000] {logging_mixin.py:188} INFO - [2024-02-25T00:07:02.291+0000] {dagbag.py:538} INFO - Filling up the DagBag from /home/airflow/.local/lib/python3.8/site-packages/airflow/example_dags/example_branch_operator.py
[2024-02-25T00:07:02.312+0000] {processor.py:840} INFO - DAG(s) 'example_branch_operator' retrieved from /home/airflow/.local/lib/python3.8/site-packages/airflow/example_dags/example_branch_operator.py
[2024-02-25T00:07:02.342+0000] {logging_mixin.py:188} INFO - [2024-02-25T00:07:02.342+0000] {dag.py:3036} INFO - Sync 1 DAGs
[2024-02-25T00:07:02.365+0000] {logging_mixin.py:188} INFO - [2024-02-25T00:07:02.365+0000] {dag.py:3823} INFO - Setting next_dagrun for example_branch_operator to 2024-02-24 00:00:00+00:00, run_after=2024-02-25 00:00:00+00:00
[2024-02-25T00:07:02.389+0000] {processor.py:183} INFO - Processing /home/airflow/.local/lib/python3.8/site-packages/airflow/example_dags/example_branch_operator.py took 0.104 seconds
[2024-02-25T00:07:33.132+0000] {processor.py:161} INFO - Started process (PID=6337) to work on /home/airflow/.local/lib/python3.8/site-packages/airflow/example_dags/example_branch_operator.py
[2024-02-25T00:07:33.134+0000] {processor.py:830} INFO - Processing file /home/airflow/.local/lib/python3.8/site-packages/airflow/example_dags/example_branch_operator.py for tasks to queue
[2024-02-25T00:07:33.136+0000] {logging_mixin.py:188} INFO - [2024-02-25T00:07:33.135+0000] {dagbag.py:538} INFO - Filling up the DagBag from /home/airflow/.local/lib/python3.8/site-packages/airflow/example_dags/example_branch_operator.py
[2024-02-25T00:07:33.158+0000] {processor.py:840} INFO - DAG(s) 'example_branch_operator' retrieved from /home/airflow/.local/lib/python3.8/site-packages/airflow/example_dags/example_branch_operator.py
[2024-02-25T00:07:33.201+0000] {logging_mixin.py:188} INFO - [2024-02-25T00:07:33.200+0000] {dag.py:3036} INFO - Sync 1 DAGs
[2024-02-25T00:07:33.225+0000] {logging_mixin.py:188} INFO - [2024-02-25T00:07:33.225+0000] {dag.py:3823} INFO - Setting next_dagrun for example_branch_operator to 2024-02-24 00:00:00+00:00, run_after=2024-02-25 00:00:00+00:00
[2024-02-25T00:07:33.254+0000] {processor.py:183} INFO - Processing /home/airflow/.local/lib/python3.8/site-packages/airflow/example_dags/example_branch_operator.py took 0.126 seconds
[2024-02-25T00:08:04.221+0000] {processor.py:161} INFO - Started process (PID=6400) to work on /home/airflow/.local/lib/python3.8/site-packages/airflow/example_dags/example_branch_operator.py
[2024-02-25T00:08:04.222+0000] {processor.py:830} INFO - Processing file /home/airflow/.local/lib/python3.8/site-packages/airflow/example_dags/example_branch_operator.py for tasks to queue
[2024-02-25T00:08:04.223+0000] {logging_mixin.py:188} INFO - [2024-02-25T00:08:04.223+0000] {dagbag.py:538} INFO - Filling up the DagBag from /home/airflow/.local/lib/python3.8/site-packages/airflow/example_dags/example_branch_operator.py
[2024-02-25T00:08:04.243+0000] {processor.py:840} INFO - DAG(s) 'example_branch_operator' retrieved from /home/airflow/.local/lib/python3.8/site-packages/airflow/example_dags/example_branch_operator.py
[2024-02-25T00:08:04.272+0000] {logging_mixin.py:188} INFO - [2024-02-25T00:08:04.272+0000] {dag.py:3036} INFO - Sync 1 DAGs
[2024-02-25T00:08:04.296+0000] {logging_mixin.py:188} INFO - [2024-02-25T00:08:04.296+0000] {dag.py:3823} INFO - Setting next_dagrun for example_branch_operator to 2024-02-24 00:00:00+00:00, run_after=2024-02-25 00:00:00+00:00
[2024-02-25T00:08:04.320+0000] {processor.py:183} INFO - Processing /home/airflow/.local/lib/python3.8/site-packages/airflow/example_dags/example_branch_operator.py took 0.103 seconds
[2024-02-25T00:08:34.806+0000] {processor.py:161} INFO - Started process (PID=6463) to work on /home/airflow/.local/lib/python3.8/site-packages/airflow/example_dags/example_branch_operator.py
[2024-02-25T00:08:34.814+0000] {processor.py:830} INFO - Processing file /home/airflow/.local/lib/python3.8/site-packages/airflow/example_dags/example_branch_operator.py for tasks to queue
[2024-02-25T00:08:34.816+0000] {logging_mixin.py:188} INFO - [2024-02-25T00:08:34.815+0000] {dagbag.py:538} INFO - Filling up the DagBag from /home/airflow/.local/lib/python3.8/site-packages/airflow/example_dags/example_branch_operator.py
[2024-02-25T00:08:34.837+0000] {processor.py:840} INFO - DAG(s) 'example_branch_operator' retrieved from /home/airflow/.local/lib/python3.8/site-packages/airflow/example_dags/example_branch_operator.py
[2024-02-25T00:08:34.877+0000] {logging_mixin.py:188} INFO - [2024-02-25T00:08:34.877+0000] {dag.py:3036} INFO - Sync 1 DAGs
[2024-02-25T00:08:34.902+0000] {logging_mixin.py:188} INFO - [2024-02-25T00:08:34.902+0000] {dag.py:3823} INFO - Setting next_dagrun for example_branch_operator to 2024-02-24 00:00:00+00:00, run_after=2024-02-25 00:00:00+00:00
[2024-02-25T00:08:34.926+0000] {processor.py:183} INFO - Processing /home/airflow/.local/lib/python3.8/site-packages/airflow/example_dags/example_branch_operator.py took 0.124 seconds
[2024-02-25T00:09:05.552+0000] {processor.py:161} INFO - Started process (PID=6526) to work on /home/airflow/.local/lib/python3.8/site-packages/airflow/example_dags/example_branch_operator.py
[2024-02-25T00:09:05.553+0000] {processor.py:830} INFO - Processing file /home/airflow/.local/lib/python3.8/site-packages/airflow/example_dags/example_branch_operator.py for tasks to queue
[2024-02-25T00:09:05.554+0000] {logging_mixin.py:188} INFO - [2024-02-25T00:09:05.554+0000] {dagbag.py:538} INFO - Filling up the DagBag from /home/airflow/.local/lib/python3.8/site-packages/airflow/example_dags/example_branch_operator.py
[2024-02-25T00:09:05.574+0000] {processor.py:840} INFO - DAG(s) 'example_branch_operator' retrieved from /home/airflow/.local/lib/python3.8/site-packages/airflow/example_dags/example_branch_operator.py
[2024-02-25T00:09:05.605+0000] {logging_mixin.py:188} INFO - [2024-02-25T00:09:05.605+0000] {dag.py:3036} INFO - Sync 1 DAGs
[2024-02-25T00:09:05.629+0000] {logging_mixin.py:188} INFO - [2024-02-25T00:09:05.629+0000] {dag.py:3823} INFO - Setting next_dagrun for example_branch_operator to 2024-02-24 00:00:00+00:00, run_after=2024-02-25 00:00:00+00:00
[2024-02-25T00:09:05.650+0000] {processor.py:183} INFO - Processing /home/airflow/.local/lib/python3.8/site-packages/airflow/example_dags/example_branch_operator.py took 0.102 seconds
[2024-02-25T18:16:22.651+0000] {processor.py:161} INFO - Started process (PID=6589) to work on /home/airflow/.local/lib/python3.8/site-packages/airflow/example_dags/example_branch_operator.py
[2024-02-25T18:16:22.652+0000] {processor.py:830} INFO - Processing file /home/airflow/.local/lib/python3.8/site-packages/airflow/example_dags/example_branch_operator.py for tasks to queue
[2024-02-25T18:16:22.653+0000] {logging_mixin.py:188} INFO - [2024-02-25T18:16:22.653+0000] {dagbag.py:538} INFO - Filling up the DagBag from /home/airflow/.local/lib/python3.8/site-packages/airflow/example_dags/example_branch_operator.py
[2024-02-25T18:16:22.674+0000] {processor.py:840} INFO - DAG(s) 'example_branch_operator' retrieved from /home/airflow/.local/lib/python3.8/site-packages/airflow/example_dags/example_branch_operator.py
[2024-02-25T18:16:22.708+0000] {logging_mixin.py:188} INFO - [2024-02-25T18:16:22.707+0000] {dag.py:3036} INFO - Sync 1 DAGs
[2024-02-25T18:16:22.742+0000] {logging_mixin.py:188} INFO - [2024-02-25T18:16:22.742+0000] {dag.py:3823} INFO - Setting next_dagrun for example_branch_operator to 2024-02-24 00:00:00+00:00, run_after=2024-02-25 00:00:00+00:00
[2024-02-25T18:16:22.768+0000] {processor.py:183} INFO - Processing /home/airflow/.local/lib/python3.8/site-packages/airflow/example_dags/example_branch_operator.py took 0.122 seconds
[2024-02-25T18:16:53.062+0000] {processor.py:161} INFO - Started process (PID=6652) to work on /home/airflow/.local/lib/python3.8/site-packages/airflow/example_dags/example_branch_operator.py
[2024-02-25T18:16:53.064+0000] {processor.py:830} INFO - Processing file /home/airflow/.local/lib/python3.8/site-packages/airflow/example_dags/example_branch_operator.py for tasks to queue
[2024-02-25T18:16:53.065+0000] {logging_mixin.py:188} INFO - [2024-02-25T18:16:53.065+0000] {dagbag.py:538} INFO - Filling up the DagBag from /home/airflow/.local/lib/python3.8/site-packages/airflow/example_dags/example_branch_operator.py
[2024-02-25T18:16:53.087+0000] {processor.py:840} INFO - DAG(s) 'example_branch_operator' retrieved from /home/airflow/.local/lib/python3.8/site-packages/airflow/example_dags/example_branch_operator.py
[2024-02-25T18:16:53.121+0000] {logging_mixin.py:188} INFO - [2024-02-25T18:16:53.121+0000] {dag.py:3036} INFO - Sync 1 DAGs
[2024-02-25T18:16:53.149+0000] {logging_mixin.py:188} INFO - [2024-02-25T18:16:53.149+0000] {dag.py:3823} INFO - Setting next_dagrun for example_branch_operator to 2024-02-24 00:00:00+00:00, run_after=2024-02-25 00:00:00+00:00
[2024-02-25T18:16:53.174+0000] {processor.py:183} INFO - Processing /home/airflow/.local/lib/python3.8/site-packages/airflow/example_dags/example_branch_operator.py took 0.115 seconds
[2024-02-25T18:17:24.272+0000] {processor.py:161} INFO - Started process (PID=6715) to work on /home/airflow/.local/lib/python3.8/site-packages/airflow/example_dags/example_branch_operator.py
[2024-02-25T18:17:24.278+0000] {processor.py:830} INFO - Processing file /home/airflow/.local/lib/python3.8/site-packages/airflow/example_dags/example_branch_operator.py for tasks to queue
[2024-02-25T18:17:24.280+0000] {logging_mixin.py:188} INFO - [2024-02-25T18:17:24.280+0000] {dagbag.py:538} INFO - Filling up the DagBag from /home/airflow/.local/lib/python3.8/site-packages/airflow/example_dags/example_branch_operator.py
[2024-02-25T18:17:24.309+0000] {processor.py:840} INFO - DAG(s) 'example_branch_operator' retrieved from /home/airflow/.local/lib/python3.8/site-packages/airflow/example_dags/example_branch_operator.py
[2024-02-25T18:17:24.344+0000] {logging_mixin.py:188} INFO - [2024-02-25T18:17:24.343+0000] {dag.py:3036} INFO - Sync 1 DAGs
[2024-02-25T18:17:24.372+0000] {logging_mixin.py:188} INFO - [2024-02-25T18:17:24.372+0000] {dag.py:3823} INFO - Setting next_dagrun for example_branch_operator to 2024-02-24 00:00:00+00:00, run_after=2024-02-25 00:00:00+00:00
[2024-02-25T18:17:24.401+0000] {processor.py:183} INFO - Processing /home/airflow/.local/lib/python3.8/site-packages/airflow/example_dags/example_branch_operator.py took 0.133 seconds
[2024-02-25T18:17:54.462+0000] {processor.py:161} INFO - Started process (PID=6778) to work on /home/airflow/.local/lib/python3.8/site-packages/airflow/example_dags/example_branch_operator.py
[2024-02-25T18:17:54.463+0000] {processor.py:830} INFO - Processing file /home/airflow/.local/lib/python3.8/site-packages/airflow/example_dags/example_branch_operator.py for tasks to queue
[2024-02-25T18:17:54.465+0000] {logging_mixin.py:188} INFO - [2024-02-25T18:17:54.464+0000] {dagbag.py:538} INFO - Filling up the DagBag from /home/airflow/.local/lib/python3.8/site-packages/airflow/example_dags/example_branch_operator.py
[2024-02-25T18:17:54.487+0000] {processor.py:840} INFO - DAG(s) 'example_branch_operator' retrieved from /home/airflow/.local/lib/python3.8/site-packages/airflow/example_dags/example_branch_operator.py
[2024-02-25T18:17:54.520+0000] {logging_mixin.py:188} INFO - [2024-02-25T18:17:54.519+0000] {dag.py:3036} INFO - Sync 1 DAGs
[2024-02-25T18:17:54.542+0000] {logging_mixin.py:188} INFO - [2024-02-25T18:17:54.542+0000] {dag.py:3823} INFO - Setting next_dagrun for example_branch_operator to 2024-02-24 00:00:00+00:00, run_after=2024-02-25 00:00:00+00:00
[2024-02-25T18:17:54.565+0000] {processor.py:183} INFO - Processing /home/airflow/.local/lib/python3.8/site-packages/airflow/example_dags/example_branch_operator.py took 0.108 seconds
[2024-02-25T18:18:25.378+0000] {processor.py:161} INFO - Started process (PID=6841) to work on /home/airflow/.local/lib/python3.8/site-packages/airflow/example_dags/example_branch_operator.py
[2024-02-25T18:18:25.379+0000] {processor.py:830} INFO - Processing file /home/airflow/.local/lib/python3.8/site-packages/airflow/example_dags/example_branch_operator.py for tasks to queue
[2024-02-25T18:18:25.380+0000] {logging_mixin.py:188} INFO - [2024-02-25T18:18:25.380+0000] {dagbag.py:538} INFO - Filling up the DagBag from /home/airflow/.local/lib/python3.8/site-packages/airflow/example_dags/example_branch_operator.py
[2024-02-25T18:18:25.400+0000] {processor.py:840} INFO - DAG(s) 'example_branch_operator' retrieved from /home/airflow/.local/lib/python3.8/site-packages/airflow/example_dags/example_branch_operator.py
[2024-02-25T18:18:25.432+0000] {logging_mixin.py:188} INFO - [2024-02-25T18:18:25.432+0000] {dag.py:3036} INFO - Sync 1 DAGs
[2024-02-25T18:18:25.457+0000] {logging_mixin.py:188} INFO - [2024-02-25T18:18:25.456+0000] {dag.py:3823} INFO - Setting next_dagrun for example_branch_operator to 2024-02-24 00:00:00+00:00, run_after=2024-02-25 00:00:00+00:00
[2024-02-25T18:18:25.480+0000] {processor.py:183} INFO - Processing /home/airflow/.local/lib/python3.8/site-packages/airflow/example_dags/example_branch_operator.py took 0.106 seconds
[2024-02-25T18:18:56.000+0000] {processor.py:161} INFO - Started process (PID=6905) to work on /home/airflow/.local/lib/python3.8/site-packages/airflow/example_dags/example_branch_operator.py
[2024-02-25T18:18:56.001+0000] {processor.py:830} INFO - Processing file /home/airflow/.local/lib/python3.8/site-packages/airflow/example_dags/example_branch_operator.py for tasks to queue
[2024-02-25T18:18:56.002+0000] {logging_mixin.py:188} INFO - [2024-02-25T18:18:56.002+0000] {dagbag.py:538} INFO - Filling up the DagBag from /home/airflow/.local/lib/python3.8/site-packages/airflow/example_dags/example_branch_operator.py
[2024-02-25T18:18:56.022+0000] {processor.py:840} INFO - DAG(s) 'example_branch_operator' retrieved from /home/airflow/.local/lib/python3.8/site-packages/airflow/example_dags/example_branch_operator.py
[2024-02-25T18:18:56.054+0000] {logging_mixin.py:188} INFO - [2024-02-25T18:18:56.054+0000] {dag.py:3036} INFO - Sync 1 DAGs
[2024-02-25T18:18:56.079+0000] {logging_mixin.py:188} INFO - [2024-02-25T18:18:56.078+0000] {dag.py:3823} INFO - Setting next_dagrun for example_branch_operator to 2024-02-24 00:00:00+00:00, run_after=2024-02-25 00:00:00+00:00
[2024-02-25T18:18:56.103+0000] {processor.py:183} INFO - Processing /home/airflow/.local/lib/python3.8/site-packages/airflow/example_dags/example_branch_operator.py took 0.107 seconds
[2024-02-25T18:19:27.115+0000] {processor.py:161} INFO - Started process (PID=6968) to work on /home/airflow/.local/lib/python3.8/site-packages/airflow/example_dags/example_branch_operator.py
[2024-02-25T18:19:27.117+0000] {processor.py:830} INFO - Processing file /home/airflow/.local/lib/python3.8/site-packages/airflow/example_dags/example_branch_operator.py for tasks to queue
[2024-02-25T18:19:27.118+0000] {logging_mixin.py:188} INFO - [2024-02-25T18:19:27.118+0000] {dagbag.py:538} INFO - Filling up the DagBag from /home/airflow/.local/lib/python3.8/site-packages/airflow/example_dags/example_branch_operator.py
[2024-02-25T18:19:27.142+0000] {processor.py:840} INFO - DAG(s) 'example_branch_operator' retrieved from /home/airflow/.local/lib/python3.8/site-packages/airflow/example_dags/example_branch_operator.py
[2024-02-25T18:19:27.181+0000] {logging_mixin.py:188} INFO - [2024-02-25T18:19:27.181+0000] {dag.py:3036} INFO - Sync 1 DAGs
[2024-02-25T18:19:27.212+0000] {logging_mixin.py:188} INFO - [2024-02-25T18:19:27.211+0000] {dag.py:3823} INFO - Setting next_dagrun for example_branch_operator to 2024-02-24 00:00:00+00:00, run_after=2024-02-25 00:00:00+00:00
[2024-02-25T18:19:27.249+0000] {processor.py:183} INFO - Processing /home/airflow/.local/lib/python3.8/site-packages/airflow/example_dags/example_branch_operator.py took 0.138 seconds
[2024-02-25T18:19:58.001+0000] {processor.py:161} INFO - Started process (PID=7036) to work on /home/airflow/.local/lib/python3.8/site-packages/airflow/example_dags/example_branch_operator.py
[2024-02-25T18:19:58.009+0000] {processor.py:830} INFO - Processing file /home/airflow/.local/lib/python3.8/site-packages/airflow/example_dags/example_branch_operator.py for tasks to queue
[2024-02-25T18:19:58.012+0000] {logging_mixin.py:188} INFO - [2024-02-25T18:19:58.011+0000] {dagbag.py:538} INFO - Filling up the DagBag from /home/airflow/.local/lib/python3.8/site-packages/airflow/example_dags/example_branch_operator.py
[2024-02-25T18:19:58.048+0000] {processor.py:840} INFO - DAG(s) 'example_branch_operator' retrieved from /home/airflow/.local/lib/python3.8/site-packages/airflow/example_dags/example_branch_operator.py
[2024-02-25T18:19:58.096+0000] {logging_mixin.py:188} INFO - [2024-02-25T18:19:58.096+0000] {dag.py:3036} INFO - Sync 1 DAGs
[2024-02-25T18:19:58.127+0000] {logging_mixin.py:188} INFO - [2024-02-25T18:19:58.127+0000] {dag.py:3823} INFO - Setting next_dagrun for example_branch_operator to 2024-02-24 00:00:00+00:00, run_after=2024-02-25 00:00:00+00:00
[2024-02-25T18:19:58.151+0000] {processor.py:183} INFO - Processing /home/airflow/.local/lib/python3.8/site-packages/airflow/example_dags/example_branch_operator.py took 0.154 seconds
[2024-02-25T18:20:28.692+0000] {processor.py:161} INFO - Started process (PID=7099) to work on /home/airflow/.local/lib/python3.8/site-packages/airflow/example_dags/example_branch_operator.py
[2024-02-25T18:20:28.693+0000] {processor.py:830} INFO - Processing file /home/airflow/.local/lib/python3.8/site-packages/airflow/example_dags/example_branch_operator.py for tasks to queue
[2024-02-25T18:20:28.695+0000] {logging_mixin.py:188} INFO - [2024-02-25T18:20:28.695+0000] {dagbag.py:538} INFO - Filling up the DagBag from /home/airflow/.local/lib/python3.8/site-packages/airflow/example_dags/example_branch_operator.py
[2024-02-25T18:20:28.717+0000] {processor.py:840} INFO - DAG(s) 'example_branch_operator' retrieved from /home/airflow/.local/lib/python3.8/site-packages/airflow/example_dags/example_branch_operator.py
[2024-02-25T18:20:28.750+0000] {logging_mixin.py:188} INFO - [2024-02-25T18:20:28.749+0000] {dag.py:3036} INFO - Sync 1 DAGs
[2024-02-25T18:20:28.775+0000] {logging_mixin.py:188} INFO - [2024-02-25T18:20:28.774+0000] {dag.py:3823} INFO - Setting next_dagrun for example_branch_operator to 2024-02-24 00:00:00+00:00, run_after=2024-02-25 00:00:00+00:00
[2024-02-25T18:20:28.807+0000] {processor.py:183} INFO - Processing /home/airflow/.local/lib/python3.8/site-packages/airflow/example_dags/example_branch_operator.py took 0.120 seconds
[2024-02-25T18:20:58.891+0000] {processor.py:161} INFO - Started process (PID=7162) to work on /home/airflow/.local/lib/python3.8/site-packages/airflow/example_dags/example_branch_operator.py
[2024-02-25T18:20:58.893+0000] {processor.py:830} INFO - Processing file /home/airflow/.local/lib/python3.8/site-packages/airflow/example_dags/example_branch_operator.py for tasks to queue
[2024-02-25T18:20:58.894+0000] {logging_mixin.py:188} INFO - [2024-02-25T18:20:58.893+0000] {dagbag.py:538} INFO - Filling up the DagBag from /home/airflow/.local/lib/python3.8/site-packages/airflow/example_dags/example_branch_operator.py
[2024-02-25T18:20:58.915+0000] {processor.py:840} INFO - DAG(s) 'example_branch_operator' retrieved from /home/airflow/.local/lib/python3.8/site-packages/airflow/example_dags/example_branch_operator.py
[2024-02-25T18:20:58.952+0000] {logging_mixin.py:188} INFO - [2024-02-25T18:20:58.952+0000] {dag.py:3036} INFO - Sync 1 DAGs
[2024-02-25T18:20:58.977+0000] {logging_mixin.py:188} INFO - [2024-02-25T18:20:58.977+0000] {dag.py:3823} INFO - Setting next_dagrun for example_branch_operator to 2024-02-24 00:00:00+00:00, run_after=2024-02-25 00:00:00+00:00
[2024-02-25T18:20:59.013+0000] {processor.py:183} INFO - Processing /home/airflow/.local/lib/python3.8/site-packages/airflow/example_dags/example_branch_operator.py took 0.126 seconds
[2024-02-25T18:21:29.464+0000] {processor.py:161} INFO - Started process (PID=7224) to work on /home/airflow/.local/lib/python3.8/site-packages/airflow/example_dags/example_branch_operator.py
[2024-02-25T18:21:29.465+0000] {processor.py:830} INFO - Processing file /home/airflow/.local/lib/python3.8/site-packages/airflow/example_dags/example_branch_operator.py for tasks to queue
[2024-02-25T18:21:29.466+0000] {logging_mixin.py:188} INFO - [2024-02-25T18:21:29.466+0000] {dagbag.py:538} INFO - Filling up the DagBag from /home/airflow/.local/lib/python3.8/site-packages/airflow/example_dags/example_branch_operator.py
[2024-02-25T18:21:29.486+0000] {processor.py:840} INFO - DAG(s) 'example_branch_operator' retrieved from /home/airflow/.local/lib/python3.8/site-packages/airflow/example_dags/example_branch_operator.py
[2024-02-25T18:21:29.516+0000] {logging_mixin.py:188} INFO - [2024-02-25T18:21:29.515+0000] {dag.py:3036} INFO - Sync 1 DAGs
[2024-02-25T18:21:29.540+0000] {logging_mixin.py:188} INFO - [2024-02-25T18:21:29.539+0000] {dag.py:3823} INFO - Setting next_dagrun for example_branch_operator to 2024-02-24 00:00:00+00:00, run_after=2024-02-25 00:00:00+00:00
[2024-02-25T18:21:29.571+0000] {processor.py:183} INFO - Processing /home/airflow/.local/lib/python3.8/site-packages/airflow/example_dags/example_branch_operator.py took 0.112 seconds
[2024-02-25T18:22:00.026+0000] {processor.py:161} INFO - Started process (PID=7287) to work on /home/airflow/.local/lib/python3.8/site-packages/airflow/example_dags/example_branch_operator.py
[2024-02-25T18:22:00.027+0000] {processor.py:830} INFO - Processing file /home/airflow/.local/lib/python3.8/site-packages/airflow/example_dags/example_branch_operator.py for tasks to queue
[2024-02-25T18:22:00.028+0000] {logging_mixin.py:188} INFO - [2024-02-25T18:22:00.028+0000] {dagbag.py:538} INFO - Filling up the DagBag from /home/airflow/.local/lib/python3.8/site-packages/airflow/example_dags/example_branch_operator.py
[2024-02-25T18:22:00.048+0000] {processor.py:840} INFO - DAG(s) 'example_branch_operator' retrieved from /home/airflow/.local/lib/python3.8/site-packages/airflow/example_dags/example_branch_operator.py
[2024-02-25T18:22:00.079+0000] {logging_mixin.py:188} INFO - [2024-02-25T18:22:00.079+0000] {dag.py:3036} INFO - Sync 1 DAGs
[2024-02-25T18:22:00.102+0000] {logging_mixin.py:188} INFO - [2024-02-25T18:22:00.102+0000] {dag.py:3823} INFO - Setting next_dagrun for example_branch_operator to 2024-02-24 00:00:00+00:00, run_after=2024-02-25 00:00:00+00:00
[2024-02-25T18:22:00.123+0000] {processor.py:183} INFO - Processing /home/airflow/.local/lib/python3.8/site-packages/airflow/example_dags/example_branch_operator.py took 0.101 seconds
[2024-02-25T18:22:31.369+0000] {processor.py:161} INFO - Started process (PID=7351) to work on /home/airflow/.local/lib/python3.8/site-packages/airflow/example_dags/example_branch_operator.py
[2024-02-25T18:22:31.370+0000] {processor.py:830} INFO - Processing file /home/airflow/.local/lib/python3.8/site-packages/airflow/example_dags/example_branch_operator.py for tasks to queue
[2024-02-25T18:22:31.371+0000] {logging_mixin.py:188} INFO - [2024-02-25T18:22:31.371+0000] {dagbag.py:538} INFO - Filling up the DagBag from /home/airflow/.local/lib/python3.8/site-packages/airflow/example_dags/example_branch_operator.py
[2024-02-25T18:22:31.392+0000] {processor.py:840} INFO - DAG(s) 'example_branch_operator' retrieved from /home/airflow/.local/lib/python3.8/site-packages/airflow/example_dags/example_branch_operator.py
[2024-02-25T18:22:31.423+0000] {logging_mixin.py:188} INFO - [2024-02-25T18:22:31.423+0000] {dag.py:3036} INFO - Sync 1 DAGs
[2024-02-25T18:22:31.445+0000] {logging_mixin.py:188} INFO - [2024-02-25T18:22:31.445+0000] {dag.py:3823} INFO - Setting next_dagrun for example_branch_operator to 2024-02-24 00:00:00+00:00, run_after=2024-02-25 00:00:00+00:00
[2024-02-25T18:22:31.466+0000] {processor.py:183} INFO - Processing /home/airflow/.local/lib/python3.8/site-packages/airflow/example_dags/example_branch_operator.py took 0.101 seconds
[2024-02-25T18:23:02.087+0000] {processor.py:161} INFO - Started process (PID=7414) to work on /home/airflow/.local/lib/python3.8/site-packages/airflow/example_dags/example_branch_operator.py
[2024-02-25T18:23:02.088+0000] {processor.py:830} INFO - Processing file /home/airflow/.local/lib/python3.8/site-packages/airflow/example_dags/example_branch_operator.py for tasks to queue
[2024-02-25T18:23:02.089+0000] {logging_mixin.py:188} INFO - [2024-02-25T18:23:02.089+0000] {dagbag.py:538} INFO - Filling up the DagBag from /home/airflow/.local/lib/python3.8/site-packages/airflow/example_dags/example_branch_operator.py
[2024-02-25T18:23:02.110+0000] {processor.py:840} INFO - DAG(s) 'example_branch_operator' retrieved from /home/airflow/.local/lib/python3.8/site-packages/airflow/example_dags/example_branch_operator.py
[2024-02-25T18:23:02.142+0000] {logging_mixin.py:188} INFO - [2024-02-25T18:23:02.142+0000] {dag.py:3036} INFO - Sync 1 DAGs
[2024-02-25T18:23:02.167+0000] {logging_mixin.py:188} INFO - [2024-02-25T18:23:02.166+0000] {dag.py:3823} INFO - Setting next_dagrun for example_branch_operator to 2024-02-24 00:00:00+00:00, run_after=2024-02-25 00:00:00+00:00
[2024-02-25T18:23:02.190+0000] {processor.py:183} INFO - Processing /home/airflow/.local/lib/python3.8/site-packages/airflow/example_dags/example_branch_operator.py took 0.107 seconds
[2024-02-25T18:23:53.430+0000] {processor.py:161} INFO - Started process (PID=7477) to work on /home/airflow/.local/lib/python3.8/site-packages/airflow/example_dags/example_branch_operator.py
[2024-02-25T18:23:53.431+0000] {processor.py:830} INFO - Processing file /home/airflow/.local/lib/python3.8/site-packages/airflow/example_dags/example_branch_operator.py for tasks to queue
[2024-02-25T18:23:53.432+0000] {logging_mixin.py:188} INFO - [2024-02-25T18:23:53.432+0000] {dagbag.py:538} INFO - Filling up the DagBag from /home/airflow/.local/lib/python3.8/site-packages/airflow/example_dags/example_branch_operator.py
[2024-02-25T18:23:53.487+0000] {processor.py:840} INFO - DAG(s) 'example_branch_operator' retrieved from /home/airflow/.local/lib/python3.8/site-packages/airflow/example_dags/example_branch_operator.py
[2024-02-25T18:23:53.521+0000] {logging_mixin.py:188} INFO - [2024-02-25T18:23:53.520+0000] {dag.py:3036} INFO - Sync 1 DAGs
[2024-02-25T18:23:53.545+0000] {logging_mixin.py:188} INFO - [2024-02-25T18:23:53.545+0000] {dag.py:3823} INFO - Setting next_dagrun for example_branch_operator to 2024-02-24 00:00:00+00:00, run_after=2024-02-25 00:00:00+00:00
[2024-02-25T18:23:53.590+0000] {processor.py:183} INFO - Processing /home/airflow/.local/lib/python3.8/site-packages/airflow/example_dags/example_branch_operator.py took 0.165 seconds
[2024-02-25T18:24:24.126+0000] {processor.py:161} INFO - Started process (PID=7539) to work on /home/airflow/.local/lib/python3.8/site-packages/airflow/example_dags/example_branch_operator.py
[2024-02-25T18:24:24.128+0000] {processor.py:830} INFO - Processing file /home/airflow/.local/lib/python3.8/site-packages/airflow/example_dags/example_branch_operator.py for tasks to queue
[2024-02-25T18:24:24.129+0000] {logging_mixin.py:188} INFO - [2024-02-25T18:24:24.129+0000] {dagbag.py:538} INFO - Filling up the DagBag from /home/airflow/.local/lib/python3.8/site-packages/airflow/example_dags/example_branch_operator.py
[2024-02-25T18:24:24.149+0000] {processor.py:840} INFO - DAG(s) 'example_branch_operator' retrieved from /home/airflow/.local/lib/python3.8/site-packages/airflow/example_dags/example_branch_operator.py
[2024-02-25T18:24:24.179+0000] {logging_mixin.py:188} INFO - [2024-02-25T18:24:24.179+0000] {dag.py:3036} INFO - Sync 1 DAGs
[2024-02-25T18:24:24.203+0000] {logging_mixin.py:188} INFO - [2024-02-25T18:24:24.203+0000] {dag.py:3823} INFO - Setting next_dagrun for example_branch_operator to 2024-02-24 00:00:00+00:00, run_after=2024-02-25 00:00:00+00:00
[2024-02-25T18:24:24.226+0000] {processor.py:183} INFO - Processing /home/airflow/.local/lib/python3.8/site-packages/airflow/example_dags/example_branch_operator.py took 0.104 seconds
[2024-02-25T18:24:55.366+0000] {processor.py:161} INFO - Started process (PID=7602) to work on /home/airflow/.local/lib/python3.8/site-packages/airflow/example_dags/example_branch_operator.py
[2024-02-25T18:24:55.368+0000] {processor.py:830} INFO - Processing file /home/airflow/.local/lib/python3.8/site-packages/airflow/example_dags/example_branch_operator.py for tasks to queue
[2024-02-25T18:24:55.369+0000] {logging_mixin.py:188} INFO - [2024-02-25T18:24:55.369+0000] {dagbag.py:538} INFO - Filling up the DagBag from /home/airflow/.local/lib/python3.8/site-packages/airflow/example_dags/example_branch_operator.py
[2024-02-25T18:24:55.390+0000] {processor.py:840} INFO - DAG(s) 'example_branch_operator' retrieved from /home/airflow/.local/lib/python3.8/site-packages/airflow/example_dags/example_branch_operator.py
[2024-02-25T18:24:55.421+0000] {logging_mixin.py:188} INFO - [2024-02-25T18:24:55.420+0000] {dag.py:3036} INFO - Sync 1 DAGs
[2024-02-25T18:24:55.444+0000] {logging_mixin.py:188} INFO - [2024-02-25T18:24:55.444+0000] {dag.py:3823} INFO - Setting next_dagrun for example_branch_operator to 2024-02-24 00:00:00+00:00, run_after=2024-02-25 00:00:00+00:00
[2024-02-25T18:24:55.471+0000] {processor.py:183} INFO - Processing /home/airflow/.local/lib/python3.8/site-packages/airflow/example_dags/example_branch_operator.py took 0.109 seconds
[2024-02-25T18:25:26.281+0000] {processor.py:161} INFO - Started process (PID=7665) to work on /home/airflow/.local/lib/python3.8/site-packages/airflow/example_dags/example_branch_operator.py
[2024-02-25T18:25:26.283+0000] {processor.py:830} INFO - Processing file /home/airflow/.local/lib/python3.8/site-packages/airflow/example_dags/example_branch_operator.py for tasks to queue
[2024-02-25T18:25:26.284+0000] {logging_mixin.py:188} INFO - [2024-02-25T18:25:26.284+0000] {dagbag.py:538} INFO - Filling up the DagBag from /home/airflow/.local/lib/python3.8/site-packages/airflow/example_dags/example_branch_operator.py
[2024-02-25T18:25:26.304+0000] {processor.py:840} INFO - DAG(s) 'example_branch_operator' retrieved from /home/airflow/.local/lib/python3.8/site-packages/airflow/example_dags/example_branch_operator.py
[2024-02-25T18:25:26.335+0000] {logging_mixin.py:188} INFO - [2024-02-25T18:25:26.335+0000] {dag.py:3036} INFO - Sync 1 DAGs
[2024-02-25T18:25:26.362+0000] {logging_mixin.py:188} INFO - [2024-02-25T18:25:26.362+0000] {dag.py:3823} INFO - Setting next_dagrun for example_branch_operator to 2024-02-24 00:00:00+00:00, run_after=2024-02-25 00:00:00+00:00
[2024-02-25T18:25:26.388+0000] {processor.py:183} INFO - Processing /home/airflow/.local/lib/python3.8/site-packages/airflow/example_dags/example_branch_operator.py took 0.111 seconds
[2024-02-25T18:25:57.062+0000] {processor.py:161} INFO - Started process (PID=7728) to work on /home/airflow/.local/lib/python3.8/site-packages/airflow/example_dags/example_branch_operator.py
[2024-02-25T18:25:57.064+0000] {processor.py:830} INFO - Processing file /home/airflow/.local/lib/python3.8/site-packages/airflow/example_dags/example_branch_operator.py for tasks to queue
[2024-02-25T18:25:57.065+0000] {logging_mixin.py:188} INFO - [2024-02-25T18:25:57.065+0000] {dagbag.py:538} INFO - Filling up the DagBag from /home/airflow/.local/lib/python3.8/site-packages/airflow/example_dags/example_branch_operator.py
[2024-02-25T18:25:57.085+0000] {processor.py:840} INFO - DAG(s) 'example_branch_operator' retrieved from /home/airflow/.local/lib/python3.8/site-packages/airflow/example_dags/example_branch_operator.py
[2024-02-25T18:25:57.115+0000] {logging_mixin.py:188} INFO - [2024-02-25T18:25:57.115+0000] {dag.py:3036} INFO - Sync 1 DAGs
[2024-02-25T18:25:57.139+0000] {logging_mixin.py:188} INFO - [2024-02-25T18:25:57.138+0000] {dag.py:3823} INFO - Setting next_dagrun for example_branch_operator to 2024-02-24 00:00:00+00:00, run_after=2024-02-25 00:00:00+00:00
[2024-02-25T18:25:57.164+0000] {processor.py:183} INFO - Processing /home/airflow/.local/lib/python3.8/site-packages/airflow/example_dags/example_branch_operator.py took 0.105 seconds
[2024-02-25T18:26:27.814+0000] {processor.py:161} INFO - Started process (PID=7791) to work on /home/airflow/.local/lib/python3.8/site-packages/airflow/example_dags/example_branch_operator.py
[2024-02-25T18:26:27.815+0000] {processor.py:830} INFO - Processing file /home/airflow/.local/lib/python3.8/site-packages/airflow/example_dags/example_branch_operator.py for tasks to queue
[2024-02-25T18:26:27.816+0000] {logging_mixin.py:188} INFO - [2024-02-25T18:26:27.816+0000] {dagbag.py:538} INFO - Filling up the DagBag from /home/airflow/.local/lib/python3.8/site-packages/airflow/example_dags/example_branch_operator.py
[2024-02-25T18:26:27.835+0000] {processor.py:840} INFO - DAG(s) 'example_branch_operator' retrieved from /home/airflow/.local/lib/python3.8/site-packages/airflow/example_dags/example_branch_operator.py
[2024-02-25T18:26:27.864+0000] {logging_mixin.py:188} INFO - [2024-02-25T18:26:27.864+0000] {dag.py:3036} INFO - Sync 1 DAGs
[2024-02-25T18:26:27.885+0000] {logging_mixin.py:188} INFO - [2024-02-25T18:26:27.885+0000] {dag.py:3823} INFO - Setting next_dagrun for example_branch_operator to 2024-02-24 00:00:00+00:00, run_after=2024-02-25 00:00:00+00:00
[2024-02-25T18:26:27.906+0000] {processor.py:183} INFO - Processing /home/airflow/.local/lib/python3.8/site-packages/airflow/example_dags/example_branch_operator.py took 0.096 seconds
[2024-02-25T18:26:58.839+0000] {processor.py:161} INFO - Started process (PID=7855) to work on /home/airflow/.local/lib/python3.8/site-packages/airflow/example_dags/example_branch_operator.py
[2024-02-25T18:26:58.840+0000] {processor.py:830} INFO - Processing file /home/airflow/.local/lib/python3.8/site-packages/airflow/example_dags/example_branch_operator.py for tasks to queue
[2024-02-25T18:26:58.841+0000] {logging_mixin.py:188} INFO - [2024-02-25T18:26:58.841+0000] {dagbag.py:538} INFO - Filling up the DagBag from /home/airflow/.local/lib/python3.8/site-packages/airflow/example_dags/example_branch_operator.py
[2024-02-25T18:26:58.861+0000] {processor.py:840} INFO - DAG(s) 'example_branch_operator' retrieved from /home/airflow/.local/lib/python3.8/site-packages/airflow/example_dags/example_branch_operator.py
[2024-02-25T18:26:58.890+0000] {logging_mixin.py:188} INFO - [2024-02-25T18:26:58.890+0000] {dag.py:3036} INFO - Sync 1 DAGs
[2024-02-25T18:26:58.913+0000] {logging_mixin.py:188} INFO - [2024-02-25T18:26:58.913+0000] {dag.py:3823} INFO - Setting next_dagrun for example_branch_operator to 2024-02-24 00:00:00+00:00, run_after=2024-02-25 00:00:00+00:00
[2024-02-25T18:26:58.935+0000] {processor.py:183} INFO - Processing /home/airflow/.local/lib/python3.8/site-packages/airflow/example_dags/example_branch_operator.py took 0.100 seconds
[2024-02-25T18:27:29.621+0000] {processor.py:161} INFO - Started process (PID=7918) to work on /home/airflow/.local/lib/python3.8/site-packages/airflow/example_dags/example_branch_operator.py
[2024-02-25T18:27:29.623+0000] {processor.py:830} INFO - Processing file /home/airflow/.local/lib/python3.8/site-packages/airflow/example_dags/example_branch_operator.py for tasks to queue
[2024-02-25T18:27:29.624+0000] {logging_mixin.py:188} INFO - [2024-02-25T18:27:29.624+0000] {dagbag.py:538} INFO - Filling up the DagBag from /home/airflow/.local/lib/python3.8/site-packages/airflow/example_dags/example_branch_operator.py
[2024-02-25T18:27:29.645+0000] {processor.py:840} INFO - DAG(s) 'example_branch_operator' retrieved from /home/airflow/.local/lib/python3.8/site-packages/airflow/example_dags/example_branch_operator.py
[2024-02-25T18:27:29.676+0000] {logging_mixin.py:188} INFO - [2024-02-25T18:27:29.676+0000] {dag.py:3036} INFO - Sync 1 DAGs
[2024-02-25T18:27:29.699+0000] {logging_mixin.py:188} INFO - [2024-02-25T18:27:29.699+0000] {dag.py:3823} INFO - Setting next_dagrun for example_branch_operator to 2024-02-24 00:00:00+00:00, run_after=2024-02-25 00:00:00+00:00
[2024-02-25T18:27:29.721+0000] {processor.py:183} INFO - Processing /home/airflow/.local/lib/python3.8/site-packages/airflow/example_dags/example_branch_operator.py took 0.104 seconds
[2024-02-25T18:28:00.738+0000] {processor.py:161} INFO - Started process (PID=7980) to work on /home/airflow/.local/lib/python3.8/site-packages/airflow/example_dags/example_branch_operator.py
[2024-02-25T18:28:00.739+0000] {processor.py:830} INFO - Processing file /home/airflow/.local/lib/python3.8/site-packages/airflow/example_dags/example_branch_operator.py for tasks to queue
[2024-02-25T18:28:00.741+0000] {logging_mixin.py:188} INFO - [2024-02-25T18:28:00.740+0000] {dagbag.py:538} INFO - Filling up the DagBag from /home/airflow/.local/lib/python3.8/site-packages/airflow/example_dags/example_branch_operator.py
[2024-02-25T18:28:00.763+0000] {processor.py:840} INFO - DAG(s) 'example_branch_operator' retrieved from /home/airflow/.local/lib/python3.8/site-packages/airflow/example_dags/example_branch_operator.py
[2024-02-25T18:28:00.794+0000] {logging_mixin.py:188} INFO - [2024-02-25T18:28:00.794+0000] {dag.py:3036} INFO - Sync 1 DAGs
[2024-02-25T18:28:00.818+0000] {logging_mixin.py:188} INFO - [2024-02-25T18:28:00.818+0000] {dag.py:3823} INFO - Setting next_dagrun for example_branch_operator to 2024-02-24 00:00:00+00:00, run_after=2024-02-25 00:00:00+00:00
[2024-02-25T18:28:00.842+0000] {processor.py:183} INFO - Processing /home/airflow/.local/lib/python3.8/site-packages/airflow/example_dags/example_branch_operator.py took 0.108 seconds
[2024-02-25T18:28:31.410+0000] {processor.py:161} INFO - Started process (PID=8042) to work on /home/airflow/.local/lib/python3.8/site-packages/airflow/example_dags/example_branch_operator.py
[2024-02-25T18:28:31.412+0000] {processor.py:830} INFO - Processing file /home/airflow/.local/lib/python3.8/site-packages/airflow/example_dags/example_branch_operator.py for tasks to queue
[2024-02-25T18:28:31.413+0000] {logging_mixin.py:188} INFO - [2024-02-25T18:28:31.412+0000] {dagbag.py:538} INFO - Filling up the DagBag from /home/airflow/.local/lib/python3.8/site-packages/airflow/example_dags/example_branch_operator.py
[2024-02-25T18:28:31.435+0000] {processor.py:840} INFO - DAG(s) 'example_branch_operator' retrieved from /home/airflow/.local/lib/python3.8/site-packages/airflow/example_dags/example_branch_operator.py
[2024-02-25T18:28:31.469+0000] {logging_mixin.py:188} INFO - [2024-02-25T18:28:31.468+0000] {dag.py:3036} INFO - Sync 1 DAGs
[2024-02-25T18:28:31.495+0000] {logging_mixin.py:188} INFO - [2024-02-25T18:28:31.494+0000] {dag.py:3823} INFO - Setting next_dagrun for example_branch_operator to 2024-02-24 00:00:00+00:00, run_after=2024-02-25 00:00:00+00:00
[2024-02-25T18:28:31.524+0000] {processor.py:183} INFO - Processing /home/airflow/.local/lib/python3.8/site-packages/airflow/example_dags/example_branch_operator.py took 0.119 seconds
[2024-02-25T18:29:02.322+0000] {processor.py:161} INFO - Started process (PID=8104) to work on /home/airflow/.local/lib/python3.8/site-packages/airflow/example_dags/example_branch_operator.py
[2024-02-25T18:29:02.323+0000] {processor.py:830} INFO - Processing file /home/airflow/.local/lib/python3.8/site-packages/airflow/example_dags/example_branch_operator.py for tasks to queue
[2024-02-25T18:29:02.325+0000] {logging_mixin.py:188} INFO - [2024-02-25T18:29:02.324+0000] {dagbag.py:538} INFO - Filling up the DagBag from /home/airflow/.local/lib/python3.8/site-packages/airflow/example_dags/example_branch_operator.py
[2024-02-25T18:29:02.346+0000] {processor.py:840} INFO - DAG(s) 'example_branch_operator' retrieved from /home/airflow/.local/lib/python3.8/site-packages/airflow/example_dags/example_branch_operator.py
[2024-02-25T18:29:02.378+0000] {logging_mixin.py:188} INFO - [2024-02-25T18:29:02.377+0000] {dag.py:3036} INFO - Sync 1 DAGs
[2024-02-25T18:29:02.402+0000] {logging_mixin.py:188} INFO - [2024-02-25T18:29:02.402+0000] {dag.py:3823} INFO - Setting next_dagrun for example_branch_operator to 2024-02-24 00:00:00+00:00, run_after=2024-02-25 00:00:00+00:00
[2024-02-25T18:29:02.428+0000] {processor.py:183} INFO - Processing /home/airflow/.local/lib/python3.8/site-packages/airflow/example_dags/example_branch_operator.py took 0.111 seconds
[2024-02-25T18:29:32.764+0000] {processor.py:161} INFO - Started process (PID=8167) to work on /home/airflow/.local/lib/python3.8/site-packages/airflow/example_dags/example_branch_operator.py
[2024-02-25T18:29:32.765+0000] {processor.py:830} INFO - Processing file /home/airflow/.local/lib/python3.8/site-packages/airflow/example_dags/example_branch_operator.py for tasks to queue
[2024-02-25T18:29:32.767+0000] {logging_mixin.py:188} INFO - [2024-02-25T18:29:32.766+0000] {dagbag.py:538} INFO - Filling up the DagBag from /home/airflow/.local/lib/python3.8/site-packages/airflow/example_dags/example_branch_operator.py
[2024-02-25T18:29:32.788+0000] {processor.py:840} INFO - DAG(s) 'example_branch_operator' retrieved from /home/airflow/.local/lib/python3.8/site-packages/airflow/example_dags/example_branch_operator.py
[2024-02-25T18:29:32.820+0000] {logging_mixin.py:188} INFO - [2024-02-25T18:29:32.819+0000] {dag.py:3036} INFO - Sync 1 DAGs
[2024-02-25T18:29:32.843+0000] {logging_mixin.py:188} INFO - [2024-02-25T18:29:32.843+0000] {dag.py:3823} INFO - Setting next_dagrun for example_branch_operator to 2024-02-24 00:00:00+00:00, run_after=2024-02-25 00:00:00+00:00
[2024-02-25T18:29:32.868+0000] {processor.py:183} INFO - Processing /home/airflow/.local/lib/python3.8/site-packages/airflow/example_dags/example_branch_operator.py took 0.109 seconds
[2024-02-25T18:30:03.652+0000] {processor.py:161} INFO - Started process (PID=8230) to work on /home/airflow/.local/lib/python3.8/site-packages/airflow/example_dags/example_branch_operator.py
[2024-02-25T18:30:03.654+0000] {processor.py:830} INFO - Processing file /home/airflow/.local/lib/python3.8/site-packages/airflow/example_dags/example_branch_operator.py for tasks to queue
[2024-02-25T18:30:03.655+0000] {logging_mixin.py:188} INFO - [2024-02-25T18:30:03.655+0000] {dagbag.py:538} INFO - Filling up the DagBag from /home/airflow/.local/lib/python3.8/site-packages/airflow/example_dags/example_branch_operator.py
[2024-02-25T18:30:03.676+0000] {processor.py:840} INFO - DAG(s) 'example_branch_operator' retrieved from /home/airflow/.local/lib/python3.8/site-packages/airflow/example_dags/example_branch_operator.py
[2024-02-25T18:30:03.710+0000] {logging_mixin.py:188} INFO - [2024-02-25T18:30:03.710+0000] {dag.py:3036} INFO - Sync 1 DAGs
[2024-02-25T18:30:03.734+0000] {logging_mixin.py:188} INFO - [2024-02-25T18:30:03.734+0000] {dag.py:3823} INFO - Setting next_dagrun for example_branch_operator to 2024-02-24 00:00:00+00:00, run_after=2024-02-25 00:00:00+00:00
[2024-02-25T18:30:03.758+0000] {processor.py:183} INFO - Processing /home/airflow/.local/lib/python3.8/site-packages/airflow/example_dags/example_branch_operator.py took 0.110 seconds
[2024-02-25T18:30:34.327+0000] {processor.py:161} INFO - Started process (PID=8293) to work on /home/airflow/.local/lib/python3.8/site-packages/airflow/example_dags/example_branch_operator.py
[2024-02-25T18:30:34.329+0000] {processor.py:830} INFO - Processing file /home/airflow/.local/lib/python3.8/site-packages/airflow/example_dags/example_branch_operator.py for tasks to queue
[2024-02-25T18:30:34.330+0000] {logging_mixin.py:188} INFO - [2024-02-25T18:30:34.330+0000] {dagbag.py:538} INFO - Filling up the DagBag from /home/airflow/.local/lib/python3.8/site-packages/airflow/example_dags/example_branch_operator.py
[2024-02-25T18:30:34.353+0000] {processor.py:840} INFO - DAG(s) 'example_branch_operator' retrieved from /home/airflow/.local/lib/python3.8/site-packages/airflow/example_dags/example_branch_operator.py
[2024-02-25T18:30:34.385+0000] {logging_mixin.py:188} INFO - [2024-02-25T18:30:34.385+0000] {dag.py:3036} INFO - Sync 1 DAGs
[2024-02-25T18:30:34.409+0000] {logging_mixin.py:188} INFO - [2024-02-25T18:30:34.409+0000] {dag.py:3823} INFO - Setting next_dagrun for example_branch_operator to 2024-02-24 00:00:00+00:00, run_after=2024-02-25 00:00:00+00:00
[2024-02-25T18:30:34.438+0000] {processor.py:183} INFO - Processing /home/airflow/.local/lib/python3.8/site-packages/airflow/example_dags/example_branch_operator.py took 0.115 seconds
[2024-02-25T18:31:04.574+0000] {processor.py:161} INFO - Started process (PID=8356) to work on /home/airflow/.local/lib/python3.8/site-packages/airflow/example_dags/example_branch_operator.py
[2024-02-25T18:31:04.575+0000] {processor.py:830} INFO - Processing file /home/airflow/.local/lib/python3.8/site-packages/airflow/example_dags/example_branch_operator.py for tasks to queue
[2024-02-25T18:31:04.577+0000] {logging_mixin.py:188} INFO - [2024-02-25T18:31:04.576+0000] {dagbag.py:538} INFO - Filling up the DagBag from /home/airflow/.local/lib/python3.8/site-packages/airflow/example_dags/example_branch_operator.py
[2024-02-25T18:31:04.598+0000] {processor.py:840} INFO - DAG(s) 'example_branch_operator' retrieved from /home/airflow/.local/lib/python3.8/site-packages/airflow/example_dags/example_branch_operator.py
[2024-02-25T18:31:04.630+0000] {logging_mixin.py:188} INFO - [2024-02-25T18:31:04.630+0000] {dag.py:3036} INFO - Sync 1 DAGs
[2024-02-25T18:31:04.654+0000] {logging_mixin.py:188} INFO - [2024-02-25T18:31:04.654+0000] {dag.py:3823} INFO - Setting next_dagrun for example_branch_operator to 2024-02-24 00:00:00+00:00, run_after=2024-02-25 00:00:00+00:00
[2024-02-25T18:31:04.680+0000] {processor.py:183} INFO - Processing /home/airflow/.local/lib/python3.8/site-packages/airflow/example_dags/example_branch_operator.py took 0.111 seconds
[2024-02-25T18:31:35.440+0000] {processor.py:161} INFO - Started process (PID=8420) to work on /home/airflow/.local/lib/python3.8/site-packages/airflow/example_dags/example_branch_operator.py
[2024-02-25T18:31:35.441+0000] {processor.py:830} INFO - Processing file /home/airflow/.local/lib/python3.8/site-packages/airflow/example_dags/example_branch_operator.py for tasks to queue
[2024-02-25T18:31:35.442+0000] {logging_mixin.py:188} INFO - [2024-02-25T18:31:35.442+0000] {dagbag.py:538} INFO - Filling up the DagBag from /home/airflow/.local/lib/python3.8/site-packages/airflow/example_dags/example_branch_operator.py
[2024-02-25T18:31:35.464+0000] {processor.py:840} INFO - DAG(s) 'example_branch_operator' retrieved from /home/airflow/.local/lib/python3.8/site-packages/airflow/example_dags/example_branch_operator.py
[2024-02-25T18:31:35.496+0000] {logging_mixin.py:188} INFO - [2024-02-25T18:31:35.496+0000] {dag.py:3036} INFO - Sync 1 DAGs
[2024-02-25T18:31:35.519+0000] {logging_mixin.py:188} INFO - [2024-02-25T18:31:35.519+0000] {dag.py:3823} INFO - Setting next_dagrun for example_branch_operator to 2024-02-24 00:00:00+00:00, run_after=2024-02-25 00:00:00+00:00
[2024-02-25T18:31:35.551+0000] {processor.py:183} INFO - Processing /home/airflow/.local/lib/python3.8/site-packages/airflow/example_dags/example_branch_operator.py took 0.115 seconds
[2024-02-25T18:32:05.928+0000] {processor.py:161} INFO - Started process (PID=8483) to work on /home/airflow/.local/lib/python3.8/site-packages/airflow/example_dags/example_branch_operator.py
[2024-02-25T18:32:05.929+0000] {processor.py:830} INFO - Processing file /home/airflow/.local/lib/python3.8/site-packages/airflow/example_dags/example_branch_operator.py for tasks to queue
[2024-02-25T18:32:05.930+0000] {logging_mixin.py:188} INFO - [2024-02-25T18:32:05.930+0000] {dagbag.py:538} INFO - Filling up the DagBag from /home/airflow/.local/lib/python3.8/site-packages/airflow/example_dags/example_branch_operator.py
[2024-02-25T18:32:05.952+0000] {processor.py:840} INFO - DAG(s) 'example_branch_operator' retrieved from /home/airflow/.local/lib/python3.8/site-packages/airflow/example_dags/example_branch_operator.py
[2024-02-25T18:32:05.984+0000] {logging_mixin.py:188} INFO - [2024-02-25T18:32:05.984+0000] {dag.py:3036} INFO - Sync 1 DAGs
[2024-02-25T18:32:06.006+0000] {logging_mixin.py:188} INFO - [2024-02-25T18:32:06.006+0000] {dag.py:3823} INFO - Setting next_dagrun for example_branch_operator to 2024-02-24 00:00:00+00:00, run_after=2024-02-25 00:00:00+00:00
[2024-02-25T18:32:06.033+0000] {processor.py:183} INFO - Processing /home/airflow/.local/lib/python3.8/site-packages/airflow/example_dags/example_branch_operator.py took 0.109 seconds
[2024-02-25T18:32:36.099+0000] {processor.py:161} INFO - Started process (PID=8546) to work on /home/airflow/.local/lib/python3.8/site-packages/airflow/example_dags/example_branch_operator.py
[2024-02-25T18:32:36.101+0000] {processor.py:830} INFO - Processing file /home/airflow/.local/lib/python3.8/site-packages/airflow/example_dags/example_branch_operator.py for tasks to queue
[2024-02-25T18:32:36.103+0000] {logging_mixin.py:188} INFO - [2024-02-25T18:32:36.102+0000] {dagbag.py:538} INFO - Filling up the DagBag from /home/airflow/.local/lib/python3.8/site-packages/airflow/example_dags/example_branch_operator.py
[2024-02-25T18:32:36.132+0000] {processor.py:840} INFO - DAG(s) 'example_branch_operator' retrieved from /home/airflow/.local/lib/python3.8/site-packages/airflow/example_dags/example_branch_operator.py
[2024-02-25T18:32:36.165+0000] {logging_mixin.py:188} INFO - [2024-02-25T18:32:36.165+0000] {dag.py:3036} INFO - Sync 1 DAGs
[2024-02-25T18:32:36.188+0000] {logging_mixin.py:188} INFO - [2024-02-25T18:32:36.187+0000] {dag.py:3823} INFO - Setting next_dagrun for example_branch_operator to 2024-02-24 00:00:00+00:00, run_after=2024-02-25 00:00:00+00:00
[2024-02-25T18:32:36.211+0000] {processor.py:183} INFO - Processing /home/airflow/.local/lib/python3.8/site-packages/airflow/example_dags/example_branch_operator.py took 0.119 seconds
[2024-02-25T18:33:06.826+0000] {processor.py:161} INFO - Started process (PID=8609) to work on /home/airflow/.local/lib/python3.8/site-packages/airflow/example_dags/example_branch_operator.py
[2024-02-25T18:33:06.827+0000] {processor.py:830} INFO - Processing file /home/airflow/.local/lib/python3.8/site-packages/airflow/example_dags/example_branch_operator.py for tasks to queue
[2024-02-25T18:33:06.829+0000] {logging_mixin.py:188} INFO - [2024-02-25T18:33:06.828+0000] {dagbag.py:538} INFO - Filling up the DagBag from /home/airflow/.local/lib/python3.8/site-packages/airflow/example_dags/example_branch_operator.py
[2024-02-25T18:33:06.853+0000] {processor.py:840} INFO - DAG(s) 'example_branch_operator' retrieved from /home/airflow/.local/lib/python3.8/site-packages/airflow/example_dags/example_branch_operator.py
[2024-02-25T18:33:06.888+0000] {logging_mixin.py:188} INFO - [2024-02-25T18:33:06.887+0000] {dag.py:3036} INFO - Sync 1 DAGs
[2024-02-25T18:33:06.911+0000] {logging_mixin.py:188} INFO - [2024-02-25T18:33:06.911+0000] {dag.py:3823} INFO - Setting next_dagrun for example_branch_operator to 2024-02-24 00:00:00+00:00, run_after=2024-02-25 00:00:00+00:00
[2024-02-25T18:33:06.934+0000] {processor.py:183} INFO - Processing /home/airflow/.local/lib/python3.8/site-packages/airflow/example_dags/example_branch_operator.py took 0.112 seconds
[2024-02-25T18:33:37.044+0000] {processor.py:161} INFO - Started process (PID=8672) to work on /home/airflow/.local/lib/python3.8/site-packages/airflow/example_dags/example_branch_operator.py
[2024-02-25T18:33:37.045+0000] {processor.py:830} INFO - Processing file /home/airflow/.local/lib/python3.8/site-packages/airflow/example_dags/example_branch_operator.py for tasks to queue
[2024-02-25T18:33:37.046+0000] {logging_mixin.py:188} INFO - [2024-02-25T18:33:37.046+0000] {dagbag.py:538} INFO - Filling up the DagBag from /home/airflow/.local/lib/python3.8/site-packages/airflow/example_dags/example_branch_operator.py
[2024-02-25T18:33:37.068+0000] {processor.py:840} INFO - DAG(s) 'example_branch_operator' retrieved from /home/airflow/.local/lib/python3.8/site-packages/airflow/example_dags/example_branch_operator.py
[2024-02-25T18:33:37.099+0000] {logging_mixin.py:188} INFO - [2024-02-25T18:33:37.099+0000] {dag.py:3036} INFO - Sync 1 DAGs
[2024-02-25T18:33:37.122+0000] {logging_mixin.py:188} INFO - [2024-02-25T18:33:37.122+0000] {dag.py:3823} INFO - Setting next_dagrun for example_branch_operator to 2024-02-24 00:00:00+00:00, run_after=2024-02-25 00:00:00+00:00
[2024-02-25T18:33:37.145+0000] {processor.py:183} INFO - Processing /home/airflow/.local/lib/python3.8/site-packages/airflow/example_dags/example_branch_operator.py took 0.106 seconds
[2024-02-25T18:34:08.055+0000] {processor.py:161} INFO - Started process (PID=8735) to work on /home/airflow/.local/lib/python3.8/site-packages/airflow/example_dags/example_branch_operator.py
[2024-02-25T18:34:08.057+0000] {processor.py:830} INFO - Processing file /home/airflow/.local/lib/python3.8/site-packages/airflow/example_dags/example_branch_operator.py for tasks to queue
[2024-02-25T18:34:08.058+0000] {logging_mixin.py:188} INFO - [2024-02-25T18:34:08.058+0000] {dagbag.py:538} INFO - Filling up the DagBag from /home/airflow/.local/lib/python3.8/site-packages/airflow/example_dags/example_branch_operator.py
[2024-02-25T18:34:08.079+0000] {processor.py:840} INFO - DAG(s) 'example_branch_operator' retrieved from /home/airflow/.local/lib/python3.8/site-packages/airflow/example_dags/example_branch_operator.py
[2024-02-25T18:34:08.109+0000] {logging_mixin.py:188} INFO - [2024-02-25T18:34:08.109+0000] {dag.py:3036} INFO - Sync 1 DAGs
[2024-02-25T18:34:08.133+0000] {logging_mixin.py:188} INFO - [2024-02-25T18:34:08.133+0000] {dag.py:3823} INFO - Setting next_dagrun for example_branch_operator to 2024-02-24 00:00:00+00:00, run_after=2024-02-25 00:00:00+00:00
[2024-02-25T18:34:08.160+0000] {processor.py:183} INFO - Processing /home/airflow/.local/lib/python3.8/site-packages/airflow/example_dags/example_branch_operator.py took 0.110 seconds
[2024-02-25T18:34:38.297+0000] {processor.py:161} INFO - Started process (PID=8798) to work on /home/airflow/.local/lib/python3.8/site-packages/airflow/example_dags/example_branch_operator.py
[2024-02-25T18:34:38.299+0000] {processor.py:830} INFO - Processing file /home/airflow/.local/lib/python3.8/site-packages/airflow/example_dags/example_branch_operator.py for tasks to queue
[2024-02-25T18:34:38.300+0000] {logging_mixin.py:188} INFO - [2024-02-25T18:34:38.299+0000] {dagbag.py:538} INFO - Filling up the DagBag from /home/airflow/.local/lib/python3.8/site-packages/airflow/example_dags/example_branch_operator.py
[2024-02-25T18:34:38.320+0000] {processor.py:840} INFO - DAG(s) 'example_branch_operator' retrieved from /home/airflow/.local/lib/python3.8/site-packages/airflow/example_dags/example_branch_operator.py
[2024-02-25T18:34:38.351+0000] {logging_mixin.py:188} INFO - [2024-02-25T18:34:38.351+0000] {dag.py:3036} INFO - Sync 1 DAGs
[2024-02-25T18:34:38.375+0000] {logging_mixin.py:188} INFO - [2024-02-25T18:34:38.374+0000] {dag.py:3823} INFO - Setting next_dagrun for example_branch_operator to 2024-02-24 00:00:00+00:00, run_after=2024-02-25 00:00:00+00:00
[2024-02-25T18:34:38.400+0000] {processor.py:183} INFO - Processing /home/airflow/.local/lib/python3.8/site-packages/airflow/example_dags/example_branch_operator.py took 0.106 seconds
[2024-02-25T18:35:08.853+0000] {processor.py:161} INFO - Started process (PID=8861) to work on /home/airflow/.local/lib/python3.8/site-packages/airflow/example_dags/example_branch_operator.py
[2024-02-25T18:35:08.854+0000] {processor.py:830} INFO - Processing file /home/airflow/.local/lib/python3.8/site-packages/airflow/example_dags/example_branch_operator.py for tasks to queue
[2024-02-25T18:35:08.855+0000] {logging_mixin.py:188} INFO - [2024-02-25T18:35:08.855+0000] {dagbag.py:538} INFO - Filling up the DagBag from /home/airflow/.local/lib/python3.8/site-packages/airflow/example_dags/example_branch_operator.py
[2024-02-25T18:35:08.875+0000] {processor.py:840} INFO - DAG(s) 'example_branch_operator' retrieved from /home/airflow/.local/lib/python3.8/site-packages/airflow/example_dags/example_branch_operator.py
[2024-02-25T18:35:08.906+0000] {logging_mixin.py:188} INFO - [2024-02-25T18:35:08.905+0000] {dag.py:3036} INFO - Sync 1 DAGs
[2024-02-25T18:35:08.929+0000] {logging_mixin.py:188} INFO - [2024-02-25T18:35:08.929+0000] {dag.py:3823} INFO - Setting next_dagrun for example_branch_operator to 2024-02-24 00:00:00+00:00, run_after=2024-02-25 00:00:00+00:00
[2024-02-25T18:35:08.956+0000] {processor.py:183} INFO - Processing /home/airflow/.local/lib/python3.8/site-packages/airflow/example_dags/example_branch_operator.py took 0.107 seconds
[2024-02-25T18:35:39.284+0000] {processor.py:161} INFO - Started process (PID=8925) to work on /home/airflow/.local/lib/python3.8/site-packages/airflow/example_dags/example_branch_operator.py
[2024-02-25T18:35:39.285+0000] {processor.py:830} INFO - Processing file /home/airflow/.local/lib/python3.8/site-packages/airflow/example_dags/example_branch_operator.py for tasks to queue
[2024-02-25T18:35:39.287+0000] {logging_mixin.py:188} INFO - [2024-02-25T18:35:39.286+0000] {dagbag.py:538} INFO - Filling up the DagBag from /home/airflow/.local/lib/python3.8/site-packages/airflow/example_dags/example_branch_operator.py
[2024-02-25T18:35:39.307+0000] {processor.py:840} INFO - DAG(s) 'example_branch_operator' retrieved from /home/airflow/.local/lib/python3.8/site-packages/airflow/example_dags/example_branch_operator.py
[2024-02-25T18:35:39.339+0000] {logging_mixin.py:188} INFO - [2024-02-25T18:35:39.339+0000] {dag.py:3036} INFO - Sync 1 DAGs
[2024-02-25T18:35:39.365+0000] {logging_mixin.py:188} INFO - [2024-02-25T18:35:39.364+0000] {dag.py:3823} INFO - Setting next_dagrun for example_branch_operator to 2024-02-24 00:00:00+00:00, run_after=2024-02-25 00:00:00+00:00
[2024-02-25T18:35:39.392+0000] {processor.py:183} INFO - Processing /home/airflow/.local/lib/python3.8/site-packages/airflow/example_dags/example_branch_operator.py took 0.112 seconds
[2024-02-25T18:36:09.451+0000] {processor.py:161} INFO - Started process (PID=8989) to work on /home/airflow/.local/lib/python3.8/site-packages/airflow/example_dags/example_branch_operator.py
[2024-02-25T18:36:09.452+0000] {processor.py:830} INFO - Processing file /home/airflow/.local/lib/python3.8/site-packages/airflow/example_dags/example_branch_operator.py for tasks to queue
[2024-02-25T18:36:09.453+0000] {logging_mixin.py:188} INFO - [2024-02-25T18:36:09.453+0000] {dagbag.py:538} INFO - Filling up the DagBag from /home/airflow/.local/lib/python3.8/site-packages/airflow/example_dags/example_branch_operator.py
[2024-02-25T18:36:09.474+0000] {processor.py:840} INFO - DAG(s) 'example_branch_operator' retrieved from /home/airflow/.local/lib/python3.8/site-packages/airflow/example_dags/example_branch_operator.py
[2024-02-25T18:36:09.505+0000] {logging_mixin.py:188} INFO - [2024-02-25T18:36:09.505+0000] {dag.py:3036} INFO - Sync 1 DAGs
[2024-02-25T18:36:09.535+0000] {logging_mixin.py:188} INFO - [2024-02-25T18:36:09.534+0000] {dag.py:3823} INFO - Setting next_dagrun for example_branch_operator to 2024-02-24 00:00:00+00:00, run_after=2024-02-25 00:00:00+00:00
[2024-02-25T18:36:09.559+0000] {processor.py:183} INFO - Processing /home/airflow/.local/lib/python3.8/site-packages/airflow/example_dags/example_branch_operator.py took 0.112 seconds
[2024-02-25T18:36:39.651+0000] {processor.py:161} INFO - Started process (PID=9052) to work on /home/airflow/.local/lib/python3.8/site-packages/airflow/example_dags/example_branch_operator.py
[2024-02-25T18:36:39.652+0000] {processor.py:830} INFO - Processing file /home/airflow/.local/lib/python3.8/site-packages/airflow/example_dags/example_branch_operator.py for tasks to queue
[2024-02-25T18:36:39.653+0000] {logging_mixin.py:188} INFO - [2024-02-25T18:36:39.653+0000] {dagbag.py:538} INFO - Filling up the DagBag from /home/airflow/.local/lib/python3.8/site-packages/airflow/example_dags/example_branch_operator.py
[2024-02-25T18:36:39.678+0000] {processor.py:840} INFO - DAG(s) 'example_branch_operator' retrieved from /home/airflow/.local/lib/python3.8/site-packages/airflow/example_dags/example_branch_operator.py
[2024-02-25T18:36:39.711+0000] {logging_mixin.py:188} INFO - [2024-02-25T18:36:39.711+0000] {dag.py:3036} INFO - Sync 1 DAGs
[2024-02-25T18:36:39.735+0000] {logging_mixin.py:188} INFO - [2024-02-25T18:36:39.735+0000] {dag.py:3823} INFO - Setting next_dagrun for example_branch_operator to 2024-02-24 00:00:00+00:00, run_after=2024-02-25 00:00:00+00:00
[2024-02-25T18:36:39.760+0000] {processor.py:183} INFO - Processing /home/airflow/.local/lib/python3.8/site-packages/airflow/example_dags/example_branch_operator.py took 0.113 seconds
[2024-02-25T18:37:10.218+0000] {processor.py:161} INFO - Started process (PID=9115) to work on /home/airflow/.local/lib/python3.8/site-packages/airflow/example_dags/example_branch_operator.py
[2024-02-25T18:37:10.219+0000] {processor.py:830} INFO - Processing file /home/airflow/.local/lib/python3.8/site-packages/airflow/example_dags/example_branch_operator.py for tasks to queue
[2024-02-25T18:37:10.220+0000] {logging_mixin.py:188} INFO - [2024-02-25T18:37:10.220+0000] {dagbag.py:538} INFO - Filling up the DagBag from /home/airflow/.local/lib/python3.8/site-packages/airflow/example_dags/example_branch_operator.py
[2024-02-25T18:37:10.242+0000] {processor.py:840} INFO - DAG(s) 'example_branch_operator' retrieved from /home/airflow/.local/lib/python3.8/site-packages/airflow/example_dags/example_branch_operator.py
[2024-02-25T18:37:10.275+0000] {logging_mixin.py:188} INFO - [2024-02-25T18:37:10.275+0000] {dag.py:3036} INFO - Sync 1 DAGs
[2024-02-25T18:37:10.298+0000] {logging_mixin.py:188} INFO - [2024-02-25T18:37:10.297+0000] {dag.py:3823} INFO - Setting next_dagrun for example_branch_operator to 2024-02-24 00:00:00+00:00, run_after=2024-02-25 00:00:00+00:00
[2024-02-25T18:37:10.319+0000] {processor.py:183} INFO - Processing /home/airflow/.local/lib/python3.8/site-packages/airflow/example_dags/example_branch_operator.py took 0.106 seconds
[2024-02-25T18:37:41.272+0000] {processor.py:161} INFO - Started process (PID=9178) to work on /home/airflow/.local/lib/python3.8/site-packages/airflow/example_dags/example_branch_operator.py
[2024-02-25T18:37:41.273+0000] {processor.py:830} INFO - Processing file /home/airflow/.local/lib/python3.8/site-packages/airflow/example_dags/example_branch_operator.py for tasks to queue
[2024-02-25T18:37:41.274+0000] {logging_mixin.py:188} INFO - [2024-02-25T18:37:41.274+0000] {dagbag.py:538} INFO - Filling up the DagBag from /home/airflow/.local/lib/python3.8/site-packages/airflow/example_dags/example_branch_operator.py
[2024-02-25T18:37:41.295+0000] {processor.py:840} INFO - DAG(s) 'example_branch_operator' retrieved from /home/airflow/.local/lib/python3.8/site-packages/airflow/example_dags/example_branch_operator.py
[2024-02-25T18:37:41.327+0000] {logging_mixin.py:188} INFO - [2024-02-25T18:37:41.326+0000] {dag.py:3036} INFO - Sync 1 DAGs
[2024-02-25T18:37:41.349+0000] {logging_mixin.py:188} INFO - [2024-02-25T18:37:41.349+0000] {dag.py:3823} INFO - Setting next_dagrun for example_branch_operator to 2024-02-24 00:00:00+00:00, run_after=2024-02-25 00:00:00+00:00
[2024-02-25T18:37:41.371+0000] {processor.py:183} INFO - Processing /home/airflow/.local/lib/python3.8/site-packages/airflow/example_dags/example_branch_operator.py took 0.103 seconds
[2024-02-25T18:38:11.924+0000] {processor.py:161} INFO - Started process (PID=9242) to work on /home/airflow/.local/lib/python3.8/site-packages/airflow/example_dags/example_branch_operator.py
[2024-02-25T18:38:11.926+0000] {processor.py:830} INFO - Processing file /home/airflow/.local/lib/python3.8/site-packages/airflow/example_dags/example_branch_operator.py for tasks to queue
[2024-02-25T18:38:11.927+0000] {logging_mixin.py:188} INFO - [2024-02-25T18:38:11.927+0000] {dagbag.py:538} INFO - Filling up the DagBag from /home/airflow/.local/lib/python3.8/site-packages/airflow/example_dags/example_branch_operator.py
[2024-02-25T18:38:11.948+0000] {processor.py:840} INFO - DAG(s) 'example_branch_operator' retrieved from /home/airflow/.local/lib/python3.8/site-packages/airflow/example_dags/example_branch_operator.py
[2024-02-25T18:38:11.979+0000] {logging_mixin.py:188} INFO - [2024-02-25T18:38:11.979+0000] {dag.py:3036} INFO - Sync 1 DAGs
[2024-02-25T18:38:12.007+0000] {logging_mixin.py:188} INFO - [2024-02-25T18:38:12.007+0000] {dag.py:3823} INFO - Setting next_dagrun for example_branch_operator to 2024-02-24 00:00:00+00:00, run_after=2024-02-25 00:00:00+00:00
[2024-02-25T18:38:12.042+0000] {processor.py:183} INFO - Processing /home/airflow/.local/lib/python3.8/site-packages/airflow/example_dags/example_branch_operator.py took 0.121 seconds
[2024-02-25T18:38:42.807+0000] {processor.py:161} INFO - Started process (PID=9305) to work on /home/airflow/.local/lib/python3.8/site-packages/airflow/example_dags/example_branch_operator.py
[2024-02-25T18:38:42.808+0000] {processor.py:830} INFO - Processing file /home/airflow/.local/lib/python3.8/site-packages/airflow/example_dags/example_branch_operator.py for tasks to queue
[2024-02-25T18:38:42.809+0000] {logging_mixin.py:188} INFO - [2024-02-25T18:38:42.809+0000] {dagbag.py:538} INFO - Filling up the DagBag from /home/airflow/.local/lib/python3.8/site-packages/airflow/example_dags/example_branch_operator.py
[2024-02-25T18:38:42.831+0000] {processor.py:840} INFO - DAG(s) 'example_branch_operator' retrieved from /home/airflow/.local/lib/python3.8/site-packages/airflow/example_dags/example_branch_operator.py
[2024-02-25T18:38:42.862+0000] {logging_mixin.py:188} INFO - [2024-02-25T18:38:42.862+0000] {dag.py:3036} INFO - Sync 1 DAGs
[2024-02-25T18:38:42.889+0000] {logging_mixin.py:188} INFO - [2024-02-25T18:38:42.889+0000] {dag.py:3823} INFO - Setting next_dagrun for example_branch_operator to 2024-02-24 00:00:00+00:00, run_after=2024-02-25 00:00:00+00:00
[2024-02-25T18:38:42.915+0000] {processor.py:183} INFO - Processing /home/airflow/.local/lib/python3.8/site-packages/airflow/example_dags/example_branch_operator.py took 0.112 seconds
[2024-02-25T18:39:13.776+0000] {processor.py:161} INFO - Started process (PID=9368) to work on /home/airflow/.local/lib/python3.8/site-packages/airflow/example_dags/example_branch_operator.py
[2024-02-25T18:39:13.778+0000] {processor.py:830} INFO - Processing file /home/airflow/.local/lib/python3.8/site-packages/airflow/example_dags/example_branch_operator.py for tasks to queue
[2024-02-25T18:39:13.779+0000] {logging_mixin.py:188} INFO - [2024-02-25T18:39:13.779+0000] {dagbag.py:538} INFO - Filling up the DagBag from /home/airflow/.local/lib/python3.8/site-packages/airflow/example_dags/example_branch_operator.py
[2024-02-25T18:39:13.812+0000] {processor.py:840} INFO - DAG(s) 'example_branch_operator' retrieved from /home/airflow/.local/lib/python3.8/site-packages/airflow/example_dags/example_branch_operator.py
[2024-02-25T18:39:13.856+0000] {logging_mixin.py:188} INFO - [2024-02-25T18:39:13.856+0000] {dag.py:3036} INFO - Sync 1 DAGs
[2024-02-25T18:39:13.880+0000] {logging_mixin.py:188} INFO - [2024-02-25T18:39:13.880+0000] {dag.py:3823} INFO - Setting next_dagrun for example_branch_operator to 2024-02-24 00:00:00+00:00, run_after=2024-02-25 00:00:00+00:00
[2024-02-25T18:39:13.903+0000] {processor.py:183} INFO - Processing /home/airflow/.local/lib/python3.8/site-packages/airflow/example_dags/example_branch_operator.py took 0.131 seconds
[2024-02-25T18:39:44.401+0000] {processor.py:161} INFO - Started process (PID=9430) to work on /home/airflow/.local/lib/python3.8/site-packages/airflow/example_dags/example_branch_operator.py
[2024-02-25T18:39:44.402+0000] {processor.py:830} INFO - Processing file /home/airflow/.local/lib/python3.8/site-packages/airflow/example_dags/example_branch_operator.py for tasks to queue
[2024-02-25T18:39:44.403+0000] {logging_mixin.py:188} INFO - [2024-02-25T18:39:44.403+0000] {dagbag.py:538} INFO - Filling up the DagBag from /home/airflow/.local/lib/python3.8/site-packages/airflow/example_dags/example_branch_operator.py
[2024-02-25T18:39:44.424+0000] {processor.py:840} INFO - DAG(s) 'example_branch_operator' retrieved from /home/airflow/.local/lib/python3.8/site-packages/airflow/example_dags/example_branch_operator.py
[2024-02-25T18:39:44.455+0000] {logging_mixin.py:188} INFO - [2024-02-25T18:39:44.454+0000] {dag.py:3036} INFO - Sync 1 DAGs
[2024-02-25T18:39:44.480+0000] {logging_mixin.py:188} INFO - [2024-02-25T18:39:44.479+0000] {dag.py:3823} INFO - Setting next_dagrun for example_branch_operator to 2024-02-24 00:00:00+00:00, run_after=2024-02-25 00:00:00+00:00
[2024-02-25T18:39:44.502+0000] {processor.py:183} INFO - Processing /home/airflow/.local/lib/python3.8/site-packages/airflow/example_dags/example_branch_operator.py took 0.105 seconds
[2024-02-25T18:40:15.180+0000] {processor.py:161} INFO - Started process (PID=9493) to work on /home/airflow/.local/lib/python3.8/site-packages/airflow/example_dags/example_branch_operator.py
[2024-02-25T18:40:15.181+0000] {processor.py:830} INFO - Processing file /home/airflow/.local/lib/python3.8/site-packages/airflow/example_dags/example_branch_operator.py for tasks to queue
[2024-02-25T18:40:15.182+0000] {logging_mixin.py:188} INFO - [2024-02-25T18:40:15.182+0000] {dagbag.py:538} INFO - Filling up the DagBag from /home/airflow/.local/lib/python3.8/site-packages/airflow/example_dags/example_branch_operator.py
[2024-02-25T18:40:15.203+0000] {processor.py:840} INFO - DAG(s) 'example_branch_operator' retrieved from /home/airflow/.local/lib/python3.8/site-packages/airflow/example_dags/example_branch_operator.py
[2024-02-25T18:40:15.236+0000] {logging_mixin.py:188} INFO - [2024-02-25T18:40:15.235+0000] {dag.py:3036} INFO - Sync 1 DAGs
[2024-02-25T18:40:15.259+0000] {logging_mixin.py:188} INFO - [2024-02-25T18:40:15.259+0000] {dag.py:3823} INFO - Setting next_dagrun for example_branch_operator to 2024-02-24 00:00:00+00:00, run_after=2024-02-25 00:00:00+00:00
[2024-02-25T18:40:15.286+0000] {processor.py:183} INFO - Processing /home/airflow/.local/lib/python3.8/site-packages/airflow/example_dags/example_branch_operator.py took 0.110 seconds
[2024-02-25T20:59:47.468+0000] {processor.py:161} INFO - Started process (PID=9560) to work on /home/airflow/.local/lib/python3.8/site-packages/airflow/example_dags/example_branch_operator.py
[2024-02-25T20:59:47.469+0000] {processor.py:830} INFO - Processing file /home/airflow/.local/lib/python3.8/site-packages/airflow/example_dags/example_branch_operator.py for tasks to queue
[2024-02-25T20:59:47.471+0000] {logging_mixin.py:188} INFO - [2024-02-25T20:59:47.470+0000] {dagbag.py:538} INFO - Filling up the DagBag from /home/airflow/.local/lib/python3.8/site-packages/airflow/example_dags/example_branch_operator.py
[2024-02-25T20:59:47.497+0000] {processor.py:840} INFO - DAG(s) 'example_branch_operator' retrieved from /home/airflow/.local/lib/python3.8/site-packages/airflow/example_dags/example_branch_operator.py
[2024-02-25T20:59:47.529+0000] {logging_mixin.py:188} INFO - [2024-02-25T20:59:47.529+0000] {dag.py:3036} INFO - Sync 1 DAGs
[2024-02-25T20:59:47.758+0000] {logging_mixin.py:188} INFO - [2024-02-25T20:59:47.757+0000] {dag.py:3823} INFO - Setting next_dagrun for example_branch_operator to 2024-02-24 00:00:00+00:00, run_after=2024-02-25 00:00:00+00:00
[2024-02-25T20:59:47.786+0000] {processor.py:183} INFO - Processing /home/airflow/.local/lib/python3.8/site-packages/airflow/example_dags/example_branch_operator.py took 0.322 seconds
[2024-02-25T21:00:17.867+0000] {processor.py:161} INFO - Started process (PID=9631) to work on /home/airflow/.local/lib/python3.8/site-packages/airflow/example_dags/example_branch_operator.py
[2024-02-25T21:00:17.869+0000] {processor.py:830} INFO - Processing file /home/airflow/.local/lib/python3.8/site-packages/airflow/example_dags/example_branch_operator.py for tasks to queue
[2024-02-25T21:00:17.870+0000] {logging_mixin.py:188} INFO - [2024-02-25T21:00:17.870+0000] {dagbag.py:538} INFO - Filling up the DagBag from /home/airflow/.local/lib/python3.8/site-packages/airflow/example_dags/example_branch_operator.py
[2024-02-25T21:00:17.894+0000] {processor.py:840} INFO - DAG(s) 'example_branch_operator' retrieved from /home/airflow/.local/lib/python3.8/site-packages/airflow/example_dags/example_branch_operator.py
[2024-02-25T21:00:17.928+0000] {logging_mixin.py:188} INFO - [2024-02-25T21:00:17.928+0000] {dag.py:3036} INFO - Sync 1 DAGs
[2024-02-25T21:00:17.954+0000] {logging_mixin.py:188} INFO - [2024-02-25T21:00:17.954+0000] {dag.py:3823} INFO - Setting next_dagrun for example_branch_operator to 2024-02-24 00:00:00+00:00, run_after=2024-02-25 00:00:00+00:00
[2024-02-25T21:00:17.984+0000] {processor.py:183} INFO - Processing /home/airflow/.local/lib/python3.8/site-packages/airflow/example_dags/example_branch_operator.py took 0.121 seconds
[2024-02-25T21:00:48.357+0000] {processor.py:161} INFO - Started process (PID=9694) to work on /home/airflow/.local/lib/python3.8/site-packages/airflow/example_dags/example_branch_operator.py
[2024-02-25T21:00:48.358+0000] {processor.py:830} INFO - Processing file /home/airflow/.local/lib/python3.8/site-packages/airflow/example_dags/example_branch_operator.py for tasks to queue
[2024-02-25T21:00:48.359+0000] {logging_mixin.py:188} INFO - [2024-02-25T21:00:48.359+0000] {dagbag.py:538} INFO - Filling up the DagBag from /home/airflow/.local/lib/python3.8/site-packages/airflow/example_dags/example_branch_operator.py
[2024-02-25T21:00:48.379+0000] {processor.py:840} INFO - DAG(s) 'example_branch_operator' retrieved from /home/airflow/.local/lib/python3.8/site-packages/airflow/example_dags/example_branch_operator.py
[2024-02-25T21:00:48.409+0000] {logging_mixin.py:188} INFO - [2024-02-25T21:00:48.409+0000] {dag.py:3036} INFO - Sync 1 DAGs
[2024-02-25T21:00:48.434+0000] {logging_mixin.py:188} INFO - [2024-02-25T21:00:48.434+0000] {dag.py:3823} INFO - Setting next_dagrun for example_branch_operator to 2024-02-24 00:00:00+00:00, run_after=2024-02-25 00:00:00+00:00
[2024-02-25T21:00:48.457+0000] {processor.py:183} INFO - Processing /home/airflow/.local/lib/python3.8/site-packages/airflow/example_dags/example_branch_operator.py took 0.104 seconds
[2024-02-25T21:01:19.087+0000] {processor.py:161} INFO - Started process (PID=9757) to work on /home/airflow/.local/lib/python3.8/site-packages/airflow/example_dags/example_branch_operator.py
[2024-02-25T21:01:19.088+0000] {processor.py:830} INFO - Processing file /home/airflow/.local/lib/python3.8/site-packages/airflow/example_dags/example_branch_operator.py for tasks to queue
[2024-02-25T21:01:19.090+0000] {logging_mixin.py:188} INFO - [2024-02-25T21:01:19.089+0000] {dagbag.py:538} INFO - Filling up the DagBag from /home/airflow/.local/lib/python3.8/site-packages/airflow/example_dags/example_branch_operator.py
[2024-02-25T21:01:19.110+0000] {processor.py:840} INFO - DAG(s) 'example_branch_operator' retrieved from /home/airflow/.local/lib/python3.8/site-packages/airflow/example_dags/example_branch_operator.py
[2024-02-25T21:01:19.141+0000] {logging_mixin.py:188} INFO - [2024-02-25T21:01:19.140+0000] {dag.py:3036} INFO - Sync 1 DAGs
[2024-02-25T21:01:19.172+0000] {logging_mixin.py:188} INFO - [2024-02-25T21:01:19.171+0000] {dag.py:3823} INFO - Setting next_dagrun for example_branch_operator to 2024-02-24 00:00:00+00:00, run_after=2024-02-25 00:00:00+00:00
[2024-02-25T21:01:19.198+0000] {processor.py:183} INFO - Processing /home/airflow/.local/lib/python3.8/site-packages/airflow/example_dags/example_branch_operator.py took 0.115 seconds
[2024-02-25T21:01:49.562+0000] {processor.py:161} INFO - Started process (PID=9820) to work on /home/airflow/.local/lib/python3.8/site-packages/airflow/example_dags/example_branch_operator.py
[2024-02-25T21:01:49.563+0000] {processor.py:830} INFO - Processing file /home/airflow/.local/lib/python3.8/site-packages/airflow/example_dags/example_branch_operator.py for tasks to queue
[2024-02-25T21:01:49.564+0000] {logging_mixin.py:188} INFO - [2024-02-25T21:01:49.564+0000] {dagbag.py:538} INFO - Filling up the DagBag from /home/airflow/.local/lib/python3.8/site-packages/airflow/example_dags/example_branch_operator.py
[2024-02-25T21:01:49.585+0000] {processor.py:840} INFO - DAG(s) 'example_branch_operator' retrieved from /home/airflow/.local/lib/python3.8/site-packages/airflow/example_dags/example_branch_operator.py
[2024-02-25T21:01:49.615+0000] {logging_mixin.py:188} INFO - [2024-02-25T21:01:49.615+0000] {dag.py:3036} INFO - Sync 1 DAGs
[2024-02-25T21:01:49.638+0000] {logging_mixin.py:188} INFO - [2024-02-25T21:01:49.637+0000] {dag.py:3823} INFO - Setting next_dagrun for example_branch_operator to 2024-02-24 00:00:00+00:00, run_after=2024-02-25 00:00:00+00:00
[2024-02-25T21:01:49.659+0000] {processor.py:183} INFO - Processing /home/airflow/.local/lib/python3.8/site-packages/airflow/example_dags/example_branch_operator.py took 0.102 seconds
[2024-02-25T21:02:20.467+0000] {processor.py:161} INFO - Started process (PID=9883) to work on /home/airflow/.local/lib/python3.8/site-packages/airflow/example_dags/example_branch_operator.py
[2024-02-25T21:02:20.468+0000] {processor.py:830} INFO - Processing file /home/airflow/.local/lib/python3.8/site-packages/airflow/example_dags/example_branch_operator.py for tasks to queue
[2024-02-25T21:02:20.469+0000] {logging_mixin.py:188} INFO - [2024-02-25T21:02:20.469+0000] {dagbag.py:538} INFO - Filling up the DagBag from /home/airflow/.local/lib/python3.8/site-packages/airflow/example_dags/example_branch_operator.py
[2024-02-25T21:02:20.489+0000] {processor.py:840} INFO - DAG(s) 'example_branch_operator' retrieved from /home/airflow/.local/lib/python3.8/site-packages/airflow/example_dags/example_branch_operator.py
[2024-02-25T21:02:20.517+0000] {logging_mixin.py:188} INFO - [2024-02-25T21:02:20.517+0000] {dag.py:3036} INFO - Sync 1 DAGs
[2024-02-25T21:02:20.539+0000] {logging_mixin.py:188} INFO - [2024-02-25T21:02:20.538+0000] {dag.py:3823} INFO - Setting next_dagrun for example_branch_operator to 2024-02-24 00:00:00+00:00, run_after=2024-02-25 00:00:00+00:00
[2024-02-25T21:02:20.559+0000] {processor.py:183} INFO - Processing /home/airflow/.local/lib/python3.8/site-packages/airflow/example_dags/example_branch_operator.py took 0.096 seconds
[2024-02-25T21:02:51.222+0000] {processor.py:161} INFO - Started process (PID=9946) to work on /home/airflow/.local/lib/python3.8/site-packages/airflow/example_dags/example_branch_operator.py
[2024-02-25T21:02:51.223+0000] {processor.py:830} INFO - Processing file /home/airflow/.local/lib/python3.8/site-packages/airflow/example_dags/example_branch_operator.py for tasks to queue
[2024-02-25T21:02:51.224+0000] {logging_mixin.py:188} INFO - [2024-02-25T21:02:51.224+0000] {dagbag.py:538} INFO - Filling up the DagBag from /home/airflow/.local/lib/python3.8/site-packages/airflow/example_dags/example_branch_operator.py
[2024-02-25T21:02:51.244+0000] {processor.py:840} INFO - DAG(s) 'example_branch_operator' retrieved from /home/airflow/.local/lib/python3.8/site-packages/airflow/example_dags/example_branch_operator.py
[2024-02-25T21:02:51.274+0000] {logging_mixin.py:188} INFO - [2024-02-25T21:02:51.274+0000] {dag.py:3036} INFO - Sync 1 DAGs
[2024-02-25T21:02:51.299+0000] {logging_mixin.py:188} INFO - [2024-02-25T21:02:51.298+0000] {dag.py:3823} INFO - Setting next_dagrun for example_branch_operator to 2024-02-24 00:00:00+00:00, run_after=2024-02-25 00:00:00+00:00
[2024-02-25T21:02:51.325+0000] {processor.py:183} INFO - Processing /home/airflow/.local/lib/python3.8/site-packages/airflow/example_dags/example_branch_operator.py took 0.108 seconds
[2024-02-25T21:03:21.823+0000] {processor.py:161} INFO - Started process (PID=10009) to work on /home/airflow/.local/lib/python3.8/site-packages/airflow/example_dags/example_branch_operator.py
[2024-02-25T21:03:21.824+0000] {processor.py:830} INFO - Processing file /home/airflow/.local/lib/python3.8/site-packages/airflow/example_dags/example_branch_operator.py for tasks to queue
[2024-02-25T21:03:21.825+0000] {logging_mixin.py:188} INFO - [2024-02-25T21:03:21.825+0000] {dagbag.py:538} INFO - Filling up the DagBag from /home/airflow/.local/lib/python3.8/site-packages/airflow/example_dags/example_branch_operator.py
[2024-02-25T21:03:21.845+0000] {processor.py:840} INFO - DAG(s) 'example_branch_operator' retrieved from /home/airflow/.local/lib/python3.8/site-packages/airflow/example_dags/example_branch_operator.py
[2024-02-25T21:03:21.875+0000] {logging_mixin.py:188} INFO - [2024-02-25T21:03:21.875+0000] {dag.py:3036} INFO - Sync 1 DAGs
[2024-02-25T21:03:21.902+0000] {logging_mixin.py:188} INFO - [2024-02-25T21:03:21.902+0000] {dag.py:3823} INFO - Setting next_dagrun for example_branch_operator to 2024-02-24 00:00:00+00:00, run_after=2024-02-25 00:00:00+00:00
[2024-02-25T21:03:21.933+0000] {processor.py:183} INFO - Processing /home/airflow/.local/lib/python3.8/site-packages/airflow/example_dags/example_branch_operator.py took 0.115 seconds
[2024-02-25T21:03:52.415+0000] {processor.py:161} INFO - Started process (PID=10072) to work on /home/airflow/.local/lib/python3.8/site-packages/airflow/example_dags/example_branch_operator.py
[2024-02-25T21:03:52.416+0000] {processor.py:830} INFO - Processing file /home/airflow/.local/lib/python3.8/site-packages/airflow/example_dags/example_branch_operator.py for tasks to queue
[2024-02-25T21:03:52.417+0000] {logging_mixin.py:188} INFO - [2024-02-25T21:03:52.417+0000] {dagbag.py:538} INFO - Filling up the DagBag from /home/airflow/.local/lib/python3.8/site-packages/airflow/example_dags/example_branch_operator.py
[2024-02-25T21:03:52.438+0000] {processor.py:840} INFO - DAG(s) 'example_branch_operator' retrieved from /home/airflow/.local/lib/python3.8/site-packages/airflow/example_dags/example_branch_operator.py
[2024-02-25T21:03:52.468+0000] {logging_mixin.py:188} INFO - [2024-02-25T21:03:52.468+0000] {dag.py:3036} INFO - Sync 1 DAGs
[2024-02-25T21:03:52.493+0000] {logging_mixin.py:188} INFO - [2024-02-25T21:03:52.493+0000] {dag.py:3823} INFO - Setting next_dagrun for example_branch_operator to 2024-02-24 00:00:00+00:00, run_after=2024-02-25 00:00:00+00:00
[2024-02-25T21:03:52.518+0000] {processor.py:183} INFO - Processing /home/airflow/.local/lib/python3.8/site-packages/airflow/example_dags/example_branch_operator.py took 0.109 seconds
[2024-02-25T21:04:22.812+0000] {processor.py:161} INFO - Started process (PID=10135) to work on /home/airflow/.local/lib/python3.8/site-packages/airflow/example_dags/example_branch_operator.py
[2024-02-25T21:04:22.813+0000] {processor.py:830} INFO - Processing file /home/airflow/.local/lib/python3.8/site-packages/airflow/example_dags/example_branch_operator.py for tasks to queue
[2024-02-25T21:04:22.814+0000] {logging_mixin.py:188} INFO - [2024-02-25T21:04:22.814+0000] {dagbag.py:538} INFO - Filling up the DagBag from /home/airflow/.local/lib/python3.8/site-packages/airflow/example_dags/example_branch_operator.py
[2024-02-25T21:04:22.836+0000] {processor.py:840} INFO - DAG(s) 'example_branch_operator' retrieved from /home/airflow/.local/lib/python3.8/site-packages/airflow/example_dags/example_branch_operator.py
[2024-02-25T21:04:22.867+0000] {logging_mixin.py:188} INFO - [2024-02-25T21:04:22.867+0000] {dag.py:3036} INFO - Sync 1 DAGs
[2024-02-25T21:04:22.890+0000] {logging_mixin.py:188} INFO - [2024-02-25T21:04:22.890+0000] {dag.py:3823} INFO - Setting next_dagrun for example_branch_operator to 2024-02-24 00:00:00+00:00, run_after=2024-02-25 00:00:00+00:00
[2024-02-25T21:04:22.913+0000] {processor.py:183} INFO - Processing /home/airflow/.local/lib/python3.8/site-packages/airflow/example_dags/example_branch_operator.py took 0.105 seconds
[2024-02-25T21:04:53.364+0000] {processor.py:161} INFO - Started process (PID=10198) to work on /home/airflow/.local/lib/python3.8/site-packages/airflow/example_dags/example_branch_operator.py
[2024-02-25T21:04:53.366+0000] {processor.py:830} INFO - Processing file /home/airflow/.local/lib/python3.8/site-packages/airflow/example_dags/example_branch_operator.py for tasks to queue
[2024-02-25T21:04:53.367+0000] {logging_mixin.py:188} INFO - [2024-02-25T21:04:53.367+0000] {dagbag.py:538} INFO - Filling up the DagBag from /home/airflow/.local/lib/python3.8/site-packages/airflow/example_dags/example_branch_operator.py
[2024-02-25T21:04:53.388+0000] {processor.py:840} INFO - DAG(s) 'example_branch_operator' retrieved from /home/airflow/.local/lib/python3.8/site-packages/airflow/example_dags/example_branch_operator.py
[2024-02-25T21:04:53.418+0000] {logging_mixin.py:188} INFO - [2024-02-25T21:04:53.418+0000] {dag.py:3036} INFO - Sync 1 DAGs
[2024-02-25T21:04:53.440+0000] {logging_mixin.py:188} INFO - [2024-02-25T21:04:53.440+0000] {dag.py:3823} INFO - Setting next_dagrun for example_branch_operator to 2024-02-24 00:00:00+00:00, run_after=2024-02-25 00:00:00+00:00
[2024-02-25T21:04:53.463+0000] {processor.py:183} INFO - Processing /home/airflow/.local/lib/python3.8/site-packages/airflow/example_dags/example_branch_operator.py took 0.102 seconds
