[2024-02-25T00:03:58.817+0000] {processor.py:161} INFO - Started process (PID=5898) to work on /home/airflow/.local/lib/python3.8/site-packages/airflow/example_dags/example_dag_decorator.py
[2024-02-25T00:03:58.818+0000] {processor.py:830} INFO - Processing file /home/airflow/.local/lib/python3.8/site-packages/airflow/example_dags/example_dag_decorator.py for tasks to queue
[2024-02-25T00:03:58.819+0000] {logging_mixin.py:188} INFO - [2024-02-25T00:03:58.819+0000] {dagbag.py:538} INFO - Filling up the DagBag from /home/airflow/.local/lib/python3.8/site-packages/airflow/example_dags/example_dag_decorator.py
[2024-02-25T00:03:58.937+0000] {processor.py:840} INFO - DAG(s) 'example_dag_decorator' retrieved from /home/airflow/.local/lib/python3.8/site-packages/airflow/example_dags/example_dag_decorator.py
[2024-02-25T00:03:59.085+0000] {logging_mixin.py:188} INFO - [2024-02-25T00:03:59.085+0000] {dag.py:3036} INFO - Sync 1 DAGs
[2024-02-25T00:03:59.097+0000] {logging_mixin.py:188} INFO - [2024-02-25T00:03:59.096+0000] {dag.py:3823} INFO - Setting next_dagrun for example_dag_decorator to None, run_after=None
[2024-02-25T00:03:59.122+0000] {processor.py:183} INFO - Processing /home/airflow/.local/lib/python3.8/site-packages/airflow/example_dags/example_dag_decorator.py took 0.309 seconds
[2024-02-25T00:04:29.228+0000] {processor.py:161} INFO - Started process (PID=5966) to work on /home/airflow/.local/lib/python3.8/site-packages/airflow/example_dags/example_dag_decorator.py
[2024-02-25T00:04:29.229+0000] {processor.py:830} INFO - Processing file /home/airflow/.local/lib/python3.8/site-packages/airflow/example_dags/example_dag_decorator.py for tasks to queue
[2024-02-25T00:04:29.230+0000] {logging_mixin.py:188} INFO - [2024-02-25T00:04:29.230+0000] {dagbag.py:538} INFO - Filling up the DagBag from /home/airflow/.local/lib/python3.8/site-packages/airflow/example_dags/example_dag_decorator.py
[2024-02-25T00:04:29.344+0000] {processor.py:840} INFO - DAG(s) 'example_dag_decorator' retrieved from /home/airflow/.local/lib/python3.8/site-packages/airflow/example_dags/example_dag_decorator.py
[2024-02-25T00:04:29.463+0000] {logging_mixin.py:188} INFO - [2024-02-25T00:04:29.462+0000] {dag.py:3036} INFO - Sync 1 DAGs
[2024-02-25T00:04:29.475+0000] {logging_mixin.py:188} INFO - [2024-02-25T00:04:29.475+0000] {dag.py:3823} INFO - Setting next_dagrun for example_dag_decorator to None, run_after=None
[2024-02-25T00:04:29.501+0000] {processor.py:183} INFO - Processing /home/airflow/.local/lib/python3.8/site-packages/airflow/example_dags/example_dag_decorator.py took 0.278 seconds
[2024-02-25T00:04:59.964+0000] {processor.py:161} INFO - Started process (PID=6029) to work on /home/airflow/.local/lib/python3.8/site-packages/airflow/example_dags/example_dag_decorator.py
[2024-02-25T00:04:59.965+0000] {processor.py:830} INFO - Processing file /home/airflow/.local/lib/python3.8/site-packages/airflow/example_dags/example_dag_decorator.py for tasks to queue
[2024-02-25T00:04:59.967+0000] {logging_mixin.py:188} INFO - [2024-02-25T00:04:59.966+0000] {dagbag.py:538} INFO - Filling up the DagBag from /home/airflow/.local/lib/python3.8/site-packages/airflow/example_dags/example_dag_decorator.py
[2024-02-25T00:05:00.074+0000] {processor.py:840} INFO - DAG(s) 'example_dag_decorator' retrieved from /home/airflow/.local/lib/python3.8/site-packages/airflow/example_dags/example_dag_decorator.py
[2024-02-25T00:05:00.194+0000] {logging_mixin.py:188} INFO - [2024-02-25T00:05:00.194+0000] {dag.py:3036} INFO - Sync 1 DAGs
[2024-02-25T00:05:00.205+0000] {logging_mixin.py:188} INFO - [2024-02-25T00:05:00.204+0000] {dag.py:3823} INFO - Setting next_dagrun for example_dag_decorator to None, run_after=None
[2024-02-25T00:05:00.232+0000] {processor.py:183} INFO - Processing /home/airflow/.local/lib/python3.8/site-packages/airflow/example_dags/example_dag_decorator.py took 0.272 seconds
[2024-02-25T00:05:30.453+0000] {processor.py:161} INFO - Started process (PID=6093) to work on /home/airflow/.local/lib/python3.8/site-packages/airflow/example_dags/example_dag_decorator.py
[2024-02-25T00:05:30.454+0000] {processor.py:830} INFO - Processing file /home/airflow/.local/lib/python3.8/site-packages/airflow/example_dags/example_dag_decorator.py for tasks to queue
[2024-02-25T00:05:30.455+0000] {logging_mixin.py:188} INFO - [2024-02-25T00:05:30.455+0000] {dagbag.py:538} INFO - Filling up the DagBag from /home/airflow/.local/lib/python3.8/site-packages/airflow/example_dags/example_dag_decorator.py
[2024-02-25T00:05:30.561+0000] {processor.py:840} INFO - DAG(s) 'example_dag_decorator' retrieved from /home/airflow/.local/lib/python3.8/site-packages/airflow/example_dags/example_dag_decorator.py
[2024-02-25T00:05:30.684+0000] {logging_mixin.py:188} INFO - [2024-02-25T00:05:30.683+0000] {dag.py:3036} INFO - Sync 1 DAGs
[2024-02-25T00:05:30.699+0000] {logging_mixin.py:188} INFO - [2024-02-25T00:05:30.699+0000] {dag.py:3823} INFO - Setting next_dagrun for example_dag_decorator to None, run_after=None
[2024-02-25T00:05:30.732+0000] {processor.py:183} INFO - Processing /home/airflow/.local/lib/python3.8/site-packages/airflow/example_dags/example_dag_decorator.py took 0.283 seconds
[2024-02-25T00:06:01.233+0000] {processor.py:161} INFO - Started process (PID=6156) to work on /home/airflow/.local/lib/python3.8/site-packages/airflow/example_dags/example_dag_decorator.py
[2024-02-25T00:06:01.234+0000] {processor.py:830} INFO - Processing file /home/airflow/.local/lib/python3.8/site-packages/airflow/example_dags/example_dag_decorator.py for tasks to queue
[2024-02-25T00:06:01.235+0000] {logging_mixin.py:188} INFO - [2024-02-25T00:06:01.235+0000] {dagbag.py:538} INFO - Filling up the DagBag from /home/airflow/.local/lib/python3.8/site-packages/airflow/example_dags/example_dag_decorator.py
[2024-02-25T00:06:01.339+0000] {processor.py:840} INFO - DAG(s) 'example_dag_decorator' retrieved from /home/airflow/.local/lib/python3.8/site-packages/airflow/example_dags/example_dag_decorator.py
[2024-02-25T00:06:01.453+0000] {logging_mixin.py:188} INFO - [2024-02-25T00:06:01.452+0000] {dag.py:3036} INFO - Sync 1 DAGs
[2024-02-25T00:06:01.465+0000] {logging_mixin.py:188} INFO - [2024-02-25T00:06:01.464+0000] {dag.py:3823} INFO - Setting next_dagrun for example_dag_decorator to None, run_after=None
[2024-02-25T00:06:01.490+0000] {processor.py:183} INFO - Processing /home/airflow/.local/lib/python3.8/site-packages/airflow/example_dags/example_dag_decorator.py took 0.261 seconds
[2024-02-25T00:06:32.031+0000] {processor.py:161} INFO - Started process (PID=6219) to work on /home/airflow/.local/lib/python3.8/site-packages/airflow/example_dags/example_dag_decorator.py
[2024-02-25T00:06:32.032+0000] {processor.py:830} INFO - Processing file /home/airflow/.local/lib/python3.8/site-packages/airflow/example_dags/example_dag_decorator.py for tasks to queue
[2024-02-25T00:06:32.033+0000] {logging_mixin.py:188} INFO - [2024-02-25T00:06:32.033+0000] {dagbag.py:538} INFO - Filling up the DagBag from /home/airflow/.local/lib/python3.8/site-packages/airflow/example_dags/example_dag_decorator.py
[2024-02-25T00:06:32.149+0000] {processor.py:840} INFO - DAG(s) 'example_dag_decorator' retrieved from /home/airflow/.local/lib/python3.8/site-packages/airflow/example_dags/example_dag_decorator.py
[2024-02-25T00:06:32.175+0000] {logging_mixin.py:188} INFO - [2024-02-25T00:06:32.175+0000] {dag.py:3036} INFO - Sync 1 DAGs
[2024-02-25T00:06:32.188+0000] {logging_mixin.py:188} INFO - [2024-02-25T00:06:32.188+0000] {dag.py:3823} INFO - Setting next_dagrun for example_dag_decorator to None, run_after=None
[2024-02-25T00:06:32.216+0000] {processor.py:183} INFO - Processing /home/airflow/.local/lib/python3.8/site-packages/airflow/example_dags/example_dag_decorator.py took 0.191 seconds
[2024-02-25T00:07:02.973+0000] {processor.py:161} INFO - Started process (PID=6282) to work on /home/airflow/.local/lib/python3.8/site-packages/airflow/example_dags/example_dag_decorator.py
[2024-02-25T00:07:02.975+0000] {processor.py:830} INFO - Processing file /home/airflow/.local/lib/python3.8/site-packages/airflow/example_dags/example_dag_decorator.py for tasks to queue
[2024-02-25T00:07:02.976+0000] {logging_mixin.py:188} INFO - [2024-02-25T00:07:02.976+0000] {dagbag.py:538} INFO - Filling up the DagBag from /home/airflow/.local/lib/python3.8/site-packages/airflow/example_dags/example_dag_decorator.py
[2024-02-25T00:07:03.094+0000] {processor.py:840} INFO - DAG(s) 'example_dag_decorator' retrieved from /home/airflow/.local/lib/python3.8/site-packages/airflow/example_dags/example_dag_decorator.py
[2024-02-25T00:07:03.219+0000] {logging_mixin.py:188} INFO - [2024-02-25T00:07:03.219+0000] {dag.py:3036} INFO - Sync 1 DAGs
[2024-02-25T00:07:03.231+0000] {logging_mixin.py:188} INFO - [2024-02-25T00:07:03.231+0000] {dag.py:3823} INFO - Setting next_dagrun for example_dag_decorator to None, run_after=None
[2024-02-25T00:07:03.260+0000] {processor.py:183} INFO - Processing /home/airflow/.local/lib/python3.8/site-packages/airflow/example_dags/example_dag_decorator.py took 0.291 seconds
[2024-02-25T00:07:33.740+0000] {processor.py:161} INFO - Started process (PID=6345) to work on /home/airflow/.local/lib/python3.8/site-packages/airflow/example_dags/example_dag_decorator.py
[2024-02-25T00:07:33.741+0000] {processor.py:830} INFO - Processing file /home/airflow/.local/lib/python3.8/site-packages/airflow/example_dags/example_dag_decorator.py for tasks to queue
[2024-02-25T00:07:33.742+0000] {logging_mixin.py:188} INFO - [2024-02-25T00:07:33.742+0000] {dagbag.py:538} INFO - Filling up the DagBag from /home/airflow/.local/lib/python3.8/site-packages/airflow/example_dags/example_dag_decorator.py
[2024-02-25T00:07:33.844+0000] {processor.py:840} INFO - DAG(s) 'example_dag_decorator' retrieved from /home/airflow/.local/lib/python3.8/site-packages/airflow/example_dags/example_dag_decorator.py
[2024-02-25T00:07:33.961+0000] {logging_mixin.py:188} INFO - [2024-02-25T00:07:33.961+0000] {dag.py:3036} INFO - Sync 1 DAGs
[2024-02-25T00:07:33.974+0000] {logging_mixin.py:188} INFO - [2024-02-25T00:07:33.974+0000] {dag.py:3823} INFO - Setting next_dagrun for example_dag_decorator to None, run_after=None
[2024-02-25T00:07:33.998+0000] {processor.py:183} INFO - Processing /home/airflow/.local/lib/python3.8/site-packages/airflow/example_dags/example_dag_decorator.py took 0.261 seconds
[2024-02-25T00:08:04.873+0000] {processor.py:161} INFO - Started process (PID=6408) to work on /home/airflow/.local/lib/python3.8/site-packages/airflow/example_dags/example_dag_decorator.py
[2024-02-25T00:08:04.874+0000] {processor.py:830} INFO - Processing file /home/airflow/.local/lib/python3.8/site-packages/airflow/example_dags/example_dag_decorator.py for tasks to queue
[2024-02-25T00:08:04.875+0000] {logging_mixin.py:188} INFO - [2024-02-25T00:08:04.875+0000] {dagbag.py:538} INFO - Filling up the DagBag from /home/airflow/.local/lib/python3.8/site-packages/airflow/example_dags/example_dag_decorator.py
[2024-02-25T00:08:04.977+0000] {processor.py:840} INFO - DAG(s) 'example_dag_decorator' retrieved from /home/airflow/.local/lib/python3.8/site-packages/airflow/example_dags/example_dag_decorator.py
[2024-02-25T00:08:05.003+0000] {logging_mixin.py:188} INFO - [2024-02-25T00:08:05.003+0000] {dag.py:3036} INFO - Sync 1 DAGs
[2024-02-25T00:08:05.020+0000] {logging_mixin.py:188} INFO - [2024-02-25T00:08:05.020+0000] {dag.py:3823} INFO - Setting next_dagrun for example_dag_decorator to None, run_after=None
[2024-02-25T00:08:05.045+0000] {processor.py:183} INFO - Processing /home/airflow/.local/lib/python3.8/site-packages/airflow/example_dags/example_dag_decorator.py took 0.176 seconds
[2024-02-25T00:08:35.370+0000] {processor.py:161} INFO - Started process (PID=6471) to work on /home/airflow/.local/lib/python3.8/site-packages/airflow/example_dags/example_dag_decorator.py
[2024-02-25T00:08:35.371+0000] {processor.py:830} INFO - Processing file /home/airflow/.local/lib/python3.8/site-packages/airflow/example_dags/example_dag_decorator.py for tasks to queue
[2024-02-25T00:08:35.373+0000] {logging_mixin.py:188} INFO - [2024-02-25T00:08:35.372+0000] {dagbag.py:538} INFO - Filling up the DagBag from /home/airflow/.local/lib/python3.8/site-packages/airflow/example_dags/example_dag_decorator.py
[2024-02-25T00:08:35.478+0000] {processor.py:840} INFO - DAG(s) 'example_dag_decorator' retrieved from /home/airflow/.local/lib/python3.8/site-packages/airflow/example_dags/example_dag_decorator.py
[2024-02-25T00:08:35.503+0000] {logging_mixin.py:188} INFO - [2024-02-25T00:08:35.503+0000] {dag.py:3036} INFO - Sync 1 DAGs
[2024-02-25T00:08:35.517+0000] {logging_mixin.py:188} INFO - [2024-02-25T00:08:35.517+0000] {dag.py:3823} INFO - Setting next_dagrun for example_dag_decorator to None, run_after=None
[2024-02-25T00:08:35.539+0000] {processor.py:183} INFO - Processing /home/airflow/.local/lib/python3.8/site-packages/airflow/example_dags/example_dag_decorator.py took 0.173 seconds
[2024-02-25T00:09:06.272+0000] {processor.py:161} INFO - Started process (PID=6534) to work on /home/airflow/.local/lib/python3.8/site-packages/airflow/example_dags/example_dag_decorator.py
[2024-02-25T00:09:06.273+0000] {processor.py:830} INFO - Processing file /home/airflow/.local/lib/python3.8/site-packages/airflow/example_dags/example_dag_decorator.py for tasks to queue
[2024-02-25T00:09:06.274+0000] {logging_mixin.py:188} INFO - [2024-02-25T00:09:06.274+0000] {dagbag.py:538} INFO - Filling up the DagBag from /home/airflow/.local/lib/python3.8/site-packages/airflow/example_dags/example_dag_decorator.py
[2024-02-25T00:09:06.372+0000] {processor.py:840} INFO - DAG(s) 'example_dag_decorator' retrieved from /home/airflow/.local/lib/python3.8/site-packages/airflow/example_dags/example_dag_decorator.py
[2024-02-25T00:09:06.484+0000] {logging_mixin.py:188} INFO - [2024-02-25T00:09:06.483+0000] {dag.py:3036} INFO - Sync 1 DAGs
[2024-02-25T00:09:06.495+0000] {logging_mixin.py:188} INFO - [2024-02-25T00:09:06.494+0000] {dag.py:3823} INFO - Setting next_dagrun for example_dag_decorator to None, run_after=None
[2024-02-25T00:09:06.517+0000] {processor.py:183} INFO - Processing /home/airflow/.local/lib/python3.8/site-packages/airflow/example_dags/example_dag_decorator.py took 0.249 seconds
[2024-02-25T18:16:23.530+0000] {processor.py:161} INFO - Started process (PID=6597) to work on /home/airflow/.local/lib/python3.8/site-packages/airflow/example_dags/example_dag_decorator.py
[2024-02-25T18:16:23.532+0000] {processor.py:830} INFO - Processing file /home/airflow/.local/lib/python3.8/site-packages/airflow/example_dags/example_dag_decorator.py for tasks to queue
[2024-02-25T18:16:23.533+0000] {logging_mixin.py:188} INFO - [2024-02-25T18:16:23.533+0000] {dagbag.py:538} INFO - Filling up the DagBag from /home/airflow/.local/lib/python3.8/site-packages/airflow/example_dags/example_dag_decorator.py
[2024-02-25T18:16:23.652+0000] {processor.py:840} INFO - DAG(s) 'example_dag_decorator' retrieved from /home/airflow/.local/lib/python3.8/site-packages/airflow/example_dags/example_dag_decorator.py
[2024-02-25T18:16:23.691+0000] {logging_mixin.py:188} INFO - [2024-02-25T18:16:23.691+0000] {dag.py:3036} INFO - Sync 1 DAGs
[2024-02-25T18:16:23.715+0000] {logging_mixin.py:188} INFO - [2024-02-25T18:16:23.714+0000] {dag.py:3823} INFO - Setting next_dagrun for example_dag_decorator to None, run_after=None
[2024-02-25T18:16:23.756+0000] {processor.py:183} INFO - Processing /home/airflow/.local/lib/python3.8/site-packages/airflow/example_dags/example_dag_decorator.py took 0.230 seconds
[2024-02-25T18:16:53.942+0000] {processor.py:161} INFO - Started process (PID=6661) to work on /home/airflow/.local/lib/python3.8/site-packages/airflow/example_dags/example_dag_decorator.py
[2024-02-25T18:16:53.943+0000] {processor.py:830} INFO - Processing file /home/airflow/.local/lib/python3.8/site-packages/airflow/example_dags/example_dag_decorator.py for tasks to queue
[2024-02-25T18:16:53.944+0000] {logging_mixin.py:188} INFO - [2024-02-25T18:16:53.944+0000] {dagbag.py:538} INFO - Filling up the DagBag from /home/airflow/.local/lib/python3.8/site-packages/airflow/example_dags/example_dag_decorator.py
[2024-02-25T18:16:54.078+0000] {processor.py:840} INFO - DAG(s) 'example_dag_decorator' retrieved from /home/airflow/.local/lib/python3.8/site-packages/airflow/example_dags/example_dag_decorator.py
[2024-02-25T18:16:54.239+0000] {logging_mixin.py:188} INFO - [2024-02-25T18:16:54.239+0000] {dag.py:3036} INFO - Sync 1 DAGs
[2024-02-25T18:16:54.252+0000] {logging_mixin.py:188} INFO - [2024-02-25T18:16:54.252+0000] {dag.py:3823} INFO - Setting next_dagrun for example_dag_decorator to None, run_after=None
[2024-02-25T18:16:54.278+0000] {processor.py:183} INFO - Processing /home/airflow/.local/lib/python3.8/site-packages/airflow/example_dags/example_dag_decorator.py took 0.341 seconds
[2024-02-25T18:17:25.065+0000] {processor.py:161} INFO - Started process (PID=6724) to work on /home/airflow/.local/lib/python3.8/site-packages/airflow/example_dags/example_dag_decorator.py
[2024-02-25T18:17:25.066+0000] {processor.py:830} INFO - Processing file /home/airflow/.local/lib/python3.8/site-packages/airflow/example_dags/example_dag_decorator.py for tasks to queue
[2024-02-25T18:17:25.067+0000] {logging_mixin.py:188} INFO - [2024-02-25T18:17:25.067+0000] {dagbag.py:538} INFO - Filling up the DagBag from /home/airflow/.local/lib/python3.8/site-packages/airflow/example_dags/example_dag_decorator.py
[2024-02-25T18:17:25.182+0000] {processor.py:840} INFO - DAG(s) 'example_dag_decorator' retrieved from /home/airflow/.local/lib/python3.8/site-packages/airflow/example_dags/example_dag_decorator.py
[2024-02-25T18:17:25.320+0000] {logging_mixin.py:188} INFO - [2024-02-25T18:17:25.320+0000] {dag.py:3036} INFO - Sync 1 DAGs
[2024-02-25T18:17:25.332+0000] {logging_mixin.py:188} INFO - [2024-02-25T18:17:25.332+0000] {dag.py:3823} INFO - Setting next_dagrun for example_dag_decorator to None, run_after=None
[2024-02-25T18:17:25.402+0000] {processor.py:183} INFO - Processing /home/airflow/.local/lib/python3.8/site-packages/airflow/example_dags/example_dag_decorator.py took 0.341 seconds
[2024-02-25T18:17:55.985+0000] {processor.py:161} INFO - Started process (PID=6786) to work on /home/airflow/.local/lib/python3.8/site-packages/airflow/example_dags/example_dag_decorator.py
[2024-02-25T18:17:55.986+0000] {processor.py:830} INFO - Processing file /home/airflow/.local/lib/python3.8/site-packages/airflow/example_dags/example_dag_decorator.py for tasks to queue
[2024-02-25T18:17:55.988+0000] {logging_mixin.py:188} INFO - [2024-02-25T18:17:55.987+0000] {dagbag.py:538} INFO - Filling up the DagBag from /home/airflow/.local/lib/python3.8/site-packages/airflow/example_dags/example_dag_decorator.py
[2024-02-25T18:17:56.092+0000] {processor.py:840} INFO - DAG(s) 'example_dag_decorator' retrieved from /home/airflow/.local/lib/python3.8/site-packages/airflow/example_dags/example_dag_decorator.py
[2024-02-25T18:17:56.205+0000] {logging_mixin.py:188} INFO - [2024-02-25T18:17:56.204+0000] {dag.py:3036} INFO - Sync 1 DAGs
[2024-02-25T18:17:56.218+0000] {logging_mixin.py:188} INFO - [2024-02-25T18:17:56.217+0000] {dag.py:3823} INFO - Setting next_dagrun for example_dag_decorator to None, run_after=None
[2024-02-25T18:17:56.243+0000] {processor.py:183} INFO - Processing /home/airflow/.local/lib/python3.8/site-packages/airflow/example_dags/example_dag_decorator.py took 0.262 seconds
[2024-02-25T18:18:26.966+0000] {processor.py:161} INFO - Started process (PID=6849) to work on /home/airflow/.local/lib/python3.8/site-packages/airflow/example_dags/example_dag_decorator.py
[2024-02-25T18:18:26.968+0000] {processor.py:830} INFO - Processing file /home/airflow/.local/lib/python3.8/site-packages/airflow/example_dags/example_dag_decorator.py for tasks to queue
[2024-02-25T18:18:26.969+0000] {logging_mixin.py:188} INFO - [2024-02-25T18:18:26.968+0000] {dagbag.py:538} INFO - Filling up the DagBag from /home/airflow/.local/lib/python3.8/site-packages/airflow/example_dags/example_dag_decorator.py
[2024-02-25T18:18:27.072+0000] {processor.py:840} INFO - DAG(s) 'example_dag_decorator' retrieved from /home/airflow/.local/lib/python3.8/site-packages/airflow/example_dags/example_dag_decorator.py
[2024-02-25T18:18:27.099+0000] {logging_mixin.py:188} INFO - [2024-02-25T18:18:27.099+0000] {dag.py:3036} INFO - Sync 1 DAGs
[2024-02-25T18:18:27.113+0000] {logging_mixin.py:188} INFO - [2024-02-25T18:18:27.112+0000] {dag.py:3823} INFO - Setting next_dagrun for example_dag_decorator to None, run_after=None
[2024-02-25T18:18:27.136+0000] {processor.py:183} INFO - Processing /home/airflow/.local/lib/python3.8/site-packages/airflow/example_dags/example_dag_decorator.py took 0.174 seconds
[2024-02-25T18:18:57.616+0000] {processor.py:161} INFO - Started process (PID=6920) to work on /home/airflow/.local/lib/python3.8/site-packages/airflow/example_dags/example_dag_decorator.py
[2024-02-25T18:18:57.617+0000] {processor.py:830} INFO - Processing file /home/airflow/.local/lib/python3.8/site-packages/airflow/example_dags/example_dag_decorator.py for tasks to queue
[2024-02-25T18:18:57.619+0000] {logging_mixin.py:188} INFO - [2024-02-25T18:18:57.618+0000] {dagbag.py:538} INFO - Filling up the DagBag from /home/airflow/.local/lib/python3.8/site-packages/airflow/example_dags/example_dag_decorator.py
[2024-02-25T18:18:57.736+0000] {processor.py:840} INFO - DAG(s) 'example_dag_decorator' retrieved from /home/airflow/.local/lib/python3.8/site-packages/airflow/example_dags/example_dag_decorator.py
[2024-02-25T18:18:57.904+0000] {logging_mixin.py:188} INFO - [2024-02-25T18:18:57.904+0000] {dag.py:3036} INFO - Sync 1 DAGs
[2024-02-25T18:18:57.931+0000] {logging_mixin.py:188} INFO - [2024-02-25T18:18:57.931+0000] {dag.py:3823} INFO - Setting next_dagrun for example_dag_decorator to None, run_after=None
[2024-02-25T18:18:57.985+0000] {processor.py:183} INFO - Processing /home/airflow/.local/lib/python3.8/site-packages/airflow/example_dags/example_dag_decorator.py took 0.373 seconds
[2024-02-25T18:19:28.119+0000] {processor.py:161} INFO - Started process (PID=6983) to work on /home/airflow/.local/lib/python3.8/site-packages/airflow/example_dags/example_dag_decorator.py
[2024-02-25T18:19:28.120+0000] {processor.py:830} INFO - Processing file /home/airflow/.local/lib/python3.8/site-packages/airflow/example_dags/example_dag_decorator.py for tasks to queue
[2024-02-25T18:19:28.123+0000] {logging_mixin.py:188} INFO - [2024-02-25T18:19:28.122+0000] {dagbag.py:538} INFO - Filling up the DagBag from /home/airflow/.local/lib/python3.8/site-packages/airflow/example_dags/example_dag_decorator.py
[2024-02-25T18:19:28.272+0000] {processor.py:840} INFO - DAG(s) 'example_dag_decorator' retrieved from /home/airflow/.local/lib/python3.8/site-packages/airflow/example_dags/example_dag_decorator.py
[2024-02-25T18:19:28.418+0000] {logging_mixin.py:188} INFO - [2024-02-25T18:19:28.418+0000] {dag.py:3036} INFO - Sync 1 DAGs
[2024-02-25T18:19:28.436+0000] {logging_mixin.py:188} INFO - [2024-02-25T18:19:28.436+0000] {dag.py:3823} INFO - Setting next_dagrun for example_dag_decorator to None, run_after=None
[2024-02-25T18:19:28.503+0000] {processor.py:183} INFO - Processing /home/airflow/.local/lib/python3.8/site-packages/airflow/example_dags/example_dag_decorator.py took 0.388 seconds
[2024-02-25T18:19:58.630+0000] {processor.py:161} INFO - Started process (PID=7044) to work on /home/airflow/.local/lib/python3.8/site-packages/airflow/example_dags/example_dag_decorator.py
[2024-02-25T18:19:58.631+0000] {processor.py:830} INFO - Processing file /home/airflow/.local/lib/python3.8/site-packages/airflow/example_dags/example_dag_decorator.py for tasks to queue
[2024-02-25T18:19:58.632+0000] {logging_mixin.py:188} INFO - [2024-02-25T18:19:58.632+0000] {dagbag.py:538} INFO - Filling up the DagBag from /home/airflow/.local/lib/python3.8/site-packages/airflow/example_dags/example_dag_decorator.py
[2024-02-25T18:19:58.743+0000] {processor.py:840} INFO - DAG(s) 'example_dag_decorator' retrieved from /home/airflow/.local/lib/python3.8/site-packages/airflow/example_dags/example_dag_decorator.py
[2024-02-25T18:19:58.868+0000] {logging_mixin.py:188} INFO - [2024-02-25T18:19:58.868+0000] {dag.py:3036} INFO - Sync 1 DAGs
[2024-02-25T18:19:58.881+0000] {logging_mixin.py:188} INFO - [2024-02-25T18:19:58.880+0000] {dag.py:3823} INFO - Setting next_dagrun for example_dag_decorator to None, run_after=None
[2024-02-25T18:19:58.904+0000] {processor.py:183} INFO - Processing /home/airflow/.local/lib/python3.8/site-packages/airflow/example_dags/example_dag_decorator.py took 0.279 seconds
[2024-02-25T18:20:29.474+0000] {processor.py:161} INFO - Started process (PID=7107) to work on /home/airflow/.local/lib/python3.8/site-packages/airflow/example_dags/example_dag_decorator.py
[2024-02-25T18:20:29.475+0000] {processor.py:830} INFO - Processing file /home/airflow/.local/lib/python3.8/site-packages/airflow/example_dags/example_dag_decorator.py for tasks to queue
[2024-02-25T18:20:29.477+0000] {logging_mixin.py:188} INFO - [2024-02-25T18:20:29.476+0000] {dagbag.py:538} INFO - Filling up the DagBag from /home/airflow/.local/lib/python3.8/site-packages/airflow/example_dags/example_dag_decorator.py
[2024-02-25T18:20:29.599+0000] {processor.py:840} INFO - DAG(s) 'example_dag_decorator' retrieved from /home/airflow/.local/lib/python3.8/site-packages/airflow/example_dags/example_dag_decorator.py
[2024-02-25T18:20:29.633+0000] {logging_mixin.py:188} INFO - [2024-02-25T18:20:29.633+0000] {dag.py:3036} INFO - Sync 1 DAGs
[2024-02-25T18:20:29.647+0000] {logging_mixin.py:188} INFO - [2024-02-25T18:20:29.646+0000] {dag.py:3823} INFO - Setting next_dagrun for example_dag_decorator to None, run_after=None
[2024-02-25T18:20:29.673+0000] {processor.py:183} INFO - Processing /home/airflow/.local/lib/python3.8/site-packages/airflow/example_dags/example_dag_decorator.py took 0.204 seconds
[2024-02-25T18:20:59.897+0000] {processor.py:161} INFO - Started process (PID=7170) to work on /home/airflow/.local/lib/python3.8/site-packages/airflow/example_dags/example_dag_decorator.py
[2024-02-25T18:20:59.898+0000] {processor.py:830} INFO - Processing file /home/airflow/.local/lib/python3.8/site-packages/airflow/example_dags/example_dag_decorator.py for tasks to queue
[2024-02-25T18:20:59.900+0000] {logging_mixin.py:188} INFO - [2024-02-25T18:20:59.899+0000] {dagbag.py:538} INFO - Filling up the DagBag from /home/airflow/.local/lib/python3.8/site-packages/airflow/example_dags/example_dag_decorator.py
[2024-02-25T18:21:00.010+0000] {processor.py:840} INFO - DAG(s) 'example_dag_decorator' retrieved from /home/airflow/.local/lib/python3.8/site-packages/airflow/example_dags/example_dag_decorator.py
[2024-02-25T18:21:00.138+0000] {logging_mixin.py:188} INFO - [2024-02-25T18:21:00.138+0000] {dag.py:3036} INFO - Sync 1 DAGs
[2024-02-25T18:21:00.157+0000] {logging_mixin.py:188} INFO - [2024-02-25T18:21:00.157+0000] {dag.py:3823} INFO - Setting next_dagrun for example_dag_decorator to None, run_after=None
[2024-02-25T18:21:00.195+0000] {processor.py:183} INFO - Processing /home/airflow/.local/lib/python3.8/site-packages/airflow/example_dags/example_dag_decorator.py took 0.306 seconds
[2024-02-25T18:21:30.515+0000] {processor.py:161} INFO - Started process (PID=7234) to work on /home/airflow/.local/lib/python3.8/site-packages/airflow/example_dags/example_dag_decorator.py
[2024-02-25T18:21:30.517+0000] {processor.py:830} INFO - Processing file /home/airflow/.local/lib/python3.8/site-packages/airflow/example_dags/example_dag_decorator.py for tasks to queue
[2024-02-25T18:21:30.518+0000] {logging_mixin.py:188} INFO - [2024-02-25T18:21:30.517+0000] {dagbag.py:538} INFO - Filling up the DagBag from /home/airflow/.local/lib/python3.8/site-packages/airflow/example_dags/example_dag_decorator.py
[2024-02-25T18:21:30.646+0000] {processor.py:840} INFO - DAG(s) 'example_dag_decorator' retrieved from /home/airflow/.local/lib/python3.8/site-packages/airflow/example_dags/example_dag_decorator.py
[2024-02-25T18:21:30.813+0000] {logging_mixin.py:188} INFO - [2024-02-25T18:21:30.811+0000] {dag.py:3036} INFO - Sync 1 DAGs
[2024-02-25T18:21:30.833+0000] {logging_mixin.py:188} INFO - [2024-02-25T18:21:30.830+0000] {dag.py:3823} INFO - Setting next_dagrun for example_dag_decorator to None, run_after=None
[2024-02-25T18:21:30.909+0000] {processor.py:183} INFO - Processing /home/airflow/.local/lib/python3.8/site-packages/airflow/example_dags/example_dag_decorator.py took 0.397 seconds
[2024-02-25T18:22:01.017+0000] {processor.py:161} INFO - Started process (PID=7298) to work on /home/airflow/.local/lib/python3.8/site-packages/airflow/example_dags/example_dag_decorator.py
[2024-02-25T18:22:01.018+0000] {processor.py:830} INFO - Processing file /home/airflow/.local/lib/python3.8/site-packages/airflow/example_dags/example_dag_decorator.py for tasks to queue
[2024-02-25T18:22:01.019+0000] {logging_mixin.py:188} INFO - [2024-02-25T18:22:01.019+0000] {dagbag.py:538} INFO - Filling up the DagBag from /home/airflow/.local/lib/python3.8/site-packages/airflow/example_dags/example_dag_decorator.py
[2024-02-25T18:22:01.120+0000] {processor.py:840} INFO - DAG(s) 'example_dag_decorator' retrieved from /home/airflow/.local/lib/python3.8/site-packages/airflow/example_dags/example_dag_decorator.py
[2024-02-25T18:22:01.234+0000] {logging_mixin.py:188} INFO - [2024-02-25T18:22:01.234+0000] {dag.py:3036} INFO - Sync 1 DAGs
[2024-02-25T18:22:01.245+0000] {logging_mixin.py:188} INFO - [2024-02-25T18:22:01.245+0000] {dag.py:3823} INFO - Setting next_dagrun for example_dag_decorator to None, run_after=None
[2024-02-25T18:22:01.268+0000] {processor.py:183} INFO - Processing /home/airflow/.local/lib/python3.8/site-packages/airflow/example_dags/example_dag_decorator.py took 0.255 seconds
[2024-02-25T18:22:32.164+0000] {processor.py:161} INFO - Started process (PID=7360) to work on /home/airflow/.local/lib/python3.8/site-packages/airflow/example_dags/example_dag_decorator.py
[2024-02-25T18:22:32.165+0000] {processor.py:830} INFO - Processing file /home/airflow/.local/lib/python3.8/site-packages/airflow/example_dags/example_dag_decorator.py for tasks to queue
[2024-02-25T18:22:32.166+0000] {logging_mixin.py:188} INFO - [2024-02-25T18:22:32.166+0000] {dagbag.py:538} INFO - Filling up the DagBag from /home/airflow/.local/lib/python3.8/site-packages/airflow/example_dags/example_dag_decorator.py
[2024-02-25T18:22:32.275+0000] {processor.py:840} INFO - DAG(s) 'example_dag_decorator' retrieved from /home/airflow/.local/lib/python3.8/site-packages/airflow/example_dags/example_dag_decorator.py
[2024-02-25T18:22:32.386+0000] {logging_mixin.py:188} INFO - [2024-02-25T18:22:32.386+0000] {dag.py:3036} INFO - Sync 1 DAGs
[2024-02-25T18:22:32.398+0000] {logging_mixin.py:188} INFO - [2024-02-25T18:22:32.397+0000] {dag.py:3823} INFO - Setting next_dagrun for example_dag_decorator to None, run_after=None
[2024-02-25T18:22:32.421+0000] {processor.py:183} INFO - Processing /home/airflow/.local/lib/python3.8/site-packages/airflow/example_dags/example_dag_decorator.py took 0.261 seconds
[2024-02-25T18:23:02.868+0000] {processor.py:161} INFO - Started process (PID=7423) to work on /home/airflow/.local/lib/python3.8/site-packages/airflow/example_dags/example_dag_decorator.py
[2024-02-25T18:23:02.870+0000] {processor.py:830} INFO - Processing file /home/airflow/.local/lib/python3.8/site-packages/airflow/example_dags/example_dag_decorator.py for tasks to queue
[2024-02-25T18:23:02.871+0000] {logging_mixin.py:188} INFO - [2024-02-25T18:23:02.871+0000] {dagbag.py:538} INFO - Filling up the DagBag from /home/airflow/.local/lib/python3.8/site-packages/airflow/example_dags/example_dag_decorator.py
[2024-02-25T18:23:02.979+0000] {processor.py:840} INFO - DAG(s) 'example_dag_decorator' retrieved from /home/airflow/.local/lib/python3.8/site-packages/airflow/example_dags/example_dag_decorator.py
[2024-02-25T18:23:03.093+0000] {logging_mixin.py:188} INFO - [2024-02-25T18:23:03.092+0000] {dag.py:3036} INFO - Sync 1 DAGs
[2024-02-25T18:23:03.107+0000] {logging_mixin.py:188} INFO - [2024-02-25T18:23:03.106+0000] {dag.py:3823} INFO - Setting next_dagrun for example_dag_decorator to None, run_after=None
[2024-02-25T18:23:03.132+0000] {processor.py:183} INFO - Processing /home/airflow/.local/lib/python3.8/site-packages/airflow/example_dags/example_dag_decorator.py took 0.267 seconds
[2024-02-25T18:23:54.343+0000] {processor.py:161} INFO - Started process (PID=7486) to work on /home/airflow/.local/lib/python3.8/site-packages/airflow/example_dags/example_dag_decorator.py
[2024-02-25T18:23:54.344+0000] {processor.py:830} INFO - Processing file /home/airflow/.local/lib/python3.8/site-packages/airflow/example_dags/example_dag_decorator.py for tasks to queue
[2024-02-25T18:23:54.345+0000] {logging_mixin.py:188} INFO - [2024-02-25T18:23:54.345+0000] {dagbag.py:538} INFO - Filling up the DagBag from /home/airflow/.local/lib/python3.8/site-packages/airflow/example_dags/example_dag_decorator.py
[2024-02-25T18:23:54.455+0000] {processor.py:840} INFO - DAG(s) 'example_dag_decorator' retrieved from /home/airflow/.local/lib/python3.8/site-packages/airflow/example_dags/example_dag_decorator.py
[2024-02-25T18:23:54.495+0000] {logging_mixin.py:188} INFO - [2024-02-25T18:23:54.495+0000] {dag.py:3036} INFO - Sync 1 DAGs
[2024-02-25T18:23:54.509+0000] {logging_mixin.py:188} INFO - [2024-02-25T18:23:54.508+0000] {dag.py:3823} INFO - Setting next_dagrun for example_dag_decorator to None, run_after=None
[2024-02-25T18:23:54.535+0000] {processor.py:183} INFO - Processing /home/airflow/.local/lib/python3.8/site-packages/airflow/example_dags/example_dag_decorator.py took 0.196 seconds
[2024-02-25T18:24:25.232+0000] {processor.py:161} INFO - Started process (PID=7549) to work on /home/airflow/.local/lib/python3.8/site-packages/airflow/example_dags/example_dag_decorator.py
[2024-02-25T18:24:25.234+0000] {processor.py:830} INFO - Processing file /home/airflow/.local/lib/python3.8/site-packages/airflow/example_dags/example_dag_decorator.py for tasks to queue
[2024-02-25T18:24:25.235+0000] {logging_mixin.py:188} INFO - [2024-02-25T18:24:25.235+0000] {dagbag.py:538} INFO - Filling up the DagBag from /home/airflow/.local/lib/python3.8/site-packages/airflow/example_dags/example_dag_decorator.py
[2024-02-25T18:24:25.342+0000] {processor.py:840} INFO - DAG(s) 'example_dag_decorator' retrieved from /home/airflow/.local/lib/python3.8/site-packages/airflow/example_dags/example_dag_decorator.py
[2024-02-25T18:24:25.455+0000] {logging_mixin.py:188} INFO - [2024-02-25T18:24:25.455+0000] {dag.py:3036} INFO - Sync 1 DAGs
[2024-02-25T18:24:25.468+0000] {logging_mixin.py:188} INFO - [2024-02-25T18:24:25.467+0000] {dag.py:3823} INFO - Setting next_dagrun for example_dag_decorator to None, run_after=None
[2024-02-25T18:24:25.499+0000] {processor.py:183} INFO - Processing /home/airflow/.local/lib/python3.8/site-packages/airflow/example_dags/example_dag_decorator.py took 0.271 seconds
[2024-02-25T18:24:56.221+0000] {processor.py:161} INFO - Started process (PID=7612) to work on /home/airflow/.local/lib/python3.8/site-packages/airflow/example_dags/example_dag_decorator.py
[2024-02-25T18:24:56.222+0000] {processor.py:830} INFO - Processing file /home/airflow/.local/lib/python3.8/site-packages/airflow/example_dags/example_dag_decorator.py for tasks to queue
[2024-02-25T18:24:56.223+0000] {logging_mixin.py:188} INFO - [2024-02-25T18:24:56.223+0000] {dagbag.py:538} INFO - Filling up the DagBag from /home/airflow/.local/lib/python3.8/site-packages/airflow/example_dags/example_dag_decorator.py
[2024-02-25T18:24:56.331+0000] {processor.py:840} INFO - DAG(s) 'example_dag_decorator' retrieved from /home/airflow/.local/lib/python3.8/site-packages/airflow/example_dags/example_dag_decorator.py
[2024-02-25T18:24:56.460+0000] {logging_mixin.py:188} INFO - [2024-02-25T18:24:56.460+0000] {dag.py:3036} INFO - Sync 1 DAGs
[2024-02-25T18:24:56.475+0000] {logging_mixin.py:188} INFO - [2024-02-25T18:24:56.475+0000] {dag.py:3823} INFO - Setting next_dagrun for example_dag_decorator to None, run_after=None
[2024-02-25T18:24:56.501+0000] {processor.py:183} INFO - Processing /home/airflow/.local/lib/python3.8/site-packages/airflow/example_dags/example_dag_decorator.py took 0.285 seconds
[2024-02-25T18:25:27.226+0000] {processor.py:161} INFO - Started process (PID=7676) to work on /home/airflow/.local/lib/python3.8/site-packages/airflow/example_dags/example_dag_decorator.py
[2024-02-25T18:25:27.228+0000] {processor.py:830} INFO - Processing file /home/airflow/.local/lib/python3.8/site-packages/airflow/example_dags/example_dag_decorator.py for tasks to queue
[2024-02-25T18:25:27.229+0000] {logging_mixin.py:188} INFO - [2024-02-25T18:25:27.229+0000] {dagbag.py:538} INFO - Filling up the DagBag from /home/airflow/.local/lib/python3.8/site-packages/airflow/example_dags/example_dag_decorator.py
[2024-02-25T18:25:27.340+0000] {processor.py:840} INFO - DAG(s) 'example_dag_decorator' retrieved from /home/airflow/.local/lib/python3.8/site-packages/airflow/example_dags/example_dag_decorator.py
[2024-02-25T18:25:27.458+0000] {logging_mixin.py:188} INFO - [2024-02-25T18:25:27.458+0000] {dag.py:3036} INFO - Sync 1 DAGs
[2024-02-25T18:25:27.469+0000] {logging_mixin.py:188} INFO - [2024-02-25T18:25:27.468+0000] {dag.py:3823} INFO - Setting next_dagrun for example_dag_decorator to None, run_after=None
[2024-02-25T18:25:27.492+0000] {processor.py:183} INFO - Processing /home/airflow/.local/lib/python3.8/site-packages/airflow/example_dags/example_dag_decorator.py took 0.270 seconds
[2024-02-25T18:25:57.931+0000] {processor.py:161} INFO - Started process (PID=7739) to work on /home/airflow/.local/lib/python3.8/site-packages/airflow/example_dags/example_dag_decorator.py
[2024-02-25T18:25:57.932+0000] {processor.py:830} INFO - Processing file /home/airflow/.local/lib/python3.8/site-packages/airflow/example_dags/example_dag_decorator.py for tasks to queue
[2024-02-25T18:25:57.933+0000] {logging_mixin.py:188} INFO - [2024-02-25T18:25:57.933+0000] {dagbag.py:538} INFO - Filling up the DagBag from /home/airflow/.local/lib/python3.8/site-packages/airflow/example_dags/example_dag_decorator.py
[2024-02-25T18:25:58.033+0000] {processor.py:840} INFO - DAG(s) 'example_dag_decorator' retrieved from /home/airflow/.local/lib/python3.8/site-packages/airflow/example_dags/example_dag_decorator.py
[2024-02-25T18:25:58.058+0000] {logging_mixin.py:188} INFO - [2024-02-25T18:25:58.058+0000] {dag.py:3036} INFO - Sync 1 DAGs
[2024-02-25T18:25:58.070+0000] {logging_mixin.py:188} INFO - [2024-02-25T18:25:58.070+0000] {dag.py:3823} INFO - Setting next_dagrun for example_dag_decorator to None, run_after=None
[2024-02-25T18:25:58.091+0000] {processor.py:183} INFO - Processing /home/airflow/.local/lib/python3.8/site-packages/airflow/example_dags/example_dag_decorator.py took 0.164 seconds
[2024-02-25T18:26:28.510+0000] {processor.py:161} INFO - Started process (PID=7801) to work on /home/airflow/.local/lib/python3.8/site-packages/airflow/example_dags/example_dag_decorator.py
[2024-02-25T18:26:28.511+0000] {processor.py:830} INFO - Processing file /home/airflow/.local/lib/python3.8/site-packages/airflow/example_dags/example_dag_decorator.py for tasks to queue
[2024-02-25T18:26:28.512+0000] {logging_mixin.py:188} INFO - [2024-02-25T18:26:28.512+0000] {dagbag.py:538} INFO - Filling up the DagBag from /home/airflow/.local/lib/python3.8/site-packages/airflow/example_dags/example_dag_decorator.py
[2024-02-25T18:26:28.619+0000] {processor.py:840} INFO - DAG(s) 'example_dag_decorator' retrieved from /home/airflow/.local/lib/python3.8/site-packages/airflow/example_dags/example_dag_decorator.py
[2024-02-25T18:26:28.730+0000] {logging_mixin.py:188} INFO - [2024-02-25T18:26:28.730+0000] {dag.py:3036} INFO - Sync 1 DAGs
[2024-02-25T18:26:28.743+0000] {logging_mixin.py:188} INFO - [2024-02-25T18:26:28.743+0000] {dag.py:3823} INFO - Setting next_dagrun for example_dag_decorator to None, run_after=None
[2024-02-25T18:26:28.768+0000] {processor.py:183} INFO - Processing /home/airflow/.local/lib/python3.8/site-packages/airflow/example_dags/example_dag_decorator.py took 0.262 seconds
[2024-02-25T18:27:00.133+0000] {processor.py:161} INFO - Started process (PID=7865) to work on /home/airflow/.local/lib/python3.8/site-packages/airflow/example_dags/example_dag_decorator.py
[2024-02-25T18:27:00.134+0000] {processor.py:830} INFO - Processing file /home/airflow/.local/lib/python3.8/site-packages/airflow/example_dags/example_dag_decorator.py for tasks to queue
[2024-02-25T18:27:00.136+0000] {logging_mixin.py:188} INFO - [2024-02-25T18:27:00.136+0000] {dagbag.py:538} INFO - Filling up the DagBag from /home/airflow/.local/lib/python3.8/site-packages/airflow/example_dags/example_dag_decorator.py
[2024-02-25T18:27:00.243+0000] {processor.py:840} INFO - DAG(s) 'example_dag_decorator' retrieved from /home/airflow/.local/lib/python3.8/site-packages/airflow/example_dags/example_dag_decorator.py
[2024-02-25T18:27:00.359+0000] {logging_mixin.py:188} INFO - [2024-02-25T18:27:00.359+0000] {dag.py:3036} INFO - Sync 1 DAGs
[2024-02-25T18:27:00.372+0000] {logging_mixin.py:188} INFO - [2024-02-25T18:27:00.372+0000] {dag.py:3823} INFO - Setting next_dagrun for example_dag_decorator to None, run_after=None
[2024-02-25T18:27:00.395+0000] {processor.py:183} INFO - Processing /home/airflow/.local/lib/python3.8/site-packages/airflow/example_dags/example_dag_decorator.py took 0.266 seconds
[2024-02-25T18:27:30.959+0000] {processor.py:161} INFO - Started process (PID=7928) to work on /home/airflow/.local/lib/python3.8/site-packages/airflow/example_dags/example_dag_decorator.py
[2024-02-25T18:27:30.963+0000] {processor.py:830} INFO - Processing file /home/airflow/.local/lib/python3.8/site-packages/airflow/example_dags/example_dag_decorator.py for tasks to queue
[2024-02-25T18:27:30.965+0000] {logging_mixin.py:188} INFO - [2024-02-25T18:27:30.964+0000] {dagbag.py:538} INFO - Filling up the DagBag from /home/airflow/.local/lib/python3.8/site-packages/airflow/example_dags/example_dag_decorator.py
[2024-02-25T18:27:31.112+0000] {processor.py:840} INFO - DAG(s) 'example_dag_decorator' retrieved from /home/airflow/.local/lib/python3.8/site-packages/airflow/example_dags/example_dag_decorator.py
[2024-02-25T18:27:31.245+0000] {logging_mixin.py:188} INFO - [2024-02-25T18:27:31.245+0000] {dag.py:3036} INFO - Sync 1 DAGs
[2024-02-25T18:27:31.263+0000] {logging_mixin.py:188} INFO - [2024-02-25T18:27:31.263+0000] {dag.py:3823} INFO - Setting next_dagrun for example_dag_decorator to None, run_after=None
[2024-02-25T18:27:31.292+0000] {processor.py:183} INFO - Processing /home/airflow/.local/lib/python3.8/site-packages/airflow/example_dags/example_dag_decorator.py took 0.337 seconds
[2024-02-25T18:28:02.185+0000] {processor.py:161} INFO - Started process (PID=7991) to work on /home/airflow/.local/lib/python3.8/site-packages/airflow/example_dags/example_dag_decorator.py
[2024-02-25T18:28:02.186+0000] {processor.py:830} INFO - Processing file /home/airflow/.local/lib/python3.8/site-packages/airflow/example_dags/example_dag_decorator.py for tasks to queue
[2024-02-25T18:28:02.187+0000] {logging_mixin.py:188} INFO - [2024-02-25T18:28:02.187+0000] {dagbag.py:538} INFO - Filling up the DagBag from /home/airflow/.local/lib/python3.8/site-packages/airflow/example_dags/example_dag_decorator.py
[2024-02-25T18:28:02.303+0000] {processor.py:840} INFO - DAG(s) 'example_dag_decorator' retrieved from /home/airflow/.local/lib/python3.8/site-packages/airflow/example_dags/example_dag_decorator.py
[2024-02-25T18:28:02.422+0000] {logging_mixin.py:188} INFO - [2024-02-25T18:28:02.421+0000] {dag.py:3036} INFO - Sync 1 DAGs
[2024-02-25T18:28:02.435+0000] {logging_mixin.py:188} INFO - [2024-02-25T18:28:02.435+0000] {dag.py:3823} INFO - Setting next_dagrun for example_dag_decorator to None, run_after=None
[2024-02-25T18:28:02.475+0000] {processor.py:183} INFO - Processing /home/airflow/.local/lib/python3.8/site-packages/airflow/example_dags/example_dag_decorator.py took 0.294 seconds
[2024-02-25T18:28:32.521+0000] {processor.py:161} INFO - Started process (PID=8054) to work on /home/airflow/.local/lib/python3.8/site-packages/airflow/example_dags/example_dag_decorator.py
[2024-02-25T18:28:32.523+0000] {processor.py:830} INFO - Processing file /home/airflow/.local/lib/python3.8/site-packages/airflow/example_dags/example_dag_decorator.py for tasks to queue
[2024-02-25T18:28:32.524+0000] {logging_mixin.py:188} INFO - [2024-02-25T18:28:32.524+0000] {dagbag.py:538} INFO - Filling up the DagBag from /home/airflow/.local/lib/python3.8/site-packages/airflow/example_dags/example_dag_decorator.py
[2024-02-25T18:28:32.638+0000] {processor.py:840} INFO - DAG(s) 'example_dag_decorator' retrieved from /home/airflow/.local/lib/python3.8/site-packages/airflow/example_dags/example_dag_decorator.py
[2024-02-25T18:28:32.754+0000] {logging_mixin.py:188} INFO - [2024-02-25T18:28:32.754+0000] {dag.py:3036} INFO - Sync 1 DAGs
[2024-02-25T18:28:32.766+0000] {logging_mixin.py:188} INFO - [2024-02-25T18:28:32.765+0000] {dag.py:3823} INFO - Setting next_dagrun for example_dag_decorator to None, run_after=None
[2024-02-25T18:28:32.792+0000] {processor.py:183} INFO - Processing /home/airflow/.local/lib/python3.8/site-packages/airflow/example_dags/example_dag_decorator.py took 0.275 seconds
[2024-02-25T18:29:02.978+0000] {processor.py:161} INFO - Started process (PID=8114) to work on /home/airflow/.local/lib/python3.8/site-packages/airflow/example_dags/example_dag_decorator.py
[2024-02-25T18:29:02.980+0000] {processor.py:830} INFO - Processing file /home/airflow/.local/lib/python3.8/site-packages/airflow/example_dags/example_dag_decorator.py for tasks to queue
[2024-02-25T18:29:02.981+0000] {logging_mixin.py:188} INFO - [2024-02-25T18:29:02.980+0000] {dagbag.py:538} INFO - Filling up the DagBag from /home/airflow/.local/lib/python3.8/site-packages/airflow/example_dags/example_dag_decorator.py
[2024-02-25T18:29:03.094+0000] {processor.py:840} INFO - DAG(s) 'example_dag_decorator' retrieved from /home/airflow/.local/lib/python3.8/site-packages/airflow/example_dags/example_dag_decorator.py
[2024-02-25T18:29:03.124+0000] {logging_mixin.py:188} INFO - [2024-02-25T18:29:03.124+0000] {dag.py:3036} INFO - Sync 1 DAGs
[2024-02-25T18:29:03.137+0000] {logging_mixin.py:188} INFO - [2024-02-25T18:29:03.137+0000] {dag.py:3823} INFO - Setting next_dagrun for example_dag_decorator to None, run_after=None
[2024-02-25T18:29:03.161+0000] {processor.py:183} INFO - Processing /home/airflow/.local/lib/python3.8/site-packages/airflow/example_dags/example_dag_decorator.py took 0.187 seconds
[2024-02-25T18:29:33.303+0000] {processor.py:161} INFO - Started process (PID=8175) to work on /home/airflow/.local/lib/python3.8/site-packages/airflow/example_dags/example_dag_decorator.py
[2024-02-25T18:29:33.304+0000] {processor.py:830} INFO - Processing file /home/airflow/.local/lib/python3.8/site-packages/airflow/example_dags/example_dag_decorator.py for tasks to queue
[2024-02-25T18:29:33.306+0000] {logging_mixin.py:188} INFO - [2024-02-25T18:29:33.305+0000] {dagbag.py:538} INFO - Filling up the DagBag from /home/airflow/.local/lib/python3.8/site-packages/airflow/example_dags/example_dag_decorator.py
[2024-02-25T18:29:33.405+0000] {processor.py:840} INFO - DAG(s) 'example_dag_decorator' retrieved from /home/airflow/.local/lib/python3.8/site-packages/airflow/example_dags/example_dag_decorator.py
[2024-02-25T18:29:33.530+0000] {logging_mixin.py:188} INFO - [2024-02-25T18:29:33.529+0000] {dag.py:3036} INFO - Sync 1 DAGs
[2024-02-25T18:29:33.543+0000] {logging_mixin.py:188} INFO - [2024-02-25T18:29:33.543+0000] {dag.py:3823} INFO - Setting next_dagrun for example_dag_decorator to None, run_after=None
[2024-02-25T18:29:33.569+0000] {processor.py:183} INFO - Processing /home/airflow/.local/lib/python3.8/site-packages/airflow/example_dags/example_dag_decorator.py took 0.269 seconds
[2024-02-25T18:30:04.274+0000] {processor.py:161} INFO - Started process (PID=8238) to work on /home/airflow/.local/lib/python3.8/site-packages/airflow/example_dags/example_dag_decorator.py
[2024-02-25T18:30:04.276+0000] {processor.py:830} INFO - Processing file /home/airflow/.local/lib/python3.8/site-packages/airflow/example_dags/example_dag_decorator.py for tasks to queue
[2024-02-25T18:30:04.277+0000] {logging_mixin.py:188} INFO - [2024-02-25T18:30:04.277+0000] {dagbag.py:538} INFO - Filling up the DagBag from /home/airflow/.local/lib/python3.8/site-packages/airflow/example_dags/example_dag_decorator.py
[2024-02-25T18:30:04.382+0000] {processor.py:840} INFO - DAG(s) 'example_dag_decorator' retrieved from /home/airflow/.local/lib/python3.8/site-packages/airflow/example_dags/example_dag_decorator.py
[2024-02-25T18:30:04.409+0000] {logging_mixin.py:188} INFO - [2024-02-25T18:30:04.409+0000] {dag.py:3036} INFO - Sync 1 DAGs
[2024-02-25T18:30:04.423+0000] {logging_mixin.py:188} INFO - [2024-02-25T18:30:04.422+0000] {dag.py:3823} INFO - Setting next_dagrun for example_dag_decorator to None, run_after=None
[2024-02-25T18:30:04.445+0000] {processor.py:183} INFO - Processing /home/airflow/.local/lib/python3.8/site-packages/airflow/example_dags/example_dag_decorator.py took 0.175 seconds
[2024-02-25T18:30:34.988+0000] {processor.py:161} INFO - Started process (PID=8302) to work on /home/airflow/.local/lib/python3.8/site-packages/airflow/example_dags/example_dag_decorator.py
[2024-02-25T18:30:34.989+0000] {processor.py:830} INFO - Processing file /home/airflow/.local/lib/python3.8/site-packages/airflow/example_dags/example_dag_decorator.py for tasks to queue
[2024-02-25T18:30:34.990+0000] {logging_mixin.py:188} INFO - [2024-02-25T18:30:34.990+0000] {dagbag.py:538} INFO - Filling up the DagBag from /home/airflow/.local/lib/python3.8/site-packages/airflow/example_dags/example_dag_decorator.py
[2024-02-25T18:30:35.101+0000] {processor.py:840} INFO - DAG(s) 'example_dag_decorator' retrieved from /home/airflow/.local/lib/python3.8/site-packages/airflow/example_dags/example_dag_decorator.py
[2024-02-25T18:30:35.128+0000] {logging_mixin.py:188} INFO - [2024-02-25T18:30:35.128+0000] {dag.py:3036} INFO - Sync 1 DAGs
[2024-02-25T18:30:35.141+0000] {logging_mixin.py:188} INFO - [2024-02-25T18:30:35.141+0000] {dag.py:3823} INFO - Setting next_dagrun for example_dag_decorator to None, run_after=None
[2024-02-25T18:30:35.164+0000] {processor.py:183} INFO - Processing /home/airflow/.local/lib/python3.8/site-packages/airflow/example_dags/example_dag_decorator.py took 0.180 seconds
[2024-02-25T18:31:05.232+0000] {processor.py:161} INFO - Started process (PID=8365) to work on /home/airflow/.local/lib/python3.8/site-packages/airflow/example_dags/example_dag_decorator.py
[2024-02-25T18:31:05.233+0000] {processor.py:830} INFO - Processing file /home/airflow/.local/lib/python3.8/site-packages/airflow/example_dags/example_dag_decorator.py for tasks to queue
[2024-02-25T18:31:05.234+0000] {logging_mixin.py:188} INFO - [2024-02-25T18:31:05.234+0000] {dagbag.py:538} INFO - Filling up the DagBag from /home/airflow/.local/lib/python3.8/site-packages/airflow/example_dags/example_dag_decorator.py
[2024-02-25T18:31:05.345+0000] {processor.py:840} INFO - DAG(s) 'example_dag_decorator' retrieved from /home/airflow/.local/lib/python3.8/site-packages/airflow/example_dags/example_dag_decorator.py
[2024-02-25T18:31:05.372+0000] {logging_mixin.py:188} INFO - [2024-02-25T18:31:05.371+0000] {dag.py:3036} INFO - Sync 1 DAGs
[2024-02-25T18:31:05.385+0000] {logging_mixin.py:188} INFO - [2024-02-25T18:31:05.385+0000] {dag.py:3823} INFO - Setting next_dagrun for example_dag_decorator to None, run_after=None
[2024-02-25T18:31:05.409+0000] {processor.py:183} INFO - Processing /home/airflow/.local/lib/python3.8/site-packages/airflow/example_dags/example_dag_decorator.py took 0.181 seconds
[2024-02-25T18:31:36.013+0000] {processor.py:161} INFO - Started process (PID=8428) to work on /home/airflow/.local/lib/python3.8/site-packages/airflow/example_dags/example_dag_decorator.py
[2024-02-25T18:31:36.015+0000] {processor.py:830} INFO - Processing file /home/airflow/.local/lib/python3.8/site-packages/airflow/example_dags/example_dag_decorator.py for tasks to queue
[2024-02-25T18:31:36.016+0000] {logging_mixin.py:188} INFO - [2024-02-25T18:31:36.015+0000] {dagbag.py:538} INFO - Filling up the DagBag from /home/airflow/.local/lib/python3.8/site-packages/airflow/example_dags/example_dag_decorator.py
[2024-02-25T18:31:36.133+0000] {processor.py:840} INFO - DAG(s) 'example_dag_decorator' retrieved from /home/airflow/.local/lib/python3.8/site-packages/airflow/example_dags/example_dag_decorator.py
[2024-02-25T18:31:36.162+0000] {logging_mixin.py:188} INFO - [2024-02-25T18:31:36.162+0000] {dag.py:3036} INFO - Sync 1 DAGs
[2024-02-25T18:31:36.175+0000] {logging_mixin.py:188} INFO - [2024-02-25T18:31:36.174+0000] {dag.py:3823} INFO - Setting next_dagrun for example_dag_decorator to None, run_after=None
[2024-02-25T18:31:36.196+0000] {processor.py:183} INFO - Processing /home/airflow/.local/lib/python3.8/site-packages/airflow/example_dags/example_dag_decorator.py took 0.187 seconds
[2024-02-25T18:32:06.472+0000] {processor.py:161} INFO - Started process (PID=8491) to work on /home/airflow/.local/lib/python3.8/site-packages/airflow/example_dags/example_dag_decorator.py
[2024-02-25T18:32:06.473+0000] {processor.py:830} INFO - Processing file /home/airflow/.local/lib/python3.8/site-packages/airflow/example_dags/example_dag_decorator.py for tasks to queue
[2024-02-25T18:32:06.474+0000] {logging_mixin.py:188} INFO - [2024-02-25T18:32:06.474+0000] {dagbag.py:538} INFO - Filling up the DagBag from /home/airflow/.local/lib/python3.8/site-packages/airflow/example_dags/example_dag_decorator.py
[2024-02-25T18:32:06.579+0000] {processor.py:840} INFO - DAG(s) 'example_dag_decorator' retrieved from /home/airflow/.local/lib/python3.8/site-packages/airflow/example_dags/example_dag_decorator.py
[2024-02-25T18:32:06.614+0000] {logging_mixin.py:188} INFO - [2024-02-25T18:32:06.614+0000] {dag.py:3036} INFO - Sync 1 DAGs
[2024-02-25T18:32:06.628+0000] {logging_mixin.py:188} INFO - [2024-02-25T18:32:06.628+0000] {dag.py:3823} INFO - Setting next_dagrun for example_dag_decorator to None, run_after=None
[2024-02-25T18:32:06.652+0000] {processor.py:183} INFO - Processing /home/airflow/.local/lib/python3.8/site-packages/airflow/example_dags/example_dag_decorator.py took 0.184 seconds
[2024-02-25T18:32:36.711+0000] {processor.py:161} INFO - Started process (PID=8555) to work on /home/airflow/.local/lib/python3.8/site-packages/airflow/example_dags/example_dag_decorator.py
[2024-02-25T18:32:36.713+0000] {processor.py:830} INFO - Processing file /home/airflow/.local/lib/python3.8/site-packages/airflow/example_dags/example_dag_decorator.py for tasks to queue
[2024-02-25T18:32:36.714+0000] {logging_mixin.py:188} INFO - [2024-02-25T18:32:36.713+0000] {dagbag.py:538} INFO - Filling up the DagBag from /home/airflow/.local/lib/python3.8/site-packages/airflow/example_dags/example_dag_decorator.py
[2024-02-25T18:32:36.839+0000] {processor.py:840} INFO - DAG(s) 'example_dag_decorator' retrieved from /home/airflow/.local/lib/python3.8/site-packages/airflow/example_dags/example_dag_decorator.py
[2024-02-25T18:32:36.950+0000] {logging_mixin.py:188} INFO - [2024-02-25T18:32:36.950+0000] {dag.py:3036} INFO - Sync 1 DAGs
[2024-02-25T18:32:36.961+0000] {logging_mixin.py:188} INFO - [2024-02-25T18:32:36.961+0000] {dag.py:3823} INFO - Setting next_dagrun for example_dag_decorator to None, run_after=None
[2024-02-25T18:32:36.985+0000] {processor.py:183} INFO - Processing /home/airflow/.local/lib/python3.8/site-packages/airflow/example_dags/example_dag_decorator.py took 0.278 seconds
[2024-02-25T18:33:07.397+0000] {processor.py:161} INFO - Started process (PID=8618) to work on /home/airflow/.local/lib/python3.8/site-packages/airflow/example_dags/example_dag_decorator.py
[2024-02-25T18:33:07.399+0000] {processor.py:830} INFO - Processing file /home/airflow/.local/lib/python3.8/site-packages/airflow/example_dags/example_dag_decorator.py for tasks to queue
[2024-02-25T18:33:07.400+0000] {logging_mixin.py:188} INFO - [2024-02-25T18:33:07.399+0000] {dagbag.py:538} INFO - Filling up the DagBag from /home/airflow/.local/lib/python3.8/site-packages/airflow/example_dags/example_dag_decorator.py
[2024-02-25T18:33:07.502+0000] {processor.py:840} INFO - DAG(s) 'example_dag_decorator' retrieved from /home/airflow/.local/lib/python3.8/site-packages/airflow/example_dags/example_dag_decorator.py
[2024-02-25T18:33:07.527+0000] {logging_mixin.py:188} INFO - [2024-02-25T18:33:07.527+0000] {dag.py:3036} INFO - Sync 1 DAGs
[2024-02-25T18:33:07.539+0000] {logging_mixin.py:188} INFO - [2024-02-25T18:33:07.539+0000] {dag.py:3823} INFO - Setting next_dagrun for example_dag_decorator to None, run_after=None
[2024-02-25T18:33:07.563+0000] {processor.py:183} INFO - Processing /home/airflow/.local/lib/python3.8/site-packages/airflow/example_dags/example_dag_decorator.py took 0.169 seconds
[2024-02-25T18:33:37.624+0000] {processor.py:161} INFO - Started process (PID=8681) to work on /home/airflow/.local/lib/python3.8/site-packages/airflow/example_dags/example_dag_decorator.py
[2024-02-25T18:33:37.625+0000] {processor.py:830} INFO - Processing file /home/airflow/.local/lib/python3.8/site-packages/airflow/example_dags/example_dag_decorator.py for tasks to queue
[2024-02-25T18:33:37.626+0000] {logging_mixin.py:188} INFO - [2024-02-25T18:33:37.626+0000] {dagbag.py:538} INFO - Filling up the DagBag from /home/airflow/.local/lib/python3.8/site-packages/airflow/example_dags/example_dag_decorator.py
[2024-02-25T18:33:37.730+0000] {processor.py:840} INFO - DAG(s) 'example_dag_decorator' retrieved from /home/airflow/.local/lib/python3.8/site-packages/airflow/example_dags/example_dag_decorator.py
[2024-02-25T18:33:37.755+0000] {logging_mixin.py:188} INFO - [2024-02-25T18:33:37.754+0000] {dag.py:3036} INFO - Sync 1 DAGs
[2024-02-25T18:33:37.768+0000] {logging_mixin.py:188} INFO - [2024-02-25T18:33:37.767+0000] {dag.py:3823} INFO - Setting next_dagrun for example_dag_decorator to None, run_after=None
[2024-02-25T18:33:37.791+0000] {processor.py:183} INFO - Processing /home/airflow/.local/lib/python3.8/site-packages/airflow/example_dags/example_dag_decorator.py took 0.171 seconds
[2024-02-25T18:34:08.604+0000] {processor.py:161} INFO - Started process (PID=8743) to work on /home/airflow/.local/lib/python3.8/site-packages/airflow/example_dags/example_dag_decorator.py
[2024-02-25T18:34:08.605+0000] {processor.py:830} INFO - Processing file /home/airflow/.local/lib/python3.8/site-packages/airflow/example_dags/example_dag_decorator.py for tasks to queue
[2024-02-25T18:34:08.606+0000] {logging_mixin.py:188} INFO - [2024-02-25T18:34:08.606+0000] {dagbag.py:538} INFO - Filling up the DagBag from /home/airflow/.local/lib/python3.8/site-packages/airflow/example_dags/example_dag_decorator.py
[2024-02-25T18:34:08.710+0000] {processor.py:840} INFO - DAG(s) 'example_dag_decorator' retrieved from /home/airflow/.local/lib/python3.8/site-packages/airflow/example_dags/example_dag_decorator.py
[2024-02-25T18:34:08.988+0000] {logging_mixin.py:188} INFO - [2024-02-25T18:34:08.988+0000] {dag.py:3036} INFO - Sync 1 DAGs
[2024-02-25T18:34:08.999+0000] {logging_mixin.py:188} INFO - [2024-02-25T18:34:08.999+0000] {dag.py:3823} INFO - Setting next_dagrun for example_dag_decorator to None, run_after=None
[2024-02-25T18:34:09.025+0000] {processor.py:183} INFO - Processing /home/airflow/.local/lib/python3.8/site-packages/airflow/example_dags/example_dag_decorator.py took 0.424 seconds
[2024-02-25T18:34:39.179+0000] {processor.py:161} INFO - Started process (PID=8809) to work on /home/airflow/.local/lib/python3.8/site-packages/airflow/example_dags/example_dag_decorator.py
[2024-02-25T18:34:39.180+0000] {processor.py:830} INFO - Processing file /home/airflow/.local/lib/python3.8/site-packages/airflow/example_dags/example_dag_decorator.py for tasks to queue
[2024-02-25T18:34:39.182+0000] {logging_mixin.py:188} INFO - [2024-02-25T18:34:39.181+0000] {dagbag.py:538} INFO - Filling up the DagBag from /home/airflow/.local/lib/python3.8/site-packages/airflow/example_dags/example_dag_decorator.py
[2024-02-25T18:34:39.288+0000] {processor.py:840} INFO - DAG(s) 'example_dag_decorator' retrieved from /home/airflow/.local/lib/python3.8/site-packages/airflow/example_dags/example_dag_decorator.py
[2024-02-25T18:34:39.569+0000] {logging_mixin.py:188} INFO - [2024-02-25T18:34:39.569+0000] {dag.py:3036} INFO - Sync 1 DAGs
[2024-02-25T18:34:39.580+0000] {logging_mixin.py:188} INFO - [2024-02-25T18:34:39.580+0000] {dag.py:3823} INFO - Setting next_dagrun for example_dag_decorator to None, run_after=None
[2024-02-25T18:34:39.606+0000] {processor.py:183} INFO - Processing /home/airflow/.local/lib/python3.8/site-packages/airflow/example_dags/example_dag_decorator.py took 0.431 seconds
[2024-02-25T18:35:09.931+0000] {processor.py:161} INFO - Started process (PID=8875) to work on /home/airflow/.local/lib/python3.8/site-packages/airflow/example_dags/example_dag_decorator.py
[2024-02-25T18:35:09.933+0000] {processor.py:830} INFO - Processing file /home/airflow/.local/lib/python3.8/site-packages/airflow/example_dags/example_dag_decorator.py for tasks to queue
[2024-02-25T18:35:09.934+0000] {logging_mixin.py:188} INFO - [2024-02-25T18:35:09.933+0000] {dagbag.py:538} INFO - Filling up the DagBag from /home/airflow/.local/lib/python3.8/site-packages/airflow/example_dags/example_dag_decorator.py
[2024-02-25T18:35:10.042+0000] {processor.py:840} INFO - DAG(s) 'example_dag_decorator' retrieved from /home/airflow/.local/lib/python3.8/site-packages/airflow/example_dags/example_dag_decorator.py
[2024-02-25T18:35:10.346+0000] {logging_mixin.py:188} INFO - [2024-02-25T18:35:10.346+0000] {dag.py:3036} INFO - Sync 1 DAGs
[2024-02-25T18:35:10.357+0000] {logging_mixin.py:188} INFO - [2024-02-25T18:35:10.357+0000] {dag.py:3823} INFO - Setting next_dagrun for example_dag_decorator to None, run_after=None
[2024-02-25T18:35:10.383+0000] {processor.py:183} INFO - Processing /home/airflow/.local/lib/python3.8/site-packages/airflow/example_dags/example_dag_decorator.py took 0.456 seconds
[2024-02-25T18:35:40.627+0000] {processor.py:161} INFO - Started process (PID=8942) to work on /home/airflow/.local/lib/python3.8/site-packages/airflow/example_dags/example_dag_decorator.py
[2024-02-25T18:35:40.628+0000] {processor.py:830} INFO - Processing file /home/airflow/.local/lib/python3.8/site-packages/airflow/example_dags/example_dag_decorator.py for tasks to queue
[2024-02-25T18:35:40.629+0000] {logging_mixin.py:188} INFO - [2024-02-25T18:35:40.629+0000] {dagbag.py:538} INFO - Filling up the DagBag from /home/airflow/.local/lib/python3.8/site-packages/airflow/example_dags/example_dag_decorator.py
[2024-02-25T18:35:40.739+0000] {processor.py:840} INFO - DAG(s) 'example_dag_decorator' retrieved from /home/airflow/.local/lib/python3.8/site-packages/airflow/example_dags/example_dag_decorator.py
[2024-02-25T18:35:41.133+0000] {logging_mixin.py:188} INFO - [2024-02-25T18:35:41.133+0000] {dag.py:3036} INFO - Sync 1 DAGs
[2024-02-25T18:35:41.147+0000] {logging_mixin.py:188} INFO - [2024-02-25T18:35:41.147+0000] {dag.py:3823} INFO - Setting next_dagrun for example_dag_decorator to None, run_after=None
[2024-02-25T18:35:41.179+0000] {processor.py:183} INFO - Processing /home/airflow/.local/lib/python3.8/site-packages/airflow/example_dags/example_dag_decorator.py took 0.557 seconds
[2024-02-25T18:36:11.941+0000] {processor.py:161} INFO - Started process (PID=9008) to work on /home/airflow/.local/lib/python3.8/site-packages/airflow/example_dags/example_dag_decorator.py
[2024-02-25T18:36:11.944+0000] {processor.py:830} INFO - Processing file /home/airflow/.local/lib/python3.8/site-packages/airflow/example_dags/example_dag_decorator.py for tasks to queue
[2024-02-25T18:36:11.946+0000] {logging_mixin.py:188} INFO - [2024-02-25T18:36:11.946+0000] {dagbag.py:538} INFO - Filling up the DagBag from /home/airflow/.local/lib/python3.8/site-packages/airflow/example_dags/example_dag_decorator.py
[2024-02-25T18:36:12.128+0000] {processor.py:840} INFO - DAG(s) 'example_dag_decorator' retrieved from /home/airflow/.local/lib/python3.8/site-packages/airflow/example_dags/example_dag_decorator.py
[2024-02-25T18:36:12.425+0000] {logging_mixin.py:188} INFO - [2024-02-25T18:36:12.424+0000] {dag.py:3036} INFO - Sync 1 DAGs
[2024-02-25T18:36:12.435+0000] {logging_mixin.py:188} INFO - [2024-02-25T18:36:12.434+0000] {dag.py:3823} INFO - Setting next_dagrun for example_dag_decorator to None, run_after=None
[2024-02-25T18:36:12.457+0000] {processor.py:183} INFO - Processing /home/airflow/.local/lib/python3.8/site-packages/airflow/example_dags/example_dag_decorator.py took 0.520 seconds
[2024-02-25T18:36:43.119+0000] {processor.py:161} INFO - Started process (PID=9071) to work on /home/airflow/.local/lib/python3.8/site-packages/airflow/example_dags/example_dag_decorator.py
[2024-02-25T18:36:43.121+0000] {processor.py:830} INFO - Processing file /home/airflow/.local/lib/python3.8/site-packages/airflow/example_dags/example_dag_decorator.py for tasks to queue
[2024-02-25T18:36:43.122+0000] {logging_mixin.py:188} INFO - [2024-02-25T18:36:43.122+0000] {dagbag.py:538} INFO - Filling up the DagBag from /home/airflow/.local/lib/python3.8/site-packages/airflow/example_dags/example_dag_decorator.py
[2024-02-25T18:36:43.232+0000] {processor.py:840} INFO - DAG(s) 'example_dag_decorator' retrieved from /home/airflow/.local/lib/python3.8/site-packages/airflow/example_dags/example_dag_decorator.py
[2024-02-25T18:36:43.428+0000] {logging_mixin.py:188} INFO - [2024-02-25T18:36:43.428+0000] {dag.py:3036} INFO - Sync 1 DAGs
[2024-02-25T18:36:43.439+0000] {logging_mixin.py:188} INFO - [2024-02-25T18:36:43.439+0000] {dag.py:3823} INFO - Setting next_dagrun for example_dag_decorator to None, run_after=None
[2024-02-25T18:36:43.461+0000] {processor.py:183} INFO - Processing /home/airflow/.local/lib/python3.8/site-packages/airflow/example_dags/example_dag_decorator.py took 0.345 seconds
[2024-02-25T18:37:13.570+0000] {processor.py:161} INFO - Started process (PID=9134) to work on /home/airflow/.local/lib/python3.8/site-packages/airflow/example_dags/example_dag_decorator.py
[2024-02-25T18:37:13.571+0000] {processor.py:830} INFO - Processing file /home/airflow/.local/lib/python3.8/site-packages/airflow/example_dags/example_dag_decorator.py for tasks to queue
[2024-02-25T18:37:13.572+0000] {logging_mixin.py:188} INFO - [2024-02-25T18:37:13.572+0000] {dagbag.py:538} INFO - Filling up the DagBag from /home/airflow/.local/lib/python3.8/site-packages/airflow/example_dags/example_dag_decorator.py
[2024-02-25T18:37:13.701+0000] {processor.py:840} INFO - DAG(s) 'example_dag_decorator' retrieved from /home/airflow/.local/lib/python3.8/site-packages/airflow/example_dags/example_dag_decorator.py
[2024-02-25T18:37:14.021+0000] {logging_mixin.py:188} INFO - [2024-02-25T18:37:14.021+0000] {dag.py:3036} INFO - Sync 1 DAGs
[2024-02-25T18:37:14.032+0000] {logging_mixin.py:188} INFO - [2024-02-25T18:37:14.032+0000] {dag.py:3823} INFO - Setting next_dagrun for example_dag_decorator to None, run_after=None
[2024-02-25T18:37:14.057+0000] {processor.py:183} INFO - Processing /home/airflow/.local/lib/python3.8/site-packages/airflow/example_dags/example_dag_decorator.py took 0.492 seconds
[2024-02-25T18:37:44.587+0000] {processor.py:161} INFO - Started process (PID=9197) to work on /home/airflow/.local/lib/python3.8/site-packages/airflow/example_dags/example_dag_decorator.py
[2024-02-25T18:37:44.588+0000] {processor.py:830} INFO - Processing file /home/airflow/.local/lib/python3.8/site-packages/airflow/example_dags/example_dag_decorator.py for tasks to queue
[2024-02-25T18:37:44.589+0000] {logging_mixin.py:188} INFO - [2024-02-25T18:37:44.589+0000] {dagbag.py:538} INFO - Filling up the DagBag from /home/airflow/.local/lib/python3.8/site-packages/airflow/example_dags/example_dag_decorator.py
[2024-02-25T18:37:44.861+0000] {processor.py:840} INFO - DAG(s) 'example_dag_decorator' retrieved from /home/airflow/.local/lib/python3.8/site-packages/airflow/example_dags/example_dag_decorator.py
[2024-02-25T18:37:44.955+0000] {logging_mixin.py:188} INFO - [2024-02-25T18:37:44.955+0000] {dag.py:3036} INFO - Sync 1 DAGs
[2024-02-25T18:37:44.965+0000] {logging_mixin.py:188} INFO - [2024-02-25T18:37:44.964+0000] {dag.py:3823} INFO - Setting next_dagrun for example_dag_decorator to None, run_after=None
[2024-02-25T18:37:44.986+0000] {processor.py:183} INFO - Processing /home/airflow/.local/lib/python3.8/site-packages/airflow/example_dags/example_dag_decorator.py took 0.403 seconds
[2024-02-25T18:38:15.190+0000] {processor.py:161} INFO - Started process (PID=9261) to work on /home/airflow/.local/lib/python3.8/site-packages/airflow/example_dags/example_dag_decorator.py
[2024-02-25T18:38:15.192+0000] {processor.py:830} INFO - Processing file /home/airflow/.local/lib/python3.8/site-packages/airflow/example_dags/example_dag_decorator.py for tasks to queue
[2024-02-25T18:38:15.193+0000] {logging_mixin.py:188} INFO - [2024-02-25T18:38:15.192+0000] {dagbag.py:538} INFO - Filling up the DagBag from /home/airflow/.local/lib/python3.8/site-packages/airflow/example_dags/example_dag_decorator.py
[2024-02-25T18:38:15.457+0000] {processor.py:840} INFO - DAG(s) 'example_dag_decorator' retrieved from /home/airflow/.local/lib/python3.8/site-packages/airflow/example_dags/example_dag_decorator.py
[2024-02-25T18:38:15.551+0000] {logging_mixin.py:188} INFO - [2024-02-25T18:38:15.550+0000] {dag.py:3036} INFO - Sync 1 DAGs
[2024-02-25T18:38:15.560+0000] {logging_mixin.py:188} INFO - [2024-02-25T18:38:15.560+0000] {dag.py:3823} INFO - Setting next_dagrun for example_dag_decorator to None, run_after=None
[2024-02-25T18:38:15.581+0000] {processor.py:183} INFO - Processing /home/airflow/.local/lib/python3.8/site-packages/airflow/example_dags/example_dag_decorator.py took 0.395 seconds
[2024-02-25T18:38:46.170+0000] {processor.py:161} INFO - Started process (PID=9324) to work on /home/airflow/.local/lib/python3.8/site-packages/airflow/example_dags/example_dag_decorator.py
[2024-02-25T18:38:46.171+0000] {processor.py:830} INFO - Processing file /home/airflow/.local/lib/python3.8/site-packages/airflow/example_dags/example_dag_decorator.py for tasks to queue
[2024-02-25T18:38:46.172+0000] {logging_mixin.py:188} INFO - [2024-02-25T18:38:46.172+0000] {dagbag.py:538} INFO - Filling up the DagBag from /home/airflow/.local/lib/python3.8/site-packages/airflow/example_dags/example_dag_decorator.py
[2024-02-25T18:38:46.438+0000] {processor.py:840} INFO - DAG(s) 'example_dag_decorator' retrieved from /home/airflow/.local/lib/python3.8/site-packages/airflow/example_dags/example_dag_decorator.py
[2024-02-25T18:38:46.535+0000] {logging_mixin.py:188} INFO - [2024-02-25T18:38:46.535+0000] {dag.py:3036} INFO - Sync 1 DAGs
[2024-02-25T18:38:46.545+0000] {logging_mixin.py:188} INFO - [2024-02-25T18:38:46.545+0000] {dag.py:3823} INFO - Setting next_dagrun for example_dag_decorator to None, run_after=None
[2024-02-25T18:38:46.565+0000] {processor.py:183} INFO - Processing /home/airflow/.local/lib/python3.8/site-packages/airflow/example_dags/example_dag_decorator.py took 0.402 seconds
[2024-02-25T18:39:17.043+0000] {processor.py:161} INFO - Started process (PID=9387) to work on /home/airflow/.local/lib/python3.8/site-packages/airflow/example_dags/example_dag_decorator.py
[2024-02-25T18:39:17.044+0000] {processor.py:830} INFO - Processing file /home/airflow/.local/lib/python3.8/site-packages/airflow/example_dags/example_dag_decorator.py for tasks to queue
[2024-02-25T18:39:17.046+0000] {logging_mixin.py:188} INFO - [2024-02-25T18:39:17.045+0000] {dagbag.py:538} INFO - Filling up the DagBag from /home/airflow/.local/lib/python3.8/site-packages/airflow/example_dags/example_dag_decorator.py
[2024-02-25T18:39:17.321+0000] {processor.py:840} INFO - DAG(s) 'example_dag_decorator' retrieved from /home/airflow/.local/lib/python3.8/site-packages/airflow/example_dags/example_dag_decorator.py
[2024-02-25T18:39:17.420+0000] {logging_mixin.py:188} INFO - [2024-02-25T18:39:17.420+0000] {dag.py:3036} INFO - Sync 1 DAGs
[2024-02-25T18:39:17.429+0000] {logging_mixin.py:188} INFO - [2024-02-25T18:39:17.429+0000] {dag.py:3823} INFO - Setting next_dagrun for example_dag_decorator to None, run_after=None
[2024-02-25T18:39:17.451+0000] {processor.py:183} INFO - Processing /home/airflow/.local/lib/python3.8/site-packages/airflow/example_dags/example_dag_decorator.py took 0.412 seconds
[2024-02-25T18:39:47.615+0000] {processor.py:161} INFO - Started process (PID=9449) to work on /home/airflow/.local/lib/python3.8/site-packages/airflow/example_dags/example_dag_decorator.py
[2024-02-25T18:39:47.617+0000] {processor.py:830} INFO - Processing file /home/airflow/.local/lib/python3.8/site-packages/airflow/example_dags/example_dag_decorator.py for tasks to queue
[2024-02-25T18:39:47.619+0000] {logging_mixin.py:188} INFO - [2024-02-25T18:39:47.618+0000] {dagbag.py:538} INFO - Filling up the DagBag from /home/airflow/.local/lib/python3.8/site-packages/airflow/example_dags/example_dag_decorator.py
[2024-02-25T18:39:47.896+0000] {processor.py:840} INFO - DAG(s) 'example_dag_decorator' retrieved from /home/airflow/.local/lib/python3.8/site-packages/airflow/example_dags/example_dag_decorator.py
[2024-02-25T18:39:47.991+0000] {logging_mixin.py:188} INFO - [2024-02-25T18:39:47.991+0000] {dag.py:3036} INFO - Sync 1 DAGs
[2024-02-25T18:39:48.002+0000] {logging_mixin.py:188} INFO - [2024-02-25T18:39:48.001+0000] {dag.py:3823} INFO - Setting next_dagrun for example_dag_decorator to None, run_after=None
[2024-02-25T18:39:48.023+0000] {processor.py:183} INFO - Processing /home/airflow/.local/lib/python3.8/site-packages/airflow/example_dags/example_dag_decorator.py took 0.412 seconds
[2024-02-25T18:40:18.420+0000] {processor.py:161} INFO - Started process (PID=9512) to work on /home/airflow/.local/lib/python3.8/site-packages/airflow/example_dags/example_dag_decorator.py
[2024-02-25T18:40:18.421+0000] {processor.py:830} INFO - Processing file /home/airflow/.local/lib/python3.8/site-packages/airflow/example_dags/example_dag_decorator.py for tasks to queue
[2024-02-25T18:40:18.422+0000] {logging_mixin.py:188} INFO - [2024-02-25T18:40:18.422+0000] {dagbag.py:538} INFO - Filling up the DagBag from /home/airflow/.local/lib/python3.8/site-packages/airflow/example_dags/example_dag_decorator.py
[2024-02-25T18:40:18.696+0000] {processor.py:840} INFO - DAG(s) 'example_dag_decorator' retrieved from /home/airflow/.local/lib/python3.8/site-packages/airflow/example_dags/example_dag_decorator.py
[2024-02-25T18:40:18.793+0000] {logging_mixin.py:188} INFO - [2024-02-25T18:40:18.792+0000] {dag.py:3036} INFO - Sync 1 DAGs
[2024-02-25T18:40:18.804+0000] {logging_mixin.py:188} INFO - [2024-02-25T18:40:18.804+0000] {dag.py:3823} INFO - Setting next_dagrun for example_dag_decorator to None, run_after=None
[2024-02-25T18:40:18.825+0000] {processor.py:183} INFO - Processing /home/airflow/.local/lib/python3.8/site-packages/airflow/example_dags/example_dag_decorator.py took 0.411 seconds
[2024-02-25T20:59:48.954+0000] {processor.py:161} INFO - Started process (PID=9568) to work on /home/airflow/.local/lib/python3.8/site-packages/airflow/example_dags/example_dag_decorator.py
[2024-02-25T20:59:48.956+0000] {processor.py:830} INFO - Processing file /home/airflow/.local/lib/python3.8/site-packages/airflow/example_dags/example_dag_decorator.py for tasks to queue
[2024-02-25T20:59:48.957+0000] {logging_mixin.py:188} INFO - [2024-02-25T20:59:48.956+0000] {dagbag.py:538} INFO - Filling up the DagBag from /home/airflow/.local/lib/python3.8/site-packages/airflow/example_dags/example_dag_decorator.py
[2024-02-25T20:59:49.258+0000] {processor.py:840} INFO - DAG(s) 'example_dag_decorator' retrieved from /home/airflow/.local/lib/python3.8/site-packages/airflow/example_dags/example_dag_decorator.py
[2024-02-25T20:59:49.378+0000] {logging_mixin.py:188} INFO - [2024-02-25T20:59:49.377+0000] {dag.py:3036} INFO - Sync 1 DAGs
[2024-02-25T20:59:49.390+0000] {logging_mixin.py:188} INFO - [2024-02-25T20:59:49.389+0000] {dag.py:3823} INFO - Setting next_dagrun for example_dag_decorator to None, run_after=None
[2024-02-25T20:59:49.415+0000] {processor.py:183} INFO - Processing /home/airflow/.local/lib/python3.8/site-packages/airflow/example_dags/example_dag_decorator.py took 0.465 seconds
[2024-02-25T21:00:19.549+0000] {processor.py:161} INFO - Started process (PID=9639) to work on /home/airflow/.local/lib/python3.8/site-packages/airflow/example_dags/example_dag_decorator.py
[2024-02-25T21:00:19.550+0000] {processor.py:830} INFO - Processing file /home/airflow/.local/lib/python3.8/site-packages/airflow/example_dags/example_dag_decorator.py for tasks to queue
[2024-02-25T21:00:19.552+0000] {logging_mixin.py:188} INFO - [2024-02-25T21:00:19.551+0000] {dagbag.py:538} INFO - Filling up the DagBag from /home/airflow/.local/lib/python3.8/site-packages/airflow/example_dags/example_dag_decorator.py
[2024-02-25T21:00:19.658+0000] {processor.py:840} INFO - DAG(s) 'example_dag_decorator' retrieved from /home/airflow/.local/lib/python3.8/site-packages/airflow/example_dags/example_dag_decorator.py
[2024-02-25T21:00:19.775+0000] {logging_mixin.py:188} INFO - [2024-02-25T21:00:19.774+0000] {dag.py:3036} INFO - Sync 1 DAGs
[2024-02-25T21:00:19.787+0000] {logging_mixin.py:188} INFO - [2024-02-25T21:00:19.786+0000] {dag.py:3823} INFO - Setting next_dagrun for example_dag_decorator to None, run_after=None
[2024-02-25T21:00:19.810+0000] {processor.py:183} INFO - Processing /home/airflow/.local/lib/python3.8/site-packages/airflow/example_dags/example_dag_decorator.py took 0.266 seconds
[2024-02-25T21:00:49.903+0000] {processor.py:161} INFO - Started process (PID=9702) to work on /home/airflow/.local/lib/python3.8/site-packages/airflow/example_dags/example_dag_decorator.py
[2024-02-25T21:00:49.905+0000] {processor.py:830} INFO - Processing file /home/airflow/.local/lib/python3.8/site-packages/airflow/example_dags/example_dag_decorator.py for tasks to queue
[2024-02-25T21:00:49.906+0000] {logging_mixin.py:188} INFO - [2024-02-25T21:00:49.906+0000] {dagbag.py:538} INFO - Filling up the DagBag from /home/airflow/.local/lib/python3.8/site-packages/airflow/example_dags/example_dag_decorator.py
[2024-02-25T21:00:50.006+0000] {processor.py:840} INFO - DAG(s) 'example_dag_decorator' retrieved from /home/airflow/.local/lib/python3.8/site-packages/airflow/example_dags/example_dag_decorator.py
[2024-02-25T21:00:50.117+0000] {logging_mixin.py:188} INFO - [2024-02-25T21:00:50.117+0000] {dag.py:3036} INFO - Sync 1 DAGs
[2024-02-25T21:00:50.128+0000] {logging_mixin.py:188} INFO - [2024-02-25T21:00:50.127+0000] {dag.py:3823} INFO - Setting next_dagrun for example_dag_decorator to None, run_after=None
[2024-02-25T21:00:50.149+0000] {processor.py:183} INFO - Processing /home/airflow/.local/lib/python3.8/site-packages/airflow/example_dags/example_dag_decorator.py took 0.250 seconds
[2024-02-25T21:01:20.640+0000] {processor.py:161} INFO - Started process (PID=9765) to work on /home/airflow/.local/lib/python3.8/site-packages/airflow/example_dags/example_dag_decorator.py
[2024-02-25T21:01:20.641+0000] {processor.py:830} INFO - Processing file /home/airflow/.local/lib/python3.8/site-packages/airflow/example_dags/example_dag_decorator.py for tasks to queue
[2024-02-25T21:01:20.642+0000] {logging_mixin.py:188} INFO - [2024-02-25T21:01:20.642+0000] {dagbag.py:538} INFO - Filling up the DagBag from /home/airflow/.local/lib/python3.8/site-packages/airflow/example_dags/example_dag_decorator.py
[2024-02-25T21:01:20.748+0000] {processor.py:840} INFO - DAG(s) 'example_dag_decorator' retrieved from /home/airflow/.local/lib/python3.8/site-packages/airflow/example_dags/example_dag_decorator.py
[2024-02-25T21:01:20.777+0000] {logging_mixin.py:188} INFO - [2024-02-25T21:01:20.777+0000] {dag.py:3036} INFO - Sync 1 DAGs
[2024-02-25T21:01:20.791+0000] {logging_mixin.py:188} INFO - [2024-02-25T21:01:20.790+0000] {dag.py:3823} INFO - Setting next_dagrun for example_dag_decorator to None, run_after=None
[2024-02-25T21:01:20.813+0000] {processor.py:183} INFO - Processing /home/airflow/.local/lib/python3.8/site-packages/airflow/example_dags/example_dag_decorator.py took 0.177 seconds
[2024-02-25T21:01:51.132+0000] {processor.py:161} INFO - Started process (PID=9828) to work on /home/airflow/.local/lib/python3.8/site-packages/airflow/example_dags/example_dag_decorator.py
[2024-02-25T21:01:51.133+0000] {processor.py:830} INFO - Processing file /home/airflow/.local/lib/python3.8/site-packages/airflow/example_dags/example_dag_decorator.py for tasks to queue
[2024-02-25T21:01:51.134+0000] {logging_mixin.py:188} INFO - [2024-02-25T21:01:51.134+0000] {dagbag.py:538} INFO - Filling up the DagBag from /home/airflow/.local/lib/python3.8/site-packages/airflow/example_dags/example_dag_decorator.py
[2024-02-25T21:01:51.237+0000] {processor.py:840} INFO - DAG(s) 'example_dag_decorator' retrieved from /home/airflow/.local/lib/python3.8/site-packages/airflow/example_dags/example_dag_decorator.py
[2024-02-25T21:01:51.265+0000] {logging_mixin.py:188} INFO - [2024-02-25T21:01:51.265+0000] {dag.py:3036} INFO - Sync 1 DAGs
[2024-02-25T21:01:51.278+0000] {logging_mixin.py:188} INFO - [2024-02-25T21:01:51.278+0000] {dag.py:3823} INFO - Setting next_dagrun for example_dag_decorator to None, run_after=None
[2024-02-25T21:01:51.302+0000] {processor.py:183} INFO - Processing /home/airflow/.local/lib/python3.8/site-packages/airflow/example_dags/example_dag_decorator.py took 0.173 seconds
[2024-02-25T21:02:21.984+0000] {processor.py:161} INFO - Started process (PID=9891) to work on /home/airflow/.local/lib/python3.8/site-packages/airflow/example_dags/example_dag_decorator.py
[2024-02-25T21:02:21.985+0000] {processor.py:830} INFO - Processing file /home/airflow/.local/lib/python3.8/site-packages/airflow/example_dags/example_dag_decorator.py for tasks to queue
[2024-02-25T21:02:21.986+0000] {logging_mixin.py:188} INFO - [2024-02-25T21:02:21.986+0000] {dagbag.py:538} INFO - Filling up the DagBag from /home/airflow/.local/lib/python3.8/site-packages/airflow/example_dags/example_dag_decorator.py
[2024-02-25T21:02:22.088+0000] {processor.py:840} INFO - DAG(s) 'example_dag_decorator' retrieved from /home/airflow/.local/lib/python3.8/site-packages/airflow/example_dags/example_dag_decorator.py
[2024-02-25T21:02:22.116+0000] {logging_mixin.py:188} INFO - [2024-02-25T21:02:22.116+0000] {dag.py:3036} INFO - Sync 1 DAGs
[2024-02-25T21:02:22.129+0000] {logging_mixin.py:188} INFO - [2024-02-25T21:02:22.129+0000] {dag.py:3823} INFO - Setting next_dagrun for example_dag_decorator to None, run_after=None
[2024-02-25T21:02:22.151+0000] {processor.py:183} INFO - Processing /home/airflow/.local/lib/python3.8/site-packages/airflow/example_dags/example_dag_decorator.py took 0.171 seconds
[2024-02-25T21:02:52.745+0000] {processor.py:161} INFO - Started process (PID=9954) to work on /home/airflow/.local/lib/python3.8/site-packages/airflow/example_dags/example_dag_decorator.py
[2024-02-25T21:02:52.746+0000] {processor.py:830} INFO - Processing file /home/airflow/.local/lib/python3.8/site-packages/airflow/example_dags/example_dag_decorator.py for tasks to queue
[2024-02-25T21:02:52.747+0000] {logging_mixin.py:188} INFO - [2024-02-25T21:02:52.747+0000] {dagbag.py:538} INFO - Filling up the DagBag from /home/airflow/.local/lib/python3.8/site-packages/airflow/example_dags/example_dag_decorator.py
[2024-02-25T21:02:52.850+0000] {processor.py:840} INFO - DAG(s) 'example_dag_decorator' retrieved from /home/airflow/.local/lib/python3.8/site-packages/airflow/example_dags/example_dag_decorator.py
[2024-02-25T21:02:52.885+0000] {logging_mixin.py:188} INFO - [2024-02-25T21:02:52.884+0000] {dag.py:3036} INFO - Sync 1 DAGs
[2024-02-25T21:02:52.903+0000] {logging_mixin.py:188} INFO - [2024-02-25T21:02:52.902+0000] {dag.py:3823} INFO - Setting next_dagrun for example_dag_decorator to None, run_after=None
[2024-02-25T21:02:52.928+0000] {processor.py:183} INFO - Processing /home/airflow/.local/lib/python3.8/site-packages/airflow/example_dags/example_dag_decorator.py took 0.187 seconds
[2024-02-25T21:03:23.402+0000] {processor.py:161} INFO - Started process (PID=10017) to work on /home/airflow/.local/lib/python3.8/site-packages/airflow/example_dags/example_dag_decorator.py
[2024-02-25T21:03:23.406+0000] {processor.py:830} INFO - Processing file /home/airflow/.local/lib/python3.8/site-packages/airflow/example_dags/example_dag_decorator.py for tasks to queue
[2024-02-25T21:03:23.407+0000] {logging_mixin.py:188} INFO - [2024-02-25T21:03:23.407+0000] {dagbag.py:538} INFO - Filling up the DagBag from /home/airflow/.local/lib/python3.8/site-packages/airflow/example_dags/example_dag_decorator.py
[2024-02-25T21:03:23.509+0000] {processor.py:840} INFO - DAG(s) 'example_dag_decorator' retrieved from /home/airflow/.local/lib/python3.8/site-packages/airflow/example_dags/example_dag_decorator.py
[2024-02-25T21:03:23.535+0000] {logging_mixin.py:188} INFO - [2024-02-25T21:03:23.534+0000] {dag.py:3036} INFO - Sync 1 DAGs
[2024-02-25T21:03:23.552+0000] {logging_mixin.py:188} INFO - [2024-02-25T21:03:23.552+0000] {dag.py:3823} INFO - Setting next_dagrun for example_dag_decorator to None, run_after=None
[2024-02-25T21:03:23.576+0000] {processor.py:183} INFO - Processing /home/airflow/.local/lib/python3.8/site-packages/airflow/example_dags/example_dag_decorator.py took 0.178 seconds
[2024-02-25T21:03:53.937+0000] {processor.py:161} INFO - Started process (PID=10080) to work on /home/airflow/.local/lib/python3.8/site-packages/airflow/example_dags/example_dag_decorator.py
[2024-02-25T21:03:53.938+0000] {processor.py:830} INFO - Processing file /home/airflow/.local/lib/python3.8/site-packages/airflow/example_dags/example_dag_decorator.py for tasks to queue
[2024-02-25T21:03:53.939+0000] {logging_mixin.py:188} INFO - [2024-02-25T21:03:53.939+0000] {dagbag.py:538} INFO - Filling up the DagBag from /home/airflow/.local/lib/python3.8/site-packages/airflow/example_dags/example_dag_decorator.py
[2024-02-25T21:03:54.045+0000] {processor.py:840} INFO - DAG(s) 'example_dag_decorator' retrieved from /home/airflow/.local/lib/python3.8/site-packages/airflow/example_dags/example_dag_decorator.py
[2024-02-25T21:03:54.075+0000] {logging_mixin.py:188} INFO - [2024-02-25T21:03:54.075+0000] {dag.py:3036} INFO - Sync 1 DAGs
[2024-02-25T21:03:54.089+0000] {logging_mixin.py:188} INFO - [2024-02-25T21:03:54.089+0000] {dag.py:3823} INFO - Setting next_dagrun for example_dag_decorator to None, run_after=None
[2024-02-25T21:03:54.122+0000] {processor.py:183} INFO - Processing /home/airflow/.local/lib/python3.8/site-packages/airflow/example_dags/example_dag_decorator.py took 0.189 seconds
[2024-02-25T21:04:24.373+0000] {processor.py:161} INFO - Started process (PID=10143) to work on /home/airflow/.local/lib/python3.8/site-packages/airflow/example_dags/example_dag_decorator.py
[2024-02-25T21:04:24.374+0000] {processor.py:830} INFO - Processing file /home/airflow/.local/lib/python3.8/site-packages/airflow/example_dags/example_dag_decorator.py for tasks to queue
[2024-02-25T21:04:24.376+0000] {logging_mixin.py:188} INFO - [2024-02-25T21:04:24.375+0000] {dagbag.py:538} INFO - Filling up the DagBag from /home/airflow/.local/lib/python3.8/site-packages/airflow/example_dags/example_dag_decorator.py
[2024-02-25T21:04:24.484+0000] {processor.py:840} INFO - DAG(s) 'example_dag_decorator' retrieved from /home/airflow/.local/lib/python3.8/site-packages/airflow/example_dags/example_dag_decorator.py
[2024-02-25T21:04:24.608+0000] {logging_mixin.py:188} INFO - [2024-02-25T21:04:24.608+0000] {dag.py:3036} INFO - Sync 1 DAGs
[2024-02-25T21:04:24.620+0000] {logging_mixin.py:188} INFO - [2024-02-25T21:04:24.620+0000] {dag.py:3823} INFO - Setting next_dagrun for example_dag_decorator to None, run_after=None
[2024-02-25T21:04:24.650+0000] {processor.py:183} INFO - Processing /home/airflow/.local/lib/python3.8/site-packages/airflow/example_dags/example_dag_decorator.py took 0.281 seconds
[2024-02-25T21:04:54.900+0000] {processor.py:161} INFO - Started process (PID=10206) to work on /home/airflow/.local/lib/python3.8/site-packages/airflow/example_dags/example_dag_decorator.py
[2024-02-25T21:04:54.902+0000] {processor.py:830} INFO - Processing file /home/airflow/.local/lib/python3.8/site-packages/airflow/example_dags/example_dag_decorator.py for tasks to queue
[2024-02-25T21:04:54.904+0000] {logging_mixin.py:188} INFO - [2024-02-25T21:04:54.903+0000] {dagbag.py:538} INFO - Filling up the DagBag from /home/airflow/.local/lib/python3.8/site-packages/airflow/example_dags/example_dag_decorator.py
[2024-02-25T21:04:55.019+0000] {processor.py:840} INFO - DAG(s) 'example_dag_decorator' retrieved from /home/airflow/.local/lib/python3.8/site-packages/airflow/example_dags/example_dag_decorator.py
[2024-02-25T21:04:55.158+0000] {logging_mixin.py:188} INFO - [2024-02-25T21:04:55.158+0000] {dag.py:3036} INFO - Sync 1 DAGs
[2024-02-25T21:04:55.170+0000] {logging_mixin.py:188} INFO - [2024-02-25T21:04:55.170+0000] {dag.py:3823} INFO - Setting next_dagrun for example_dag_decorator to None, run_after=None
[2024-02-25T21:04:55.198+0000] {processor.py:183} INFO - Processing /home/airflow/.local/lib/python3.8/site-packages/airflow/example_dags/example_dag_decorator.py took 0.302 seconds
