[2024-02-25T00:03:59.432+0000] {processor.py:161} INFO - Started process (PID=5904) to work on /home/airflow/.local/lib/python3.8/site-packages/airflow/example_dags/example_nested_branch_dag.py
[2024-02-25T00:03:59.433+0000] {processor.py:830} INFO - Processing file /home/airflow/.local/lib/python3.8/site-packages/airflow/example_dags/example_nested_branch_dag.py for tasks to queue
[2024-02-25T00:03:59.435+0000] {logging_mixin.py:188} INFO - [2024-02-25T00:03:59.434+0000] {dagbag.py:538} INFO - Filling up the DagBag from /home/airflow/.local/lib/python3.8/site-packages/airflow/example_dags/example_nested_branch_dag.py
[2024-02-25T00:03:59.448+0000] {processor.py:840} INFO - DAG(s) 'example_nested_branch_dag' retrieved from /home/airflow/.local/lib/python3.8/site-packages/airflow/example_dags/example_nested_branch_dag.py
[2024-02-25T00:03:59.473+0000] {logging_mixin.py:188} INFO - [2024-02-25T00:03:59.472+0000] {dag.py:3036} INFO - Sync 1 DAGs
[2024-02-25T00:03:59.496+0000] {logging_mixin.py:188} INFO - [2024-02-25T00:03:59.496+0000] {dag.py:3823} INFO - Setting next_dagrun for example_nested_branch_dag to 2024-02-24 00:00:00+00:00, run_after=2024-02-25 00:00:00+00:00
[2024-02-25T00:03:59.522+0000] {processor.py:183} INFO - Processing /home/airflow/.local/lib/python3.8/site-packages/airflow/example_dags/example_nested_branch_dag.py took 0.094 seconds
[2024-02-25T00:04:29.591+0000] {processor.py:161} INFO - Started process (PID=5971) to work on /home/airflow/.local/lib/python3.8/site-packages/airflow/example_dags/example_nested_branch_dag.py
[2024-02-25T00:04:29.592+0000] {processor.py:830} INFO - Processing file /home/airflow/.local/lib/python3.8/site-packages/airflow/example_dags/example_nested_branch_dag.py for tasks to queue
[2024-02-25T00:04:29.594+0000] {logging_mixin.py:188} INFO - [2024-02-25T00:04:29.593+0000] {dagbag.py:538} INFO - Filling up the DagBag from /home/airflow/.local/lib/python3.8/site-packages/airflow/example_dags/example_nested_branch_dag.py
[2024-02-25T00:04:29.605+0000] {processor.py:840} INFO - DAG(s) 'example_nested_branch_dag' retrieved from /home/airflow/.local/lib/python3.8/site-packages/airflow/example_dags/example_nested_branch_dag.py
[2024-02-25T00:04:29.631+0000] {logging_mixin.py:188} INFO - [2024-02-25T00:04:29.631+0000] {dag.py:3036} INFO - Sync 1 DAGs
[2024-02-25T00:04:29.660+0000] {logging_mixin.py:188} INFO - [2024-02-25T00:04:29.659+0000] {dag.py:3823} INFO - Setting next_dagrun for example_nested_branch_dag to 2024-02-24 00:00:00+00:00, run_after=2024-02-25 00:00:00+00:00
[2024-02-25T00:04:29.684+0000] {processor.py:183} INFO - Processing /home/airflow/.local/lib/python3.8/site-packages/airflow/example_dags/example_nested_branch_dag.py took 0.097 seconds
[2024-02-25T00:05:00.339+0000] {processor.py:161} INFO - Started process (PID=6034) to work on /home/airflow/.local/lib/python3.8/site-packages/airflow/example_dags/example_nested_branch_dag.py
[2024-02-25T00:05:00.340+0000] {processor.py:830} INFO - Processing file /home/airflow/.local/lib/python3.8/site-packages/airflow/example_dags/example_nested_branch_dag.py for tasks to queue
[2024-02-25T00:05:00.341+0000] {logging_mixin.py:188} INFO - [2024-02-25T00:05:00.340+0000] {dagbag.py:538} INFO - Filling up the DagBag from /home/airflow/.local/lib/python3.8/site-packages/airflow/example_dags/example_nested_branch_dag.py
[2024-02-25T00:05:00.352+0000] {processor.py:840} INFO - DAG(s) 'example_nested_branch_dag' retrieved from /home/airflow/.local/lib/python3.8/site-packages/airflow/example_dags/example_nested_branch_dag.py
[2024-02-25T00:05:00.377+0000] {logging_mixin.py:188} INFO - [2024-02-25T00:05:00.377+0000] {dag.py:3036} INFO - Sync 1 DAGs
[2024-02-25T00:05:00.400+0000] {logging_mixin.py:188} INFO - [2024-02-25T00:05:00.400+0000] {dag.py:3823} INFO - Setting next_dagrun for example_nested_branch_dag to 2024-02-24 00:00:00+00:00, run_after=2024-02-25 00:00:00+00:00
[2024-02-25T00:05:00.421+0000] {processor.py:183} INFO - Processing /home/airflow/.local/lib/python3.8/site-packages/airflow/example_dags/example_nested_branch_dag.py took 0.087 seconds
[2024-02-25T00:05:30.877+0000] {processor.py:161} INFO - Started process (PID=6098) to work on /home/airflow/.local/lib/python3.8/site-packages/airflow/example_dags/example_nested_branch_dag.py
[2024-02-25T00:05:30.879+0000] {processor.py:830} INFO - Processing file /home/airflow/.local/lib/python3.8/site-packages/airflow/example_dags/example_nested_branch_dag.py for tasks to queue
[2024-02-25T00:05:30.880+0000] {logging_mixin.py:188} INFO - [2024-02-25T00:05:30.880+0000] {dagbag.py:538} INFO - Filling up the DagBag from /home/airflow/.local/lib/python3.8/site-packages/airflow/example_dags/example_nested_branch_dag.py
[2024-02-25T00:05:30.891+0000] {processor.py:840} INFO - DAG(s) 'example_nested_branch_dag' retrieved from /home/airflow/.local/lib/python3.8/site-packages/airflow/example_dags/example_nested_branch_dag.py
[2024-02-25T00:05:30.915+0000] {logging_mixin.py:188} INFO - [2024-02-25T00:05:30.915+0000] {dag.py:3036} INFO - Sync 1 DAGs
[2024-02-25T00:05:30.939+0000] {logging_mixin.py:188} INFO - [2024-02-25T00:05:30.938+0000] {dag.py:3823} INFO - Setting next_dagrun for example_nested_branch_dag to 2024-02-24 00:00:00+00:00, run_after=2024-02-25 00:00:00+00:00
[2024-02-25T00:05:30.962+0000] {processor.py:183} INFO - Processing /home/airflow/.local/lib/python3.8/site-packages/airflow/example_dags/example_nested_branch_dag.py took 0.088 seconds
[2024-02-25T00:06:01.622+0000] {processor.py:161} INFO - Started process (PID=6161) to work on /home/airflow/.local/lib/python3.8/site-packages/airflow/example_dags/example_nested_branch_dag.py
[2024-02-25T00:06:01.623+0000] {processor.py:830} INFO - Processing file /home/airflow/.local/lib/python3.8/site-packages/airflow/example_dags/example_nested_branch_dag.py for tasks to queue
[2024-02-25T00:06:01.625+0000] {logging_mixin.py:188} INFO - [2024-02-25T00:06:01.624+0000] {dagbag.py:538} INFO - Filling up the DagBag from /home/airflow/.local/lib/python3.8/site-packages/airflow/example_dags/example_nested_branch_dag.py
[2024-02-25T00:06:01.636+0000] {processor.py:840} INFO - DAG(s) 'example_nested_branch_dag' retrieved from /home/airflow/.local/lib/python3.8/site-packages/airflow/example_dags/example_nested_branch_dag.py
[2024-02-25T00:06:01.660+0000] {logging_mixin.py:188} INFO - [2024-02-25T00:06:01.660+0000] {dag.py:3036} INFO - Sync 1 DAGs
[2024-02-25T00:06:01.684+0000] {logging_mixin.py:188} INFO - [2024-02-25T00:06:01.684+0000] {dag.py:3823} INFO - Setting next_dagrun for example_nested_branch_dag to 2024-02-24 00:00:00+00:00, run_after=2024-02-25 00:00:00+00:00
[2024-02-25T00:06:01.706+0000] {processor.py:183} INFO - Processing /home/airflow/.local/lib/python3.8/site-packages/airflow/example_dags/example_nested_branch_dag.py took 0.088 seconds
[2024-02-25T00:06:32.444+0000] {processor.py:161} INFO - Started process (PID=6225) to work on /home/airflow/.local/lib/python3.8/site-packages/airflow/example_dags/example_nested_branch_dag.py
[2024-02-25T00:06:32.446+0000] {processor.py:830} INFO - Processing file /home/airflow/.local/lib/python3.8/site-packages/airflow/example_dags/example_nested_branch_dag.py for tasks to queue
[2024-02-25T00:06:32.447+0000] {logging_mixin.py:188} INFO - [2024-02-25T00:06:32.447+0000] {dagbag.py:538} INFO - Filling up the DagBag from /home/airflow/.local/lib/python3.8/site-packages/airflow/example_dags/example_nested_branch_dag.py
[2024-02-25T00:06:32.458+0000] {processor.py:840} INFO - DAG(s) 'example_nested_branch_dag' retrieved from /home/airflow/.local/lib/python3.8/site-packages/airflow/example_dags/example_nested_branch_dag.py
[2024-02-25T00:06:32.486+0000] {logging_mixin.py:188} INFO - [2024-02-25T00:06:32.486+0000] {dag.py:3036} INFO - Sync 1 DAGs
[2024-02-25T00:06:32.515+0000] {logging_mixin.py:188} INFO - [2024-02-25T00:06:32.515+0000] {dag.py:3823} INFO - Setting next_dagrun for example_nested_branch_dag to 2024-02-24 00:00:00+00:00, run_after=2024-02-25 00:00:00+00:00
[2024-02-25T00:06:32.547+0000] {processor.py:183} INFO - Processing /home/airflow/.local/lib/python3.8/site-packages/airflow/example_dags/example_nested_branch_dag.py took 0.107 seconds
[2024-02-25T00:07:03.415+0000] {processor.py:161} INFO - Started process (PID=6288) to work on /home/airflow/.local/lib/python3.8/site-packages/airflow/example_dags/example_nested_branch_dag.py
[2024-02-25T00:07:03.417+0000] {processor.py:830} INFO - Processing file /home/airflow/.local/lib/python3.8/site-packages/airflow/example_dags/example_nested_branch_dag.py for tasks to queue
[2024-02-25T00:07:03.418+0000] {logging_mixin.py:188} INFO - [2024-02-25T00:07:03.417+0000] {dagbag.py:538} INFO - Filling up the DagBag from /home/airflow/.local/lib/python3.8/site-packages/airflow/example_dags/example_nested_branch_dag.py
[2024-02-25T00:07:03.429+0000] {processor.py:840} INFO - DAG(s) 'example_nested_branch_dag' retrieved from /home/airflow/.local/lib/python3.8/site-packages/airflow/example_dags/example_nested_branch_dag.py
[2024-02-25T00:07:03.456+0000] {logging_mixin.py:188} INFO - [2024-02-25T00:07:03.455+0000] {dag.py:3036} INFO - Sync 1 DAGs
[2024-02-25T00:07:03.483+0000] {logging_mixin.py:188} INFO - [2024-02-25T00:07:03.483+0000] {dag.py:3823} INFO - Setting next_dagrun for example_nested_branch_dag to 2024-02-24 00:00:00+00:00, run_after=2024-02-25 00:00:00+00:00
[2024-02-25T00:07:03.507+0000] {processor.py:183} INFO - Processing /home/airflow/.local/lib/python3.8/site-packages/airflow/example_dags/example_nested_branch_dag.py took 0.096 seconds
[2024-02-25T00:07:34.148+0000] {processor.py:161} INFO - Started process (PID=6351) to work on /home/airflow/.local/lib/python3.8/site-packages/airflow/example_dags/example_nested_branch_dag.py
[2024-02-25T00:07:34.149+0000] {processor.py:830} INFO - Processing file /home/airflow/.local/lib/python3.8/site-packages/airflow/example_dags/example_nested_branch_dag.py for tasks to queue
[2024-02-25T00:07:34.150+0000] {logging_mixin.py:188} INFO - [2024-02-25T00:07:34.150+0000] {dagbag.py:538} INFO - Filling up the DagBag from /home/airflow/.local/lib/python3.8/site-packages/airflow/example_dags/example_nested_branch_dag.py
[2024-02-25T00:07:34.161+0000] {processor.py:840} INFO - DAG(s) 'example_nested_branch_dag' retrieved from /home/airflow/.local/lib/python3.8/site-packages/airflow/example_dags/example_nested_branch_dag.py
[2024-02-25T00:07:34.184+0000] {logging_mixin.py:188} INFO - [2024-02-25T00:07:34.184+0000] {dag.py:3036} INFO - Sync 1 DAGs
[2024-02-25T00:07:34.208+0000] {logging_mixin.py:188} INFO - [2024-02-25T00:07:34.208+0000] {dag.py:3823} INFO - Setting next_dagrun for example_nested_branch_dag to 2024-02-24 00:00:00+00:00, run_after=2024-02-25 00:00:00+00:00
[2024-02-25T00:07:34.231+0000] {processor.py:183} INFO - Processing /home/airflow/.local/lib/python3.8/site-packages/airflow/example_dags/example_nested_branch_dag.py took 0.087 seconds
[2024-02-25T00:08:05.243+0000] {processor.py:161} INFO - Started process (PID=6414) to work on /home/airflow/.local/lib/python3.8/site-packages/airflow/example_dags/example_nested_branch_dag.py
[2024-02-25T00:08:05.244+0000] {processor.py:830} INFO - Processing file /home/airflow/.local/lib/python3.8/site-packages/airflow/example_dags/example_nested_branch_dag.py for tasks to queue
[2024-02-25T00:08:05.245+0000] {logging_mixin.py:188} INFO - [2024-02-25T00:08:05.245+0000] {dagbag.py:538} INFO - Filling up the DagBag from /home/airflow/.local/lib/python3.8/site-packages/airflow/example_dags/example_nested_branch_dag.py
[2024-02-25T00:08:05.256+0000] {processor.py:840} INFO - DAG(s) 'example_nested_branch_dag' retrieved from /home/airflow/.local/lib/python3.8/site-packages/airflow/example_dags/example_nested_branch_dag.py
[2024-02-25T00:08:05.279+0000] {logging_mixin.py:188} INFO - [2024-02-25T00:08:05.279+0000] {dag.py:3036} INFO - Sync 1 DAGs
[2024-02-25T00:08:05.306+0000] {logging_mixin.py:188} INFO - [2024-02-25T00:08:05.305+0000] {dag.py:3823} INFO - Setting next_dagrun for example_nested_branch_dag to 2024-02-24 00:00:00+00:00, run_after=2024-02-25 00:00:00+00:00
[2024-02-25T00:08:05.332+0000] {processor.py:183} INFO - Processing /home/airflow/.local/lib/python3.8/site-packages/airflow/example_dags/example_nested_branch_dag.py took 0.093 seconds
[2024-02-25T00:08:35.833+0000] {processor.py:161} INFO - Started process (PID=6477) to work on /home/airflow/.local/lib/python3.8/site-packages/airflow/example_dags/example_nested_branch_dag.py
[2024-02-25T00:08:35.834+0000] {processor.py:830} INFO - Processing file /home/airflow/.local/lib/python3.8/site-packages/airflow/example_dags/example_nested_branch_dag.py for tasks to queue
[2024-02-25T00:08:35.835+0000] {logging_mixin.py:188} INFO - [2024-02-25T00:08:35.835+0000] {dagbag.py:538} INFO - Filling up the DagBag from /home/airflow/.local/lib/python3.8/site-packages/airflow/example_dags/example_nested_branch_dag.py
[2024-02-25T00:08:35.846+0000] {processor.py:840} INFO - DAG(s) 'example_nested_branch_dag' retrieved from /home/airflow/.local/lib/python3.8/site-packages/airflow/example_dags/example_nested_branch_dag.py
[2024-02-25T00:08:35.870+0000] {logging_mixin.py:188} INFO - [2024-02-25T00:08:35.870+0000] {dag.py:3036} INFO - Sync 1 DAGs
[2024-02-25T00:08:35.893+0000] {logging_mixin.py:188} INFO - [2024-02-25T00:08:35.893+0000] {dag.py:3823} INFO - Setting next_dagrun for example_nested_branch_dag to 2024-02-24 00:00:00+00:00, run_after=2024-02-25 00:00:00+00:00
[2024-02-25T00:08:35.918+0000] {processor.py:183} INFO - Processing /home/airflow/.local/lib/python3.8/site-packages/airflow/example_dags/example_nested_branch_dag.py took 0.089 seconds
[2024-02-25T00:09:06.904+0000] {processor.py:161} INFO - Started process (PID=6540) to work on /home/airflow/.local/lib/python3.8/site-packages/airflow/example_dags/example_nested_branch_dag.py
[2024-02-25T00:09:06.905+0000] {processor.py:830} INFO - Processing file /home/airflow/.local/lib/python3.8/site-packages/airflow/example_dags/example_nested_branch_dag.py for tasks to queue
[2024-02-25T00:09:06.906+0000] {logging_mixin.py:188} INFO - [2024-02-25T00:09:06.906+0000] {dagbag.py:538} INFO - Filling up the DagBag from /home/airflow/.local/lib/python3.8/site-packages/airflow/example_dags/example_nested_branch_dag.py
[2024-02-25T00:09:06.917+0000] {processor.py:840} INFO - DAG(s) 'example_nested_branch_dag' retrieved from /home/airflow/.local/lib/python3.8/site-packages/airflow/example_dags/example_nested_branch_dag.py
[2024-02-25T00:09:06.942+0000] {logging_mixin.py:188} INFO - [2024-02-25T00:09:06.942+0000] {dag.py:3036} INFO - Sync 1 DAGs
[2024-02-25T00:09:06.966+0000] {logging_mixin.py:188} INFO - [2024-02-25T00:09:06.965+0000] {dag.py:3823} INFO - Setting next_dagrun for example_nested_branch_dag to 2024-02-24 00:00:00+00:00, run_after=2024-02-25 00:00:00+00:00
[2024-02-25T00:09:06.988+0000] {processor.py:183} INFO - Processing /home/airflow/.local/lib/python3.8/site-packages/airflow/example_dags/example_nested_branch_dag.py took 0.088 seconds
[2024-02-25T18:16:24.083+0000] {processor.py:161} INFO - Started process (PID=6603) to work on /home/airflow/.local/lib/python3.8/site-packages/airflow/example_dags/example_nested_branch_dag.py
[2024-02-25T18:16:24.087+0000] {processor.py:830} INFO - Processing file /home/airflow/.local/lib/python3.8/site-packages/airflow/example_dags/example_nested_branch_dag.py for tasks to queue
[2024-02-25T18:16:24.090+0000] {logging_mixin.py:188} INFO - [2024-02-25T18:16:24.089+0000] {dagbag.py:538} INFO - Filling up the DagBag from /home/airflow/.local/lib/python3.8/site-packages/airflow/example_dags/example_nested_branch_dag.py
[2024-02-25T18:16:24.104+0000] {processor.py:840} INFO - DAG(s) 'example_nested_branch_dag' retrieved from /home/airflow/.local/lib/python3.8/site-packages/airflow/example_dags/example_nested_branch_dag.py
[2024-02-25T18:16:24.132+0000] {logging_mixin.py:188} INFO - [2024-02-25T18:16:24.132+0000] {dag.py:3036} INFO - Sync 1 DAGs
[2024-02-25T18:16:24.159+0000] {logging_mixin.py:188} INFO - [2024-02-25T18:16:24.159+0000] {dag.py:3823} INFO - Setting next_dagrun for example_nested_branch_dag to 2024-02-24 00:00:00+00:00, run_after=2024-02-25 00:00:00+00:00
[2024-02-25T18:16:24.189+0000] {processor.py:183} INFO - Processing /home/airflow/.local/lib/python3.8/site-packages/airflow/example_dags/example_nested_branch_dag.py took 0.112 seconds
[2024-02-25T18:16:54.447+0000] {processor.py:161} INFO - Started process (PID=6666) to work on /home/airflow/.local/lib/python3.8/site-packages/airflow/example_dags/example_nested_branch_dag.py
[2024-02-25T18:16:54.449+0000] {processor.py:830} INFO - Processing file /home/airflow/.local/lib/python3.8/site-packages/airflow/example_dags/example_nested_branch_dag.py for tasks to queue
[2024-02-25T18:16:54.450+0000] {logging_mixin.py:188} INFO - [2024-02-25T18:16:54.449+0000] {dagbag.py:538} INFO - Filling up the DagBag from /home/airflow/.local/lib/python3.8/site-packages/airflow/example_dags/example_nested_branch_dag.py
[2024-02-25T18:16:54.461+0000] {processor.py:840} INFO - DAG(s) 'example_nested_branch_dag' retrieved from /home/airflow/.local/lib/python3.8/site-packages/airflow/example_dags/example_nested_branch_dag.py
[2024-02-25T18:16:54.492+0000] {logging_mixin.py:188} INFO - [2024-02-25T18:16:54.491+0000] {dag.py:3036} INFO - Sync 1 DAGs
[2024-02-25T18:16:54.516+0000] {logging_mixin.py:188} INFO - [2024-02-25T18:16:54.516+0000] {dag.py:3823} INFO - Setting next_dagrun for example_nested_branch_dag to 2024-02-24 00:00:00+00:00, run_after=2024-02-25 00:00:00+00:00
[2024-02-25T18:16:54.543+0000] {processor.py:183} INFO - Processing /home/airflow/.local/lib/python3.8/site-packages/airflow/example_dags/example_nested_branch_dag.py took 0.102 seconds
[2024-02-25T18:17:25.512+0000] {processor.py:161} INFO - Started process (PID=6729) to work on /home/airflow/.local/lib/python3.8/site-packages/airflow/example_dags/example_nested_branch_dag.py
[2024-02-25T18:17:25.513+0000] {processor.py:830} INFO - Processing file /home/airflow/.local/lib/python3.8/site-packages/airflow/example_dags/example_nested_branch_dag.py for tasks to queue
[2024-02-25T18:17:25.515+0000] {logging_mixin.py:188} INFO - [2024-02-25T18:17:25.514+0000] {dagbag.py:538} INFO - Filling up the DagBag from /home/airflow/.local/lib/python3.8/site-packages/airflow/example_dags/example_nested_branch_dag.py
[2024-02-25T18:17:25.529+0000] {processor.py:840} INFO - DAG(s) 'example_nested_branch_dag' retrieved from /home/airflow/.local/lib/python3.8/site-packages/airflow/example_dags/example_nested_branch_dag.py
[2024-02-25T18:17:25.556+0000] {logging_mixin.py:188} INFO - [2024-02-25T18:17:25.556+0000] {dag.py:3036} INFO - Sync 1 DAGs
[2024-02-25T18:17:25.581+0000] {logging_mixin.py:188} INFO - [2024-02-25T18:17:25.581+0000] {dag.py:3823} INFO - Setting next_dagrun for example_nested_branch_dag to 2024-02-24 00:00:00+00:00, run_after=2024-02-25 00:00:00+00:00
[2024-02-25T18:17:25.613+0000] {processor.py:183} INFO - Processing /home/airflow/.local/lib/python3.8/site-packages/airflow/example_dags/example_nested_branch_dag.py took 0.105 seconds
[2024-02-25T18:17:56.380+0000] {processor.py:161} INFO - Started process (PID=6792) to work on /home/airflow/.local/lib/python3.8/site-packages/airflow/example_dags/example_nested_branch_dag.py
[2024-02-25T18:17:56.381+0000] {processor.py:830} INFO - Processing file /home/airflow/.local/lib/python3.8/site-packages/airflow/example_dags/example_nested_branch_dag.py for tasks to queue
[2024-02-25T18:17:56.383+0000] {logging_mixin.py:188} INFO - [2024-02-25T18:17:56.382+0000] {dagbag.py:538} INFO - Filling up the DagBag from /home/airflow/.local/lib/python3.8/site-packages/airflow/example_dags/example_nested_branch_dag.py
[2024-02-25T18:17:56.393+0000] {processor.py:840} INFO - DAG(s) 'example_nested_branch_dag' retrieved from /home/airflow/.local/lib/python3.8/site-packages/airflow/example_dags/example_nested_branch_dag.py
[2024-02-25T18:17:56.419+0000] {logging_mixin.py:188} INFO - [2024-02-25T18:17:56.419+0000] {dag.py:3036} INFO - Sync 1 DAGs
[2024-02-25T18:17:56.443+0000] {logging_mixin.py:188} INFO - [2024-02-25T18:17:56.443+0000] {dag.py:3823} INFO - Setting next_dagrun for example_nested_branch_dag to 2024-02-24 00:00:00+00:00, run_after=2024-02-25 00:00:00+00:00
[2024-02-25T18:17:56.466+0000] {processor.py:183} INFO - Processing /home/airflow/.local/lib/python3.8/site-packages/airflow/example_dags/example_nested_branch_dag.py took 0.090 seconds
[2024-02-25T18:18:27.302+0000] {processor.py:161} INFO - Started process (PID=6855) to work on /home/airflow/.local/lib/python3.8/site-packages/airflow/example_dags/example_nested_branch_dag.py
[2024-02-25T18:18:27.303+0000] {processor.py:830} INFO - Processing file /home/airflow/.local/lib/python3.8/site-packages/airflow/example_dags/example_nested_branch_dag.py for tasks to queue
[2024-02-25T18:18:27.304+0000] {logging_mixin.py:188} INFO - [2024-02-25T18:18:27.304+0000] {dagbag.py:538} INFO - Filling up the DagBag from /home/airflow/.local/lib/python3.8/site-packages/airflow/example_dags/example_nested_branch_dag.py
[2024-02-25T18:18:27.315+0000] {processor.py:840} INFO - DAG(s) 'example_nested_branch_dag' retrieved from /home/airflow/.local/lib/python3.8/site-packages/airflow/example_dags/example_nested_branch_dag.py
[2024-02-25T18:18:27.340+0000] {logging_mixin.py:188} INFO - [2024-02-25T18:18:27.340+0000] {dag.py:3036} INFO - Sync 1 DAGs
[2024-02-25T18:18:27.363+0000] {logging_mixin.py:188} INFO - [2024-02-25T18:18:27.363+0000] {dag.py:3823} INFO - Setting next_dagrun for example_nested_branch_dag to 2024-02-24 00:00:00+00:00, run_after=2024-02-25 00:00:00+00:00
[2024-02-25T18:18:27.387+0000] {processor.py:183} INFO - Processing /home/airflow/.local/lib/python3.8/site-packages/airflow/example_dags/example_nested_branch_dag.py took 0.089 seconds
[2024-02-25T18:18:58.141+0000] {processor.py:161} INFO - Started process (PID=6925) to work on /home/airflow/.local/lib/python3.8/site-packages/airflow/example_dags/example_nested_branch_dag.py
[2024-02-25T18:18:58.142+0000] {processor.py:830} INFO - Processing file /home/airflow/.local/lib/python3.8/site-packages/airflow/example_dags/example_nested_branch_dag.py for tasks to queue
[2024-02-25T18:18:58.143+0000] {logging_mixin.py:188} INFO - [2024-02-25T18:18:58.143+0000] {dagbag.py:538} INFO - Filling up the DagBag from /home/airflow/.local/lib/python3.8/site-packages/airflow/example_dags/example_nested_branch_dag.py
[2024-02-25T18:18:58.156+0000] {processor.py:840} INFO - DAG(s) 'example_nested_branch_dag' retrieved from /home/airflow/.local/lib/python3.8/site-packages/airflow/example_dags/example_nested_branch_dag.py
[2024-02-25T18:18:58.183+0000] {logging_mixin.py:188} INFO - [2024-02-25T18:18:58.182+0000] {dag.py:3036} INFO - Sync 1 DAGs
[2024-02-25T18:18:58.222+0000] {logging_mixin.py:188} INFO - [2024-02-25T18:18:58.221+0000] {dag.py:3823} INFO - Setting next_dagrun for example_nested_branch_dag to 2024-02-24 00:00:00+00:00, run_after=2024-02-25 00:00:00+00:00
[2024-02-25T18:18:58.247+0000] {processor.py:183} INFO - Processing /home/airflow/.local/lib/python3.8/site-packages/airflow/example_dags/example_nested_branch_dag.py took 0.110 seconds
[2024-02-25T18:19:28.592+0000] {processor.py:161} INFO - Started process (PID=6987) to work on /home/airflow/.local/lib/python3.8/site-packages/airflow/example_dags/example_nested_branch_dag.py
[2024-02-25T18:19:28.593+0000] {processor.py:830} INFO - Processing file /home/airflow/.local/lib/python3.8/site-packages/airflow/example_dags/example_nested_branch_dag.py for tasks to queue
[2024-02-25T18:19:28.594+0000] {logging_mixin.py:188} INFO - [2024-02-25T18:19:28.594+0000] {dagbag.py:538} INFO - Filling up the DagBag from /home/airflow/.local/lib/python3.8/site-packages/airflow/example_dags/example_nested_branch_dag.py
[2024-02-25T18:19:28.628+0000] {processor.py:840} INFO - DAG(s) 'example_nested_branch_dag' retrieved from /home/airflow/.local/lib/python3.8/site-packages/airflow/example_dags/example_nested_branch_dag.py
[2024-02-25T18:19:28.729+0000] {logging_mixin.py:188} INFO - [2024-02-25T18:19:28.729+0000] {dag.py:3036} INFO - Sync 1 DAGs
[2024-02-25T18:19:28.811+0000] {logging_mixin.py:188} INFO - [2024-02-25T18:19:28.805+0000] {dag.py:3823} INFO - Setting next_dagrun for example_nested_branch_dag to 2024-02-24 00:00:00+00:00, run_after=2024-02-25 00:00:00+00:00
[2024-02-25T18:19:28.909+0000] {processor.py:183} INFO - Processing /home/airflow/.local/lib/python3.8/site-packages/airflow/example_dags/example_nested_branch_dag.py took 0.322 seconds
[2024-02-25T18:19:59.214+0000] {processor.py:161} INFO - Started process (PID=7050) to work on /home/airflow/.local/lib/python3.8/site-packages/airflow/example_dags/example_nested_branch_dag.py
[2024-02-25T18:19:59.215+0000] {processor.py:830} INFO - Processing file /home/airflow/.local/lib/python3.8/site-packages/airflow/example_dags/example_nested_branch_dag.py for tasks to queue
[2024-02-25T18:19:59.216+0000] {logging_mixin.py:188} INFO - [2024-02-25T18:19:59.216+0000] {dagbag.py:538} INFO - Filling up the DagBag from /home/airflow/.local/lib/python3.8/site-packages/airflow/example_dags/example_nested_branch_dag.py
[2024-02-25T18:19:59.227+0000] {processor.py:840} INFO - DAG(s) 'example_nested_branch_dag' retrieved from /home/airflow/.local/lib/python3.8/site-packages/airflow/example_dags/example_nested_branch_dag.py
[2024-02-25T18:19:59.251+0000] {logging_mixin.py:188} INFO - [2024-02-25T18:19:59.251+0000] {dag.py:3036} INFO - Sync 1 DAGs
[2024-02-25T18:19:59.276+0000] {logging_mixin.py:188} INFO - [2024-02-25T18:19:59.275+0000] {dag.py:3823} INFO - Setting next_dagrun for example_nested_branch_dag to 2024-02-24 00:00:00+00:00, run_after=2024-02-25 00:00:00+00:00
[2024-02-25T18:19:59.298+0000] {processor.py:183} INFO - Processing /home/airflow/.local/lib/python3.8/site-packages/airflow/example_dags/example_nested_branch_dag.py took 0.088 seconds
[2024-02-25T18:20:30.001+0000] {processor.py:161} INFO - Started process (PID=7113) to work on /home/airflow/.local/lib/python3.8/site-packages/airflow/example_dags/example_nested_branch_dag.py
[2024-02-25T18:20:30.003+0000] {processor.py:830} INFO - Processing file /home/airflow/.local/lib/python3.8/site-packages/airflow/example_dags/example_nested_branch_dag.py for tasks to queue
[2024-02-25T18:20:30.006+0000] {logging_mixin.py:188} INFO - [2024-02-25T18:20:30.004+0000] {dagbag.py:538} INFO - Filling up the DagBag from /home/airflow/.local/lib/python3.8/site-packages/airflow/example_dags/example_nested_branch_dag.py
[2024-02-25T18:20:30.025+0000] {processor.py:840} INFO - DAG(s) 'example_nested_branch_dag' retrieved from /home/airflow/.local/lib/python3.8/site-packages/airflow/example_dags/example_nested_branch_dag.py
[2024-02-25T18:20:30.066+0000] {logging_mixin.py:188} INFO - [2024-02-25T18:20:30.066+0000] {dag.py:3036} INFO - Sync 1 DAGs
[2024-02-25T18:20:30.101+0000] {logging_mixin.py:188} INFO - [2024-02-25T18:20:30.101+0000] {dag.py:3823} INFO - Setting next_dagrun for example_nested_branch_dag to 2024-02-24 00:00:00+00:00, run_after=2024-02-25 00:00:00+00:00
[2024-02-25T18:20:30.153+0000] {processor.py:183} INFO - Processing /home/airflow/.local/lib/python3.8/site-packages/airflow/example_dags/example_nested_branch_dag.py took 0.158 seconds
[2024-02-25T18:21:00.474+0000] {processor.py:161} INFO - Started process (PID=7176) to work on /home/airflow/.local/lib/python3.8/site-packages/airflow/example_dags/example_nested_branch_dag.py
[2024-02-25T18:21:00.475+0000] {processor.py:830} INFO - Processing file /home/airflow/.local/lib/python3.8/site-packages/airflow/example_dags/example_nested_branch_dag.py for tasks to queue
[2024-02-25T18:21:00.477+0000] {logging_mixin.py:188} INFO - [2024-02-25T18:21:00.476+0000] {dagbag.py:538} INFO - Filling up the DagBag from /home/airflow/.local/lib/python3.8/site-packages/airflow/example_dags/example_nested_branch_dag.py
[2024-02-25T18:21:00.490+0000] {processor.py:840} INFO - DAG(s) 'example_nested_branch_dag' retrieved from /home/airflow/.local/lib/python3.8/site-packages/airflow/example_dags/example_nested_branch_dag.py
[2024-02-25T18:21:00.518+0000] {logging_mixin.py:188} INFO - [2024-02-25T18:21:00.518+0000] {dag.py:3036} INFO - Sync 1 DAGs
[2024-02-25T18:21:00.546+0000] {logging_mixin.py:188} INFO - [2024-02-25T18:21:00.545+0000] {dag.py:3823} INFO - Setting next_dagrun for example_nested_branch_dag to 2024-02-24 00:00:00+00:00, run_after=2024-02-25 00:00:00+00:00
[2024-02-25T18:21:00.571+0000] {processor.py:183} INFO - Processing /home/airflow/.local/lib/python3.8/site-packages/airflow/example_dags/example_nested_branch_dag.py took 0.101 seconds
[2024-02-25T18:21:31.191+0000] {processor.py:161} INFO - Started process (PID=7240) to work on /home/airflow/.local/lib/python3.8/site-packages/airflow/example_dags/example_nested_branch_dag.py
[2024-02-25T18:21:31.193+0000] {processor.py:830} INFO - Processing file /home/airflow/.local/lib/python3.8/site-packages/airflow/example_dags/example_nested_branch_dag.py for tasks to queue
[2024-02-25T18:21:31.194+0000] {logging_mixin.py:188} INFO - [2024-02-25T18:21:31.194+0000] {dagbag.py:538} INFO - Filling up the DagBag from /home/airflow/.local/lib/python3.8/site-packages/airflow/example_dags/example_nested_branch_dag.py
[2024-02-25T18:21:31.205+0000] {processor.py:840} INFO - DAG(s) 'example_nested_branch_dag' retrieved from /home/airflow/.local/lib/python3.8/site-packages/airflow/example_dags/example_nested_branch_dag.py
[2024-02-25T18:21:31.230+0000] {logging_mixin.py:188} INFO - [2024-02-25T18:21:31.230+0000] {dag.py:3036} INFO - Sync 1 DAGs
[2024-02-25T18:21:31.259+0000] {logging_mixin.py:188} INFO - [2024-02-25T18:21:31.259+0000] {dag.py:3823} INFO - Setting next_dagrun for example_nested_branch_dag to 2024-02-24 00:00:00+00:00, run_after=2024-02-25 00:00:00+00:00
[2024-02-25T18:21:31.285+0000] {processor.py:183} INFO - Processing /home/airflow/.local/lib/python3.8/site-packages/airflow/example_dags/example_nested_branch_dag.py took 0.097 seconds
[2024-02-25T18:22:01.668+0000] {processor.py:161} INFO - Started process (PID=7304) to work on /home/airflow/.local/lib/python3.8/site-packages/airflow/example_dags/example_nested_branch_dag.py
[2024-02-25T18:22:01.669+0000] {processor.py:830} INFO - Processing file /home/airflow/.local/lib/python3.8/site-packages/airflow/example_dags/example_nested_branch_dag.py for tasks to queue
[2024-02-25T18:22:01.671+0000] {logging_mixin.py:188} INFO - [2024-02-25T18:22:01.670+0000] {dagbag.py:538} INFO - Filling up the DagBag from /home/airflow/.local/lib/python3.8/site-packages/airflow/example_dags/example_nested_branch_dag.py
[2024-02-25T18:22:01.682+0000] {processor.py:840} INFO - DAG(s) 'example_nested_branch_dag' retrieved from /home/airflow/.local/lib/python3.8/site-packages/airflow/example_dags/example_nested_branch_dag.py
[2024-02-25T18:22:01.708+0000] {logging_mixin.py:188} INFO - [2024-02-25T18:22:01.708+0000] {dag.py:3036} INFO - Sync 1 DAGs
[2024-02-25T18:22:01.731+0000] {logging_mixin.py:188} INFO - [2024-02-25T18:22:01.731+0000] {dag.py:3823} INFO - Setting next_dagrun for example_nested_branch_dag to 2024-02-24 00:00:00+00:00, run_after=2024-02-25 00:00:00+00:00
[2024-02-25T18:22:01.754+0000] {processor.py:183} INFO - Processing /home/airflow/.local/lib/python3.8/site-packages/airflow/example_dags/example_nested_branch_dag.py took 0.091 seconds
[2024-02-25T18:22:32.689+0000] {processor.py:161} INFO - Started process (PID=7366) to work on /home/airflow/.local/lib/python3.8/site-packages/airflow/example_dags/example_nested_branch_dag.py
[2024-02-25T18:22:32.690+0000] {processor.py:830} INFO - Processing file /home/airflow/.local/lib/python3.8/site-packages/airflow/example_dags/example_nested_branch_dag.py for tasks to queue
[2024-02-25T18:22:32.691+0000] {logging_mixin.py:188} INFO - [2024-02-25T18:22:32.691+0000] {dagbag.py:538} INFO - Filling up the DagBag from /home/airflow/.local/lib/python3.8/site-packages/airflow/example_dags/example_nested_branch_dag.py
[2024-02-25T18:22:32.702+0000] {processor.py:840} INFO - DAG(s) 'example_nested_branch_dag' retrieved from /home/airflow/.local/lib/python3.8/site-packages/airflow/example_dags/example_nested_branch_dag.py
[2024-02-25T18:22:32.727+0000] {logging_mixin.py:188} INFO - [2024-02-25T18:22:32.727+0000] {dag.py:3036} INFO - Sync 1 DAGs
[2024-02-25T18:22:32.752+0000] {logging_mixin.py:188} INFO - [2024-02-25T18:22:32.751+0000] {dag.py:3823} INFO - Setting next_dagrun for example_nested_branch_dag to 2024-02-24 00:00:00+00:00, run_after=2024-02-25 00:00:00+00:00
[2024-02-25T18:22:32.776+0000] {processor.py:183} INFO - Processing /home/airflow/.local/lib/python3.8/site-packages/airflow/example_dags/example_nested_branch_dag.py took 0.091 seconds
[2024-02-25T18:23:03.269+0000] {processor.py:161} INFO - Started process (PID=7429) to work on /home/airflow/.local/lib/python3.8/site-packages/airflow/example_dags/example_nested_branch_dag.py
[2024-02-25T18:23:03.270+0000] {processor.py:830} INFO - Processing file /home/airflow/.local/lib/python3.8/site-packages/airflow/example_dags/example_nested_branch_dag.py for tasks to queue
[2024-02-25T18:23:03.272+0000] {logging_mixin.py:188} INFO - [2024-02-25T18:23:03.271+0000] {dagbag.py:538} INFO - Filling up the DagBag from /home/airflow/.local/lib/python3.8/site-packages/airflow/example_dags/example_nested_branch_dag.py
[2024-02-25T18:23:03.282+0000] {processor.py:840} INFO - DAG(s) 'example_nested_branch_dag' retrieved from /home/airflow/.local/lib/python3.8/site-packages/airflow/example_dags/example_nested_branch_dag.py
[2024-02-25T18:23:03.307+0000] {logging_mixin.py:188} INFO - [2024-02-25T18:23:03.306+0000] {dag.py:3036} INFO - Sync 1 DAGs
[2024-02-25T18:23:03.329+0000] {logging_mixin.py:188} INFO - [2024-02-25T18:23:03.329+0000] {dag.py:3823} INFO - Setting next_dagrun for example_nested_branch_dag to 2024-02-24 00:00:00+00:00, run_after=2024-02-25 00:00:00+00:00
[2024-02-25T18:23:03.355+0000] {processor.py:183} INFO - Processing /home/airflow/.local/lib/python3.8/site-packages/airflow/example_dags/example_nested_branch_dag.py took 0.090 seconds
[2024-02-25T18:23:54.752+0000] {processor.py:161} INFO - Started process (PID=7492) to work on /home/airflow/.local/lib/python3.8/site-packages/airflow/example_dags/example_nested_branch_dag.py
[2024-02-25T18:23:54.753+0000] {processor.py:830} INFO - Processing file /home/airflow/.local/lib/python3.8/site-packages/airflow/example_dags/example_nested_branch_dag.py for tasks to queue
[2024-02-25T18:23:54.754+0000] {logging_mixin.py:188} INFO - [2024-02-25T18:23:54.754+0000] {dagbag.py:538} INFO - Filling up the DagBag from /home/airflow/.local/lib/python3.8/site-packages/airflow/example_dags/example_nested_branch_dag.py
[2024-02-25T18:23:54.766+0000] {processor.py:840} INFO - DAG(s) 'example_nested_branch_dag' retrieved from /home/airflow/.local/lib/python3.8/site-packages/airflow/example_dags/example_nested_branch_dag.py
[2024-02-25T18:23:54.791+0000] {logging_mixin.py:188} INFO - [2024-02-25T18:23:54.791+0000] {dag.py:3036} INFO - Sync 1 DAGs
[2024-02-25T18:23:54.818+0000] {logging_mixin.py:188} INFO - [2024-02-25T18:23:54.818+0000] {dag.py:3823} INFO - Setting next_dagrun for example_nested_branch_dag to 2024-02-24 00:00:00+00:00, run_after=2024-02-25 00:00:00+00:00
[2024-02-25T18:23:54.842+0000] {processor.py:183} INFO - Processing /home/airflow/.local/lib/python3.8/site-packages/airflow/example_dags/example_nested_branch_dag.py took 0.094 seconds
[2024-02-25T18:24:25.639+0000] {processor.py:161} INFO - Started process (PID=7555) to work on /home/airflow/.local/lib/python3.8/site-packages/airflow/example_dags/example_nested_branch_dag.py
[2024-02-25T18:24:25.641+0000] {processor.py:830} INFO - Processing file /home/airflow/.local/lib/python3.8/site-packages/airflow/example_dags/example_nested_branch_dag.py for tasks to queue
[2024-02-25T18:24:25.642+0000] {logging_mixin.py:188} INFO - [2024-02-25T18:24:25.642+0000] {dagbag.py:538} INFO - Filling up the DagBag from /home/airflow/.local/lib/python3.8/site-packages/airflow/example_dags/example_nested_branch_dag.py
[2024-02-25T18:24:25.653+0000] {processor.py:840} INFO - DAG(s) 'example_nested_branch_dag' retrieved from /home/airflow/.local/lib/python3.8/site-packages/airflow/example_dags/example_nested_branch_dag.py
[2024-02-25T18:24:25.678+0000] {logging_mixin.py:188} INFO - [2024-02-25T18:24:25.677+0000] {dag.py:3036} INFO - Sync 1 DAGs
[2024-02-25T18:24:25.702+0000] {logging_mixin.py:188} INFO - [2024-02-25T18:24:25.701+0000] {dag.py:3823} INFO - Setting next_dagrun for example_nested_branch_dag to 2024-02-24 00:00:00+00:00, run_after=2024-02-25 00:00:00+00:00
[2024-02-25T18:24:25.727+0000] {processor.py:183} INFO - Processing /home/airflow/.local/lib/python3.8/site-packages/airflow/example_dags/example_nested_branch_dag.py took 0.092 seconds
[2024-02-25T18:24:56.679+0000] {processor.py:161} INFO - Started process (PID=7618) to work on /home/airflow/.local/lib/python3.8/site-packages/airflow/example_dags/example_nested_branch_dag.py
[2024-02-25T18:24:56.680+0000] {processor.py:830} INFO - Processing file /home/airflow/.local/lib/python3.8/site-packages/airflow/example_dags/example_nested_branch_dag.py for tasks to queue
[2024-02-25T18:24:56.682+0000] {logging_mixin.py:188} INFO - [2024-02-25T18:24:56.681+0000] {dagbag.py:538} INFO - Filling up the DagBag from /home/airflow/.local/lib/python3.8/site-packages/airflow/example_dags/example_nested_branch_dag.py
[2024-02-25T18:24:56.693+0000] {processor.py:840} INFO - DAG(s) 'example_nested_branch_dag' retrieved from /home/airflow/.local/lib/python3.8/site-packages/airflow/example_dags/example_nested_branch_dag.py
[2024-02-25T18:24:56.723+0000] {logging_mixin.py:188} INFO - [2024-02-25T18:24:56.722+0000] {dag.py:3036} INFO - Sync 1 DAGs
[2024-02-25T18:24:56.753+0000] {logging_mixin.py:188} INFO - [2024-02-25T18:24:56.753+0000] {dag.py:3823} INFO - Setting next_dagrun for example_nested_branch_dag to 2024-02-24 00:00:00+00:00, run_after=2024-02-25 00:00:00+00:00
[2024-02-25T18:24:56.778+0000] {processor.py:183} INFO - Processing /home/airflow/.local/lib/python3.8/site-packages/airflow/example_dags/example_nested_branch_dag.py took 0.103 seconds
[2024-02-25T18:25:27.638+0000] {processor.py:161} INFO - Started process (PID=7681) to work on /home/airflow/.local/lib/python3.8/site-packages/airflow/example_dags/example_nested_branch_dag.py
[2024-02-25T18:25:27.640+0000] {processor.py:830} INFO - Processing file /home/airflow/.local/lib/python3.8/site-packages/airflow/example_dags/example_nested_branch_dag.py for tasks to queue
[2024-02-25T18:25:27.641+0000] {logging_mixin.py:188} INFO - [2024-02-25T18:25:27.640+0000] {dagbag.py:538} INFO - Filling up the DagBag from /home/airflow/.local/lib/python3.8/site-packages/airflow/example_dags/example_nested_branch_dag.py
[2024-02-25T18:25:27.653+0000] {processor.py:840} INFO - DAG(s) 'example_nested_branch_dag' retrieved from /home/airflow/.local/lib/python3.8/site-packages/airflow/example_dags/example_nested_branch_dag.py
[2024-02-25T18:25:27.681+0000] {logging_mixin.py:188} INFO - [2024-02-25T18:25:27.681+0000] {dag.py:3036} INFO - Sync 1 DAGs
[2024-02-25T18:25:27.706+0000] {logging_mixin.py:188} INFO - [2024-02-25T18:25:27.706+0000] {dag.py:3823} INFO - Setting next_dagrun for example_nested_branch_dag to 2024-02-24 00:00:00+00:00, run_after=2024-02-25 00:00:00+00:00
[2024-02-25T18:25:27.737+0000] {processor.py:183} INFO - Processing /home/airflow/.local/lib/python3.8/site-packages/airflow/example_dags/example_nested_branch_dag.py took 0.103 seconds
[2024-02-25T18:25:58.345+0000] {processor.py:161} INFO - Started process (PID=7744) to work on /home/airflow/.local/lib/python3.8/site-packages/airflow/example_dags/example_nested_branch_dag.py
[2024-02-25T18:25:58.346+0000] {processor.py:830} INFO - Processing file /home/airflow/.local/lib/python3.8/site-packages/airflow/example_dags/example_nested_branch_dag.py for tasks to queue
[2024-02-25T18:25:58.347+0000] {logging_mixin.py:188} INFO - [2024-02-25T18:25:58.347+0000] {dagbag.py:538} INFO - Filling up the DagBag from /home/airflow/.local/lib/python3.8/site-packages/airflow/example_dags/example_nested_branch_dag.py
[2024-02-25T18:25:58.359+0000] {processor.py:840} INFO - DAG(s) 'example_nested_branch_dag' retrieved from /home/airflow/.local/lib/python3.8/site-packages/airflow/example_dags/example_nested_branch_dag.py
[2024-02-25T18:25:58.383+0000] {logging_mixin.py:188} INFO - [2024-02-25T18:25:58.383+0000] {dag.py:3036} INFO - Sync 1 DAGs
[2024-02-25T18:25:58.407+0000] {logging_mixin.py:188} INFO - [2024-02-25T18:25:58.407+0000] {dag.py:3823} INFO - Setting next_dagrun for example_nested_branch_dag to 2024-02-24 00:00:00+00:00, run_after=2024-02-25 00:00:00+00:00
[2024-02-25T18:25:58.428+0000] {processor.py:183} INFO - Processing /home/airflow/.local/lib/python3.8/site-packages/airflow/example_dags/example_nested_branch_dag.py took 0.087 seconds
[2024-02-25T18:26:29.072+0000] {processor.py:161} INFO - Started process (PID=7807) to work on /home/airflow/.local/lib/python3.8/site-packages/airflow/example_dags/example_nested_branch_dag.py
[2024-02-25T18:26:29.073+0000] {processor.py:830} INFO - Processing file /home/airflow/.local/lib/python3.8/site-packages/airflow/example_dags/example_nested_branch_dag.py for tasks to queue
[2024-02-25T18:26:29.075+0000] {logging_mixin.py:188} INFO - [2024-02-25T18:26:29.074+0000] {dagbag.py:538} INFO - Filling up the DagBag from /home/airflow/.local/lib/python3.8/site-packages/airflow/example_dags/example_nested_branch_dag.py
[2024-02-25T18:26:29.085+0000] {processor.py:840} INFO - DAG(s) 'example_nested_branch_dag' retrieved from /home/airflow/.local/lib/python3.8/site-packages/airflow/example_dags/example_nested_branch_dag.py
[2024-02-25T18:26:29.108+0000] {logging_mixin.py:188} INFO - [2024-02-25T18:26:29.108+0000] {dag.py:3036} INFO - Sync 1 DAGs
[2024-02-25T18:26:29.132+0000] {logging_mixin.py:188} INFO - [2024-02-25T18:26:29.132+0000] {dag.py:3823} INFO - Setting next_dagrun for example_nested_branch_dag to 2024-02-24 00:00:00+00:00, run_after=2024-02-25 00:00:00+00:00
[2024-02-25T18:26:29.160+0000] {processor.py:183} INFO - Processing /home/airflow/.local/lib/python3.8/site-packages/airflow/example_dags/example_nested_branch_dag.py took 0.091 seconds
[2024-02-25T18:27:00.672+0000] {processor.py:161} INFO - Started process (PID=7871) to work on /home/airflow/.local/lib/python3.8/site-packages/airflow/example_dags/example_nested_branch_dag.py
[2024-02-25T18:27:00.673+0000] {processor.py:830} INFO - Processing file /home/airflow/.local/lib/python3.8/site-packages/airflow/example_dags/example_nested_branch_dag.py for tasks to queue
[2024-02-25T18:27:00.674+0000] {logging_mixin.py:188} INFO - [2024-02-25T18:27:00.674+0000] {dagbag.py:538} INFO - Filling up the DagBag from /home/airflow/.local/lib/python3.8/site-packages/airflow/example_dags/example_nested_branch_dag.py
[2024-02-25T18:27:00.684+0000] {processor.py:840} INFO - DAG(s) 'example_nested_branch_dag' retrieved from /home/airflow/.local/lib/python3.8/site-packages/airflow/example_dags/example_nested_branch_dag.py
[2024-02-25T18:27:00.709+0000] {logging_mixin.py:188} INFO - [2024-02-25T18:27:00.709+0000] {dag.py:3036} INFO - Sync 1 DAGs
[2024-02-25T18:27:00.732+0000] {logging_mixin.py:188} INFO - [2024-02-25T18:27:00.731+0000] {dag.py:3823} INFO - Setting next_dagrun for example_nested_branch_dag to 2024-02-24 00:00:00+00:00, run_after=2024-02-25 00:00:00+00:00
[2024-02-25T18:27:00.757+0000] {processor.py:183} INFO - Processing /home/airflow/.local/lib/python3.8/site-packages/airflow/example_dags/example_nested_branch_dag.py took 0.090 seconds
[2024-02-25T18:27:31.421+0000] {processor.py:161} INFO - Started process (PID=7934) to work on /home/airflow/.local/lib/python3.8/site-packages/airflow/example_dags/example_nested_branch_dag.py
[2024-02-25T18:27:31.422+0000] {processor.py:830} INFO - Processing file /home/airflow/.local/lib/python3.8/site-packages/airflow/example_dags/example_nested_branch_dag.py for tasks to queue
[2024-02-25T18:27:31.423+0000] {logging_mixin.py:188} INFO - [2024-02-25T18:27:31.423+0000] {dagbag.py:538} INFO - Filling up the DagBag from /home/airflow/.local/lib/python3.8/site-packages/airflow/example_dags/example_nested_branch_dag.py
[2024-02-25T18:27:31.434+0000] {processor.py:840} INFO - DAG(s) 'example_nested_branch_dag' retrieved from /home/airflow/.local/lib/python3.8/site-packages/airflow/example_dags/example_nested_branch_dag.py
[2024-02-25T18:27:31.457+0000] {logging_mixin.py:188} INFO - [2024-02-25T18:27:31.457+0000] {dag.py:3036} INFO - Sync 1 DAGs
[2024-02-25T18:27:31.479+0000] {logging_mixin.py:188} INFO - [2024-02-25T18:27:31.479+0000] {dag.py:3823} INFO - Setting next_dagrun for example_nested_branch_dag to 2024-02-24 00:00:00+00:00, run_after=2024-02-25 00:00:00+00:00
[2024-02-25T18:27:31.504+0000] {processor.py:183} INFO - Processing /home/airflow/.local/lib/python3.8/site-packages/airflow/example_dags/example_nested_branch_dag.py took 0.087 seconds
[2024-02-25T18:28:02.789+0000] {processor.py:161} INFO - Started process (PID=7997) to work on /home/airflow/.local/lib/python3.8/site-packages/airflow/example_dags/example_nested_branch_dag.py
[2024-02-25T18:28:02.790+0000] {processor.py:830} INFO - Processing file /home/airflow/.local/lib/python3.8/site-packages/airflow/example_dags/example_nested_branch_dag.py for tasks to queue
[2024-02-25T18:28:02.791+0000] {logging_mixin.py:188} INFO - [2024-02-25T18:28:02.791+0000] {dagbag.py:538} INFO - Filling up the DagBag from /home/airflow/.local/lib/python3.8/site-packages/airflow/example_dags/example_nested_branch_dag.py
[2024-02-25T18:28:02.801+0000] {processor.py:840} INFO - DAG(s) 'example_nested_branch_dag' retrieved from /home/airflow/.local/lib/python3.8/site-packages/airflow/example_dags/example_nested_branch_dag.py
[2024-02-25T18:28:02.827+0000] {logging_mixin.py:188} INFO - [2024-02-25T18:28:02.826+0000] {dag.py:3036} INFO - Sync 1 DAGs
[2024-02-25T18:28:02.851+0000] {logging_mixin.py:188} INFO - [2024-02-25T18:28:02.851+0000] {dag.py:3823} INFO - Setting next_dagrun for example_nested_branch_dag to 2024-02-24 00:00:00+00:00, run_after=2024-02-25 00:00:00+00:00
[2024-02-25T18:28:02.876+0000] {processor.py:183} INFO - Processing /home/airflow/.local/lib/python3.8/site-packages/airflow/example_dags/example_nested_branch_dag.py took 0.091 seconds
[2024-02-25T18:28:33.219+0000] {processor.py:161} INFO - Started process (PID=8060) to work on /home/airflow/.local/lib/python3.8/site-packages/airflow/example_dags/example_nested_branch_dag.py
[2024-02-25T18:28:33.220+0000] {processor.py:830} INFO - Processing file /home/airflow/.local/lib/python3.8/site-packages/airflow/example_dags/example_nested_branch_dag.py for tasks to queue
[2024-02-25T18:28:33.221+0000] {logging_mixin.py:188} INFO - [2024-02-25T18:28:33.221+0000] {dagbag.py:538} INFO - Filling up the DagBag from /home/airflow/.local/lib/python3.8/site-packages/airflow/example_dags/example_nested_branch_dag.py
[2024-02-25T18:28:33.232+0000] {processor.py:840} INFO - DAG(s) 'example_nested_branch_dag' retrieved from /home/airflow/.local/lib/python3.8/site-packages/airflow/example_dags/example_nested_branch_dag.py
[2024-02-25T18:28:33.255+0000] {logging_mixin.py:188} INFO - [2024-02-25T18:28:33.255+0000] {dag.py:3036} INFO - Sync 1 DAGs
[2024-02-25T18:28:33.278+0000] {logging_mixin.py:188} INFO - [2024-02-25T18:28:33.277+0000] {dag.py:3823} INFO - Setting next_dagrun for example_nested_branch_dag to 2024-02-24 00:00:00+00:00, run_after=2024-02-25 00:00:00+00:00
[2024-02-25T18:28:33.302+0000] {processor.py:183} INFO - Processing /home/airflow/.local/lib/python3.8/site-packages/airflow/example_dags/example_nested_branch_dag.py took 0.087 seconds
[2024-02-25T18:29:03.988+0000] {processor.py:161} INFO - Started process (PID=8122) to work on /home/airflow/.local/lib/python3.8/site-packages/airflow/example_dags/example_nested_branch_dag.py
[2024-02-25T18:29:03.989+0000] {processor.py:830} INFO - Processing file /home/airflow/.local/lib/python3.8/site-packages/airflow/example_dags/example_nested_branch_dag.py for tasks to queue
[2024-02-25T18:29:03.990+0000] {logging_mixin.py:188} INFO - [2024-02-25T18:29:03.990+0000] {dagbag.py:538} INFO - Filling up the DagBag from /home/airflow/.local/lib/python3.8/site-packages/airflow/example_dags/example_nested_branch_dag.py
[2024-02-25T18:29:04.002+0000] {processor.py:840} INFO - DAG(s) 'example_nested_branch_dag' retrieved from /home/airflow/.local/lib/python3.8/site-packages/airflow/example_dags/example_nested_branch_dag.py
[2024-02-25T18:29:04.029+0000] {logging_mixin.py:188} INFO - [2024-02-25T18:29:04.029+0000] {dag.py:3036} INFO - Sync 1 DAGs
[2024-02-25T18:29:04.056+0000] {logging_mixin.py:188} INFO - [2024-02-25T18:29:04.055+0000] {dag.py:3823} INFO - Setting next_dagrun for example_nested_branch_dag to 2024-02-24 00:00:00+00:00, run_after=2024-02-25 00:00:00+00:00
[2024-02-25T18:29:04.085+0000] {processor.py:183} INFO - Processing /home/airflow/.local/lib/python3.8/site-packages/airflow/example_dags/example_nested_branch_dag.py took 0.102 seconds
[2024-02-25T18:29:34.576+0000] {processor.py:161} INFO - Started process (PID=8186) to work on /home/airflow/.local/lib/python3.8/site-packages/airflow/example_dags/example_nested_branch_dag.py
[2024-02-25T18:29:34.577+0000] {processor.py:830} INFO - Processing file /home/airflow/.local/lib/python3.8/site-packages/airflow/example_dags/example_nested_branch_dag.py for tasks to queue
[2024-02-25T18:29:34.578+0000] {logging_mixin.py:188} INFO - [2024-02-25T18:29:34.578+0000] {dagbag.py:538} INFO - Filling up the DagBag from /home/airflow/.local/lib/python3.8/site-packages/airflow/example_dags/example_nested_branch_dag.py
[2024-02-25T18:29:34.589+0000] {processor.py:840} INFO - DAG(s) 'example_nested_branch_dag' retrieved from /home/airflow/.local/lib/python3.8/site-packages/airflow/example_dags/example_nested_branch_dag.py
[2024-02-25T18:29:34.614+0000] {logging_mixin.py:188} INFO - [2024-02-25T18:29:34.614+0000] {dag.py:3036} INFO - Sync 1 DAGs
[2024-02-25T18:29:34.639+0000] {logging_mixin.py:188} INFO - [2024-02-25T18:29:34.639+0000] {dag.py:3823} INFO - Setting next_dagrun for example_nested_branch_dag to 2024-02-24 00:00:00+00:00, run_after=2024-02-25 00:00:00+00:00
[2024-02-25T18:29:34.663+0000] {processor.py:183} INFO - Processing /home/airflow/.local/lib/python3.8/site-packages/airflow/example_dags/example_nested_branch_dag.py took 0.092 seconds
[2024-02-25T18:30:04.887+0000] {processor.py:161} INFO - Started process (PID=8247) to work on /home/airflow/.local/lib/python3.8/site-packages/airflow/example_dags/example_nested_branch_dag.py
[2024-02-25T18:30:04.888+0000] {processor.py:830} INFO - Processing file /home/airflow/.local/lib/python3.8/site-packages/airflow/example_dags/example_nested_branch_dag.py for tasks to queue
[2024-02-25T18:30:04.890+0000] {logging_mixin.py:188} INFO - [2024-02-25T18:30:04.889+0000] {dagbag.py:538} INFO - Filling up the DagBag from /home/airflow/.local/lib/python3.8/site-packages/airflow/example_dags/example_nested_branch_dag.py
[2024-02-25T18:30:04.901+0000] {processor.py:840} INFO - DAG(s) 'example_nested_branch_dag' retrieved from /home/airflow/.local/lib/python3.8/site-packages/airflow/example_dags/example_nested_branch_dag.py
[2024-02-25T18:30:04.930+0000] {logging_mixin.py:188} INFO - [2024-02-25T18:30:04.930+0000] {dag.py:3036} INFO - Sync 1 DAGs
[2024-02-25T18:30:04.958+0000] {logging_mixin.py:188} INFO - [2024-02-25T18:30:04.958+0000] {dag.py:3823} INFO - Setting next_dagrun for example_nested_branch_dag to 2024-02-24 00:00:00+00:00, run_after=2024-02-25 00:00:00+00:00
[2024-02-25T18:30:05.003+0000] {processor.py:183} INFO - Processing /home/airflow/.local/lib/python3.8/site-packages/airflow/example_dags/example_nested_branch_dag.py took 0.121 seconds
[2024-02-25T18:30:35.485+0000] {processor.py:161} INFO - Started process (PID=8309) to work on /home/airflow/.local/lib/python3.8/site-packages/airflow/example_dags/example_nested_branch_dag.py
[2024-02-25T18:30:35.487+0000] {processor.py:830} INFO - Processing file /home/airflow/.local/lib/python3.8/site-packages/airflow/example_dags/example_nested_branch_dag.py for tasks to queue
[2024-02-25T18:30:35.488+0000] {logging_mixin.py:188} INFO - [2024-02-25T18:30:35.487+0000] {dagbag.py:538} INFO - Filling up the DagBag from /home/airflow/.local/lib/python3.8/site-packages/airflow/example_dags/example_nested_branch_dag.py
[2024-02-25T18:30:35.499+0000] {processor.py:840} INFO - DAG(s) 'example_nested_branch_dag' retrieved from /home/airflow/.local/lib/python3.8/site-packages/airflow/example_dags/example_nested_branch_dag.py
[2024-02-25T18:30:35.523+0000] {logging_mixin.py:188} INFO - [2024-02-25T18:30:35.523+0000] {dag.py:3036} INFO - Sync 1 DAGs
[2024-02-25T18:30:35.546+0000] {logging_mixin.py:188} INFO - [2024-02-25T18:30:35.545+0000] {dag.py:3823} INFO - Setting next_dagrun for example_nested_branch_dag to 2024-02-24 00:00:00+00:00, run_after=2024-02-25 00:00:00+00:00
[2024-02-25T18:30:35.566+0000] {processor.py:183} INFO - Processing /home/airflow/.local/lib/python3.8/site-packages/airflow/example_dags/example_nested_branch_dag.py took 0.085 seconds
[2024-02-25T18:31:05.881+0000] {processor.py:161} INFO - Started process (PID=8371) to work on /home/airflow/.local/lib/python3.8/site-packages/airflow/example_dags/example_nested_branch_dag.py
[2024-02-25T18:31:05.882+0000] {processor.py:830} INFO - Processing file /home/airflow/.local/lib/python3.8/site-packages/airflow/example_dags/example_nested_branch_dag.py for tasks to queue
[2024-02-25T18:31:05.883+0000] {logging_mixin.py:188} INFO - [2024-02-25T18:31:05.883+0000] {dagbag.py:538} INFO - Filling up the DagBag from /home/airflow/.local/lib/python3.8/site-packages/airflow/example_dags/example_nested_branch_dag.py
[2024-02-25T18:31:05.893+0000] {processor.py:840} INFO - DAG(s) 'example_nested_branch_dag' retrieved from /home/airflow/.local/lib/python3.8/site-packages/airflow/example_dags/example_nested_branch_dag.py
[2024-02-25T18:31:05.920+0000] {logging_mixin.py:188} INFO - [2024-02-25T18:31:05.920+0000] {dag.py:3036} INFO - Sync 1 DAGs
[2024-02-25T18:31:05.943+0000] {logging_mixin.py:188} INFO - [2024-02-25T18:31:05.943+0000] {dag.py:3823} INFO - Setting next_dagrun for example_nested_branch_dag to 2024-02-24 00:00:00+00:00, run_after=2024-02-25 00:00:00+00:00
[2024-02-25T18:31:05.968+0000] {processor.py:183} INFO - Processing /home/airflow/.local/lib/python3.8/site-packages/airflow/example_dags/example_nested_branch_dag.py took 0.091 seconds
[2024-02-25T18:31:36.387+0000] {processor.py:161} INFO - Started process (PID=8434) to work on /home/airflow/.local/lib/python3.8/site-packages/airflow/example_dags/example_nested_branch_dag.py
[2024-02-25T18:31:36.388+0000] {processor.py:830} INFO - Processing file /home/airflow/.local/lib/python3.8/site-packages/airflow/example_dags/example_nested_branch_dag.py for tasks to queue
[2024-02-25T18:31:36.389+0000] {logging_mixin.py:188} INFO - [2024-02-25T18:31:36.389+0000] {dagbag.py:538} INFO - Filling up the DagBag from /home/airflow/.local/lib/python3.8/site-packages/airflow/example_dags/example_nested_branch_dag.py
[2024-02-25T18:31:36.400+0000] {processor.py:840} INFO - DAG(s) 'example_nested_branch_dag' retrieved from /home/airflow/.local/lib/python3.8/site-packages/airflow/example_dags/example_nested_branch_dag.py
[2024-02-25T18:31:36.426+0000] {logging_mixin.py:188} INFO - [2024-02-25T18:31:36.426+0000] {dag.py:3036} INFO - Sync 1 DAGs
[2024-02-25T18:31:36.453+0000] {logging_mixin.py:188} INFO - [2024-02-25T18:31:36.452+0000] {dag.py:3823} INFO - Setting next_dagrun for example_nested_branch_dag to 2024-02-24 00:00:00+00:00, run_after=2024-02-25 00:00:00+00:00
[2024-02-25T18:31:36.482+0000] {processor.py:183} INFO - Processing /home/airflow/.local/lib/python3.8/site-packages/airflow/example_dags/example_nested_branch_dag.py took 0.099 seconds
[2024-02-25T18:32:06.863+0000] {processor.py:161} INFO - Started process (PID=8497) to work on /home/airflow/.local/lib/python3.8/site-packages/airflow/example_dags/example_nested_branch_dag.py
[2024-02-25T18:32:06.865+0000] {processor.py:830} INFO - Processing file /home/airflow/.local/lib/python3.8/site-packages/airflow/example_dags/example_nested_branch_dag.py for tasks to queue
[2024-02-25T18:32:06.866+0000] {logging_mixin.py:188} INFO - [2024-02-25T18:32:06.866+0000] {dagbag.py:538} INFO - Filling up the DagBag from /home/airflow/.local/lib/python3.8/site-packages/airflow/example_dags/example_nested_branch_dag.py
[2024-02-25T18:32:06.877+0000] {processor.py:840} INFO - DAG(s) 'example_nested_branch_dag' retrieved from /home/airflow/.local/lib/python3.8/site-packages/airflow/example_dags/example_nested_branch_dag.py
[2024-02-25T18:32:06.902+0000] {logging_mixin.py:188} INFO - [2024-02-25T18:32:06.902+0000] {dag.py:3036} INFO - Sync 1 DAGs
[2024-02-25T18:32:06.927+0000] {logging_mixin.py:188} INFO - [2024-02-25T18:32:06.926+0000] {dag.py:3823} INFO - Setting next_dagrun for example_nested_branch_dag to 2024-02-24 00:00:00+00:00, run_after=2024-02-25 00:00:00+00:00
[2024-02-25T18:32:06.955+0000] {processor.py:183} INFO - Processing /home/airflow/.local/lib/python3.8/site-packages/airflow/example_dags/example_nested_branch_dag.py took 0.096 seconds
[2024-02-25T18:32:37.118+0000] {processor.py:161} INFO - Started process (PID=8560) to work on /home/airflow/.local/lib/python3.8/site-packages/airflow/example_dags/example_nested_branch_dag.py
[2024-02-25T18:32:37.119+0000] {processor.py:830} INFO - Processing file /home/airflow/.local/lib/python3.8/site-packages/airflow/example_dags/example_nested_branch_dag.py for tasks to queue
[2024-02-25T18:32:37.120+0000] {logging_mixin.py:188} INFO - [2024-02-25T18:32:37.120+0000] {dagbag.py:538} INFO - Filling up the DagBag from /home/airflow/.local/lib/python3.8/site-packages/airflow/example_dags/example_nested_branch_dag.py
[2024-02-25T18:32:37.132+0000] {processor.py:840} INFO - DAG(s) 'example_nested_branch_dag' retrieved from /home/airflow/.local/lib/python3.8/site-packages/airflow/example_dags/example_nested_branch_dag.py
[2024-02-25T18:32:37.158+0000] {logging_mixin.py:188} INFO - [2024-02-25T18:32:37.158+0000] {dag.py:3036} INFO - Sync 1 DAGs
[2024-02-25T18:32:37.183+0000] {logging_mixin.py:188} INFO - [2024-02-25T18:32:37.183+0000] {dag.py:3823} INFO - Setting next_dagrun for example_nested_branch_dag to 2024-02-24 00:00:00+00:00, run_after=2024-02-25 00:00:00+00:00
[2024-02-25T18:32:37.205+0000] {processor.py:183} INFO - Processing /home/airflow/.local/lib/python3.8/site-packages/airflow/example_dags/example_nested_branch_dag.py took 0.092 seconds
[2024-02-25T18:33:07.807+0000] {processor.py:161} INFO - Started process (PID=8623) to work on /home/airflow/.local/lib/python3.8/site-packages/airflow/example_dags/example_nested_branch_dag.py
[2024-02-25T18:33:07.809+0000] {processor.py:830} INFO - Processing file /home/airflow/.local/lib/python3.8/site-packages/airflow/example_dags/example_nested_branch_dag.py for tasks to queue
[2024-02-25T18:33:07.810+0000] {logging_mixin.py:188} INFO - [2024-02-25T18:33:07.809+0000] {dagbag.py:538} INFO - Filling up the DagBag from /home/airflow/.local/lib/python3.8/site-packages/airflow/example_dags/example_nested_branch_dag.py
[2024-02-25T18:33:07.820+0000] {processor.py:840} INFO - DAG(s) 'example_nested_branch_dag' retrieved from /home/airflow/.local/lib/python3.8/site-packages/airflow/example_dags/example_nested_branch_dag.py
[2024-02-25T18:33:07.845+0000] {logging_mixin.py:188} INFO - [2024-02-25T18:33:07.844+0000] {dag.py:3036} INFO - Sync 1 DAGs
[2024-02-25T18:33:07.868+0000] {logging_mixin.py:188} INFO - [2024-02-25T18:33:07.868+0000] {dag.py:3823} INFO - Setting next_dagrun for example_nested_branch_dag to 2024-02-24 00:00:00+00:00, run_after=2024-02-25 00:00:00+00:00
[2024-02-25T18:33:07.893+0000] {processor.py:183} INFO - Processing /home/airflow/.local/lib/python3.8/site-packages/airflow/example_dags/example_nested_branch_dag.py took 0.090 seconds
[2024-02-25T18:33:38.051+0000] {processor.py:161} INFO - Started process (PID=8686) to work on /home/airflow/.local/lib/python3.8/site-packages/airflow/example_dags/example_nested_branch_dag.py
[2024-02-25T18:33:38.052+0000] {processor.py:830} INFO - Processing file /home/airflow/.local/lib/python3.8/site-packages/airflow/example_dags/example_nested_branch_dag.py for tasks to queue
[2024-02-25T18:33:38.053+0000] {logging_mixin.py:188} INFO - [2024-02-25T18:33:38.053+0000] {dagbag.py:538} INFO - Filling up the DagBag from /home/airflow/.local/lib/python3.8/site-packages/airflow/example_dags/example_nested_branch_dag.py
[2024-02-25T18:33:38.065+0000] {processor.py:840} INFO - DAG(s) 'example_nested_branch_dag' retrieved from /home/airflow/.local/lib/python3.8/site-packages/airflow/example_dags/example_nested_branch_dag.py
[2024-02-25T18:33:38.090+0000] {logging_mixin.py:188} INFO - [2024-02-25T18:33:38.090+0000] {dag.py:3036} INFO - Sync 1 DAGs
[2024-02-25T18:33:38.114+0000] {logging_mixin.py:188} INFO - [2024-02-25T18:33:38.114+0000] {dag.py:3823} INFO - Setting next_dagrun for example_nested_branch_dag to 2024-02-24 00:00:00+00:00, run_after=2024-02-25 00:00:00+00:00
[2024-02-25T18:33:38.134+0000] {processor.py:183} INFO - Processing /home/airflow/.local/lib/python3.8/site-packages/airflow/example_dags/example_nested_branch_dag.py took 0.087 seconds
[2024-02-25T18:34:09.180+0000] {processor.py:161} INFO - Started process (PID=8749) to work on /home/airflow/.local/lib/python3.8/site-packages/airflow/example_dags/example_nested_branch_dag.py
[2024-02-25T18:34:09.182+0000] {processor.py:830} INFO - Processing file /home/airflow/.local/lib/python3.8/site-packages/airflow/example_dags/example_nested_branch_dag.py for tasks to queue
[2024-02-25T18:34:09.183+0000] {logging_mixin.py:188} INFO - [2024-02-25T18:34:09.183+0000] {dagbag.py:538} INFO - Filling up the DagBag from /home/airflow/.local/lib/python3.8/site-packages/airflow/example_dags/example_nested_branch_dag.py
[2024-02-25T18:34:09.194+0000] {processor.py:840} INFO - DAG(s) 'example_nested_branch_dag' retrieved from /home/airflow/.local/lib/python3.8/site-packages/airflow/example_dags/example_nested_branch_dag.py
[2024-02-25T18:34:09.219+0000] {logging_mixin.py:188} INFO - [2024-02-25T18:34:09.218+0000] {dag.py:3036} INFO - Sync 1 DAGs
[2024-02-25T18:34:09.242+0000] {logging_mixin.py:188} INFO - [2024-02-25T18:34:09.242+0000] {dag.py:3823} INFO - Setting next_dagrun for example_nested_branch_dag to 2024-02-24 00:00:00+00:00, run_after=2024-02-25 00:00:00+00:00
[2024-02-25T18:34:09.267+0000] {processor.py:183} INFO - Processing /home/airflow/.local/lib/python3.8/site-packages/airflow/example_dags/example_nested_branch_dag.py took 0.091 seconds
[2024-02-25T18:34:39.397+0000] {processor.py:161} INFO - Started process (PID=8812) to work on /home/airflow/.local/lib/python3.8/site-packages/airflow/example_dags/example_nested_branch_dag.py
[2024-02-25T18:34:39.398+0000] {processor.py:830} INFO - Processing file /home/airflow/.local/lib/python3.8/site-packages/airflow/example_dags/example_nested_branch_dag.py for tasks to queue
[2024-02-25T18:34:39.399+0000] {logging_mixin.py:188} INFO - [2024-02-25T18:34:39.399+0000] {dagbag.py:538} INFO - Filling up the DagBag from /home/airflow/.local/lib/python3.8/site-packages/airflow/example_dags/example_nested_branch_dag.py
[2024-02-25T18:34:39.411+0000] {processor.py:840} INFO - DAG(s) 'example_nested_branch_dag' retrieved from /home/airflow/.local/lib/python3.8/site-packages/airflow/example_dags/example_nested_branch_dag.py
[2024-02-25T18:34:39.436+0000] {logging_mixin.py:188} INFO - [2024-02-25T18:34:39.435+0000] {dag.py:3036} INFO - Sync 1 DAGs
[2024-02-25T18:34:39.460+0000] {logging_mixin.py:188} INFO - [2024-02-25T18:34:39.460+0000] {dag.py:3823} INFO - Setting next_dagrun for example_nested_branch_dag to 2024-02-24 00:00:00+00:00, run_after=2024-02-25 00:00:00+00:00
[2024-02-25T18:34:39.486+0000] {processor.py:183} INFO - Processing /home/airflow/.local/lib/python3.8/site-packages/airflow/example_dags/example_nested_branch_dag.py took 0.094 seconds
[2024-02-25T18:35:09.806+0000] {processor.py:161} INFO - Started process (PID=8874) to work on /home/airflow/.local/lib/python3.8/site-packages/airflow/example_dags/example_nested_branch_dag.py
[2024-02-25T18:35:09.807+0000] {processor.py:830} INFO - Processing file /home/airflow/.local/lib/python3.8/site-packages/airflow/example_dags/example_nested_branch_dag.py for tasks to queue
[2024-02-25T18:35:09.808+0000] {logging_mixin.py:188} INFO - [2024-02-25T18:35:09.808+0000] {dagbag.py:538} INFO - Filling up the DagBag from /home/airflow/.local/lib/python3.8/site-packages/airflow/example_dags/example_nested_branch_dag.py
[2024-02-25T18:35:09.819+0000] {processor.py:840} INFO - DAG(s) 'example_nested_branch_dag' retrieved from /home/airflow/.local/lib/python3.8/site-packages/airflow/example_dags/example_nested_branch_dag.py
[2024-02-25T18:35:09.844+0000] {logging_mixin.py:188} INFO - [2024-02-25T18:35:09.844+0000] {dag.py:3036} INFO - Sync 1 DAGs
[2024-02-25T18:35:09.866+0000] {logging_mixin.py:188} INFO - [2024-02-25T18:35:09.866+0000] {dag.py:3823} INFO - Setting next_dagrun for example_nested_branch_dag to 2024-02-24 00:00:00+00:00, run_after=2024-02-25 00:00:00+00:00
[2024-02-25T18:35:09.887+0000] {processor.py:183} INFO - Processing /home/airflow/.local/lib/python3.8/site-packages/airflow/example_dags/example_nested_branch_dag.py took 0.085 seconds
[2024-02-25T18:35:40.224+0000] {processor.py:161} INFO - Started process (PID=8938) to work on /home/airflow/.local/lib/python3.8/site-packages/airflow/example_dags/example_nested_branch_dag.py
[2024-02-25T18:35:40.225+0000] {processor.py:830} INFO - Processing file /home/airflow/.local/lib/python3.8/site-packages/airflow/example_dags/example_nested_branch_dag.py for tasks to queue
[2024-02-25T18:35:40.226+0000] {logging_mixin.py:188} INFO - [2024-02-25T18:35:40.226+0000] {dagbag.py:538} INFO - Filling up the DagBag from /home/airflow/.local/lib/python3.8/site-packages/airflow/example_dags/example_nested_branch_dag.py
[2024-02-25T18:35:40.237+0000] {processor.py:840} INFO - DAG(s) 'example_nested_branch_dag' retrieved from /home/airflow/.local/lib/python3.8/site-packages/airflow/example_dags/example_nested_branch_dag.py
[2024-02-25T18:35:40.263+0000] {logging_mixin.py:188} INFO - [2024-02-25T18:35:40.263+0000] {dag.py:3036} INFO - Sync 1 DAGs
[2024-02-25T18:35:40.288+0000] {logging_mixin.py:188} INFO - [2024-02-25T18:35:40.288+0000] {dag.py:3823} INFO - Setting next_dagrun for example_nested_branch_dag to 2024-02-24 00:00:00+00:00, run_after=2024-02-25 00:00:00+00:00
[2024-02-25T18:35:40.315+0000] {processor.py:183} INFO - Processing /home/airflow/.local/lib/python3.8/site-packages/airflow/example_dags/example_nested_branch_dag.py took 0.095 seconds
[2024-02-25T18:36:10.495+0000] {processor.py:161} INFO - Started process (PID=9002) to work on /home/airflow/.local/lib/python3.8/site-packages/airflow/example_dags/example_nested_branch_dag.py
[2024-02-25T18:36:10.497+0000] {processor.py:830} INFO - Processing file /home/airflow/.local/lib/python3.8/site-packages/airflow/example_dags/example_nested_branch_dag.py for tasks to queue
[2024-02-25T18:36:10.498+0000] {logging_mixin.py:188} INFO - [2024-02-25T18:36:10.498+0000] {dagbag.py:538} INFO - Filling up the DagBag from /home/airflow/.local/lib/python3.8/site-packages/airflow/example_dags/example_nested_branch_dag.py
[2024-02-25T18:36:10.509+0000] {processor.py:840} INFO - DAG(s) 'example_nested_branch_dag' retrieved from /home/airflow/.local/lib/python3.8/site-packages/airflow/example_dags/example_nested_branch_dag.py
[2024-02-25T18:36:10.536+0000] {logging_mixin.py:188} INFO - [2024-02-25T18:36:10.535+0000] {dag.py:3036} INFO - Sync 1 DAGs
[2024-02-25T18:36:10.562+0000] {logging_mixin.py:188} INFO - [2024-02-25T18:36:10.562+0000] {dag.py:3823} INFO - Setting next_dagrun for example_nested_branch_dag to 2024-02-24 00:00:00+00:00, run_after=2024-02-25 00:00:00+00:00
[2024-02-25T18:36:10.596+0000] {processor.py:183} INFO - Processing /home/airflow/.local/lib/python3.8/site-packages/airflow/example_dags/example_nested_branch_dag.py took 0.104 seconds
[2024-02-25T18:36:41.655+0000] {processor.py:161} INFO - Started process (PID=9065) to work on /home/airflow/.local/lib/python3.8/site-packages/airflow/example_dags/example_nested_branch_dag.py
[2024-02-25T18:36:41.656+0000] {processor.py:830} INFO - Processing file /home/airflow/.local/lib/python3.8/site-packages/airflow/example_dags/example_nested_branch_dag.py for tasks to queue
[2024-02-25T18:36:41.657+0000] {logging_mixin.py:188} INFO - [2024-02-25T18:36:41.657+0000] {dagbag.py:538} INFO - Filling up the DagBag from /home/airflow/.local/lib/python3.8/site-packages/airflow/example_dags/example_nested_branch_dag.py
[2024-02-25T18:36:41.669+0000] {processor.py:840} INFO - DAG(s) 'example_nested_branch_dag' retrieved from /home/airflow/.local/lib/python3.8/site-packages/airflow/example_dags/example_nested_branch_dag.py
[2024-02-25T18:36:41.694+0000] {logging_mixin.py:188} INFO - [2024-02-25T18:36:41.693+0000] {dag.py:3036} INFO - Sync 1 DAGs
[2024-02-25T18:36:41.720+0000] {logging_mixin.py:188} INFO - [2024-02-25T18:36:41.720+0000] {dag.py:3823} INFO - Setting next_dagrun for example_nested_branch_dag to 2024-02-24 00:00:00+00:00, run_after=2024-02-25 00:00:00+00:00
[2024-02-25T18:36:41.755+0000] {processor.py:183} INFO - Processing /home/airflow/.local/lib/python3.8/site-packages/airflow/example_dags/example_nested_branch_dag.py took 0.104 seconds
[2024-02-25T18:37:12.166+0000] {processor.py:161} INFO - Started process (PID=9128) to work on /home/airflow/.local/lib/python3.8/site-packages/airflow/example_dags/example_nested_branch_dag.py
[2024-02-25T18:37:12.167+0000] {processor.py:830} INFO - Processing file /home/airflow/.local/lib/python3.8/site-packages/airflow/example_dags/example_nested_branch_dag.py for tasks to queue
[2024-02-25T18:37:12.169+0000] {logging_mixin.py:188} INFO - [2024-02-25T18:37:12.168+0000] {dagbag.py:538} INFO - Filling up the DagBag from /home/airflow/.local/lib/python3.8/site-packages/airflow/example_dags/example_nested_branch_dag.py
[2024-02-25T18:37:12.181+0000] {processor.py:840} INFO - DAG(s) 'example_nested_branch_dag' retrieved from /home/airflow/.local/lib/python3.8/site-packages/airflow/example_dags/example_nested_branch_dag.py
[2024-02-25T18:37:12.206+0000] {logging_mixin.py:188} INFO - [2024-02-25T18:37:12.205+0000] {dag.py:3036} INFO - Sync 1 DAGs
[2024-02-25T18:37:12.231+0000] {logging_mixin.py:188} INFO - [2024-02-25T18:37:12.231+0000] {dag.py:3823} INFO - Setting next_dagrun for example_nested_branch_dag to 2024-02-24 00:00:00+00:00, run_after=2024-02-25 00:00:00+00:00
[2024-02-25T18:37:12.257+0000] {processor.py:183} INFO - Processing /home/airflow/.local/lib/python3.8/site-packages/airflow/example_dags/example_nested_branch_dag.py took 0.095 seconds
[2024-02-25T18:37:43.203+0000] {processor.py:161} INFO - Started process (PID=9191) to work on /home/airflow/.local/lib/python3.8/site-packages/airflow/example_dags/example_nested_branch_dag.py
[2024-02-25T18:37:43.204+0000] {processor.py:830} INFO - Processing file /home/airflow/.local/lib/python3.8/site-packages/airflow/example_dags/example_nested_branch_dag.py for tasks to queue
[2024-02-25T18:37:43.205+0000] {logging_mixin.py:188} INFO - [2024-02-25T18:37:43.205+0000] {dagbag.py:538} INFO - Filling up the DagBag from /home/airflow/.local/lib/python3.8/site-packages/airflow/example_dags/example_nested_branch_dag.py
[2024-02-25T18:37:43.216+0000] {processor.py:840} INFO - DAG(s) 'example_nested_branch_dag' retrieved from /home/airflow/.local/lib/python3.8/site-packages/airflow/example_dags/example_nested_branch_dag.py
[2024-02-25T18:37:43.241+0000] {logging_mixin.py:188} INFO - [2024-02-25T18:37:43.241+0000] {dag.py:3036} INFO - Sync 1 DAGs
[2024-02-25T18:37:43.265+0000] {logging_mixin.py:188} INFO - [2024-02-25T18:37:43.264+0000] {dag.py:3823} INFO - Setting next_dagrun for example_nested_branch_dag to 2024-02-24 00:00:00+00:00, run_after=2024-02-25 00:00:00+00:00
[2024-02-25T18:37:43.292+0000] {processor.py:183} INFO - Processing /home/airflow/.local/lib/python3.8/site-packages/airflow/example_dags/example_nested_branch_dag.py took 0.093 seconds
[2024-02-25T18:38:13.779+0000] {processor.py:161} INFO - Started process (PID=9255) to work on /home/airflow/.local/lib/python3.8/site-packages/airflow/example_dags/example_nested_branch_dag.py
[2024-02-25T18:38:13.780+0000] {processor.py:830} INFO - Processing file /home/airflow/.local/lib/python3.8/site-packages/airflow/example_dags/example_nested_branch_dag.py for tasks to queue
[2024-02-25T18:38:13.782+0000] {logging_mixin.py:188} INFO - [2024-02-25T18:38:13.781+0000] {dagbag.py:538} INFO - Filling up the DagBag from /home/airflow/.local/lib/python3.8/site-packages/airflow/example_dags/example_nested_branch_dag.py
[2024-02-25T18:38:13.799+0000] {processor.py:840} INFO - DAG(s) 'example_nested_branch_dag' retrieved from /home/airflow/.local/lib/python3.8/site-packages/airflow/example_dags/example_nested_branch_dag.py
[2024-02-25T18:38:13.823+0000] {logging_mixin.py:188} INFO - [2024-02-25T18:38:13.822+0000] {dag.py:3036} INFO - Sync 1 DAGs
[2024-02-25T18:38:13.846+0000] {logging_mixin.py:188} INFO - [2024-02-25T18:38:13.845+0000] {dag.py:3823} INFO - Setting next_dagrun for example_nested_branch_dag to 2024-02-24 00:00:00+00:00, run_after=2024-02-25 00:00:00+00:00
[2024-02-25T18:38:13.870+0000] {processor.py:183} INFO - Processing /home/airflow/.local/lib/python3.8/site-packages/airflow/example_dags/example_nested_branch_dag.py took 0.095 seconds
[2024-02-25T18:38:44.745+0000] {processor.py:161} INFO - Started process (PID=9318) to work on /home/airflow/.local/lib/python3.8/site-packages/airflow/example_dags/example_nested_branch_dag.py
[2024-02-25T18:38:44.746+0000] {processor.py:830} INFO - Processing file /home/airflow/.local/lib/python3.8/site-packages/airflow/example_dags/example_nested_branch_dag.py for tasks to queue
[2024-02-25T18:38:44.748+0000] {logging_mixin.py:188} INFO - [2024-02-25T18:38:44.747+0000] {dagbag.py:538} INFO - Filling up the DagBag from /home/airflow/.local/lib/python3.8/site-packages/airflow/example_dags/example_nested_branch_dag.py
[2024-02-25T18:38:44.760+0000] {processor.py:840} INFO - DAG(s) 'example_nested_branch_dag' retrieved from /home/airflow/.local/lib/python3.8/site-packages/airflow/example_dags/example_nested_branch_dag.py
[2024-02-25T18:38:44.784+0000] {logging_mixin.py:188} INFO - [2024-02-25T18:38:44.783+0000] {dag.py:3036} INFO - Sync 1 DAGs
[2024-02-25T18:38:44.807+0000] {logging_mixin.py:188} INFO - [2024-02-25T18:38:44.807+0000] {dag.py:3823} INFO - Setting next_dagrun for example_nested_branch_dag to 2024-02-24 00:00:00+00:00, run_after=2024-02-25 00:00:00+00:00
[2024-02-25T18:38:44.831+0000] {processor.py:183} INFO - Processing /home/airflow/.local/lib/python3.8/site-packages/airflow/example_dags/example_nested_branch_dag.py took 0.089 seconds
[2024-02-25T18:39:15.661+0000] {processor.py:161} INFO - Started process (PID=9381) to work on /home/airflow/.local/lib/python3.8/site-packages/airflow/example_dags/example_nested_branch_dag.py
[2024-02-25T18:39:15.662+0000] {processor.py:830} INFO - Processing file /home/airflow/.local/lib/python3.8/site-packages/airflow/example_dags/example_nested_branch_dag.py for tasks to queue
[2024-02-25T18:39:15.663+0000] {logging_mixin.py:188} INFO - [2024-02-25T18:39:15.663+0000] {dagbag.py:538} INFO - Filling up the DagBag from /home/airflow/.local/lib/python3.8/site-packages/airflow/example_dags/example_nested_branch_dag.py
[2024-02-25T18:39:15.674+0000] {processor.py:840} INFO - DAG(s) 'example_nested_branch_dag' retrieved from /home/airflow/.local/lib/python3.8/site-packages/airflow/example_dags/example_nested_branch_dag.py
[2024-02-25T18:39:15.698+0000] {logging_mixin.py:188} INFO - [2024-02-25T18:39:15.698+0000] {dag.py:3036} INFO - Sync 1 DAGs
[2024-02-25T18:39:15.721+0000] {logging_mixin.py:188} INFO - [2024-02-25T18:39:15.721+0000] {dag.py:3823} INFO - Setting next_dagrun for example_nested_branch_dag to 2024-02-24 00:00:00+00:00, run_after=2024-02-25 00:00:00+00:00
[2024-02-25T18:39:15.746+0000] {processor.py:183} INFO - Processing /home/airflow/.local/lib/python3.8/site-packages/airflow/example_dags/example_nested_branch_dag.py took 0.089 seconds
[2024-02-25T18:39:46.228+0000] {processor.py:161} INFO - Started process (PID=9443) to work on /home/airflow/.local/lib/python3.8/site-packages/airflow/example_dags/example_nested_branch_dag.py
[2024-02-25T18:39:46.229+0000] {processor.py:830} INFO - Processing file /home/airflow/.local/lib/python3.8/site-packages/airflow/example_dags/example_nested_branch_dag.py for tasks to queue
[2024-02-25T18:39:46.230+0000] {logging_mixin.py:188} INFO - [2024-02-25T18:39:46.230+0000] {dagbag.py:538} INFO - Filling up the DagBag from /home/airflow/.local/lib/python3.8/site-packages/airflow/example_dags/example_nested_branch_dag.py
[2024-02-25T18:39:46.241+0000] {processor.py:840} INFO - DAG(s) 'example_nested_branch_dag' retrieved from /home/airflow/.local/lib/python3.8/site-packages/airflow/example_dags/example_nested_branch_dag.py
[2024-02-25T18:39:46.265+0000] {logging_mixin.py:188} INFO - [2024-02-25T18:39:46.265+0000] {dag.py:3036} INFO - Sync 1 DAGs
[2024-02-25T18:39:46.289+0000] {logging_mixin.py:188} INFO - [2024-02-25T18:39:46.288+0000] {dag.py:3823} INFO - Setting next_dagrun for example_nested_branch_dag to 2024-02-24 00:00:00+00:00, run_after=2024-02-25 00:00:00+00:00
[2024-02-25T18:39:46.314+0000] {processor.py:183} INFO - Processing /home/airflow/.local/lib/python3.8/site-packages/airflow/example_dags/example_nested_branch_dag.py took 0.090 seconds
[2024-02-25T18:40:17.009+0000] {processor.py:161} INFO - Started process (PID=9506) to work on /home/airflow/.local/lib/python3.8/site-packages/airflow/example_dags/example_nested_branch_dag.py
[2024-02-25T18:40:17.011+0000] {processor.py:830} INFO - Processing file /home/airflow/.local/lib/python3.8/site-packages/airflow/example_dags/example_nested_branch_dag.py for tasks to queue
[2024-02-25T18:40:17.012+0000] {logging_mixin.py:188} INFO - [2024-02-25T18:40:17.012+0000] {dagbag.py:538} INFO - Filling up the DagBag from /home/airflow/.local/lib/python3.8/site-packages/airflow/example_dags/example_nested_branch_dag.py
[2024-02-25T18:40:17.023+0000] {processor.py:840} INFO - DAG(s) 'example_nested_branch_dag' retrieved from /home/airflow/.local/lib/python3.8/site-packages/airflow/example_dags/example_nested_branch_dag.py
[2024-02-25T18:40:17.047+0000] {logging_mixin.py:188} INFO - [2024-02-25T18:40:17.047+0000] {dag.py:3036} INFO - Sync 1 DAGs
[2024-02-25T18:40:17.069+0000] {logging_mixin.py:188} INFO - [2024-02-25T18:40:17.069+0000] {dag.py:3823} INFO - Setting next_dagrun for example_nested_branch_dag to 2024-02-24 00:00:00+00:00, run_after=2024-02-25 00:00:00+00:00
[2024-02-25T18:40:17.093+0000] {processor.py:183} INFO - Processing /home/airflow/.local/lib/python3.8/site-packages/airflow/example_dags/example_nested_branch_dag.py took 0.088 seconds
[2024-02-25T20:59:49.893+0000] {processor.py:161} INFO - Started process (PID=9574) to work on /home/airflow/.local/lib/python3.8/site-packages/airflow/example_dags/example_nested_branch_dag.py
[2024-02-25T20:59:49.894+0000] {processor.py:830} INFO - Processing file /home/airflow/.local/lib/python3.8/site-packages/airflow/example_dags/example_nested_branch_dag.py for tasks to queue
[2024-02-25T20:59:49.896+0000] {logging_mixin.py:188} INFO - [2024-02-25T20:59:49.895+0000] {dagbag.py:538} INFO - Filling up the DagBag from /home/airflow/.local/lib/python3.8/site-packages/airflow/example_dags/example_nested_branch_dag.py
[2024-02-25T20:59:49.908+0000] {processor.py:840} INFO - DAG(s) 'example_nested_branch_dag' retrieved from /home/airflow/.local/lib/python3.8/site-packages/airflow/example_dags/example_nested_branch_dag.py
[2024-02-25T20:59:49.938+0000] {logging_mixin.py:188} INFO - [2024-02-25T20:59:49.938+0000] {dag.py:3036} INFO - Sync 1 DAGs
[2024-02-25T20:59:50.148+0000] {logging_mixin.py:188} INFO - [2024-02-25T20:59:50.147+0000] {dag.py:3823} INFO - Setting next_dagrun for example_nested_branch_dag to 2024-02-24 00:00:00+00:00, run_after=2024-02-25 00:00:00+00:00
[2024-02-25T20:59:50.173+0000] {processor.py:183} INFO - Processing /home/airflow/.local/lib/python3.8/site-packages/airflow/example_dags/example_nested_branch_dag.py took 0.285 seconds
[2024-02-25T21:00:20.254+0000] {processor.py:161} INFO - Started process (PID=9645) to work on /home/airflow/.local/lib/python3.8/site-packages/airflow/example_dags/example_nested_branch_dag.py
[2024-02-25T21:00:20.255+0000] {processor.py:830} INFO - Processing file /home/airflow/.local/lib/python3.8/site-packages/airflow/example_dags/example_nested_branch_dag.py for tasks to queue
[2024-02-25T21:00:20.256+0000] {logging_mixin.py:188} INFO - [2024-02-25T21:00:20.256+0000] {dagbag.py:538} INFO - Filling up the DagBag from /home/airflow/.local/lib/python3.8/site-packages/airflow/example_dags/example_nested_branch_dag.py
[2024-02-25T21:00:20.267+0000] {processor.py:840} INFO - DAG(s) 'example_nested_branch_dag' retrieved from /home/airflow/.local/lib/python3.8/site-packages/airflow/example_dags/example_nested_branch_dag.py
[2024-02-25T21:00:20.291+0000] {logging_mixin.py:188} INFO - [2024-02-25T21:00:20.291+0000] {dag.py:3036} INFO - Sync 1 DAGs
[2024-02-25T21:00:20.315+0000] {logging_mixin.py:188} INFO - [2024-02-25T21:00:20.315+0000] {dag.py:3823} INFO - Setting next_dagrun for example_nested_branch_dag to 2024-02-24 00:00:00+00:00, run_after=2024-02-25 00:00:00+00:00
[2024-02-25T21:00:20.338+0000] {processor.py:183} INFO - Processing /home/airflow/.local/lib/python3.8/site-packages/airflow/example_dags/example_nested_branch_dag.py took 0.088 seconds
[2024-02-25T21:00:50.540+0000] {processor.py:161} INFO - Started process (PID=9708) to work on /home/airflow/.local/lib/python3.8/site-packages/airflow/example_dags/example_nested_branch_dag.py
[2024-02-25T21:00:50.542+0000] {processor.py:830} INFO - Processing file /home/airflow/.local/lib/python3.8/site-packages/airflow/example_dags/example_nested_branch_dag.py for tasks to queue
[2024-02-25T21:00:50.543+0000] {logging_mixin.py:188} INFO - [2024-02-25T21:00:50.543+0000] {dagbag.py:538} INFO - Filling up the DagBag from /home/airflow/.local/lib/python3.8/site-packages/airflow/example_dags/example_nested_branch_dag.py
[2024-02-25T21:00:50.558+0000] {processor.py:840} INFO - DAG(s) 'example_nested_branch_dag' retrieved from /home/airflow/.local/lib/python3.8/site-packages/airflow/example_dags/example_nested_branch_dag.py
[2024-02-25T21:00:50.585+0000] {logging_mixin.py:188} INFO - [2024-02-25T21:00:50.585+0000] {dag.py:3036} INFO - Sync 1 DAGs
[2024-02-25T21:00:50.609+0000] {logging_mixin.py:188} INFO - [2024-02-25T21:00:50.609+0000] {dag.py:3823} INFO - Setting next_dagrun for example_nested_branch_dag to 2024-02-24 00:00:00+00:00, run_after=2024-02-25 00:00:00+00:00
[2024-02-25T21:00:50.631+0000] {processor.py:183} INFO - Processing /home/airflow/.local/lib/python3.8/site-packages/airflow/example_dags/example_nested_branch_dag.py took 0.095 seconds
[2024-02-25T21:01:21.001+0000] {processor.py:161} INFO - Started process (PID=9771) to work on /home/airflow/.local/lib/python3.8/site-packages/airflow/example_dags/example_nested_branch_dag.py
[2024-02-25T21:01:21.002+0000] {processor.py:830} INFO - Processing file /home/airflow/.local/lib/python3.8/site-packages/airflow/example_dags/example_nested_branch_dag.py for tasks to queue
[2024-02-25T21:01:21.004+0000] {logging_mixin.py:188} INFO - [2024-02-25T21:01:21.003+0000] {dagbag.py:538} INFO - Filling up the DagBag from /home/airflow/.local/lib/python3.8/site-packages/airflow/example_dags/example_nested_branch_dag.py
[2024-02-25T21:01:21.014+0000] {processor.py:840} INFO - DAG(s) 'example_nested_branch_dag' retrieved from /home/airflow/.local/lib/python3.8/site-packages/airflow/example_dags/example_nested_branch_dag.py
[2024-02-25T21:01:21.039+0000] {logging_mixin.py:188} INFO - [2024-02-25T21:01:21.038+0000] {dag.py:3036} INFO - Sync 1 DAGs
[2024-02-25T21:01:21.063+0000] {logging_mixin.py:188} INFO - [2024-02-25T21:01:21.063+0000] {dag.py:3823} INFO - Setting next_dagrun for example_nested_branch_dag to 2024-02-24 00:00:00+00:00, run_after=2024-02-25 00:00:00+00:00
[2024-02-25T21:01:21.086+0000] {processor.py:183} INFO - Processing /home/airflow/.local/lib/python3.8/site-packages/airflow/example_dags/example_nested_branch_dag.py took 0.088 seconds
[2024-02-25T21:01:51.476+0000] {processor.py:161} INFO - Started process (PID=9834) to work on /home/airflow/.local/lib/python3.8/site-packages/airflow/example_dags/example_nested_branch_dag.py
[2024-02-25T21:01:51.477+0000] {processor.py:830} INFO - Processing file /home/airflow/.local/lib/python3.8/site-packages/airflow/example_dags/example_nested_branch_dag.py for tasks to queue
[2024-02-25T21:01:51.478+0000] {logging_mixin.py:188} INFO - [2024-02-25T21:01:51.478+0000] {dagbag.py:538} INFO - Filling up the DagBag from /home/airflow/.local/lib/python3.8/site-packages/airflow/example_dags/example_nested_branch_dag.py
[2024-02-25T21:01:51.489+0000] {processor.py:840} INFO - DAG(s) 'example_nested_branch_dag' retrieved from /home/airflow/.local/lib/python3.8/site-packages/airflow/example_dags/example_nested_branch_dag.py
[2024-02-25T21:01:51.512+0000] {logging_mixin.py:188} INFO - [2024-02-25T21:01:51.511+0000] {dag.py:3036} INFO - Sync 1 DAGs
[2024-02-25T21:01:51.534+0000] {logging_mixin.py:188} INFO - [2024-02-25T21:01:51.533+0000] {dag.py:3823} INFO - Setting next_dagrun for example_nested_branch_dag to 2024-02-24 00:00:00+00:00, run_after=2024-02-25 00:00:00+00:00
[2024-02-25T21:01:51.556+0000] {processor.py:183} INFO - Processing /home/airflow/.local/lib/python3.8/site-packages/airflow/example_dags/example_nested_branch_dag.py took 0.084 seconds
[2024-02-25T21:02:22.345+0000] {processor.py:161} INFO - Started process (PID=9897) to work on /home/airflow/.local/lib/python3.8/site-packages/airflow/example_dags/example_nested_branch_dag.py
[2024-02-25T21:02:22.346+0000] {processor.py:830} INFO - Processing file /home/airflow/.local/lib/python3.8/site-packages/airflow/example_dags/example_nested_branch_dag.py for tasks to queue
[2024-02-25T21:02:22.347+0000] {logging_mixin.py:188} INFO - [2024-02-25T21:02:22.347+0000] {dagbag.py:538} INFO - Filling up the DagBag from /home/airflow/.local/lib/python3.8/site-packages/airflow/example_dags/example_nested_branch_dag.py
[2024-02-25T21:02:22.358+0000] {processor.py:840} INFO - DAG(s) 'example_nested_branch_dag' retrieved from /home/airflow/.local/lib/python3.8/site-packages/airflow/example_dags/example_nested_branch_dag.py
[2024-02-25T21:02:22.381+0000] {logging_mixin.py:188} INFO - [2024-02-25T21:02:22.380+0000] {dag.py:3036} INFO - Sync 1 DAGs
[2024-02-25T21:02:22.406+0000] {logging_mixin.py:188} INFO - [2024-02-25T21:02:22.405+0000] {dag.py:3823} INFO - Setting next_dagrun for example_nested_branch_dag to 2024-02-24 00:00:00+00:00, run_after=2024-02-25 00:00:00+00:00
[2024-02-25T21:02:22.426+0000] {processor.py:183} INFO - Processing /home/airflow/.local/lib/python3.8/site-packages/airflow/example_dags/example_nested_branch_dag.py took 0.085 seconds
[2024-02-25T21:02:53.181+0000] {processor.py:161} INFO - Started process (PID=9960) to work on /home/airflow/.local/lib/python3.8/site-packages/airflow/example_dags/example_nested_branch_dag.py
[2024-02-25T21:02:53.182+0000] {processor.py:830} INFO - Processing file /home/airflow/.local/lib/python3.8/site-packages/airflow/example_dags/example_nested_branch_dag.py for tasks to queue
[2024-02-25T21:02:53.183+0000] {logging_mixin.py:188} INFO - [2024-02-25T21:02:53.183+0000] {dagbag.py:538} INFO - Filling up the DagBag from /home/airflow/.local/lib/python3.8/site-packages/airflow/example_dags/example_nested_branch_dag.py
[2024-02-25T21:02:53.195+0000] {processor.py:840} INFO - DAG(s) 'example_nested_branch_dag' retrieved from /home/airflow/.local/lib/python3.8/site-packages/airflow/example_dags/example_nested_branch_dag.py
[2024-02-25T21:02:53.223+0000] {logging_mixin.py:188} INFO - [2024-02-25T21:02:53.223+0000] {dag.py:3036} INFO - Sync 1 DAGs
[2024-02-25T21:02:53.248+0000] {logging_mixin.py:188} INFO - [2024-02-25T21:02:53.247+0000] {dag.py:3823} INFO - Setting next_dagrun for example_nested_branch_dag to 2024-02-24 00:00:00+00:00, run_after=2024-02-25 00:00:00+00:00
[2024-02-25T21:02:53.270+0000] {processor.py:183} INFO - Processing /home/airflow/.local/lib/python3.8/site-packages/airflow/example_dags/example_nested_branch_dag.py took 0.094 seconds
[2024-02-25T21:03:23.766+0000] {processor.py:161} INFO - Started process (PID=10023) to work on /home/airflow/.local/lib/python3.8/site-packages/airflow/example_dags/example_nested_branch_dag.py
[2024-02-25T21:03:23.767+0000] {processor.py:830} INFO - Processing file /home/airflow/.local/lib/python3.8/site-packages/airflow/example_dags/example_nested_branch_dag.py for tasks to queue
[2024-02-25T21:03:23.768+0000] {logging_mixin.py:188} INFO - [2024-02-25T21:03:23.768+0000] {dagbag.py:538} INFO - Filling up the DagBag from /home/airflow/.local/lib/python3.8/site-packages/airflow/example_dags/example_nested_branch_dag.py
[2024-02-25T21:03:23.779+0000] {processor.py:840} INFO - DAG(s) 'example_nested_branch_dag' retrieved from /home/airflow/.local/lib/python3.8/site-packages/airflow/example_dags/example_nested_branch_dag.py
[2024-02-25T21:03:23.801+0000] {logging_mixin.py:188} INFO - [2024-02-25T21:03:23.801+0000] {dag.py:3036} INFO - Sync 1 DAGs
[2024-02-25T21:03:23.825+0000] {logging_mixin.py:188} INFO - [2024-02-25T21:03:23.825+0000] {dag.py:3823} INFO - Setting next_dagrun for example_nested_branch_dag to 2024-02-24 00:00:00+00:00, run_after=2024-02-25 00:00:00+00:00
[2024-02-25T21:03:23.845+0000] {processor.py:183} INFO - Processing /home/airflow/.local/lib/python3.8/site-packages/airflow/example_dags/example_nested_branch_dag.py took 0.082 seconds
[2024-02-25T21:03:54.316+0000] {processor.py:161} INFO - Started process (PID=10086) to work on /home/airflow/.local/lib/python3.8/site-packages/airflow/example_dags/example_nested_branch_dag.py
[2024-02-25T21:03:54.317+0000] {processor.py:830} INFO - Processing file /home/airflow/.local/lib/python3.8/site-packages/airflow/example_dags/example_nested_branch_dag.py for tasks to queue
[2024-02-25T21:03:54.318+0000] {logging_mixin.py:188} INFO - [2024-02-25T21:03:54.318+0000] {dagbag.py:538} INFO - Filling up the DagBag from /home/airflow/.local/lib/python3.8/site-packages/airflow/example_dags/example_nested_branch_dag.py
[2024-02-25T21:03:54.329+0000] {processor.py:840} INFO - DAG(s) 'example_nested_branch_dag' retrieved from /home/airflow/.local/lib/python3.8/site-packages/airflow/example_dags/example_nested_branch_dag.py
[2024-02-25T21:03:54.353+0000] {logging_mixin.py:188} INFO - [2024-02-25T21:03:54.353+0000] {dag.py:3036} INFO - Sync 1 DAGs
[2024-02-25T21:03:54.377+0000] {logging_mixin.py:188} INFO - [2024-02-25T21:03:54.377+0000] {dag.py:3823} INFO - Setting next_dagrun for example_nested_branch_dag to 2024-02-24 00:00:00+00:00, run_after=2024-02-25 00:00:00+00:00
[2024-02-25T21:03:54.400+0000] {processor.py:183} INFO - Processing /home/airflow/.local/lib/python3.8/site-packages/airflow/example_dags/example_nested_branch_dag.py took 0.088 seconds
[2024-02-25T21:04:24.900+0000] {processor.py:161} INFO - Started process (PID=10149) to work on /home/airflow/.local/lib/python3.8/site-packages/airflow/example_dags/example_nested_branch_dag.py
[2024-02-25T21:04:24.901+0000] {processor.py:830} INFO - Processing file /home/airflow/.local/lib/python3.8/site-packages/airflow/example_dags/example_nested_branch_dag.py for tasks to queue
[2024-02-25T21:04:24.902+0000] {logging_mixin.py:188} INFO - [2024-02-25T21:04:24.902+0000] {dagbag.py:538} INFO - Filling up the DagBag from /home/airflow/.local/lib/python3.8/site-packages/airflow/example_dags/example_nested_branch_dag.py
[2024-02-25T21:04:24.913+0000] {processor.py:840} INFO - DAG(s) 'example_nested_branch_dag' retrieved from /home/airflow/.local/lib/python3.8/site-packages/airflow/example_dags/example_nested_branch_dag.py
[2024-02-25T21:04:24.936+0000] {logging_mixin.py:188} INFO - [2024-02-25T21:04:24.936+0000] {dag.py:3036} INFO - Sync 1 DAGs
[2024-02-25T21:04:24.958+0000] {logging_mixin.py:188} INFO - [2024-02-25T21:04:24.958+0000] {dag.py:3823} INFO - Setting next_dagrun for example_nested_branch_dag to 2024-02-24 00:00:00+00:00, run_after=2024-02-25 00:00:00+00:00
[2024-02-25T21:04:24.979+0000] {processor.py:183} INFO - Processing /home/airflow/.local/lib/python3.8/site-packages/airflow/example_dags/example_nested_branch_dag.py took 0.082 seconds
[2024-02-25T21:04:55.462+0000] {processor.py:161} INFO - Started process (PID=10212) to work on /home/airflow/.local/lib/python3.8/site-packages/airflow/example_dags/example_nested_branch_dag.py
[2024-02-25T21:04:55.463+0000] {processor.py:830} INFO - Processing file /home/airflow/.local/lib/python3.8/site-packages/airflow/example_dags/example_nested_branch_dag.py for tasks to queue
[2024-02-25T21:04:55.465+0000] {logging_mixin.py:188} INFO - [2024-02-25T21:04:55.465+0000] {dagbag.py:538} INFO - Filling up the DagBag from /home/airflow/.local/lib/python3.8/site-packages/airflow/example_dags/example_nested_branch_dag.py
[2024-02-25T21:04:55.476+0000] {processor.py:840} INFO - DAG(s) 'example_nested_branch_dag' retrieved from /home/airflow/.local/lib/python3.8/site-packages/airflow/example_dags/example_nested_branch_dag.py
[2024-02-25T21:04:55.499+0000] {logging_mixin.py:188} INFO - [2024-02-25T21:04:55.498+0000] {dag.py:3036} INFO - Sync 1 DAGs
[2024-02-25T21:04:55.520+0000] {logging_mixin.py:188} INFO - [2024-02-25T21:04:55.520+0000] {dag.py:3823} INFO - Setting next_dagrun for example_nested_branch_dag to 2024-02-24 00:00:00+00:00, run_after=2024-02-25 00:00:00+00:00
[2024-02-25T21:04:55.542+0000] {processor.py:183} INFO - Processing /home/airflow/.local/lib/python3.8/site-packages/airflow/example_dags/example_nested_branch_dag.py took 0.083 seconds
