[2024-02-25T00:03:57.762+0000] {processor.py:161} INFO - Started process (PID=5885) to work on /home/airflow/.local/lib/python3.8/site-packages/airflow/example_dags/example_latest_only_with_trigger.py
[2024-02-25T00:03:57.764+0000] {processor.py:830} INFO - Processing file /home/airflow/.local/lib/python3.8/site-packages/airflow/example_dags/example_latest_only_with_trigger.py for tasks to queue
[2024-02-25T00:03:57.765+0000] {logging_mixin.py:188} INFO - [2024-02-25T00:03:57.764+0000] {dagbag.py:538} INFO - Filling up the DagBag from /home/airflow/.local/lib/python3.8/site-packages/airflow/example_dags/example_latest_only_with_trigger.py
[2024-02-25T00:03:57.776+0000] {processor.py:840} INFO - DAG(s) 'latest_only_with_trigger' retrieved from /home/airflow/.local/lib/python3.8/site-packages/airflow/example_dags/example_latest_only_with_trigger.py
[2024-02-25T00:03:57.805+0000] {logging_mixin.py:188} INFO - [2024-02-25T00:03:57.805+0000] {dag.py:3036} INFO - Sync 1 DAGs
[2024-02-25T00:03:57.828+0000] {logging_mixin.py:188} INFO - [2024-02-25T00:03:57.828+0000] {dag.py:3823} INFO - Setting next_dagrun for latest_only_with_trigger to 2024-02-24 20:00:00+00:00, run_after=2024-02-25 00:00:00+00:00
[2024-02-25T00:03:57.853+0000] {processor.py:183} INFO - Processing /home/airflow/.local/lib/python3.8/site-packages/airflow/example_dags/example_latest_only_with_trigger.py took 0.097 seconds
[2024-02-25T00:04:28.161+0000] {processor.py:161} INFO - Started process (PID=5952) to work on /home/airflow/.local/lib/python3.8/site-packages/airflow/example_dags/example_latest_only_with_trigger.py
[2024-02-25T00:04:28.163+0000] {processor.py:830} INFO - Processing file /home/airflow/.local/lib/python3.8/site-packages/airflow/example_dags/example_latest_only_with_trigger.py for tasks to queue
[2024-02-25T00:04:28.164+0000] {logging_mixin.py:188} INFO - [2024-02-25T00:04:28.164+0000] {dagbag.py:538} INFO - Filling up the DagBag from /home/airflow/.local/lib/python3.8/site-packages/airflow/example_dags/example_latest_only_with_trigger.py
[2024-02-25T00:04:28.172+0000] {processor.py:840} INFO - DAG(s) 'latest_only_with_trigger' retrieved from /home/airflow/.local/lib/python3.8/site-packages/airflow/example_dags/example_latest_only_with_trigger.py
[2024-02-25T00:04:28.195+0000] {logging_mixin.py:188} INFO - [2024-02-25T00:04:28.195+0000] {dag.py:3036} INFO - Sync 1 DAGs
[2024-02-25T00:04:28.217+0000] {logging_mixin.py:188} INFO - [2024-02-25T00:04:28.217+0000] {dag.py:3823} INFO - Setting next_dagrun for latest_only_with_trigger to 2024-02-24 20:00:00+00:00, run_after=2024-02-25 00:00:00+00:00
[2024-02-25T00:04:28.239+0000] {processor.py:183} INFO - Processing /home/airflow/.local/lib/python3.8/site-packages/airflow/example_dags/example_latest_only_with_trigger.py took 0.081 seconds
[2024-02-25T00:04:58.986+0000] {processor.py:161} INFO - Started process (PID=6015) to work on /home/airflow/.local/lib/python3.8/site-packages/airflow/example_dags/example_latest_only_with_trigger.py
[2024-02-25T00:04:58.987+0000] {processor.py:830} INFO - Processing file /home/airflow/.local/lib/python3.8/site-packages/airflow/example_dags/example_latest_only_with_trigger.py for tasks to queue
[2024-02-25T00:04:58.989+0000] {logging_mixin.py:188} INFO - [2024-02-25T00:04:58.988+0000] {dagbag.py:538} INFO - Filling up the DagBag from /home/airflow/.local/lib/python3.8/site-packages/airflow/example_dags/example_latest_only_with_trigger.py
[2024-02-25T00:04:58.997+0000] {processor.py:840} INFO - DAG(s) 'latest_only_with_trigger' retrieved from /home/airflow/.local/lib/python3.8/site-packages/airflow/example_dags/example_latest_only_with_trigger.py
[2024-02-25T00:04:59.029+0000] {logging_mixin.py:188} INFO - [2024-02-25T00:04:59.028+0000] {dag.py:3036} INFO - Sync 1 DAGs
[2024-02-25T00:04:59.058+0000] {logging_mixin.py:188} INFO - [2024-02-25T00:04:59.058+0000] {dag.py:3823} INFO - Setting next_dagrun for latest_only_with_trigger to 2024-02-24 20:00:00+00:00, run_after=2024-02-25 00:00:00+00:00
[2024-02-25T00:04:59.082+0000] {processor.py:183} INFO - Processing /home/airflow/.local/lib/python3.8/site-packages/airflow/example_dags/example_latest_only_with_trigger.py took 0.100 seconds
[2024-02-25T00:05:29.533+0000] {processor.py:161} INFO - Started process (PID=6079) to work on /home/airflow/.local/lib/python3.8/site-packages/airflow/example_dags/example_latest_only_with_trigger.py
[2024-02-25T00:05:29.534+0000] {processor.py:830} INFO - Processing file /home/airflow/.local/lib/python3.8/site-packages/airflow/example_dags/example_latest_only_with_trigger.py for tasks to queue
[2024-02-25T00:05:29.536+0000] {logging_mixin.py:188} INFO - [2024-02-25T00:05:29.535+0000] {dagbag.py:538} INFO - Filling up the DagBag from /home/airflow/.local/lib/python3.8/site-packages/airflow/example_dags/example_latest_only_with_trigger.py
[2024-02-25T00:05:29.543+0000] {processor.py:840} INFO - DAG(s) 'latest_only_with_trigger' retrieved from /home/airflow/.local/lib/python3.8/site-packages/airflow/example_dags/example_latest_only_with_trigger.py
[2024-02-25T00:05:29.568+0000] {logging_mixin.py:188} INFO - [2024-02-25T00:05:29.568+0000] {dag.py:3036} INFO - Sync 1 DAGs
[2024-02-25T00:05:29.593+0000] {logging_mixin.py:188} INFO - [2024-02-25T00:05:29.592+0000] {dag.py:3823} INFO - Setting next_dagrun for latest_only_with_trigger to 2024-02-24 20:00:00+00:00, run_after=2024-02-25 00:00:00+00:00
[2024-02-25T00:05:29.617+0000] {processor.py:183} INFO - Processing /home/airflow/.local/lib/python3.8/site-packages/airflow/example_dags/example_latest_only_with_trigger.py took 0.087 seconds
[2024-02-25T00:06:00.295+0000] {processor.py:161} INFO - Started process (PID=6142) to work on /home/airflow/.local/lib/python3.8/site-packages/airflow/example_dags/example_latest_only_with_trigger.py
[2024-02-25T00:06:00.296+0000] {processor.py:830} INFO - Processing file /home/airflow/.local/lib/python3.8/site-packages/airflow/example_dags/example_latest_only_with_trigger.py for tasks to queue
[2024-02-25T00:06:00.298+0000] {logging_mixin.py:188} INFO - [2024-02-25T00:06:00.297+0000] {dagbag.py:538} INFO - Filling up the DagBag from /home/airflow/.local/lib/python3.8/site-packages/airflow/example_dags/example_latest_only_with_trigger.py
[2024-02-25T00:06:00.305+0000] {processor.py:840} INFO - DAG(s) 'latest_only_with_trigger' retrieved from /home/airflow/.local/lib/python3.8/site-packages/airflow/example_dags/example_latest_only_with_trigger.py
[2024-02-25T00:06:00.331+0000] {logging_mixin.py:188} INFO - [2024-02-25T00:06:00.331+0000] {dag.py:3036} INFO - Sync 1 DAGs
[2024-02-25T00:06:00.354+0000] {logging_mixin.py:188} INFO - [2024-02-25T00:06:00.354+0000] {dag.py:3823} INFO - Setting next_dagrun for latest_only_with_trigger to 2024-02-24 20:00:00+00:00, run_after=2024-02-25 00:00:00+00:00
[2024-02-25T00:06:00.381+0000] {processor.py:183} INFO - Processing /home/airflow/.local/lib/python3.8/site-packages/airflow/example_dags/example_latest_only_with_trigger.py took 0.090 seconds
[2024-02-25T00:06:31.106+0000] {processor.py:161} INFO - Started process (PID=6206) to work on /home/airflow/.local/lib/python3.8/site-packages/airflow/example_dags/example_latest_only_with_trigger.py
[2024-02-25T00:06:31.107+0000] {processor.py:830} INFO - Processing file /home/airflow/.local/lib/python3.8/site-packages/airflow/example_dags/example_latest_only_with_trigger.py for tasks to queue
[2024-02-25T00:06:31.109+0000] {logging_mixin.py:188} INFO - [2024-02-25T00:06:31.108+0000] {dagbag.py:538} INFO - Filling up the DagBag from /home/airflow/.local/lib/python3.8/site-packages/airflow/example_dags/example_latest_only_with_trigger.py
[2024-02-25T00:06:31.116+0000] {processor.py:840} INFO - DAG(s) 'latest_only_with_trigger' retrieved from /home/airflow/.local/lib/python3.8/site-packages/airflow/example_dags/example_latest_only_with_trigger.py
[2024-02-25T00:06:31.140+0000] {logging_mixin.py:188} INFO - [2024-02-25T00:06:31.140+0000] {dag.py:3036} INFO - Sync 1 DAGs
[2024-02-25T00:06:31.162+0000] {logging_mixin.py:188} INFO - [2024-02-25T00:06:31.161+0000] {dag.py:3823} INFO - Setting next_dagrun for latest_only_with_trigger to 2024-02-24 20:00:00+00:00, run_after=2024-02-25 00:00:00+00:00
[2024-02-25T00:06:31.183+0000] {processor.py:183} INFO - Processing /home/airflow/.local/lib/python3.8/site-packages/airflow/example_dags/example_latest_only_with_trigger.py took 0.081 seconds
[2024-02-25T00:07:01.903+0000] {processor.py:161} INFO - Started process (PID=6269) to work on /home/airflow/.local/lib/python3.8/site-packages/airflow/example_dags/example_latest_only_with_trigger.py
[2024-02-25T00:07:01.906+0000] {processor.py:830} INFO - Processing file /home/airflow/.local/lib/python3.8/site-packages/airflow/example_dags/example_latest_only_with_trigger.py for tasks to queue
[2024-02-25T00:07:01.908+0000] {logging_mixin.py:188} INFO - [2024-02-25T00:07:01.907+0000] {dagbag.py:538} INFO - Filling up the DagBag from /home/airflow/.local/lib/python3.8/site-packages/airflow/example_dags/example_latest_only_with_trigger.py
[2024-02-25T00:07:01.916+0000] {processor.py:840} INFO - DAG(s) 'latest_only_with_trigger' retrieved from /home/airflow/.local/lib/python3.8/site-packages/airflow/example_dags/example_latest_only_with_trigger.py
[2024-02-25T00:07:01.960+0000] {logging_mixin.py:188} INFO - [2024-02-25T00:07:01.959+0000] {dag.py:3036} INFO - Sync 1 DAGs
[2024-02-25T00:07:02.006+0000] {logging_mixin.py:188} INFO - [2024-02-25T00:07:02.005+0000] {dag.py:3823} INFO - Setting next_dagrun for latest_only_with_trigger to 2024-02-24 20:00:00+00:00, run_after=2024-02-25 00:00:00+00:00
[2024-02-25T00:07:02.037+0000] {processor.py:183} INFO - Processing /home/airflow/.local/lib/python3.8/site-packages/airflow/example_dags/example_latest_only_with_trigger.py took 0.147 seconds
[2024-02-25T00:07:32.764+0000] {processor.py:161} INFO - Started process (PID=6332) to work on /home/airflow/.local/lib/python3.8/site-packages/airflow/example_dags/example_latest_only_with_trigger.py
[2024-02-25T00:07:32.765+0000] {processor.py:830} INFO - Processing file /home/airflow/.local/lib/python3.8/site-packages/airflow/example_dags/example_latest_only_with_trigger.py for tasks to queue
[2024-02-25T00:07:32.766+0000] {logging_mixin.py:188} INFO - [2024-02-25T00:07:32.766+0000] {dagbag.py:538} INFO - Filling up the DagBag from /home/airflow/.local/lib/python3.8/site-packages/airflow/example_dags/example_latest_only_with_trigger.py
[2024-02-25T00:07:32.774+0000] {processor.py:840} INFO - DAG(s) 'latest_only_with_trigger' retrieved from /home/airflow/.local/lib/python3.8/site-packages/airflow/example_dags/example_latest_only_with_trigger.py
[2024-02-25T00:07:32.796+0000] {logging_mixin.py:188} INFO - [2024-02-25T00:07:32.796+0000] {dag.py:3036} INFO - Sync 1 DAGs
[2024-02-25T00:07:32.818+0000] {logging_mixin.py:188} INFO - [2024-02-25T00:07:32.818+0000] {dag.py:3823} INFO - Setting next_dagrun for latest_only_with_trigger to 2024-02-24 20:00:00+00:00, run_after=2024-02-25 00:00:00+00:00
[2024-02-25T00:07:32.849+0000] {processor.py:183} INFO - Processing /home/airflow/.local/lib/python3.8/site-packages/airflow/example_dags/example_latest_only_with_trigger.py took 0.088 seconds
[2024-02-25T00:08:03.856+0000] {processor.py:161} INFO - Started process (PID=6395) to work on /home/airflow/.local/lib/python3.8/site-packages/airflow/example_dags/example_latest_only_with_trigger.py
[2024-02-25T00:08:03.857+0000] {processor.py:830} INFO - Processing file /home/airflow/.local/lib/python3.8/site-packages/airflow/example_dags/example_latest_only_with_trigger.py for tasks to queue
[2024-02-25T00:08:03.858+0000] {logging_mixin.py:188} INFO - [2024-02-25T00:08:03.858+0000] {dagbag.py:538} INFO - Filling up the DagBag from /home/airflow/.local/lib/python3.8/site-packages/airflow/example_dags/example_latest_only_with_trigger.py
[2024-02-25T00:08:03.865+0000] {processor.py:840} INFO - DAG(s) 'latest_only_with_trigger' retrieved from /home/airflow/.local/lib/python3.8/site-packages/airflow/example_dags/example_latest_only_with_trigger.py
[2024-02-25T00:08:03.889+0000] {logging_mixin.py:188} INFO - [2024-02-25T00:08:03.889+0000] {dag.py:3036} INFO - Sync 1 DAGs
[2024-02-25T00:08:03.911+0000] {logging_mixin.py:188} INFO - [2024-02-25T00:08:03.911+0000] {dag.py:3823} INFO - Setting next_dagrun for latest_only_with_trigger to 2024-02-24 20:00:00+00:00, run_after=2024-02-25 00:00:00+00:00
[2024-02-25T00:08:03.935+0000] {processor.py:183} INFO - Processing /home/airflow/.local/lib/python3.8/site-packages/airflow/example_dags/example_latest_only_with_trigger.py took 0.082 seconds
[2024-02-25T00:08:34.520+0000] {processor.py:161} INFO - Started process (PID=6458) to work on /home/airflow/.local/lib/python3.8/site-packages/airflow/example_dags/example_latest_only_with_trigger.py
[2024-02-25T00:08:34.522+0000] {processor.py:830} INFO - Processing file /home/airflow/.local/lib/python3.8/site-packages/airflow/example_dags/example_latest_only_with_trigger.py for tasks to queue
[2024-02-25T00:08:34.523+0000] {logging_mixin.py:188} INFO - [2024-02-25T00:08:34.522+0000] {dagbag.py:538} INFO - Filling up the DagBag from /home/airflow/.local/lib/python3.8/site-packages/airflow/example_dags/example_latest_only_with_trigger.py
[2024-02-25T00:08:34.530+0000] {processor.py:840} INFO - DAG(s) 'latest_only_with_trigger' retrieved from /home/airflow/.local/lib/python3.8/site-packages/airflow/example_dags/example_latest_only_with_trigger.py
[2024-02-25T00:08:34.554+0000] {logging_mixin.py:188} INFO - [2024-02-25T00:08:34.553+0000] {dag.py:3036} INFO - Sync 1 DAGs
[2024-02-25T00:08:34.579+0000] {logging_mixin.py:188} INFO - [2024-02-25T00:08:34.579+0000] {dag.py:3823} INFO - Setting next_dagrun for latest_only_with_trigger to 2024-02-24 20:00:00+00:00, run_after=2024-02-25 00:00:00+00:00
[2024-02-25T00:08:34.602+0000] {processor.py:183} INFO - Processing /home/airflow/.local/lib/python3.8/site-packages/airflow/example_dags/example_latest_only_with_trigger.py took 0.086 seconds
[2024-02-25T00:09:05.294+0000] {processor.py:161} INFO - Started process (PID=6521) to work on /home/airflow/.local/lib/python3.8/site-packages/airflow/example_dags/example_latest_only_with_trigger.py
[2024-02-25T00:09:05.296+0000] {processor.py:830} INFO - Processing file /home/airflow/.local/lib/python3.8/site-packages/airflow/example_dags/example_latest_only_with_trigger.py for tasks to queue
[2024-02-25T00:09:05.297+0000] {logging_mixin.py:188} INFO - [2024-02-25T00:09:05.296+0000] {dagbag.py:538} INFO - Filling up the DagBag from /home/airflow/.local/lib/python3.8/site-packages/airflow/example_dags/example_latest_only_with_trigger.py
[2024-02-25T00:09:05.304+0000] {processor.py:840} INFO - DAG(s) 'latest_only_with_trigger' retrieved from /home/airflow/.local/lib/python3.8/site-packages/airflow/example_dags/example_latest_only_with_trigger.py
[2024-02-25T00:09:05.329+0000] {logging_mixin.py:188} INFO - [2024-02-25T00:09:05.329+0000] {dag.py:3036} INFO - Sync 1 DAGs
[2024-02-25T00:09:05.353+0000] {logging_mixin.py:188} INFO - [2024-02-25T00:09:05.353+0000] {dag.py:3823} INFO - Setting next_dagrun for latest_only_with_trigger to 2024-02-24 20:00:00+00:00, run_after=2024-02-25 00:00:00+00:00
[2024-02-25T00:09:05.377+0000] {processor.py:183} INFO - Processing /home/airflow/.local/lib/python3.8/site-packages/airflow/example_dags/example_latest_only_with_trigger.py took 0.087 seconds
[2024-02-25T18:16:22.357+0000] {processor.py:161} INFO - Started process (PID=6584) to work on /home/airflow/.local/lib/python3.8/site-packages/airflow/example_dags/example_latest_only_with_trigger.py
[2024-02-25T18:16:22.358+0000] {processor.py:830} INFO - Processing file /home/airflow/.local/lib/python3.8/site-packages/airflow/example_dags/example_latest_only_with_trigger.py for tasks to queue
[2024-02-25T18:16:22.360+0000] {logging_mixin.py:188} INFO - [2024-02-25T18:16:22.359+0000] {dagbag.py:538} INFO - Filling up the DagBag from /home/airflow/.local/lib/python3.8/site-packages/airflow/example_dags/example_latest_only_with_trigger.py
[2024-02-25T18:16:22.369+0000] {processor.py:840} INFO - DAG(s) 'latest_only_with_trigger' retrieved from /home/airflow/.local/lib/python3.8/site-packages/airflow/example_dags/example_latest_only_with_trigger.py
[2024-02-25T18:16:22.415+0000] {logging_mixin.py:188} INFO - [2024-02-25T18:16:22.415+0000] {dag.py:3036} INFO - Sync 1 DAGs
[2024-02-25T18:16:22.446+0000] {logging_mixin.py:188} INFO - [2024-02-25T18:16:22.445+0000] {dag.py:3823} INFO - Setting next_dagrun for latest_only_with_trigger to 2024-02-25 12:00:00+00:00, run_after=2024-02-25 16:00:00+00:00
[2024-02-25T18:16:22.469+0000] {processor.py:183} INFO - Processing /home/airflow/.local/lib/python3.8/site-packages/airflow/example_dags/example_latest_only_with_trigger.py took 0.117 seconds
[2024-02-25T18:16:52.764+0000] {processor.py:161} INFO - Started process (PID=6647) to work on /home/airflow/.local/lib/python3.8/site-packages/airflow/example_dags/example_latest_only_with_trigger.py
[2024-02-25T18:16:52.765+0000] {processor.py:830} INFO - Processing file /home/airflow/.local/lib/python3.8/site-packages/airflow/example_dags/example_latest_only_with_trigger.py for tasks to queue
[2024-02-25T18:16:52.767+0000] {logging_mixin.py:188} INFO - [2024-02-25T18:16:52.766+0000] {dagbag.py:538} INFO - Filling up the DagBag from /home/airflow/.local/lib/python3.8/site-packages/airflow/example_dags/example_latest_only_with_trigger.py
[2024-02-25T18:16:52.774+0000] {processor.py:840} INFO - DAG(s) 'latest_only_with_trigger' retrieved from /home/airflow/.local/lib/python3.8/site-packages/airflow/example_dags/example_latest_only_with_trigger.py
[2024-02-25T18:16:52.813+0000] {logging_mixin.py:188} INFO - [2024-02-25T18:16:52.813+0000] {dag.py:3036} INFO - Sync 1 DAGs
[2024-02-25T18:16:52.838+0000] {logging_mixin.py:188} INFO - [2024-02-25T18:16:52.837+0000] {dag.py:3823} INFO - Setting next_dagrun for latest_only_with_trigger to 2024-02-25 12:00:00+00:00, run_after=2024-02-25 16:00:00+00:00
[2024-02-25T18:16:52.863+0000] {processor.py:183} INFO - Processing /home/airflow/.local/lib/python3.8/site-packages/airflow/example_dags/example_latest_only_with_trigger.py took 0.103 seconds
[2024-02-25T18:17:23.850+0000] {processor.py:161} INFO - Started process (PID=6710) to work on /home/airflow/.local/lib/python3.8/site-packages/airflow/example_dags/example_latest_only_with_trigger.py
[2024-02-25T18:17:23.852+0000] {processor.py:830} INFO - Processing file /home/airflow/.local/lib/python3.8/site-packages/airflow/example_dags/example_latest_only_with_trigger.py for tasks to queue
[2024-02-25T18:17:23.853+0000] {logging_mixin.py:188} INFO - [2024-02-25T18:17:23.853+0000] {dagbag.py:538} INFO - Filling up the DagBag from /home/airflow/.local/lib/python3.8/site-packages/airflow/example_dags/example_latest_only_with_trigger.py
[2024-02-25T18:17:23.863+0000] {processor.py:840} INFO - DAG(s) 'latest_only_with_trigger' retrieved from /home/airflow/.local/lib/python3.8/site-packages/airflow/example_dags/example_latest_only_with_trigger.py
[2024-02-25T18:17:23.887+0000] {logging_mixin.py:188} INFO - [2024-02-25T18:17:23.887+0000] {dag.py:3036} INFO - Sync 1 DAGs
[2024-02-25T18:17:23.916+0000] {logging_mixin.py:188} INFO - [2024-02-25T18:17:23.916+0000] {dag.py:3823} INFO - Setting next_dagrun for latest_only_with_trigger to 2024-02-25 12:00:00+00:00, run_after=2024-02-25 16:00:00+00:00
[2024-02-25T18:17:23.945+0000] {processor.py:183} INFO - Processing /home/airflow/.local/lib/python3.8/site-packages/airflow/example_dags/example_latest_only_with_trigger.py took 0.098 seconds
[2024-02-25T18:17:54.144+0000] {processor.py:161} INFO - Started process (PID=6773) to work on /home/airflow/.local/lib/python3.8/site-packages/airflow/example_dags/example_latest_only_with_trigger.py
[2024-02-25T18:17:54.145+0000] {processor.py:830} INFO - Processing file /home/airflow/.local/lib/python3.8/site-packages/airflow/example_dags/example_latest_only_with_trigger.py for tasks to queue
[2024-02-25T18:17:54.146+0000] {logging_mixin.py:188} INFO - [2024-02-25T18:17:54.146+0000] {dagbag.py:538} INFO - Filling up the DagBag from /home/airflow/.local/lib/python3.8/site-packages/airflow/example_dags/example_latest_only_with_trigger.py
[2024-02-25T18:17:54.153+0000] {processor.py:840} INFO - DAG(s) 'latest_only_with_trigger' retrieved from /home/airflow/.local/lib/python3.8/site-packages/airflow/example_dags/example_latest_only_with_trigger.py
[2024-02-25T18:17:54.177+0000] {logging_mixin.py:188} INFO - [2024-02-25T18:17:54.177+0000] {dag.py:3036} INFO - Sync 1 DAGs
[2024-02-25T18:17:54.199+0000] {logging_mixin.py:188} INFO - [2024-02-25T18:17:54.198+0000] {dag.py:3823} INFO - Setting next_dagrun for latest_only_with_trigger to 2024-02-25 12:00:00+00:00, run_after=2024-02-25 16:00:00+00:00
[2024-02-25T18:17:54.220+0000] {processor.py:183} INFO - Processing /home/airflow/.local/lib/python3.8/site-packages/airflow/example_dags/example_latest_only_with_trigger.py took 0.080 seconds
[2024-02-25T18:18:24.904+0000] {processor.py:161} INFO - Started process (PID=6836) to work on /home/airflow/.local/lib/python3.8/site-packages/airflow/example_dags/example_latest_only_with_trigger.py
[2024-02-25T18:18:24.905+0000] {processor.py:830} INFO - Processing file /home/airflow/.local/lib/python3.8/site-packages/airflow/example_dags/example_latest_only_with_trigger.py for tasks to queue
[2024-02-25T18:18:24.907+0000] {logging_mixin.py:188} INFO - [2024-02-25T18:18:24.906+0000] {dagbag.py:538} INFO - Filling up the DagBag from /home/airflow/.local/lib/python3.8/site-packages/airflow/example_dags/example_latest_only_with_trigger.py
[2024-02-25T18:18:24.914+0000] {processor.py:840} INFO - DAG(s) 'latest_only_with_trigger' retrieved from /home/airflow/.local/lib/python3.8/site-packages/airflow/example_dags/example_latest_only_with_trigger.py
[2024-02-25T18:18:24.939+0000] {logging_mixin.py:188} INFO - [2024-02-25T18:18:24.938+0000] {dag.py:3036} INFO - Sync 1 DAGs
[2024-02-25T18:18:24.962+0000] {logging_mixin.py:188} INFO - [2024-02-25T18:18:24.961+0000] {dag.py:3823} INFO - Setting next_dagrun for latest_only_with_trigger to 2024-02-25 12:00:00+00:00, run_after=2024-02-25 16:00:00+00:00
[2024-02-25T18:18:24.987+0000] {processor.py:183} INFO - Processing /home/airflow/.local/lib/python3.8/site-packages/airflow/example_dags/example_latest_only_with_trigger.py took 0.087 seconds
[2024-02-25T18:18:55.716+0000] {processor.py:161} INFO - Started process (PID=6900) to work on /home/airflow/.local/lib/python3.8/site-packages/airflow/example_dags/example_latest_only_with_trigger.py
[2024-02-25T18:18:55.717+0000] {processor.py:830} INFO - Processing file /home/airflow/.local/lib/python3.8/site-packages/airflow/example_dags/example_latest_only_with_trigger.py for tasks to queue
[2024-02-25T18:18:55.719+0000] {logging_mixin.py:188} INFO - [2024-02-25T18:18:55.718+0000] {dagbag.py:538} INFO - Filling up the DagBag from /home/airflow/.local/lib/python3.8/site-packages/airflow/example_dags/example_latest_only_with_trigger.py
[2024-02-25T18:18:55.726+0000] {processor.py:840} INFO - DAG(s) 'latest_only_with_trigger' retrieved from /home/airflow/.local/lib/python3.8/site-packages/airflow/example_dags/example_latest_only_with_trigger.py
[2024-02-25T18:18:55.749+0000] {logging_mixin.py:188} INFO - [2024-02-25T18:18:55.748+0000] {dag.py:3036} INFO - Sync 1 DAGs
[2024-02-25T18:18:55.776+0000] {logging_mixin.py:188} INFO - [2024-02-25T18:18:55.776+0000] {dag.py:3823} INFO - Setting next_dagrun for latest_only_with_trigger to 2024-02-25 12:00:00+00:00, run_after=2024-02-25 16:00:00+00:00
[2024-02-25T18:18:55.800+0000] {processor.py:183} INFO - Processing /home/airflow/.local/lib/python3.8/site-packages/airflow/example_dags/example_latest_only_with_trigger.py took 0.088 seconds
[2024-02-25T18:19:26.737+0000] {processor.py:161} INFO - Started process (PID=6963) to work on /home/airflow/.local/lib/python3.8/site-packages/airflow/example_dags/example_latest_only_with_trigger.py
[2024-02-25T18:19:26.738+0000] {processor.py:830} INFO - Processing file /home/airflow/.local/lib/python3.8/site-packages/airflow/example_dags/example_latest_only_with_trigger.py for tasks to queue
[2024-02-25T18:19:26.740+0000] {logging_mixin.py:188} INFO - [2024-02-25T18:19:26.739+0000] {dagbag.py:538} INFO - Filling up the DagBag from /home/airflow/.local/lib/python3.8/site-packages/airflow/example_dags/example_latest_only_with_trigger.py
[2024-02-25T18:19:26.747+0000] {processor.py:840} INFO - DAG(s) 'latest_only_with_trigger' retrieved from /home/airflow/.local/lib/python3.8/site-packages/airflow/example_dags/example_latest_only_with_trigger.py
[2024-02-25T18:19:26.794+0000] {logging_mixin.py:188} INFO - [2024-02-25T18:19:26.794+0000] {dag.py:3036} INFO - Sync 1 DAGs
[2024-02-25T18:19:26.824+0000] {logging_mixin.py:188} INFO - [2024-02-25T18:19:26.823+0000] {dag.py:3823} INFO - Setting next_dagrun for latest_only_with_trigger to 2024-02-25 12:00:00+00:00, run_after=2024-02-25 16:00:00+00:00
[2024-02-25T18:19:26.856+0000] {processor.py:183} INFO - Processing /home/airflow/.local/lib/python3.8/site-packages/airflow/example_dags/example_latest_only_with_trigger.py took 0.127 seconds
[2024-02-25T18:19:57.690+0000] {processor.py:161} INFO - Started process (PID=7031) to work on /home/airflow/.local/lib/python3.8/site-packages/airflow/example_dags/example_latest_only_with_trigger.py
[2024-02-25T18:19:57.691+0000] {processor.py:830} INFO - Processing file /home/airflow/.local/lib/python3.8/site-packages/airflow/example_dags/example_latest_only_with_trigger.py for tasks to queue
[2024-02-25T18:19:57.692+0000] {logging_mixin.py:188} INFO - [2024-02-25T18:19:57.692+0000] {dagbag.py:538} INFO - Filling up the DagBag from /home/airflow/.local/lib/python3.8/site-packages/airflow/example_dags/example_latest_only_with_trigger.py
[2024-02-25T18:19:57.699+0000] {processor.py:840} INFO - DAG(s) 'latest_only_with_trigger' retrieved from /home/airflow/.local/lib/python3.8/site-packages/airflow/example_dags/example_latest_only_with_trigger.py
[2024-02-25T18:19:57.726+0000] {logging_mixin.py:188} INFO - [2024-02-25T18:19:57.725+0000] {dag.py:3036} INFO - Sync 1 DAGs
[2024-02-25T18:19:57.749+0000] {logging_mixin.py:188} INFO - [2024-02-25T18:19:57.748+0000] {dag.py:3823} INFO - Setting next_dagrun for latest_only_with_trigger to 2024-02-25 12:00:00+00:00, run_after=2024-02-25 16:00:00+00:00
[2024-02-25T18:19:57.770+0000] {processor.py:183} INFO - Processing /home/airflow/.local/lib/python3.8/site-packages/airflow/example_dags/example_latest_only_with_trigger.py took 0.084 seconds
[2024-02-25T18:20:27.931+0000] {processor.py:161} INFO - Started process (PID=7094) to work on /home/airflow/.local/lib/python3.8/site-packages/airflow/example_dags/example_latest_only_with_trigger.py
[2024-02-25T18:20:27.932+0000] {processor.py:830} INFO - Processing file /home/airflow/.local/lib/python3.8/site-packages/airflow/example_dags/example_latest_only_with_trigger.py for tasks to queue
[2024-02-25T18:20:27.939+0000] {logging_mixin.py:188} INFO - [2024-02-25T18:20:27.938+0000] {dagbag.py:538} INFO - Filling up the DagBag from /home/airflow/.local/lib/python3.8/site-packages/airflow/example_dags/example_latest_only_with_trigger.py
[2024-02-25T18:20:27.956+0000] {processor.py:840} INFO - DAG(s) 'latest_only_with_trigger' retrieved from /home/airflow/.local/lib/python3.8/site-packages/airflow/example_dags/example_latest_only_with_trigger.py
[2024-02-25T18:20:28.021+0000] {logging_mixin.py:188} INFO - [2024-02-25T18:20:28.021+0000] {dag.py:3036} INFO - Sync 1 DAGs
[2024-02-25T18:20:28.085+0000] {logging_mixin.py:188} INFO - [2024-02-25T18:20:28.084+0000] {dag.py:3823} INFO - Setting next_dagrun for latest_only_with_trigger to 2024-02-25 12:00:00+00:00, run_after=2024-02-25 16:00:00+00:00
[2024-02-25T18:20:28.148+0000] {processor.py:183} INFO - Processing /home/airflow/.local/lib/python3.8/site-packages/airflow/example_dags/example_latest_only_with_trigger.py took 0.221 seconds
[2024-02-25T18:20:58.515+0000] {processor.py:161} INFO - Started process (PID=7155) to work on /home/airflow/.local/lib/python3.8/site-packages/airflow/example_dags/example_latest_only_with_trigger.py
[2024-02-25T18:20:58.516+0000] {processor.py:830} INFO - Processing file /home/airflow/.local/lib/python3.8/site-packages/airflow/example_dags/example_latest_only_with_trigger.py for tasks to queue
[2024-02-25T18:20:58.518+0000] {logging_mixin.py:188} INFO - [2024-02-25T18:20:58.517+0000] {dagbag.py:538} INFO - Filling up the DagBag from /home/airflow/.local/lib/python3.8/site-packages/airflow/example_dags/example_latest_only_with_trigger.py
[2024-02-25T18:20:58.526+0000] {processor.py:840} INFO - DAG(s) 'latest_only_with_trigger' retrieved from /home/airflow/.local/lib/python3.8/site-packages/airflow/example_dags/example_latest_only_with_trigger.py
[2024-02-25T18:20:58.555+0000] {logging_mixin.py:188} INFO - [2024-02-25T18:20:58.554+0000] {dag.py:3036} INFO - Sync 1 DAGs
[2024-02-25T18:20:58.580+0000] {logging_mixin.py:188} INFO - [2024-02-25T18:20:58.580+0000] {dag.py:3823} INFO - Setting next_dagrun for latest_only_with_trigger to 2024-02-25 12:00:00+00:00, run_after=2024-02-25 16:00:00+00:00
[2024-02-25T18:20:58.603+0000] {processor.py:183} INFO - Processing /home/airflow/.local/lib/python3.8/site-packages/airflow/example_dags/example_latest_only_with_trigger.py took 0.092 seconds
[2024-02-25T18:21:29.097+0000] {processor.py:161} INFO - Started process (PID=7219) to work on /home/airflow/.local/lib/python3.8/site-packages/airflow/example_dags/example_latest_only_with_trigger.py
[2024-02-25T18:21:29.098+0000] {processor.py:830} INFO - Processing file /home/airflow/.local/lib/python3.8/site-packages/airflow/example_dags/example_latest_only_with_trigger.py for tasks to queue
[2024-02-25T18:21:29.099+0000] {logging_mixin.py:188} INFO - [2024-02-25T18:21:29.099+0000] {dagbag.py:538} INFO - Filling up the DagBag from /home/airflow/.local/lib/python3.8/site-packages/airflow/example_dags/example_latest_only_with_trigger.py
[2024-02-25T18:21:29.107+0000] {processor.py:840} INFO - DAG(s) 'latest_only_with_trigger' retrieved from /home/airflow/.local/lib/python3.8/site-packages/airflow/example_dags/example_latest_only_with_trigger.py
[2024-02-25T18:21:29.132+0000] {logging_mixin.py:188} INFO - [2024-02-25T18:21:29.131+0000] {dag.py:3036} INFO - Sync 1 DAGs
[2024-02-25T18:21:29.159+0000] {logging_mixin.py:188} INFO - [2024-02-25T18:21:29.159+0000] {dag.py:3823} INFO - Setting next_dagrun for latest_only_with_trigger to 2024-02-25 12:00:00+00:00, run_after=2024-02-25 16:00:00+00:00
[2024-02-25T18:21:29.192+0000] {processor.py:183} INFO - Processing /home/airflow/.local/lib/python3.8/site-packages/airflow/example_dags/example_latest_only_with_trigger.py took 0.099 seconds
[2024-02-25T18:21:59.745+0000] {processor.py:161} INFO - Started process (PID=7282) to work on /home/airflow/.local/lib/python3.8/site-packages/airflow/example_dags/example_latest_only_with_trigger.py
[2024-02-25T18:21:59.746+0000] {processor.py:830} INFO - Processing file /home/airflow/.local/lib/python3.8/site-packages/airflow/example_dags/example_latest_only_with_trigger.py for tasks to queue
[2024-02-25T18:21:59.747+0000] {logging_mixin.py:188} INFO - [2024-02-25T18:21:59.747+0000] {dagbag.py:538} INFO - Filling up the DagBag from /home/airflow/.local/lib/python3.8/site-packages/airflow/example_dags/example_latest_only_with_trigger.py
[2024-02-25T18:21:59.754+0000] {processor.py:840} INFO - DAG(s) 'latest_only_with_trigger' retrieved from /home/airflow/.local/lib/python3.8/site-packages/airflow/example_dags/example_latest_only_with_trigger.py
[2024-02-25T18:21:59.777+0000] {logging_mixin.py:188} INFO - [2024-02-25T18:21:59.777+0000] {dag.py:3036} INFO - Sync 1 DAGs
[2024-02-25T18:21:59.803+0000] {logging_mixin.py:188} INFO - [2024-02-25T18:21:59.802+0000] {dag.py:3823} INFO - Setting next_dagrun for latest_only_with_trigger to 2024-02-25 12:00:00+00:00, run_after=2024-02-25 16:00:00+00:00
[2024-02-25T18:21:59.825+0000] {processor.py:183} INFO - Processing /home/airflow/.local/lib/python3.8/site-packages/airflow/example_dags/example_latest_only_with_trigger.py took 0.086 seconds
[2024-02-25T18:22:31.039+0000] {processor.py:161} INFO - Started process (PID=7345) to work on /home/airflow/.local/lib/python3.8/site-packages/airflow/example_dags/example_latest_only_with_trigger.py
[2024-02-25T18:22:31.040+0000] {processor.py:830} INFO - Processing file /home/airflow/.local/lib/python3.8/site-packages/airflow/example_dags/example_latest_only_with_trigger.py for tasks to queue
[2024-02-25T18:22:31.041+0000] {logging_mixin.py:188} INFO - [2024-02-25T18:22:31.041+0000] {dagbag.py:538} INFO - Filling up the DagBag from /home/airflow/.local/lib/python3.8/site-packages/airflow/example_dags/example_latest_only_with_trigger.py
[2024-02-25T18:22:31.049+0000] {processor.py:840} INFO - DAG(s) 'latest_only_with_trigger' retrieved from /home/airflow/.local/lib/python3.8/site-packages/airflow/example_dags/example_latest_only_with_trigger.py
[2024-02-25T18:22:31.074+0000] {logging_mixin.py:188} INFO - [2024-02-25T18:22:31.074+0000] {dag.py:3036} INFO - Sync 1 DAGs
[2024-02-25T18:22:31.098+0000] {logging_mixin.py:188} INFO - [2024-02-25T18:22:31.098+0000] {dag.py:3823} INFO - Setting next_dagrun for latest_only_with_trigger to 2024-02-25 12:00:00+00:00, run_after=2024-02-25 16:00:00+00:00
[2024-02-25T18:22:31.120+0000] {processor.py:183} INFO - Processing /home/airflow/.local/lib/python3.8/site-packages/airflow/example_dags/example_latest_only_with_trigger.py took 0.086 seconds
[2024-02-25T18:23:01.757+0000] {processor.py:161} INFO - Started process (PID=7408) to work on /home/airflow/.local/lib/python3.8/site-packages/airflow/example_dags/example_latest_only_with_trigger.py
[2024-02-25T18:23:01.758+0000] {processor.py:830} INFO - Processing file /home/airflow/.local/lib/python3.8/site-packages/airflow/example_dags/example_latest_only_with_trigger.py for tasks to queue
[2024-02-25T18:23:01.759+0000] {logging_mixin.py:188} INFO - [2024-02-25T18:23:01.759+0000] {dagbag.py:538} INFO - Filling up the DagBag from /home/airflow/.local/lib/python3.8/site-packages/airflow/example_dags/example_latest_only_with_trigger.py
[2024-02-25T18:23:01.766+0000] {processor.py:840} INFO - DAG(s) 'latest_only_with_trigger' retrieved from /home/airflow/.local/lib/python3.8/site-packages/airflow/example_dags/example_latest_only_with_trigger.py
[2024-02-25T18:23:01.790+0000] {logging_mixin.py:188} INFO - [2024-02-25T18:23:01.790+0000] {dag.py:3036} INFO - Sync 1 DAGs
[2024-02-25T18:23:01.811+0000] {logging_mixin.py:188} INFO - [2024-02-25T18:23:01.811+0000] {dag.py:3823} INFO - Setting next_dagrun for latest_only_with_trigger to 2024-02-25 12:00:00+00:00, run_after=2024-02-25 16:00:00+00:00
[2024-02-25T18:23:01.835+0000] {processor.py:183} INFO - Processing /home/airflow/.local/lib/python3.8/site-packages/airflow/example_dags/example_latest_only_with_trigger.py took 0.082 seconds
[2024-02-25T18:23:53.015+0000] {processor.py:161} INFO - Started process (PID=7471) to work on /home/airflow/.local/lib/python3.8/site-packages/airflow/example_dags/example_latest_only_with_trigger.py
[2024-02-25T18:23:53.016+0000] {processor.py:830} INFO - Processing file /home/airflow/.local/lib/python3.8/site-packages/airflow/example_dags/example_latest_only_with_trigger.py for tasks to queue
[2024-02-25T18:23:53.017+0000] {logging_mixin.py:188} INFO - [2024-02-25T18:23:53.017+0000] {dagbag.py:538} INFO - Filling up the DagBag from /home/airflow/.local/lib/python3.8/site-packages/airflow/example_dags/example_latest_only_with_trigger.py
[2024-02-25T18:23:53.025+0000] {processor.py:840} INFO - DAG(s) 'latest_only_with_trigger' retrieved from /home/airflow/.local/lib/python3.8/site-packages/airflow/example_dags/example_latest_only_with_trigger.py
[2024-02-25T18:23:53.051+0000] {logging_mixin.py:188} INFO - [2024-02-25T18:23:53.051+0000] {dag.py:3036} INFO - Sync 1 DAGs
[2024-02-25T18:23:53.075+0000] {logging_mixin.py:188} INFO - [2024-02-25T18:23:53.074+0000] {dag.py:3823} INFO - Setting next_dagrun for latest_only_with_trigger to 2024-02-25 12:00:00+00:00, run_after=2024-02-25 16:00:00+00:00
[2024-02-25T18:23:53.104+0000] {processor.py:183} INFO - Processing /home/airflow/.local/lib/python3.8/site-packages/airflow/example_dags/example_latest_only_with_trigger.py took 0.093 seconds
[2024-02-25T18:24:23.849+0000] {processor.py:161} INFO - Started process (PID=7534) to work on /home/airflow/.local/lib/python3.8/site-packages/airflow/example_dags/example_latest_only_with_trigger.py
[2024-02-25T18:24:23.851+0000] {processor.py:830} INFO - Processing file /home/airflow/.local/lib/python3.8/site-packages/airflow/example_dags/example_latest_only_with_trigger.py for tasks to queue
[2024-02-25T18:24:23.852+0000] {logging_mixin.py:188} INFO - [2024-02-25T18:24:23.852+0000] {dagbag.py:538} INFO - Filling up the DagBag from /home/airflow/.local/lib/python3.8/site-packages/airflow/example_dags/example_latest_only_with_trigger.py
[2024-02-25T18:24:23.861+0000] {processor.py:840} INFO - DAG(s) 'latest_only_with_trigger' retrieved from /home/airflow/.local/lib/python3.8/site-packages/airflow/example_dags/example_latest_only_with_trigger.py
[2024-02-25T18:24:23.888+0000] {logging_mixin.py:188} INFO - [2024-02-25T18:24:23.888+0000] {dag.py:3036} INFO - Sync 1 DAGs
[2024-02-25T18:24:23.914+0000] {logging_mixin.py:188} INFO - [2024-02-25T18:24:23.913+0000] {dag.py:3823} INFO - Setting next_dagrun for latest_only_with_trigger to 2024-02-25 12:00:00+00:00, run_after=2024-02-25 16:00:00+00:00
[2024-02-25T18:24:23.937+0000] {processor.py:183} INFO - Processing /home/airflow/.local/lib/python3.8/site-packages/airflow/example_dags/example_latest_only_with_trigger.py took 0.092 seconds
[2024-02-25T18:24:54.924+0000] {processor.py:161} INFO - Started process (PID=7597) to work on /home/airflow/.local/lib/python3.8/site-packages/airflow/example_dags/example_latest_only_with_trigger.py
[2024-02-25T18:24:54.925+0000] {processor.py:830} INFO - Processing file /home/airflow/.local/lib/python3.8/site-packages/airflow/example_dags/example_latest_only_with_trigger.py for tasks to queue
[2024-02-25T18:24:54.926+0000] {logging_mixin.py:188} INFO - [2024-02-25T18:24:54.926+0000] {dagbag.py:538} INFO - Filling up the DagBag from /home/airflow/.local/lib/python3.8/site-packages/airflow/example_dags/example_latest_only_with_trigger.py
[2024-02-25T18:24:54.935+0000] {processor.py:840} INFO - DAG(s) 'latest_only_with_trigger' retrieved from /home/airflow/.local/lib/python3.8/site-packages/airflow/example_dags/example_latest_only_with_trigger.py
[2024-02-25T18:24:54.960+0000] {logging_mixin.py:188} INFO - [2024-02-25T18:24:54.960+0000] {dag.py:3036} INFO - Sync 1 DAGs
[2024-02-25T18:24:54.985+0000] {logging_mixin.py:188} INFO - [2024-02-25T18:24:54.985+0000] {dag.py:3823} INFO - Setting next_dagrun for latest_only_with_trigger to 2024-02-25 12:00:00+00:00, run_after=2024-02-25 16:00:00+00:00
[2024-02-25T18:24:55.009+0000] {processor.py:183} INFO - Processing /home/airflow/.local/lib/python3.8/site-packages/airflow/example_dags/example_latest_only_with_trigger.py took 0.089 seconds
[2024-02-25T18:25:25.489+0000] {processor.py:161} INFO - Started process (PID=7658) to work on /home/airflow/.local/lib/python3.8/site-packages/airflow/example_dags/example_latest_only_with_trigger.py
[2024-02-25T18:25:25.491+0000] {processor.py:830} INFO - Processing file /home/airflow/.local/lib/python3.8/site-packages/airflow/example_dags/example_latest_only_with_trigger.py for tasks to queue
[2024-02-25T18:25:25.492+0000] {logging_mixin.py:188} INFO - [2024-02-25T18:25:25.492+0000] {dagbag.py:538} INFO - Filling up the DagBag from /home/airflow/.local/lib/python3.8/site-packages/airflow/example_dags/example_latest_only_with_trigger.py
[2024-02-25T18:25:25.500+0000] {processor.py:840} INFO - DAG(s) 'latest_only_with_trigger' retrieved from /home/airflow/.local/lib/python3.8/site-packages/airflow/example_dags/example_latest_only_with_trigger.py
[2024-02-25T18:25:25.529+0000] {logging_mixin.py:188} INFO - [2024-02-25T18:25:25.529+0000] {dag.py:3036} INFO - Sync 1 DAGs
[2024-02-25T18:25:25.551+0000] {logging_mixin.py:188} INFO - [2024-02-25T18:25:25.550+0000] {dag.py:3823} INFO - Setting next_dagrun for latest_only_with_trigger to 2024-02-25 12:00:00+00:00, run_after=2024-02-25 16:00:00+00:00
[2024-02-25T18:25:25.575+0000] {processor.py:183} INFO - Processing /home/airflow/.local/lib/python3.8/site-packages/airflow/example_dags/example_latest_only_with_trigger.py took 0.091 seconds
[2024-02-25T18:25:56.171+0000] {processor.py:161} INFO - Started process (PID=7721) to work on /home/airflow/.local/lib/python3.8/site-packages/airflow/example_dags/example_latest_only_with_trigger.py
[2024-02-25T18:25:56.172+0000] {processor.py:830} INFO - Processing file /home/airflow/.local/lib/python3.8/site-packages/airflow/example_dags/example_latest_only_with_trigger.py for tasks to queue
[2024-02-25T18:25:56.174+0000] {logging_mixin.py:188} INFO - [2024-02-25T18:25:56.173+0000] {dagbag.py:538} INFO - Filling up the DagBag from /home/airflow/.local/lib/python3.8/site-packages/airflow/example_dags/example_latest_only_with_trigger.py
[2024-02-25T18:25:56.181+0000] {processor.py:840} INFO - DAG(s) 'latest_only_with_trigger' retrieved from /home/airflow/.local/lib/python3.8/site-packages/airflow/example_dags/example_latest_only_with_trigger.py
[2024-02-25T18:25:56.204+0000] {logging_mixin.py:188} INFO - [2024-02-25T18:25:56.204+0000] {dag.py:3036} INFO - Sync 1 DAGs
[2024-02-25T18:25:56.225+0000] {logging_mixin.py:188} INFO - [2024-02-25T18:25:56.224+0000] {dag.py:3823} INFO - Setting next_dagrun for latest_only_with_trigger to 2024-02-25 12:00:00+00:00, run_after=2024-02-25 16:00:00+00:00
[2024-02-25T18:25:56.250+0000] {processor.py:183} INFO - Processing /home/airflow/.local/lib/python3.8/site-packages/airflow/example_dags/example_latest_only_with_trigger.py took 0.083 seconds
[2024-02-25T18:26:26.838+0000] {processor.py:161} INFO - Started process (PID=7784) to work on /home/airflow/.local/lib/python3.8/site-packages/airflow/example_dags/example_latest_only_with_trigger.py
[2024-02-25T18:26:26.839+0000] {processor.py:830} INFO - Processing file /home/airflow/.local/lib/python3.8/site-packages/airflow/example_dags/example_latest_only_with_trigger.py for tasks to queue
[2024-02-25T18:26:26.841+0000] {logging_mixin.py:188} INFO - [2024-02-25T18:26:26.840+0000] {dagbag.py:538} INFO - Filling up the DagBag from /home/airflow/.local/lib/python3.8/site-packages/airflow/example_dags/example_latest_only_with_trigger.py
[2024-02-25T18:26:26.848+0000] {processor.py:840} INFO - DAG(s) 'latest_only_with_trigger' retrieved from /home/airflow/.local/lib/python3.8/site-packages/airflow/example_dags/example_latest_only_with_trigger.py
[2024-02-25T18:26:26.872+0000] {logging_mixin.py:188} INFO - [2024-02-25T18:26:26.871+0000] {dag.py:3036} INFO - Sync 1 DAGs
[2024-02-25T18:26:26.893+0000] {logging_mixin.py:188} INFO - [2024-02-25T18:26:26.892+0000] {dag.py:3823} INFO - Setting next_dagrun for latest_only_with_trigger to 2024-02-25 12:00:00+00:00, run_after=2024-02-25 16:00:00+00:00
[2024-02-25T18:26:26.918+0000] {processor.py:183} INFO - Processing /home/airflow/.local/lib/python3.8/site-packages/airflow/example_dags/example_latest_only_with_trigger.py took 0.084 seconds
[2024-02-25T18:26:57.440+0000] {processor.py:161} INFO - Started process (PID=7848) to work on /home/airflow/.local/lib/python3.8/site-packages/airflow/example_dags/example_latest_only_with_trigger.py
[2024-02-25T18:26:57.441+0000] {processor.py:830} INFO - Processing file /home/airflow/.local/lib/python3.8/site-packages/airflow/example_dags/example_latest_only_with_trigger.py for tasks to queue
[2024-02-25T18:26:57.443+0000] {logging_mixin.py:188} INFO - [2024-02-25T18:26:57.442+0000] {dagbag.py:538} INFO - Filling up the DagBag from /home/airflow/.local/lib/python3.8/site-packages/airflow/example_dags/example_latest_only_with_trigger.py
[2024-02-25T18:26:57.451+0000] {processor.py:840} INFO - DAG(s) 'latest_only_with_trigger' retrieved from /home/airflow/.local/lib/python3.8/site-packages/airflow/example_dags/example_latest_only_with_trigger.py
[2024-02-25T18:26:57.474+0000] {logging_mixin.py:188} INFO - [2024-02-25T18:26:57.474+0000] {dag.py:3036} INFO - Sync 1 DAGs
[2024-02-25T18:26:57.497+0000] {logging_mixin.py:188} INFO - [2024-02-25T18:26:57.496+0000] {dag.py:3823} INFO - Setting next_dagrun for latest_only_with_trigger to 2024-02-25 12:00:00+00:00, run_after=2024-02-25 16:00:00+00:00
[2024-02-25T18:26:57.522+0000] {processor.py:183} INFO - Processing /home/airflow/.local/lib/python3.8/site-packages/airflow/example_dags/example_latest_only_with_trigger.py took 0.086 seconds
[2024-02-25T18:27:28.127+0000] {processor.py:161} INFO - Started process (PID=7911) to work on /home/airflow/.local/lib/python3.8/site-packages/airflow/example_dags/example_latest_only_with_trigger.py
[2024-02-25T18:27:28.128+0000] {processor.py:830} INFO - Processing file /home/airflow/.local/lib/python3.8/site-packages/airflow/example_dags/example_latest_only_with_trigger.py for tasks to queue
[2024-02-25T18:27:28.129+0000] {logging_mixin.py:188} INFO - [2024-02-25T18:27:28.129+0000] {dagbag.py:538} INFO - Filling up the DagBag from /home/airflow/.local/lib/python3.8/site-packages/airflow/example_dags/example_latest_only_with_trigger.py
[2024-02-25T18:27:28.137+0000] {processor.py:840} INFO - DAG(s) 'latest_only_with_trigger' retrieved from /home/airflow/.local/lib/python3.8/site-packages/airflow/example_dags/example_latest_only_with_trigger.py
[2024-02-25T18:27:28.161+0000] {logging_mixin.py:188} INFO - [2024-02-25T18:27:28.161+0000] {dag.py:3036} INFO - Sync 1 DAGs
[2024-02-25T18:27:28.182+0000] {logging_mixin.py:188} INFO - [2024-02-25T18:27:28.182+0000] {dag.py:3823} INFO - Setting next_dagrun for latest_only_with_trigger to 2024-02-25 12:00:00+00:00, run_after=2024-02-25 16:00:00+00:00
[2024-02-25T18:27:28.214+0000] {processor.py:183} INFO - Processing /home/airflow/.local/lib/python3.8/site-packages/airflow/example_dags/example_latest_only_with_trigger.py took 0.091 seconds
[2024-02-25T18:27:58.283+0000] {processor.py:161} INFO - Started process (PID=7974) to work on /home/airflow/.local/lib/python3.8/site-packages/airflow/example_dags/example_latest_only_with_trigger.py
[2024-02-25T18:27:58.284+0000] {processor.py:830} INFO - Processing file /home/airflow/.local/lib/python3.8/site-packages/airflow/example_dags/example_latest_only_with_trigger.py for tasks to queue
[2024-02-25T18:27:58.286+0000] {logging_mixin.py:188} INFO - [2024-02-25T18:27:58.285+0000] {dagbag.py:538} INFO - Filling up the DagBag from /home/airflow/.local/lib/python3.8/site-packages/airflow/example_dags/example_latest_only_with_trigger.py
[2024-02-25T18:27:58.293+0000] {processor.py:840} INFO - DAG(s) 'latest_only_with_trigger' retrieved from /home/airflow/.local/lib/python3.8/site-packages/airflow/example_dags/example_latest_only_with_trigger.py
[2024-02-25T18:27:58.320+0000] {logging_mixin.py:188} INFO - [2024-02-25T18:27:58.320+0000] {dag.py:3036} INFO - Sync 1 DAGs
[2024-02-25T18:27:58.341+0000] {logging_mixin.py:188} INFO - [2024-02-25T18:27:58.341+0000] {dag.py:3823} INFO - Setting next_dagrun for latest_only_with_trigger to 2024-02-25 12:00:00+00:00, run_after=2024-02-25 16:00:00+00:00
[2024-02-25T18:27:58.376+0000] {processor.py:183} INFO - Processing /home/airflow/.local/lib/python3.8/site-packages/airflow/example_dags/example_latest_only_with_trigger.py took 0.098 seconds
[2024-02-25T18:28:29.220+0000] {processor.py:161} INFO - Started process (PID=8037) to work on /home/airflow/.local/lib/python3.8/site-packages/airflow/example_dags/example_latest_only_with_trigger.py
[2024-02-25T18:28:29.222+0000] {processor.py:830} INFO - Processing file /home/airflow/.local/lib/python3.8/site-packages/airflow/example_dags/example_latest_only_with_trigger.py for tasks to queue
[2024-02-25T18:28:29.223+0000] {logging_mixin.py:188} INFO - [2024-02-25T18:28:29.223+0000] {dagbag.py:538} INFO - Filling up the DagBag from /home/airflow/.local/lib/python3.8/site-packages/airflow/example_dags/example_latest_only_with_trigger.py
[2024-02-25T18:28:29.230+0000] {processor.py:840} INFO - DAG(s) 'latest_only_with_trigger' retrieved from /home/airflow/.local/lib/python3.8/site-packages/airflow/example_dags/example_latest_only_with_trigger.py
[2024-02-25T18:28:29.255+0000] {logging_mixin.py:188} INFO - [2024-02-25T18:28:29.254+0000] {dag.py:3036} INFO - Sync 1 DAGs
[2024-02-25T18:28:29.276+0000] {logging_mixin.py:188} INFO - [2024-02-25T18:28:29.276+0000] {dag.py:3823} INFO - Setting next_dagrun for latest_only_with_trigger to 2024-02-25 12:00:00+00:00, run_after=2024-02-25 16:00:00+00:00
[2024-02-25T18:28:29.303+0000] {processor.py:183} INFO - Processing /home/airflow/.local/lib/python3.8/site-packages/airflow/example_dags/example_latest_only_with_trigger.py took 0.087 seconds
[2024-02-25T18:29:00.049+0000] {processor.py:161} INFO - Started process (PID=8099) to work on /home/airflow/.local/lib/python3.8/site-packages/airflow/example_dags/example_latest_only_with_trigger.py
[2024-02-25T18:29:00.050+0000] {processor.py:830} INFO - Processing file /home/airflow/.local/lib/python3.8/site-packages/airflow/example_dags/example_latest_only_with_trigger.py for tasks to queue
[2024-02-25T18:29:00.051+0000] {logging_mixin.py:188} INFO - [2024-02-25T18:29:00.051+0000] {dagbag.py:538} INFO - Filling up the DagBag from /home/airflow/.local/lib/python3.8/site-packages/airflow/example_dags/example_latest_only_with_trigger.py
[2024-02-25T18:29:00.060+0000] {processor.py:840} INFO - DAG(s) 'latest_only_with_trigger' retrieved from /home/airflow/.local/lib/python3.8/site-packages/airflow/example_dags/example_latest_only_with_trigger.py
[2024-02-25T18:29:00.084+0000] {logging_mixin.py:188} INFO - [2024-02-25T18:29:00.084+0000] {dag.py:3036} INFO - Sync 1 DAGs
[2024-02-25T18:29:00.107+0000] {logging_mixin.py:188} INFO - [2024-02-25T18:29:00.107+0000] {dag.py:3823} INFO - Setting next_dagrun for latest_only_with_trigger to 2024-02-25 12:00:00+00:00, run_after=2024-02-25 16:00:00+00:00
[2024-02-25T18:29:00.133+0000] {processor.py:183} INFO - Processing /home/airflow/.local/lib/python3.8/site-packages/airflow/example_dags/example_latest_only_with_trigger.py took 0.088 seconds
[2024-02-25T18:29:30.590+0000] {processor.py:161} INFO - Started process (PID=8162) to work on /home/airflow/.local/lib/python3.8/site-packages/airflow/example_dags/example_latest_only_with_trigger.py
[2024-02-25T18:29:30.592+0000] {processor.py:830} INFO - Processing file /home/airflow/.local/lib/python3.8/site-packages/airflow/example_dags/example_latest_only_with_trigger.py for tasks to queue
[2024-02-25T18:29:30.593+0000] {logging_mixin.py:188} INFO - [2024-02-25T18:29:30.592+0000] {dagbag.py:538} INFO - Filling up the DagBag from /home/airflow/.local/lib/python3.8/site-packages/airflow/example_dags/example_latest_only_with_trigger.py
[2024-02-25T18:29:30.600+0000] {processor.py:840} INFO - DAG(s) 'latest_only_with_trigger' retrieved from /home/airflow/.local/lib/python3.8/site-packages/airflow/example_dags/example_latest_only_with_trigger.py
[2024-02-25T18:29:30.623+0000] {logging_mixin.py:188} INFO - [2024-02-25T18:29:30.623+0000] {dag.py:3036} INFO - Sync 1 DAGs
[2024-02-25T18:29:30.645+0000] {logging_mixin.py:188} INFO - [2024-02-25T18:29:30.645+0000] {dag.py:3823} INFO - Setting next_dagrun for latest_only_with_trigger to 2024-02-25 12:00:00+00:00, run_after=2024-02-25 16:00:00+00:00
[2024-02-25T18:29:30.671+0000] {processor.py:183} INFO - Processing /home/airflow/.local/lib/python3.8/site-packages/airflow/example_dags/example_latest_only_with_trigger.py took 0.084 seconds
[2024-02-25T18:30:01.482+0000] {processor.py:161} INFO - Started process (PID=8225) to work on /home/airflow/.local/lib/python3.8/site-packages/airflow/example_dags/example_latest_only_with_trigger.py
[2024-02-25T18:30:01.484+0000] {processor.py:830} INFO - Processing file /home/airflow/.local/lib/python3.8/site-packages/airflow/example_dags/example_latest_only_with_trigger.py for tasks to queue
[2024-02-25T18:30:01.485+0000] {logging_mixin.py:188} INFO - [2024-02-25T18:30:01.485+0000] {dagbag.py:538} INFO - Filling up the DagBag from /home/airflow/.local/lib/python3.8/site-packages/airflow/example_dags/example_latest_only_with_trigger.py
[2024-02-25T18:30:01.493+0000] {processor.py:840} INFO - DAG(s) 'latest_only_with_trigger' retrieved from /home/airflow/.local/lib/python3.8/site-packages/airflow/example_dags/example_latest_only_with_trigger.py
[2024-02-25T18:30:01.518+0000] {logging_mixin.py:188} INFO - [2024-02-25T18:30:01.517+0000] {dag.py:3036} INFO - Sync 1 DAGs
[2024-02-25T18:30:01.540+0000] {logging_mixin.py:188} INFO - [2024-02-25T18:30:01.540+0000] {dag.py:3823} INFO - Setting next_dagrun for latest_only_with_trigger to 2024-02-25 12:00:00+00:00, run_after=2024-02-25 16:00:00+00:00
[2024-02-25T18:30:01.567+0000] {processor.py:183} INFO - Processing /home/airflow/.local/lib/python3.8/site-packages/airflow/example_dags/example_latest_only_with_trigger.py took 0.089 seconds
[2024-02-25T18:30:32.159+0000] {processor.py:161} INFO - Started process (PID=8288) to work on /home/airflow/.local/lib/python3.8/site-packages/airflow/example_dags/example_latest_only_with_trigger.py
[2024-02-25T18:30:32.160+0000] {processor.py:830} INFO - Processing file /home/airflow/.local/lib/python3.8/site-packages/airflow/example_dags/example_latest_only_with_trigger.py for tasks to queue
[2024-02-25T18:30:32.161+0000] {logging_mixin.py:188} INFO - [2024-02-25T18:30:32.161+0000] {dagbag.py:538} INFO - Filling up the DagBag from /home/airflow/.local/lib/python3.8/site-packages/airflow/example_dags/example_latest_only_with_trigger.py
[2024-02-25T18:30:32.169+0000] {processor.py:840} INFO - DAG(s) 'latest_only_with_trigger' retrieved from /home/airflow/.local/lib/python3.8/site-packages/airflow/example_dags/example_latest_only_with_trigger.py
[2024-02-25T18:30:32.193+0000] {logging_mixin.py:188} INFO - [2024-02-25T18:30:32.193+0000] {dag.py:3036} INFO - Sync 1 DAGs
[2024-02-25T18:30:32.215+0000] {logging_mixin.py:188} INFO - [2024-02-25T18:30:32.215+0000] {dag.py:3823} INFO - Setting next_dagrun for latest_only_with_trigger to 2024-02-25 12:00:00+00:00, run_after=2024-02-25 16:00:00+00:00
[2024-02-25T18:30:32.241+0000] {processor.py:183} INFO - Processing /home/airflow/.local/lib/python3.8/site-packages/airflow/example_dags/example_latest_only_with_trigger.py took 0.086 seconds
[2024-02-25T18:31:02.383+0000] {processor.py:161} INFO - Started process (PID=8351) to work on /home/airflow/.local/lib/python3.8/site-packages/airflow/example_dags/example_latest_only_with_trigger.py
[2024-02-25T18:31:02.384+0000] {processor.py:830} INFO - Processing file /home/airflow/.local/lib/python3.8/site-packages/airflow/example_dags/example_latest_only_with_trigger.py for tasks to queue
[2024-02-25T18:31:02.385+0000] {logging_mixin.py:188} INFO - [2024-02-25T18:31:02.385+0000] {dagbag.py:538} INFO - Filling up the DagBag from /home/airflow/.local/lib/python3.8/site-packages/airflow/example_dags/example_latest_only_with_trigger.py
[2024-02-25T18:31:02.392+0000] {processor.py:840} INFO - DAG(s) 'latest_only_with_trigger' retrieved from /home/airflow/.local/lib/python3.8/site-packages/airflow/example_dags/example_latest_only_with_trigger.py
[2024-02-25T18:31:02.416+0000] {logging_mixin.py:188} INFO - [2024-02-25T18:31:02.416+0000] {dag.py:3036} INFO - Sync 1 DAGs
[2024-02-25T18:31:02.439+0000] {logging_mixin.py:188} INFO - [2024-02-25T18:31:02.439+0000] {dag.py:3823} INFO - Setting next_dagrun for latest_only_with_trigger to 2024-02-25 12:00:00+00:00, run_after=2024-02-25 16:00:00+00:00
[2024-02-25T18:31:02.461+0000] {processor.py:183} INFO - Processing /home/airflow/.local/lib/python3.8/site-packages/airflow/example_dags/example_latest_only_with_trigger.py took 0.082 seconds
[2024-02-25T18:31:33.240+0000] {processor.py:161} INFO - Started process (PID=8414) to work on /home/airflow/.local/lib/python3.8/site-packages/airflow/example_dags/example_latest_only_with_trigger.py
[2024-02-25T18:31:33.241+0000] {processor.py:830} INFO - Processing file /home/airflow/.local/lib/python3.8/site-packages/airflow/example_dags/example_latest_only_with_trigger.py for tasks to queue
[2024-02-25T18:31:33.242+0000] {logging_mixin.py:188} INFO - [2024-02-25T18:31:33.242+0000] {dagbag.py:538} INFO - Filling up the DagBag from /home/airflow/.local/lib/python3.8/site-packages/airflow/example_dags/example_latest_only_with_trigger.py
[2024-02-25T18:31:33.249+0000] {processor.py:840} INFO - DAG(s) 'latest_only_with_trigger' retrieved from /home/airflow/.local/lib/python3.8/site-packages/airflow/example_dags/example_latest_only_with_trigger.py
[2024-02-25T18:31:33.273+0000] {logging_mixin.py:188} INFO - [2024-02-25T18:31:33.273+0000] {dag.py:3036} INFO - Sync 1 DAGs
[2024-02-25T18:31:33.293+0000] {logging_mixin.py:188} INFO - [2024-02-25T18:31:33.293+0000] {dag.py:3823} INFO - Setting next_dagrun for latest_only_with_trigger to 2024-02-25 12:00:00+00:00, run_after=2024-02-25 16:00:00+00:00
[2024-02-25T18:31:33.322+0000] {processor.py:183} INFO - Processing /home/airflow/.local/lib/python3.8/site-packages/airflow/example_dags/example_latest_only_with_trigger.py took 0.086 seconds
[2024-02-25T18:32:03.762+0000] {processor.py:161} INFO - Started process (PID=8477) to work on /home/airflow/.local/lib/python3.8/site-packages/airflow/example_dags/example_latest_only_with_trigger.py
[2024-02-25T18:32:03.764+0000] {processor.py:830} INFO - Processing file /home/airflow/.local/lib/python3.8/site-packages/airflow/example_dags/example_latest_only_with_trigger.py for tasks to queue
[2024-02-25T18:32:03.765+0000] {logging_mixin.py:188} INFO - [2024-02-25T18:32:03.765+0000] {dagbag.py:538} INFO - Filling up the DagBag from /home/airflow/.local/lib/python3.8/site-packages/airflow/example_dags/example_latest_only_with_trigger.py
[2024-02-25T18:32:03.773+0000] {processor.py:840} INFO - DAG(s) 'latest_only_with_trigger' retrieved from /home/airflow/.local/lib/python3.8/site-packages/airflow/example_dags/example_latest_only_with_trigger.py
[2024-02-25T18:32:03.800+0000] {logging_mixin.py:188} INFO - [2024-02-25T18:32:03.799+0000] {dag.py:3036} INFO - Sync 1 DAGs
[2024-02-25T18:32:03.821+0000] {logging_mixin.py:188} INFO - [2024-02-25T18:32:03.821+0000] {dag.py:3823} INFO - Setting next_dagrun for latest_only_with_trigger to 2024-02-25 12:00:00+00:00, run_after=2024-02-25 16:00:00+00:00
[2024-02-25T18:32:03.847+0000] {processor.py:183} INFO - Processing /home/airflow/.local/lib/python3.8/site-packages/airflow/example_dags/example_latest_only_with_trigger.py took 0.088 seconds
[2024-02-25T18:32:33.928+0000] {processor.py:161} INFO - Started process (PID=8540) to work on /home/airflow/.local/lib/python3.8/site-packages/airflow/example_dags/example_latest_only_with_trigger.py
[2024-02-25T18:32:33.930+0000] {processor.py:830} INFO - Processing file /home/airflow/.local/lib/python3.8/site-packages/airflow/example_dags/example_latest_only_with_trigger.py for tasks to queue
[2024-02-25T18:32:33.931+0000] {logging_mixin.py:188} INFO - [2024-02-25T18:32:33.931+0000] {dagbag.py:538} INFO - Filling up the DagBag from /home/airflow/.local/lib/python3.8/site-packages/airflow/example_dags/example_latest_only_with_trigger.py
[2024-02-25T18:32:33.944+0000] {processor.py:840} INFO - DAG(s) 'latest_only_with_trigger' retrieved from /home/airflow/.local/lib/python3.8/site-packages/airflow/example_dags/example_latest_only_with_trigger.py
[2024-02-25T18:32:33.982+0000] {logging_mixin.py:188} INFO - [2024-02-25T18:32:33.981+0000] {dag.py:3036} INFO - Sync 1 DAGs
[2024-02-25T18:32:34.021+0000] {logging_mixin.py:188} INFO - [2024-02-25T18:32:34.021+0000] {dag.py:3823} INFO - Setting next_dagrun for latest_only_with_trigger to 2024-02-25 12:00:00+00:00, run_after=2024-02-25 16:00:00+00:00
[2024-02-25T18:32:34.059+0000] {processor.py:183} INFO - Processing /home/airflow/.local/lib/python3.8/site-packages/airflow/example_dags/example_latest_only_with_trigger.py took 0.136 seconds
[2024-02-25T18:33:04.565+0000] {processor.py:161} INFO - Started process (PID=8603) to work on /home/airflow/.local/lib/python3.8/site-packages/airflow/example_dags/example_latest_only_with_trigger.py
[2024-02-25T18:33:04.566+0000] {processor.py:830} INFO - Processing file /home/airflow/.local/lib/python3.8/site-packages/airflow/example_dags/example_latest_only_with_trigger.py for tasks to queue
[2024-02-25T18:33:04.568+0000] {logging_mixin.py:188} INFO - [2024-02-25T18:33:04.567+0000] {dagbag.py:538} INFO - Filling up the DagBag from /home/airflow/.local/lib/python3.8/site-packages/airflow/example_dags/example_latest_only_with_trigger.py
[2024-02-25T18:33:04.575+0000] {processor.py:840} INFO - DAG(s) 'latest_only_with_trigger' retrieved from /home/airflow/.local/lib/python3.8/site-packages/airflow/example_dags/example_latest_only_with_trigger.py
[2024-02-25T18:33:04.599+0000] {logging_mixin.py:188} INFO - [2024-02-25T18:33:04.599+0000] {dag.py:3036} INFO - Sync 1 DAGs
[2024-02-25T18:33:04.620+0000] {logging_mixin.py:188} INFO - [2024-02-25T18:33:04.620+0000] {dag.py:3823} INFO - Setting next_dagrun for latest_only_with_trigger to 2024-02-25 12:00:00+00:00, run_after=2024-02-25 16:00:00+00:00
[2024-02-25T18:33:04.642+0000] {processor.py:183} INFO - Processing /home/airflow/.local/lib/python3.8/site-packages/airflow/example_dags/example_latest_only_with_trigger.py took 0.080 seconds
[2024-02-25T18:33:34.733+0000] {processor.py:161} INFO - Started process (PID=8666) to work on /home/airflow/.local/lib/python3.8/site-packages/airflow/example_dags/example_latest_only_with_trigger.py
[2024-02-25T18:33:34.734+0000] {processor.py:830} INFO - Processing file /home/airflow/.local/lib/python3.8/site-packages/airflow/example_dags/example_latest_only_with_trigger.py for tasks to queue
[2024-02-25T18:33:34.736+0000] {logging_mixin.py:188} INFO - [2024-02-25T18:33:34.735+0000] {dagbag.py:538} INFO - Filling up the DagBag from /home/airflow/.local/lib/python3.8/site-packages/airflow/example_dags/example_latest_only_with_trigger.py
[2024-02-25T18:33:34.743+0000] {processor.py:840} INFO - DAG(s) 'latest_only_with_trigger' retrieved from /home/airflow/.local/lib/python3.8/site-packages/airflow/example_dags/example_latest_only_with_trigger.py
[2024-02-25T18:33:34.768+0000] {logging_mixin.py:188} INFO - [2024-02-25T18:33:34.768+0000] {dag.py:3036} INFO - Sync 1 DAGs
[2024-02-25T18:33:34.789+0000] {logging_mixin.py:188} INFO - [2024-02-25T18:33:34.789+0000] {dag.py:3823} INFO - Setting next_dagrun for latest_only_with_trigger to 2024-02-25 12:00:00+00:00, run_after=2024-02-25 16:00:00+00:00
[2024-02-25T18:33:34.814+0000] {processor.py:183} INFO - Processing /home/airflow/.local/lib/python3.8/site-packages/airflow/example_dags/example_latest_only_with_trigger.py took 0.085 seconds
[2024-02-25T18:34:05.731+0000] {processor.py:161} INFO - Started process (PID=8729) to work on /home/airflow/.local/lib/python3.8/site-packages/airflow/example_dags/example_latest_only_with_trigger.py
[2024-02-25T18:34:05.732+0000] {processor.py:830} INFO - Processing file /home/airflow/.local/lib/python3.8/site-packages/airflow/example_dags/example_latest_only_with_trigger.py for tasks to queue
[2024-02-25T18:34:05.734+0000] {logging_mixin.py:188} INFO - [2024-02-25T18:34:05.733+0000] {dagbag.py:538} INFO - Filling up the DagBag from /home/airflow/.local/lib/python3.8/site-packages/airflow/example_dags/example_latest_only_with_trigger.py
[2024-02-25T18:34:05.741+0000] {processor.py:840} INFO - DAG(s) 'latest_only_with_trigger' retrieved from /home/airflow/.local/lib/python3.8/site-packages/airflow/example_dags/example_latest_only_with_trigger.py
[2024-02-25T18:34:05.768+0000] {logging_mixin.py:188} INFO - [2024-02-25T18:34:05.768+0000] {dag.py:3036} INFO - Sync 1 DAGs
[2024-02-25T18:34:05.791+0000] {logging_mixin.py:188} INFO - [2024-02-25T18:34:05.791+0000] {dag.py:3823} INFO - Setting next_dagrun for latest_only_with_trigger to 2024-02-25 12:00:00+00:00, run_after=2024-02-25 16:00:00+00:00
[2024-02-25T18:34:05.815+0000] {processor.py:183} INFO - Processing /home/airflow/.local/lib/python3.8/site-packages/airflow/example_dags/example_latest_only_with_trigger.py took 0.088 seconds
[2024-02-25T18:34:36.772+0000] {processor.py:161} INFO - Started process (PID=8792) to work on /home/airflow/.local/lib/python3.8/site-packages/airflow/example_dags/example_latest_only_with_trigger.py
[2024-02-25T18:34:36.776+0000] {processor.py:830} INFO - Processing file /home/airflow/.local/lib/python3.8/site-packages/airflow/example_dags/example_latest_only_with_trigger.py for tasks to queue
[2024-02-25T18:34:36.777+0000] {logging_mixin.py:188} INFO - [2024-02-25T18:34:36.777+0000] {dagbag.py:538} INFO - Filling up the DagBag from /home/airflow/.local/lib/python3.8/site-packages/airflow/example_dags/example_latest_only_with_trigger.py
[2024-02-25T18:34:36.785+0000] {processor.py:840} INFO - DAG(s) 'latest_only_with_trigger' retrieved from /home/airflow/.local/lib/python3.8/site-packages/airflow/example_dags/example_latest_only_with_trigger.py
[2024-02-25T18:34:36.818+0000] {logging_mixin.py:188} INFO - [2024-02-25T18:34:36.818+0000] {dag.py:3036} INFO - Sync 1 DAGs
[2024-02-25T18:34:36.841+0000] {logging_mixin.py:188} INFO - [2024-02-25T18:34:36.840+0000] {dag.py:3823} INFO - Setting next_dagrun for latest_only_with_trigger to 2024-02-25 12:00:00+00:00, run_after=2024-02-25 16:00:00+00:00
[2024-02-25T18:34:36.874+0000] {processor.py:183} INFO - Processing /home/airflow/.local/lib/python3.8/site-packages/airflow/example_dags/example_latest_only_with_trigger.py took 0.109 seconds
[2024-02-25T18:35:07.486+0000] {processor.py:161} INFO - Started process (PID=8855) to work on /home/airflow/.local/lib/python3.8/site-packages/airflow/example_dags/example_latest_only_with_trigger.py
[2024-02-25T18:35:07.487+0000] {processor.py:830} INFO - Processing file /home/airflow/.local/lib/python3.8/site-packages/airflow/example_dags/example_latest_only_with_trigger.py for tasks to queue
[2024-02-25T18:35:07.488+0000] {logging_mixin.py:188} INFO - [2024-02-25T18:35:07.488+0000] {dagbag.py:538} INFO - Filling up the DagBag from /home/airflow/.local/lib/python3.8/site-packages/airflow/example_dags/example_latest_only_with_trigger.py
[2024-02-25T18:35:07.496+0000] {processor.py:840} INFO - DAG(s) 'latest_only_with_trigger' retrieved from /home/airflow/.local/lib/python3.8/site-packages/airflow/example_dags/example_latest_only_with_trigger.py
[2024-02-25T18:35:07.522+0000] {logging_mixin.py:188} INFO - [2024-02-25T18:35:07.521+0000] {dag.py:3036} INFO - Sync 1 DAGs
[2024-02-25T18:35:07.546+0000] {logging_mixin.py:188} INFO - [2024-02-25T18:35:07.545+0000] {dag.py:3823} INFO - Setting next_dagrun for latest_only_with_trigger to 2024-02-25 12:00:00+00:00, run_after=2024-02-25 16:00:00+00:00
[2024-02-25T18:35:07.567+0000] {processor.py:183} INFO - Processing /home/airflow/.local/lib/python3.8/site-packages/airflow/example_dags/example_latest_only_with_trigger.py took 0.085 seconds
[2024-02-25T18:35:37.920+0000] {processor.py:161} INFO - Started process (PID=8919) to work on /home/airflow/.local/lib/python3.8/site-packages/airflow/example_dags/example_latest_only_with_trigger.py
[2024-02-25T18:35:37.921+0000] {processor.py:830} INFO - Processing file /home/airflow/.local/lib/python3.8/site-packages/airflow/example_dags/example_latest_only_with_trigger.py for tasks to queue
[2024-02-25T18:35:37.922+0000] {logging_mixin.py:188} INFO - [2024-02-25T18:35:37.922+0000] {dagbag.py:538} INFO - Filling up the DagBag from /home/airflow/.local/lib/python3.8/site-packages/airflow/example_dags/example_latest_only_with_trigger.py
[2024-02-25T18:35:37.930+0000] {processor.py:840} INFO - DAG(s) 'latest_only_with_trigger' retrieved from /home/airflow/.local/lib/python3.8/site-packages/airflow/example_dags/example_latest_only_with_trigger.py
[2024-02-25T18:35:37.954+0000] {logging_mixin.py:188} INFO - [2024-02-25T18:35:37.953+0000] {dag.py:3036} INFO - Sync 1 DAGs
[2024-02-25T18:35:37.976+0000] {logging_mixin.py:188} INFO - [2024-02-25T18:35:37.976+0000] {dag.py:3823} INFO - Setting next_dagrun for latest_only_with_trigger to 2024-02-25 12:00:00+00:00, run_after=2024-02-25 16:00:00+00:00
[2024-02-25T18:35:37.998+0000] {processor.py:183} INFO - Processing /home/airflow/.local/lib/python3.8/site-packages/airflow/example_dags/example_latest_only_with_trigger.py took 0.083 seconds
[2024-02-25T18:36:08.992+0000] {processor.py:161} INFO - Started process (PID=8983) to work on /home/airflow/.local/lib/python3.8/site-packages/airflow/example_dags/example_latest_only_with_trigger.py
[2024-02-25T18:36:08.993+0000] {processor.py:830} INFO - Processing file /home/airflow/.local/lib/python3.8/site-packages/airflow/example_dags/example_latest_only_with_trigger.py for tasks to queue
[2024-02-25T18:36:08.994+0000] {logging_mixin.py:188} INFO - [2024-02-25T18:36:08.994+0000] {dagbag.py:538} INFO - Filling up the DagBag from /home/airflow/.local/lib/python3.8/site-packages/airflow/example_dags/example_latest_only_with_trigger.py
[2024-02-25T18:36:09.005+0000] {processor.py:840} INFO - DAG(s) 'latest_only_with_trigger' retrieved from /home/airflow/.local/lib/python3.8/site-packages/airflow/example_dags/example_latest_only_with_trigger.py
[2024-02-25T18:36:09.031+0000] {logging_mixin.py:188} INFO - [2024-02-25T18:36:09.031+0000] {dag.py:3036} INFO - Sync 1 DAGs
[2024-02-25T18:36:09.057+0000] {logging_mixin.py:188} INFO - [2024-02-25T18:36:09.057+0000] {dag.py:3823} INFO - Setting next_dagrun for latest_only_with_trigger to 2024-02-25 12:00:00+00:00, run_after=2024-02-25 16:00:00+00:00
[2024-02-25T18:36:09.088+0000] {processor.py:183} INFO - Processing /home/airflow/.local/lib/python3.8/site-packages/airflow/example_dags/example_latest_only_with_trigger.py took 0.103 seconds
[2024-02-25T18:36:39.302+0000] {processor.py:161} INFO - Started process (PID=9046) to work on /home/airflow/.local/lib/python3.8/site-packages/airflow/example_dags/example_latest_only_with_trigger.py
[2024-02-25T18:36:39.304+0000] {processor.py:830} INFO - Processing file /home/airflow/.local/lib/python3.8/site-packages/airflow/example_dags/example_latest_only_with_trigger.py for tasks to queue
[2024-02-25T18:36:39.305+0000] {logging_mixin.py:188} INFO - [2024-02-25T18:36:39.304+0000] {dagbag.py:538} INFO - Filling up the DagBag from /home/airflow/.local/lib/python3.8/site-packages/airflow/example_dags/example_latest_only_with_trigger.py
[2024-02-25T18:36:39.312+0000] {processor.py:840} INFO - DAG(s) 'latest_only_with_trigger' retrieved from /home/airflow/.local/lib/python3.8/site-packages/airflow/example_dags/example_latest_only_with_trigger.py
[2024-02-25T18:36:39.335+0000] {logging_mixin.py:188} INFO - [2024-02-25T18:36:39.335+0000] {dag.py:3036} INFO - Sync 1 DAGs
[2024-02-25T18:36:39.358+0000] {logging_mixin.py:188} INFO - [2024-02-25T18:36:39.358+0000] {dag.py:3823} INFO - Setting next_dagrun for latest_only_with_trigger to 2024-02-25 12:00:00+00:00, run_after=2024-02-25 16:00:00+00:00
[2024-02-25T18:36:39.381+0000] {processor.py:183} INFO - Processing /home/airflow/.local/lib/python3.8/site-packages/airflow/example_dags/example_latest_only_with_trigger.py took 0.082 seconds
[2024-02-25T18:37:09.929+0000] {processor.py:161} INFO - Started process (PID=9110) to work on /home/airflow/.local/lib/python3.8/site-packages/airflow/example_dags/example_latest_only_with_trigger.py
[2024-02-25T18:37:09.931+0000] {processor.py:830} INFO - Processing file /home/airflow/.local/lib/python3.8/site-packages/airflow/example_dags/example_latest_only_with_trigger.py for tasks to queue
[2024-02-25T18:37:09.932+0000] {logging_mixin.py:188} INFO - [2024-02-25T18:37:09.931+0000] {dagbag.py:538} INFO - Filling up the DagBag from /home/airflow/.local/lib/python3.8/site-packages/airflow/example_dags/example_latest_only_with_trigger.py
[2024-02-25T18:37:09.939+0000] {processor.py:840} INFO - DAG(s) 'latest_only_with_trigger' retrieved from /home/airflow/.local/lib/python3.8/site-packages/airflow/example_dags/example_latest_only_with_trigger.py
[2024-02-25T18:37:09.961+0000] {logging_mixin.py:188} INFO - [2024-02-25T18:37:09.961+0000] {dag.py:3036} INFO - Sync 1 DAGs
[2024-02-25T18:37:09.986+0000] {logging_mixin.py:188} INFO - [2024-02-25T18:37:09.986+0000] {dag.py:3823} INFO - Setting next_dagrun for latest_only_with_trigger to 2024-02-25 12:00:00+00:00, run_after=2024-02-25 16:00:00+00:00
[2024-02-25T18:37:10.011+0000] {processor.py:183} INFO - Processing /home/airflow/.local/lib/python3.8/site-packages/airflow/example_dags/example_latest_only_with_trigger.py took 0.085 seconds
[2024-02-25T18:37:40.898+0000] {processor.py:161} INFO - Started process (PID=9173) to work on /home/airflow/.local/lib/python3.8/site-packages/airflow/example_dags/example_latest_only_with_trigger.py
[2024-02-25T18:37:40.900+0000] {processor.py:830} INFO - Processing file /home/airflow/.local/lib/python3.8/site-packages/airflow/example_dags/example_latest_only_with_trigger.py for tasks to queue
[2024-02-25T18:37:40.901+0000] {logging_mixin.py:188} INFO - [2024-02-25T18:37:40.901+0000] {dagbag.py:538} INFO - Filling up the DagBag from /home/airflow/.local/lib/python3.8/site-packages/airflow/example_dags/example_latest_only_with_trigger.py
[2024-02-25T18:37:40.909+0000] {processor.py:840} INFO - DAG(s) 'latest_only_with_trigger' retrieved from /home/airflow/.local/lib/python3.8/site-packages/airflow/example_dags/example_latest_only_with_trigger.py
[2024-02-25T18:37:40.966+0000] {logging_mixin.py:188} INFO - [2024-02-25T18:37:40.965+0000] {dag.py:3036} INFO - Sync 1 DAGs
[2024-02-25T18:37:41.019+0000] {logging_mixin.py:188} INFO - [2024-02-25T18:37:41.019+0000] {dag.py:3823} INFO - Setting next_dagrun for latest_only_with_trigger to 2024-02-25 12:00:00+00:00, run_after=2024-02-25 16:00:00+00:00
[2024-02-25T18:37:41.059+0000] {processor.py:183} INFO - Processing /home/airflow/.local/lib/python3.8/site-packages/airflow/example_dags/example_latest_only_with_trigger.py took 0.167 seconds
[2024-02-25T18:38:11.681+0000] {processor.py:161} INFO - Started process (PID=9237) to work on /home/airflow/.local/lib/python3.8/site-packages/airflow/example_dags/example_latest_only_with_trigger.py
[2024-02-25T18:38:11.682+0000] {processor.py:830} INFO - Processing file /home/airflow/.local/lib/python3.8/site-packages/airflow/example_dags/example_latest_only_with_trigger.py for tasks to queue
[2024-02-25T18:38:11.683+0000] {logging_mixin.py:188} INFO - [2024-02-25T18:38:11.683+0000] {dagbag.py:538} INFO - Filling up the DagBag from /home/airflow/.local/lib/python3.8/site-packages/airflow/example_dags/example_latest_only_with_trigger.py
[2024-02-25T18:38:11.691+0000] {processor.py:840} INFO - DAG(s) 'latest_only_with_trigger' retrieved from /home/airflow/.local/lib/python3.8/site-packages/airflow/example_dags/example_latest_only_with_trigger.py
[2024-02-25T18:38:11.716+0000] {logging_mixin.py:188} INFO - [2024-02-25T18:38:11.715+0000] {dag.py:3036} INFO - Sync 1 DAGs
[2024-02-25T18:38:11.739+0000] {logging_mixin.py:188} INFO - [2024-02-25T18:38:11.739+0000] {dag.py:3823} INFO - Setting next_dagrun for latest_only_with_trigger to 2024-02-25 12:00:00+00:00, run_after=2024-02-25 16:00:00+00:00
[2024-02-25T18:38:11.765+0000] {processor.py:183} INFO - Processing /home/airflow/.local/lib/python3.8/site-packages/airflow/example_dags/example_latest_only_with_trigger.py took 0.088 seconds
[2024-02-25T18:38:42.548+0000] {processor.py:161} INFO - Started process (PID=9300) to work on /home/airflow/.local/lib/python3.8/site-packages/airflow/example_dags/example_latest_only_with_trigger.py
[2024-02-25T18:38:42.549+0000] {processor.py:830} INFO - Processing file /home/airflow/.local/lib/python3.8/site-packages/airflow/example_dags/example_latest_only_with_trigger.py for tasks to queue
[2024-02-25T18:38:42.551+0000] {logging_mixin.py:188} INFO - [2024-02-25T18:38:42.550+0000] {dagbag.py:538} INFO - Filling up the DagBag from /home/airflow/.local/lib/python3.8/site-packages/airflow/example_dags/example_latest_only_with_trigger.py
[2024-02-25T18:38:42.559+0000] {processor.py:840} INFO - DAG(s) 'latest_only_with_trigger' retrieved from /home/airflow/.local/lib/python3.8/site-packages/airflow/example_dags/example_latest_only_with_trigger.py
[2024-02-25T18:38:42.584+0000] {logging_mixin.py:188} INFO - [2024-02-25T18:38:42.584+0000] {dag.py:3036} INFO - Sync 1 DAGs
[2024-02-25T18:38:42.608+0000] {logging_mixin.py:188} INFO - [2024-02-25T18:38:42.608+0000] {dag.py:3823} INFO - Setting next_dagrun for latest_only_with_trigger to 2024-02-25 12:00:00+00:00, run_after=2024-02-25 16:00:00+00:00
[2024-02-25T18:38:42.633+0000] {processor.py:183} INFO - Processing /home/airflow/.local/lib/python3.8/site-packages/airflow/example_dags/example_latest_only_with_trigger.py took 0.089 seconds
[2024-02-25T18:39:13.502+0000] {processor.py:161} INFO - Started process (PID=9363) to work on /home/airflow/.local/lib/python3.8/site-packages/airflow/example_dags/example_latest_only_with_trigger.py
[2024-02-25T18:39:13.503+0000] {processor.py:830} INFO - Processing file /home/airflow/.local/lib/python3.8/site-packages/airflow/example_dags/example_latest_only_with_trigger.py for tasks to queue
[2024-02-25T18:39:13.504+0000] {logging_mixin.py:188} INFO - [2024-02-25T18:39:13.504+0000] {dagbag.py:538} INFO - Filling up the DagBag from /home/airflow/.local/lib/python3.8/site-packages/airflow/example_dags/example_latest_only_with_trigger.py
[2024-02-25T18:39:13.512+0000] {processor.py:840} INFO - DAG(s) 'latest_only_with_trigger' retrieved from /home/airflow/.local/lib/python3.8/site-packages/airflow/example_dags/example_latest_only_with_trigger.py
[2024-02-25T18:39:13.541+0000] {logging_mixin.py:188} INFO - [2024-02-25T18:39:13.541+0000] {dag.py:3036} INFO - Sync 1 DAGs
[2024-02-25T18:39:13.563+0000] {logging_mixin.py:188} INFO - [2024-02-25T18:39:13.562+0000] {dag.py:3823} INFO - Setting next_dagrun for latest_only_with_trigger to 2024-02-25 12:00:00+00:00, run_after=2024-02-25 16:00:00+00:00
[2024-02-25T18:39:13.585+0000] {processor.py:183} INFO - Processing /home/airflow/.local/lib/python3.8/site-packages/airflow/example_dags/example_latest_only_with_trigger.py took 0.087 seconds
[2024-02-25T18:39:44.164+0000] {processor.py:161} INFO - Started process (PID=9425) to work on /home/airflow/.local/lib/python3.8/site-packages/airflow/example_dags/example_latest_only_with_trigger.py
[2024-02-25T18:39:44.165+0000] {processor.py:830} INFO - Processing file /home/airflow/.local/lib/python3.8/site-packages/airflow/example_dags/example_latest_only_with_trigger.py for tasks to queue
[2024-02-25T18:39:44.166+0000] {logging_mixin.py:188} INFO - [2024-02-25T18:39:44.166+0000] {dagbag.py:538} INFO - Filling up the DagBag from /home/airflow/.local/lib/python3.8/site-packages/airflow/example_dags/example_latest_only_with_trigger.py
[2024-02-25T18:39:44.174+0000] {processor.py:840} INFO - DAG(s) 'latest_only_with_trigger' retrieved from /home/airflow/.local/lib/python3.8/site-packages/airflow/example_dags/example_latest_only_with_trigger.py
[2024-02-25T18:39:44.198+0000] {logging_mixin.py:188} INFO - [2024-02-25T18:39:44.197+0000] {dag.py:3036} INFO - Sync 1 DAGs
[2024-02-25T18:39:44.219+0000] {logging_mixin.py:188} INFO - [2024-02-25T18:39:44.219+0000] {dag.py:3823} INFO - Setting next_dagrun for latest_only_with_trigger to 2024-02-25 12:00:00+00:00, run_after=2024-02-25 16:00:00+00:00
[2024-02-25T18:39:44.241+0000] {processor.py:183} INFO - Processing /home/airflow/.local/lib/python3.8/site-packages/airflow/example_dags/example_latest_only_with_trigger.py took 0.082 seconds
[2024-02-25T18:40:14.919+0000] {processor.py:161} INFO - Started process (PID=9488) to work on /home/airflow/.local/lib/python3.8/site-packages/airflow/example_dags/example_latest_only_with_trigger.py
[2024-02-25T18:40:14.921+0000] {processor.py:830} INFO - Processing file /home/airflow/.local/lib/python3.8/site-packages/airflow/example_dags/example_latest_only_with_trigger.py for tasks to queue
[2024-02-25T18:40:14.922+0000] {logging_mixin.py:188} INFO - [2024-02-25T18:40:14.922+0000] {dagbag.py:538} INFO - Filling up the DagBag from /home/airflow/.local/lib/python3.8/site-packages/airflow/example_dags/example_latest_only_with_trigger.py
[2024-02-25T18:40:14.929+0000] {processor.py:840} INFO - DAG(s) 'latest_only_with_trigger' retrieved from /home/airflow/.local/lib/python3.8/site-packages/airflow/example_dags/example_latest_only_with_trigger.py
[2024-02-25T18:40:14.956+0000] {logging_mixin.py:188} INFO - [2024-02-25T18:40:14.956+0000] {dag.py:3036} INFO - Sync 1 DAGs
[2024-02-25T18:40:14.981+0000] {logging_mixin.py:188} INFO - [2024-02-25T18:40:14.980+0000] {dag.py:3823} INFO - Setting next_dagrun for latest_only_with_trigger to 2024-02-25 12:00:00+00:00, run_after=2024-02-25 16:00:00+00:00
[2024-02-25T18:40:15.003+0000] {processor.py:183} INFO - Processing /home/airflow/.local/lib/python3.8/site-packages/airflow/example_dags/example_latest_only_with_trigger.py took 0.088 seconds
[2024-02-25T20:59:47.015+0000] {processor.py:161} INFO - Started process (PID=9555) to work on /home/airflow/.local/lib/python3.8/site-packages/airflow/example_dags/example_latest_only_with_trigger.py
[2024-02-25T20:59:47.016+0000] {processor.py:830} INFO - Processing file /home/airflow/.local/lib/python3.8/site-packages/airflow/example_dags/example_latest_only_with_trigger.py for tasks to queue
[2024-02-25T20:59:47.018+0000] {logging_mixin.py:188} INFO - [2024-02-25T20:59:47.017+0000] {dagbag.py:538} INFO - Filling up the DagBag from /home/airflow/.local/lib/python3.8/site-packages/airflow/example_dags/example_latest_only_with_trigger.py
[2024-02-25T20:59:47.027+0000] {processor.py:840} INFO - DAG(s) 'latest_only_with_trigger' retrieved from /home/airflow/.local/lib/python3.8/site-packages/airflow/example_dags/example_latest_only_with_trigger.py
[2024-02-25T20:59:47.060+0000] {logging_mixin.py:188} INFO - [2024-02-25T20:59:47.059+0000] {dag.py:3036} INFO - Sync 1 DAGs
[2024-02-25T20:59:47.098+0000] {logging_mixin.py:188} INFO - [2024-02-25T20:59:47.098+0000] {dag.py:3823} INFO - Setting next_dagrun for latest_only_with_trigger to 2024-02-25 16:00:00+00:00, run_after=2024-02-25 20:00:00+00:00
[2024-02-25T20:59:47.159+0000] {processor.py:183} INFO - Processing /home/airflow/.local/lib/python3.8/site-packages/airflow/example_dags/example_latest_only_with_trigger.py took 0.149 seconds
[2024-02-25T21:00:17.518+0000] {processor.py:161} INFO - Started process (PID=9626) to work on /home/airflow/.local/lib/python3.8/site-packages/airflow/example_dags/example_latest_only_with_trigger.py
[2024-02-25T21:00:17.520+0000] {processor.py:830} INFO - Processing file /home/airflow/.local/lib/python3.8/site-packages/airflow/example_dags/example_latest_only_with_trigger.py for tasks to queue
[2024-02-25T21:00:17.521+0000] {logging_mixin.py:188} INFO - [2024-02-25T21:00:17.520+0000] {dagbag.py:538} INFO - Filling up the DagBag from /home/airflow/.local/lib/python3.8/site-packages/airflow/example_dags/example_latest_only_with_trigger.py
[2024-02-25T21:00:17.529+0000] {processor.py:840} INFO - DAG(s) 'latest_only_with_trigger' retrieved from /home/airflow/.local/lib/python3.8/site-packages/airflow/example_dags/example_latest_only_with_trigger.py
[2024-02-25T21:00:17.554+0000] {logging_mixin.py:188} INFO - [2024-02-25T21:00:17.553+0000] {dag.py:3036} INFO - Sync 1 DAGs
[2024-02-25T21:00:17.583+0000] {logging_mixin.py:188} INFO - [2024-02-25T21:00:17.583+0000] {dag.py:3823} INFO - Setting next_dagrun for latest_only_with_trigger to 2024-02-25 16:00:00+00:00, run_after=2024-02-25 20:00:00+00:00
[2024-02-25T21:00:17.613+0000] {processor.py:183} INFO - Processing /home/airflow/.local/lib/python3.8/site-packages/airflow/example_dags/example_latest_only_with_trigger.py took 0.099 seconds
[2024-02-25T21:00:48.000+0000] {processor.py:161} INFO - Started process (PID=9689) to work on /home/airflow/.local/lib/python3.8/site-packages/airflow/example_dags/example_latest_only_with_trigger.py
[2024-02-25T21:00:48.002+0000] {processor.py:830} INFO - Processing file /home/airflow/.local/lib/python3.8/site-packages/airflow/example_dags/example_latest_only_with_trigger.py for tasks to queue
[2024-02-25T21:00:48.003+0000] {logging_mixin.py:188} INFO - [2024-02-25T21:00:48.003+0000] {dagbag.py:538} INFO - Filling up the DagBag from /home/airflow/.local/lib/python3.8/site-packages/airflow/example_dags/example_latest_only_with_trigger.py
[2024-02-25T21:00:48.010+0000] {processor.py:840} INFO - DAG(s) 'latest_only_with_trigger' retrieved from /home/airflow/.local/lib/python3.8/site-packages/airflow/example_dags/example_latest_only_with_trigger.py
[2024-02-25T21:00:48.035+0000] {logging_mixin.py:188} INFO - [2024-02-25T21:00:48.035+0000] {dag.py:3036} INFO - Sync 1 DAGs
[2024-02-25T21:00:48.059+0000] {logging_mixin.py:188} INFO - [2024-02-25T21:00:48.059+0000] {dag.py:3823} INFO - Setting next_dagrun for latest_only_with_trigger to 2024-02-25 16:00:00+00:00, run_after=2024-02-25 20:00:00+00:00
[2024-02-25T21:00:48.082+0000] {processor.py:183} INFO - Processing /home/airflow/.local/lib/python3.8/site-packages/airflow/example_dags/example_latest_only_with_trigger.py took 0.085 seconds
[2024-02-25T21:01:18.846+0000] {processor.py:161} INFO - Started process (PID=9752) to work on /home/airflow/.local/lib/python3.8/site-packages/airflow/example_dags/example_latest_only_with_trigger.py
[2024-02-25T21:01:18.847+0000] {processor.py:830} INFO - Processing file /home/airflow/.local/lib/python3.8/site-packages/airflow/example_dags/example_latest_only_with_trigger.py for tasks to queue
[2024-02-25T21:01:18.848+0000] {logging_mixin.py:188} INFO - [2024-02-25T21:01:18.848+0000] {dagbag.py:538} INFO - Filling up the DagBag from /home/airflow/.local/lib/python3.8/site-packages/airflow/example_dags/example_latest_only_with_trigger.py
[2024-02-25T21:01:18.856+0000] {processor.py:840} INFO - DAG(s) 'latest_only_with_trigger' retrieved from /home/airflow/.local/lib/python3.8/site-packages/airflow/example_dags/example_latest_only_with_trigger.py
[2024-02-25T21:01:18.881+0000] {logging_mixin.py:188} INFO - [2024-02-25T21:01:18.881+0000] {dag.py:3036} INFO - Sync 1 DAGs
[2024-02-25T21:01:18.904+0000] {logging_mixin.py:188} INFO - [2024-02-25T21:01:18.904+0000] {dag.py:3823} INFO - Setting next_dagrun for latest_only_with_trigger to 2024-02-25 16:00:00+00:00, run_after=2024-02-25 20:00:00+00:00
[2024-02-25T21:01:18.926+0000] {processor.py:183} INFO - Processing /home/airflow/.local/lib/python3.8/site-packages/airflow/example_dags/example_latest_only_with_trigger.py took 0.085 seconds
[2024-02-25T21:01:49.278+0000] {processor.py:161} INFO - Started process (PID=9815) to work on /home/airflow/.local/lib/python3.8/site-packages/airflow/example_dags/example_latest_only_with_trigger.py
[2024-02-25T21:01:49.279+0000] {processor.py:830} INFO - Processing file /home/airflow/.local/lib/python3.8/site-packages/airflow/example_dags/example_latest_only_with_trigger.py for tasks to queue
[2024-02-25T21:01:49.280+0000] {logging_mixin.py:188} INFO - [2024-02-25T21:01:49.280+0000] {dagbag.py:538} INFO - Filling up the DagBag from /home/airflow/.local/lib/python3.8/site-packages/airflow/example_dags/example_latest_only_with_trigger.py
[2024-02-25T21:01:49.287+0000] {processor.py:840} INFO - DAG(s) 'latest_only_with_trigger' retrieved from /home/airflow/.local/lib/python3.8/site-packages/airflow/example_dags/example_latest_only_with_trigger.py
[2024-02-25T21:01:49.313+0000] {logging_mixin.py:188} INFO - [2024-02-25T21:01:49.313+0000] {dag.py:3036} INFO - Sync 1 DAGs
[2024-02-25T21:01:49.343+0000] {logging_mixin.py:188} INFO - [2024-02-25T21:01:49.343+0000] {dag.py:3823} INFO - Setting next_dagrun for latest_only_with_trigger to 2024-02-25 16:00:00+00:00, run_after=2024-02-25 20:00:00+00:00
[2024-02-25T21:01:49.365+0000] {processor.py:183} INFO - Processing /home/airflow/.local/lib/python3.8/site-packages/airflow/example_dags/example_latest_only_with_trigger.py took 0.091 seconds
[2024-02-25T21:02:20.141+0000] {processor.py:161} INFO - Started process (PID=9878) to work on /home/airflow/.local/lib/python3.8/site-packages/airflow/example_dags/example_latest_only_with_trigger.py
[2024-02-25T21:02:20.142+0000] {processor.py:830} INFO - Processing file /home/airflow/.local/lib/python3.8/site-packages/airflow/example_dags/example_latest_only_with_trigger.py for tasks to queue
[2024-02-25T21:02:20.143+0000] {logging_mixin.py:188} INFO - [2024-02-25T21:02:20.143+0000] {dagbag.py:538} INFO - Filling up the DagBag from /home/airflow/.local/lib/python3.8/site-packages/airflow/example_dags/example_latest_only_with_trigger.py
[2024-02-25T21:02:20.150+0000] {processor.py:840} INFO - DAG(s) 'latest_only_with_trigger' retrieved from /home/airflow/.local/lib/python3.8/site-packages/airflow/example_dags/example_latest_only_with_trigger.py
[2024-02-25T21:02:20.177+0000] {logging_mixin.py:188} INFO - [2024-02-25T21:02:20.176+0000] {dag.py:3036} INFO - Sync 1 DAGs
[2024-02-25T21:02:20.198+0000] {logging_mixin.py:188} INFO - [2024-02-25T21:02:20.197+0000] {dag.py:3823} INFO - Setting next_dagrun for latest_only_with_trigger to 2024-02-25 16:00:00+00:00, run_after=2024-02-25 20:00:00+00:00
[2024-02-25T21:02:20.221+0000] {processor.py:183} INFO - Processing /home/airflow/.local/lib/python3.8/site-packages/airflow/example_dags/example_latest_only_with_trigger.py took 0.084 seconds
[2024-02-25T21:02:51.003+0000] {processor.py:161} INFO - Started process (PID=9942) to work on /home/airflow/.local/lib/python3.8/site-packages/airflow/example_dags/example_latest_only_with_trigger.py
[2024-02-25T21:02:51.004+0000] {processor.py:830} INFO - Processing file /home/airflow/.local/lib/python3.8/site-packages/airflow/example_dags/example_latest_only_with_trigger.py for tasks to queue
[2024-02-25T21:02:51.005+0000] {logging_mixin.py:188} INFO - [2024-02-25T21:02:51.005+0000] {dagbag.py:538} INFO - Filling up the DagBag from /home/airflow/.local/lib/python3.8/site-packages/airflow/example_dags/example_latest_only_with_trigger.py
[2024-02-25T21:02:51.012+0000] {processor.py:840} INFO - DAG(s) 'latest_only_with_trigger' retrieved from /home/airflow/.local/lib/python3.8/site-packages/airflow/example_dags/example_latest_only_with_trigger.py
[2024-02-25T21:02:51.036+0000] {logging_mixin.py:188} INFO - [2024-02-25T21:02:51.035+0000] {dag.py:3036} INFO - Sync 1 DAGs
[2024-02-25T21:02:51.059+0000] {logging_mixin.py:188} INFO - [2024-02-25T21:02:51.059+0000] {dag.py:3823} INFO - Setting next_dagrun for latest_only_with_trigger to 2024-02-25 16:00:00+00:00, run_after=2024-02-25 20:00:00+00:00
[2024-02-25T21:02:51.086+0000] {processor.py:183} INFO - Processing /home/airflow/.local/lib/python3.8/site-packages/airflow/example_dags/example_latest_only_with_trigger.py took 0.087 seconds
[2024-02-25T21:03:21.471+0000] {processor.py:161} INFO - Started process (PID=10004) to work on /home/airflow/.local/lib/python3.8/site-packages/airflow/example_dags/example_latest_only_with_trigger.py
[2024-02-25T21:03:21.472+0000] {processor.py:830} INFO - Processing file /home/airflow/.local/lib/python3.8/site-packages/airflow/example_dags/example_latest_only_with_trigger.py for tasks to queue
[2024-02-25T21:03:21.473+0000] {logging_mixin.py:188} INFO - [2024-02-25T21:03:21.473+0000] {dagbag.py:538} INFO - Filling up the DagBag from /home/airflow/.local/lib/python3.8/site-packages/airflow/example_dags/example_latest_only_with_trigger.py
[2024-02-25T21:03:21.480+0000] {processor.py:840} INFO - DAG(s) 'latest_only_with_trigger' retrieved from /home/airflow/.local/lib/python3.8/site-packages/airflow/example_dags/example_latest_only_with_trigger.py
[2024-02-25T21:03:21.503+0000] {logging_mixin.py:188} INFO - [2024-02-25T21:03:21.503+0000] {dag.py:3036} INFO - Sync 1 DAGs
[2024-02-25T21:03:21.524+0000] {logging_mixin.py:188} INFO - [2024-02-25T21:03:21.524+0000] {dag.py:3823} INFO - Setting next_dagrun for latest_only_with_trigger to 2024-02-25 16:00:00+00:00, run_after=2024-02-25 20:00:00+00:00
[2024-02-25T21:03:21.549+0000] {processor.py:183} INFO - Processing /home/airflow/.local/lib/python3.8/site-packages/airflow/example_dags/example_latest_only_with_trigger.py took 0.082 seconds
[2024-02-25T21:03:52.078+0000] {processor.py:161} INFO - Started process (PID=10067) to work on /home/airflow/.local/lib/python3.8/site-packages/airflow/example_dags/example_latest_only_with_trigger.py
[2024-02-25T21:03:52.080+0000] {processor.py:830} INFO - Processing file /home/airflow/.local/lib/python3.8/site-packages/airflow/example_dags/example_latest_only_with_trigger.py for tasks to queue
[2024-02-25T21:03:52.081+0000] {logging_mixin.py:188} INFO - [2024-02-25T21:03:52.081+0000] {dagbag.py:538} INFO - Filling up the DagBag from /home/airflow/.local/lib/python3.8/site-packages/airflow/example_dags/example_latest_only_with_trigger.py
[2024-02-25T21:03:52.088+0000] {processor.py:840} INFO - DAG(s) 'latest_only_with_trigger' retrieved from /home/airflow/.local/lib/python3.8/site-packages/airflow/example_dags/example_latest_only_with_trigger.py
[2024-02-25T21:03:52.112+0000] {logging_mixin.py:188} INFO - [2024-02-25T21:03:52.112+0000] {dag.py:3036} INFO - Sync 1 DAGs
[2024-02-25T21:03:52.134+0000] {logging_mixin.py:188} INFO - [2024-02-25T21:03:52.134+0000] {dag.py:3823} INFO - Setting next_dagrun for latest_only_with_trigger to 2024-02-25 16:00:00+00:00, run_after=2024-02-25 20:00:00+00:00
[2024-02-25T21:03:52.160+0000] {processor.py:183} INFO - Processing /home/airflow/.local/lib/python3.8/site-packages/airflow/example_dags/example_latest_only_with_trigger.py took 0.085 seconds
[2024-02-25T21:04:22.512+0000] {processor.py:161} INFO - Started process (PID=10130) to work on /home/airflow/.local/lib/python3.8/site-packages/airflow/example_dags/example_latest_only_with_trigger.py
[2024-02-25T21:04:22.513+0000] {processor.py:830} INFO - Processing file /home/airflow/.local/lib/python3.8/site-packages/airflow/example_dags/example_latest_only_with_trigger.py for tasks to queue
[2024-02-25T21:04:22.514+0000] {logging_mixin.py:188} INFO - [2024-02-25T21:04:22.514+0000] {dagbag.py:538} INFO - Filling up the DagBag from /home/airflow/.local/lib/python3.8/site-packages/airflow/example_dags/example_latest_only_with_trigger.py
[2024-02-25T21:04:22.521+0000] {processor.py:840} INFO - DAG(s) 'latest_only_with_trigger' retrieved from /home/airflow/.local/lib/python3.8/site-packages/airflow/example_dags/example_latest_only_with_trigger.py
[2024-02-25T21:04:22.546+0000] {logging_mixin.py:188} INFO - [2024-02-25T21:04:22.546+0000] {dag.py:3036} INFO - Sync 1 DAGs
[2024-02-25T21:04:22.568+0000] {logging_mixin.py:188} INFO - [2024-02-25T21:04:22.567+0000] {dag.py:3823} INFO - Setting next_dagrun for latest_only_with_trigger to 2024-02-25 16:00:00+00:00, run_after=2024-02-25 20:00:00+00:00
[2024-02-25T21:04:22.592+0000] {processor.py:183} INFO - Processing /home/airflow/.local/lib/python3.8/site-packages/airflow/example_dags/example_latest_only_with_trigger.py took 0.084 seconds
[2024-02-25T21:04:52.971+0000] {processor.py:161} INFO - Started process (PID=10193) to work on /home/airflow/.local/lib/python3.8/site-packages/airflow/example_dags/example_latest_only_with_trigger.py
[2024-02-25T21:04:52.973+0000] {processor.py:830} INFO - Processing file /home/airflow/.local/lib/python3.8/site-packages/airflow/example_dags/example_latest_only_with_trigger.py for tasks to queue
[2024-02-25T21:04:52.974+0000] {logging_mixin.py:188} INFO - [2024-02-25T21:04:52.974+0000] {dagbag.py:538} INFO - Filling up the DagBag from /home/airflow/.local/lib/python3.8/site-packages/airflow/example_dags/example_latest_only_with_trigger.py
[2024-02-25T21:04:52.981+0000] {processor.py:840} INFO - DAG(s) 'latest_only_with_trigger' retrieved from /home/airflow/.local/lib/python3.8/site-packages/airflow/example_dags/example_latest_only_with_trigger.py
[2024-02-25T21:04:53.006+0000] {logging_mixin.py:188} INFO - [2024-02-25T21:04:53.006+0000] {dag.py:3036} INFO - Sync 1 DAGs
[2024-02-25T21:04:53.033+0000] {logging_mixin.py:188} INFO - [2024-02-25T21:04:53.033+0000] {dag.py:3823} INFO - Setting next_dagrun for latest_only_with_trigger to 2024-02-25 16:00:00+00:00, run_after=2024-02-25 20:00:00+00:00
[2024-02-25T21:04:53.063+0000] {processor.py:183} INFO - Processing /home/airflow/.local/lib/python3.8/site-packages/airflow/example_dags/example_latest_only_with_trigger.py took 0.096 seconds
