[2024-02-25T00:03:56.330+0000] {processor.py:161} INFO - Started process (PID=5870) to work on /home/airflow/.local/lib/python3.8/site-packages/airflow/example_dags/example_branch_labels.py
[2024-02-25T00:03:56.331+0000] {processor.py:830} INFO - Processing file /home/airflow/.local/lib/python3.8/site-packages/airflow/example_dags/example_branch_labels.py for tasks to queue
[2024-02-25T00:03:56.332+0000] {logging_mixin.py:188} INFO - [2024-02-25T00:03:56.332+0000] {dagbag.py:538} INFO - Filling up the DagBag from /home/airflow/.local/lib/python3.8/site-packages/airflow/example_dags/example_branch_labels.py
[2024-02-25T00:03:56.341+0000] {processor.py:840} INFO - DAG(s) 'example_branch_labels' retrieved from /home/airflow/.local/lib/python3.8/site-packages/airflow/example_dags/example_branch_labels.py
[2024-02-25T00:03:56.365+0000] {logging_mixin.py:188} INFO - [2024-02-25T00:03:56.365+0000] {dag.py:3036} INFO - Sync 1 DAGs
[2024-02-25T00:03:56.395+0000] {logging_mixin.py:188} INFO - [2024-02-25T00:03:56.394+0000] {dag.py:3823} INFO - Setting next_dagrun for example_branch_labels to 2024-02-24 00:00:00+00:00, run_after=2024-02-25 00:00:00+00:00
[2024-02-25T00:03:56.422+0000] {processor.py:183} INFO - Processing /home/airflow/.local/lib/python3.8/site-packages/airflow/example_dags/example_branch_labels.py took 0.097 seconds
[2024-02-25T00:04:26.610+0000] {processor.py:161} INFO - Started process (PID=5937) to work on /home/airflow/.local/lib/python3.8/site-packages/airflow/example_dags/example_branch_labels.py
[2024-02-25T00:04:26.611+0000] {processor.py:830} INFO - Processing file /home/airflow/.local/lib/python3.8/site-packages/airflow/example_dags/example_branch_labels.py for tasks to queue
[2024-02-25T00:04:26.613+0000] {logging_mixin.py:188} INFO - [2024-02-25T00:04:26.613+0000] {dagbag.py:538} INFO - Filling up the DagBag from /home/airflow/.local/lib/python3.8/site-packages/airflow/example_dags/example_branch_labels.py
[2024-02-25T00:04:26.623+0000] {processor.py:840} INFO - DAG(s) 'example_branch_labels' retrieved from /home/airflow/.local/lib/python3.8/site-packages/airflow/example_dags/example_branch_labels.py
[2024-02-25T00:04:26.648+0000] {logging_mixin.py:188} INFO - [2024-02-25T00:04:26.648+0000] {dag.py:3036} INFO - Sync 1 DAGs
[2024-02-25T00:04:26.674+0000] {logging_mixin.py:188} INFO - [2024-02-25T00:04:26.673+0000] {dag.py:3823} INFO - Setting next_dagrun for example_branch_labels to 2024-02-24 00:00:00+00:00, run_after=2024-02-25 00:00:00+00:00
[2024-02-25T00:04:26.696+0000] {processor.py:183} INFO - Processing /home/airflow/.local/lib/python3.8/site-packages/airflow/example_dags/example_branch_labels.py took 0.090 seconds
[2024-02-25T00:04:57.813+0000] {processor.py:161} INFO - Started process (PID=6000) to work on /home/airflow/.local/lib/python3.8/site-packages/airflow/example_dags/example_branch_labels.py
[2024-02-25T00:04:57.815+0000] {processor.py:830} INFO - Processing file /home/airflow/.local/lib/python3.8/site-packages/airflow/example_dags/example_branch_labels.py for tasks to queue
[2024-02-25T00:04:57.816+0000] {logging_mixin.py:188} INFO - [2024-02-25T00:04:57.815+0000] {dagbag.py:538} INFO - Filling up the DagBag from /home/airflow/.local/lib/python3.8/site-packages/airflow/example_dags/example_branch_labels.py
[2024-02-25T00:04:57.824+0000] {processor.py:840} INFO - DAG(s) 'example_branch_labels' retrieved from /home/airflow/.local/lib/python3.8/site-packages/airflow/example_dags/example_branch_labels.py
[2024-02-25T00:04:57.850+0000] {logging_mixin.py:188} INFO - [2024-02-25T00:04:57.850+0000] {dag.py:3036} INFO - Sync 1 DAGs
[2024-02-25T00:04:57.877+0000] {logging_mixin.py:188} INFO - [2024-02-25T00:04:57.876+0000] {dag.py:3823} INFO - Setting next_dagrun for example_branch_labels to 2024-02-24 00:00:00+00:00, run_after=2024-02-25 00:00:00+00:00
[2024-02-25T00:04:57.899+0000] {processor.py:183} INFO - Processing /home/airflow/.local/lib/python3.8/site-packages/airflow/example_dags/example_branch_labels.py took 0.090 seconds
[2024-02-25T00:05:28.162+0000] {processor.py:161} INFO - Started process (PID=6062) to work on /home/airflow/.local/lib/python3.8/site-packages/airflow/example_dags/example_branch_labels.py
[2024-02-25T00:05:28.164+0000] {processor.py:830} INFO - Processing file /home/airflow/.local/lib/python3.8/site-packages/airflow/example_dags/example_branch_labels.py for tasks to queue
[2024-02-25T00:05:28.166+0000] {logging_mixin.py:188} INFO - [2024-02-25T00:05:28.165+0000] {dagbag.py:538} INFO - Filling up the DagBag from /home/airflow/.local/lib/python3.8/site-packages/airflow/example_dags/example_branch_labels.py
[2024-02-25T00:05:28.174+0000] {processor.py:840} INFO - DAG(s) 'example_branch_labels' retrieved from /home/airflow/.local/lib/python3.8/site-packages/airflow/example_dags/example_branch_labels.py
[2024-02-25T00:05:28.197+0000] {logging_mixin.py:188} INFO - [2024-02-25T00:05:28.197+0000] {dag.py:3036} INFO - Sync 1 DAGs
[2024-02-25T00:05:28.221+0000] {logging_mixin.py:188} INFO - [2024-02-25T00:05:28.221+0000] {dag.py:3823} INFO - Setting next_dagrun for example_branch_labels to 2024-02-24 00:00:00+00:00, run_after=2024-02-25 00:00:00+00:00
[2024-02-25T00:05:28.244+0000] {processor.py:183} INFO - Processing /home/airflow/.local/lib/python3.8/site-packages/airflow/example_dags/example_branch_labels.py took 0.085 seconds
[2024-02-25T00:05:59.077+0000] {processor.py:161} INFO - Started process (PID=6125) to work on /home/airflow/.local/lib/python3.8/site-packages/airflow/example_dags/example_branch_labels.py
[2024-02-25T00:05:59.078+0000] {processor.py:830} INFO - Processing file /home/airflow/.local/lib/python3.8/site-packages/airflow/example_dags/example_branch_labels.py for tasks to queue
[2024-02-25T00:05:59.079+0000] {logging_mixin.py:188} INFO - [2024-02-25T00:05:59.079+0000] {dagbag.py:538} INFO - Filling up the DagBag from /home/airflow/.local/lib/python3.8/site-packages/airflow/example_dags/example_branch_labels.py
[2024-02-25T00:05:59.088+0000] {processor.py:840} INFO - DAG(s) 'example_branch_labels' retrieved from /home/airflow/.local/lib/python3.8/site-packages/airflow/example_dags/example_branch_labels.py
[2024-02-25T00:05:59.115+0000] {logging_mixin.py:188} INFO - [2024-02-25T00:05:59.114+0000] {dag.py:3036} INFO - Sync 1 DAGs
[2024-02-25T00:05:59.141+0000] {logging_mixin.py:188} INFO - [2024-02-25T00:05:59.141+0000] {dag.py:3823} INFO - Setting next_dagrun for example_branch_labels to 2024-02-24 00:00:00+00:00, run_after=2024-02-25 00:00:00+00:00
[2024-02-25T00:05:59.169+0000] {processor.py:183} INFO - Processing /home/airflow/.local/lib/python3.8/site-packages/airflow/example_dags/example_branch_labels.py took 0.096 seconds
[2024-02-25T00:06:30.040+0000] {processor.py:161} INFO - Started process (PID=6191) to work on /home/airflow/.local/lib/python3.8/site-packages/airflow/example_dags/example_branch_labels.py
[2024-02-25T00:06:30.042+0000] {processor.py:830} INFO - Processing file /home/airflow/.local/lib/python3.8/site-packages/airflow/example_dags/example_branch_labels.py for tasks to queue
[2024-02-25T00:06:30.043+0000] {logging_mixin.py:188} INFO - [2024-02-25T00:06:30.043+0000] {dagbag.py:538} INFO - Filling up the DagBag from /home/airflow/.local/lib/python3.8/site-packages/airflow/example_dags/example_branch_labels.py
[2024-02-25T00:06:30.051+0000] {processor.py:840} INFO - DAG(s) 'example_branch_labels' retrieved from /home/airflow/.local/lib/python3.8/site-packages/airflow/example_dags/example_branch_labels.py
[2024-02-25T00:06:30.075+0000] {logging_mixin.py:188} INFO - [2024-02-25T00:06:30.075+0000] {dag.py:3036} INFO - Sync 1 DAGs
[2024-02-25T00:06:30.099+0000] {logging_mixin.py:188} INFO - [2024-02-25T00:06:30.099+0000] {dag.py:3823} INFO - Setting next_dagrun for example_branch_labels to 2024-02-24 00:00:00+00:00, run_after=2024-02-25 00:00:00+00:00
[2024-02-25T00:06:30.122+0000] {processor.py:183} INFO - Processing /home/airflow/.local/lib/python3.8/site-packages/airflow/example_dags/example_branch_labels.py took 0.086 seconds
[2024-02-25T00:07:00.946+0000] {processor.py:161} INFO - Started process (PID=6254) to work on /home/airflow/.local/lib/python3.8/site-packages/airflow/example_dags/example_branch_labels.py
[2024-02-25T00:07:00.947+0000] {processor.py:830} INFO - Processing file /home/airflow/.local/lib/python3.8/site-packages/airflow/example_dags/example_branch_labels.py for tasks to queue
[2024-02-25T00:07:00.949+0000] {logging_mixin.py:188} INFO - [2024-02-25T00:07:00.948+0000] {dagbag.py:538} INFO - Filling up the DagBag from /home/airflow/.local/lib/python3.8/site-packages/airflow/example_dags/example_branch_labels.py
[2024-02-25T00:07:00.956+0000] {processor.py:840} INFO - DAG(s) 'example_branch_labels' retrieved from /home/airflow/.local/lib/python3.8/site-packages/airflow/example_dags/example_branch_labels.py
[2024-02-25T00:07:00.980+0000] {logging_mixin.py:188} INFO - [2024-02-25T00:07:00.979+0000] {dag.py:3036} INFO - Sync 1 DAGs
[2024-02-25T00:07:01.003+0000] {logging_mixin.py:188} INFO - [2024-02-25T00:07:01.002+0000] {dag.py:3823} INFO - Setting next_dagrun for example_branch_labels to 2024-02-24 00:00:00+00:00, run_after=2024-02-25 00:00:00+00:00
[2024-02-25T00:07:01.025+0000] {processor.py:183} INFO - Processing /home/airflow/.local/lib/python3.8/site-packages/airflow/example_dags/example_branch_labels.py took 0.082 seconds
[2024-02-25T00:07:31.622+0000] {processor.py:161} INFO - Started process (PID=6317) to work on /home/airflow/.local/lib/python3.8/site-packages/airflow/example_dags/example_branch_labels.py
[2024-02-25T00:07:31.623+0000] {processor.py:830} INFO - Processing file /home/airflow/.local/lib/python3.8/site-packages/airflow/example_dags/example_branch_labels.py for tasks to queue
[2024-02-25T00:07:31.625+0000] {logging_mixin.py:188} INFO - [2024-02-25T00:07:31.624+0000] {dagbag.py:538} INFO - Filling up the DagBag from /home/airflow/.local/lib/python3.8/site-packages/airflow/example_dags/example_branch_labels.py
[2024-02-25T00:07:31.633+0000] {processor.py:840} INFO - DAG(s) 'example_branch_labels' retrieved from /home/airflow/.local/lib/python3.8/site-packages/airflow/example_dags/example_branch_labels.py
[2024-02-25T00:07:31.658+0000] {logging_mixin.py:188} INFO - [2024-02-25T00:07:31.658+0000] {dag.py:3036} INFO - Sync 1 DAGs
[2024-02-25T00:07:31.682+0000] {logging_mixin.py:188} INFO - [2024-02-25T00:07:31.682+0000] {dag.py:3823} INFO - Setting next_dagrun for example_branch_labels to 2024-02-24 00:00:00+00:00, run_after=2024-02-25 00:00:00+00:00
[2024-02-25T00:07:31.706+0000] {processor.py:183} INFO - Processing /home/airflow/.local/lib/python3.8/site-packages/airflow/example_dags/example_branch_labels.py took 0.088 seconds
[2024-02-25T00:08:02.731+0000] {processor.py:161} INFO - Started process (PID=6380) to work on /home/airflow/.local/lib/python3.8/site-packages/airflow/example_dags/example_branch_labels.py
[2024-02-25T00:08:02.732+0000] {processor.py:830} INFO - Processing file /home/airflow/.local/lib/python3.8/site-packages/airflow/example_dags/example_branch_labels.py for tasks to queue
[2024-02-25T00:08:02.733+0000] {logging_mixin.py:188} INFO - [2024-02-25T00:08:02.733+0000] {dagbag.py:538} INFO - Filling up the DagBag from /home/airflow/.local/lib/python3.8/site-packages/airflow/example_dags/example_branch_labels.py
[2024-02-25T00:08:02.741+0000] {processor.py:840} INFO - DAG(s) 'example_branch_labels' retrieved from /home/airflow/.local/lib/python3.8/site-packages/airflow/example_dags/example_branch_labels.py
[2024-02-25T00:08:02.766+0000] {logging_mixin.py:188} INFO - [2024-02-25T00:08:02.765+0000] {dag.py:3036} INFO - Sync 1 DAGs
[2024-02-25T00:08:02.789+0000] {logging_mixin.py:188} INFO - [2024-02-25T00:08:02.789+0000] {dag.py:3823} INFO - Setting next_dagrun for example_branch_labels to 2024-02-24 00:00:00+00:00, run_after=2024-02-25 00:00:00+00:00
[2024-02-25T00:08:02.811+0000] {processor.py:183} INFO - Processing /home/airflow/.local/lib/python3.8/site-packages/airflow/example_dags/example_branch_labels.py took 0.084 seconds
[2024-02-25T00:08:33.386+0000] {processor.py:161} INFO - Started process (PID=6443) to work on /home/airflow/.local/lib/python3.8/site-packages/airflow/example_dags/example_branch_labels.py
[2024-02-25T00:08:33.387+0000] {processor.py:830} INFO - Processing file /home/airflow/.local/lib/python3.8/site-packages/airflow/example_dags/example_branch_labels.py for tasks to queue
[2024-02-25T00:08:33.388+0000] {logging_mixin.py:188} INFO - [2024-02-25T00:08:33.388+0000] {dagbag.py:538} INFO - Filling up the DagBag from /home/airflow/.local/lib/python3.8/site-packages/airflow/example_dags/example_branch_labels.py
[2024-02-25T00:08:33.398+0000] {processor.py:840} INFO - DAG(s) 'example_branch_labels' retrieved from /home/airflow/.local/lib/python3.8/site-packages/airflow/example_dags/example_branch_labels.py
[2024-02-25T00:08:33.424+0000] {logging_mixin.py:188} INFO - [2024-02-25T00:08:33.424+0000] {dag.py:3036} INFO - Sync 1 DAGs
[2024-02-25T00:08:33.450+0000] {logging_mixin.py:188} INFO - [2024-02-25T00:08:33.450+0000] {dag.py:3823} INFO - Setting next_dagrun for example_branch_labels to 2024-02-24 00:00:00+00:00, run_after=2024-02-25 00:00:00+00:00
[2024-02-25T00:08:33.477+0000] {processor.py:183} INFO - Processing /home/airflow/.local/lib/python3.8/site-packages/airflow/example_dags/example_branch_labels.py took 0.096 seconds
[2024-02-25T00:09:03.838+0000] {processor.py:161} INFO - Started process (PID=6504) to work on /home/airflow/.local/lib/python3.8/site-packages/airflow/example_dags/example_branch_labels.py
[2024-02-25T00:09:03.840+0000] {processor.py:830} INFO - Processing file /home/airflow/.local/lib/python3.8/site-packages/airflow/example_dags/example_branch_labels.py for tasks to queue
[2024-02-25T00:09:03.841+0000] {logging_mixin.py:188} INFO - [2024-02-25T00:09:03.840+0000] {dagbag.py:538} INFO - Filling up the DagBag from /home/airflow/.local/lib/python3.8/site-packages/airflow/example_dags/example_branch_labels.py
[2024-02-25T00:09:03.849+0000] {processor.py:840} INFO - DAG(s) 'example_branch_labels' retrieved from /home/airflow/.local/lib/python3.8/site-packages/airflow/example_dags/example_branch_labels.py
[2024-02-25T00:09:03.875+0000] {logging_mixin.py:188} INFO - [2024-02-25T00:09:03.875+0000] {dag.py:3036} INFO - Sync 1 DAGs
[2024-02-25T00:09:03.900+0000] {logging_mixin.py:188} INFO - [2024-02-25T00:09:03.900+0000] {dag.py:3823} INFO - Setting next_dagrun for example_branch_labels to 2024-02-24 00:00:00+00:00, run_after=2024-02-25 00:00:00+00:00
[2024-02-25T00:09:03.929+0000] {processor.py:183} INFO - Processing /home/airflow/.local/lib/python3.8/site-packages/airflow/example_dags/example_branch_labels.py took 0.095 seconds
[2024-02-25T18:16:20.723+0000] {processor.py:161} INFO - Started process (PID=6569) to work on /home/airflow/.local/lib/python3.8/site-packages/airflow/example_dags/example_branch_labels.py
[2024-02-25T18:16:20.725+0000] {processor.py:830} INFO - Processing file /home/airflow/.local/lib/python3.8/site-packages/airflow/example_dags/example_branch_labels.py for tasks to queue
[2024-02-25T18:16:20.728+0000] {logging_mixin.py:188} INFO - [2024-02-25T18:16:20.727+0000] {dagbag.py:538} INFO - Filling up the DagBag from /home/airflow/.local/lib/python3.8/site-packages/airflow/example_dags/example_branch_labels.py
[2024-02-25T18:16:20.739+0000] {processor.py:840} INFO - DAG(s) 'example_branch_labels' retrieved from /home/airflow/.local/lib/python3.8/site-packages/airflow/example_dags/example_branch_labels.py
[2024-02-25T18:16:20.773+0000] {logging_mixin.py:188} INFO - [2024-02-25T18:16:20.772+0000] {dag.py:3036} INFO - Sync 1 DAGs
[2024-02-25T18:16:20.829+0000] {logging_mixin.py:188} INFO - [2024-02-25T18:16:20.826+0000] {dag.py:3823} INFO - Setting next_dagrun for example_branch_labels to 2024-02-24 00:00:00+00:00, run_after=2024-02-25 00:00:00+00:00
[2024-02-25T18:16:20.877+0000] {processor.py:183} INFO - Processing /home/airflow/.local/lib/python3.8/site-packages/airflow/example_dags/example_branch_labels.py took 0.158 seconds
[2024-02-25T18:16:51.553+0000] {processor.py:161} INFO - Started process (PID=6632) to work on /home/airflow/.local/lib/python3.8/site-packages/airflow/example_dags/example_branch_labels.py
[2024-02-25T18:16:51.555+0000] {processor.py:830} INFO - Processing file /home/airflow/.local/lib/python3.8/site-packages/airflow/example_dags/example_branch_labels.py for tasks to queue
[2024-02-25T18:16:51.556+0000] {logging_mixin.py:188} INFO - [2024-02-25T18:16:51.556+0000] {dagbag.py:538} INFO - Filling up the DagBag from /home/airflow/.local/lib/python3.8/site-packages/airflow/example_dags/example_branch_labels.py
[2024-02-25T18:16:51.564+0000] {processor.py:840} INFO - DAG(s) 'example_branch_labels' retrieved from /home/airflow/.local/lib/python3.8/site-packages/airflow/example_dags/example_branch_labels.py
[2024-02-25T18:16:51.590+0000] {logging_mixin.py:188} INFO - [2024-02-25T18:16:51.589+0000] {dag.py:3036} INFO - Sync 1 DAGs
[2024-02-25T18:16:51.617+0000] {logging_mixin.py:188} INFO - [2024-02-25T18:16:51.617+0000] {dag.py:3823} INFO - Setting next_dagrun for example_branch_labels to 2024-02-24 00:00:00+00:00, run_after=2024-02-25 00:00:00+00:00
[2024-02-25T18:16:51.643+0000] {processor.py:183} INFO - Processing /home/airflow/.local/lib/python3.8/site-packages/airflow/example_dags/example_branch_labels.py took 0.095 seconds
[2024-02-25T18:17:22.262+0000] {processor.py:161} INFO - Started process (PID=6695) to work on /home/airflow/.local/lib/python3.8/site-packages/airflow/example_dags/example_branch_labels.py
[2024-02-25T18:17:22.263+0000] {processor.py:830} INFO - Processing file /home/airflow/.local/lib/python3.8/site-packages/airflow/example_dags/example_branch_labels.py for tasks to queue
[2024-02-25T18:17:22.265+0000] {logging_mixin.py:188} INFO - [2024-02-25T18:17:22.264+0000] {dagbag.py:538} INFO - Filling up the DagBag from /home/airflow/.local/lib/python3.8/site-packages/airflow/example_dags/example_branch_labels.py
[2024-02-25T18:17:22.274+0000] {processor.py:840} INFO - DAG(s) 'example_branch_labels' retrieved from /home/airflow/.local/lib/python3.8/site-packages/airflow/example_dags/example_branch_labels.py
[2024-02-25T18:17:22.303+0000] {logging_mixin.py:188} INFO - [2024-02-25T18:17:22.303+0000] {dag.py:3036} INFO - Sync 1 DAGs
[2024-02-25T18:17:22.333+0000] {logging_mixin.py:188} INFO - [2024-02-25T18:17:22.333+0000] {dag.py:3823} INFO - Setting next_dagrun for example_branch_labels to 2024-02-24 00:00:00+00:00, run_after=2024-02-25 00:00:00+00:00
[2024-02-25T18:17:22.365+0000] {processor.py:183} INFO - Processing /home/airflow/.local/lib/python3.8/site-packages/airflow/example_dags/example_branch_labels.py took 0.108 seconds
[2024-02-25T18:17:52.847+0000] {processor.py:161} INFO - Started process (PID=6756) to work on /home/airflow/.local/lib/python3.8/site-packages/airflow/example_dags/example_branch_labels.py
[2024-02-25T18:17:52.848+0000] {processor.py:830} INFO - Processing file /home/airflow/.local/lib/python3.8/site-packages/airflow/example_dags/example_branch_labels.py for tasks to queue
[2024-02-25T18:17:52.850+0000] {logging_mixin.py:188} INFO - [2024-02-25T18:17:52.849+0000] {dagbag.py:538} INFO - Filling up the DagBag from /home/airflow/.local/lib/python3.8/site-packages/airflow/example_dags/example_branch_labels.py
[2024-02-25T18:17:52.858+0000] {processor.py:840} INFO - DAG(s) 'example_branch_labels' retrieved from /home/airflow/.local/lib/python3.8/site-packages/airflow/example_dags/example_branch_labels.py
[2024-02-25T18:17:52.884+0000] {logging_mixin.py:188} INFO - [2024-02-25T18:17:52.884+0000] {dag.py:3036} INFO - Sync 1 DAGs
[2024-02-25T18:17:52.909+0000] {logging_mixin.py:188} INFO - [2024-02-25T18:17:52.909+0000] {dag.py:3823} INFO - Setting next_dagrun for example_branch_labels to 2024-02-24 00:00:00+00:00, run_after=2024-02-25 00:00:00+00:00
[2024-02-25T18:17:52.940+0000] {processor.py:183} INFO - Processing /home/airflow/.local/lib/python3.8/site-packages/airflow/example_dags/example_branch_labels.py took 0.097 seconds
[2024-02-25T18:18:23.132+0000] {processor.py:161} INFO - Started process (PID=6819) to work on /home/airflow/.local/lib/python3.8/site-packages/airflow/example_dags/example_branch_labels.py
[2024-02-25T18:18:23.133+0000] {processor.py:830} INFO - Processing file /home/airflow/.local/lib/python3.8/site-packages/airflow/example_dags/example_branch_labels.py for tasks to queue
[2024-02-25T18:18:23.134+0000] {logging_mixin.py:188} INFO - [2024-02-25T18:18:23.134+0000] {dagbag.py:538} INFO - Filling up the DagBag from /home/airflow/.local/lib/python3.8/site-packages/airflow/example_dags/example_branch_labels.py
[2024-02-25T18:18:23.142+0000] {processor.py:840} INFO - DAG(s) 'example_branch_labels' retrieved from /home/airflow/.local/lib/python3.8/site-packages/airflow/example_dags/example_branch_labels.py
[2024-02-25T18:18:23.167+0000] {logging_mixin.py:188} INFO - [2024-02-25T18:18:23.167+0000] {dag.py:3036} INFO - Sync 1 DAGs
[2024-02-25T18:18:23.190+0000] {logging_mixin.py:188} INFO - [2024-02-25T18:18:23.190+0000] {dag.py:3823} INFO - Setting next_dagrun for example_branch_labels to 2024-02-24 00:00:00+00:00, run_after=2024-02-25 00:00:00+00:00
[2024-02-25T18:18:23.217+0000] {processor.py:183} INFO - Processing /home/airflow/.local/lib/python3.8/site-packages/airflow/example_dags/example_branch_labels.py took 0.089 seconds
[2024-02-25T18:18:53.358+0000] {processor.py:161} INFO - Started process (PID=6883) to work on /home/airflow/.local/lib/python3.8/site-packages/airflow/example_dags/example_branch_labels.py
[2024-02-25T18:18:53.359+0000] {processor.py:830} INFO - Processing file /home/airflow/.local/lib/python3.8/site-packages/airflow/example_dags/example_branch_labels.py for tasks to queue
[2024-02-25T18:18:53.360+0000] {logging_mixin.py:188} INFO - [2024-02-25T18:18:53.360+0000] {dagbag.py:538} INFO - Filling up the DagBag from /home/airflow/.local/lib/python3.8/site-packages/airflow/example_dags/example_branch_labels.py
[2024-02-25T18:18:53.368+0000] {processor.py:840} INFO - DAG(s) 'example_branch_labels' retrieved from /home/airflow/.local/lib/python3.8/site-packages/airflow/example_dags/example_branch_labels.py
[2024-02-25T18:18:53.393+0000] {logging_mixin.py:188} INFO - [2024-02-25T18:18:53.393+0000] {dag.py:3036} INFO - Sync 1 DAGs
[2024-02-25T18:18:53.417+0000] {logging_mixin.py:188} INFO - [2024-02-25T18:18:53.417+0000] {dag.py:3823} INFO - Setting next_dagrun for example_branch_labels to 2024-02-24 00:00:00+00:00, run_after=2024-02-25 00:00:00+00:00
[2024-02-25T18:18:53.440+0000] {processor.py:183} INFO - Processing /home/airflow/.local/lib/python3.8/site-packages/airflow/example_dags/example_branch_labels.py took 0.087 seconds
[2024-02-25T18:19:24.224+0000] {processor.py:161} INFO - Started process (PID=6946) to work on /home/airflow/.local/lib/python3.8/site-packages/airflow/example_dags/example_branch_labels.py
[2024-02-25T18:19:24.233+0000] {processor.py:830} INFO - Processing file /home/airflow/.local/lib/python3.8/site-packages/airflow/example_dags/example_branch_labels.py for tasks to queue
[2024-02-25T18:19:24.234+0000] {logging_mixin.py:188} INFO - [2024-02-25T18:19:24.234+0000] {dagbag.py:538} INFO - Filling up the DagBag from /home/airflow/.local/lib/python3.8/site-packages/airflow/example_dags/example_branch_labels.py
[2024-02-25T18:19:24.253+0000] {processor.py:840} INFO - DAG(s) 'example_branch_labels' retrieved from /home/airflow/.local/lib/python3.8/site-packages/airflow/example_dags/example_branch_labels.py
[2024-02-25T18:19:24.299+0000] {logging_mixin.py:188} INFO - [2024-02-25T18:19:24.299+0000] {dag.py:3036} INFO - Sync 1 DAGs
[2024-02-25T18:19:24.364+0000] {logging_mixin.py:188} INFO - [2024-02-25T18:19:24.363+0000] {dag.py:3823} INFO - Setting next_dagrun for example_branch_labels to 2024-02-24 00:00:00+00:00, run_after=2024-02-25 00:00:00+00:00
[2024-02-25T18:19:24.409+0000] {processor.py:183} INFO - Processing /home/airflow/.local/lib/python3.8/site-packages/airflow/example_dags/example_branch_labels.py took 0.190 seconds
[2024-02-25T18:19:55.158+0000] {processor.py:161} INFO - Started process (PID=7008) to work on /home/airflow/.local/lib/python3.8/site-packages/airflow/example_dags/example_branch_labels.py
[2024-02-25T18:19:55.159+0000] {processor.py:830} INFO - Processing file /home/airflow/.local/lib/python3.8/site-packages/airflow/example_dags/example_branch_labels.py for tasks to queue
[2024-02-25T18:19:55.160+0000] {logging_mixin.py:188} INFO - [2024-02-25T18:19:55.160+0000] {dagbag.py:538} INFO - Filling up the DagBag from /home/airflow/.local/lib/python3.8/site-packages/airflow/example_dags/example_branch_labels.py
[2024-02-25T18:19:55.168+0000] {processor.py:840} INFO - DAG(s) 'example_branch_labels' retrieved from /home/airflow/.local/lib/python3.8/site-packages/airflow/example_dags/example_branch_labels.py
[2024-02-25T18:19:55.193+0000] {logging_mixin.py:188} INFO - [2024-02-25T18:19:55.193+0000] {dag.py:3036} INFO - Sync 1 DAGs
[2024-02-25T18:19:55.217+0000] {logging_mixin.py:188} INFO - [2024-02-25T18:19:55.216+0000] {dag.py:3823} INFO - Setting next_dagrun for example_branch_labels to 2024-02-24 00:00:00+00:00, run_after=2024-02-25 00:00:00+00:00
[2024-02-25T18:19:55.240+0000] {processor.py:183} INFO - Processing /home/airflow/.local/lib/python3.8/site-packages/airflow/example_dags/example_branch_labels.py took 0.086 seconds
[2024-02-25T18:20:26.178+0000] {processor.py:161} INFO - Started process (PID=7071) to work on /home/airflow/.local/lib/python3.8/site-packages/airflow/example_dags/example_branch_labels.py
[2024-02-25T18:20:26.180+0000] {processor.py:830} INFO - Processing file /home/airflow/.local/lib/python3.8/site-packages/airflow/example_dags/example_branch_labels.py for tasks to queue
[2024-02-25T18:20:26.181+0000] {logging_mixin.py:188} INFO - [2024-02-25T18:20:26.181+0000] {dagbag.py:538} INFO - Filling up the DagBag from /home/airflow/.local/lib/python3.8/site-packages/airflow/example_dags/example_branch_labels.py
[2024-02-25T18:20:26.190+0000] {processor.py:840} INFO - DAG(s) 'example_branch_labels' retrieved from /home/airflow/.local/lib/python3.8/site-packages/airflow/example_dags/example_branch_labels.py
[2024-02-25T18:20:26.214+0000] {logging_mixin.py:188} INFO - [2024-02-25T18:20:26.213+0000] {dag.py:3036} INFO - Sync 1 DAGs
[2024-02-25T18:20:26.238+0000] {logging_mixin.py:188} INFO - [2024-02-25T18:20:26.237+0000] {dag.py:3823} INFO - Setting next_dagrun for example_branch_labels to 2024-02-24 00:00:00+00:00, run_after=2024-02-25 00:00:00+00:00
[2024-02-25T18:20:26.276+0000] {processor.py:183} INFO - Processing /home/airflow/.local/lib/python3.8/site-packages/airflow/example_dags/example_branch_labels.py took 0.102 seconds
[2024-02-25T18:20:57.056+0000] {processor.py:161} INFO - Started process (PID=7134) to work on /home/airflow/.local/lib/python3.8/site-packages/airflow/example_dags/example_branch_labels.py
[2024-02-25T18:20:57.057+0000] {processor.py:830} INFO - Processing file /home/airflow/.local/lib/python3.8/site-packages/airflow/example_dags/example_branch_labels.py for tasks to queue
[2024-02-25T18:20:57.058+0000] {logging_mixin.py:188} INFO - [2024-02-25T18:20:57.058+0000] {dagbag.py:538} INFO - Filling up the DagBag from /home/airflow/.local/lib/python3.8/site-packages/airflow/example_dags/example_branch_labels.py
[2024-02-25T18:20:57.067+0000] {processor.py:840} INFO - DAG(s) 'example_branch_labels' retrieved from /home/airflow/.local/lib/python3.8/site-packages/airflow/example_dags/example_branch_labels.py
[2024-02-25T18:20:57.093+0000] {logging_mixin.py:188} INFO - [2024-02-25T18:20:57.093+0000] {dag.py:3036} INFO - Sync 1 DAGs
[2024-02-25T18:20:57.119+0000] {logging_mixin.py:188} INFO - [2024-02-25T18:20:57.119+0000] {dag.py:3823} INFO - Setting next_dagrun for example_branch_labels to 2024-02-24 00:00:00+00:00, run_after=2024-02-25 00:00:00+00:00
[2024-02-25T18:20:57.141+0000] {processor.py:183} INFO - Processing /home/airflow/.local/lib/python3.8/site-packages/airflow/example_dags/example_branch_labels.py took 0.089 seconds
[2024-02-25T18:21:27.833+0000] {processor.py:161} INFO - Started process (PID=7204) to work on /home/airflow/.local/lib/python3.8/site-packages/airflow/example_dags/example_branch_labels.py
[2024-02-25T18:21:27.834+0000] {processor.py:830} INFO - Processing file /home/airflow/.local/lib/python3.8/site-packages/airflow/example_dags/example_branch_labels.py for tasks to queue
[2024-02-25T18:21:27.835+0000] {logging_mixin.py:188} INFO - [2024-02-25T18:21:27.835+0000] {dagbag.py:538} INFO - Filling up the DagBag from /home/airflow/.local/lib/python3.8/site-packages/airflow/example_dags/example_branch_labels.py
[2024-02-25T18:21:27.843+0000] {processor.py:840} INFO - DAG(s) 'example_branch_labels' retrieved from /home/airflow/.local/lib/python3.8/site-packages/airflow/example_dags/example_branch_labels.py
[2024-02-25T18:21:27.867+0000] {logging_mixin.py:188} INFO - [2024-02-25T18:21:27.867+0000] {dag.py:3036} INFO - Sync 1 DAGs
[2024-02-25T18:21:27.890+0000] {logging_mixin.py:188} INFO - [2024-02-25T18:21:27.890+0000] {dag.py:3823} INFO - Setting next_dagrun for example_branch_labels to 2024-02-24 00:00:00+00:00, run_after=2024-02-25 00:00:00+00:00
[2024-02-25T18:21:27.914+0000] {processor.py:183} INFO - Processing /home/airflow/.local/lib/python3.8/site-packages/airflow/example_dags/example_branch_labels.py took 0.085 seconds
[2024-02-25T18:21:58.327+0000] {processor.py:161} INFO - Started process (PID=7265) to work on /home/airflow/.local/lib/python3.8/site-packages/airflow/example_dags/example_branch_labels.py
[2024-02-25T18:21:58.329+0000] {processor.py:830} INFO - Processing file /home/airflow/.local/lib/python3.8/site-packages/airflow/example_dags/example_branch_labels.py for tasks to queue
[2024-02-25T18:21:58.330+0000] {logging_mixin.py:188} INFO - [2024-02-25T18:21:58.330+0000] {dagbag.py:538} INFO - Filling up the DagBag from /home/airflow/.local/lib/python3.8/site-packages/airflow/example_dags/example_branch_labels.py
[2024-02-25T18:21:58.341+0000] {processor.py:840} INFO - DAG(s) 'example_branch_labels' retrieved from /home/airflow/.local/lib/python3.8/site-packages/airflow/example_dags/example_branch_labels.py
[2024-02-25T18:21:58.366+0000] {logging_mixin.py:188} INFO - [2024-02-25T18:21:58.365+0000] {dag.py:3036} INFO - Sync 1 DAGs
[2024-02-25T18:21:58.390+0000] {logging_mixin.py:188} INFO - [2024-02-25T18:21:58.390+0000] {dag.py:3823} INFO - Setting next_dagrun for example_branch_labels to 2024-02-24 00:00:00+00:00, run_after=2024-02-25 00:00:00+00:00
[2024-02-25T18:21:58.414+0000] {processor.py:183} INFO - Processing /home/airflow/.local/lib/python3.8/site-packages/airflow/example_dags/example_branch_labels.py took 0.090 seconds
[2024-02-25T18:22:28.620+0000] {processor.py:161} INFO - Started process (PID=7328) to work on /home/airflow/.local/lib/python3.8/site-packages/airflow/example_dags/example_branch_labels.py
[2024-02-25T18:22:28.621+0000] {processor.py:830} INFO - Processing file /home/airflow/.local/lib/python3.8/site-packages/airflow/example_dags/example_branch_labels.py for tasks to queue
[2024-02-25T18:22:28.623+0000] {logging_mixin.py:188} INFO - [2024-02-25T18:22:28.622+0000] {dagbag.py:538} INFO - Filling up the DagBag from /home/airflow/.local/lib/python3.8/site-packages/airflow/example_dags/example_branch_labels.py
[2024-02-25T18:22:28.631+0000] {processor.py:840} INFO - DAG(s) 'example_branch_labels' retrieved from /home/airflow/.local/lib/python3.8/site-packages/airflow/example_dags/example_branch_labels.py
[2024-02-25T18:22:28.657+0000] {logging_mixin.py:188} INFO - [2024-02-25T18:22:28.657+0000] {dag.py:3036} INFO - Sync 1 DAGs
[2024-02-25T18:22:28.681+0000] {logging_mixin.py:188} INFO - [2024-02-25T18:22:28.681+0000] {dag.py:3823} INFO - Setting next_dagrun for example_branch_labels to 2024-02-24 00:00:00+00:00, run_after=2024-02-25 00:00:00+00:00
[2024-02-25T18:22:28.707+0000] {processor.py:183} INFO - Processing /home/airflow/.local/lib/python3.8/site-packages/airflow/example_dags/example_branch_labels.py took 0.094 seconds
[2024-02-25T18:22:58.882+0000] {processor.py:161} INFO - Started process (PID=7391) to work on /home/airflow/.local/lib/python3.8/site-packages/airflow/example_dags/example_branch_labels.py
[2024-02-25T18:22:58.883+0000] {processor.py:830} INFO - Processing file /home/airflow/.local/lib/python3.8/site-packages/airflow/example_dags/example_branch_labels.py for tasks to queue
[2024-02-25T18:22:58.885+0000] {logging_mixin.py:188} INFO - [2024-02-25T18:22:58.884+0000] {dagbag.py:538} INFO - Filling up the DagBag from /home/airflow/.local/lib/python3.8/site-packages/airflow/example_dags/example_branch_labels.py
[2024-02-25T18:22:58.893+0000] {processor.py:840} INFO - DAG(s) 'example_branch_labels' retrieved from /home/airflow/.local/lib/python3.8/site-packages/airflow/example_dags/example_branch_labels.py
[2024-02-25T18:22:58.918+0000] {logging_mixin.py:188} INFO - [2024-02-25T18:22:58.918+0000] {dag.py:3036} INFO - Sync 1 DAGs
[2024-02-25T18:22:58.943+0000] {logging_mixin.py:188} INFO - [2024-02-25T18:22:58.942+0000] {dag.py:3823} INFO - Setting next_dagrun for example_branch_labels to 2024-02-24 00:00:00+00:00, run_after=2024-02-25 00:00:00+00:00
[2024-02-25T18:22:58.968+0000] {processor.py:183} INFO - Processing /home/airflow/.local/lib/python3.8/site-packages/airflow/example_dags/example_branch_labels.py took 0.091 seconds
[2024-02-25T18:23:29.821+0000] {processor.py:161} INFO - Started process (PID=7454) to work on /home/airflow/.local/lib/python3.8/site-packages/airflow/example_dags/example_branch_labels.py
[2024-02-25T18:23:29.823+0000] {processor.py:830} INFO - Processing file /home/airflow/.local/lib/python3.8/site-packages/airflow/example_dags/example_branch_labels.py for tasks to queue
[2024-02-25T18:23:29.824+0000] {logging_mixin.py:188} INFO - [2024-02-25T18:23:29.823+0000] {dagbag.py:538} INFO - Filling up the DagBag from /home/airflow/.local/lib/python3.8/site-packages/airflow/example_dags/example_branch_labels.py
[2024-02-25T18:23:29.832+0000] {processor.py:840} INFO - DAG(s) 'example_branch_labels' retrieved from /home/airflow/.local/lib/python3.8/site-packages/airflow/example_dags/example_branch_labels.py
[2024-02-25T18:23:29.859+0000] {logging_mixin.py:188} INFO - [2024-02-25T18:23:29.859+0000] {dag.py:3036} INFO - Sync 1 DAGs
[2024-02-25T18:23:29.885+0000] {logging_mixin.py:188} INFO - [2024-02-25T18:23:29.885+0000] {dag.py:3823} INFO - Setting next_dagrun for example_branch_labels to 2024-02-24 00:00:00+00:00, run_after=2024-02-25 00:00:00+00:00
[2024-02-25T18:23:29.930+0000] {processor.py:183} INFO - Processing /home/airflow/.local/lib/python3.8/site-packages/airflow/example_dags/example_branch_labels.py took 0.114 seconds
[2024-02-25T18:24:00.095+0000] {processor.py:161} INFO - Started process (PID=7511) to work on /home/airflow/.local/lib/python3.8/site-packages/airflow/example_dags/example_branch_labels.py
[2024-02-25T18:24:00.096+0000] {processor.py:830} INFO - Processing file /home/airflow/.local/lib/python3.8/site-packages/airflow/example_dags/example_branch_labels.py for tasks to queue
[2024-02-25T18:24:00.097+0000] {logging_mixin.py:188} INFO - [2024-02-25T18:24:00.097+0000] {dagbag.py:538} INFO - Filling up the DagBag from /home/airflow/.local/lib/python3.8/site-packages/airflow/example_dags/example_branch_labels.py
[2024-02-25T18:24:00.106+0000] {processor.py:840} INFO - DAG(s) 'example_branch_labels' retrieved from /home/airflow/.local/lib/python3.8/site-packages/airflow/example_dags/example_branch_labels.py
[2024-02-25T18:24:00.132+0000] {logging_mixin.py:188} INFO - [2024-02-25T18:24:00.132+0000] {dag.py:3036} INFO - Sync 1 DAGs
[2024-02-25T18:24:00.159+0000] {logging_mixin.py:188} INFO - [2024-02-25T18:24:00.159+0000] {dag.py:3823} INFO - Setting next_dagrun for example_branch_labels to 2024-02-24 00:00:00+00:00, run_after=2024-02-25 00:00:00+00:00
[2024-02-25T18:24:00.183+0000] {processor.py:183} INFO - Processing /home/airflow/.local/lib/python3.8/site-packages/airflow/example_dags/example_branch_labels.py took 0.092 seconds
[2024-02-25T18:24:30.514+0000] {processor.py:161} INFO - Started process (PID=7574) to work on /home/airflow/.local/lib/python3.8/site-packages/airflow/example_dags/example_branch_labels.py
[2024-02-25T18:24:30.515+0000] {processor.py:830} INFO - Processing file /home/airflow/.local/lib/python3.8/site-packages/airflow/example_dags/example_branch_labels.py for tasks to queue
[2024-02-25T18:24:30.516+0000] {logging_mixin.py:188} INFO - [2024-02-25T18:24:30.516+0000] {dagbag.py:538} INFO - Filling up the DagBag from /home/airflow/.local/lib/python3.8/site-packages/airflow/example_dags/example_branch_labels.py
[2024-02-25T18:24:30.524+0000] {processor.py:840} INFO - DAG(s) 'example_branch_labels' retrieved from /home/airflow/.local/lib/python3.8/site-packages/airflow/example_dags/example_branch_labels.py
[2024-02-25T18:24:30.550+0000] {logging_mixin.py:188} INFO - [2024-02-25T18:24:30.550+0000] {dag.py:3036} INFO - Sync 1 DAGs
[2024-02-25T18:24:30.575+0000] {logging_mixin.py:188} INFO - [2024-02-25T18:24:30.575+0000] {dag.py:3823} INFO - Setting next_dagrun for example_branch_labels to 2024-02-24 00:00:00+00:00, run_after=2024-02-25 00:00:00+00:00
[2024-02-25T18:24:30.603+0000] {processor.py:183} INFO - Processing /home/airflow/.local/lib/python3.8/site-packages/airflow/example_dags/example_branch_labels.py took 0.092 seconds
[2024-02-25T18:25:01.200+0000] {processor.py:161} INFO - Started process (PID=7637) to work on /home/airflow/.local/lib/python3.8/site-packages/airflow/example_dags/example_branch_labels.py
[2024-02-25T18:25:01.201+0000] {processor.py:830} INFO - Processing file /home/airflow/.local/lib/python3.8/site-packages/airflow/example_dags/example_branch_labels.py for tasks to queue
[2024-02-25T18:25:01.202+0000] {logging_mixin.py:188} INFO - [2024-02-25T18:25:01.202+0000] {dagbag.py:538} INFO - Filling up the DagBag from /home/airflow/.local/lib/python3.8/site-packages/airflow/example_dags/example_branch_labels.py
[2024-02-25T18:25:01.211+0000] {processor.py:840} INFO - DAG(s) 'example_branch_labels' retrieved from /home/airflow/.local/lib/python3.8/site-packages/airflow/example_dags/example_branch_labels.py
[2024-02-25T18:25:01.235+0000] {logging_mixin.py:188} INFO - [2024-02-25T18:25:01.235+0000] {dag.py:3036} INFO - Sync 1 DAGs
[2024-02-25T18:25:01.258+0000] {logging_mixin.py:188} INFO - [2024-02-25T18:25:01.258+0000] {dag.py:3823} INFO - Setting next_dagrun for example_branch_labels to 2024-02-24 00:00:00+00:00, run_after=2024-02-25 00:00:00+00:00
[2024-02-25T18:25:01.282+0000] {processor.py:183} INFO - Processing /home/airflow/.local/lib/python3.8/site-packages/airflow/example_dags/example_branch_labels.py took 0.086 seconds
[2024-02-25T18:25:32.631+0000] {processor.py:161} INFO - Started process (PID=7700) to work on /home/airflow/.local/lib/python3.8/site-packages/airflow/example_dags/example_branch_labels.py
[2024-02-25T18:25:32.633+0000] {processor.py:830} INFO - Processing file /home/airflow/.local/lib/python3.8/site-packages/airflow/example_dags/example_branch_labels.py for tasks to queue
[2024-02-25T18:25:32.634+0000] {logging_mixin.py:188} INFO - [2024-02-25T18:25:32.633+0000] {dagbag.py:538} INFO - Filling up the DagBag from /home/airflow/.local/lib/python3.8/site-packages/airflow/example_dags/example_branch_labels.py
[2024-02-25T18:25:32.642+0000] {processor.py:840} INFO - DAG(s) 'example_branch_labels' retrieved from /home/airflow/.local/lib/python3.8/site-packages/airflow/example_dags/example_branch_labels.py
[2024-02-25T18:25:32.666+0000] {logging_mixin.py:188} INFO - [2024-02-25T18:25:32.666+0000] {dag.py:3036} INFO - Sync 1 DAGs
[2024-02-25T18:25:32.692+0000] {logging_mixin.py:188} INFO - [2024-02-25T18:25:32.692+0000] {dag.py:3823} INFO - Setting next_dagrun for example_branch_labels to 2024-02-24 00:00:00+00:00, run_after=2024-02-25 00:00:00+00:00
[2024-02-25T18:25:32.718+0000] {processor.py:183} INFO - Processing /home/airflow/.local/lib/python3.8/site-packages/airflow/example_dags/example_branch_labels.py took 0.091 seconds
[2024-02-25T18:26:04.171+0000] {processor.py:161} INFO - Started process (PID=7763) to work on /home/airflow/.local/lib/python3.8/site-packages/airflow/example_dags/example_branch_labels.py
[2024-02-25T18:26:04.172+0000] {processor.py:830} INFO - Processing file /home/airflow/.local/lib/python3.8/site-packages/airflow/example_dags/example_branch_labels.py for tasks to queue
[2024-02-25T18:26:04.173+0000] {logging_mixin.py:188} INFO - [2024-02-25T18:26:04.173+0000] {dagbag.py:538} INFO - Filling up the DagBag from /home/airflow/.local/lib/python3.8/site-packages/airflow/example_dags/example_branch_labels.py
[2024-02-25T18:26:04.181+0000] {processor.py:840} INFO - DAG(s) 'example_branch_labels' retrieved from /home/airflow/.local/lib/python3.8/site-packages/airflow/example_dags/example_branch_labels.py
[2024-02-25T18:26:04.204+0000] {logging_mixin.py:188} INFO - [2024-02-25T18:26:04.204+0000] {dag.py:3036} INFO - Sync 1 DAGs
[2024-02-25T18:26:04.227+0000] {logging_mixin.py:188} INFO - [2024-02-25T18:26:04.227+0000] {dag.py:3823} INFO - Setting next_dagrun for example_branch_labels to 2024-02-24 00:00:00+00:00, run_after=2024-02-25 00:00:00+00:00
[2024-02-25T18:26:04.250+0000] {processor.py:183} INFO - Processing /home/airflow/.local/lib/python3.8/site-packages/airflow/example_dags/example_branch_labels.py took 0.084 seconds
[2024-02-25T18:26:34.959+0000] {processor.py:161} INFO - Started process (PID=7826) to work on /home/airflow/.local/lib/python3.8/site-packages/airflow/example_dags/example_branch_labels.py
[2024-02-25T18:26:34.960+0000] {processor.py:830} INFO - Processing file /home/airflow/.local/lib/python3.8/site-packages/airflow/example_dags/example_branch_labels.py for tasks to queue
[2024-02-25T18:26:34.961+0000] {logging_mixin.py:188} INFO - [2024-02-25T18:26:34.961+0000] {dagbag.py:538} INFO - Filling up the DagBag from /home/airflow/.local/lib/python3.8/site-packages/airflow/example_dags/example_branch_labels.py
[2024-02-25T18:26:34.969+0000] {processor.py:840} INFO - DAG(s) 'example_branch_labels' retrieved from /home/airflow/.local/lib/python3.8/site-packages/airflow/example_dags/example_branch_labels.py
[2024-02-25T18:26:34.995+0000] {logging_mixin.py:188} INFO - [2024-02-25T18:26:34.995+0000] {dag.py:3036} INFO - Sync 1 DAGs
[2024-02-25T18:26:35.019+0000] {logging_mixin.py:188} INFO - [2024-02-25T18:26:35.019+0000] {dag.py:3823} INFO - Setting next_dagrun for example_branch_labels to 2024-02-24 00:00:00+00:00, run_after=2024-02-25 00:00:00+00:00
[2024-02-25T18:26:35.054+0000] {processor.py:183} INFO - Processing /home/airflow/.local/lib/python3.8/site-packages/airflow/example_dags/example_branch_labels.py took 0.099 seconds
[2024-02-25T18:27:05.760+0000] {processor.py:161} INFO - Started process (PID=7890) to work on /home/airflow/.local/lib/python3.8/site-packages/airflow/example_dags/example_branch_labels.py
[2024-02-25T18:27:05.761+0000] {processor.py:830} INFO - Processing file /home/airflow/.local/lib/python3.8/site-packages/airflow/example_dags/example_branch_labels.py for tasks to queue
[2024-02-25T18:27:05.762+0000] {logging_mixin.py:188} INFO - [2024-02-25T18:27:05.762+0000] {dagbag.py:538} INFO - Filling up the DagBag from /home/airflow/.local/lib/python3.8/site-packages/airflow/example_dags/example_branch_labels.py
[2024-02-25T18:27:05.771+0000] {processor.py:840} INFO - DAG(s) 'example_branch_labels' retrieved from /home/airflow/.local/lib/python3.8/site-packages/airflow/example_dags/example_branch_labels.py
[2024-02-25T18:27:05.797+0000] {logging_mixin.py:188} INFO - [2024-02-25T18:27:05.797+0000] {dag.py:3036} INFO - Sync 1 DAGs
[2024-02-25T18:27:05.821+0000] {logging_mixin.py:188} INFO - [2024-02-25T18:27:05.821+0000] {dag.py:3823} INFO - Setting next_dagrun for example_branch_labels to 2024-02-24 00:00:00+00:00, run_after=2024-02-25 00:00:00+00:00
[2024-02-25T18:27:05.844+0000] {processor.py:183} INFO - Processing /home/airflow/.local/lib/python3.8/site-packages/airflow/example_dags/example_branch_labels.py took 0.088 seconds
[2024-02-25T18:27:36.917+0000] {processor.py:161} INFO - Started process (PID=7953) to work on /home/airflow/.local/lib/python3.8/site-packages/airflow/example_dags/example_branch_labels.py
[2024-02-25T18:27:36.919+0000] {processor.py:830} INFO - Processing file /home/airflow/.local/lib/python3.8/site-packages/airflow/example_dags/example_branch_labels.py for tasks to queue
[2024-02-25T18:27:36.920+0000] {logging_mixin.py:188} INFO - [2024-02-25T18:27:36.920+0000] {dagbag.py:538} INFO - Filling up the DagBag from /home/airflow/.local/lib/python3.8/site-packages/airflow/example_dags/example_branch_labels.py
[2024-02-25T18:27:36.928+0000] {processor.py:840} INFO - DAG(s) 'example_branch_labels' retrieved from /home/airflow/.local/lib/python3.8/site-packages/airflow/example_dags/example_branch_labels.py
[2024-02-25T18:27:36.953+0000] {logging_mixin.py:188} INFO - [2024-02-25T18:27:36.953+0000] {dag.py:3036} INFO - Sync 1 DAGs
[2024-02-25T18:27:36.976+0000] {logging_mixin.py:188} INFO - [2024-02-25T18:27:36.976+0000] {dag.py:3823} INFO - Setting next_dagrun for example_branch_labels to 2024-02-24 00:00:00+00:00, run_after=2024-02-25 00:00:00+00:00
[2024-02-25T18:27:37.001+0000] {processor.py:183} INFO - Processing /home/airflow/.local/lib/python3.8/site-packages/airflow/example_dags/example_branch_labels.py took 0.087 seconds
[2024-02-25T18:28:07.792+0000] {processor.py:161} INFO - Started process (PID=8016) to work on /home/airflow/.local/lib/python3.8/site-packages/airflow/example_dags/example_branch_labels.py
[2024-02-25T18:28:07.794+0000] {processor.py:830} INFO - Processing file /home/airflow/.local/lib/python3.8/site-packages/airflow/example_dags/example_branch_labels.py for tasks to queue
[2024-02-25T18:28:07.795+0000] {logging_mixin.py:188} INFO - [2024-02-25T18:28:07.794+0000] {dagbag.py:538} INFO - Filling up the DagBag from /home/airflow/.local/lib/python3.8/site-packages/airflow/example_dags/example_branch_labels.py
[2024-02-25T18:28:07.803+0000] {processor.py:840} INFO - DAG(s) 'example_branch_labels' retrieved from /home/airflow/.local/lib/python3.8/site-packages/airflow/example_dags/example_branch_labels.py
[2024-02-25T18:28:07.827+0000] {logging_mixin.py:188} INFO - [2024-02-25T18:28:07.827+0000] {dag.py:3036} INFO - Sync 1 DAGs
[2024-02-25T18:28:07.851+0000] {logging_mixin.py:188} INFO - [2024-02-25T18:28:07.850+0000] {dag.py:3823} INFO - Setting next_dagrun for example_branch_labels to 2024-02-24 00:00:00+00:00, run_after=2024-02-25 00:00:00+00:00
[2024-02-25T18:28:07.872+0000] {processor.py:183} INFO - Processing /home/airflow/.local/lib/python3.8/site-packages/airflow/example_dags/example_branch_labels.py took 0.084 seconds
[2024-02-25T18:28:38.699+0000] {processor.py:161} INFO - Started process (PID=8079) to work on /home/airflow/.local/lib/python3.8/site-packages/airflow/example_dags/example_branch_labels.py
[2024-02-25T18:28:38.700+0000] {processor.py:830} INFO - Processing file /home/airflow/.local/lib/python3.8/site-packages/airflow/example_dags/example_branch_labels.py for tasks to queue
[2024-02-25T18:28:38.701+0000] {logging_mixin.py:188} INFO - [2024-02-25T18:28:38.701+0000] {dagbag.py:538} INFO - Filling up the DagBag from /home/airflow/.local/lib/python3.8/site-packages/airflow/example_dags/example_branch_labels.py
[2024-02-25T18:28:38.711+0000] {processor.py:840} INFO - DAG(s) 'example_branch_labels' retrieved from /home/airflow/.local/lib/python3.8/site-packages/airflow/example_dags/example_branch_labels.py
[2024-02-25T18:28:38.735+0000] {logging_mixin.py:188} INFO - [2024-02-25T18:28:38.735+0000] {dag.py:3036} INFO - Sync 1 DAGs
[2024-02-25T18:28:38.758+0000] {logging_mixin.py:188} INFO - [2024-02-25T18:28:38.758+0000] {dag.py:3823} INFO - Setting next_dagrun for example_branch_labels to 2024-02-24 00:00:00+00:00, run_after=2024-02-25 00:00:00+00:00
[2024-02-25T18:28:38.781+0000] {processor.py:183} INFO - Processing /home/airflow/.local/lib/python3.8/site-packages/airflow/example_dags/example_branch_labels.py took 0.086 seconds
[2024-02-25T18:29:09.452+0000] {processor.py:161} INFO - Started process (PID=8141) to work on /home/airflow/.local/lib/python3.8/site-packages/airflow/example_dags/example_branch_labels.py
[2024-02-25T18:29:09.453+0000] {processor.py:830} INFO - Processing file /home/airflow/.local/lib/python3.8/site-packages/airflow/example_dags/example_branch_labels.py for tasks to queue
[2024-02-25T18:29:09.454+0000] {logging_mixin.py:188} INFO - [2024-02-25T18:29:09.454+0000] {dagbag.py:538} INFO - Filling up the DagBag from /home/airflow/.local/lib/python3.8/site-packages/airflow/example_dags/example_branch_labels.py
[2024-02-25T18:29:09.462+0000] {processor.py:840} INFO - DAG(s) 'example_branch_labels' retrieved from /home/airflow/.local/lib/python3.8/site-packages/airflow/example_dags/example_branch_labels.py
[2024-02-25T18:29:09.489+0000] {logging_mixin.py:188} INFO - [2024-02-25T18:29:09.488+0000] {dag.py:3036} INFO - Sync 1 DAGs
[2024-02-25T18:29:09.512+0000] {logging_mixin.py:188} INFO - [2024-02-25T18:29:09.511+0000] {dag.py:3823} INFO - Setting next_dagrun for example_branch_labels to 2024-02-24 00:00:00+00:00, run_after=2024-02-25 00:00:00+00:00
[2024-02-25T18:29:09.536+0000] {processor.py:183} INFO - Processing /home/airflow/.local/lib/python3.8/site-packages/airflow/example_dags/example_branch_labels.py took 0.088 seconds
[2024-02-25T18:29:40.207+0000] {processor.py:161} INFO - Started process (PID=8204) to work on /home/airflow/.local/lib/python3.8/site-packages/airflow/example_dags/example_branch_labels.py
[2024-02-25T18:29:40.208+0000] {processor.py:830} INFO - Processing file /home/airflow/.local/lib/python3.8/site-packages/airflow/example_dags/example_branch_labels.py for tasks to queue
[2024-02-25T18:29:40.210+0000] {logging_mixin.py:188} INFO - [2024-02-25T18:29:40.209+0000] {dagbag.py:538} INFO - Filling up the DagBag from /home/airflow/.local/lib/python3.8/site-packages/airflow/example_dags/example_branch_labels.py
[2024-02-25T18:29:40.218+0000] {processor.py:840} INFO - DAG(s) 'example_branch_labels' retrieved from /home/airflow/.local/lib/python3.8/site-packages/airflow/example_dags/example_branch_labels.py
[2024-02-25T18:29:40.244+0000] {logging_mixin.py:188} INFO - [2024-02-25T18:29:40.244+0000] {dag.py:3036} INFO - Sync 1 DAGs
[2024-02-25T18:29:40.273+0000] {logging_mixin.py:188} INFO - [2024-02-25T18:29:40.272+0000] {dag.py:3823} INFO - Setting next_dagrun for example_branch_labels to 2024-02-24 00:00:00+00:00, run_after=2024-02-25 00:00:00+00:00
[2024-02-25T18:29:40.302+0000] {processor.py:183} INFO - Processing /home/airflow/.local/lib/python3.8/site-packages/airflow/example_dags/example_branch_labels.py took 0.099 seconds
[2024-02-25T18:30:10.920+0000] {processor.py:161} INFO - Started process (PID=8267) to work on /home/airflow/.local/lib/python3.8/site-packages/airflow/example_dags/example_branch_labels.py
[2024-02-25T18:30:10.922+0000] {processor.py:830} INFO - Processing file /home/airflow/.local/lib/python3.8/site-packages/airflow/example_dags/example_branch_labels.py for tasks to queue
[2024-02-25T18:30:10.923+0000] {logging_mixin.py:188} INFO - [2024-02-25T18:30:10.922+0000] {dagbag.py:538} INFO - Filling up the DagBag from /home/airflow/.local/lib/python3.8/site-packages/airflow/example_dags/example_branch_labels.py
[2024-02-25T18:30:10.931+0000] {processor.py:840} INFO - DAG(s) 'example_branch_labels' retrieved from /home/airflow/.local/lib/python3.8/site-packages/airflow/example_dags/example_branch_labels.py
[2024-02-25T18:30:10.957+0000] {logging_mixin.py:188} INFO - [2024-02-25T18:30:10.956+0000] {dag.py:3036} INFO - Sync 1 DAGs
[2024-02-25T18:30:10.981+0000] {logging_mixin.py:188} INFO - [2024-02-25T18:30:10.981+0000] {dag.py:3823} INFO - Setting next_dagrun for example_branch_labels to 2024-02-24 00:00:00+00:00, run_after=2024-02-25 00:00:00+00:00
[2024-02-25T18:30:11.007+0000] {processor.py:183} INFO - Processing /home/airflow/.local/lib/python3.8/site-packages/airflow/example_dags/example_branch_labels.py took 0.091 seconds
[2024-02-25T18:30:41.967+0000] {processor.py:161} INFO - Started process (PID=8330) to work on /home/airflow/.local/lib/python3.8/site-packages/airflow/example_dags/example_branch_labels.py
[2024-02-25T18:30:41.969+0000] {processor.py:830} INFO - Processing file /home/airflow/.local/lib/python3.8/site-packages/airflow/example_dags/example_branch_labels.py for tasks to queue
[2024-02-25T18:30:41.970+0000] {logging_mixin.py:188} INFO - [2024-02-25T18:30:41.970+0000] {dagbag.py:538} INFO - Filling up the DagBag from /home/airflow/.local/lib/python3.8/site-packages/airflow/example_dags/example_branch_labels.py
[2024-02-25T18:30:41.979+0000] {processor.py:840} INFO - DAG(s) 'example_branch_labels' retrieved from /home/airflow/.local/lib/python3.8/site-packages/airflow/example_dags/example_branch_labels.py
[2024-02-25T18:30:42.003+0000] {logging_mixin.py:188} INFO - [2024-02-25T18:30:42.003+0000] {dag.py:3036} INFO - Sync 1 DAGs
[2024-02-25T18:30:42.027+0000] {logging_mixin.py:188} INFO - [2024-02-25T18:30:42.026+0000] {dag.py:3823} INFO - Setting next_dagrun for example_branch_labels to 2024-02-24 00:00:00+00:00, run_after=2024-02-25 00:00:00+00:00
[2024-02-25T18:30:42.048+0000] {processor.py:183} INFO - Processing /home/airflow/.local/lib/python3.8/site-packages/airflow/example_dags/example_branch_labels.py took 0.084 seconds
[2024-02-25T18:31:12.827+0000] {processor.py:161} INFO - Started process (PID=8393) to work on /home/airflow/.local/lib/python3.8/site-packages/airflow/example_dags/example_branch_labels.py
[2024-02-25T18:31:12.829+0000] {processor.py:830} INFO - Processing file /home/airflow/.local/lib/python3.8/site-packages/airflow/example_dags/example_branch_labels.py for tasks to queue
[2024-02-25T18:31:12.830+0000] {logging_mixin.py:188} INFO - [2024-02-25T18:31:12.830+0000] {dagbag.py:538} INFO - Filling up the DagBag from /home/airflow/.local/lib/python3.8/site-packages/airflow/example_dags/example_branch_labels.py
[2024-02-25T18:31:12.838+0000] {processor.py:840} INFO - DAG(s) 'example_branch_labels' retrieved from /home/airflow/.local/lib/python3.8/site-packages/airflow/example_dags/example_branch_labels.py
[2024-02-25T18:31:12.864+0000] {logging_mixin.py:188} INFO - [2024-02-25T18:31:12.864+0000] {dag.py:3036} INFO - Sync 1 DAGs
[2024-02-25T18:31:12.887+0000] {logging_mixin.py:188} INFO - [2024-02-25T18:31:12.887+0000] {dag.py:3823} INFO - Setting next_dagrun for example_branch_labels to 2024-02-24 00:00:00+00:00, run_after=2024-02-25 00:00:00+00:00
[2024-02-25T18:31:12.911+0000] {processor.py:183} INFO - Processing /home/airflow/.local/lib/python3.8/site-packages/airflow/example_dags/example_branch_labels.py took 0.087 seconds
[2024-02-25T18:31:43.443+0000] {processor.py:161} INFO - Started process (PID=8456) to work on /home/airflow/.local/lib/python3.8/site-packages/airflow/example_dags/example_branch_labels.py
[2024-02-25T18:31:43.444+0000] {processor.py:830} INFO - Processing file /home/airflow/.local/lib/python3.8/site-packages/airflow/example_dags/example_branch_labels.py for tasks to queue
[2024-02-25T18:31:43.446+0000] {logging_mixin.py:188} INFO - [2024-02-25T18:31:43.445+0000] {dagbag.py:538} INFO - Filling up the DagBag from /home/airflow/.local/lib/python3.8/site-packages/airflow/example_dags/example_branch_labels.py
[2024-02-25T18:31:43.454+0000] {processor.py:840} INFO - DAG(s) 'example_branch_labels' retrieved from /home/airflow/.local/lib/python3.8/site-packages/airflow/example_dags/example_branch_labels.py
[2024-02-25T18:31:43.478+0000] {logging_mixin.py:188} INFO - [2024-02-25T18:31:43.477+0000] {dag.py:3036} INFO - Sync 1 DAGs
[2024-02-25T18:31:43.500+0000] {logging_mixin.py:188} INFO - [2024-02-25T18:31:43.500+0000] {dag.py:3823} INFO - Setting next_dagrun for example_branch_labels to 2024-02-24 00:00:00+00:00, run_after=2024-02-25 00:00:00+00:00
[2024-02-25T18:31:43.521+0000] {processor.py:183} INFO - Processing /home/airflow/.local/lib/python3.8/site-packages/airflow/example_dags/example_branch_labels.py took 0.083 seconds
[2024-02-25T18:32:14.461+0000] {processor.py:161} INFO - Started process (PID=8519) to work on /home/airflow/.local/lib/python3.8/site-packages/airflow/example_dags/example_branch_labels.py
[2024-02-25T18:32:14.462+0000] {processor.py:830} INFO - Processing file /home/airflow/.local/lib/python3.8/site-packages/airflow/example_dags/example_branch_labels.py for tasks to queue
[2024-02-25T18:32:14.463+0000] {logging_mixin.py:188} INFO - [2024-02-25T18:32:14.463+0000] {dagbag.py:538} INFO - Filling up the DagBag from /home/airflow/.local/lib/python3.8/site-packages/airflow/example_dags/example_branch_labels.py
[2024-02-25T18:32:14.471+0000] {processor.py:840} INFO - DAG(s) 'example_branch_labels' retrieved from /home/airflow/.local/lib/python3.8/site-packages/airflow/example_dags/example_branch_labels.py
[2024-02-25T18:32:14.497+0000] {logging_mixin.py:188} INFO - [2024-02-25T18:32:14.497+0000] {dag.py:3036} INFO - Sync 1 DAGs
[2024-02-25T18:32:14.521+0000] {logging_mixin.py:188} INFO - [2024-02-25T18:32:14.521+0000] {dag.py:3823} INFO - Setting next_dagrun for example_branch_labels to 2024-02-24 00:00:00+00:00, run_after=2024-02-25 00:00:00+00:00
[2024-02-25T18:32:14.547+0000] {processor.py:183} INFO - Processing /home/airflow/.local/lib/python3.8/site-packages/airflow/example_dags/example_branch_labels.py took 0.090 seconds
[2024-02-25T18:32:45.116+0000] {processor.py:161} INFO - Started process (PID=8582) to work on /home/airflow/.local/lib/python3.8/site-packages/airflow/example_dags/example_branch_labels.py
[2024-02-25T18:32:45.117+0000] {processor.py:830} INFO - Processing file /home/airflow/.local/lib/python3.8/site-packages/airflow/example_dags/example_branch_labels.py for tasks to queue
[2024-02-25T18:32:45.118+0000] {logging_mixin.py:188} INFO - [2024-02-25T18:32:45.118+0000] {dagbag.py:538} INFO - Filling up the DagBag from /home/airflow/.local/lib/python3.8/site-packages/airflow/example_dags/example_branch_labels.py
[2024-02-25T18:32:45.127+0000] {processor.py:840} INFO - DAG(s) 'example_branch_labels' retrieved from /home/airflow/.local/lib/python3.8/site-packages/airflow/example_dags/example_branch_labels.py
[2024-02-25T18:32:45.154+0000] {logging_mixin.py:188} INFO - [2024-02-25T18:32:45.154+0000] {dag.py:3036} INFO - Sync 1 DAGs
[2024-02-25T18:32:45.179+0000] {logging_mixin.py:188} INFO - [2024-02-25T18:32:45.179+0000] {dag.py:3823} INFO - Setting next_dagrun for example_branch_labels to 2024-02-24 00:00:00+00:00, run_after=2024-02-25 00:00:00+00:00
[2024-02-25T18:32:45.217+0000] {processor.py:183} INFO - Processing /home/airflow/.local/lib/python3.8/site-packages/airflow/example_dags/example_branch_labels.py took 0.108 seconds
[2024-02-25T18:33:16.278+0000] {processor.py:161} INFO - Started process (PID=8645) to work on /home/airflow/.local/lib/python3.8/site-packages/airflow/example_dags/example_branch_labels.py
[2024-02-25T18:33:16.279+0000] {processor.py:830} INFO - Processing file /home/airflow/.local/lib/python3.8/site-packages/airflow/example_dags/example_branch_labels.py for tasks to queue
[2024-02-25T18:33:16.280+0000] {logging_mixin.py:188} INFO - [2024-02-25T18:33:16.280+0000] {dagbag.py:538} INFO - Filling up the DagBag from /home/airflow/.local/lib/python3.8/site-packages/airflow/example_dags/example_branch_labels.py
[2024-02-25T18:33:16.289+0000] {processor.py:840} INFO - DAG(s) 'example_branch_labels' retrieved from /home/airflow/.local/lib/python3.8/site-packages/airflow/example_dags/example_branch_labels.py
[2024-02-25T18:33:16.313+0000] {logging_mixin.py:188} INFO - [2024-02-25T18:33:16.312+0000] {dag.py:3036} INFO - Sync 1 DAGs
[2024-02-25T18:33:16.336+0000] {logging_mixin.py:188} INFO - [2024-02-25T18:33:16.336+0000] {dag.py:3823} INFO - Setting next_dagrun for example_branch_labels to 2024-02-24 00:00:00+00:00, run_after=2024-02-25 00:00:00+00:00
[2024-02-25T18:33:16.357+0000] {processor.py:183} INFO - Processing /home/airflow/.local/lib/python3.8/site-packages/airflow/example_dags/example_branch_labels.py took 0.084 seconds
[2024-02-25T18:33:47.258+0000] {processor.py:161} INFO - Started process (PID=8708) to work on /home/airflow/.local/lib/python3.8/site-packages/airflow/example_dags/example_branch_labels.py
[2024-02-25T18:33:47.259+0000] {processor.py:830} INFO - Processing file /home/airflow/.local/lib/python3.8/site-packages/airflow/example_dags/example_branch_labels.py for tasks to queue
[2024-02-25T18:33:47.260+0000] {logging_mixin.py:188} INFO - [2024-02-25T18:33:47.260+0000] {dagbag.py:538} INFO - Filling up the DagBag from /home/airflow/.local/lib/python3.8/site-packages/airflow/example_dags/example_branch_labels.py
[2024-02-25T18:33:47.268+0000] {processor.py:840} INFO - DAG(s) 'example_branch_labels' retrieved from /home/airflow/.local/lib/python3.8/site-packages/airflow/example_dags/example_branch_labels.py
[2024-02-25T18:33:47.293+0000] {logging_mixin.py:188} INFO - [2024-02-25T18:33:47.293+0000] {dag.py:3036} INFO - Sync 1 DAGs
[2024-02-25T18:33:47.317+0000] {logging_mixin.py:188} INFO - [2024-02-25T18:33:47.317+0000] {dag.py:3823} INFO - Setting next_dagrun for example_branch_labels to 2024-02-24 00:00:00+00:00, run_after=2024-02-25 00:00:00+00:00
[2024-02-25T18:33:47.343+0000] {processor.py:183} INFO - Processing /home/airflow/.local/lib/python3.8/site-packages/airflow/example_dags/example_branch_labels.py took 0.089 seconds
[2024-02-25T18:34:18.447+0000] {processor.py:161} INFO - Started process (PID=8771) to work on /home/airflow/.local/lib/python3.8/site-packages/airflow/example_dags/example_branch_labels.py
[2024-02-25T18:34:18.448+0000] {processor.py:830} INFO - Processing file /home/airflow/.local/lib/python3.8/site-packages/airflow/example_dags/example_branch_labels.py for tasks to queue
[2024-02-25T18:34:18.449+0000] {logging_mixin.py:188} INFO - [2024-02-25T18:34:18.449+0000] {dagbag.py:538} INFO - Filling up the DagBag from /home/airflow/.local/lib/python3.8/site-packages/airflow/example_dags/example_branch_labels.py
[2024-02-25T18:34:18.458+0000] {processor.py:840} INFO - DAG(s) 'example_branch_labels' retrieved from /home/airflow/.local/lib/python3.8/site-packages/airflow/example_dags/example_branch_labels.py
[2024-02-25T18:34:18.488+0000] {logging_mixin.py:188} INFO - [2024-02-25T18:34:18.488+0000] {dag.py:3036} INFO - Sync 1 DAGs
[2024-02-25T18:34:18.513+0000] {logging_mixin.py:188} INFO - [2024-02-25T18:34:18.513+0000] {dag.py:3823} INFO - Setting next_dagrun for example_branch_labels to 2024-02-24 00:00:00+00:00, run_after=2024-02-25 00:00:00+00:00
[2024-02-25T18:34:18.551+0000] {processor.py:183} INFO - Processing /home/airflow/.local/lib/python3.8/site-packages/airflow/example_dags/example_branch_labels.py took 0.109 seconds
[2024-02-25T18:34:49.540+0000] {processor.py:161} INFO - Started process (PID=8834) to work on /home/airflow/.local/lib/python3.8/site-packages/airflow/example_dags/example_branch_labels.py
[2024-02-25T18:34:49.542+0000] {processor.py:830} INFO - Processing file /home/airflow/.local/lib/python3.8/site-packages/airflow/example_dags/example_branch_labels.py for tasks to queue
[2024-02-25T18:34:49.543+0000] {logging_mixin.py:188} INFO - [2024-02-25T18:34:49.543+0000] {dagbag.py:538} INFO - Filling up the DagBag from /home/airflow/.local/lib/python3.8/site-packages/airflow/example_dags/example_branch_labels.py
[2024-02-25T18:34:49.551+0000] {processor.py:840} INFO - DAG(s) 'example_branch_labels' retrieved from /home/airflow/.local/lib/python3.8/site-packages/airflow/example_dags/example_branch_labels.py
[2024-02-25T18:34:49.578+0000] {logging_mixin.py:188} INFO - [2024-02-25T18:34:49.578+0000] {dag.py:3036} INFO - Sync 1 DAGs
[2024-02-25T18:34:49.602+0000] {logging_mixin.py:188} INFO - [2024-02-25T18:34:49.601+0000] {dag.py:3823} INFO - Setting next_dagrun for example_branch_labels to 2024-02-24 00:00:00+00:00, run_after=2024-02-25 00:00:00+00:00
[2024-02-25T18:34:49.623+0000] {processor.py:183} INFO - Processing /home/airflow/.local/lib/python3.8/site-packages/airflow/example_dags/example_branch_labels.py took 0.087 seconds
[2024-02-25T18:35:20.643+0000] {processor.py:161} INFO - Started process (PID=8897) to work on /home/airflow/.local/lib/python3.8/site-packages/airflow/example_dags/example_branch_labels.py
[2024-02-25T18:35:20.645+0000] {processor.py:830} INFO - Processing file /home/airflow/.local/lib/python3.8/site-packages/airflow/example_dags/example_branch_labels.py for tasks to queue
[2024-02-25T18:35:20.646+0000] {logging_mixin.py:188} INFO - [2024-02-25T18:35:20.645+0000] {dagbag.py:538} INFO - Filling up the DagBag from /home/airflow/.local/lib/python3.8/site-packages/airflow/example_dags/example_branch_labels.py
[2024-02-25T18:35:20.654+0000] {processor.py:840} INFO - DAG(s) 'example_branch_labels' retrieved from /home/airflow/.local/lib/python3.8/site-packages/airflow/example_dags/example_branch_labels.py
[2024-02-25T18:35:20.679+0000] {logging_mixin.py:188} INFO - [2024-02-25T18:35:20.679+0000] {dag.py:3036} INFO - Sync 1 DAGs
[2024-02-25T18:35:20.702+0000] {logging_mixin.py:188} INFO - [2024-02-25T18:35:20.702+0000] {dag.py:3823} INFO - Setting next_dagrun for example_branch_labels to 2024-02-24 00:00:00+00:00, run_after=2024-02-25 00:00:00+00:00
[2024-02-25T18:35:20.732+0000] {processor.py:183} INFO - Processing /home/airflow/.local/lib/python3.8/site-packages/airflow/example_dags/example_branch_labels.py took 0.092 seconds
[2024-02-25T18:35:51.745+0000] {processor.py:161} INFO - Started process (PID=8961) to work on /home/airflow/.local/lib/python3.8/site-packages/airflow/example_dags/example_branch_labels.py
[2024-02-25T18:35:51.746+0000] {processor.py:830} INFO - Processing file /home/airflow/.local/lib/python3.8/site-packages/airflow/example_dags/example_branch_labels.py for tasks to queue
[2024-02-25T18:35:51.747+0000] {logging_mixin.py:188} INFO - [2024-02-25T18:35:51.747+0000] {dagbag.py:538} INFO - Filling up the DagBag from /home/airflow/.local/lib/python3.8/site-packages/airflow/example_dags/example_branch_labels.py
[2024-02-25T18:35:51.756+0000] {processor.py:840} INFO - DAG(s) 'example_branch_labels' retrieved from /home/airflow/.local/lib/python3.8/site-packages/airflow/example_dags/example_branch_labels.py
[2024-02-25T18:35:51.780+0000] {logging_mixin.py:188} INFO - [2024-02-25T18:35:51.780+0000] {dag.py:3036} INFO - Sync 1 DAGs
[2024-02-25T18:35:51.804+0000] {logging_mixin.py:188} INFO - [2024-02-25T18:35:51.804+0000] {dag.py:3823} INFO - Setting next_dagrun for example_branch_labels to 2024-02-24 00:00:00+00:00, run_after=2024-02-25 00:00:00+00:00
[2024-02-25T18:35:51.830+0000] {processor.py:183} INFO - Processing /home/airflow/.local/lib/python3.8/site-packages/airflow/example_dags/example_branch_labels.py took 0.090 seconds
[2024-02-25T18:36:22.854+0000] {processor.py:161} INFO - Started process (PID=9025) to work on /home/airflow/.local/lib/python3.8/site-packages/airflow/example_dags/example_branch_labels.py
[2024-02-25T18:36:22.856+0000] {processor.py:830} INFO - Processing file /home/airflow/.local/lib/python3.8/site-packages/airflow/example_dags/example_branch_labels.py for tasks to queue
[2024-02-25T18:36:22.858+0000] {logging_mixin.py:188} INFO - [2024-02-25T18:36:22.858+0000] {dagbag.py:538} INFO - Filling up the DagBag from /home/airflow/.local/lib/python3.8/site-packages/airflow/example_dags/example_branch_labels.py
[2024-02-25T18:36:22.871+0000] {processor.py:840} INFO - DAG(s) 'example_branch_labels' retrieved from /home/airflow/.local/lib/python3.8/site-packages/airflow/example_dags/example_branch_labels.py
[2024-02-25T18:36:22.930+0000] {logging_mixin.py:188} INFO - [2024-02-25T18:36:22.929+0000] {dag.py:3036} INFO - Sync 1 DAGs
[2024-02-25T18:36:22.997+0000] {logging_mixin.py:188} INFO - [2024-02-25T18:36:22.997+0000] {dag.py:3823} INFO - Setting next_dagrun for example_branch_labels to 2024-02-24 00:00:00+00:00, run_after=2024-02-25 00:00:00+00:00
[2024-02-25T18:36:23.092+0000] {processor.py:183} INFO - Processing /home/airflow/.local/lib/python3.8/site-packages/airflow/example_dags/example_branch_labels.py took 0.242 seconds
[2024-02-25T18:36:53.564+0000] {processor.py:161} INFO - Started process (PID=9088) to work on /home/airflow/.local/lib/python3.8/site-packages/airflow/example_dags/example_branch_labels.py
[2024-02-25T18:36:53.565+0000] {processor.py:830} INFO - Processing file /home/airflow/.local/lib/python3.8/site-packages/airflow/example_dags/example_branch_labels.py for tasks to queue
[2024-02-25T18:36:53.566+0000] {logging_mixin.py:188} INFO - [2024-02-25T18:36:53.566+0000] {dagbag.py:538} INFO - Filling up the DagBag from /home/airflow/.local/lib/python3.8/site-packages/airflow/example_dags/example_branch_labels.py
[2024-02-25T18:36:53.575+0000] {processor.py:840} INFO - DAG(s) 'example_branch_labels' retrieved from /home/airflow/.local/lib/python3.8/site-packages/airflow/example_dags/example_branch_labels.py
[2024-02-25T18:36:53.600+0000] {logging_mixin.py:188} INFO - [2024-02-25T18:36:53.599+0000] {dag.py:3036} INFO - Sync 1 DAGs
[2024-02-25T18:36:53.630+0000] {logging_mixin.py:188} INFO - [2024-02-25T18:36:53.630+0000] {dag.py:3823} INFO - Setting next_dagrun for example_branch_labels to 2024-02-24 00:00:00+00:00, run_after=2024-02-25 00:00:00+00:00
[2024-02-25T18:36:53.654+0000] {processor.py:183} INFO - Processing /home/airflow/.local/lib/python3.8/site-packages/airflow/example_dags/example_branch_labels.py took 0.094 seconds
[2024-02-25T18:37:24.622+0000] {processor.py:161} INFO - Started process (PID=9151) to work on /home/airflow/.local/lib/python3.8/site-packages/airflow/example_dags/example_branch_labels.py
[2024-02-25T18:37:24.623+0000] {processor.py:830} INFO - Processing file /home/airflow/.local/lib/python3.8/site-packages/airflow/example_dags/example_branch_labels.py for tasks to queue
[2024-02-25T18:37:24.624+0000] {logging_mixin.py:188} INFO - [2024-02-25T18:37:24.624+0000] {dagbag.py:538} INFO - Filling up the DagBag from /home/airflow/.local/lib/python3.8/site-packages/airflow/example_dags/example_branch_labels.py
[2024-02-25T18:37:24.633+0000] {processor.py:840} INFO - DAG(s) 'example_branch_labels' retrieved from /home/airflow/.local/lib/python3.8/site-packages/airflow/example_dags/example_branch_labels.py
[2024-02-25T18:37:24.658+0000] {logging_mixin.py:188} INFO - [2024-02-25T18:37:24.658+0000] {dag.py:3036} INFO - Sync 1 DAGs
[2024-02-25T18:37:24.681+0000] {logging_mixin.py:188} INFO - [2024-02-25T18:37:24.681+0000] {dag.py:3823} INFO - Setting next_dagrun for example_branch_labels to 2024-02-24 00:00:00+00:00, run_after=2024-02-25 00:00:00+00:00
[2024-02-25T18:37:24.703+0000] {processor.py:183} INFO - Processing /home/airflow/.local/lib/python3.8/site-packages/airflow/example_dags/example_branch_labels.py took 0.085 seconds
[2024-02-25T18:37:55.355+0000] {processor.py:161} INFO - Started process (PID=9214) to work on /home/airflow/.local/lib/python3.8/site-packages/airflow/example_dags/example_branch_labels.py
[2024-02-25T18:37:55.356+0000] {processor.py:830} INFO - Processing file /home/airflow/.local/lib/python3.8/site-packages/airflow/example_dags/example_branch_labels.py for tasks to queue
[2024-02-25T18:37:55.357+0000] {logging_mixin.py:188} INFO - [2024-02-25T18:37:55.357+0000] {dagbag.py:538} INFO - Filling up the DagBag from /home/airflow/.local/lib/python3.8/site-packages/airflow/example_dags/example_branch_labels.py
[2024-02-25T18:37:55.366+0000] {processor.py:840} INFO - DAG(s) 'example_branch_labels' retrieved from /home/airflow/.local/lib/python3.8/site-packages/airflow/example_dags/example_branch_labels.py
[2024-02-25T18:37:55.389+0000] {logging_mixin.py:188} INFO - [2024-02-25T18:37:55.389+0000] {dag.py:3036} INFO - Sync 1 DAGs
[2024-02-25T18:37:55.416+0000] {logging_mixin.py:188} INFO - [2024-02-25T18:37:55.415+0000] {dag.py:3823} INFO - Setting next_dagrun for example_branch_labels to 2024-02-24 00:00:00+00:00, run_after=2024-02-25 00:00:00+00:00
[2024-02-25T18:37:55.441+0000] {processor.py:183} INFO - Processing /home/airflow/.local/lib/python3.8/site-packages/airflow/example_dags/example_branch_labels.py took 0.090 seconds
[2024-02-25T18:38:26.190+0000] {processor.py:161} INFO - Started process (PID=9278) to work on /home/airflow/.local/lib/python3.8/site-packages/airflow/example_dags/example_branch_labels.py
[2024-02-25T18:38:26.192+0000] {processor.py:830} INFO - Processing file /home/airflow/.local/lib/python3.8/site-packages/airflow/example_dags/example_branch_labels.py for tasks to queue
[2024-02-25T18:38:26.193+0000] {logging_mixin.py:188} INFO - [2024-02-25T18:38:26.193+0000] {dagbag.py:538} INFO - Filling up the DagBag from /home/airflow/.local/lib/python3.8/site-packages/airflow/example_dags/example_branch_labels.py
[2024-02-25T18:38:26.202+0000] {processor.py:840} INFO - DAG(s) 'example_branch_labels' retrieved from /home/airflow/.local/lib/python3.8/site-packages/airflow/example_dags/example_branch_labels.py
[2024-02-25T18:38:26.226+0000] {logging_mixin.py:188} INFO - [2024-02-25T18:38:26.226+0000] {dag.py:3036} INFO - Sync 1 DAGs
[2024-02-25T18:38:26.249+0000] {logging_mixin.py:188} INFO - [2024-02-25T18:38:26.248+0000] {dag.py:3823} INFO - Setting next_dagrun for example_branch_labels to 2024-02-24 00:00:00+00:00, run_after=2024-02-25 00:00:00+00:00
[2024-02-25T18:38:26.272+0000] {processor.py:183} INFO - Processing /home/airflow/.local/lib/python3.8/site-packages/airflow/example_dags/example_branch_labels.py took 0.086 seconds
[2024-02-25T18:38:57.184+0000] {processor.py:161} INFO - Started process (PID=9341) to work on /home/airflow/.local/lib/python3.8/site-packages/airflow/example_dags/example_branch_labels.py
[2024-02-25T18:38:57.186+0000] {processor.py:830} INFO - Processing file /home/airflow/.local/lib/python3.8/site-packages/airflow/example_dags/example_branch_labels.py for tasks to queue
[2024-02-25T18:38:57.187+0000] {logging_mixin.py:188} INFO - [2024-02-25T18:38:57.187+0000] {dagbag.py:538} INFO - Filling up the DagBag from /home/airflow/.local/lib/python3.8/site-packages/airflow/example_dags/example_branch_labels.py
[2024-02-25T18:38:57.195+0000] {processor.py:840} INFO - DAG(s) 'example_branch_labels' retrieved from /home/airflow/.local/lib/python3.8/site-packages/airflow/example_dags/example_branch_labels.py
[2024-02-25T18:38:57.219+0000] {logging_mixin.py:188} INFO - [2024-02-25T18:38:57.218+0000] {dag.py:3036} INFO - Sync 1 DAGs
[2024-02-25T18:38:57.243+0000] {logging_mixin.py:188} INFO - [2024-02-25T18:38:57.242+0000] {dag.py:3823} INFO - Setting next_dagrun for example_branch_labels to 2024-02-24 00:00:00+00:00, run_after=2024-02-25 00:00:00+00:00
[2024-02-25T18:38:57.266+0000] {processor.py:183} INFO - Processing /home/airflow/.local/lib/python3.8/site-packages/airflow/example_dags/example_branch_labels.py took 0.087 seconds
[2024-02-25T18:39:27.908+0000] {processor.py:161} INFO - Started process (PID=9409) to work on /home/airflow/.local/lib/python3.8/site-packages/airflow/example_dags/example_branch_labels.py
[2024-02-25T18:39:27.909+0000] {processor.py:830} INFO - Processing file /home/airflow/.local/lib/python3.8/site-packages/airflow/example_dags/example_branch_labels.py for tasks to queue
[2024-02-25T18:39:27.910+0000] {logging_mixin.py:188} INFO - [2024-02-25T18:39:27.910+0000] {dagbag.py:538} INFO - Filling up the DagBag from /home/airflow/.local/lib/python3.8/site-packages/airflow/example_dags/example_branch_labels.py
[2024-02-25T18:39:27.919+0000] {processor.py:840} INFO - DAG(s) 'example_branch_labels' retrieved from /home/airflow/.local/lib/python3.8/site-packages/airflow/example_dags/example_branch_labels.py
[2024-02-25T18:39:27.944+0000] {logging_mixin.py:188} INFO - [2024-02-25T18:39:27.943+0000] {dag.py:3036} INFO - Sync 1 DAGs
[2024-02-25T18:39:27.967+0000] {logging_mixin.py:188} INFO - [2024-02-25T18:39:27.967+0000] {dag.py:3823} INFO - Setting next_dagrun for example_branch_labels to 2024-02-24 00:00:00+00:00, run_after=2024-02-25 00:00:00+00:00
[2024-02-25T18:39:27.992+0000] {processor.py:183} INFO - Processing /home/airflow/.local/lib/python3.8/site-packages/airflow/example_dags/example_branch_labels.py took 0.088 seconds
[2024-02-25T18:39:58.642+0000] {processor.py:161} INFO - Started process (PID=9472) to work on /home/airflow/.local/lib/python3.8/site-packages/airflow/example_dags/example_branch_labels.py
[2024-02-25T18:39:58.643+0000] {processor.py:830} INFO - Processing file /home/airflow/.local/lib/python3.8/site-packages/airflow/example_dags/example_branch_labels.py for tasks to queue
[2024-02-25T18:39:58.644+0000] {logging_mixin.py:188} INFO - [2024-02-25T18:39:58.644+0000] {dagbag.py:538} INFO - Filling up the DagBag from /home/airflow/.local/lib/python3.8/site-packages/airflow/example_dags/example_branch_labels.py
[2024-02-25T18:39:58.653+0000] {processor.py:840} INFO - DAG(s) 'example_branch_labels' retrieved from /home/airflow/.local/lib/python3.8/site-packages/airflow/example_dags/example_branch_labels.py
[2024-02-25T18:39:58.680+0000] {logging_mixin.py:188} INFO - [2024-02-25T18:39:58.679+0000] {dag.py:3036} INFO - Sync 1 DAGs
[2024-02-25T18:39:58.702+0000] {logging_mixin.py:188} INFO - [2024-02-25T18:39:58.702+0000] {dag.py:3823} INFO - Setting next_dagrun for example_branch_labels to 2024-02-24 00:00:00+00:00, run_after=2024-02-25 00:00:00+00:00
[2024-02-25T18:39:58.726+0000] {processor.py:183} INFO - Processing /home/airflow/.local/lib/python3.8/site-packages/airflow/example_dags/example_branch_labels.py took 0.088 seconds
[2024-02-25T20:59:42.553+0000] {processor.py:161} INFO - Started process (PID=9535) to work on /home/airflow/.local/lib/python3.8/site-packages/airflow/example_dags/example_branch_labels.py
[2024-02-25T20:59:42.558+0000] {processor.py:830} INFO - Processing file /home/airflow/.local/lib/python3.8/site-packages/airflow/example_dags/example_branch_labels.py for tasks to queue
[2024-02-25T20:59:42.575+0000] {logging_mixin.py:188} INFO - [2024-02-25T20:59:42.574+0000] {dagbag.py:538} INFO - Filling up the DagBag from /home/airflow/.local/lib/python3.8/site-packages/airflow/example_dags/example_branch_labels.py
[2024-02-25T20:59:42.607+0000] {processor.py:840} INFO - DAG(s) 'example_branch_labels' retrieved from /home/airflow/.local/lib/python3.8/site-packages/airflow/example_dags/example_branch_labels.py
[2024-02-25T20:59:42.679+0000] {logging_mixin.py:188} INFO - [2024-02-25T20:59:42.679+0000] {dag.py:3036} INFO - Sync 1 DAGs
[2024-02-25T20:59:42.826+0000] {logging_mixin.py:188} INFO - [2024-02-25T20:59:42.825+0000] {dag.py:3823} INFO - Setting next_dagrun for example_branch_labels to 2024-02-24 00:00:00+00:00, run_after=2024-02-25 00:00:00+00:00
[2024-02-25T20:59:43.183+0000] {processor.py:183} INFO - Processing /home/airflow/.local/lib/python3.8/site-packages/airflow/example_dags/example_branch_labels.py took 0.640 seconds
[2024-02-25T21:00:13.902+0000] {processor.py:161} INFO - Started process (PID=9606) to work on /home/airflow/.local/lib/python3.8/site-packages/airflow/example_dags/example_branch_labels.py
[2024-02-25T21:00:13.904+0000] {processor.py:830} INFO - Processing file /home/airflow/.local/lib/python3.8/site-packages/airflow/example_dags/example_branch_labels.py for tasks to queue
[2024-02-25T21:00:13.905+0000] {logging_mixin.py:188} INFO - [2024-02-25T21:00:13.905+0000] {dagbag.py:538} INFO - Filling up the DagBag from /home/airflow/.local/lib/python3.8/site-packages/airflow/example_dags/example_branch_labels.py
[2024-02-25T21:00:13.914+0000] {processor.py:840} INFO - DAG(s) 'example_branch_labels' retrieved from /home/airflow/.local/lib/python3.8/site-packages/airflow/example_dags/example_branch_labels.py
[2024-02-25T21:00:13.939+0000] {logging_mixin.py:188} INFO - [2024-02-25T21:00:13.938+0000] {dag.py:3036} INFO - Sync 1 DAGs
[2024-02-25T21:00:13.967+0000] {logging_mixin.py:188} INFO - [2024-02-25T21:00:13.967+0000] {dag.py:3823} INFO - Setting next_dagrun for example_branch_labels to 2024-02-24 00:00:00+00:00, run_after=2024-02-25 00:00:00+00:00
[2024-02-25T21:00:13.994+0000] {processor.py:183} INFO - Processing /home/airflow/.local/lib/python3.8/site-packages/airflow/example_dags/example_branch_labels.py took 0.095 seconds
[2024-02-25T21:00:44.523+0000] {processor.py:161} INFO - Started process (PID=9669) to work on /home/airflow/.local/lib/python3.8/site-packages/airflow/example_dags/example_branch_labels.py
[2024-02-25T21:00:44.524+0000] {processor.py:830} INFO - Processing file /home/airflow/.local/lib/python3.8/site-packages/airflow/example_dags/example_branch_labels.py for tasks to queue
[2024-02-25T21:00:44.526+0000] {logging_mixin.py:188} INFO - [2024-02-25T21:00:44.525+0000] {dagbag.py:538} INFO - Filling up the DagBag from /home/airflow/.local/lib/python3.8/site-packages/airflow/example_dags/example_branch_labels.py
[2024-02-25T21:00:44.534+0000] {processor.py:840} INFO - DAG(s) 'example_branch_labels' retrieved from /home/airflow/.local/lib/python3.8/site-packages/airflow/example_dags/example_branch_labels.py
[2024-02-25T21:00:44.556+0000] {logging_mixin.py:188} INFO - [2024-02-25T21:00:44.556+0000] {dag.py:3036} INFO - Sync 1 DAGs
[2024-02-25T21:00:44.579+0000] {logging_mixin.py:188} INFO - [2024-02-25T21:00:44.579+0000] {dag.py:3823} INFO - Setting next_dagrun for example_branch_labels to 2024-02-24 00:00:00+00:00, run_after=2024-02-25 00:00:00+00:00
[2024-02-25T21:00:44.606+0000] {processor.py:183} INFO - Processing /home/airflow/.local/lib/python3.8/site-packages/airflow/example_dags/example_branch_labels.py took 0.087 seconds
[2024-02-25T21:01:15.278+0000] {processor.py:161} INFO - Started process (PID=9732) to work on /home/airflow/.local/lib/python3.8/site-packages/airflow/example_dags/example_branch_labels.py
[2024-02-25T21:01:15.279+0000] {processor.py:830} INFO - Processing file /home/airflow/.local/lib/python3.8/site-packages/airflow/example_dags/example_branch_labels.py for tasks to queue
[2024-02-25T21:01:15.281+0000] {logging_mixin.py:188} INFO - [2024-02-25T21:01:15.280+0000] {dagbag.py:538} INFO - Filling up the DagBag from /home/airflow/.local/lib/python3.8/site-packages/airflow/example_dags/example_branch_labels.py
[2024-02-25T21:01:15.289+0000] {processor.py:840} INFO - DAG(s) 'example_branch_labels' retrieved from /home/airflow/.local/lib/python3.8/site-packages/airflow/example_dags/example_branch_labels.py
[2024-02-25T21:01:15.314+0000] {logging_mixin.py:188} INFO - [2024-02-25T21:01:15.313+0000] {dag.py:3036} INFO - Sync 1 DAGs
[2024-02-25T21:01:15.338+0000] {logging_mixin.py:188} INFO - [2024-02-25T21:01:15.338+0000] {dag.py:3823} INFO - Setting next_dagrun for example_branch_labels to 2024-02-24 00:00:00+00:00, run_after=2024-02-25 00:00:00+00:00
[2024-02-25T21:01:15.370+0000] {processor.py:183} INFO - Processing /home/airflow/.local/lib/python3.8/site-packages/airflow/example_dags/example_branch_labels.py took 0.096 seconds
[2024-02-25T21:01:45.795+0000] {processor.py:161} INFO - Started process (PID=9795) to work on /home/airflow/.local/lib/python3.8/site-packages/airflow/example_dags/example_branch_labels.py
[2024-02-25T21:01:45.796+0000] {processor.py:830} INFO - Processing file /home/airflow/.local/lib/python3.8/site-packages/airflow/example_dags/example_branch_labels.py for tasks to queue
[2024-02-25T21:01:45.798+0000] {logging_mixin.py:188} INFO - [2024-02-25T21:01:45.797+0000] {dagbag.py:538} INFO - Filling up the DagBag from /home/airflow/.local/lib/python3.8/site-packages/airflow/example_dags/example_branch_labels.py
[2024-02-25T21:01:45.806+0000] {processor.py:840} INFO - DAG(s) 'example_branch_labels' retrieved from /home/airflow/.local/lib/python3.8/site-packages/airflow/example_dags/example_branch_labels.py
[2024-02-25T21:01:45.828+0000] {logging_mixin.py:188} INFO - [2024-02-25T21:01:45.827+0000] {dag.py:3036} INFO - Sync 1 DAGs
[2024-02-25T21:01:45.851+0000] {logging_mixin.py:188} INFO - [2024-02-25T21:01:45.850+0000] {dag.py:3823} INFO - Setting next_dagrun for example_branch_labels to 2024-02-24 00:00:00+00:00, run_after=2024-02-25 00:00:00+00:00
[2024-02-25T21:01:45.876+0000] {processor.py:183} INFO - Processing /home/airflow/.local/lib/python3.8/site-packages/airflow/example_dags/example_branch_labels.py took 0.084 seconds
[2024-02-25T21:02:16.466+0000] {processor.py:161} INFO - Started process (PID=9858) to work on /home/airflow/.local/lib/python3.8/site-packages/airflow/example_dags/example_branch_labels.py
[2024-02-25T21:02:16.469+0000] {processor.py:830} INFO - Processing file /home/airflow/.local/lib/python3.8/site-packages/airflow/example_dags/example_branch_labels.py for tasks to queue
[2024-02-25T21:02:16.471+0000] {logging_mixin.py:188} INFO - [2024-02-25T21:02:16.471+0000] {dagbag.py:538} INFO - Filling up the DagBag from /home/airflow/.local/lib/python3.8/site-packages/airflow/example_dags/example_branch_labels.py
[2024-02-25T21:02:16.481+0000] {processor.py:840} INFO - DAG(s) 'example_branch_labels' retrieved from /home/airflow/.local/lib/python3.8/site-packages/airflow/example_dags/example_branch_labels.py
[2024-02-25T21:02:16.509+0000] {logging_mixin.py:188} INFO - [2024-02-25T21:02:16.508+0000] {dag.py:3036} INFO - Sync 1 DAGs
[2024-02-25T21:02:16.532+0000] {logging_mixin.py:188} INFO - [2024-02-25T21:02:16.532+0000] {dag.py:3823} INFO - Setting next_dagrun for example_branch_labels to 2024-02-24 00:00:00+00:00, run_after=2024-02-25 00:00:00+00:00
[2024-02-25T21:02:16.553+0000] {processor.py:183} INFO - Processing /home/airflow/.local/lib/python3.8/site-packages/airflow/example_dags/example_branch_labels.py took 0.095 seconds
[2024-02-25T21:02:47.165+0000] {processor.py:161} INFO - Started process (PID=9921) to work on /home/airflow/.local/lib/python3.8/site-packages/airflow/example_dags/example_branch_labels.py
[2024-02-25T21:02:47.166+0000] {processor.py:830} INFO - Processing file /home/airflow/.local/lib/python3.8/site-packages/airflow/example_dags/example_branch_labels.py for tasks to queue
[2024-02-25T21:02:47.167+0000] {logging_mixin.py:188} INFO - [2024-02-25T21:02:47.167+0000] {dagbag.py:538} INFO - Filling up the DagBag from /home/airflow/.local/lib/python3.8/site-packages/airflow/example_dags/example_branch_labels.py
[2024-02-25T21:02:47.175+0000] {processor.py:840} INFO - DAG(s) 'example_branch_labels' retrieved from /home/airflow/.local/lib/python3.8/site-packages/airflow/example_dags/example_branch_labels.py
[2024-02-25T21:02:47.197+0000] {logging_mixin.py:188} INFO - [2024-02-25T21:02:47.196+0000] {dag.py:3036} INFO - Sync 1 DAGs
[2024-02-25T21:02:47.220+0000] {logging_mixin.py:188} INFO - [2024-02-25T21:02:47.220+0000] {dag.py:3823} INFO - Setting next_dagrun for example_branch_labels to 2024-02-24 00:00:00+00:00, run_after=2024-02-25 00:00:00+00:00
[2024-02-25T21:02:47.246+0000] {processor.py:183} INFO - Processing /home/airflow/.local/lib/python3.8/site-packages/airflow/example_dags/example_branch_labels.py took 0.088 seconds
[2024-02-25T21:03:17.802+0000] {processor.py:161} INFO - Started process (PID=9984) to work on /home/airflow/.local/lib/python3.8/site-packages/airflow/example_dags/example_branch_labels.py
[2024-02-25T21:03:17.803+0000] {processor.py:830} INFO - Processing file /home/airflow/.local/lib/python3.8/site-packages/airflow/example_dags/example_branch_labels.py for tasks to queue
[2024-02-25T21:03:17.805+0000] {logging_mixin.py:188} INFO - [2024-02-25T21:03:17.804+0000] {dagbag.py:538} INFO - Filling up the DagBag from /home/airflow/.local/lib/python3.8/site-packages/airflow/example_dags/example_branch_labels.py
[2024-02-25T21:03:17.813+0000] {processor.py:840} INFO - DAG(s) 'example_branch_labels' retrieved from /home/airflow/.local/lib/python3.8/site-packages/airflow/example_dags/example_branch_labels.py
[2024-02-25T21:03:17.836+0000] {logging_mixin.py:188} INFO - [2024-02-25T21:03:17.836+0000] {dag.py:3036} INFO - Sync 1 DAGs
[2024-02-25T21:03:17.859+0000] {logging_mixin.py:188} INFO - [2024-02-25T21:03:17.859+0000] {dag.py:3823} INFO - Setting next_dagrun for example_branch_labels to 2024-02-24 00:00:00+00:00, run_after=2024-02-25 00:00:00+00:00
[2024-02-25T21:03:17.883+0000] {processor.py:183} INFO - Processing /home/airflow/.local/lib/python3.8/site-packages/airflow/example_dags/example_branch_labels.py took 0.085 seconds
[2024-02-25T21:03:48.325+0000] {processor.py:161} INFO - Started process (PID=10047) to work on /home/airflow/.local/lib/python3.8/site-packages/airflow/example_dags/example_branch_labels.py
[2024-02-25T21:03:48.327+0000] {processor.py:830} INFO - Processing file /home/airflow/.local/lib/python3.8/site-packages/airflow/example_dags/example_branch_labels.py for tasks to queue
[2024-02-25T21:03:48.329+0000] {logging_mixin.py:188} INFO - [2024-02-25T21:03:48.328+0000] {dagbag.py:538} INFO - Filling up the DagBag from /home/airflow/.local/lib/python3.8/site-packages/airflow/example_dags/example_branch_labels.py
[2024-02-25T21:03:48.337+0000] {processor.py:840} INFO - DAG(s) 'example_branch_labels' retrieved from /home/airflow/.local/lib/python3.8/site-packages/airflow/example_dags/example_branch_labels.py
[2024-02-25T21:03:48.358+0000] {logging_mixin.py:188} INFO - [2024-02-25T21:03:48.358+0000] {dag.py:3036} INFO - Sync 1 DAGs
[2024-02-25T21:03:48.380+0000] {logging_mixin.py:188} INFO - [2024-02-25T21:03:48.380+0000] {dag.py:3823} INFO - Setting next_dagrun for example_branch_labels to 2024-02-24 00:00:00+00:00, run_after=2024-02-25 00:00:00+00:00
[2024-02-25T21:03:48.403+0000] {processor.py:183} INFO - Processing /home/airflow/.local/lib/python3.8/site-packages/airflow/example_dags/example_branch_labels.py took 0.085 seconds
[2024-02-25T21:04:18.852+0000] {processor.py:161} INFO - Started process (PID=10110) to work on /home/airflow/.local/lib/python3.8/site-packages/airflow/example_dags/example_branch_labels.py
[2024-02-25T21:04:18.853+0000] {processor.py:830} INFO - Processing file /home/airflow/.local/lib/python3.8/site-packages/airflow/example_dags/example_branch_labels.py for tasks to queue
[2024-02-25T21:04:18.854+0000] {logging_mixin.py:188} INFO - [2024-02-25T21:04:18.854+0000] {dagbag.py:538} INFO - Filling up the DagBag from /home/airflow/.local/lib/python3.8/site-packages/airflow/example_dags/example_branch_labels.py
[2024-02-25T21:04:18.862+0000] {processor.py:840} INFO - DAG(s) 'example_branch_labels' retrieved from /home/airflow/.local/lib/python3.8/site-packages/airflow/example_dags/example_branch_labels.py
[2024-02-25T21:04:18.884+0000] {logging_mixin.py:188} INFO - [2024-02-25T21:04:18.884+0000] {dag.py:3036} INFO - Sync 1 DAGs
[2024-02-25T21:04:18.907+0000] {logging_mixin.py:188} INFO - [2024-02-25T21:04:18.907+0000] {dag.py:3823} INFO - Setting next_dagrun for example_branch_labels to 2024-02-24 00:00:00+00:00, run_after=2024-02-25 00:00:00+00:00
[2024-02-25T21:04:18.931+0000] {processor.py:183} INFO - Processing /home/airflow/.local/lib/python3.8/site-packages/airflow/example_dags/example_branch_labels.py took 0.083 seconds
[2024-02-25T21:04:49.464+0000] {processor.py:161} INFO - Started process (PID=10173) to work on /home/airflow/.local/lib/python3.8/site-packages/airflow/example_dags/example_branch_labels.py
[2024-02-25T21:04:49.465+0000] {processor.py:830} INFO - Processing file /home/airflow/.local/lib/python3.8/site-packages/airflow/example_dags/example_branch_labels.py for tasks to queue
[2024-02-25T21:04:49.466+0000] {logging_mixin.py:188} INFO - [2024-02-25T21:04:49.466+0000] {dagbag.py:538} INFO - Filling up the DagBag from /home/airflow/.local/lib/python3.8/site-packages/airflow/example_dags/example_branch_labels.py
[2024-02-25T21:04:49.475+0000] {processor.py:840} INFO - DAG(s) 'example_branch_labels' retrieved from /home/airflow/.local/lib/python3.8/site-packages/airflow/example_dags/example_branch_labels.py
[2024-02-25T21:04:49.498+0000] {logging_mixin.py:188} INFO - [2024-02-25T21:04:49.497+0000] {dag.py:3036} INFO - Sync 1 DAGs
[2024-02-25T21:04:49.520+0000] {logging_mixin.py:188} INFO - [2024-02-25T21:04:49.520+0000] {dag.py:3823} INFO - Setting next_dagrun for example_branch_labels to 2024-02-24 00:00:00+00:00, run_after=2024-02-25 00:00:00+00:00
[2024-02-25T21:04:49.543+0000] {processor.py:183} INFO - Processing /home/airflow/.local/lib/python3.8/site-packages/airflow/example_dags/example_branch_labels.py took 0.084 seconds
