[2024-02-25T00:03:58.252+0000] {processor.py:161} INFO - Started process (PID=5893) to work on /home/airflow/.local/lib/python3.8/site-packages/airflow/example_dags/example_sensors.py
[2024-02-25T00:03:58.253+0000] {processor.py:830} INFO - Processing file /home/airflow/.local/lib/python3.8/site-packages/airflow/example_dags/example_sensors.py for tasks to queue
[2024-02-25T00:03:58.255+0000] {logging_mixin.py:188} INFO - [2024-02-25T00:03:58.255+0000] {dagbag.py:538} INFO - Filling up the DagBag from /home/airflow/.local/lib/python3.8/site-packages/airflow/example_dags/example_sensors.py
[2024-02-25T00:03:58.267+0000] {processor.py:840} INFO - DAG(s) 'example_sensors' retrieved from /home/airflow/.local/lib/python3.8/site-packages/airflow/example_dags/example_sensors.py
[2024-02-25T00:03:58.297+0000] {logging_mixin.py:188} INFO - [2024-02-25T00:03:58.297+0000] {dag.py:3036} INFO - Sync 1 DAGs
[2024-02-25T00:03:58.310+0000] {logging_mixin.py:188} INFO - [2024-02-25T00:03:58.310+0000] {dag.py:3823} INFO - Setting next_dagrun for example_sensors to None, run_after=None
[2024-02-25T00:03:58.333+0000] {processor.py:183} INFO - Processing /home/airflow/.local/lib/python3.8/site-packages/airflow/example_dags/example_sensors.py took 0.086 seconds
[2024-02-25T00:04:28.744+0000] {processor.py:161} INFO - Started process (PID=5960) to work on /home/airflow/.local/lib/python3.8/site-packages/airflow/example_dags/example_sensors.py
[2024-02-25T00:04:28.745+0000] {processor.py:830} INFO - Processing file /home/airflow/.local/lib/python3.8/site-packages/airflow/example_dags/example_sensors.py for tasks to queue
[2024-02-25T00:04:28.746+0000] {logging_mixin.py:188} INFO - [2024-02-25T00:04:28.746+0000] {dagbag.py:538} INFO - Filling up the DagBag from /home/airflow/.local/lib/python3.8/site-packages/airflow/example_dags/example_sensors.py
[2024-02-25T00:04:28.758+0000] {processor.py:840} INFO - DAG(s) 'example_sensors' retrieved from /home/airflow/.local/lib/python3.8/site-packages/airflow/example_dags/example_sensors.py
[2024-02-25T00:04:28.787+0000] {logging_mixin.py:188} INFO - [2024-02-25T00:04:28.786+0000] {dag.py:3036} INFO - Sync 1 DAGs
[2024-02-25T00:04:28.800+0000] {logging_mixin.py:188} INFO - [2024-02-25T00:04:28.800+0000] {dag.py:3823} INFO - Setting next_dagrun for example_sensors to None, run_after=None
[2024-02-25T00:04:28.828+0000] {processor.py:183} INFO - Processing /home/airflow/.local/lib/python3.8/site-packages/airflow/example_dags/example_sensors.py took 0.088 seconds
[2024-02-25T00:04:59.474+0000] {processor.py:161} INFO - Started process (PID=6023) to work on /home/airflow/.local/lib/python3.8/site-packages/airflow/example_dags/example_sensors.py
[2024-02-25T00:04:59.475+0000] {processor.py:830} INFO - Processing file /home/airflow/.local/lib/python3.8/site-packages/airflow/example_dags/example_sensors.py for tasks to queue
[2024-02-25T00:04:59.477+0000] {logging_mixin.py:188} INFO - [2024-02-25T00:04:59.476+0000] {dagbag.py:538} INFO - Filling up the DagBag from /home/airflow/.local/lib/python3.8/site-packages/airflow/example_dags/example_sensors.py
[2024-02-25T00:04:59.488+0000] {processor.py:840} INFO - DAG(s) 'example_sensors' retrieved from /home/airflow/.local/lib/python3.8/site-packages/airflow/example_dags/example_sensors.py
[2024-02-25T00:04:59.517+0000] {logging_mixin.py:188} INFO - [2024-02-25T00:04:59.517+0000] {dag.py:3036} INFO - Sync 1 DAGs
[2024-02-25T00:04:59.531+0000] {logging_mixin.py:188} INFO - [2024-02-25T00:04:59.530+0000] {dag.py:3823} INFO - Setting next_dagrun for example_sensors to None, run_after=None
[2024-02-25T00:04:59.553+0000] {processor.py:183} INFO - Processing /home/airflow/.local/lib/python3.8/site-packages/airflow/example_dags/example_sensors.py took 0.083 seconds
[2024-02-25T00:05:30.029+0000] {processor.py:161} INFO - Started process (PID=6087) to work on /home/airflow/.local/lib/python3.8/site-packages/airflow/example_dags/example_sensors.py
[2024-02-25T00:05:30.031+0000] {processor.py:830} INFO - Processing file /home/airflow/.local/lib/python3.8/site-packages/airflow/example_dags/example_sensors.py for tasks to queue
[2024-02-25T00:05:30.032+0000] {logging_mixin.py:188} INFO - [2024-02-25T00:05:30.031+0000] {dagbag.py:538} INFO - Filling up the DagBag from /home/airflow/.local/lib/python3.8/site-packages/airflow/example_dags/example_sensors.py
[2024-02-25T00:05:30.043+0000] {processor.py:840} INFO - DAG(s) 'example_sensors' retrieved from /home/airflow/.local/lib/python3.8/site-packages/airflow/example_dags/example_sensors.py
[2024-02-25T00:05:30.070+0000] {logging_mixin.py:188} INFO - [2024-02-25T00:05:30.070+0000] {dag.py:3036} INFO - Sync 1 DAGs
[2024-02-25T00:05:30.084+0000] {logging_mixin.py:188} INFO - [2024-02-25T00:05:30.083+0000] {dag.py:3823} INFO - Setting next_dagrun for example_sensors to None, run_after=None
[2024-02-25T00:05:30.111+0000] {processor.py:183} INFO - Processing /home/airflow/.local/lib/python3.8/site-packages/airflow/example_dags/example_sensors.py took 0.086 seconds
[2024-02-25T00:06:00.740+0000] {processor.py:161} INFO - Started process (PID=6150) to work on /home/airflow/.local/lib/python3.8/site-packages/airflow/example_dags/example_sensors.py
[2024-02-25T00:06:00.742+0000] {processor.py:830} INFO - Processing file /home/airflow/.local/lib/python3.8/site-packages/airflow/example_dags/example_sensors.py for tasks to queue
[2024-02-25T00:06:00.743+0000] {logging_mixin.py:188} INFO - [2024-02-25T00:06:00.742+0000] {dagbag.py:538} INFO - Filling up the DagBag from /home/airflow/.local/lib/python3.8/site-packages/airflow/example_dags/example_sensors.py
[2024-02-25T00:06:00.754+0000] {processor.py:840} INFO - DAG(s) 'example_sensors' retrieved from /home/airflow/.local/lib/python3.8/site-packages/airflow/example_dags/example_sensors.py
[2024-02-25T00:06:00.782+0000] {logging_mixin.py:188} INFO - [2024-02-25T00:06:00.782+0000] {dag.py:3036} INFO - Sync 1 DAGs
[2024-02-25T00:06:00.796+0000] {logging_mixin.py:188} INFO - [2024-02-25T00:06:00.795+0000] {dag.py:3823} INFO - Setting next_dagrun for example_sensors to None, run_after=None
[2024-02-25T00:06:00.818+0000] {processor.py:183} INFO - Processing /home/airflow/.local/lib/python3.8/site-packages/airflow/example_dags/example_sensors.py took 0.082 seconds
[2024-02-25T00:06:31.530+0000] {processor.py:161} INFO - Started process (PID=6214) to work on /home/airflow/.local/lib/python3.8/site-packages/airflow/example_dags/example_sensors.py
[2024-02-25T00:06:31.531+0000] {processor.py:830} INFO - Processing file /home/airflow/.local/lib/python3.8/site-packages/airflow/example_dags/example_sensors.py for tasks to queue
[2024-02-25T00:06:31.532+0000] {logging_mixin.py:188} INFO - [2024-02-25T00:06:31.532+0000] {dagbag.py:538} INFO - Filling up the DagBag from /home/airflow/.local/lib/python3.8/site-packages/airflow/example_dags/example_sensors.py
[2024-02-25T00:06:31.543+0000] {processor.py:840} INFO - DAG(s) 'example_sensors' retrieved from /home/airflow/.local/lib/python3.8/site-packages/airflow/example_dags/example_sensors.py
[2024-02-25T00:06:31.571+0000] {logging_mixin.py:188} INFO - [2024-02-25T00:06:31.571+0000] {dag.py:3036} INFO - Sync 1 DAGs
[2024-02-25T00:06:31.585+0000] {logging_mixin.py:188} INFO - [2024-02-25T00:06:31.585+0000] {dag.py:3823} INFO - Setting next_dagrun for example_sensors to None, run_after=None
[2024-02-25T00:06:31.613+0000] {processor.py:183} INFO - Processing /home/airflow/.local/lib/python3.8/site-packages/airflow/example_dags/example_sensors.py took 0.087 seconds
[2024-02-25T00:07:02.586+0000] {processor.py:161} INFO - Started process (PID=6277) to work on /home/airflow/.local/lib/python3.8/site-packages/airflow/example_dags/example_sensors.py
[2024-02-25T00:07:02.587+0000] {processor.py:830} INFO - Processing file /home/airflow/.local/lib/python3.8/site-packages/airflow/example_dags/example_sensors.py for tasks to queue
[2024-02-25T00:07:02.588+0000] {logging_mixin.py:188} INFO - [2024-02-25T00:07:02.588+0000] {dagbag.py:538} INFO - Filling up the DagBag from /home/airflow/.local/lib/python3.8/site-packages/airflow/example_dags/example_sensors.py
[2024-02-25T00:07:02.599+0000] {processor.py:840} INFO - DAG(s) 'example_sensors' retrieved from /home/airflow/.local/lib/python3.8/site-packages/airflow/example_dags/example_sensors.py
[2024-02-25T00:07:02.637+0000] {logging_mixin.py:188} INFO - [2024-02-25T00:07:02.636+0000] {dag.py:3036} INFO - Sync 1 DAGs
[2024-02-25T00:07:02.651+0000] {logging_mixin.py:188} INFO - [2024-02-25T00:07:02.650+0000] {dag.py:3823} INFO - Setting next_dagrun for example_sensors to None, run_after=None
[2024-02-25T00:07:02.673+0000] {processor.py:183} INFO - Processing /home/airflow/.local/lib/python3.8/site-packages/airflow/example_dags/example_sensors.py took 0.092 seconds
[2024-02-25T00:07:33.341+0000] {processor.py:161} INFO - Started process (PID=6340) to work on /home/airflow/.local/lib/python3.8/site-packages/airflow/example_dags/example_sensors.py
[2024-02-25T00:07:33.342+0000] {processor.py:830} INFO - Processing file /home/airflow/.local/lib/python3.8/site-packages/airflow/example_dags/example_sensors.py for tasks to queue
[2024-02-25T00:07:33.343+0000] {logging_mixin.py:188} INFO - [2024-02-25T00:07:33.343+0000] {dagbag.py:538} INFO - Filling up the DagBag from /home/airflow/.local/lib/python3.8/site-packages/airflow/example_dags/example_sensors.py
[2024-02-25T00:07:33.356+0000] {processor.py:840} INFO - DAG(s) 'example_sensors' retrieved from /home/airflow/.local/lib/python3.8/site-packages/airflow/example_dags/example_sensors.py
[2024-02-25T00:07:33.389+0000] {logging_mixin.py:188} INFO - [2024-02-25T00:07:33.388+0000] {dag.py:3036} INFO - Sync 1 DAGs
[2024-02-25T00:07:33.404+0000] {logging_mixin.py:188} INFO - [2024-02-25T00:07:33.404+0000] {dag.py:3823} INFO - Setting next_dagrun for example_sensors to None, run_after=None
[2024-02-25T00:07:33.432+0000] {processor.py:183} INFO - Processing /home/airflow/.local/lib/python3.8/site-packages/airflow/example_dags/example_sensors.py took 0.096 seconds
[2024-02-25T00:08:04.406+0000] {processor.py:161} INFO - Started process (PID=6403) to work on /home/airflow/.local/lib/python3.8/site-packages/airflow/example_dags/example_sensors.py
[2024-02-25T00:08:04.408+0000] {processor.py:830} INFO - Processing file /home/airflow/.local/lib/python3.8/site-packages/airflow/example_dags/example_sensors.py for tasks to queue
[2024-02-25T00:08:04.409+0000] {logging_mixin.py:188} INFO - [2024-02-25T00:08:04.408+0000] {dagbag.py:538} INFO - Filling up the DagBag from /home/airflow/.local/lib/python3.8/site-packages/airflow/example_dags/example_sensors.py
[2024-02-25T00:08:04.420+0000] {processor.py:840} INFO - DAG(s) 'example_sensors' retrieved from /home/airflow/.local/lib/python3.8/site-packages/airflow/example_dags/example_sensors.py
[2024-02-25T00:08:04.449+0000] {logging_mixin.py:188} INFO - [2024-02-25T00:08:04.449+0000] {dag.py:3036} INFO - Sync 1 DAGs
[2024-02-25T00:08:04.463+0000] {logging_mixin.py:188} INFO - [2024-02-25T00:08:04.462+0000] {dag.py:3823} INFO - Setting next_dagrun for example_sensors to None, run_after=None
[2024-02-25T00:08:04.490+0000] {processor.py:183} INFO - Processing /home/airflow/.local/lib/python3.8/site-packages/airflow/example_dags/example_sensors.py took 0.088 seconds
[2024-02-25T00:08:34.989+0000] {processor.py:161} INFO - Started process (PID=6466) to work on /home/airflow/.local/lib/python3.8/site-packages/airflow/example_dags/example_sensors.py
[2024-02-25T00:08:34.990+0000] {processor.py:830} INFO - Processing file /home/airflow/.local/lib/python3.8/site-packages/airflow/example_dags/example_sensors.py for tasks to queue
[2024-02-25T00:08:34.992+0000] {logging_mixin.py:188} INFO - [2024-02-25T00:08:34.991+0000] {dagbag.py:538} INFO - Filling up the DagBag from /home/airflow/.local/lib/python3.8/site-packages/airflow/example_dags/example_sensors.py
[2024-02-25T00:08:35.003+0000] {processor.py:840} INFO - DAG(s) 'example_sensors' retrieved from /home/airflow/.local/lib/python3.8/site-packages/airflow/example_dags/example_sensors.py
[2024-02-25T00:08:35.031+0000] {logging_mixin.py:188} INFO - [2024-02-25T00:08:35.030+0000] {dag.py:3036} INFO - Sync 1 DAGs
[2024-02-25T00:08:35.044+0000] {logging_mixin.py:188} INFO - [2024-02-25T00:08:35.043+0000] {dag.py:3823} INFO - Setting next_dagrun for example_sensors to None, run_after=None
[2024-02-25T00:08:35.067+0000] {processor.py:183} INFO - Processing /home/airflow/.local/lib/python3.8/site-packages/airflow/example_dags/example_sensors.py took 0.082 seconds
[2024-02-25T00:09:05.727+0000] {processor.py:161} INFO - Started process (PID=6529) to work on /home/airflow/.local/lib/python3.8/site-packages/airflow/example_dags/example_sensors.py
[2024-02-25T00:09:05.729+0000] {processor.py:830} INFO - Processing file /home/airflow/.local/lib/python3.8/site-packages/airflow/example_dags/example_sensors.py for tasks to queue
[2024-02-25T00:09:05.730+0000] {logging_mixin.py:188} INFO - [2024-02-25T00:09:05.729+0000] {dagbag.py:538} INFO - Filling up the DagBag from /home/airflow/.local/lib/python3.8/site-packages/airflow/example_dags/example_sensors.py
[2024-02-25T00:09:05.741+0000] {processor.py:840} INFO - DAG(s) 'example_sensors' retrieved from /home/airflow/.local/lib/python3.8/site-packages/airflow/example_dags/example_sensors.py
[2024-02-25T00:09:05.769+0000] {logging_mixin.py:188} INFO - [2024-02-25T00:09:05.769+0000] {dag.py:3036} INFO - Sync 1 DAGs
[2024-02-25T00:09:05.785+0000] {logging_mixin.py:188} INFO - [2024-02-25T00:09:05.784+0000] {dag.py:3823} INFO - Setting next_dagrun for example_sensors to None, run_after=None
[2024-02-25T00:09:05.807+0000] {processor.py:183} INFO - Processing /home/airflow/.local/lib/python3.8/site-packages/airflow/example_dags/example_sensors.py took 0.084 seconds
[2024-02-25T18:16:22.894+0000] {processor.py:161} INFO - Started process (PID=6592) to work on /home/airflow/.local/lib/python3.8/site-packages/airflow/example_dags/example_sensors.py
[2024-02-25T18:16:22.895+0000] {processor.py:830} INFO - Processing file /home/airflow/.local/lib/python3.8/site-packages/airflow/example_dags/example_sensors.py for tasks to queue
[2024-02-25T18:16:22.897+0000] {logging_mixin.py:188} INFO - [2024-02-25T18:16:22.896+0000] {dagbag.py:538} INFO - Filling up the DagBag from /home/airflow/.local/lib/python3.8/site-packages/airflow/example_dags/example_sensors.py
[2024-02-25T18:16:22.911+0000] {processor.py:840} INFO - DAG(s) 'example_sensors' retrieved from /home/airflow/.local/lib/python3.8/site-packages/airflow/example_dags/example_sensors.py
[2024-02-25T18:16:22.965+0000] {logging_mixin.py:188} INFO - [2024-02-25T18:16:22.964+0000] {dag.py:3036} INFO - Sync 1 DAGs
[2024-02-25T18:16:23.001+0000] {logging_mixin.py:188} INFO - [2024-02-25T18:16:22.999+0000] {dag.py:3823} INFO - Setting next_dagrun for example_sensors to None, run_after=None
[2024-02-25T18:16:23.037+0000] {processor.py:183} INFO - Processing /home/airflow/.local/lib/python3.8/site-packages/airflow/example_dags/example_sensors.py took 0.147 seconds
[2024-02-25T18:16:53.296+0000] {processor.py:161} INFO - Started process (PID=6655) to work on /home/airflow/.local/lib/python3.8/site-packages/airflow/example_dags/example_sensors.py
[2024-02-25T18:16:53.299+0000] {processor.py:830} INFO - Processing file /home/airflow/.local/lib/python3.8/site-packages/airflow/example_dags/example_sensors.py for tasks to queue
[2024-02-25T18:16:53.301+0000] {logging_mixin.py:188} INFO - [2024-02-25T18:16:53.300+0000] {dagbag.py:538} INFO - Filling up the DagBag from /home/airflow/.local/lib/python3.8/site-packages/airflow/example_dags/example_sensors.py
[2024-02-25T18:16:53.315+0000] {processor.py:840} INFO - DAG(s) 'example_sensors' retrieved from /home/airflow/.local/lib/python3.8/site-packages/airflow/example_dags/example_sensors.py
[2024-02-25T18:16:53.355+0000] {logging_mixin.py:188} INFO - [2024-02-25T18:16:53.355+0000] {dag.py:3036} INFO - Sync 1 DAGs
[2024-02-25T18:16:53.375+0000] {logging_mixin.py:188} INFO - [2024-02-25T18:16:53.375+0000] {dag.py:3823} INFO - Setting next_dagrun for example_sensors to None, run_after=None
[2024-02-25T18:16:53.415+0000] {processor.py:183} INFO - Processing /home/airflow/.local/lib/python3.8/site-packages/airflow/example_dags/example_sensors.py took 0.128 seconds
[2024-02-25T18:17:24.626+0000] {processor.py:161} INFO - Started process (PID=6718) to work on /home/airflow/.local/lib/python3.8/site-packages/airflow/example_dags/example_sensors.py
[2024-02-25T18:17:24.628+0000] {processor.py:830} INFO - Processing file /home/airflow/.local/lib/python3.8/site-packages/airflow/example_dags/example_sensors.py for tasks to queue
[2024-02-25T18:17:24.629+0000] {logging_mixin.py:188} INFO - [2024-02-25T18:17:24.629+0000] {dagbag.py:538} INFO - Filling up the DagBag from /home/airflow/.local/lib/python3.8/site-packages/airflow/example_dags/example_sensors.py
[2024-02-25T18:17:24.643+0000] {processor.py:840} INFO - DAG(s) 'example_sensors' retrieved from /home/airflow/.local/lib/python3.8/site-packages/airflow/example_dags/example_sensors.py
[2024-02-25T18:17:24.675+0000] {logging_mixin.py:188} INFO - [2024-02-25T18:17:24.674+0000] {dag.py:3036} INFO - Sync 1 DAGs
[2024-02-25T18:17:24.688+0000] {logging_mixin.py:188} INFO - [2024-02-25T18:17:24.688+0000] {dag.py:3823} INFO - Setting next_dagrun for example_sensors to None, run_after=None
[2024-02-25T18:17:24.714+0000] {processor.py:183} INFO - Processing /home/airflow/.local/lib/python3.8/site-packages/airflow/example_dags/example_sensors.py took 0.092 seconds
[2024-02-25T18:17:55.608+0000] {processor.py:161} INFO - Started process (PID=6781) to work on /home/airflow/.local/lib/python3.8/site-packages/airflow/example_dags/example_sensors.py
[2024-02-25T18:17:55.609+0000] {processor.py:830} INFO - Processing file /home/airflow/.local/lib/python3.8/site-packages/airflow/example_dags/example_sensors.py for tasks to queue
[2024-02-25T18:17:55.610+0000] {logging_mixin.py:188} INFO - [2024-02-25T18:17:55.610+0000] {dagbag.py:538} INFO - Filling up the DagBag from /home/airflow/.local/lib/python3.8/site-packages/airflow/example_dags/example_sensors.py
[2024-02-25T18:17:55.622+0000] {processor.py:840} INFO - DAG(s) 'example_sensors' retrieved from /home/airflow/.local/lib/python3.8/site-packages/airflow/example_dags/example_sensors.py
[2024-02-25T18:17:55.649+0000] {logging_mixin.py:188} INFO - [2024-02-25T18:17:55.648+0000] {dag.py:3036} INFO - Sync 1 DAGs
[2024-02-25T18:17:55.663+0000] {logging_mixin.py:188} INFO - [2024-02-25T18:17:55.663+0000] {dag.py:3823} INFO - Setting next_dagrun for example_sensors to None, run_after=None
[2024-02-25T18:17:55.688+0000] {processor.py:183} INFO - Processing /home/airflow/.local/lib/python3.8/site-packages/airflow/example_dags/example_sensors.py took 0.083 seconds
[2024-02-25T18:18:26.580+0000] {processor.py:161} INFO - Started process (PID=6844) to work on /home/airflow/.local/lib/python3.8/site-packages/airflow/example_dags/example_sensors.py
[2024-02-25T18:18:26.581+0000] {processor.py:830} INFO - Processing file /home/airflow/.local/lib/python3.8/site-packages/airflow/example_dags/example_sensors.py for tasks to queue
[2024-02-25T18:18:26.583+0000] {logging_mixin.py:188} INFO - [2024-02-25T18:18:26.582+0000] {dagbag.py:538} INFO - Filling up the DagBag from /home/airflow/.local/lib/python3.8/site-packages/airflow/example_dags/example_sensors.py
[2024-02-25T18:18:26.596+0000] {processor.py:840} INFO - DAG(s) 'example_sensors' retrieved from /home/airflow/.local/lib/python3.8/site-packages/airflow/example_dags/example_sensors.py
[2024-02-25T18:18:26.628+0000] {logging_mixin.py:188} INFO - [2024-02-25T18:18:26.628+0000] {dag.py:3036} INFO - Sync 1 DAGs
[2024-02-25T18:18:26.643+0000] {logging_mixin.py:188} INFO - [2024-02-25T18:18:26.643+0000] {dag.py:3823} INFO - Setting next_dagrun for example_sensors to None, run_after=None
[2024-02-25T18:18:26.673+0000] {processor.py:183} INFO - Processing /home/airflow/.local/lib/python3.8/site-packages/airflow/example_dags/example_sensors.py took 0.097 seconds
[2024-02-25T18:18:57.164+0000] {processor.py:161} INFO - Started process (PID=6908) to work on /home/airflow/.local/lib/python3.8/site-packages/airflow/example_dags/example_sensors.py
[2024-02-25T18:18:57.165+0000] {processor.py:830} INFO - Processing file /home/airflow/.local/lib/python3.8/site-packages/airflow/example_dags/example_sensors.py for tasks to queue
[2024-02-25T18:18:57.166+0000] {logging_mixin.py:188} INFO - [2024-02-25T18:18:57.166+0000] {dagbag.py:538} INFO - Filling up the DagBag from /home/airflow/.local/lib/python3.8/site-packages/airflow/example_dags/example_sensors.py
[2024-02-25T18:18:57.178+0000] {processor.py:840} INFO - DAG(s) 'example_sensors' retrieved from /home/airflow/.local/lib/python3.8/site-packages/airflow/example_dags/example_sensors.py
[2024-02-25T18:18:57.207+0000] {logging_mixin.py:188} INFO - [2024-02-25T18:18:57.207+0000] {dag.py:3036} INFO - Sync 1 DAGs
[2024-02-25T18:18:57.221+0000] {logging_mixin.py:188} INFO - [2024-02-25T18:18:57.220+0000] {dag.py:3823} INFO - Setting next_dagrun for example_sensors to None, run_after=None
[2024-02-25T18:18:57.245+0000] {processor.py:183} INFO - Processing /home/airflow/.local/lib/python3.8/site-packages/airflow/example_dags/example_sensors.py took 0.084 seconds
[2024-02-25T18:19:27.295+0000] {processor.py:161} INFO - Started process (PID=6970) to work on /home/airflow/.local/lib/python3.8/site-packages/airflow/example_dags/example_sensors.py
[2024-02-25T18:19:27.296+0000] {processor.py:830} INFO - Processing file /home/airflow/.local/lib/python3.8/site-packages/airflow/example_dags/example_sensors.py for tasks to queue
[2024-02-25T18:19:27.298+0000] {logging_mixin.py:188} INFO - [2024-02-25T18:19:27.297+0000] {dagbag.py:538} INFO - Filling up the DagBag from /home/airflow/.local/lib/python3.8/site-packages/airflow/example_dags/example_sensors.py
[2024-02-25T18:19:27.311+0000] {processor.py:840} INFO - DAG(s) 'example_sensors' retrieved from /home/airflow/.local/lib/python3.8/site-packages/airflow/example_dags/example_sensors.py
[2024-02-25T18:19:27.355+0000] {logging_mixin.py:188} INFO - [2024-02-25T18:19:27.355+0000] {dag.py:3036} INFO - Sync 1 DAGs
[2024-02-25T18:19:27.371+0000] {logging_mixin.py:188} INFO - [2024-02-25T18:19:27.370+0000] {dag.py:3823} INFO - Setting next_dagrun for example_sensors to None, run_after=None
[2024-02-25T18:19:27.395+0000] {processor.py:183} INFO - Processing /home/airflow/.local/lib/python3.8/site-packages/airflow/example_dags/example_sensors.py took 0.105 seconds
[2024-02-25T18:19:58.241+0000] {processor.py:161} INFO - Started process (PID=7039) to work on /home/airflow/.local/lib/python3.8/site-packages/airflow/example_dags/example_sensors.py
[2024-02-25T18:19:58.242+0000] {processor.py:830} INFO - Processing file /home/airflow/.local/lib/python3.8/site-packages/airflow/example_dags/example_sensors.py for tasks to queue
[2024-02-25T18:19:58.244+0000] {logging_mixin.py:188} INFO - [2024-02-25T18:19:58.243+0000] {dagbag.py:538} INFO - Filling up the DagBag from /home/airflow/.local/lib/python3.8/site-packages/airflow/example_dags/example_sensors.py
[2024-02-25T18:19:58.256+0000] {processor.py:840} INFO - DAG(s) 'example_sensors' retrieved from /home/airflow/.local/lib/python3.8/site-packages/airflow/example_dags/example_sensors.py
[2024-02-25T18:19:58.287+0000] {logging_mixin.py:188} INFO - [2024-02-25T18:19:58.287+0000] {dag.py:3036} INFO - Sync 1 DAGs
[2024-02-25T18:19:58.301+0000] {logging_mixin.py:188} INFO - [2024-02-25T18:19:58.301+0000] {dag.py:3823} INFO - Setting next_dagrun for example_sensors to None, run_after=None
[2024-02-25T18:19:58.325+0000] {processor.py:183} INFO - Processing /home/airflow/.local/lib/python3.8/site-packages/airflow/example_dags/example_sensors.py took 0.090 seconds
[2024-02-25T18:20:28.885+0000] {processor.py:161} INFO - Started process (PID=7102) to work on /home/airflow/.local/lib/python3.8/site-packages/airflow/example_dags/example_sensors.py
[2024-02-25T18:20:28.889+0000] {processor.py:830} INFO - Processing file /home/airflow/.local/lib/python3.8/site-packages/airflow/example_dags/example_sensors.py for tasks to queue
[2024-02-25T18:20:28.893+0000] {logging_mixin.py:188} INFO - [2024-02-25T18:20:28.891+0000] {dagbag.py:538} INFO - Filling up the DagBag from /home/airflow/.local/lib/python3.8/site-packages/airflow/example_dags/example_sensors.py
[2024-02-25T18:20:28.906+0000] {processor.py:840} INFO - DAG(s) 'example_sensors' retrieved from /home/airflow/.local/lib/python3.8/site-packages/airflow/example_dags/example_sensors.py
[2024-02-25T18:20:28.945+0000] {logging_mixin.py:188} INFO - [2024-02-25T18:20:28.944+0000] {dag.py:3036} INFO - Sync 1 DAGs
[2024-02-25T18:20:28.960+0000] {logging_mixin.py:188} INFO - [2024-02-25T18:20:28.960+0000] {dag.py:3823} INFO - Setting next_dagrun for example_sensors to None, run_after=None
[2024-02-25T18:20:28.990+0000] {processor.py:183} INFO - Processing /home/airflow/.local/lib/python3.8/site-packages/airflow/example_dags/example_sensors.py took 0.110 seconds
[2024-02-25T18:20:59.463+0000] {processor.py:161} INFO - Started process (PID=7165) to work on /home/airflow/.local/lib/python3.8/site-packages/airflow/example_dags/example_sensors.py
[2024-02-25T18:20:59.465+0000] {processor.py:830} INFO - Processing file /home/airflow/.local/lib/python3.8/site-packages/airflow/example_dags/example_sensors.py for tasks to queue
[2024-02-25T18:20:59.466+0000] {logging_mixin.py:188} INFO - [2024-02-25T18:20:59.466+0000] {dagbag.py:538} INFO - Filling up the DagBag from /home/airflow/.local/lib/python3.8/site-packages/airflow/example_dags/example_sensors.py
[2024-02-25T18:20:59.480+0000] {processor.py:840} INFO - DAG(s) 'example_sensors' retrieved from /home/airflow/.local/lib/python3.8/site-packages/airflow/example_dags/example_sensors.py
[2024-02-25T18:20:59.529+0000] {logging_mixin.py:188} INFO - [2024-02-25T18:20:59.528+0000] {dag.py:3036} INFO - Sync 1 DAGs
[2024-02-25T18:20:59.546+0000] {logging_mixin.py:188} INFO - [2024-02-25T18:20:59.546+0000] {dag.py:3823} INFO - Setting next_dagrun for example_sensors to None, run_after=None
[2024-02-25T18:20:59.579+0000] {processor.py:183} INFO - Processing /home/airflow/.local/lib/python3.8/site-packages/airflow/example_dags/example_sensors.py took 0.120 seconds
[2024-02-25T18:21:29.793+0000] {processor.py:161} INFO - Started process (PID=7228) to work on /home/airflow/.local/lib/python3.8/site-packages/airflow/example_dags/example_sensors.py
[2024-02-25T18:21:29.794+0000] {processor.py:830} INFO - Processing file /home/airflow/.local/lib/python3.8/site-packages/airflow/example_dags/example_sensors.py for tasks to queue
[2024-02-25T18:21:29.796+0000] {logging_mixin.py:188} INFO - [2024-02-25T18:21:29.795+0000] {dagbag.py:538} INFO - Filling up the DagBag from /home/airflow/.local/lib/python3.8/site-packages/airflow/example_dags/example_sensors.py
[2024-02-25T18:21:29.807+0000] {processor.py:840} INFO - DAG(s) 'example_sensors' retrieved from /home/airflow/.local/lib/python3.8/site-packages/airflow/example_dags/example_sensors.py
[2024-02-25T18:21:29.837+0000] {logging_mixin.py:188} INFO - [2024-02-25T18:21:29.837+0000] {dag.py:3036} INFO - Sync 1 DAGs
[2024-02-25T18:21:29.852+0000] {logging_mixin.py:188} INFO - [2024-02-25T18:21:29.852+0000] {dag.py:3823} INFO - Setting next_dagrun for example_sensors to None, run_after=None
[2024-02-25T18:21:29.878+0000] {processor.py:183} INFO - Processing /home/airflow/.local/lib/python3.8/site-packages/airflow/example_dags/example_sensors.py took 0.089 seconds
[2024-02-25T18:22:00.216+0000] {processor.py:161} INFO - Started process (PID=7290) to work on /home/airflow/.local/lib/python3.8/site-packages/airflow/example_dags/example_sensors.py
[2024-02-25T18:22:00.217+0000] {processor.py:830} INFO - Processing file /home/airflow/.local/lib/python3.8/site-packages/airflow/example_dags/example_sensors.py for tasks to queue
[2024-02-25T18:22:00.219+0000] {logging_mixin.py:188} INFO - [2024-02-25T18:22:00.218+0000] {dagbag.py:538} INFO - Filling up the DagBag from /home/airflow/.local/lib/python3.8/site-packages/airflow/example_dags/example_sensors.py
[2024-02-25T18:22:00.230+0000] {processor.py:840} INFO - DAG(s) 'example_sensors' retrieved from /home/airflow/.local/lib/python3.8/site-packages/airflow/example_dags/example_sensors.py
[2024-02-25T18:22:00.259+0000] {logging_mixin.py:188} INFO - [2024-02-25T18:22:00.259+0000] {dag.py:3036} INFO - Sync 1 DAGs
[2024-02-25T18:22:00.272+0000] {logging_mixin.py:188} INFO - [2024-02-25T18:22:00.272+0000] {dag.py:3823} INFO - Setting next_dagrun for example_sensors to None, run_after=None
[2024-02-25T18:22:00.296+0000] {processor.py:183} INFO - Processing /home/airflow/.local/lib/python3.8/site-packages/airflow/example_dags/example_sensors.py took 0.083 seconds
[2024-02-25T18:22:31.789+0000] {processor.py:161} INFO - Started process (PID=7355) to work on /home/airflow/.local/lib/python3.8/site-packages/airflow/example_dags/example_sensors.py
[2024-02-25T18:22:31.790+0000] {processor.py:830} INFO - Processing file /home/airflow/.local/lib/python3.8/site-packages/airflow/example_dags/example_sensors.py for tasks to queue
[2024-02-25T18:22:31.792+0000] {logging_mixin.py:188} INFO - [2024-02-25T18:22:31.791+0000] {dagbag.py:538} INFO - Filling up the DagBag from /home/airflow/.local/lib/python3.8/site-packages/airflow/example_dags/example_sensors.py
[2024-02-25T18:22:31.803+0000] {processor.py:840} INFO - DAG(s) 'example_sensors' retrieved from /home/airflow/.local/lib/python3.8/site-packages/airflow/example_dags/example_sensors.py
[2024-02-25T18:22:31.831+0000] {logging_mixin.py:188} INFO - [2024-02-25T18:22:31.831+0000] {dag.py:3036} INFO - Sync 1 DAGs
[2024-02-25T18:22:31.846+0000] {logging_mixin.py:188} INFO - [2024-02-25T18:22:31.845+0000] {dag.py:3823} INFO - Setting next_dagrun for example_sensors to None, run_after=None
[2024-02-25T18:22:31.869+0000] {processor.py:183} INFO - Processing /home/airflow/.local/lib/python3.8/site-packages/airflow/example_dags/example_sensors.py took 0.084 seconds
[2024-02-25T18:23:02.509+0000] {processor.py:161} INFO - Started process (PID=7418) to work on /home/airflow/.local/lib/python3.8/site-packages/airflow/example_dags/example_sensors.py
[2024-02-25T18:23:02.510+0000] {processor.py:830} INFO - Processing file /home/airflow/.local/lib/python3.8/site-packages/airflow/example_dags/example_sensors.py for tasks to queue
[2024-02-25T18:23:02.511+0000] {logging_mixin.py:188} INFO - [2024-02-25T18:23:02.511+0000] {dagbag.py:538} INFO - Filling up the DagBag from /home/airflow/.local/lib/python3.8/site-packages/airflow/example_dags/example_sensors.py
[2024-02-25T18:23:02.523+0000] {processor.py:840} INFO - DAG(s) 'example_sensors' retrieved from /home/airflow/.local/lib/python3.8/site-packages/airflow/example_dags/example_sensors.py
[2024-02-25T18:23:02.551+0000] {logging_mixin.py:188} INFO - [2024-02-25T18:23:02.551+0000] {dag.py:3036} INFO - Sync 1 DAGs
[2024-02-25T18:23:02.565+0000] {logging_mixin.py:188} INFO - [2024-02-25T18:23:02.564+0000] {dag.py:3823} INFO - Setting next_dagrun for example_sensors to None, run_after=None
[2024-02-25T18:23:02.587+0000] {processor.py:183} INFO - Processing /home/airflow/.local/lib/python3.8/site-packages/airflow/example_dags/example_sensors.py took 0.082 seconds
[2024-02-25T18:23:53.966+0000] {processor.py:161} INFO - Started process (PID=7481) to work on /home/airflow/.local/lib/python3.8/site-packages/airflow/example_dags/example_sensors.py
[2024-02-25T18:23:53.967+0000] {processor.py:830} INFO - Processing file /home/airflow/.local/lib/python3.8/site-packages/airflow/example_dags/example_sensors.py for tasks to queue
[2024-02-25T18:23:53.968+0000] {logging_mixin.py:188} INFO - [2024-02-25T18:23:53.968+0000] {dagbag.py:538} INFO - Filling up the DagBag from /home/airflow/.local/lib/python3.8/site-packages/airflow/example_dags/example_sensors.py
[2024-02-25T18:23:53.980+0000] {processor.py:840} INFO - DAG(s) 'example_sensors' retrieved from /home/airflow/.local/lib/python3.8/site-packages/airflow/example_dags/example_sensors.py
[2024-02-25T18:23:54.008+0000] {logging_mixin.py:188} INFO - [2024-02-25T18:23:54.008+0000] {dag.py:3036} INFO - Sync 1 DAGs
[2024-02-25T18:23:54.022+0000] {logging_mixin.py:188} INFO - [2024-02-25T18:23:54.022+0000] {dag.py:3823} INFO - Setting next_dagrun for example_sensors to None, run_after=None
[2024-02-25T18:23:54.045+0000] {processor.py:183} INFO - Processing /home/airflow/.local/lib/python3.8/site-packages/airflow/example_dags/example_sensors.py took 0.082 seconds
[2024-02-25T18:24:24.305+0000] {processor.py:161} INFO - Started process (PID=7542) to work on /home/airflow/.local/lib/python3.8/site-packages/airflow/example_dags/example_sensors.py
[2024-02-25T18:24:24.306+0000] {processor.py:830} INFO - Processing file /home/airflow/.local/lib/python3.8/site-packages/airflow/example_dags/example_sensors.py for tasks to queue
[2024-02-25T18:24:24.307+0000] {logging_mixin.py:188} INFO - [2024-02-25T18:24:24.307+0000] {dagbag.py:538} INFO - Filling up the DagBag from /home/airflow/.local/lib/python3.8/site-packages/airflow/example_dags/example_sensors.py
[2024-02-25T18:24:24.318+0000] {processor.py:840} INFO - DAG(s) 'example_sensors' retrieved from /home/airflow/.local/lib/python3.8/site-packages/airflow/example_dags/example_sensors.py
[2024-02-25T18:24:24.346+0000] {logging_mixin.py:188} INFO - [2024-02-25T18:24:24.346+0000] {dag.py:3036} INFO - Sync 1 DAGs
[2024-02-25T18:24:24.359+0000] {logging_mixin.py:188} INFO - [2024-02-25T18:24:24.359+0000] {dag.py:3823} INFO - Setting next_dagrun for example_sensors to None, run_after=None
[2024-02-25T18:24:24.382+0000] {processor.py:183} INFO - Processing /home/airflow/.local/lib/python3.8/site-packages/airflow/example_dags/example_sensors.py took 0.081 seconds
[2024-02-25T18:24:55.522+0000] {processor.py:161} INFO - Started process (PID=7605) to work on /home/airflow/.local/lib/python3.8/site-packages/airflow/example_dags/example_sensors.py
[2024-02-25T18:24:55.524+0000] {processor.py:830} INFO - Processing file /home/airflow/.local/lib/python3.8/site-packages/airflow/example_dags/example_sensors.py for tasks to queue
[2024-02-25T18:24:55.525+0000] {logging_mixin.py:188} INFO - [2024-02-25T18:24:55.525+0000] {dagbag.py:538} INFO - Filling up the DagBag from /home/airflow/.local/lib/python3.8/site-packages/airflow/example_dags/example_sensors.py
[2024-02-25T18:24:55.537+0000] {processor.py:840} INFO - DAG(s) 'example_sensors' retrieved from /home/airflow/.local/lib/python3.8/site-packages/airflow/example_dags/example_sensors.py
[2024-02-25T18:24:55.565+0000] {logging_mixin.py:188} INFO - [2024-02-25T18:24:55.564+0000] {dag.py:3036} INFO - Sync 1 DAGs
[2024-02-25T18:24:55.578+0000] {logging_mixin.py:188} INFO - [2024-02-25T18:24:55.578+0000] {dag.py:3823} INFO - Setting next_dagrun for example_sensors to None, run_after=None
[2024-02-25T18:24:55.600+0000] {processor.py:183} INFO - Processing /home/airflow/.local/lib/python3.8/site-packages/airflow/example_dags/example_sensors.py took 0.082 seconds
[2024-02-25T18:25:26.648+0000] {processor.py:161} INFO - Started process (PID=7670) to work on /home/airflow/.local/lib/python3.8/site-packages/airflow/example_dags/example_sensors.py
[2024-02-25T18:25:26.649+0000] {processor.py:830} INFO - Processing file /home/airflow/.local/lib/python3.8/site-packages/airflow/example_dags/example_sensors.py for tasks to queue
[2024-02-25T18:25:26.651+0000] {logging_mixin.py:188} INFO - [2024-02-25T18:25:26.650+0000] {dagbag.py:538} INFO - Filling up the DagBag from /home/airflow/.local/lib/python3.8/site-packages/airflow/example_dags/example_sensors.py
[2024-02-25T18:25:26.661+0000] {processor.py:840} INFO - DAG(s) 'example_sensors' retrieved from /home/airflow/.local/lib/python3.8/site-packages/airflow/example_dags/example_sensors.py
[2024-02-25T18:25:26.691+0000] {logging_mixin.py:188} INFO - [2024-02-25T18:25:26.691+0000] {dag.py:3036} INFO - Sync 1 DAGs
[2024-02-25T18:25:26.706+0000] {logging_mixin.py:188} INFO - [2024-02-25T18:25:26.705+0000] {dag.py:3823} INFO - Setting next_dagrun for example_sensors to None, run_after=None
[2024-02-25T18:25:26.730+0000] {processor.py:183} INFO - Processing /home/airflow/.local/lib/python3.8/site-packages/airflow/example_dags/example_sensors.py took 0.085 seconds
[2024-02-25T18:25:57.198+0000] {processor.py:161} INFO - Started process (PID=7731) to work on /home/airflow/.local/lib/python3.8/site-packages/airflow/example_dags/example_sensors.py
[2024-02-25T18:25:57.199+0000] {processor.py:830} INFO - Processing file /home/airflow/.local/lib/python3.8/site-packages/airflow/example_dags/example_sensors.py for tasks to queue
[2024-02-25T18:25:57.200+0000] {logging_mixin.py:188} INFO - [2024-02-25T18:25:57.200+0000] {dagbag.py:538} INFO - Filling up the DagBag from /home/airflow/.local/lib/python3.8/site-packages/airflow/example_dags/example_sensors.py
[2024-02-25T18:25:57.211+0000] {processor.py:840} INFO - DAG(s) 'example_sensors' retrieved from /home/airflow/.local/lib/python3.8/site-packages/airflow/example_dags/example_sensors.py
[2024-02-25T18:25:57.238+0000] {logging_mixin.py:188} INFO - [2024-02-25T18:25:57.238+0000] {dag.py:3036} INFO - Sync 1 DAGs
[2024-02-25T18:25:57.252+0000] {logging_mixin.py:188} INFO - [2024-02-25T18:25:57.251+0000] {dag.py:3823} INFO - Setting next_dagrun for example_sensors to None, run_after=None
[2024-02-25T18:25:57.278+0000] {processor.py:183} INFO - Processing /home/airflow/.local/lib/python3.8/site-packages/airflow/example_dags/example_sensors.py took 0.084 seconds
[2024-02-25T18:26:28.055+0000] {processor.py:161} INFO - Started process (PID=7794) to work on /home/airflow/.local/lib/python3.8/site-packages/airflow/example_dags/example_sensors.py
[2024-02-25T18:26:28.056+0000] {processor.py:830} INFO - Processing file /home/airflow/.local/lib/python3.8/site-packages/airflow/example_dags/example_sensors.py for tasks to queue
[2024-02-25T18:26:28.057+0000] {logging_mixin.py:188} INFO - [2024-02-25T18:26:28.057+0000] {dagbag.py:538} INFO - Filling up the DagBag from /home/airflow/.local/lib/python3.8/site-packages/airflow/example_dags/example_sensors.py
[2024-02-25T18:26:28.068+0000] {processor.py:840} INFO - DAG(s) 'example_sensors' retrieved from /home/airflow/.local/lib/python3.8/site-packages/airflow/example_dags/example_sensors.py
[2024-02-25T18:26:28.098+0000] {logging_mixin.py:188} INFO - [2024-02-25T18:26:28.098+0000] {dag.py:3036} INFO - Sync 1 DAGs
[2024-02-25T18:26:28.113+0000] {logging_mixin.py:188} INFO - [2024-02-25T18:26:28.113+0000] {dag.py:3823} INFO - Setting next_dagrun for example_sensors to None, run_after=None
[2024-02-25T18:26:28.138+0000] {processor.py:183} INFO - Processing /home/airflow/.local/lib/python3.8/site-packages/airflow/example_dags/example_sensors.py took 0.086 seconds
[2024-02-25T18:26:59.256+0000] {processor.py:161} INFO - Started process (PID=7858) to work on /home/airflow/.local/lib/python3.8/site-packages/airflow/example_dags/example_sensors.py
[2024-02-25T18:26:59.258+0000] {processor.py:830} INFO - Processing file /home/airflow/.local/lib/python3.8/site-packages/airflow/example_dags/example_sensors.py for tasks to queue
[2024-02-25T18:26:59.259+0000] {logging_mixin.py:188} INFO - [2024-02-25T18:26:59.259+0000] {dagbag.py:538} INFO - Filling up the DagBag from /home/airflow/.local/lib/python3.8/site-packages/airflow/example_dags/example_sensors.py
[2024-02-25T18:26:59.270+0000] {processor.py:840} INFO - DAG(s) 'example_sensors' retrieved from /home/airflow/.local/lib/python3.8/site-packages/airflow/example_dags/example_sensors.py
[2024-02-25T18:26:59.300+0000] {logging_mixin.py:188} INFO - [2024-02-25T18:26:59.300+0000] {dag.py:3036} INFO - Sync 1 DAGs
[2024-02-25T18:26:59.313+0000] {logging_mixin.py:188} INFO - [2024-02-25T18:26:59.313+0000] {dag.py:3823} INFO - Setting next_dagrun for example_sensors to None, run_after=None
[2024-02-25T18:26:59.336+0000] {processor.py:183} INFO - Processing /home/airflow/.local/lib/python3.8/site-packages/airflow/example_dags/example_sensors.py took 0.084 seconds
[2024-02-25T18:27:30.030+0000] {processor.py:161} INFO - Started process (PID=7921) to work on /home/airflow/.local/lib/python3.8/site-packages/airflow/example_dags/example_sensors.py
[2024-02-25T18:27:30.031+0000] {processor.py:830} INFO - Processing file /home/airflow/.local/lib/python3.8/site-packages/airflow/example_dags/example_sensors.py for tasks to queue
[2024-02-25T18:27:30.032+0000] {logging_mixin.py:188} INFO - [2024-02-25T18:27:30.032+0000] {dagbag.py:538} INFO - Filling up the DagBag from /home/airflow/.local/lib/python3.8/site-packages/airflow/example_dags/example_sensors.py
[2024-02-25T18:27:30.043+0000] {processor.py:840} INFO - DAG(s) 'example_sensors' retrieved from /home/airflow/.local/lib/python3.8/site-packages/airflow/example_dags/example_sensors.py
[2024-02-25T18:27:30.072+0000] {logging_mixin.py:188} INFO - [2024-02-25T18:27:30.072+0000] {dag.py:3036} INFO - Sync 1 DAGs
[2024-02-25T18:27:30.085+0000] {logging_mixin.py:188} INFO - [2024-02-25T18:27:30.084+0000] {dag.py:3823} INFO - Setting next_dagrun for example_sensors to None, run_after=None
[2024-02-25T18:27:30.106+0000] {processor.py:183} INFO - Processing /home/airflow/.local/lib/python3.8/site-packages/airflow/example_dags/example_sensors.py took 0.080 seconds
[2024-02-25T18:28:01.230+0000] {processor.py:161} INFO - Started process (PID=7984) to work on /home/airflow/.local/lib/python3.8/site-packages/airflow/example_dags/example_sensors.py
[2024-02-25T18:28:01.232+0000] {processor.py:830} INFO - Processing file /home/airflow/.local/lib/python3.8/site-packages/airflow/example_dags/example_sensors.py for tasks to queue
[2024-02-25T18:28:01.233+0000] {logging_mixin.py:188} INFO - [2024-02-25T18:28:01.232+0000] {dagbag.py:538} INFO - Filling up the DagBag from /home/airflow/.local/lib/python3.8/site-packages/airflow/example_dags/example_sensors.py
[2024-02-25T18:28:01.244+0000] {processor.py:840} INFO - DAG(s) 'example_sensors' retrieved from /home/airflow/.local/lib/python3.8/site-packages/airflow/example_dags/example_sensors.py
[2024-02-25T18:28:01.275+0000] {logging_mixin.py:188} INFO - [2024-02-25T18:28:01.275+0000] {dag.py:3036} INFO - Sync 1 DAGs
[2024-02-25T18:28:01.290+0000] {logging_mixin.py:188} INFO - [2024-02-25T18:28:01.290+0000] {dag.py:3823} INFO - Setting next_dagrun for example_sensors to None, run_after=None
[2024-02-25T18:28:01.315+0000] {processor.py:183} INFO - Processing /home/airflow/.local/lib/python3.8/site-packages/airflow/example_dags/example_sensors.py took 0.089 seconds
[2024-02-25T18:28:31.565+0000] {processor.py:161} INFO - Started process (PID=8045) to work on /home/airflow/.local/lib/python3.8/site-packages/airflow/example_dags/example_sensors.py
[2024-02-25T18:28:31.567+0000] {processor.py:830} INFO - Processing file /home/airflow/.local/lib/python3.8/site-packages/airflow/example_dags/example_sensors.py for tasks to queue
[2024-02-25T18:28:31.568+0000] {logging_mixin.py:188} INFO - [2024-02-25T18:28:31.568+0000] {dagbag.py:538} INFO - Filling up the DagBag from /home/airflow/.local/lib/python3.8/site-packages/airflow/example_dags/example_sensors.py
[2024-02-25T18:28:31.581+0000] {processor.py:840} INFO - DAG(s) 'example_sensors' retrieved from /home/airflow/.local/lib/python3.8/site-packages/airflow/example_dags/example_sensors.py
[2024-02-25T18:28:31.614+0000] {logging_mixin.py:188} INFO - [2024-02-25T18:28:31.614+0000] {dag.py:3036} INFO - Sync 1 DAGs
[2024-02-25T18:28:31.629+0000] {logging_mixin.py:188} INFO - [2024-02-25T18:28:31.629+0000] {dag.py:3823} INFO - Setting next_dagrun for example_sensors to None, run_after=None
[2024-02-25T18:28:31.656+0000] {processor.py:183} INFO - Processing /home/airflow/.local/lib/python3.8/site-packages/airflow/example_dags/example_sensors.py took 0.095 seconds
[2024-02-25T18:29:02.464+0000] {processor.py:161} INFO - Started process (PID=8107) to work on /home/airflow/.local/lib/python3.8/site-packages/airflow/example_dags/example_sensors.py
[2024-02-25T18:29:02.466+0000] {processor.py:830} INFO - Processing file /home/airflow/.local/lib/python3.8/site-packages/airflow/example_dags/example_sensors.py for tasks to queue
[2024-02-25T18:29:02.467+0000] {logging_mixin.py:188} INFO - [2024-02-25T18:29:02.466+0000] {dagbag.py:538} INFO - Filling up the DagBag from /home/airflow/.local/lib/python3.8/site-packages/airflow/example_dags/example_sensors.py
[2024-02-25T18:29:02.478+0000] {processor.py:840} INFO - DAG(s) 'example_sensors' retrieved from /home/airflow/.local/lib/python3.8/site-packages/airflow/example_dags/example_sensors.py
[2024-02-25T18:29:02.507+0000] {logging_mixin.py:188} INFO - [2024-02-25T18:29:02.507+0000] {dag.py:3036} INFO - Sync 1 DAGs
[2024-02-25T18:29:02.521+0000] {logging_mixin.py:188} INFO - [2024-02-25T18:29:02.521+0000] {dag.py:3823} INFO - Setting next_dagrun for example_sensors to None, run_after=None
[2024-02-25T18:29:02.546+0000] {processor.py:183} INFO - Processing /home/airflow/.local/lib/python3.8/site-packages/airflow/example_dags/example_sensors.py took 0.086 seconds
[2024-02-25T18:29:32.903+0000] {processor.py:161} INFO - Started process (PID=8170) to work on /home/airflow/.local/lib/python3.8/site-packages/airflow/example_dags/example_sensors.py
[2024-02-25T18:29:32.905+0000] {processor.py:830} INFO - Processing file /home/airflow/.local/lib/python3.8/site-packages/airflow/example_dags/example_sensors.py for tasks to queue
[2024-02-25T18:29:32.906+0000] {logging_mixin.py:188} INFO - [2024-02-25T18:29:32.906+0000] {dagbag.py:538} INFO - Filling up the DagBag from /home/airflow/.local/lib/python3.8/site-packages/airflow/example_dags/example_sensors.py
[2024-02-25T18:29:32.918+0000] {processor.py:840} INFO - DAG(s) 'example_sensors' retrieved from /home/airflow/.local/lib/python3.8/site-packages/airflow/example_dags/example_sensors.py
[2024-02-25T18:29:32.946+0000] {logging_mixin.py:188} INFO - [2024-02-25T18:29:32.946+0000] {dag.py:3036} INFO - Sync 1 DAGs
[2024-02-25T18:29:32.960+0000] {logging_mixin.py:188} INFO - [2024-02-25T18:29:32.960+0000] {dag.py:3823} INFO - Setting next_dagrun for example_sensors to None, run_after=None
[2024-02-25T18:29:32.985+0000] {processor.py:183} INFO - Processing /home/airflow/.local/lib/python3.8/site-packages/airflow/example_dags/example_sensors.py took 0.086 seconds
[2024-02-25T18:30:03.801+0000] {processor.py:161} INFO - Started process (PID=8233) to work on /home/airflow/.local/lib/python3.8/site-packages/airflow/example_dags/example_sensors.py
[2024-02-25T18:30:03.803+0000] {processor.py:830} INFO - Processing file /home/airflow/.local/lib/python3.8/site-packages/airflow/example_dags/example_sensors.py for tasks to queue
[2024-02-25T18:30:03.805+0000] {logging_mixin.py:188} INFO - [2024-02-25T18:30:03.804+0000] {dagbag.py:538} INFO - Filling up the DagBag from /home/airflow/.local/lib/python3.8/site-packages/airflow/example_dags/example_sensors.py
[2024-02-25T18:30:03.819+0000] {processor.py:840} INFO - DAG(s) 'example_sensors' retrieved from /home/airflow/.local/lib/python3.8/site-packages/airflow/example_dags/example_sensors.py
[2024-02-25T18:30:03.869+0000] {logging_mixin.py:188} INFO - [2024-02-25T18:30:03.868+0000] {dag.py:3036} INFO - Sync 1 DAGs
[2024-02-25T18:30:03.891+0000] {logging_mixin.py:188} INFO - [2024-02-25T18:30:03.890+0000] {dag.py:3823} INFO - Setting next_dagrun for example_sensors to None, run_after=None
[2024-02-25T18:30:03.934+0000] {processor.py:183} INFO - Processing /home/airflow/.local/lib/python3.8/site-packages/airflow/example_dags/example_sensors.py took 0.137 seconds
[2024-02-25T18:30:34.480+0000] {processor.py:161} INFO - Started process (PID=8296) to work on /home/airflow/.local/lib/python3.8/site-packages/airflow/example_dags/example_sensors.py
[2024-02-25T18:30:34.481+0000] {processor.py:830} INFO - Processing file /home/airflow/.local/lib/python3.8/site-packages/airflow/example_dags/example_sensors.py for tasks to queue
[2024-02-25T18:30:34.482+0000] {logging_mixin.py:188} INFO - [2024-02-25T18:30:34.482+0000] {dagbag.py:538} INFO - Filling up the DagBag from /home/airflow/.local/lib/python3.8/site-packages/airflow/example_dags/example_sensors.py
[2024-02-25T18:30:34.495+0000] {processor.py:840} INFO - DAG(s) 'example_sensors' retrieved from /home/airflow/.local/lib/python3.8/site-packages/airflow/example_dags/example_sensors.py
[2024-02-25T18:30:34.523+0000] {logging_mixin.py:188} INFO - [2024-02-25T18:30:34.523+0000] {dag.py:3036} INFO - Sync 1 DAGs
[2024-02-25T18:30:34.537+0000] {logging_mixin.py:188} INFO - [2024-02-25T18:30:34.536+0000] {dag.py:3823} INFO - Setting next_dagrun for example_sensors to None, run_after=None
[2024-02-25T18:30:34.571+0000] {processor.py:183} INFO - Processing /home/airflow/.local/lib/python3.8/site-packages/airflow/example_dags/example_sensors.py took 0.095 seconds
[2024-02-25T18:31:04.716+0000] {processor.py:161} INFO - Started process (PID=8359) to work on /home/airflow/.local/lib/python3.8/site-packages/airflow/example_dags/example_sensors.py
[2024-02-25T18:31:04.717+0000] {processor.py:830} INFO - Processing file /home/airflow/.local/lib/python3.8/site-packages/airflow/example_dags/example_sensors.py for tasks to queue
[2024-02-25T18:31:04.718+0000] {logging_mixin.py:188} INFO - [2024-02-25T18:31:04.718+0000] {dagbag.py:538} INFO - Filling up the DagBag from /home/airflow/.local/lib/python3.8/site-packages/airflow/example_dags/example_sensors.py
[2024-02-25T18:31:04.730+0000] {processor.py:840} INFO - DAG(s) 'example_sensors' retrieved from /home/airflow/.local/lib/python3.8/site-packages/airflow/example_dags/example_sensors.py
[2024-02-25T18:31:04.760+0000] {logging_mixin.py:188} INFO - [2024-02-25T18:31:04.759+0000] {dag.py:3036} INFO - Sync 1 DAGs
[2024-02-25T18:31:04.774+0000] {logging_mixin.py:188} INFO - [2024-02-25T18:31:04.774+0000] {dag.py:3823} INFO - Setting next_dagrun for example_sensors to None, run_after=None
[2024-02-25T18:31:04.807+0000] {processor.py:183} INFO - Processing /home/airflow/.local/lib/python3.8/site-packages/airflow/example_dags/example_sensors.py took 0.096 seconds
[2024-02-25T18:31:35.667+0000] {processor.py:161} INFO - Started process (PID=8423) to work on /home/airflow/.local/lib/python3.8/site-packages/airflow/example_dags/example_sensors.py
[2024-02-25T18:31:35.668+0000] {processor.py:830} INFO - Processing file /home/airflow/.local/lib/python3.8/site-packages/airflow/example_dags/example_sensors.py for tasks to queue
[2024-02-25T18:31:35.670+0000] {logging_mixin.py:188} INFO - [2024-02-25T18:31:35.669+0000] {dagbag.py:538} INFO - Filling up the DagBag from /home/airflow/.local/lib/python3.8/site-packages/airflow/example_dags/example_sensors.py
[2024-02-25T18:31:35.682+0000] {processor.py:840} INFO - DAG(s) 'example_sensors' retrieved from /home/airflow/.local/lib/python3.8/site-packages/airflow/example_dags/example_sensors.py
[2024-02-25T18:31:35.710+0000] {logging_mixin.py:188} INFO - [2024-02-25T18:31:35.710+0000] {dag.py:3036} INFO - Sync 1 DAGs
[2024-02-25T18:31:35.723+0000] {logging_mixin.py:188} INFO - [2024-02-25T18:31:35.723+0000] {dag.py:3823} INFO - Setting next_dagrun for example_sensors to None, run_after=None
[2024-02-25T18:31:35.757+0000] {processor.py:183} INFO - Processing /home/airflow/.local/lib/python3.8/site-packages/airflow/example_dags/example_sensors.py took 0.094 seconds
[2024-02-25T18:32:06.156+0000] {processor.py:161} INFO - Started process (PID=8486) to work on /home/airflow/.local/lib/python3.8/site-packages/airflow/example_dags/example_sensors.py
[2024-02-25T18:32:06.157+0000] {processor.py:830} INFO - Processing file /home/airflow/.local/lib/python3.8/site-packages/airflow/example_dags/example_sensors.py for tasks to queue
[2024-02-25T18:32:06.158+0000] {logging_mixin.py:188} INFO - [2024-02-25T18:32:06.158+0000] {dagbag.py:538} INFO - Filling up the DagBag from /home/airflow/.local/lib/python3.8/site-packages/airflow/example_dags/example_sensors.py
[2024-02-25T18:32:06.169+0000] {processor.py:840} INFO - DAG(s) 'example_sensors' retrieved from /home/airflow/.local/lib/python3.8/site-packages/airflow/example_dags/example_sensors.py
[2024-02-25T18:32:06.195+0000] {logging_mixin.py:188} INFO - [2024-02-25T18:32:06.195+0000] {dag.py:3036} INFO - Sync 1 DAGs
[2024-02-25T18:32:06.208+0000] {logging_mixin.py:188} INFO - [2024-02-25T18:32:06.208+0000] {dag.py:3823} INFO - Setting next_dagrun for example_sensors to None, run_after=None
[2024-02-25T18:32:06.232+0000] {processor.py:183} INFO - Processing /home/airflow/.local/lib/python3.8/site-packages/airflow/example_dags/example_sensors.py took 0.080 seconds
[2024-02-25T18:32:36.345+0000] {processor.py:161} INFO - Started process (PID=8549) to work on /home/airflow/.local/lib/python3.8/site-packages/airflow/example_dags/example_sensors.py
[2024-02-25T18:32:36.346+0000] {processor.py:830} INFO - Processing file /home/airflow/.local/lib/python3.8/site-packages/airflow/example_dags/example_sensors.py for tasks to queue
[2024-02-25T18:32:36.347+0000] {logging_mixin.py:188} INFO - [2024-02-25T18:32:36.347+0000] {dagbag.py:538} INFO - Filling up the DagBag from /home/airflow/.local/lib/python3.8/site-packages/airflow/example_dags/example_sensors.py
[2024-02-25T18:32:36.359+0000] {processor.py:840} INFO - DAG(s) 'example_sensors' retrieved from /home/airflow/.local/lib/python3.8/site-packages/airflow/example_dags/example_sensors.py
[2024-02-25T18:32:36.387+0000] {logging_mixin.py:188} INFO - [2024-02-25T18:32:36.386+0000] {dag.py:3036} INFO - Sync 1 DAGs
[2024-02-25T18:32:36.401+0000] {logging_mixin.py:188} INFO - [2024-02-25T18:32:36.401+0000] {dag.py:3823} INFO - Setting next_dagrun for example_sensors to None, run_after=None
[2024-02-25T18:32:36.424+0000] {processor.py:183} INFO - Processing /home/airflow/.local/lib/python3.8/site-packages/airflow/example_dags/example_sensors.py took 0.083 seconds
[2024-02-25T18:33:07.040+0000] {processor.py:161} INFO - Started process (PID=8612) to work on /home/airflow/.local/lib/python3.8/site-packages/airflow/example_dags/example_sensors.py
[2024-02-25T18:33:07.041+0000] {processor.py:830} INFO - Processing file /home/airflow/.local/lib/python3.8/site-packages/airflow/example_dags/example_sensors.py for tasks to queue
[2024-02-25T18:33:07.042+0000] {logging_mixin.py:188} INFO - [2024-02-25T18:33:07.042+0000] {dagbag.py:538} INFO - Filling up the DagBag from /home/airflow/.local/lib/python3.8/site-packages/airflow/example_dags/example_sensors.py
[2024-02-25T18:33:07.054+0000] {processor.py:840} INFO - DAG(s) 'example_sensors' retrieved from /home/airflow/.local/lib/python3.8/site-packages/airflow/example_dags/example_sensors.py
[2024-02-25T18:33:07.083+0000] {logging_mixin.py:188} INFO - [2024-02-25T18:33:07.082+0000] {dag.py:3036} INFO - Sync 1 DAGs
[2024-02-25T18:33:07.097+0000] {logging_mixin.py:188} INFO - [2024-02-25T18:33:07.096+0000] {dag.py:3823} INFO - Setting next_dagrun for example_sensors to None, run_after=None
[2024-02-25T18:33:07.124+0000] {processor.py:183} INFO - Processing /home/airflow/.local/lib/python3.8/site-packages/airflow/example_dags/example_sensors.py took 0.088 seconds
[2024-02-25T18:33:37.264+0000] {processor.py:161} INFO - Started process (PID=8675) to work on /home/airflow/.local/lib/python3.8/site-packages/airflow/example_dags/example_sensors.py
[2024-02-25T18:33:37.266+0000] {processor.py:830} INFO - Processing file /home/airflow/.local/lib/python3.8/site-packages/airflow/example_dags/example_sensors.py for tasks to queue
[2024-02-25T18:33:37.267+0000] {logging_mixin.py:188} INFO - [2024-02-25T18:33:37.266+0000] {dagbag.py:538} INFO - Filling up the DagBag from /home/airflow/.local/lib/python3.8/site-packages/airflow/example_dags/example_sensors.py
[2024-02-25T18:33:37.280+0000] {processor.py:840} INFO - DAG(s) 'example_sensors' retrieved from /home/airflow/.local/lib/python3.8/site-packages/airflow/example_dags/example_sensors.py
[2024-02-25T18:33:37.310+0000] {logging_mixin.py:188} INFO - [2024-02-25T18:33:37.310+0000] {dag.py:3036} INFO - Sync 1 DAGs
[2024-02-25T18:33:37.325+0000] {logging_mixin.py:188} INFO - [2024-02-25T18:33:37.324+0000] {dag.py:3823} INFO - Setting next_dagrun for example_sensors to None, run_after=None
[2024-02-25T18:33:37.350+0000] {processor.py:183} INFO - Processing /home/airflow/.local/lib/python3.8/site-packages/airflow/example_dags/example_sensors.py took 0.090 seconds
[2024-02-25T18:34:08.277+0000] {processor.py:161} INFO - Started process (PID=8738) to work on /home/airflow/.local/lib/python3.8/site-packages/airflow/example_dags/example_sensors.py
[2024-02-25T18:34:08.278+0000] {processor.py:830} INFO - Processing file /home/airflow/.local/lib/python3.8/site-packages/airflow/example_dags/example_sensors.py for tasks to queue
[2024-02-25T18:34:08.279+0000] {logging_mixin.py:188} INFO - [2024-02-25T18:34:08.278+0000] {dagbag.py:538} INFO - Filling up the DagBag from /home/airflow/.local/lib/python3.8/site-packages/airflow/example_dags/example_sensors.py
[2024-02-25T18:34:08.290+0000] {processor.py:840} INFO - DAG(s) 'example_sensors' retrieved from /home/airflow/.local/lib/python3.8/site-packages/airflow/example_dags/example_sensors.py
[2024-02-25T18:34:08.318+0000] {logging_mixin.py:188} INFO - [2024-02-25T18:34:08.317+0000] {dag.py:3036} INFO - Sync 1 DAGs
[2024-02-25T18:34:08.331+0000] {logging_mixin.py:188} INFO - [2024-02-25T18:34:08.330+0000] {dag.py:3823} INFO - Setting next_dagrun for example_sensors to None, run_after=None
[2024-02-25T18:34:08.355+0000] {processor.py:183} INFO - Processing /home/airflow/.local/lib/python3.8/site-packages/airflow/example_dags/example_sensors.py took 0.082 seconds
[2024-02-25T18:34:38.435+0000] {processor.py:161} INFO - Started process (PID=8801) to work on /home/airflow/.local/lib/python3.8/site-packages/airflow/example_dags/example_sensors.py
[2024-02-25T18:34:38.436+0000] {processor.py:830} INFO - Processing file /home/airflow/.local/lib/python3.8/site-packages/airflow/example_dags/example_sensors.py for tasks to queue
[2024-02-25T18:34:38.437+0000] {logging_mixin.py:188} INFO - [2024-02-25T18:34:38.437+0000] {dagbag.py:538} INFO - Filling up the DagBag from /home/airflow/.local/lib/python3.8/site-packages/airflow/example_dags/example_sensors.py
[2024-02-25T18:34:38.449+0000] {processor.py:840} INFO - DAG(s) 'example_sensors' retrieved from /home/airflow/.local/lib/python3.8/site-packages/airflow/example_dags/example_sensors.py
[2024-02-25T18:34:38.476+0000] {logging_mixin.py:188} INFO - [2024-02-25T18:34:38.476+0000] {dag.py:3036} INFO - Sync 1 DAGs
[2024-02-25T18:34:38.490+0000] {logging_mixin.py:188} INFO - [2024-02-25T18:34:38.489+0000] {dag.py:3823} INFO - Setting next_dagrun for example_sensors to None, run_after=None
[2024-02-25T18:34:38.517+0000] {processor.py:183} INFO - Processing /home/airflow/.local/lib/python3.8/site-packages/airflow/example_dags/example_sensors.py took 0.086 seconds
[2024-02-25T18:35:09.069+0000] {processor.py:161} INFO - Started process (PID=8864) to work on /home/airflow/.local/lib/python3.8/site-packages/airflow/example_dags/example_sensors.py
[2024-02-25T18:35:09.071+0000] {processor.py:830} INFO - Processing file /home/airflow/.local/lib/python3.8/site-packages/airflow/example_dags/example_sensors.py for tasks to queue
[2024-02-25T18:35:09.072+0000] {logging_mixin.py:188} INFO - [2024-02-25T18:35:09.072+0000] {dagbag.py:538} INFO - Filling up the DagBag from /home/airflow/.local/lib/python3.8/site-packages/airflow/example_dags/example_sensors.py
[2024-02-25T18:35:09.083+0000] {processor.py:840} INFO - DAG(s) 'example_sensors' retrieved from /home/airflow/.local/lib/python3.8/site-packages/airflow/example_dags/example_sensors.py
[2024-02-25T18:35:09.112+0000] {logging_mixin.py:188} INFO - [2024-02-25T18:35:09.112+0000] {dag.py:3036} INFO - Sync 1 DAGs
[2024-02-25T18:35:09.127+0000] {logging_mixin.py:188} INFO - [2024-02-25T18:35:09.127+0000] {dag.py:3823} INFO - Setting next_dagrun for example_sensors to None, run_after=None
[2024-02-25T18:35:09.154+0000] {processor.py:183} INFO - Processing /home/airflow/.local/lib/python3.8/site-packages/airflow/example_dags/example_sensors.py took 0.089 seconds
[2024-02-25T18:35:39.507+0000] {processor.py:161} INFO - Started process (PID=8928) to work on /home/airflow/.local/lib/python3.8/site-packages/airflow/example_dags/example_sensors.py
[2024-02-25T18:35:39.508+0000] {processor.py:830} INFO - Processing file /home/airflow/.local/lib/python3.8/site-packages/airflow/example_dags/example_sensors.py for tasks to queue
[2024-02-25T18:35:39.510+0000] {logging_mixin.py:188} INFO - [2024-02-25T18:35:39.509+0000] {dagbag.py:538} INFO - Filling up the DagBag from /home/airflow/.local/lib/python3.8/site-packages/airflow/example_dags/example_sensors.py
[2024-02-25T18:35:39.521+0000] {processor.py:840} INFO - DAG(s) 'example_sensors' retrieved from /home/airflow/.local/lib/python3.8/site-packages/airflow/example_dags/example_sensors.py
[2024-02-25T18:35:39.550+0000] {logging_mixin.py:188} INFO - [2024-02-25T18:35:39.550+0000] {dag.py:3036} INFO - Sync 1 DAGs
[2024-02-25T18:35:39.564+0000] {logging_mixin.py:188} INFO - [2024-02-25T18:35:39.564+0000] {dag.py:3823} INFO - Setting next_dagrun for example_sensors to None, run_after=None
[2024-02-25T18:35:39.590+0000] {processor.py:183} INFO - Processing /home/airflow/.local/lib/python3.8/site-packages/airflow/example_dags/example_sensors.py took 0.087 seconds
[2024-02-25T18:36:09.676+0000] {processor.py:161} INFO - Started process (PID=8992) to work on /home/airflow/.local/lib/python3.8/site-packages/airflow/example_dags/example_sensors.py
[2024-02-25T18:36:09.677+0000] {processor.py:830} INFO - Processing file /home/airflow/.local/lib/python3.8/site-packages/airflow/example_dags/example_sensors.py for tasks to queue
[2024-02-25T18:36:09.678+0000] {logging_mixin.py:188} INFO - [2024-02-25T18:36:09.678+0000] {dagbag.py:538} INFO - Filling up the DagBag from /home/airflow/.local/lib/python3.8/site-packages/airflow/example_dags/example_sensors.py
[2024-02-25T18:36:09.690+0000] {processor.py:840} INFO - DAG(s) 'example_sensors' retrieved from /home/airflow/.local/lib/python3.8/site-packages/airflow/example_dags/example_sensors.py
[2024-02-25T18:36:09.718+0000] {logging_mixin.py:188} INFO - [2024-02-25T18:36:09.718+0000] {dag.py:3036} INFO - Sync 1 DAGs
[2024-02-25T18:36:09.738+0000] {logging_mixin.py:188} INFO - [2024-02-25T18:36:09.738+0000] {dag.py:3823} INFO - Setting next_dagrun for example_sensors to None, run_after=None
[2024-02-25T18:36:09.770+0000] {processor.py:183} INFO - Processing /home/airflow/.local/lib/python3.8/site-packages/airflow/example_dags/example_sensors.py took 0.099 seconds
[2024-02-25T18:36:39.821+0000] {processor.py:161} INFO - Started process (PID=9055) to work on /home/airflow/.local/lib/python3.8/site-packages/airflow/example_dags/example_sensors.py
[2024-02-25T18:36:39.822+0000] {processor.py:830} INFO - Processing file /home/airflow/.local/lib/python3.8/site-packages/airflow/example_dags/example_sensors.py for tasks to queue
[2024-02-25T18:36:39.824+0000] {logging_mixin.py:188} INFO - [2024-02-25T18:36:39.823+0000] {dagbag.py:538} INFO - Filling up the DagBag from /home/airflow/.local/lib/python3.8/site-packages/airflow/example_dags/example_sensors.py
[2024-02-25T18:36:39.835+0000] {processor.py:840} INFO - DAG(s) 'example_sensors' retrieved from /home/airflow/.local/lib/python3.8/site-packages/airflow/example_dags/example_sensors.py
[2024-02-25T18:36:39.862+0000] {logging_mixin.py:188} INFO - [2024-02-25T18:36:39.862+0000] {dag.py:3036} INFO - Sync 1 DAGs
[2024-02-25T18:36:39.877+0000] {logging_mixin.py:188} INFO - [2024-02-25T18:36:39.877+0000] {dag.py:3823} INFO - Setting next_dagrun for example_sensors to None, run_after=None
[2024-02-25T18:36:39.903+0000] {processor.py:183} INFO - Processing /home/airflow/.local/lib/python3.8/site-packages/airflow/example_dags/example_sensors.py took 0.086 seconds
[2024-02-25T18:37:10.371+0000] {processor.py:161} INFO - Started process (PID=9118) to work on /home/airflow/.local/lib/python3.8/site-packages/airflow/example_dags/example_sensors.py
[2024-02-25T18:37:10.372+0000] {processor.py:830} INFO - Processing file /home/airflow/.local/lib/python3.8/site-packages/airflow/example_dags/example_sensors.py for tasks to queue
[2024-02-25T18:37:10.373+0000] {logging_mixin.py:188} INFO - [2024-02-25T18:37:10.373+0000] {dagbag.py:538} INFO - Filling up the DagBag from /home/airflow/.local/lib/python3.8/site-packages/airflow/example_dags/example_sensors.py
[2024-02-25T18:37:10.385+0000] {processor.py:840} INFO - DAG(s) 'example_sensors' retrieved from /home/airflow/.local/lib/python3.8/site-packages/airflow/example_dags/example_sensors.py
[2024-02-25T18:37:10.413+0000] {logging_mixin.py:188} INFO - [2024-02-25T18:37:10.413+0000] {dag.py:3036} INFO - Sync 1 DAGs
[2024-02-25T18:37:10.426+0000] {logging_mixin.py:188} INFO - [2024-02-25T18:37:10.426+0000] {dag.py:3823} INFO - Setting next_dagrun for example_sensors to None, run_after=None
[2024-02-25T18:37:10.448+0000] {processor.py:183} INFO - Processing /home/airflow/.local/lib/python3.8/site-packages/airflow/example_dags/example_sensors.py took 0.081 seconds
[2024-02-25T18:37:41.447+0000] {processor.py:161} INFO - Started process (PID=9181) to work on /home/airflow/.local/lib/python3.8/site-packages/airflow/example_dags/example_sensors.py
[2024-02-25T18:37:41.448+0000] {processor.py:830} INFO - Processing file /home/airflow/.local/lib/python3.8/site-packages/airflow/example_dags/example_sensors.py for tasks to queue
[2024-02-25T18:37:41.449+0000] {logging_mixin.py:188} INFO - [2024-02-25T18:37:41.449+0000] {dagbag.py:538} INFO - Filling up the DagBag from /home/airflow/.local/lib/python3.8/site-packages/airflow/example_dags/example_sensors.py
[2024-02-25T18:37:41.461+0000] {processor.py:840} INFO - DAG(s) 'example_sensors' retrieved from /home/airflow/.local/lib/python3.8/site-packages/airflow/example_dags/example_sensors.py
[2024-02-25T18:37:41.490+0000] {logging_mixin.py:188} INFO - [2024-02-25T18:37:41.489+0000] {dag.py:3036} INFO - Sync 1 DAGs
[2024-02-25T18:37:41.504+0000] {logging_mixin.py:188} INFO - [2024-02-25T18:37:41.504+0000] {dag.py:3823} INFO - Setting next_dagrun for example_sensors to None, run_after=None
[2024-02-25T18:37:41.530+0000] {processor.py:183} INFO - Processing /home/airflow/.local/lib/python3.8/site-packages/airflow/example_dags/example_sensors.py took 0.087 seconds
[2024-02-25T18:38:12.145+0000] {processor.py:161} INFO - Started process (PID=9245) to work on /home/airflow/.local/lib/python3.8/site-packages/airflow/example_dags/example_sensors.py
[2024-02-25T18:38:12.146+0000] {processor.py:830} INFO - Processing file /home/airflow/.local/lib/python3.8/site-packages/airflow/example_dags/example_sensors.py for tasks to queue
[2024-02-25T18:38:12.148+0000] {logging_mixin.py:188} INFO - [2024-02-25T18:38:12.147+0000] {dagbag.py:538} INFO - Filling up the DagBag from /home/airflow/.local/lib/python3.8/site-packages/airflow/example_dags/example_sensors.py
[2024-02-25T18:38:12.159+0000] {processor.py:840} INFO - DAG(s) 'example_sensors' retrieved from /home/airflow/.local/lib/python3.8/site-packages/airflow/example_dags/example_sensors.py
[2024-02-25T18:38:12.187+0000] {logging_mixin.py:188} INFO - [2024-02-25T18:38:12.187+0000] {dag.py:3036} INFO - Sync 1 DAGs
[2024-02-25T18:38:12.201+0000] {logging_mixin.py:188} INFO - [2024-02-25T18:38:12.201+0000] {dag.py:3823} INFO - Setting next_dagrun for example_sensors to None, run_after=None
[2024-02-25T18:38:12.223+0000] {processor.py:183} INFO - Processing /home/airflow/.local/lib/python3.8/site-packages/airflow/example_dags/example_sensors.py took 0.082 seconds
[2024-02-25T18:38:43.025+0000] {processor.py:161} INFO - Started process (PID=9308) to work on /home/airflow/.local/lib/python3.8/site-packages/airflow/example_dags/example_sensors.py
[2024-02-25T18:38:43.027+0000] {processor.py:830} INFO - Processing file /home/airflow/.local/lib/python3.8/site-packages/airflow/example_dags/example_sensors.py for tasks to queue
[2024-02-25T18:38:43.028+0000] {logging_mixin.py:188} INFO - [2024-02-25T18:38:43.028+0000] {dagbag.py:538} INFO - Filling up the DagBag from /home/airflow/.local/lib/python3.8/site-packages/airflow/example_dags/example_sensors.py
[2024-02-25T18:38:43.040+0000] {processor.py:840} INFO - DAG(s) 'example_sensors' retrieved from /home/airflow/.local/lib/python3.8/site-packages/airflow/example_dags/example_sensors.py
[2024-02-25T18:38:43.069+0000] {logging_mixin.py:188} INFO - [2024-02-25T18:38:43.069+0000] {dag.py:3036} INFO - Sync 1 DAGs
[2024-02-25T18:38:43.083+0000] {logging_mixin.py:188} INFO - [2024-02-25T18:38:43.082+0000] {dag.py:3823} INFO - Setting next_dagrun for example_sensors to None, run_after=None
[2024-02-25T18:38:43.108+0000] {processor.py:183} INFO - Processing /home/airflow/.local/lib/python3.8/site-packages/airflow/example_dags/example_sensors.py took 0.087 seconds
[2024-02-25T18:39:13.989+0000] {processor.py:161} INFO - Started process (PID=9371) to work on /home/airflow/.local/lib/python3.8/site-packages/airflow/example_dags/example_sensors.py
[2024-02-25T18:39:13.990+0000] {processor.py:830} INFO - Processing file /home/airflow/.local/lib/python3.8/site-packages/airflow/example_dags/example_sensors.py for tasks to queue
[2024-02-25T18:39:13.992+0000] {logging_mixin.py:188} INFO - [2024-02-25T18:39:13.991+0000] {dagbag.py:538} INFO - Filling up the DagBag from /home/airflow/.local/lib/python3.8/site-packages/airflow/example_dags/example_sensors.py
[2024-02-25T18:39:14.003+0000] {processor.py:840} INFO - DAG(s) 'example_sensors' retrieved from /home/airflow/.local/lib/python3.8/site-packages/airflow/example_dags/example_sensors.py
[2024-02-25T18:39:14.031+0000] {logging_mixin.py:188} INFO - [2024-02-25T18:39:14.031+0000] {dag.py:3036} INFO - Sync 1 DAGs
[2024-02-25T18:39:14.046+0000] {logging_mixin.py:188} INFO - [2024-02-25T18:39:14.045+0000] {dag.py:3823} INFO - Setting next_dagrun for example_sensors to None, run_after=None
[2024-02-25T18:39:14.070+0000] {processor.py:183} INFO - Processing /home/airflow/.local/lib/python3.8/site-packages/airflow/example_dags/example_sensors.py took 0.085 seconds
[2024-02-25T18:39:44.584+0000] {processor.py:161} INFO - Started process (PID=9433) to work on /home/airflow/.local/lib/python3.8/site-packages/airflow/example_dags/example_sensors.py
[2024-02-25T18:39:44.586+0000] {processor.py:830} INFO - Processing file /home/airflow/.local/lib/python3.8/site-packages/airflow/example_dags/example_sensors.py for tasks to queue
[2024-02-25T18:39:44.587+0000] {logging_mixin.py:188} INFO - [2024-02-25T18:39:44.586+0000] {dagbag.py:538} INFO - Filling up the DagBag from /home/airflow/.local/lib/python3.8/site-packages/airflow/example_dags/example_sensors.py
[2024-02-25T18:39:44.598+0000] {processor.py:840} INFO - DAG(s) 'example_sensors' retrieved from /home/airflow/.local/lib/python3.8/site-packages/airflow/example_dags/example_sensors.py
[2024-02-25T18:39:44.626+0000] {logging_mixin.py:188} INFO - [2024-02-25T18:39:44.626+0000] {dag.py:3036} INFO - Sync 1 DAGs
[2024-02-25T18:39:44.640+0000] {logging_mixin.py:188} INFO - [2024-02-25T18:39:44.639+0000] {dag.py:3823} INFO - Setting next_dagrun for example_sensors to None, run_after=None
[2024-02-25T18:39:44.663+0000] {processor.py:183} INFO - Processing /home/airflow/.local/lib/python3.8/site-packages/airflow/example_dags/example_sensors.py took 0.082 seconds
[2024-02-25T18:40:15.362+0000] {processor.py:161} INFO - Started process (PID=9496) to work on /home/airflow/.local/lib/python3.8/site-packages/airflow/example_dags/example_sensors.py
[2024-02-25T18:40:15.363+0000] {processor.py:830} INFO - Processing file /home/airflow/.local/lib/python3.8/site-packages/airflow/example_dags/example_sensors.py for tasks to queue
[2024-02-25T18:40:15.364+0000] {logging_mixin.py:188} INFO - [2024-02-25T18:40:15.364+0000] {dagbag.py:538} INFO - Filling up the DagBag from /home/airflow/.local/lib/python3.8/site-packages/airflow/example_dags/example_sensors.py
[2024-02-25T18:40:15.375+0000] {processor.py:840} INFO - DAG(s) 'example_sensors' retrieved from /home/airflow/.local/lib/python3.8/site-packages/airflow/example_dags/example_sensors.py
[2024-02-25T18:40:15.403+0000] {logging_mixin.py:188} INFO - [2024-02-25T18:40:15.403+0000] {dag.py:3036} INFO - Sync 1 DAGs
[2024-02-25T18:40:15.416+0000] {logging_mixin.py:188} INFO - [2024-02-25T18:40:15.416+0000] {dag.py:3823} INFO - Setting next_dagrun for example_sensors to None, run_after=None
[2024-02-25T18:40:15.438+0000] {processor.py:183} INFO - Processing /home/airflow/.local/lib/python3.8/site-packages/airflow/example_dags/example_sensors.py took 0.080 seconds
[2024-02-25T20:59:47.852+0000] {processor.py:161} INFO - Started process (PID=9563) to work on /home/airflow/.local/lib/python3.8/site-packages/airflow/example_dags/example_sensors.py
[2024-02-25T20:59:47.853+0000] {processor.py:830} INFO - Processing file /home/airflow/.local/lib/python3.8/site-packages/airflow/example_dags/example_sensors.py for tasks to queue
[2024-02-25T20:59:47.854+0000] {logging_mixin.py:188} INFO - [2024-02-25T20:59:47.854+0000] {dagbag.py:538} INFO - Filling up the DagBag from /home/airflow/.local/lib/python3.8/site-packages/airflow/example_dags/example_sensors.py
[2024-02-25T20:59:47.866+0000] {processor.py:840} INFO - DAG(s) 'example_sensors' retrieved from /home/airflow/.local/lib/python3.8/site-packages/airflow/example_dags/example_sensors.py
[2024-02-25T20:59:47.899+0000] {logging_mixin.py:188} INFO - [2024-02-25T20:59:47.899+0000] {dag.py:3036} INFO - Sync 1 DAGs
[2024-02-25T20:59:47.916+0000] {logging_mixin.py:188} INFO - [2024-02-25T20:59:47.915+0000] {dag.py:3823} INFO - Setting next_dagrun for example_sensors to None, run_after=None
[2024-02-25T20:59:48.163+0000] {processor.py:183} INFO - Processing /home/airflow/.local/lib/python3.8/site-packages/airflow/example_dags/example_sensors.py took 0.316 seconds
[2024-02-25T21:00:19.052+0000] {processor.py:161} INFO - Started process (PID=9634) to work on /home/airflow/.local/lib/python3.8/site-packages/airflow/example_dags/example_sensors.py
[2024-02-25T21:00:19.054+0000] {processor.py:830} INFO - Processing file /home/airflow/.local/lib/python3.8/site-packages/airflow/example_dags/example_sensors.py for tasks to queue
[2024-02-25T21:00:19.055+0000] {logging_mixin.py:188} INFO - [2024-02-25T21:00:19.055+0000] {dagbag.py:538} INFO - Filling up the DagBag from /home/airflow/.local/lib/python3.8/site-packages/airflow/example_dags/example_sensors.py
[2024-02-25T21:00:19.071+0000] {processor.py:840} INFO - DAG(s) 'example_sensors' retrieved from /home/airflow/.local/lib/python3.8/site-packages/airflow/example_dags/example_sensors.py
[2024-02-25T21:00:19.099+0000] {logging_mixin.py:188} INFO - [2024-02-25T21:00:19.099+0000] {dag.py:3036} INFO - Sync 1 DAGs
[2024-02-25T21:00:19.115+0000] {logging_mixin.py:188} INFO - [2024-02-25T21:00:19.114+0000] {dag.py:3823} INFO - Setting next_dagrun for example_sensors to None, run_after=None
[2024-02-25T21:00:19.139+0000] {processor.py:183} INFO - Processing /home/airflow/.local/lib/python3.8/site-packages/airflow/example_dags/example_sensors.py took 0.090 seconds
[2024-02-25T21:00:49.517+0000] {processor.py:161} INFO - Started process (PID=9697) to work on /home/airflow/.local/lib/python3.8/site-packages/airflow/example_dags/example_sensors.py
[2024-02-25T21:00:49.519+0000] {processor.py:830} INFO - Processing file /home/airflow/.local/lib/python3.8/site-packages/airflow/example_dags/example_sensors.py for tasks to queue
[2024-02-25T21:00:49.520+0000] {logging_mixin.py:188} INFO - [2024-02-25T21:00:49.520+0000] {dagbag.py:538} INFO - Filling up the DagBag from /home/airflow/.local/lib/python3.8/site-packages/airflow/example_dags/example_sensors.py
[2024-02-25T21:00:49.532+0000] {processor.py:840} INFO - DAG(s) 'example_sensors' retrieved from /home/airflow/.local/lib/python3.8/site-packages/airflow/example_dags/example_sensors.py
[2024-02-25T21:00:49.559+0000] {logging_mixin.py:188} INFO - [2024-02-25T21:00:49.559+0000] {dag.py:3036} INFO - Sync 1 DAGs
[2024-02-25T21:00:49.573+0000] {logging_mixin.py:188} INFO - [2024-02-25T21:00:49.572+0000] {dag.py:3823} INFO - Setting next_dagrun for example_sensors to None, run_after=None
[2024-02-25T21:00:49.597+0000] {processor.py:183} INFO - Processing /home/airflow/.local/lib/python3.8/site-packages/airflow/example_dags/example_sensors.py took 0.083 seconds
[2024-02-25T21:01:20.287+0000] {processor.py:161} INFO - Started process (PID=9760) to work on /home/airflow/.local/lib/python3.8/site-packages/airflow/example_dags/example_sensors.py
[2024-02-25T21:01:20.288+0000] {processor.py:830} INFO - Processing file /home/airflow/.local/lib/python3.8/site-packages/airflow/example_dags/example_sensors.py for tasks to queue
[2024-02-25T21:01:20.289+0000] {logging_mixin.py:188} INFO - [2024-02-25T21:01:20.289+0000] {dagbag.py:538} INFO - Filling up the DagBag from /home/airflow/.local/lib/python3.8/site-packages/airflow/example_dags/example_sensors.py
[2024-02-25T21:01:20.300+0000] {processor.py:840} INFO - DAG(s) 'example_sensors' retrieved from /home/airflow/.local/lib/python3.8/site-packages/airflow/example_dags/example_sensors.py
[2024-02-25T21:01:20.328+0000] {logging_mixin.py:188} INFO - [2024-02-25T21:01:20.328+0000] {dag.py:3036} INFO - Sync 1 DAGs
[2024-02-25T21:01:20.341+0000] {logging_mixin.py:188} INFO - [2024-02-25T21:01:20.341+0000] {dag.py:3823} INFO - Setting next_dagrun for example_sensors to None, run_after=None
[2024-02-25T21:01:20.364+0000] {processor.py:183} INFO - Processing /home/airflow/.local/lib/python3.8/site-packages/airflow/example_dags/example_sensors.py took 0.081 seconds
[2024-02-25T21:01:50.752+0000] {processor.py:161} INFO - Started process (PID=9823) to work on /home/airflow/.local/lib/python3.8/site-packages/airflow/example_dags/example_sensors.py
[2024-02-25T21:01:50.753+0000] {processor.py:830} INFO - Processing file /home/airflow/.local/lib/python3.8/site-packages/airflow/example_dags/example_sensors.py for tasks to queue
[2024-02-25T21:01:50.755+0000] {logging_mixin.py:188} INFO - [2024-02-25T21:01:50.754+0000] {dagbag.py:538} INFO - Filling up the DagBag from /home/airflow/.local/lib/python3.8/site-packages/airflow/example_dags/example_sensors.py
[2024-02-25T21:01:50.768+0000] {processor.py:840} INFO - DAG(s) 'example_sensors' retrieved from /home/airflow/.local/lib/python3.8/site-packages/airflow/example_dags/example_sensors.py
[2024-02-25T21:01:50.796+0000] {logging_mixin.py:188} INFO - [2024-02-25T21:01:50.796+0000] {dag.py:3036} INFO - Sync 1 DAGs
[2024-02-25T21:01:50.810+0000] {logging_mixin.py:188} INFO - [2024-02-25T21:01:50.810+0000] {dag.py:3823} INFO - Setting next_dagrun for example_sensors to None, run_after=None
[2024-02-25T21:01:50.833+0000] {processor.py:183} INFO - Processing /home/airflow/.local/lib/python3.8/site-packages/airflow/example_dags/example_sensors.py took 0.086 seconds
[2024-02-25T21:02:21.626+0000] {processor.py:161} INFO - Started process (PID=9886) to work on /home/airflow/.local/lib/python3.8/site-packages/airflow/example_dags/example_sensors.py
[2024-02-25T21:02:21.627+0000] {processor.py:830} INFO - Processing file /home/airflow/.local/lib/python3.8/site-packages/airflow/example_dags/example_sensors.py for tasks to queue
[2024-02-25T21:02:21.629+0000] {logging_mixin.py:188} INFO - [2024-02-25T21:02:21.628+0000] {dagbag.py:538} INFO - Filling up the DagBag from /home/airflow/.local/lib/python3.8/site-packages/airflow/example_dags/example_sensors.py
[2024-02-25T21:02:21.640+0000] {processor.py:840} INFO - DAG(s) 'example_sensors' retrieved from /home/airflow/.local/lib/python3.8/site-packages/airflow/example_dags/example_sensors.py
[2024-02-25T21:02:21.668+0000] {logging_mixin.py:188} INFO - [2024-02-25T21:02:21.667+0000] {dag.py:3036} INFO - Sync 1 DAGs
[2024-02-25T21:02:21.681+0000] {logging_mixin.py:188} INFO - [2024-02-25T21:02:21.681+0000] {dag.py:3823} INFO - Setting next_dagrun for example_sensors to None, run_after=None
[2024-02-25T21:02:21.704+0000] {processor.py:183} INFO - Processing /home/airflow/.local/lib/python3.8/site-packages/airflow/example_dags/example_sensors.py took 0.083 seconds
[2024-02-25T21:02:52.397+0000] {processor.py:161} INFO - Started process (PID=9949) to work on /home/airflow/.local/lib/python3.8/site-packages/airflow/example_dags/example_sensors.py
[2024-02-25T21:02:52.398+0000] {processor.py:830} INFO - Processing file /home/airflow/.local/lib/python3.8/site-packages/airflow/example_dags/example_sensors.py for tasks to queue
[2024-02-25T21:02:52.399+0000] {logging_mixin.py:188} INFO - [2024-02-25T21:02:52.398+0000] {dagbag.py:538} INFO - Filling up the DagBag from /home/airflow/.local/lib/python3.8/site-packages/airflow/example_dags/example_sensors.py
[2024-02-25T21:02:52.410+0000] {processor.py:840} INFO - DAG(s) 'example_sensors' retrieved from /home/airflow/.local/lib/python3.8/site-packages/airflow/example_dags/example_sensors.py
[2024-02-25T21:02:52.437+0000] {logging_mixin.py:188} INFO - [2024-02-25T21:02:52.437+0000] {dag.py:3036} INFO - Sync 1 DAGs
[2024-02-25T21:02:52.450+0000] {logging_mixin.py:188} INFO - [2024-02-25T21:02:52.449+0000] {dag.py:3823} INFO - Setting next_dagrun for example_sensors to None, run_after=None
[2024-02-25T21:02:52.473+0000] {processor.py:183} INFO - Processing /home/airflow/.local/lib/python3.8/site-packages/airflow/example_dags/example_sensors.py took 0.080 seconds
[2024-02-25T21:03:22.988+0000] {processor.py:161} INFO - Started process (PID=10012) to work on /home/airflow/.local/lib/python3.8/site-packages/airflow/example_dags/example_sensors.py
[2024-02-25T21:03:22.989+0000] {processor.py:830} INFO - Processing file /home/airflow/.local/lib/python3.8/site-packages/airflow/example_dags/example_sensors.py for tasks to queue
[2024-02-25T21:03:22.990+0000] {logging_mixin.py:188} INFO - [2024-02-25T21:03:22.990+0000] {dagbag.py:538} INFO - Filling up the DagBag from /home/airflow/.local/lib/python3.8/site-packages/airflow/example_dags/example_sensors.py
[2024-02-25T21:03:23.004+0000] {processor.py:840} INFO - DAG(s) 'example_sensors' retrieved from /home/airflow/.local/lib/python3.8/site-packages/airflow/example_dags/example_sensors.py
[2024-02-25T21:03:23.044+0000] {logging_mixin.py:188} INFO - [2024-02-25T21:03:23.043+0000] {dag.py:3036} INFO - Sync 1 DAGs
[2024-02-25T21:03:23.068+0000] {logging_mixin.py:188} INFO - [2024-02-25T21:03:23.068+0000] {dag.py:3823} INFO - Setting next_dagrun for example_sensors to None, run_after=None
[2024-02-25T21:03:23.102+0000] {processor.py:183} INFO - Processing /home/airflow/.local/lib/python3.8/site-packages/airflow/example_dags/example_sensors.py took 0.119 seconds
[2024-02-25T21:03:53.553+0000] {processor.py:161} INFO - Started process (PID=10075) to work on /home/airflow/.local/lib/python3.8/site-packages/airflow/example_dags/example_sensors.py
[2024-02-25T21:03:53.554+0000] {processor.py:830} INFO - Processing file /home/airflow/.local/lib/python3.8/site-packages/airflow/example_dags/example_sensors.py for tasks to queue
[2024-02-25T21:03:53.556+0000] {logging_mixin.py:188} INFO - [2024-02-25T21:03:53.555+0000] {dagbag.py:538} INFO - Filling up the DagBag from /home/airflow/.local/lib/python3.8/site-packages/airflow/example_dags/example_sensors.py
[2024-02-25T21:03:53.567+0000] {processor.py:840} INFO - DAG(s) 'example_sensors' retrieved from /home/airflow/.local/lib/python3.8/site-packages/airflow/example_dags/example_sensors.py
[2024-02-25T21:03:53.594+0000] {logging_mixin.py:188} INFO - [2024-02-25T21:03:53.594+0000] {dag.py:3036} INFO - Sync 1 DAGs
[2024-02-25T21:03:53.609+0000] {logging_mixin.py:188} INFO - [2024-02-25T21:03:53.608+0000] {dag.py:3823} INFO - Setting next_dagrun for example_sensors to None, run_after=None
[2024-02-25T21:03:53.633+0000] {processor.py:183} INFO - Processing /home/airflow/.local/lib/python3.8/site-packages/airflow/example_dags/example_sensors.py took 0.083 seconds
[2024-02-25T21:04:23.975+0000] {processor.py:161} INFO - Started process (PID=10138) to work on /home/airflow/.local/lib/python3.8/site-packages/airflow/example_dags/example_sensors.py
[2024-02-25T21:04:23.976+0000] {processor.py:830} INFO - Processing file /home/airflow/.local/lib/python3.8/site-packages/airflow/example_dags/example_sensors.py for tasks to queue
[2024-02-25T21:04:23.977+0000] {logging_mixin.py:188} INFO - [2024-02-25T21:04:23.977+0000] {dagbag.py:538} INFO - Filling up the DagBag from /home/airflow/.local/lib/python3.8/site-packages/airflow/example_dags/example_sensors.py
[2024-02-25T21:04:23.989+0000] {processor.py:840} INFO - DAG(s) 'example_sensors' retrieved from /home/airflow/.local/lib/python3.8/site-packages/airflow/example_dags/example_sensors.py
[2024-02-25T21:04:24.017+0000] {logging_mixin.py:188} INFO - [2024-02-25T21:04:24.017+0000] {dag.py:3036} INFO - Sync 1 DAGs
[2024-02-25T21:04:24.032+0000] {logging_mixin.py:188} INFO - [2024-02-25T21:04:24.032+0000] {dag.py:3823} INFO - Setting next_dagrun for example_sensors to None, run_after=None
[2024-02-25T21:04:24.058+0000] {processor.py:183} INFO - Processing /home/airflow/.local/lib/python3.8/site-packages/airflow/example_dags/example_sensors.py took 0.087 seconds
[2024-02-25T21:04:54.515+0000] {processor.py:161} INFO - Started process (PID=10201) to work on /home/airflow/.local/lib/python3.8/site-packages/airflow/example_dags/example_sensors.py
[2024-02-25T21:04:54.517+0000] {processor.py:830} INFO - Processing file /home/airflow/.local/lib/python3.8/site-packages/airflow/example_dags/example_sensors.py for tasks to queue
[2024-02-25T21:04:54.518+0000] {logging_mixin.py:188} INFO - [2024-02-25T21:04:54.518+0000] {dagbag.py:538} INFO - Filling up the DagBag from /home/airflow/.local/lib/python3.8/site-packages/airflow/example_dags/example_sensors.py
[2024-02-25T21:04:54.530+0000] {processor.py:840} INFO - DAG(s) 'example_sensors' retrieved from /home/airflow/.local/lib/python3.8/site-packages/airflow/example_dags/example_sensors.py
[2024-02-25T21:04:54.559+0000] {logging_mixin.py:188} INFO - [2024-02-25T21:04:54.558+0000] {dag.py:3036} INFO - Sync 1 DAGs
[2024-02-25T21:04:54.574+0000] {logging_mixin.py:188} INFO - [2024-02-25T21:04:54.574+0000] {dag.py:3823} INFO - Setting next_dagrun for example_sensors to None, run_after=None
[2024-02-25T21:04:54.601+0000] {processor.py:183} INFO - Processing /home/airflow/.local/lib/python3.8/site-packages/airflow/example_dags/example_sensors.py took 0.089 seconds
