[2024-02-25T00:03:57.009+0000] {processor.py:161} INFO - Started process (PID=5875) to work on /home/airflow/.local/lib/python3.8/site-packages/airflow/example_dags/example_sla_dag.py
[2024-02-25T00:03:57.010+0000] {processor.py:830} INFO - Processing file /home/airflow/.local/lib/python3.8/site-packages/airflow/example_dags/example_sla_dag.py for tasks to queue
[2024-02-25T00:03:57.012+0000] {logging_mixin.py:188} INFO - [2024-02-25T00:03:57.011+0000] {dagbag.py:538} INFO - Filling up the DagBag from /home/airflow/.local/lib/python3.8/site-packages/airflow/example_dags/example_sla_dag.py
[2024-02-25T00:03:57.022+0000] {processor.py:840} INFO - DAG(s) 'example_sla_dag' retrieved from /home/airflow/.local/lib/python3.8/site-packages/airflow/example_dags/example_sla_dag.py
[2024-02-25T00:03:57.044+0000] {logging_mixin.py:188} INFO - [2024-02-25T00:03:57.044+0000] {dag.py:3036} INFO - Sync 1 DAGs
[2024-02-25T00:03:57.073+0000] {logging_mixin.py:188} INFO - [2024-02-25T00:03:57.073+0000] {dag.py:3823} INFO - Setting next_dagrun for example_sla_dag to 2024-02-25 00:00:00+00:00, run_after=2024-02-25 00:02:00+00:00
[2024-02-25T00:03:57.106+0000] {processor.py:183} INFO - Processing /home/airflow/.local/lib/python3.8/site-packages/airflow/example_dags/example_sla_dag.py took 0.101 seconds
[2024-02-25T00:04:27.213+0000] {processor.py:161} INFO - Started process (PID=5942) to work on /home/airflow/.local/lib/python3.8/site-packages/airflow/example_dags/example_sla_dag.py
[2024-02-25T00:04:27.214+0000] {processor.py:830} INFO - Processing file /home/airflow/.local/lib/python3.8/site-packages/airflow/example_dags/example_sla_dag.py for tasks to queue
[2024-02-25T00:04:27.215+0000] {logging_mixin.py:188} INFO - [2024-02-25T00:04:27.215+0000] {dagbag.py:538} INFO - Filling up the DagBag from /home/airflow/.local/lib/python3.8/site-packages/airflow/example_dags/example_sla_dag.py
[2024-02-25T00:04:27.223+0000] {processor.py:840} INFO - DAG(s) 'example_sla_dag' retrieved from /home/airflow/.local/lib/python3.8/site-packages/airflow/example_dags/example_sla_dag.py
[2024-02-25T00:04:27.246+0000] {logging_mixin.py:188} INFO - [2024-02-25T00:04:27.246+0000] {dag.py:3036} INFO - Sync 1 DAGs
[2024-02-25T00:04:27.272+0000] {logging_mixin.py:188} INFO - [2024-02-25T00:04:27.272+0000] {dag.py:3823} INFO - Setting next_dagrun for example_sla_dag to 2024-02-25 00:02:00+00:00, run_after=2024-02-25 00:04:00+00:00
[2024-02-25T00:04:27.294+0000] {processor.py:183} INFO - Processing /home/airflow/.local/lib/python3.8/site-packages/airflow/example_dags/example_sla_dag.py took 0.085 seconds
[2024-02-25T00:04:58.220+0000] {processor.py:161} INFO - Started process (PID=6005) to work on /home/airflow/.local/lib/python3.8/site-packages/airflow/example_dags/example_sla_dag.py
[2024-02-25T00:04:58.222+0000] {processor.py:830} INFO - Processing file /home/airflow/.local/lib/python3.8/site-packages/airflow/example_dags/example_sla_dag.py for tasks to queue
[2024-02-25T00:04:58.223+0000] {logging_mixin.py:188} INFO - [2024-02-25T00:04:58.223+0000] {dagbag.py:538} INFO - Filling up the DagBag from /home/airflow/.local/lib/python3.8/site-packages/airflow/example_dags/example_sla_dag.py
[2024-02-25T00:04:58.234+0000] {processor.py:840} INFO - DAG(s) 'example_sla_dag' retrieved from /home/airflow/.local/lib/python3.8/site-packages/airflow/example_dags/example_sla_dag.py
[2024-02-25T00:04:58.258+0000] {logging_mixin.py:188} INFO - [2024-02-25T00:04:58.258+0000] {dag.py:3036} INFO - Sync 1 DAGs
[2024-02-25T00:04:58.285+0000] {logging_mixin.py:188} INFO - [2024-02-25T00:04:58.285+0000] {dag.py:3823} INFO - Setting next_dagrun for example_sla_dag to 2024-02-25 00:02:00+00:00, run_after=2024-02-25 00:04:00+00:00
[2024-02-25T00:04:58.310+0000] {processor.py:183} INFO - Processing /home/airflow/.local/lib/python3.8/site-packages/airflow/example_dags/example_sla_dag.py took 0.094 seconds
[2024-02-25T00:05:28.752+0000] {processor.py:161} INFO - Started process (PID=6069) to work on /home/airflow/.local/lib/python3.8/site-packages/airflow/example_dags/example_sla_dag.py
[2024-02-25T00:05:28.754+0000] {processor.py:830} INFO - Processing file /home/airflow/.local/lib/python3.8/site-packages/airflow/example_dags/example_sla_dag.py for tasks to queue
[2024-02-25T00:05:28.755+0000] {logging_mixin.py:188} INFO - [2024-02-25T00:05:28.754+0000] {dagbag.py:538} INFO - Filling up the DagBag from /home/airflow/.local/lib/python3.8/site-packages/airflow/example_dags/example_sla_dag.py
[2024-02-25T00:05:28.763+0000] {processor.py:840} INFO - DAG(s) 'example_sla_dag' retrieved from /home/airflow/.local/lib/python3.8/site-packages/airflow/example_dags/example_sla_dag.py
[2024-02-25T00:05:28.784+0000] {logging_mixin.py:188} INFO - [2024-02-25T00:05:28.784+0000] {dag.py:3036} INFO - Sync 1 DAGs
[2024-02-25T00:05:28.808+0000] {logging_mixin.py:188} INFO - [2024-02-25T00:05:28.808+0000] {dag.py:3823} INFO - Setting next_dagrun for example_sla_dag to 2024-02-25 00:02:00+00:00, run_after=2024-02-25 00:04:00+00:00
[2024-02-25T00:05:28.829+0000] {processor.py:183} INFO - Processing /home/airflow/.local/lib/python3.8/site-packages/airflow/example_dags/example_sla_dag.py took 0.081 seconds
[2024-02-25T00:05:59.694+0000] {processor.py:161} INFO - Started process (PID=6132) to work on /home/airflow/.local/lib/python3.8/site-packages/airflow/example_dags/example_sla_dag.py
[2024-02-25T00:05:59.695+0000] {processor.py:830} INFO - Processing file /home/airflow/.local/lib/python3.8/site-packages/airflow/example_dags/example_sla_dag.py for tasks to queue
[2024-02-25T00:05:59.697+0000] {logging_mixin.py:188} INFO - [2024-02-25T00:05:59.696+0000] {dagbag.py:538} INFO - Filling up the DagBag from /home/airflow/.local/lib/python3.8/site-packages/airflow/example_dags/example_sla_dag.py
[2024-02-25T00:05:59.705+0000] {processor.py:840} INFO - DAG(s) 'example_sla_dag' retrieved from /home/airflow/.local/lib/python3.8/site-packages/airflow/example_dags/example_sla_dag.py
[2024-02-25T00:05:59.728+0000] {logging_mixin.py:188} INFO - [2024-02-25T00:05:59.728+0000] {dag.py:3036} INFO - Sync 1 DAGs
[2024-02-25T00:05:59.753+0000] {logging_mixin.py:188} INFO - [2024-02-25T00:05:59.752+0000] {dag.py:3823} INFO - Setting next_dagrun for example_sla_dag to 2024-02-25 00:02:00+00:00, run_after=2024-02-25 00:04:00+00:00
[2024-02-25T00:05:59.776+0000] {processor.py:183} INFO - Processing /home/airflow/.local/lib/python3.8/site-packages/airflow/example_dags/example_sla_dag.py took 0.086 seconds
[2024-02-25T00:06:30.523+0000] {processor.py:161} INFO - Started process (PID=6196) to work on /home/airflow/.local/lib/python3.8/site-packages/airflow/example_dags/example_sla_dag.py
[2024-02-25T00:06:30.525+0000] {processor.py:830} INFO - Processing file /home/airflow/.local/lib/python3.8/site-packages/airflow/example_dags/example_sla_dag.py for tasks to queue
[2024-02-25T00:06:30.526+0000] {logging_mixin.py:188} INFO - [2024-02-25T00:06:30.525+0000] {dagbag.py:538} INFO - Filling up the DagBag from /home/airflow/.local/lib/python3.8/site-packages/airflow/example_dags/example_sla_dag.py
[2024-02-25T00:06:30.534+0000] {processor.py:840} INFO - DAG(s) 'example_sla_dag' retrieved from /home/airflow/.local/lib/python3.8/site-packages/airflow/example_dags/example_sla_dag.py
[2024-02-25T00:06:30.556+0000] {logging_mixin.py:188} INFO - [2024-02-25T00:06:30.555+0000] {dag.py:3036} INFO - Sync 1 DAGs
[2024-02-25T00:06:30.580+0000] {logging_mixin.py:188} INFO - [2024-02-25T00:06:30.580+0000] {dag.py:3823} INFO - Setting next_dagrun for example_sla_dag to 2024-02-25 00:04:00+00:00, run_after=2024-02-25 00:06:00+00:00
[2024-02-25T00:06:30.603+0000] {processor.py:183} INFO - Processing /home/airflow/.local/lib/python3.8/site-packages/airflow/example_dags/example_sla_dag.py took 0.084 seconds
[2024-02-25T00:07:01.274+0000] {processor.py:161} INFO - Started process (PID=6259) to work on /home/airflow/.local/lib/python3.8/site-packages/airflow/example_dags/example_sla_dag.py
[2024-02-25T00:07:01.275+0000] {processor.py:830} INFO - Processing file /home/airflow/.local/lib/python3.8/site-packages/airflow/example_dags/example_sla_dag.py for tasks to queue
[2024-02-25T00:07:01.276+0000] {logging_mixin.py:188} INFO - [2024-02-25T00:07:01.275+0000] {dagbag.py:538} INFO - Filling up the DagBag from /home/airflow/.local/lib/python3.8/site-packages/airflow/example_dags/example_sla_dag.py
[2024-02-25T00:07:01.284+0000] {processor.py:840} INFO - DAG(s) 'example_sla_dag' retrieved from /home/airflow/.local/lib/python3.8/site-packages/airflow/example_dags/example_sla_dag.py
[2024-02-25T00:07:01.306+0000] {logging_mixin.py:188} INFO - [2024-02-25T00:07:01.306+0000] {dag.py:3036} INFO - Sync 1 DAGs
[2024-02-25T00:07:01.336+0000] {logging_mixin.py:188} INFO - [2024-02-25T00:07:01.336+0000] {dag.py:3823} INFO - Setting next_dagrun for example_sla_dag to 2024-02-25 00:04:00+00:00, run_after=2024-02-25 00:06:00+00:00
[2024-02-25T00:07:01.358+0000] {processor.py:183} INFO - Processing /home/airflow/.local/lib/python3.8/site-packages/airflow/example_dags/example_sla_dag.py took 0.088 seconds
[2024-02-25T00:07:32.121+0000] {processor.py:161} INFO - Started process (PID=6322) to work on /home/airflow/.local/lib/python3.8/site-packages/airflow/example_dags/example_sla_dag.py
[2024-02-25T00:07:32.123+0000] {processor.py:830} INFO - Processing file /home/airflow/.local/lib/python3.8/site-packages/airflow/example_dags/example_sla_dag.py for tasks to queue
[2024-02-25T00:07:32.124+0000] {logging_mixin.py:188} INFO - [2024-02-25T00:07:32.123+0000] {dagbag.py:538} INFO - Filling up the DagBag from /home/airflow/.local/lib/python3.8/site-packages/airflow/example_dags/example_sla_dag.py
[2024-02-25T00:07:32.135+0000] {processor.py:840} INFO - DAG(s) 'example_sla_dag' retrieved from /home/airflow/.local/lib/python3.8/site-packages/airflow/example_dags/example_sla_dag.py
[2024-02-25T00:07:32.160+0000] {logging_mixin.py:188} INFO - [2024-02-25T00:07:32.160+0000] {dag.py:3036} INFO - Sync 1 DAGs
[2024-02-25T00:07:32.191+0000] {logging_mixin.py:188} INFO - [2024-02-25T00:07:32.191+0000] {dag.py:3823} INFO - Setting next_dagrun for example_sla_dag to 2024-02-25 00:04:00+00:00, run_after=2024-02-25 00:06:00+00:00
[2024-02-25T00:07:32.218+0000] {processor.py:183} INFO - Processing /home/airflow/.local/lib/python3.8/site-packages/airflow/example_dags/example_sla_dag.py took 0.101 seconds
[2024-02-25T00:08:03.076+0000] {processor.py:161} INFO - Started process (PID=6385) to work on /home/airflow/.local/lib/python3.8/site-packages/airflow/example_dags/example_sla_dag.py
[2024-02-25T00:08:03.077+0000] {processor.py:830} INFO - Processing file /home/airflow/.local/lib/python3.8/site-packages/airflow/example_dags/example_sla_dag.py for tasks to queue
[2024-02-25T00:08:03.079+0000] {logging_mixin.py:188} INFO - [2024-02-25T00:08:03.078+0000] {dagbag.py:538} INFO - Filling up the DagBag from /home/airflow/.local/lib/python3.8/site-packages/airflow/example_dags/example_sla_dag.py
[2024-02-25T00:08:03.087+0000] {processor.py:840} INFO - DAG(s) 'example_sla_dag' retrieved from /home/airflow/.local/lib/python3.8/site-packages/airflow/example_dags/example_sla_dag.py
[2024-02-25T00:08:03.115+0000] {logging_mixin.py:188} INFO - [2024-02-25T00:08:03.114+0000] {dag.py:3036} INFO - Sync 1 DAGs
[2024-02-25T00:08:03.145+0000] {logging_mixin.py:188} INFO - [2024-02-25T00:08:03.145+0000] {dag.py:3823} INFO - Setting next_dagrun for example_sla_dag to 2024-02-25 00:06:00+00:00, run_after=2024-02-25 00:08:00+00:00
[2024-02-25T00:08:03.171+0000] {processor.py:183} INFO - Processing /home/airflow/.local/lib/python3.8/site-packages/airflow/example_dags/example_sla_dag.py took 0.099 seconds
[2024-02-25T00:08:33.901+0000] {processor.py:161} INFO - Started process (PID=6448) to work on /home/airflow/.local/lib/python3.8/site-packages/airflow/example_dags/example_sla_dag.py
[2024-02-25T00:08:33.902+0000] {processor.py:830} INFO - Processing file /home/airflow/.local/lib/python3.8/site-packages/airflow/example_dags/example_sla_dag.py for tasks to queue
[2024-02-25T00:08:33.904+0000] {logging_mixin.py:188} INFO - [2024-02-25T00:08:33.903+0000] {dagbag.py:538} INFO - Filling up the DagBag from /home/airflow/.local/lib/python3.8/site-packages/airflow/example_dags/example_sla_dag.py
[2024-02-25T00:08:33.912+0000] {processor.py:840} INFO - DAG(s) 'example_sla_dag' retrieved from /home/airflow/.local/lib/python3.8/site-packages/airflow/example_dags/example_sla_dag.py
[2024-02-25T00:08:33.934+0000] {logging_mixin.py:188} INFO - [2024-02-25T00:08:33.934+0000] {dag.py:3036} INFO - Sync 1 DAGs
[2024-02-25T00:08:33.960+0000] {logging_mixin.py:188} INFO - [2024-02-25T00:08:33.959+0000] {dag.py:3823} INFO - Setting next_dagrun for example_sla_dag to 2024-02-25 00:06:00+00:00, run_after=2024-02-25 00:08:00+00:00
[2024-02-25T00:08:33.982+0000] {processor.py:183} INFO - Processing /home/airflow/.local/lib/python3.8/site-packages/airflow/example_dags/example_sla_dag.py took 0.084 seconds
[2024-02-25T00:09:04.655+0000] {processor.py:161} INFO - Started process (PID=6511) to work on /home/airflow/.local/lib/python3.8/site-packages/airflow/example_dags/example_sla_dag.py
[2024-02-25T00:09:04.656+0000] {processor.py:830} INFO - Processing file /home/airflow/.local/lib/python3.8/site-packages/airflow/example_dags/example_sla_dag.py for tasks to queue
[2024-02-25T00:09:04.657+0000] {logging_mixin.py:188} INFO - [2024-02-25T00:09:04.657+0000] {dagbag.py:538} INFO - Filling up the DagBag from /home/airflow/.local/lib/python3.8/site-packages/airflow/example_dags/example_sla_dag.py
[2024-02-25T00:09:04.666+0000] {processor.py:840} INFO - DAG(s) 'example_sla_dag' retrieved from /home/airflow/.local/lib/python3.8/site-packages/airflow/example_dags/example_sla_dag.py
[2024-02-25T00:09:04.688+0000] {logging_mixin.py:188} INFO - [2024-02-25T00:09:04.688+0000] {dag.py:3036} INFO - Sync 1 DAGs
[2024-02-25T00:09:04.716+0000] {logging_mixin.py:188} INFO - [2024-02-25T00:09:04.716+0000] {dag.py:3823} INFO - Setting next_dagrun for example_sla_dag to 2024-02-25 00:06:00+00:00, run_after=2024-02-25 00:08:00+00:00
[2024-02-25T00:09:04.752+0000] {processor.py:183} INFO - Processing /home/airflow/.local/lib/python3.8/site-packages/airflow/example_dags/example_sla_dag.py took 0.101 seconds
[2024-02-25T18:16:21.290+0000] {processor.py:161} INFO - Started process (PID=6574) to work on /home/airflow/.local/lib/python3.8/site-packages/airflow/example_dags/example_sla_dag.py
[2024-02-25T18:16:21.291+0000] {processor.py:830} INFO - Processing file /home/airflow/.local/lib/python3.8/site-packages/airflow/example_dags/example_sla_dag.py for tasks to queue
[2024-02-25T18:16:21.292+0000] {logging_mixin.py:188} INFO - [2024-02-25T18:16:21.292+0000] {dagbag.py:538} INFO - Filling up the DagBag from /home/airflow/.local/lib/python3.8/site-packages/airflow/example_dags/example_sla_dag.py
[2024-02-25T18:16:21.303+0000] {processor.py:840} INFO - DAG(s) 'example_sla_dag' retrieved from /home/airflow/.local/lib/python3.8/site-packages/airflow/example_dags/example_sla_dag.py
[2024-02-25T18:16:21.328+0000] {logging_mixin.py:188} INFO - [2024-02-25T18:16:21.328+0000] {dag.py:3036} INFO - Sync 1 DAGs
[2024-02-25T18:16:21.357+0000] {logging_mixin.py:188} INFO - [2024-02-25T18:16:21.356+0000] {dag.py:3823} INFO - Setting next_dagrun for example_sla_dag to 2024-02-25 18:14:00+00:00, run_after=2024-02-25 18:16:00+00:00
[2024-02-25T18:16:21.382+0000] {processor.py:183} INFO - Processing /home/airflow/.local/lib/python3.8/site-packages/airflow/example_dags/example_sla_dag.py took 0.097 seconds
[2024-02-25T18:16:52.001+0000] {processor.py:161} INFO - Started process (PID=6637) to work on /home/airflow/.local/lib/python3.8/site-packages/airflow/example_dags/example_sla_dag.py
[2024-02-25T18:16:52.003+0000] {processor.py:830} INFO - Processing file /home/airflow/.local/lib/python3.8/site-packages/airflow/example_dags/example_sla_dag.py for tasks to queue
[2024-02-25T18:16:52.004+0000] {logging_mixin.py:188} INFO - [2024-02-25T18:16:52.004+0000] {dagbag.py:538} INFO - Filling up the DagBag from /home/airflow/.local/lib/python3.8/site-packages/airflow/example_dags/example_sla_dag.py
[2024-02-25T18:16:52.013+0000] {processor.py:840} INFO - DAG(s) 'example_sla_dag' retrieved from /home/airflow/.local/lib/python3.8/site-packages/airflow/example_dags/example_sla_dag.py
[2024-02-25T18:16:52.037+0000] {logging_mixin.py:188} INFO - [2024-02-25T18:16:52.036+0000] {dag.py:3036} INFO - Sync 1 DAGs
[2024-02-25T18:16:52.065+0000] {logging_mixin.py:188} INFO - [2024-02-25T18:16:52.065+0000] {dag.py:3823} INFO - Setting next_dagrun for example_sla_dag to 2024-02-25 18:14:00+00:00, run_after=2024-02-25 18:16:00+00:00
[2024-02-25T18:16:52.090+0000] {processor.py:183} INFO - Processing /home/airflow/.local/lib/python3.8/site-packages/airflow/example_dags/example_sla_dag.py took 0.093 seconds
[2024-02-25T18:17:23.051+0000] {processor.py:161} INFO - Started process (PID=6700) to work on /home/airflow/.local/lib/python3.8/site-packages/airflow/example_dags/example_sla_dag.py
[2024-02-25T18:17:23.052+0000] {processor.py:830} INFO - Processing file /home/airflow/.local/lib/python3.8/site-packages/airflow/example_dags/example_sla_dag.py for tasks to queue
[2024-02-25T18:17:23.054+0000] {logging_mixin.py:188} INFO - [2024-02-25T18:17:23.054+0000] {dagbag.py:538} INFO - Filling up the DagBag from /home/airflow/.local/lib/python3.8/site-packages/airflow/example_dags/example_sla_dag.py
[2024-02-25T18:17:23.065+0000] {processor.py:840} INFO - DAG(s) 'example_sla_dag' retrieved from /home/airflow/.local/lib/python3.8/site-packages/airflow/example_dags/example_sla_dag.py
[2024-02-25T18:17:23.093+0000] {logging_mixin.py:188} INFO - [2024-02-25T18:17:23.093+0000] {dag.py:3036} INFO - Sync 1 DAGs
[2024-02-25T18:17:23.126+0000] {logging_mixin.py:188} INFO - [2024-02-25T18:17:23.126+0000] {dag.py:3823} INFO - Setting next_dagrun for example_sla_dag to 2024-02-25 18:14:00+00:00, run_after=2024-02-25 18:16:00+00:00
[2024-02-25T18:17:23.155+0000] {processor.py:183} INFO - Processing /home/airflow/.local/lib/python3.8/site-packages/airflow/example_dags/example_sla_dag.py took 0.108 seconds
[2024-02-25T18:17:53.360+0000] {processor.py:161} INFO - Started process (PID=6763) to work on /home/airflow/.local/lib/python3.8/site-packages/airflow/example_dags/example_sla_dag.py
[2024-02-25T18:17:53.361+0000] {processor.py:830} INFO - Processing file /home/airflow/.local/lib/python3.8/site-packages/airflow/example_dags/example_sla_dag.py for tasks to queue
[2024-02-25T18:17:53.362+0000] {logging_mixin.py:188} INFO - [2024-02-25T18:17:53.362+0000] {dagbag.py:538} INFO - Filling up the DagBag from /home/airflow/.local/lib/python3.8/site-packages/airflow/example_dags/example_sla_dag.py
[2024-02-25T18:17:53.371+0000] {processor.py:840} INFO - DAG(s) 'example_sla_dag' retrieved from /home/airflow/.local/lib/python3.8/site-packages/airflow/example_dags/example_sla_dag.py
[2024-02-25T18:17:53.394+0000] {logging_mixin.py:188} INFO - [2024-02-25T18:17:53.394+0000] {dag.py:3036} INFO - Sync 1 DAGs
[2024-02-25T18:17:53.422+0000] {logging_mixin.py:188} INFO - [2024-02-25T18:17:53.422+0000] {dag.py:3823} INFO - Setting next_dagrun for example_sla_dag to 2024-02-25 18:14:00+00:00, run_after=2024-02-25 18:16:00+00:00
[2024-02-25T18:17:53.445+0000] {processor.py:183} INFO - Processing /home/airflow/.local/lib/python3.8/site-packages/airflow/example_dags/example_sla_dag.py took 0.088 seconds
[2024-02-25T18:18:23.501+0000] {processor.py:161} INFO - Started process (PID=6824) to work on /home/airflow/.local/lib/python3.8/site-packages/airflow/example_dags/example_sla_dag.py
[2024-02-25T18:18:23.503+0000] {processor.py:830} INFO - Processing file /home/airflow/.local/lib/python3.8/site-packages/airflow/example_dags/example_sla_dag.py for tasks to queue
[2024-02-25T18:18:23.504+0000] {logging_mixin.py:188} INFO - [2024-02-25T18:18:23.503+0000] {dagbag.py:538} INFO - Filling up the DagBag from /home/airflow/.local/lib/python3.8/site-packages/airflow/example_dags/example_sla_dag.py
[2024-02-25T18:18:23.512+0000] {processor.py:840} INFO - DAG(s) 'example_sla_dag' retrieved from /home/airflow/.local/lib/python3.8/site-packages/airflow/example_dags/example_sla_dag.py
[2024-02-25T18:18:23.535+0000] {logging_mixin.py:188} INFO - [2024-02-25T18:18:23.535+0000] {dag.py:3036} INFO - Sync 1 DAGs
[2024-02-25T18:18:23.564+0000] {logging_mixin.py:188} INFO - [2024-02-25T18:18:23.564+0000] {dag.py:3823} INFO - Setting next_dagrun for example_sla_dag to 2024-02-25 18:16:00+00:00, run_after=2024-02-25 18:18:00+00:00
[2024-02-25T18:18:23.589+0000] {processor.py:183} INFO - Processing /home/airflow/.local/lib/python3.8/site-packages/airflow/example_dags/example_sla_dag.py took 0.091 seconds
[2024-02-25T18:18:53.724+0000] {processor.py:161} INFO - Started process (PID=6888) to work on /home/airflow/.local/lib/python3.8/site-packages/airflow/example_dags/example_sla_dag.py
[2024-02-25T18:18:53.725+0000] {processor.py:830} INFO - Processing file /home/airflow/.local/lib/python3.8/site-packages/airflow/example_dags/example_sla_dag.py for tasks to queue
[2024-02-25T18:18:53.727+0000] {logging_mixin.py:188} INFO - [2024-02-25T18:18:53.726+0000] {dagbag.py:538} INFO - Filling up the DagBag from /home/airflow/.local/lib/python3.8/site-packages/airflow/example_dags/example_sla_dag.py
[2024-02-25T18:18:53.735+0000] {processor.py:840} INFO - DAG(s) 'example_sla_dag' retrieved from /home/airflow/.local/lib/python3.8/site-packages/airflow/example_dags/example_sla_dag.py
[2024-02-25T18:18:53.757+0000] {logging_mixin.py:188} INFO - [2024-02-25T18:18:53.757+0000] {dag.py:3036} INFO - Sync 1 DAGs
[2024-02-25T18:18:53.783+0000] {logging_mixin.py:188} INFO - [2024-02-25T18:18:53.783+0000] {dag.py:3823} INFO - Setting next_dagrun for example_sla_dag to 2024-02-25 18:16:00+00:00, run_after=2024-02-25 18:18:00+00:00
[2024-02-25T18:18:53.806+0000] {processor.py:183} INFO - Processing /home/airflow/.local/lib/python3.8/site-packages/airflow/example_dags/example_sla_dag.py took 0.086 seconds
[2024-02-25T18:19:25.214+0000] {processor.py:161} INFO - Started process (PID=6951) to work on /home/airflow/.local/lib/python3.8/site-packages/airflow/example_dags/example_sla_dag.py
[2024-02-25T18:19:25.228+0000] {processor.py:830} INFO - Processing file /home/airflow/.local/lib/python3.8/site-packages/airflow/example_dags/example_sla_dag.py for tasks to queue
[2024-02-25T18:19:25.232+0000] {logging_mixin.py:188} INFO - [2024-02-25T18:19:25.231+0000] {dagbag.py:538} INFO - Filling up the DagBag from /home/airflow/.local/lib/python3.8/site-packages/airflow/example_dags/example_sla_dag.py
[2024-02-25T18:19:25.268+0000] {processor.py:840} INFO - DAG(s) 'example_sla_dag' retrieved from /home/airflow/.local/lib/python3.8/site-packages/airflow/example_dags/example_sla_dag.py
[2024-02-25T18:19:25.298+0000] {logging_mixin.py:188} INFO - [2024-02-25T18:19:25.297+0000] {dag.py:3036} INFO - Sync 1 DAGs
[2024-02-25T18:19:25.352+0000] {logging_mixin.py:188} INFO - [2024-02-25T18:19:25.352+0000] {dag.py:3823} INFO - Setting next_dagrun for example_sla_dag to 2024-02-25 18:16:00+00:00, run_after=2024-02-25 18:18:00+00:00
[2024-02-25T18:19:25.390+0000] {processor.py:183} INFO - Processing /home/airflow/.local/lib/python3.8/site-packages/airflow/example_dags/example_sla_dag.py took 0.186 seconds
[2024-02-25T18:19:55.741+0000] {processor.py:161} INFO - Started process (PID=7013) to work on /home/airflow/.local/lib/python3.8/site-packages/airflow/example_dags/example_sla_dag.py
[2024-02-25T18:19:55.742+0000] {processor.py:830} INFO - Processing file /home/airflow/.local/lib/python3.8/site-packages/airflow/example_dags/example_sla_dag.py for tasks to queue
[2024-02-25T18:19:55.743+0000] {logging_mixin.py:188} INFO - [2024-02-25T18:19:55.743+0000] {dagbag.py:538} INFO - Filling up the DagBag from /home/airflow/.local/lib/python3.8/site-packages/airflow/example_dags/example_sla_dag.py
[2024-02-25T18:19:55.751+0000] {processor.py:840} INFO - DAG(s) 'example_sla_dag' retrieved from /home/airflow/.local/lib/python3.8/site-packages/airflow/example_dags/example_sla_dag.py
[2024-02-25T18:19:55.775+0000] {logging_mixin.py:188} INFO - [2024-02-25T18:19:55.775+0000] {dag.py:3036} INFO - Sync 1 DAGs
[2024-02-25T18:19:55.804+0000] {logging_mixin.py:188} INFO - [2024-02-25T18:19:55.804+0000] {dag.py:3823} INFO - Setting next_dagrun for example_sla_dag to 2024-02-25 18:16:00+00:00, run_after=2024-02-25 18:18:00+00:00
[2024-02-25T18:19:55.829+0000] {processor.py:183} INFO - Processing /home/airflow/.local/lib/python3.8/site-packages/airflow/example_dags/example_sla_dag.py took 0.092 seconds
[2024-02-25T18:20:26.812+0000] {processor.py:161} INFO - Started process (PID=7076) to work on /home/airflow/.local/lib/python3.8/site-packages/airflow/example_dags/example_sla_dag.py
[2024-02-25T18:20:26.813+0000] {processor.py:830} INFO - Processing file /home/airflow/.local/lib/python3.8/site-packages/airflow/example_dags/example_sla_dag.py for tasks to queue
[2024-02-25T18:20:26.815+0000] {logging_mixin.py:188} INFO - [2024-02-25T18:20:26.814+0000] {dagbag.py:538} INFO - Filling up the DagBag from /home/airflow/.local/lib/python3.8/site-packages/airflow/example_dags/example_sla_dag.py
[2024-02-25T18:20:26.824+0000] {processor.py:840} INFO - DAG(s) 'example_sla_dag' retrieved from /home/airflow/.local/lib/python3.8/site-packages/airflow/example_dags/example_sla_dag.py
[2024-02-25T18:20:26.857+0000] {logging_mixin.py:188} INFO - [2024-02-25T18:20:26.857+0000] {dag.py:3036} INFO - Sync 1 DAGs
[2024-02-25T18:20:26.899+0000] {logging_mixin.py:188} INFO - [2024-02-25T18:20:26.899+0000] {dag.py:3823} INFO - Setting next_dagrun for example_sla_dag to 2024-02-25 18:18:00+00:00, run_after=2024-02-25 18:20:00+00:00
[2024-02-25T18:20:26.943+0000] {processor.py:183} INFO - Processing /home/airflow/.local/lib/python3.8/site-packages/airflow/example_dags/example_sla_dag.py took 0.136 seconds
[2024-02-25T18:20:57.570+0000] {processor.py:161} INFO - Started process (PID=7139) to work on /home/airflow/.local/lib/python3.8/site-packages/airflow/example_dags/example_sla_dag.py
[2024-02-25T18:20:57.572+0000] {processor.py:830} INFO - Processing file /home/airflow/.local/lib/python3.8/site-packages/airflow/example_dags/example_sla_dag.py for tasks to queue
[2024-02-25T18:20:57.573+0000] {logging_mixin.py:188} INFO - [2024-02-25T18:20:57.573+0000] {dagbag.py:538} INFO - Filling up the DagBag from /home/airflow/.local/lib/python3.8/site-packages/airflow/example_dags/example_sla_dag.py
[2024-02-25T18:20:57.590+0000] {processor.py:840} INFO - DAG(s) 'example_sla_dag' retrieved from /home/airflow/.local/lib/python3.8/site-packages/airflow/example_dags/example_sla_dag.py
[2024-02-25T18:20:57.632+0000] {logging_mixin.py:188} INFO - [2024-02-25T18:20:57.632+0000] {dag.py:3036} INFO - Sync 1 DAGs
[2024-02-25T18:20:57.679+0000] {logging_mixin.py:188} INFO - [2024-02-25T18:20:57.679+0000] {dag.py:3823} INFO - Setting next_dagrun for example_sla_dag to 2024-02-25 18:18:00+00:00, run_after=2024-02-25 18:20:00+00:00
[2024-02-25T18:20:57.717+0000] {processor.py:183} INFO - Processing /home/airflow/.local/lib/python3.8/site-packages/airflow/example_dags/example_sla_dag.py took 0.151 seconds
[2024-02-25T18:21:28.482+0000] {processor.py:161} INFO - Started process (PID=7209) to work on /home/airflow/.local/lib/python3.8/site-packages/airflow/example_dags/example_sla_dag.py
[2024-02-25T18:21:28.483+0000] {processor.py:830} INFO - Processing file /home/airflow/.local/lib/python3.8/site-packages/airflow/example_dags/example_sla_dag.py for tasks to queue
[2024-02-25T18:21:28.484+0000] {logging_mixin.py:188} INFO - [2024-02-25T18:21:28.484+0000] {dagbag.py:538} INFO - Filling up the DagBag from /home/airflow/.local/lib/python3.8/site-packages/airflow/example_dags/example_sla_dag.py
[2024-02-25T18:21:28.492+0000] {processor.py:840} INFO - DAG(s) 'example_sla_dag' retrieved from /home/airflow/.local/lib/python3.8/site-packages/airflow/example_dags/example_sla_dag.py
[2024-02-25T18:21:28.514+0000] {logging_mixin.py:188} INFO - [2024-02-25T18:21:28.514+0000] {dag.py:3036} INFO - Sync 1 DAGs
[2024-02-25T18:21:28.541+0000] {logging_mixin.py:188} INFO - [2024-02-25T18:21:28.541+0000] {dag.py:3823} INFO - Setting next_dagrun for example_sla_dag to 2024-02-25 18:18:00+00:00, run_after=2024-02-25 18:20:00+00:00
[2024-02-25T18:21:28.564+0000] {processor.py:183} INFO - Processing /home/airflow/.local/lib/python3.8/site-packages/airflow/example_dags/example_sla_dag.py took 0.086 seconds
[2024-02-25T18:21:58.946+0000] {processor.py:161} INFO - Started process (PID=7272) to work on /home/airflow/.local/lib/python3.8/site-packages/airflow/example_dags/example_sla_dag.py
[2024-02-25T18:21:58.947+0000] {processor.py:830} INFO - Processing file /home/airflow/.local/lib/python3.8/site-packages/airflow/example_dags/example_sla_dag.py for tasks to queue
[2024-02-25T18:21:58.948+0000] {logging_mixin.py:188} INFO - [2024-02-25T18:21:58.948+0000] {dagbag.py:538} INFO - Filling up the DagBag from /home/airflow/.local/lib/python3.8/site-packages/airflow/example_dags/example_sla_dag.py
[2024-02-25T18:21:58.957+0000] {processor.py:840} INFO - DAG(s) 'example_sla_dag' retrieved from /home/airflow/.local/lib/python3.8/site-packages/airflow/example_dags/example_sla_dag.py
[2024-02-25T18:21:58.981+0000] {logging_mixin.py:188} INFO - [2024-02-25T18:21:58.981+0000] {dag.py:3036} INFO - Sync 1 DAGs
[2024-02-25T18:21:59.010+0000] {logging_mixin.py:188} INFO - [2024-02-25T18:21:59.010+0000] {dag.py:3823} INFO - Setting next_dagrun for example_sla_dag to 2024-02-25 18:18:00+00:00, run_after=2024-02-25 18:20:00+00:00
[2024-02-25T18:21:59.044+0000] {processor.py:183} INFO - Processing /home/airflow/.local/lib/python3.8/site-packages/airflow/example_dags/example_sla_dag.py took 0.102 seconds
[2024-02-25T18:22:29.103+0000] {processor.py:161} INFO - Started process (PID=7333) to work on /home/airflow/.local/lib/python3.8/site-packages/airflow/example_dags/example_sla_dag.py
[2024-02-25T18:22:29.104+0000] {processor.py:830} INFO - Processing file /home/airflow/.local/lib/python3.8/site-packages/airflow/example_dags/example_sla_dag.py for tasks to queue
[2024-02-25T18:22:29.106+0000] {logging_mixin.py:188} INFO - [2024-02-25T18:22:29.105+0000] {dagbag.py:538} INFO - Filling up the DagBag from /home/airflow/.local/lib/python3.8/site-packages/airflow/example_dags/example_sla_dag.py
[2024-02-25T18:22:29.114+0000] {processor.py:840} INFO - DAG(s) 'example_sla_dag' retrieved from /home/airflow/.local/lib/python3.8/site-packages/airflow/example_dags/example_sla_dag.py
[2024-02-25T18:22:29.136+0000] {logging_mixin.py:188} INFO - [2024-02-25T18:22:29.136+0000] {dag.py:3036} INFO - Sync 1 DAGs
[2024-02-25T18:22:29.161+0000] {logging_mixin.py:188} INFO - [2024-02-25T18:22:29.161+0000] {dag.py:3823} INFO - Setting next_dagrun for example_sla_dag to 2024-02-25 18:20:00+00:00, run_after=2024-02-25 18:22:00+00:00
[2024-02-25T18:22:29.184+0000] {processor.py:183} INFO - Processing /home/airflow/.local/lib/python3.8/site-packages/airflow/example_dags/example_sla_dag.py took 0.085 seconds
[2024-02-25T18:22:59.266+0000] {processor.py:161} INFO - Started process (PID=7396) to work on /home/airflow/.local/lib/python3.8/site-packages/airflow/example_dags/example_sla_dag.py
[2024-02-25T18:22:59.268+0000] {processor.py:830} INFO - Processing file /home/airflow/.local/lib/python3.8/site-packages/airflow/example_dags/example_sla_dag.py for tasks to queue
[2024-02-25T18:22:59.269+0000] {logging_mixin.py:188} INFO - [2024-02-25T18:22:59.269+0000] {dagbag.py:538} INFO - Filling up the DagBag from /home/airflow/.local/lib/python3.8/site-packages/airflow/example_dags/example_sla_dag.py
[2024-02-25T18:22:59.277+0000] {processor.py:840} INFO - DAG(s) 'example_sla_dag' retrieved from /home/airflow/.local/lib/python3.8/site-packages/airflow/example_dags/example_sla_dag.py
[2024-02-25T18:22:59.300+0000] {logging_mixin.py:188} INFO - [2024-02-25T18:22:59.300+0000] {dag.py:3036} INFO - Sync 1 DAGs
[2024-02-25T18:22:59.329+0000] {logging_mixin.py:188} INFO - [2024-02-25T18:22:59.328+0000] {dag.py:3823} INFO - Setting next_dagrun for example_sla_dag to 2024-02-25 18:20:00+00:00, run_after=2024-02-25 18:22:00+00:00
[2024-02-25T18:22:59.356+0000] {processor.py:183} INFO - Processing /home/airflow/.local/lib/python3.8/site-packages/airflow/example_dags/example_sla_dag.py took 0.094 seconds
[2024-02-25T18:23:30.234+0000] {processor.py:161} INFO - Started process (PID=7459) to work on /home/airflow/.local/lib/python3.8/site-packages/airflow/example_dags/example_sla_dag.py
[2024-02-25T18:23:30.235+0000] {processor.py:830} INFO - Processing file /home/airflow/.local/lib/python3.8/site-packages/airflow/example_dags/example_sla_dag.py for tasks to queue
[2024-02-25T18:23:30.236+0000] {logging_mixin.py:188} INFO - [2024-02-25T18:23:30.236+0000] {dagbag.py:538} INFO - Filling up the DagBag from /home/airflow/.local/lib/python3.8/site-packages/airflow/example_dags/example_sla_dag.py
[2024-02-25T18:23:30.245+0000] {processor.py:840} INFO - DAG(s) 'example_sla_dag' retrieved from /home/airflow/.local/lib/python3.8/site-packages/airflow/example_dags/example_sla_dag.py
[2024-02-25T18:23:30.278+0000] {logging_mixin.py:188} INFO - [2024-02-25T18:23:30.278+0000] {dag.py:3036} INFO - Sync 1 DAGs
[2024-02-25T18:23:30.305+0000] {logging_mixin.py:188} INFO - [2024-02-25T18:23:30.305+0000] {dag.py:3823} INFO - Setting next_dagrun for example_sla_dag to 2024-02-25 18:20:00+00:00, run_after=2024-02-25 18:22:00+00:00
[2024-02-25T18:23:30.331+0000] {processor.py:183} INFO - Processing /home/airflow/.local/lib/python3.8/site-packages/airflow/example_dags/example_sla_dag.py took 0.102 seconds
[2024-02-25T18:24:00.618+0000] {processor.py:161} INFO - Started process (PID=7516) to work on /home/airflow/.local/lib/python3.8/site-packages/airflow/example_dags/example_sla_dag.py
[2024-02-25T18:24:00.619+0000] {processor.py:830} INFO - Processing file /home/airflow/.local/lib/python3.8/site-packages/airflow/example_dags/example_sla_dag.py for tasks to queue
[2024-02-25T18:24:00.621+0000] {logging_mixin.py:188} INFO - [2024-02-25T18:24:00.620+0000] {dagbag.py:538} INFO - Filling up the DagBag from /home/airflow/.local/lib/python3.8/site-packages/airflow/example_dags/example_sla_dag.py
[2024-02-25T18:24:00.629+0000] {processor.py:840} INFO - DAG(s) 'example_sla_dag' retrieved from /home/airflow/.local/lib/python3.8/site-packages/airflow/example_dags/example_sla_dag.py
[2024-02-25T18:24:00.653+0000] {logging_mixin.py:188} INFO - [2024-02-25T18:24:00.652+0000] {dag.py:3036} INFO - Sync 1 DAGs
[2024-02-25T18:24:00.678+0000] {logging_mixin.py:188} INFO - [2024-02-25T18:24:00.677+0000] {dag.py:3823} INFO - Setting next_dagrun for example_sla_dag to 2024-02-25 18:22:00+00:00, run_after=2024-02-25 18:24:00+00:00
[2024-02-25T18:24:00.701+0000] {processor.py:183} INFO - Processing /home/airflow/.local/lib/python3.8/site-packages/airflow/example_dags/example_sla_dag.py took 0.087 seconds
[2024-02-25T18:24:30.863+0000] {processor.py:161} INFO - Started process (PID=7579) to work on /home/airflow/.local/lib/python3.8/site-packages/airflow/example_dags/example_sla_dag.py
[2024-02-25T18:24:30.864+0000] {processor.py:830} INFO - Processing file /home/airflow/.local/lib/python3.8/site-packages/airflow/example_dags/example_sla_dag.py for tasks to queue
[2024-02-25T18:24:30.865+0000] {logging_mixin.py:188} INFO - [2024-02-25T18:24:30.865+0000] {dagbag.py:538} INFO - Filling up the DagBag from /home/airflow/.local/lib/python3.8/site-packages/airflow/example_dags/example_sla_dag.py
[2024-02-25T18:24:30.875+0000] {processor.py:840} INFO - DAG(s) 'example_sla_dag' retrieved from /home/airflow/.local/lib/python3.8/site-packages/airflow/example_dags/example_sla_dag.py
[2024-02-25T18:24:30.933+0000] {logging_mixin.py:188} INFO - [2024-02-25T18:24:30.933+0000] {dag.py:3036} INFO - Sync 1 DAGs
[2024-02-25T18:24:30.973+0000] {logging_mixin.py:188} INFO - [2024-02-25T18:24:30.973+0000] {dag.py:3823} INFO - Setting next_dagrun for example_sla_dag to 2024-02-25 18:22:00+00:00, run_after=2024-02-25 18:24:00+00:00
[2024-02-25T18:24:31.003+0000] {processor.py:183} INFO - Processing /home/airflow/.local/lib/python3.8/site-packages/airflow/example_dags/example_sla_dag.py took 0.146 seconds
[2024-02-25T18:25:01.567+0000] {processor.py:161} INFO - Started process (PID=7642) to work on /home/airflow/.local/lib/python3.8/site-packages/airflow/example_dags/example_sla_dag.py
[2024-02-25T18:25:01.568+0000] {processor.py:830} INFO - Processing file /home/airflow/.local/lib/python3.8/site-packages/airflow/example_dags/example_sla_dag.py for tasks to queue
[2024-02-25T18:25:01.569+0000] {logging_mixin.py:188} INFO - [2024-02-25T18:25:01.569+0000] {dagbag.py:538} INFO - Filling up the DagBag from /home/airflow/.local/lib/python3.8/site-packages/airflow/example_dags/example_sla_dag.py
[2024-02-25T18:25:01.577+0000] {processor.py:840} INFO - DAG(s) 'example_sla_dag' retrieved from /home/airflow/.local/lib/python3.8/site-packages/airflow/example_dags/example_sla_dag.py
[2024-02-25T18:25:01.598+0000] {logging_mixin.py:188} INFO - [2024-02-25T18:25:01.598+0000] {dag.py:3036} INFO - Sync 1 DAGs
[2024-02-25T18:25:01.622+0000] {logging_mixin.py:188} INFO - [2024-02-25T18:25:01.622+0000] {dag.py:3823} INFO - Setting next_dagrun for example_sla_dag to 2024-02-25 18:22:00+00:00, run_after=2024-02-25 18:24:00+00:00
[2024-02-25T18:25:01.644+0000] {processor.py:183} INFO - Processing /home/airflow/.local/lib/python3.8/site-packages/airflow/example_dags/example_sla_dag.py took 0.081 seconds
[2024-02-25T18:25:33.002+0000] {processor.py:161} INFO - Started process (PID=7705) to work on /home/airflow/.local/lib/python3.8/site-packages/airflow/example_dags/example_sla_dag.py
[2024-02-25T18:25:33.003+0000] {processor.py:830} INFO - Processing file /home/airflow/.local/lib/python3.8/site-packages/airflow/example_dags/example_sla_dag.py for tasks to queue
[2024-02-25T18:25:33.004+0000] {logging_mixin.py:188} INFO - [2024-02-25T18:25:33.004+0000] {dagbag.py:538} INFO - Filling up the DagBag from /home/airflow/.local/lib/python3.8/site-packages/airflow/example_dags/example_sla_dag.py
[2024-02-25T18:25:33.013+0000] {processor.py:840} INFO - DAG(s) 'example_sla_dag' retrieved from /home/airflow/.local/lib/python3.8/site-packages/airflow/example_dags/example_sla_dag.py
[2024-02-25T18:25:33.036+0000] {logging_mixin.py:188} INFO - [2024-02-25T18:25:33.035+0000] {dag.py:3036} INFO - Sync 1 DAGs
[2024-02-25T18:25:33.083+0000] {logging_mixin.py:188} INFO - [2024-02-25T18:25:33.082+0000] {dag.py:3823} INFO - Setting next_dagrun for example_sla_dag to 2024-02-25 18:22:00+00:00, run_after=2024-02-25 18:24:00+00:00
[2024-02-25T18:25:33.106+0000] {processor.py:183} INFO - Processing /home/airflow/.local/lib/python3.8/site-packages/airflow/example_dags/example_sla_dag.py took 0.108 seconds
[2024-02-25T18:26:04.526+0000] {processor.py:161} INFO - Started process (PID=7768) to work on /home/airflow/.local/lib/python3.8/site-packages/airflow/example_dags/example_sla_dag.py
[2024-02-25T18:26:04.527+0000] {processor.py:830} INFO - Processing file /home/airflow/.local/lib/python3.8/site-packages/airflow/example_dags/example_sla_dag.py for tasks to queue
[2024-02-25T18:26:04.528+0000] {logging_mixin.py:188} INFO - [2024-02-25T18:26:04.528+0000] {dagbag.py:538} INFO - Filling up the DagBag from /home/airflow/.local/lib/python3.8/site-packages/airflow/example_dags/example_sla_dag.py
[2024-02-25T18:26:04.537+0000] {processor.py:840} INFO - DAG(s) 'example_sla_dag' retrieved from /home/airflow/.local/lib/python3.8/site-packages/airflow/example_dags/example_sla_dag.py
[2024-02-25T18:26:04.559+0000] {logging_mixin.py:188} INFO - [2024-02-25T18:26:04.558+0000] {dag.py:3036} INFO - Sync 1 DAGs
[2024-02-25T18:26:04.584+0000] {logging_mixin.py:188} INFO - [2024-02-25T18:26:04.584+0000] {dag.py:3823} INFO - Setting next_dagrun for example_sla_dag to 2024-02-25 18:24:00+00:00, run_after=2024-02-25 18:26:00+00:00
[2024-02-25T18:26:04.606+0000] {processor.py:183} INFO - Processing /home/airflow/.local/lib/python3.8/site-packages/airflow/example_dags/example_sla_dag.py took 0.085 seconds
[2024-02-25T18:26:35.294+0000] {processor.py:161} INFO - Started process (PID=7831) to work on /home/airflow/.local/lib/python3.8/site-packages/airflow/example_dags/example_sla_dag.py
[2024-02-25T18:26:35.295+0000] {processor.py:830} INFO - Processing file /home/airflow/.local/lib/python3.8/site-packages/airflow/example_dags/example_sla_dag.py for tasks to queue
[2024-02-25T18:26:35.297+0000] {logging_mixin.py:188} INFO - [2024-02-25T18:26:35.296+0000] {dagbag.py:538} INFO - Filling up the DagBag from /home/airflow/.local/lib/python3.8/site-packages/airflow/example_dags/example_sla_dag.py
[2024-02-25T18:26:35.305+0000] {processor.py:840} INFO - DAG(s) 'example_sla_dag' retrieved from /home/airflow/.local/lib/python3.8/site-packages/airflow/example_dags/example_sla_dag.py
[2024-02-25T18:26:35.330+0000] {logging_mixin.py:188} INFO - [2024-02-25T18:26:35.329+0000] {dag.py:3036} INFO - Sync 1 DAGs
[2024-02-25T18:26:35.358+0000] {logging_mixin.py:188} INFO - [2024-02-25T18:26:35.358+0000] {dag.py:3823} INFO - Setting next_dagrun for example_sla_dag to 2024-02-25 18:24:00+00:00, run_after=2024-02-25 18:26:00+00:00
[2024-02-25T18:26:35.379+0000] {processor.py:183} INFO - Processing /home/airflow/.local/lib/python3.8/site-packages/airflow/example_dags/example_sla_dag.py took 0.089 seconds
[2024-02-25T18:27:06.059+0000] {processor.py:161} INFO - Started process (PID=7895) to work on /home/airflow/.local/lib/python3.8/site-packages/airflow/example_dags/example_sla_dag.py
[2024-02-25T18:27:06.060+0000] {processor.py:830} INFO - Processing file /home/airflow/.local/lib/python3.8/site-packages/airflow/example_dags/example_sla_dag.py for tasks to queue
[2024-02-25T18:27:06.061+0000] {logging_mixin.py:188} INFO - [2024-02-25T18:27:06.061+0000] {dagbag.py:538} INFO - Filling up the DagBag from /home/airflow/.local/lib/python3.8/site-packages/airflow/example_dags/example_sla_dag.py
[2024-02-25T18:27:06.070+0000] {processor.py:840} INFO - DAG(s) 'example_sla_dag' retrieved from /home/airflow/.local/lib/python3.8/site-packages/airflow/example_dags/example_sla_dag.py
[2024-02-25T18:27:06.097+0000] {logging_mixin.py:188} INFO - [2024-02-25T18:27:06.097+0000] {dag.py:3036} INFO - Sync 1 DAGs
[2024-02-25T18:27:06.126+0000] {logging_mixin.py:188} INFO - [2024-02-25T18:27:06.126+0000] {dag.py:3823} INFO - Setting next_dagrun for example_sla_dag to 2024-02-25 18:24:00+00:00, run_after=2024-02-25 18:26:00+00:00
[2024-02-25T18:27:06.147+0000] {processor.py:183} INFO - Processing /home/airflow/.local/lib/python3.8/site-packages/airflow/example_dags/example_sla_dag.py took 0.092 seconds
[2024-02-25T18:27:37.246+0000] {processor.py:161} INFO - Started process (PID=7958) to work on /home/airflow/.local/lib/python3.8/site-packages/airflow/example_dags/example_sla_dag.py
[2024-02-25T18:27:37.247+0000] {processor.py:830} INFO - Processing file /home/airflow/.local/lib/python3.8/site-packages/airflow/example_dags/example_sla_dag.py for tasks to queue
[2024-02-25T18:27:37.248+0000] {logging_mixin.py:188} INFO - [2024-02-25T18:27:37.248+0000] {dagbag.py:538} INFO - Filling up the DagBag from /home/airflow/.local/lib/python3.8/site-packages/airflow/example_dags/example_sla_dag.py
[2024-02-25T18:27:37.257+0000] {processor.py:840} INFO - DAG(s) 'example_sla_dag' retrieved from /home/airflow/.local/lib/python3.8/site-packages/airflow/example_dags/example_sla_dag.py
[2024-02-25T18:27:37.283+0000] {logging_mixin.py:188} INFO - [2024-02-25T18:27:37.283+0000] {dag.py:3036} INFO - Sync 1 DAGs
[2024-02-25T18:27:37.308+0000] {logging_mixin.py:188} INFO - [2024-02-25T18:27:37.308+0000] {dag.py:3823} INFO - Setting next_dagrun for example_sla_dag to 2024-02-25 18:24:00+00:00, run_after=2024-02-25 18:26:00+00:00
[2024-02-25T18:27:37.327+0000] {processor.py:183} INFO - Processing /home/airflow/.local/lib/python3.8/site-packages/airflow/example_dags/example_sla_dag.py took 0.084 seconds
[2024-02-25T18:28:08.053+0000] {processor.py:161} INFO - Started process (PID=8021) to work on /home/airflow/.local/lib/python3.8/site-packages/airflow/example_dags/example_sla_dag.py
[2024-02-25T18:28:08.054+0000] {processor.py:830} INFO - Processing file /home/airflow/.local/lib/python3.8/site-packages/airflow/example_dags/example_sla_dag.py for tasks to queue
[2024-02-25T18:28:08.055+0000] {logging_mixin.py:188} INFO - [2024-02-25T18:28:08.055+0000] {dagbag.py:538} INFO - Filling up the DagBag from /home/airflow/.local/lib/python3.8/site-packages/airflow/example_dags/example_sla_dag.py
[2024-02-25T18:28:08.063+0000] {processor.py:840} INFO - DAG(s) 'example_sla_dag' retrieved from /home/airflow/.local/lib/python3.8/site-packages/airflow/example_dags/example_sla_dag.py
[2024-02-25T18:28:08.085+0000] {logging_mixin.py:188} INFO - [2024-02-25T18:28:08.085+0000] {dag.py:3036} INFO - Sync 1 DAGs
[2024-02-25T18:28:08.111+0000] {logging_mixin.py:188} INFO - [2024-02-25T18:28:08.111+0000] {dag.py:3823} INFO - Setting next_dagrun for example_sla_dag to 2024-02-25 18:26:00+00:00, run_after=2024-02-25 18:28:00+00:00
[2024-02-25T18:28:08.136+0000] {processor.py:183} INFO - Processing /home/airflow/.local/lib/python3.8/site-packages/airflow/example_dags/example_sla_dag.py took 0.087 seconds
[2024-02-25T18:28:39.071+0000] {processor.py:161} INFO - Started process (PID=8084) to work on /home/airflow/.local/lib/python3.8/site-packages/airflow/example_dags/example_sla_dag.py
[2024-02-25T18:28:39.073+0000] {processor.py:830} INFO - Processing file /home/airflow/.local/lib/python3.8/site-packages/airflow/example_dags/example_sla_dag.py for tasks to queue
[2024-02-25T18:28:39.074+0000] {logging_mixin.py:188} INFO - [2024-02-25T18:28:39.074+0000] {dagbag.py:538} INFO - Filling up the DagBag from /home/airflow/.local/lib/python3.8/site-packages/airflow/example_dags/example_sla_dag.py
[2024-02-25T18:28:39.082+0000] {processor.py:840} INFO - DAG(s) 'example_sla_dag' retrieved from /home/airflow/.local/lib/python3.8/site-packages/airflow/example_dags/example_sla_dag.py
[2024-02-25T18:28:39.104+0000] {logging_mixin.py:188} INFO - [2024-02-25T18:28:39.104+0000] {dag.py:3036} INFO - Sync 1 DAGs
[2024-02-25T18:28:39.129+0000] {logging_mixin.py:188} INFO - [2024-02-25T18:28:39.128+0000] {dag.py:3823} INFO - Setting next_dagrun for example_sla_dag to 2024-02-25 18:26:00+00:00, run_after=2024-02-25 18:28:00+00:00
[2024-02-25T18:28:39.149+0000] {processor.py:183} INFO - Processing /home/airflow/.local/lib/python3.8/site-packages/airflow/example_dags/example_sla_dag.py took 0.082 seconds
[2024-02-25T18:29:09.794+0000] {processor.py:161} INFO - Started process (PID=8146) to work on /home/airflow/.local/lib/python3.8/site-packages/airflow/example_dags/example_sla_dag.py
[2024-02-25T18:29:09.795+0000] {processor.py:830} INFO - Processing file /home/airflow/.local/lib/python3.8/site-packages/airflow/example_dags/example_sla_dag.py for tasks to queue
[2024-02-25T18:29:09.796+0000] {logging_mixin.py:188} INFO - [2024-02-25T18:29:09.796+0000] {dagbag.py:538} INFO - Filling up the DagBag from /home/airflow/.local/lib/python3.8/site-packages/airflow/example_dags/example_sla_dag.py
[2024-02-25T18:29:09.805+0000] {processor.py:840} INFO - DAG(s) 'example_sla_dag' retrieved from /home/airflow/.local/lib/python3.8/site-packages/airflow/example_dags/example_sla_dag.py
[2024-02-25T18:29:09.828+0000] {logging_mixin.py:188} INFO - [2024-02-25T18:29:09.828+0000] {dag.py:3036} INFO - Sync 1 DAGs
[2024-02-25T18:29:09.859+0000] {logging_mixin.py:188} INFO - [2024-02-25T18:29:09.858+0000] {dag.py:3823} INFO - Setting next_dagrun for example_sla_dag to 2024-02-25 18:26:00+00:00, run_after=2024-02-25 18:28:00+00:00
[2024-02-25T18:29:09.878+0000] {processor.py:183} INFO - Processing /home/airflow/.local/lib/python3.8/site-packages/airflow/example_dags/example_sla_dag.py took 0.088 seconds
[2024-02-25T18:29:40.542+0000] {processor.py:161} INFO - Started process (PID=8209) to work on /home/airflow/.local/lib/python3.8/site-packages/airflow/example_dags/example_sla_dag.py
[2024-02-25T18:29:40.543+0000] {processor.py:830} INFO - Processing file /home/airflow/.local/lib/python3.8/site-packages/airflow/example_dags/example_sla_dag.py for tasks to queue
[2024-02-25T18:29:40.544+0000] {logging_mixin.py:188} INFO - [2024-02-25T18:29:40.544+0000] {dagbag.py:538} INFO - Filling up the DagBag from /home/airflow/.local/lib/python3.8/site-packages/airflow/example_dags/example_sla_dag.py
[2024-02-25T18:29:40.555+0000] {processor.py:840} INFO - DAG(s) 'example_sla_dag' retrieved from /home/airflow/.local/lib/python3.8/site-packages/airflow/example_dags/example_sla_dag.py
[2024-02-25T18:29:40.583+0000] {logging_mixin.py:188} INFO - [2024-02-25T18:29:40.583+0000] {dag.py:3036} INFO - Sync 1 DAGs
[2024-02-25T18:29:40.611+0000] {logging_mixin.py:188} INFO - [2024-02-25T18:29:40.611+0000] {dag.py:3823} INFO - Setting next_dagrun for example_sla_dag to 2024-02-25 18:26:00+00:00, run_after=2024-02-25 18:28:00+00:00
[2024-02-25T18:29:40.639+0000] {processor.py:183} INFO - Processing /home/airflow/.local/lib/python3.8/site-packages/airflow/example_dags/example_sla_dag.py took 0.101 seconds
[2024-02-25T18:30:11.257+0000] {processor.py:161} INFO - Started process (PID=8272) to work on /home/airflow/.local/lib/python3.8/site-packages/airflow/example_dags/example_sla_dag.py
[2024-02-25T18:30:11.258+0000] {processor.py:830} INFO - Processing file /home/airflow/.local/lib/python3.8/site-packages/airflow/example_dags/example_sla_dag.py for tasks to queue
[2024-02-25T18:30:11.259+0000] {logging_mixin.py:188} INFO - [2024-02-25T18:30:11.259+0000] {dagbag.py:538} INFO - Filling up the DagBag from /home/airflow/.local/lib/python3.8/site-packages/airflow/example_dags/example_sla_dag.py
[2024-02-25T18:30:11.268+0000] {processor.py:840} INFO - DAG(s) 'example_sla_dag' retrieved from /home/airflow/.local/lib/python3.8/site-packages/airflow/example_dags/example_sla_dag.py
[2024-02-25T18:30:11.293+0000] {logging_mixin.py:188} INFO - [2024-02-25T18:30:11.293+0000] {dag.py:3036} INFO - Sync 1 DAGs
[2024-02-25T18:30:11.319+0000] {logging_mixin.py:188} INFO - [2024-02-25T18:30:11.319+0000] {dag.py:3823} INFO - Setting next_dagrun for example_sla_dag to 2024-02-25 18:28:00+00:00, run_after=2024-02-25 18:30:00+00:00
[2024-02-25T18:30:11.340+0000] {processor.py:183} INFO - Processing /home/airflow/.local/lib/python3.8/site-packages/airflow/example_dags/example_sla_dag.py took 0.087 seconds
[2024-02-25T18:30:42.453+0000] {processor.py:161} INFO - Started process (PID=8335) to work on /home/airflow/.local/lib/python3.8/site-packages/airflow/example_dags/example_sla_dag.py
[2024-02-25T18:30:42.454+0000] {processor.py:830} INFO - Processing file /home/airflow/.local/lib/python3.8/site-packages/airflow/example_dags/example_sla_dag.py for tasks to queue
[2024-02-25T18:30:42.455+0000] {logging_mixin.py:188} INFO - [2024-02-25T18:30:42.455+0000] {dagbag.py:538} INFO - Filling up the DagBag from /home/airflow/.local/lib/python3.8/site-packages/airflow/example_dags/example_sla_dag.py
[2024-02-25T18:30:42.463+0000] {processor.py:840} INFO - DAG(s) 'example_sla_dag' retrieved from /home/airflow/.local/lib/python3.8/site-packages/airflow/example_dags/example_sla_dag.py
[2024-02-25T18:30:42.484+0000] {logging_mixin.py:188} INFO - [2024-02-25T18:30:42.484+0000] {dag.py:3036} INFO - Sync 1 DAGs
[2024-02-25T18:30:42.508+0000] {logging_mixin.py:188} INFO - [2024-02-25T18:30:42.508+0000] {dag.py:3823} INFO - Setting next_dagrun for example_sla_dag to 2024-02-25 18:28:00+00:00, run_after=2024-02-25 18:30:00+00:00
[2024-02-25T18:30:42.528+0000] {processor.py:183} INFO - Processing /home/airflow/.local/lib/python3.8/site-packages/airflow/example_dags/example_sla_dag.py took 0.079 seconds
[2024-02-25T18:31:13.192+0000] {processor.py:161} INFO - Started process (PID=8398) to work on /home/airflow/.local/lib/python3.8/site-packages/airflow/example_dags/example_sla_dag.py
[2024-02-25T18:31:13.194+0000] {processor.py:830} INFO - Processing file /home/airflow/.local/lib/python3.8/site-packages/airflow/example_dags/example_sla_dag.py for tasks to queue
[2024-02-25T18:31:13.195+0000] {logging_mixin.py:188} INFO - [2024-02-25T18:31:13.195+0000] {dagbag.py:538} INFO - Filling up the DagBag from /home/airflow/.local/lib/python3.8/site-packages/airflow/example_dags/example_sla_dag.py
[2024-02-25T18:31:13.203+0000] {processor.py:840} INFO - DAG(s) 'example_sla_dag' retrieved from /home/airflow/.local/lib/python3.8/site-packages/airflow/example_dags/example_sla_dag.py
[2024-02-25T18:31:13.226+0000] {logging_mixin.py:188} INFO - [2024-02-25T18:31:13.226+0000] {dag.py:3036} INFO - Sync 1 DAGs
[2024-02-25T18:31:13.252+0000] {logging_mixin.py:188} INFO - [2024-02-25T18:31:13.251+0000] {dag.py:3823} INFO - Setting next_dagrun for example_sla_dag to 2024-02-25 18:28:00+00:00, run_after=2024-02-25 18:30:00+00:00
[2024-02-25T18:31:13.276+0000] {processor.py:183} INFO - Processing /home/airflow/.local/lib/python3.8/site-packages/airflow/example_dags/example_sla_dag.py took 0.088 seconds
[2024-02-25T18:31:43.714+0000] {processor.py:161} INFO - Started process (PID=8461) to work on /home/airflow/.local/lib/python3.8/site-packages/airflow/example_dags/example_sla_dag.py
[2024-02-25T18:31:43.715+0000] {processor.py:830} INFO - Processing file /home/airflow/.local/lib/python3.8/site-packages/airflow/example_dags/example_sla_dag.py for tasks to queue
[2024-02-25T18:31:43.716+0000] {logging_mixin.py:188} INFO - [2024-02-25T18:31:43.716+0000] {dagbag.py:538} INFO - Filling up the DagBag from /home/airflow/.local/lib/python3.8/site-packages/airflow/example_dags/example_sla_dag.py
[2024-02-25T18:31:43.724+0000] {processor.py:840} INFO - DAG(s) 'example_sla_dag' retrieved from /home/airflow/.local/lib/python3.8/site-packages/airflow/example_dags/example_sla_dag.py
[2024-02-25T18:31:43.746+0000] {logging_mixin.py:188} INFO - [2024-02-25T18:31:43.746+0000] {dag.py:3036} INFO - Sync 1 DAGs
[2024-02-25T18:31:43.774+0000] {logging_mixin.py:188} INFO - [2024-02-25T18:31:43.774+0000] {dag.py:3823} INFO - Setting next_dagrun for example_sla_dag to 2024-02-25 18:28:00+00:00, run_after=2024-02-25 18:30:00+00:00
[2024-02-25T18:31:43.792+0000] {processor.py:183} INFO - Processing /home/airflow/.local/lib/python3.8/site-packages/airflow/example_dags/example_sla_dag.py took 0.083 seconds
[2024-02-25T18:32:14.787+0000] {processor.py:161} INFO - Started process (PID=8524) to work on /home/airflow/.local/lib/python3.8/site-packages/airflow/example_dags/example_sla_dag.py
[2024-02-25T18:32:14.788+0000] {processor.py:830} INFO - Processing file /home/airflow/.local/lib/python3.8/site-packages/airflow/example_dags/example_sla_dag.py for tasks to queue
[2024-02-25T18:32:14.789+0000] {logging_mixin.py:188} INFO - [2024-02-25T18:32:14.789+0000] {dagbag.py:538} INFO - Filling up the DagBag from /home/airflow/.local/lib/python3.8/site-packages/airflow/example_dags/example_sla_dag.py
[2024-02-25T18:32:14.797+0000] {processor.py:840} INFO - DAG(s) 'example_sla_dag' retrieved from /home/airflow/.local/lib/python3.8/site-packages/airflow/example_dags/example_sla_dag.py
[2024-02-25T18:32:14.820+0000] {logging_mixin.py:188} INFO - [2024-02-25T18:32:14.820+0000] {dag.py:3036} INFO - Sync 1 DAGs
[2024-02-25T18:32:14.843+0000] {logging_mixin.py:188} INFO - [2024-02-25T18:32:14.843+0000] {dag.py:3823} INFO - Setting next_dagrun for example_sla_dag to 2024-02-25 18:30:00+00:00, run_after=2024-02-25 18:32:00+00:00
[2024-02-25T18:32:14.868+0000] {processor.py:183} INFO - Processing /home/airflow/.local/lib/python3.8/site-packages/airflow/example_dags/example_sla_dag.py took 0.085 seconds
[2024-02-25T18:32:45.516+0000] {processor.py:161} INFO - Started process (PID=8587) to work on /home/airflow/.local/lib/python3.8/site-packages/airflow/example_dags/example_sla_dag.py
[2024-02-25T18:32:45.517+0000] {processor.py:830} INFO - Processing file /home/airflow/.local/lib/python3.8/site-packages/airflow/example_dags/example_sla_dag.py for tasks to queue
[2024-02-25T18:32:45.518+0000] {logging_mixin.py:188} INFO - [2024-02-25T18:32:45.518+0000] {dagbag.py:538} INFO - Filling up the DagBag from /home/airflow/.local/lib/python3.8/site-packages/airflow/example_dags/example_sla_dag.py
[2024-02-25T18:32:45.526+0000] {processor.py:840} INFO - DAG(s) 'example_sla_dag' retrieved from /home/airflow/.local/lib/python3.8/site-packages/airflow/example_dags/example_sla_dag.py
[2024-02-25T18:32:45.549+0000] {logging_mixin.py:188} INFO - [2024-02-25T18:32:45.549+0000] {dag.py:3036} INFO - Sync 1 DAGs
[2024-02-25T18:32:45.575+0000] {logging_mixin.py:188} INFO - [2024-02-25T18:32:45.575+0000] {dag.py:3823} INFO - Setting next_dagrun for example_sla_dag to 2024-02-25 18:30:00+00:00, run_after=2024-02-25 18:32:00+00:00
[2024-02-25T18:32:45.596+0000] {processor.py:183} INFO - Processing /home/airflow/.local/lib/python3.8/site-packages/airflow/example_dags/example_sla_dag.py took 0.084 seconds
[2024-02-25T18:33:16.677+0000] {processor.py:161} INFO - Started process (PID=8650) to work on /home/airflow/.local/lib/python3.8/site-packages/airflow/example_dags/example_sla_dag.py
[2024-02-25T18:33:16.679+0000] {processor.py:830} INFO - Processing file /home/airflow/.local/lib/python3.8/site-packages/airflow/example_dags/example_sla_dag.py for tasks to queue
[2024-02-25T18:33:16.680+0000] {logging_mixin.py:188} INFO - [2024-02-25T18:33:16.680+0000] {dagbag.py:538} INFO - Filling up the DagBag from /home/airflow/.local/lib/python3.8/site-packages/airflow/example_dags/example_sla_dag.py
[2024-02-25T18:33:16.688+0000] {processor.py:840} INFO - DAG(s) 'example_sla_dag' retrieved from /home/airflow/.local/lib/python3.8/site-packages/airflow/example_dags/example_sla_dag.py
[2024-02-25T18:33:16.712+0000] {logging_mixin.py:188} INFO - [2024-02-25T18:33:16.712+0000] {dag.py:3036} INFO - Sync 1 DAGs
[2024-02-25T18:33:16.738+0000] {logging_mixin.py:188} INFO - [2024-02-25T18:33:16.738+0000] {dag.py:3823} INFO - Setting next_dagrun for example_sla_dag to 2024-02-25 18:30:00+00:00, run_after=2024-02-25 18:32:00+00:00
[2024-02-25T18:33:16.766+0000] {processor.py:183} INFO - Processing /home/airflow/.local/lib/python3.8/site-packages/airflow/example_dags/example_sla_dag.py took 0.093 seconds
[2024-02-25T18:33:47.736+0000] {processor.py:161} INFO - Started process (PID=8713) to work on /home/airflow/.local/lib/python3.8/site-packages/airflow/example_dags/example_sla_dag.py
[2024-02-25T18:33:47.737+0000] {processor.py:830} INFO - Processing file /home/airflow/.local/lib/python3.8/site-packages/airflow/example_dags/example_sla_dag.py for tasks to queue
[2024-02-25T18:33:47.738+0000] {logging_mixin.py:188} INFO - [2024-02-25T18:33:47.737+0000] {dagbag.py:538} INFO - Filling up the DagBag from /home/airflow/.local/lib/python3.8/site-packages/airflow/example_dags/example_sla_dag.py
[2024-02-25T18:33:47.746+0000] {processor.py:840} INFO - DAG(s) 'example_sla_dag' retrieved from /home/airflow/.local/lib/python3.8/site-packages/airflow/example_dags/example_sla_dag.py
[2024-02-25T18:33:47.769+0000] {logging_mixin.py:188} INFO - [2024-02-25T18:33:47.769+0000] {dag.py:3036} INFO - Sync 1 DAGs
[2024-02-25T18:33:47.795+0000] {logging_mixin.py:188} INFO - [2024-02-25T18:33:47.795+0000] {dag.py:3823} INFO - Setting next_dagrun for example_sla_dag to 2024-02-25 18:30:00+00:00, run_after=2024-02-25 18:32:00+00:00
[2024-02-25T18:33:47.817+0000] {processor.py:183} INFO - Processing /home/airflow/.local/lib/python3.8/site-packages/airflow/example_dags/example_sla_dag.py took 0.085 seconds
[2024-02-25T18:34:18.799+0000] {processor.py:161} INFO - Started process (PID=8776) to work on /home/airflow/.local/lib/python3.8/site-packages/airflow/example_dags/example_sla_dag.py
[2024-02-25T18:34:18.800+0000] {processor.py:830} INFO - Processing file /home/airflow/.local/lib/python3.8/site-packages/airflow/example_dags/example_sla_dag.py for tasks to queue
[2024-02-25T18:34:18.801+0000] {logging_mixin.py:188} INFO - [2024-02-25T18:34:18.801+0000] {dagbag.py:538} INFO - Filling up the DagBag from /home/airflow/.local/lib/python3.8/site-packages/airflow/example_dags/example_sla_dag.py
[2024-02-25T18:34:18.809+0000] {processor.py:840} INFO - DAG(s) 'example_sla_dag' retrieved from /home/airflow/.local/lib/python3.8/site-packages/airflow/example_dags/example_sla_dag.py
[2024-02-25T18:34:18.834+0000] {logging_mixin.py:188} INFO - [2024-02-25T18:34:18.834+0000] {dag.py:3036} INFO - Sync 1 DAGs
[2024-02-25T18:34:18.860+0000] {logging_mixin.py:188} INFO - [2024-02-25T18:34:18.860+0000] {dag.py:3823} INFO - Setting next_dagrun for example_sla_dag to 2024-02-25 18:32:00+00:00, run_after=2024-02-25 18:34:00+00:00
[2024-02-25T18:34:18.881+0000] {processor.py:183} INFO - Processing /home/airflow/.local/lib/python3.8/site-packages/airflow/example_dags/example_sla_dag.py took 0.087 seconds
[2024-02-25T18:34:49.800+0000] {processor.py:161} INFO - Started process (PID=8839) to work on /home/airflow/.local/lib/python3.8/site-packages/airflow/example_dags/example_sla_dag.py
[2024-02-25T18:34:49.802+0000] {processor.py:830} INFO - Processing file /home/airflow/.local/lib/python3.8/site-packages/airflow/example_dags/example_sla_dag.py for tasks to queue
[2024-02-25T18:34:49.803+0000] {logging_mixin.py:188} INFO - [2024-02-25T18:34:49.802+0000] {dagbag.py:538} INFO - Filling up the DagBag from /home/airflow/.local/lib/python3.8/site-packages/airflow/example_dags/example_sla_dag.py
[2024-02-25T18:34:49.811+0000] {processor.py:840} INFO - DAG(s) 'example_sla_dag' retrieved from /home/airflow/.local/lib/python3.8/site-packages/airflow/example_dags/example_sla_dag.py
[2024-02-25T18:34:49.833+0000] {logging_mixin.py:188} INFO - [2024-02-25T18:34:49.832+0000] {dag.py:3036} INFO - Sync 1 DAGs
[2024-02-25T18:34:49.859+0000] {logging_mixin.py:188} INFO - [2024-02-25T18:34:49.858+0000] {dag.py:3823} INFO - Setting next_dagrun for example_sla_dag to 2024-02-25 18:32:00+00:00, run_after=2024-02-25 18:34:00+00:00
[2024-02-25T18:34:49.881+0000] {processor.py:183} INFO - Processing /home/airflow/.local/lib/python3.8/site-packages/airflow/example_dags/example_sla_dag.py took 0.085 seconds
[2024-02-25T18:35:21.100+0000] {processor.py:161} INFO - Started process (PID=8902) to work on /home/airflow/.local/lib/python3.8/site-packages/airflow/example_dags/example_sla_dag.py
[2024-02-25T18:35:21.102+0000] {processor.py:830} INFO - Processing file /home/airflow/.local/lib/python3.8/site-packages/airflow/example_dags/example_sla_dag.py for tasks to queue
[2024-02-25T18:35:21.104+0000] {logging_mixin.py:188} INFO - [2024-02-25T18:35:21.103+0000] {dagbag.py:538} INFO - Filling up the DagBag from /home/airflow/.local/lib/python3.8/site-packages/airflow/example_dags/example_sla_dag.py
[2024-02-25T18:35:21.113+0000] {processor.py:840} INFO - DAG(s) 'example_sla_dag' retrieved from /home/airflow/.local/lib/python3.8/site-packages/airflow/example_dags/example_sla_dag.py
[2024-02-25T18:35:21.136+0000] {logging_mixin.py:188} INFO - [2024-02-25T18:35:21.136+0000] {dag.py:3036} INFO - Sync 1 DAGs
[2024-02-25T18:35:21.161+0000] {logging_mixin.py:188} INFO - [2024-02-25T18:35:21.160+0000] {dag.py:3823} INFO - Setting next_dagrun for example_sla_dag to 2024-02-25 18:32:00+00:00, run_after=2024-02-25 18:34:00+00:00
[2024-02-25T18:35:21.183+0000] {processor.py:183} INFO - Processing /home/airflow/.local/lib/python3.8/site-packages/airflow/example_dags/example_sla_dag.py took 0.088 seconds
[2024-02-25T18:35:52.171+0000] {processor.py:161} INFO - Started process (PID=8966) to work on /home/airflow/.local/lib/python3.8/site-packages/airflow/example_dags/example_sla_dag.py
[2024-02-25T18:35:52.173+0000] {processor.py:830} INFO - Processing file /home/airflow/.local/lib/python3.8/site-packages/airflow/example_dags/example_sla_dag.py for tasks to queue
[2024-02-25T18:35:52.174+0000] {logging_mixin.py:188} INFO - [2024-02-25T18:35:52.174+0000] {dagbag.py:538} INFO - Filling up the DagBag from /home/airflow/.local/lib/python3.8/site-packages/airflow/example_dags/example_sla_dag.py
[2024-02-25T18:35:52.184+0000] {processor.py:840} INFO - DAG(s) 'example_sla_dag' retrieved from /home/airflow/.local/lib/python3.8/site-packages/airflow/example_dags/example_sla_dag.py
[2024-02-25T18:35:52.207+0000] {logging_mixin.py:188} INFO - [2024-02-25T18:35:52.206+0000] {dag.py:3036} INFO - Sync 1 DAGs
[2024-02-25T18:35:52.232+0000] {logging_mixin.py:188} INFO - [2024-02-25T18:35:52.232+0000] {dag.py:3823} INFO - Setting next_dagrun for example_sla_dag to 2024-02-25 18:32:00+00:00, run_after=2024-02-25 18:34:00+00:00
[2024-02-25T18:35:52.253+0000] {processor.py:183} INFO - Processing /home/airflow/.local/lib/python3.8/site-packages/airflow/example_dags/example_sla_dag.py took 0.086 seconds
[2024-02-25T18:36:23.468+0000] {processor.py:161} INFO - Started process (PID=9030) to work on /home/airflow/.local/lib/python3.8/site-packages/airflow/example_dags/example_sla_dag.py
[2024-02-25T18:36:23.470+0000] {processor.py:830} INFO - Processing file /home/airflow/.local/lib/python3.8/site-packages/airflow/example_dags/example_sla_dag.py for tasks to queue
[2024-02-25T18:36:23.471+0000] {logging_mixin.py:188} INFO - [2024-02-25T18:36:23.470+0000] {dagbag.py:538} INFO - Filling up the DagBag from /home/airflow/.local/lib/python3.8/site-packages/airflow/example_dags/example_sla_dag.py
[2024-02-25T18:36:23.480+0000] {processor.py:840} INFO - DAG(s) 'example_sla_dag' retrieved from /home/airflow/.local/lib/python3.8/site-packages/airflow/example_dags/example_sla_dag.py
[2024-02-25T18:36:23.504+0000] {logging_mixin.py:188} INFO - [2024-02-25T18:36:23.504+0000] {dag.py:3036} INFO - Sync 1 DAGs
[2024-02-25T18:36:23.530+0000] {logging_mixin.py:188} INFO - [2024-02-25T18:36:23.530+0000] {dag.py:3823} INFO - Setting next_dagrun for example_sla_dag to 2024-02-25 18:34:00+00:00, run_after=2024-02-25 18:36:00+00:00
[2024-02-25T18:36:23.560+0000] {processor.py:183} INFO - Processing /home/airflow/.local/lib/python3.8/site-packages/airflow/example_dags/example_sla_dag.py took 0.095 seconds
[2024-02-25T18:36:53.878+0000] {processor.py:161} INFO - Started process (PID=9093) to work on /home/airflow/.local/lib/python3.8/site-packages/airflow/example_dags/example_sla_dag.py
[2024-02-25T18:36:53.879+0000] {processor.py:830} INFO - Processing file /home/airflow/.local/lib/python3.8/site-packages/airflow/example_dags/example_sla_dag.py for tasks to queue
[2024-02-25T18:36:53.880+0000] {logging_mixin.py:188} INFO - [2024-02-25T18:36:53.880+0000] {dagbag.py:538} INFO - Filling up the DagBag from /home/airflow/.local/lib/python3.8/site-packages/airflow/example_dags/example_sla_dag.py
[2024-02-25T18:36:53.888+0000] {processor.py:840} INFO - DAG(s) 'example_sla_dag' retrieved from /home/airflow/.local/lib/python3.8/site-packages/airflow/example_dags/example_sla_dag.py
[2024-02-25T18:36:53.910+0000] {logging_mixin.py:188} INFO - [2024-02-25T18:36:53.910+0000] {dag.py:3036} INFO - Sync 1 DAGs
[2024-02-25T18:36:53.935+0000] {logging_mixin.py:188} INFO - [2024-02-25T18:36:53.934+0000] {dag.py:3823} INFO - Setting next_dagrun for example_sla_dag to 2024-02-25 18:34:00+00:00, run_after=2024-02-25 18:36:00+00:00
[2024-02-25T18:36:53.960+0000] {processor.py:183} INFO - Processing /home/airflow/.local/lib/python3.8/site-packages/airflow/example_dags/example_sla_dag.py took 0.086 seconds
[2024-02-25T18:37:24.988+0000] {processor.py:161} INFO - Started process (PID=9156) to work on /home/airflow/.local/lib/python3.8/site-packages/airflow/example_dags/example_sla_dag.py
[2024-02-25T18:37:24.989+0000] {processor.py:830} INFO - Processing file /home/airflow/.local/lib/python3.8/site-packages/airflow/example_dags/example_sla_dag.py for tasks to queue
[2024-02-25T18:37:24.990+0000] {logging_mixin.py:188} INFO - [2024-02-25T18:37:24.990+0000] {dagbag.py:538} INFO - Filling up the DagBag from /home/airflow/.local/lib/python3.8/site-packages/airflow/example_dags/example_sla_dag.py
[2024-02-25T18:37:24.998+0000] {processor.py:840} INFO - DAG(s) 'example_sla_dag' retrieved from /home/airflow/.local/lib/python3.8/site-packages/airflow/example_dags/example_sla_dag.py
[2024-02-25T18:37:25.020+0000] {logging_mixin.py:188} INFO - [2024-02-25T18:37:25.019+0000] {dag.py:3036} INFO - Sync 1 DAGs
[2024-02-25T18:37:25.044+0000] {logging_mixin.py:188} INFO - [2024-02-25T18:37:25.043+0000] {dag.py:3823} INFO - Setting next_dagrun for example_sla_dag to 2024-02-25 18:34:00+00:00, run_after=2024-02-25 18:36:00+00:00
[2024-02-25T18:37:25.064+0000] {processor.py:183} INFO - Processing /home/airflow/.local/lib/python3.8/site-packages/airflow/example_dags/example_sla_dag.py took 0.080 seconds
[2024-02-25T18:37:55.662+0000] {processor.py:161} INFO - Started process (PID=9219) to work on /home/airflow/.local/lib/python3.8/site-packages/airflow/example_dags/example_sla_dag.py
[2024-02-25T18:37:55.663+0000] {processor.py:830} INFO - Processing file /home/airflow/.local/lib/python3.8/site-packages/airflow/example_dags/example_sla_dag.py for tasks to queue
[2024-02-25T18:37:55.664+0000] {logging_mixin.py:188} INFO - [2024-02-25T18:37:55.664+0000] {dagbag.py:538} INFO - Filling up the DagBag from /home/airflow/.local/lib/python3.8/site-packages/airflow/example_dags/example_sla_dag.py
[2024-02-25T18:37:55.674+0000] {processor.py:840} INFO - DAG(s) 'example_sla_dag' retrieved from /home/airflow/.local/lib/python3.8/site-packages/airflow/example_dags/example_sla_dag.py
[2024-02-25T18:37:55.699+0000] {logging_mixin.py:188} INFO - [2024-02-25T18:37:55.699+0000] {dag.py:3036} INFO - Sync 1 DAGs
[2024-02-25T18:37:55.727+0000] {logging_mixin.py:188} INFO - [2024-02-25T18:37:55.727+0000] {dag.py:3823} INFO - Setting next_dagrun for example_sla_dag to 2024-02-25 18:34:00+00:00, run_after=2024-02-25 18:36:00+00:00
[2024-02-25T18:37:55.749+0000] {processor.py:183} INFO - Processing /home/airflow/.local/lib/python3.8/site-packages/airflow/example_dags/example_sla_dag.py took 0.092 seconds
[2024-02-25T18:38:26.564+0000] {processor.py:161} INFO - Started process (PID=9283) to work on /home/airflow/.local/lib/python3.8/site-packages/airflow/example_dags/example_sla_dag.py
[2024-02-25T18:38:26.565+0000] {processor.py:830} INFO - Processing file /home/airflow/.local/lib/python3.8/site-packages/airflow/example_dags/example_sla_dag.py for tasks to queue
[2024-02-25T18:38:26.566+0000] {logging_mixin.py:188} INFO - [2024-02-25T18:38:26.566+0000] {dagbag.py:538} INFO - Filling up the DagBag from /home/airflow/.local/lib/python3.8/site-packages/airflow/example_dags/example_sla_dag.py
[2024-02-25T18:38:26.575+0000] {processor.py:840} INFO - DAG(s) 'example_sla_dag' retrieved from /home/airflow/.local/lib/python3.8/site-packages/airflow/example_dags/example_sla_dag.py
[2024-02-25T18:38:26.597+0000] {logging_mixin.py:188} INFO - [2024-02-25T18:38:26.596+0000] {dag.py:3036} INFO - Sync 1 DAGs
[2024-02-25T18:38:26.622+0000] {logging_mixin.py:188} INFO - [2024-02-25T18:38:26.621+0000] {dag.py:3823} INFO - Setting next_dagrun for example_sla_dag to 2024-02-25 18:36:00+00:00, run_after=2024-02-25 18:38:00+00:00
[2024-02-25T18:38:26.645+0000] {processor.py:183} INFO - Processing /home/airflow/.local/lib/python3.8/site-packages/airflow/example_dags/example_sla_dag.py took 0.085 seconds
[2024-02-25T18:38:57.565+0000] {processor.py:161} INFO - Started process (PID=9352) to work on /home/airflow/.local/lib/python3.8/site-packages/airflow/example_dags/example_sla_dag.py
[2024-02-25T18:38:57.567+0000] {processor.py:830} INFO - Processing file /home/airflow/.local/lib/python3.8/site-packages/airflow/example_dags/example_sla_dag.py for tasks to queue
[2024-02-25T18:38:57.568+0000] {logging_mixin.py:188} INFO - [2024-02-25T18:38:57.567+0000] {dagbag.py:538} INFO - Filling up the DagBag from /home/airflow/.local/lib/python3.8/site-packages/airflow/example_dags/example_sla_dag.py
[2024-02-25T18:38:57.576+0000] {processor.py:840} INFO - DAG(s) 'example_sla_dag' retrieved from /home/airflow/.local/lib/python3.8/site-packages/airflow/example_dags/example_sla_dag.py
[2024-02-25T18:38:57.597+0000] {logging_mixin.py:188} INFO - [2024-02-25T18:38:57.596+0000] {dag.py:3036} INFO - Sync 1 DAGs
[2024-02-25T18:38:57.620+0000] {logging_mixin.py:188} INFO - [2024-02-25T18:38:57.620+0000] {dag.py:3823} INFO - Setting next_dagrun for example_sla_dag to 2024-02-25 18:36:00+00:00, run_after=2024-02-25 18:38:00+00:00
[2024-02-25T18:38:57.642+0000] {processor.py:183} INFO - Processing /home/airflow/.local/lib/python3.8/site-packages/airflow/example_dags/example_sla_dag.py took 0.081 seconds
[2024-02-25T18:39:28.241+0000] {processor.py:161} INFO - Started process (PID=9414) to work on /home/airflow/.local/lib/python3.8/site-packages/airflow/example_dags/example_sla_dag.py
[2024-02-25T18:39:28.243+0000] {processor.py:830} INFO - Processing file /home/airflow/.local/lib/python3.8/site-packages/airflow/example_dags/example_sla_dag.py for tasks to queue
[2024-02-25T18:39:28.244+0000] {logging_mixin.py:188} INFO - [2024-02-25T18:39:28.243+0000] {dagbag.py:538} INFO - Filling up the DagBag from /home/airflow/.local/lib/python3.8/site-packages/airflow/example_dags/example_sla_dag.py
[2024-02-25T18:39:28.253+0000] {processor.py:840} INFO - DAG(s) 'example_sla_dag' retrieved from /home/airflow/.local/lib/python3.8/site-packages/airflow/example_dags/example_sla_dag.py
[2024-02-25T18:39:28.276+0000] {logging_mixin.py:188} INFO - [2024-02-25T18:39:28.276+0000] {dag.py:3036} INFO - Sync 1 DAGs
[2024-02-25T18:39:28.300+0000] {logging_mixin.py:188} INFO - [2024-02-25T18:39:28.300+0000] {dag.py:3823} INFO - Setting next_dagrun for example_sla_dag to 2024-02-25 18:36:00+00:00, run_after=2024-02-25 18:38:00+00:00
[2024-02-25T18:39:28.321+0000] {processor.py:183} INFO - Processing /home/airflow/.local/lib/python3.8/site-packages/airflow/example_dags/example_sla_dag.py took 0.084 seconds
[2024-02-25T18:39:59.008+0000] {processor.py:161} INFO - Started process (PID=9477) to work on /home/airflow/.local/lib/python3.8/site-packages/airflow/example_dags/example_sla_dag.py
[2024-02-25T18:39:59.010+0000] {processor.py:830} INFO - Processing file /home/airflow/.local/lib/python3.8/site-packages/airflow/example_dags/example_sla_dag.py for tasks to queue
[2024-02-25T18:39:59.011+0000] {logging_mixin.py:188} INFO - [2024-02-25T18:39:59.011+0000] {dagbag.py:538} INFO - Filling up the DagBag from /home/airflow/.local/lib/python3.8/site-packages/airflow/example_dags/example_sla_dag.py
[2024-02-25T18:39:59.020+0000] {processor.py:840} INFO - DAG(s) 'example_sla_dag' retrieved from /home/airflow/.local/lib/python3.8/site-packages/airflow/example_dags/example_sla_dag.py
[2024-02-25T18:39:59.045+0000] {logging_mixin.py:188} INFO - [2024-02-25T18:39:59.045+0000] {dag.py:3036} INFO - Sync 1 DAGs
[2024-02-25T18:39:59.073+0000] {logging_mixin.py:188} INFO - [2024-02-25T18:39:59.072+0000] {dag.py:3823} INFO - Setting next_dagrun for example_sla_dag to 2024-02-25 18:36:00+00:00, run_after=2024-02-25 18:38:00+00:00
[2024-02-25T18:39:59.100+0000] {processor.py:183} INFO - Processing /home/airflow/.local/lib/python3.8/site-packages/airflow/example_dags/example_sla_dag.py took 0.095 seconds
[2024-02-25T20:59:44.721+0000] {processor.py:161} INFO - Started process (PID=9540) to work on /home/airflow/.local/lib/python3.8/site-packages/airflow/example_dags/example_sla_dag.py
[2024-02-25T20:59:44.723+0000] {processor.py:830} INFO - Processing file /home/airflow/.local/lib/python3.8/site-packages/airflow/example_dags/example_sla_dag.py for tasks to queue
[2024-02-25T20:59:44.725+0000] {logging_mixin.py:188} INFO - [2024-02-25T20:59:44.724+0000] {dagbag.py:538} INFO - Filling up the DagBag from /home/airflow/.local/lib/python3.8/site-packages/airflow/example_dags/example_sla_dag.py
[2024-02-25T20:59:44.734+0000] {processor.py:840} INFO - DAG(s) 'example_sla_dag' retrieved from /home/airflow/.local/lib/python3.8/site-packages/airflow/example_dags/example_sla_dag.py
[2024-02-25T20:59:44.780+0000] {logging_mixin.py:188} INFO - [2024-02-25T20:59:44.779+0000] {dag.py:3036} INFO - Sync 1 DAGs
[2024-02-25T20:59:44.814+0000] {logging_mixin.py:188} INFO - [2024-02-25T20:59:44.813+0000] {dag.py:3823} INFO - Setting next_dagrun for example_sla_dag to 2024-02-25 20:56:00+00:00, run_after=2024-02-25 20:58:00+00:00
[2024-02-25T20:59:44.838+0000] {processor.py:183} INFO - Processing /home/airflow/.local/lib/python3.8/site-packages/airflow/example_dags/example_sla_dag.py took 0.122 seconds
[2024-02-25T21:00:15.148+0000] {processor.py:161} INFO - Started process (PID=9611) to work on /home/airflow/.local/lib/python3.8/site-packages/airflow/example_dags/example_sla_dag.py
[2024-02-25T21:00:15.150+0000] {processor.py:830} INFO - Processing file /home/airflow/.local/lib/python3.8/site-packages/airflow/example_dags/example_sla_dag.py for tasks to queue
[2024-02-25T21:00:15.151+0000] {logging_mixin.py:188} INFO - [2024-02-25T21:00:15.150+0000] {dagbag.py:538} INFO - Filling up the DagBag from /home/airflow/.local/lib/python3.8/site-packages/airflow/example_dags/example_sla_dag.py
[2024-02-25T21:00:15.159+0000] {processor.py:840} INFO - DAG(s) 'example_sla_dag' retrieved from /home/airflow/.local/lib/python3.8/site-packages/airflow/example_dags/example_sla_dag.py
[2024-02-25T21:00:15.181+0000] {logging_mixin.py:188} INFO - [2024-02-25T21:00:15.181+0000] {dag.py:3036} INFO - Sync 1 DAGs
[2024-02-25T21:00:15.205+0000] {logging_mixin.py:188} INFO - [2024-02-25T21:00:15.205+0000] {dag.py:3823} INFO - Setting next_dagrun for example_sla_dag to 2024-02-25 20:58:00+00:00, run_after=2024-02-25 21:00:00+00:00
[2024-02-25T21:00:15.229+0000] {processor.py:183} INFO - Processing /home/airflow/.local/lib/python3.8/site-packages/airflow/example_dags/example_sla_dag.py took 0.084 seconds
[2024-02-25T21:00:45.808+0000] {processor.py:161} INFO - Started process (PID=9674) to work on /home/airflow/.local/lib/python3.8/site-packages/airflow/example_dags/example_sla_dag.py
[2024-02-25T21:00:45.809+0000] {processor.py:830} INFO - Processing file /home/airflow/.local/lib/python3.8/site-packages/airflow/example_dags/example_sla_dag.py for tasks to queue
[2024-02-25T21:00:45.810+0000] {logging_mixin.py:188} INFO - [2024-02-25T21:00:45.810+0000] {dagbag.py:538} INFO - Filling up the DagBag from /home/airflow/.local/lib/python3.8/site-packages/airflow/example_dags/example_sla_dag.py
[2024-02-25T21:00:45.819+0000] {processor.py:840} INFO - DAG(s) 'example_sla_dag' retrieved from /home/airflow/.local/lib/python3.8/site-packages/airflow/example_dags/example_sla_dag.py
[2024-02-25T21:00:45.840+0000] {logging_mixin.py:188} INFO - [2024-02-25T21:00:45.839+0000] {dag.py:3036} INFO - Sync 1 DAGs
[2024-02-25T21:00:45.863+0000] {logging_mixin.py:188} INFO - [2024-02-25T21:00:45.863+0000] {dag.py:3823} INFO - Setting next_dagrun for example_sla_dag to 2024-02-25 20:58:00+00:00, run_after=2024-02-25 21:00:00+00:00
[2024-02-25T21:00:45.882+0000] {processor.py:183} INFO - Processing /home/airflow/.local/lib/python3.8/site-packages/airflow/example_dags/example_sla_dag.py took 0.078 seconds
[2024-02-25T21:01:16.562+0000] {processor.py:161} INFO - Started process (PID=9737) to work on /home/airflow/.local/lib/python3.8/site-packages/airflow/example_dags/example_sla_dag.py
[2024-02-25T21:01:16.563+0000] {processor.py:830} INFO - Processing file /home/airflow/.local/lib/python3.8/site-packages/airflow/example_dags/example_sla_dag.py for tasks to queue
[2024-02-25T21:01:16.565+0000] {logging_mixin.py:188} INFO - [2024-02-25T21:01:16.564+0000] {dagbag.py:538} INFO - Filling up the DagBag from /home/airflow/.local/lib/python3.8/site-packages/airflow/example_dags/example_sla_dag.py
[2024-02-25T21:01:16.573+0000] {processor.py:840} INFO - DAG(s) 'example_sla_dag' retrieved from /home/airflow/.local/lib/python3.8/site-packages/airflow/example_dags/example_sla_dag.py
[2024-02-25T21:01:16.594+0000] {logging_mixin.py:188} INFO - [2024-02-25T21:01:16.594+0000] {dag.py:3036} INFO - Sync 1 DAGs
[2024-02-25T21:01:16.619+0000] {logging_mixin.py:188} INFO - [2024-02-25T21:01:16.619+0000] {dag.py:3823} INFO - Setting next_dagrun for example_sla_dag to 2024-02-25 20:58:00+00:00, run_after=2024-02-25 21:00:00+00:00
[2024-02-25T21:01:16.642+0000] {processor.py:183} INFO - Processing /home/airflow/.local/lib/python3.8/site-packages/airflow/example_dags/example_sla_dag.py took 0.084 seconds
[2024-02-25T21:01:47.089+0000] {processor.py:161} INFO - Started process (PID=9800) to work on /home/airflow/.local/lib/python3.8/site-packages/airflow/example_dags/example_sla_dag.py
[2024-02-25T21:01:47.090+0000] {processor.py:830} INFO - Processing file /home/airflow/.local/lib/python3.8/site-packages/airflow/example_dags/example_sla_dag.py for tasks to queue
[2024-02-25T21:01:47.091+0000] {logging_mixin.py:188} INFO - [2024-02-25T21:01:47.091+0000] {dagbag.py:538} INFO - Filling up the DagBag from /home/airflow/.local/lib/python3.8/site-packages/airflow/example_dags/example_sla_dag.py
[2024-02-25T21:01:47.100+0000] {processor.py:840} INFO - DAG(s) 'example_sla_dag' retrieved from /home/airflow/.local/lib/python3.8/site-packages/airflow/example_dags/example_sla_dag.py
[2024-02-25T21:01:47.121+0000] {logging_mixin.py:188} INFO - [2024-02-25T21:01:47.121+0000] {dag.py:3036} INFO - Sync 1 DAGs
[2024-02-25T21:01:47.147+0000] {logging_mixin.py:188} INFO - [2024-02-25T21:01:47.147+0000] {dag.py:3823} INFO - Setting next_dagrun for example_sla_dag to 2024-02-25 20:58:00+00:00, run_after=2024-02-25 21:00:00+00:00
[2024-02-25T21:01:47.170+0000] {processor.py:183} INFO - Processing /home/airflow/.local/lib/python3.8/site-packages/airflow/example_dags/example_sla_dag.py took 0.085 seconds
[2024-02-25T21:02:17.689+0000] {processor.py:161} INFO - Started process (PID=9863) to work on /home/airflow/.local/lib/python3.8/site-packages/airflow/example_dags/example_sla_dag.py
[2024-02-25T21:02:17.691+0000] {processor.py:830} INFO - Processing file /home/airflow/.local/lib/python3.8/site-packages/airflow/example_dags/example_sla_dag.py for tasks to queue
[2024-02-25T21:02:17.692+0000] {logging_mixin.py:188} INFO - [2024-02-25T21:02:17.691+0000] {dagbag.py:538} INFO - Filling up the DagBag from /home/airflow/.local/lib/python3.8/site-packages/airflow/example_dags/example_sla_dag.py
[2024-02-25T21:02:17.699+0000] {processor.py:840} INFO - DAG(s) 'example_sla_dag' retrieved from /home/airflow/.local/lib/python3.8/site-packages/airflow/example_dags/example_sla_dag.py
[2024-02-25T21:02:17.722+0000] {logging_mixin.py:188} INFO - [2024-02-25T21:02:17.721+0000] {dag.py:3036} INFO - Sync 1 DAGs
[2024-02-25T21:02:17.748+0000] {logging_mixin.py:188} INFO - [2024-02-25T21:02:17.747+0000] {dag.py:3823} INFO - Setting next_dagrun for example_sla_dag to 2024-02-25 21:00:00+00:00, run_after=2024-02-25 21:02:00+00:00
[2024-02-25T21:02:17.770+0000] {processor.py:183} INFO - Processing /home/airflow/.local/lib/python3.8/site-packages/airflow/example_dags/example_sla_dag.py took 0.084 seconds
[2024-02-25T21:02:48.463+0000] {processor.py:161} INFO - Started process (PID=9926) to work on /home/airflow/.local/lib/python3.8/site-packages/airflow/example_dags/example_sla_dag.py
[2024-02-25T21:02:48.464+0000] {processor.py:830} INFO - Processing file /home/airflow/.local/lib/python3.8/site-packages/airflow/example_dags/example_sla_dag.py for tasks to queue
[2024-02-25T21:02:48.465+0000] {logging_mixin.py:188} INFO - [2024-02-25T21:02:48.465+0000] {dagbag.py:538} INFO - Filling up the DagBag from /home/airflow/.local/lib/python3.8/site-packages/airflow/example_dags/example_sla_dag.py
[2024-02-25T21:02:48.474+0000] {processor.py:840} INFO - DAG(s) 'example_sla_dag' retrieved from /home/airflow/.local/lib/python3.8/site-packages/airflow/example_dags/example_sla_dag.py
[2024-02-25T21:02:48.496+0000] {logging_mixin.py:188} INFO - [2024-02-25T21:02:48.496+0000] {dag.py:3036} INFO - Sync 1 DAGs
[2024-02-25T21:02:48.521+0000] {logging_mixin.py:188} INFO - [2024-02-25T21:02:48.521+0000] {dag.py:3823} INFO - Setting next_dagrun for example_sla_dag to 2024-02-25 21:00:00+00:00, run_after=2024-02-25 21:02:00+00:00
[2024-02-25T21:02:48.544+0000] {processor.py:183} INFO - Processing /home/airflow/.local/lib/python3.8/site-packages/airflow/example_dags/example_sla_dag.py took 0.085 seconds
[2024-02-25T21:03:19.041+0000] {processor.py:161} INFO - Started process (PID=9989) to work on /home/airflow/.local/lib/python3.8/site-packages/airflow/example_dags/example_sla_dag.py
[2024-02-25T21:03:19.043+0000] {processor.py:830} INFO - Processing file /home/airflow/.local/lib/python3.8/site-packages/airflow/example_dags/example_sla_dag.py for tasks to queue
[2024-02-25T21:03:19.044+0000] {logging_mixin.py:188} INFO - [2024-02-25T21:03:19.044+0000] {dagbag.py:538} INFO - Filling up the DagBag from /home/airflow/.local/lib/python3.8/site-packages/airflow/example_dags/example_sla_dag.py
[2024-02-25T21:03:19.052+0000] {processor.py:840} INFO - DAG(s) 'example_sla_dag' retrieved from /home/airflow/.local/lib/python3.8/site-packages/airflow/example_dags/example_sla_dag.py
[2024-02-25T21:03:19.074+0000] {logging_mixin.py:188} INFO - [2024-02-25T21:03:19.074+0000] {dag.py:3036} INFO - Sync 1 DAGs
[2024-02-25T21:03:19.098+0000] {logging_mixin.py:188} INFO - [2024-02-25T21:03:19.098+0000] {dag.py:3823} INFO - Setting next_dagrun for example_sla_dag to 2024-02-25 21:00:00+00:00, run_after=2024-02-25 21:02:00+00:00
[2024-02-25T21:03:19.121+0000] {processor.py:183} INFO - Processing /home/airflow/.local/lib/python3.8/site-packages/airflow/example_dags/example_sla_dag.py took 0.083 seconds
[2024-02-25T21:03:49.525+0000] {processor.py:161} INFO - Started process (PID=10052) to work on /home/airflow/.local/lib/python3.8/site-packages/airflow/example_dags/example_sla_dag.py
[2024-02-25T21:03:49.526+0000] {processor.py:830} INFO - Processing file /home/airflow/.local/lib/python3.8/site-packages/airflow/example_dags/example_sla_dag.py for tasks to queue
[2024-02-25T21:03:49.527+0000] {logging_mixin.py:188} INFO - [2024-02-25T21:03:49.527+0000] {dagbag.py:538} INFO - Filling up the DagBag from /home/airflow/.local/lib/python3.8/site-packages/airflow/example_dags/example_sla_dag.py
[2024-02-25T21:03:49.536+0000] {processor.py:840} INFO - DAG(s) 'example_sla_dag' retrieved from /home/airflow/.local/lib/python3.8/site-packages/airflow/example_dags/example_sla_dag.py
[2024-02-25T21:03:49.558+0000] {logging_mixin.py:188} INFO - [2024-02-25T21:03:49.558+0000] {dag.py:3036} INFO - Sync 1 DAGs
[2024-02-25T21:03:49.583+0000] {logging_mixin.py:188} INFO - [2024-02-25T21:03:49.583+0000] {dag.py:3823} INFO - Setting next_dagrun for example_sla_dag to 2024-02-25 21:00:00+00:00, run_after=2024-02-25 21:02:00+00:00
[2024-02-25T21:03:49.608+0000] {processor.py:183} INFO - Processing /home/airflow/.local/lib/python3.8/site-packages/airflow/example_dags/example_sla_dag.py took 0.087 seconds
[2024-02-25T21:04:20.149+0000] {processor.py:161} INFO - Started process (PID=10115) to work on /home/airflow/.local/lib/python3.8/site-packages/airflow/example_dags/example_sla_dag.py
[2024-02-25T21:04:20.151+0000] {processor.py:830} INFO - Processing file /home/airflow/.local/lib/python3.8/site-packages/airflow/example_dags/example_sla_dag.py for tasks to queue
[2024-02-25T21:04:20.152+0000] {logging_mixin.py:188} INFO - [2024-02-25T21:04:20.151+0000] {dagbag.py:538} INFO - Filling up the DagBag from /home/airflow/.local/lib/python3.8/site-packages/airflow/example_dags/example_sla_dag.py
[2024-02-25T21:04:20.160+0000] {processor.py:840} INFO - DAG(s) 'example_sla_dag' retrieved from /home/airflow/.local/lib/python3.8/site-packages/airflow/example_dags/example_sla_dag.py
[2024-02-25T21:04:20.182+0000] {logging_mixin.py:188} INFO - [2024-02-25T21:04:20.181+0000] {dag.py:3036} INFO - Sync 1 DAGs
[2024-02-25T21:04:20.206+0000] {logging_mixin.py:188} INFO - [2024-02-25T21:04:20.206+0000] {dag.py:3823} INFO - Setting next_dagrun for example_sla_dag to 2024-02-25 21:02:00+00:00, run_after=2024-02-25 21:04:00+00:00
[2024-02-25T21:04:20.229+0000] {processor.py:183} INFO - Processing /home/airflow/.local/lib/python3.8/site-packages/airflow/example_dags/example_sla_dag.py took 0.083 seconds
[2024-02-25T21:04:50.647+0000] {processor.py:161} INFO - Started process (PID=10178) to work on /home/airflow/.local/lib/python3.8/site-packages/airflow/example_dags/example_sla_dag.py
[2024-02-25T21:04:50.648+0000] {processor.py:830} INFO - Processing file /home/airflow/.local/lib/python3.8/site-packages/airflow/example_dags/example_sla_dag.py for tasks to queue
[2024-02-25T21:04:50.649+0000] {logging_mixin.py:188} INFO - [2024-02-25T21:04:50.649+0000] {dagbag.py:538} INFO - Filling up the DagBag from /home/airflow/.local/lib/python3.8/site-packages/airflow/example_dags/example_sla_dag.py
[2024-02-25T21:04:50.657+0000] {processor.py:840} INFO - DAG(s) 'example_sla_dag' retrieved from /home/airflow/.local/lib/python3.8/site-packages/airflow/example_dags/example_sla_dag.py
[2024-02-25T21:04:50.679+0000] {logging_mixin.py:188} INFO - [2024-02-25T21:04:50.678+0000] {dag.py:3036} INFO - Sync 1 DAGs
[2024-02-25T21:04:50.704+0000] {logging_mixin.py:188} INFO - [2024-02-25T21:04:50.704+0000] {dag.py:3823} INFO - Setting next_dagrun for example_sla_dag to 2024-02-25 21:02:00+00:00, run_after=2024-02-25 21:04:00+00:00
[2024-02-25T21:04:50.729+0000] {processor.py:183} INFO - Processing /home/airflow/.local/lib/python3.8/site-packages/airflow/example_dags/example_sla_dag.py took 0.086 seconds
