[2024-02-25T00:03:56.647+0000] {processor.py:161} INFO - Started process (PID=5874) to work on /home/airflow/.local/lib/python3.8/site-packages/airflow/example_dags/example_short_circuit_operator.py
[2024-02-25T00:03:56.651+0000] {processor.py:830} INFO - Processing file /home/airflow/.local/lib/python3.8/site-packages/airflow/example_dags/example_short_circuit_operator.py for tasks to queue
[2024-02-25T00:03:56.658+0000] {logging_mixin.py:188} INFO - [2024-02-25T00:03:56.657+0000] {dagbag.py:538} INFO - Filling up the DagBag from /home/airflow/.local/lib/python3.8/site-packages/airflow/example_dags/example_short_circuit_operator.py
[2024-02-25T00:03:56.683+0000] {processor.py:840} INFO - DAG(s) 'example_short_circuit_operator' retrieved from /home/airflow/.local/lib/python3.8/site-packages/airflow/example_dags/example_short_circuit_operator.py
[2024-02-25T00:03:56.774+0000] {logging_mixin.py:188} INFO - [2024-02-25T00:03:56.774+0000] {dag.py:3036} INFO - Sync 1 DAGs
[2024-02-25T00:03:56.857+0000] {logging_mixin.py:188} INFO - [2024-02-25T00:03:56.856+0000] {dag.py:3823} INFO - Setting next_dagrun for example_short_circuit_operator to 2024-02-24 00:00:00+00:00, run_after=2024-02-25 00:00:00+00:00
[2024-02-25T00:03:56.980+0000] {processor.py:183} INFO - Processing /home/airflow/.local/lib/python3.8/site-packages/airflow/example_dags/example_short_circuit_operator.py took 0.338 seconds
[2024-02-25T00:04:27.084+0000] {processor.py:161} INFO - Started process (PID=5941) to work on /home/airflow/.local/lib/python3.8/site-packages/airflow/example_dags/example_short_circuit_operator.py
[2024-02-25T00:04:27.085+0000] {processor.py:830} INFO - Processing file /home/airflow/.local/lib/python3.8/site-packages/airflow/example_dags/example_short_circuit_operator.py for tasks to queue
[2024-02-25T00:04:27.086+0000] {logging_mixin.py:188} INFO - [2024-02-25T00:04:27.086+0000] {dagbag.py:538} INFO - Filling up the DagBag from /home/airflow/.local/lib/python3.8/site-packages/airflow/example_dags/example_short_circuit_operator.py
[2024-02-25T00:04:27.094+0000] {processor.py:840} INFO - DAG(s) 'example_short_circuit_operator' retrieved from /home/airflow/.local/lib/python3.8/site-packages/airflow/example_dags/example_short_circuit_operator.py
[2024-02-25T00:04:27.122+0000] {logging_mixin.py:188} INFO - [2024-02-25T00:04:27.121+0000] {dag.py:3036} INFO - Sync 1 DAGs
[2024-02-25T00:04:27.143+0000] {logging_mixin.py:188} INFO - [2024-02-25T00:04:27.142+0000] {dag.py:3823} INFO - Setting next_dagrun for example_short_circuit_operator to 2024-02-24 00:00:00+00:00, run_after=2024-02-25 00:00:00+00:00
[2024-02-25T00:04:27.165+0000] {processor.py:183} INFO - Processing /home/airflow/.local/lib/python3.8/site-packages/airflow/example_dags/example_short_circuit_operator.py took 0.085 seconds
[2024-02-25T00:04:58.199+0000] {processor.py:161} INFO - Started process (PID=6004) to work on /home/airflow/.local/lib/python3.8/site-packages/airflow/example_dags/example_short_circuit_operator.py
[2024-02-25T00:04:58.200+0000] {processor.py:830} INFO - Processing file /home/airflow/.local/lib/python3.8/site-packages/airflow/example_dags/example_short_circuit_operator.py for tasks to queue
[2024-02-25T00:04:58.205+0000] {logging_mixin.py:188} INFO - [2024-02-25T00:04:58.204+0000] {dagbag.py:538} INFO - Filling up the DagBag from /home/airflow/.local/lib/python3.8/site-packages/airflow/example_dags/example_short_circuit_operator.py
[2024-02-25T00:04:58.213+0000] {processor.py:840} INFO - DAG(s) 'example_short_circuit_operator' retrieved from /home/airflow/.local/lib/python3.8/site-packages/airflow/example_dags/example_short_circuit_operator.py
[2024-02-25T00:04:58.244+0000] {logging_mixin.py:188} INFO - [2024-02-25T00:04:58.244+0000] {dag.py:3036} INFO - Sync 1 DAGs
[2024-02-25T00:04:58.267+0000] {logging_mixin.py:188} INFO - [2024-02-25T00:04:58.266+0000] {dag.py:3823} INFO - Setting next_dagrun for example_short_circuit_operator to 2024-02-24 00:00:00+00:00, run_after=2024-02-25 00:00:00+00:00
[2024-02-25T00:04:58.291+0000] {processor.py:183} INFO - Processing /home/airflow/.local/lib/python3.8/site-packages/airflow/example_dags/example_short_circuit_operator.py took 0.097 seconds
[2024-02-25T00:05:28.638+0000] {processor.py:161} INFO - Started process (PID=6068) to work on /home/airflow/.local/lib/python3.8/site-packages/airflow/example_dags/example_short_circuit_operator.py
[2024-02-25T00:05:28.639+0000] {processor.py:830} INFO - Processing file /home/airflow/.local/lib/python3.8/site-packages/airflow/example_dags/example_short_circuit_operator.py for tasks to queue
[2024-02-25T00:05:28.640+0000] {logging_mixin.py:188} INFO - [2024-02-25T00:05:28.640+0000] {dagbag.py:538} INFO - Filling up the DagBag from /home/airflow/.local/lib/python3.8/site-packages/airflow/example_dags/example_short_circuit_operator.py
[2024-02-25T00:05:28.647+0000] {processor.py:840} INFO - DAG(s) 'example_short_circuit_operator' retrieved from /home/airflow/.local/lib/python3.8/site-packages/airflow/example_dags/example_short_circuit_operator.py
[2024-02-25T00:05:28.675+0000] {logging_mixin.py:188} INFO - [2024-02-25T00:05:28.674+0000] {dag.py:3036} INFO - Sync 1 DAGs
[2024-02-25T00:05:28.698+0000] {logging_mixin.py:188} INFO - [2024-02-25T00:05:28.698+0000] {dag.py:3823} INFO - Setting next_dagrun for example_short_circuit_operator to 2024-02-24 00:00:00+00:00, run_after=2024-02-25 00:00:00+00:00
[2024-02-25T00:05:28.721+0000] {processor.py:183} INFO - Processing /home/airflow/.local/lib/python3.8/site-packages/airflow/example_dags/example_short_circuit_operator.py took 0.088 seconds
[2024-02-25T00:05:59.575+0000] {processor.py:161} INFO - Started process (PID=6131) to work on /home/airflow/.local/lib/python3.8/site-packages/airflow/example_dags/example_short_circuit_operator.py
[2024-02-25T00:05:59.576+0000] {processor.py:830} INFO - Processing file /home/airflow/.local/lib/python3.8/site-packages/airflow/example_dags/example_short_circuit_operator.py for tasks to queue
[2024-02-25T00:05:59.578+0000] {logging_mixin.py:188} INFO - [2024-02-25T00:05:59.577+0000] {dagbag.py:538} INFO - Filling up the DagBag from /home/airflow/.local/lib/python3.8/site-packages/airflow/example_dags/example_short_circuit_operator.py
[2024-02-25T00:05:59.585+0000] {processor.py:840} INFO - DAG(s) 'example_short_circuit_operator' retrieved from /home/airflow/.local/lib/python3.8/site-packages/airflow/example_dags/example_short_circuit_operator.py
[2024-02-25T00:05:59.611+0000] {logging_mixin.py:188} INFO - [2024-02-25T00:05:59.611+0000] {dag.py:3036} INFO - Sync 1 DAGs
[2024-02-25T00:05:59.632+0000] {logging_mixin.py:188} INFO - [2024-02-25T00:05:59.632+0000] {dag.py:3823} INFO - Setting next_dagrun for example_short_circuit_operator to 2024-02-24 00:00:00+00:00, run_after=2024-02-25 00:00:00+00:00
[2024-02-25T00:05:59.653+0000] {processor.py:183} INFO - Processing /home/airflow/.local/lib/python3.8/site-packages/airflow/example_dags/example_short_circuit_operator.py took 0.082 seconds
[2024-02-25T00:06:30.402+0000] {processor.py:161} INFO - Started process (PID=6195) to work on /home/airflow/.local/lib/python3.8/site-packages/airflow/example_dags/example_short_circuit_operator.py
[2024-02-25T00:06:30.403+0000] {processor.py:830} INFO - Processing file /home/airflow/.local/lib/python3.8/site-packages/airflow/example_dags/example_short_circuit_operator.py for tasks to queue
[2024-02-25T00:06:30.404+0000] {logging_mixin.py:188} INFO - [2024-02-25T00:06:30.403+0000] {dagbag.py:538} INFO - Filling up the DagBag from /home/airflow/.local/lib/python3.8/site-packages/airflow/example_dags/example_short_circuit_operator.py
[2024-02-25T00:06:30.411+0000] {processor.py:840} INFO - DAG(s) 'example_short_circuit_operator' retrieved from /home/airflow/.local/lib/python3.8/site-packages/airflow/example_dags/example_short_circuit_operator.py
[2024-02-25T00:06:30.437+0000] {logging_mixin.py:188} INFO - [2024-02-25T00:06:30.437+0000] {dag.py:3036} INFO - Sync 1 DAGs
[2024-02-25T00:06:30.457+0000] {logging_mixin.py:188} INFO - [2024-02-25T00:06:30.457+0000] {dag.py:3823} INFO - Setting next_dagrun for example_short_circuit_operator to 2024-02-24 00:00:00+00:00, run_after=2024-02-25 00:00:00+00:00
[2024-02-25T00:06:30.479+0000] {processor.py:183} INFO - Processing /home/airflow/.local/lib/python3.8/site-packages/airflow/example_dags/example_short_circuit_operator.py took 0.081 seconds
[2024-02-25T00:07:01.214+0000] {processor.py:161} INFO - Started process (PID=6258) to work on /home/airflow/.local/lib/python3.8/site-packages/airflow/example_dags/example_short_circuit_operator.py
[2024-02-25T00:07:01.216+0000] {processor.py:830} INFO - Processing file /home/airflow/.local/lib/python3.8/site-packages/airflow/example_dags/example_short_circuit_operator.py for tasks to queue
[2024-02-25T00:07:01.217+0000] {logging_mixin.py:188} INFO - [2024-02-25T00:07:01.216+0000] {dagbag.py:538} INFO - Filling up the DagBag from /home/airflow/.local/lib/python3.8/site-packages/airflow/example_dags/example_short_circuit_operator.py
[2024-02-25T00:07:01.225+0000] {processor.py:840} INFO - DAG(s) 'example_short_circuit_operator' retrieved from /home/airflow/.local/lib/python3.8/site-packages/airflow/example_dags/example_short_circuit_operator.py
[2024-02-25T00:07:01.253+0000] {logging_mixin.py:188} INFO - [2024-02-25T00:07:01.252+0000] {dag.py:3036} INFO - Sync 1 DAGs
[2024-02-25T00:07:01.278+0000] {logging_mixin.py:188} INFO - [2024-02-25T00:07:01.278+0000] {dag.py:3823} INFO - Setting next_dagrun for example_short_circuit_operator to 2024-02-24 00:00:00+00:00, run_after=2024-02-25 00:00:00+00:00
[2024-02-25T00:07:01.302+0000] {processor.py:183} INFO - Processing /home/airflow/.local/lib/python3.8/site-packages/airflow/example_dags/example_short_circuit_operator.py took 0.092 seconds
[2024-02-25T00:07:32.054+0000] {processor.py:161} INFO - Started process (PID=6321) to work on /home/airflow/.local/lib/python3.8/site-packages/airflow/example_dags/example_short_circuit_operator.py
[2024-02-25T00:07:32.056+0000] {processor.py:830} INFO - Processing file /home/airflow/.local/lib/python3.8/site-packages/airflow/example_dags/example_short_circuit_operator.py for tasks to queue
[2024-02-25T00:07:32.061+0000] {logging_mixin.py:188} INFO - [2024-02-25T00:07:32.060+0000] {dagbag.py:538} INFO - Filling up the DagBag from /home/airflow/.local/lib/python3.8/site-packages/airflow/example_dags/example_short_circuit_operator.py
[2024-02-25T00:07:32.073+0000] {processor.py:840} INFO - DAG(s) 'example_short_circuit_operator' retrieved from /home/airflow/.local/lib/python3.8/site-packages/airflow/example_dags/example_short_circuit_operator.py
[2024-02-25T00:07:32.105+0000] {logging_mixin.py:188} INFO - [2024-02-25T00:07:32.105+0000] {dag.py:3036} INFO - Sync 1 DAGs
[2024-02-25T00:07:32.131+0000] {logging_mixin.py:188} INFO - [2024-02-25T00:07:32.130+0000] {dag.py:3823} INFO - Setting next_dagrun for example_short_circuit_operator to 2024-02-24 00:00:00+00:00, run_after=2024-02-25 00:00:00+00:00
[2024-02-25T00:07:32.158+0000] {processor.py:183} INFO - Processing /home/airflow/.local/lib/python3.8/site-packages/airflow/example_dags/example_short_circuit_operator.py took 0.109 seconds
[2024-02-25T00:08:03.029+0000] {processor.py:161} INFO - Started process (PID=6384) to work on /home/airflow/.local/lib/python3.8/site-packages/airflow/example_dags/example_short_circuit_operator.py
[2024-02-25T00:08:03.030+0000] {processor.py:830} INFO - Processing file /home/airflow/.local/lib/python3.8/site-packages/airflow/example_dags/example_short_circuit_operator.py for tasks to queue
[2024-02-25T00:08:03.032+0000] {logging_mixin.py:188} INFO - [2024-02-25T00:08:03.031+0000] {dagbag.py:538} INFO - Filling up the DagBag from /home/airflow/.local/lib/python3.8/site-packages/airflow/example_dags/example_short_circuit_operator.py
[2024-02-25T00:08:03.040+0000] {processor.py:840} INFO - DAG(s) 'example_short_circuit_operator' retrieved from /home/airflow/.local/lib/python3.8/site-packages/airflow/example_dags/example_short_circuit_operator.py
[2024-02-25T00:08:03.069+0000] {logging_mixin.py:188} INFO - [2024-02-25T00:08:03.069+0000] {dag.py:3036} INFO - Sync 1 DAGs
[2024-02-25T00:08:03.094+0000] {logging_mixin.py:188} INFO - [2024-02-25T00:08:03.094+0000] {dag.py:3823} INFO - Setting next_dagrun for example_short_circuit_operator to 2024-02-24 00:00:00+00:00, run_after=2024-02-25 00:00:00+00:00
[2024-02-25T00:08:03.130+0000] {processor.py:183} INFO - Processing /home/airflow/.local/lib/python3.8/site-packages/airflow/example_dags/example_short_circuit_operator.py took 0.105 seconds
[2024-02-25T00:08:33.815+0000] {processor.py:161} INFO - Started process (PID=6447) to work on /home/airflow/.local/lib/python3.8/site-packages/airflow/example_dags/example_short_circuit_operator.py
[2024-02-25T00:08:33.816+0000] {processor.py:830} INFO - Processing file /home/airflow/.local/lib/python3.8/site-packages/airflow/example_dags/example_short_circuit_operator.py for tasks to queue
[2024-02-25T00:08:33.817+0000] {logging_mixin.py:188} INFO - [2024-02-25T00:08:33.817+0000] {dagbag.py:538} INFO - Filling up the DagBag from /home/airflow/.local/lib/python3.8/site-packages/airflow/example_dags/example_short_circuit_operator.py
[2024-02-25T00:08:33.825+0000] {processor.py:840} INFO - DAG(s) 'example_short_circuit_operator' retrieved from /home/airflow/.local/lib/python3.8/site-packages/airflow/example_dags/example_short_circuit_operator.py
[2024-02-25T00:08:33.853+0000] {logging_mixin.py:188} INFO - [2024-02-25T00:08:33.853+0000] {dag.py:3036} INFO - Sync 1 DAGs
[2024-02-25T00:08:33.875+0000] {logging_mixin.py:188} INFO - [2024-02-25T00:08:33.875+0000] {dag.py:3823} INFO - Setting next_dagrun for example_short_circuit_operator to 2024-02-24 00:00:00+00:00, run_after=2024-02-25 00:00:00+00:00
[2024-02-25T00:08:33.900+0000] {processor.py:183} INFO - Processing /home/airflow/.local/lib/python3.8/site-packages/airflow/example_dags/example_short_circuit_operator.py took 0.089 seconds
[2024-02-25T00:09:04.526+0000] {processor.py:161} INFO - Started process (PID=6510) to work on /home/airflow/.local/lib/python3.8/site-packages/airflow/example_dags/example_short_circuit_operator.py
[2024-02-25T00:09:04.527+0000] {processor.py:830} INFO - Processing file /home/airflow/.local/lib/python3.8/site-packages/airflow/example_dags/example_short_circuit_operator.py for tasks to queue
[2024-02-25T00:09:04.528+0000] {logging_mixin.py:188} INFO - [2024-02-25T00:09:04.528+0000] {dagbag.py:538} INFO - Filling up the DagBag from /home/airflow/.local/lib/python3.8/site-packages/airflow/example_dags/example_short_circuit_operator.py
[2024-02-25T00:09:04.536+0000] {processor.py:840} INFO - DAG(s) 'example_short_circuit_operator' retrieved from /home/airflow/.local/lib/python3.8/site-packages/airflow/example_dags/example_short_circuit_operator.py
[2024-02-25T00:09:04.562+0000] {logging_mixin.py:188} INFO - [2024-02-25T00:09:04.562+0000] {dag.py:3036} INFO - Sync 1 DAGs
[2024-02-25T00:09:04.583+0000] {logging_mixin.py:188} INFO - [2024-02-25T00:09:04.583+0000] {dag.py:3823} INFO - Setting next_dagrun for example_short_circuit_operator to 2024-02-24 00:00:00+00:00, run_after=2024-02-25 00:00:00+00:00
[2024-02-25T00:09:04.609+0000] {processor.py:183} INFO - Processing /home/airflow/.local/lib/python3.8/site-packages/airflow/example_dags/example_short_circuit_operator.py took 0.086 seconds
[2024-02-25T18:16:21.136+0000] {processor.py:161} INFO - Started process (PID=6573) to work on /home/airflow/.local/lib/python3.8/site-packages/airflow/example_dags/example_short_circuit_operator.py
[2024-02-25T18:16:21.137+0000] {processor.py:830} INFO - Processing file /home/airflow/.local/lib/python3.8/site-packages/airflow/example_dags/example_short_circuit_operator.py for tasks to queue
[2024-02-25T18:16:21.140+0000] {logging_mixin.py:188} INFO - [2024-02-25T18:16:21.139+0000] {dagbag.py:538} INFO - Filling up the DagBag from /home/airflow/.local/lib/python3.8/site-packages/airflow/example_dags/example_short_circuit_operator.py
[2024-02-25T18:16:21.150+0000] {processor.py:840} INFO - DAG(s) 'example_short_circuit_operator' retrieved from /home/airflow/.local/lib/python3.8/site-packages/airflow/example_dags/example_short_circuit_operator.py
[2024-02-25T18:16:21.183+0000] {logging_mixin.py:188} INFO - [2024-02-25T18:16:21.183+0000] {dag.py:3036} INFO - Sync 1 DAGs
[2024-02-25T18:16:21.217+0000] {logging_mixin.py:188} INFO - [2024-02-25T18:16:21.217+0000] {dag.py:3823} INFO - Setting next_dagrun for example_short_circuit_operator to 2024-02-24 00:00:00+00:00, run_after=2024-02-25 00:00:00+00:00
[2024-02-25T18:16:21.247+0000] {processor.py:183} INFO - Processing /home/airflow/.local/lib/python3.8/site-packages/airflow/example_dags/example_short_circuit_operator.py took 0.116 seconds
[2024-02-25T18:16:51.957+0000] {processor.py:161} INFO - Started process (PID=6636) to work on /home/airflow/.local/lib/python3.8/site-packages/airflow/example_dags/example_short_circuit_operator.py
[2024-02-25T18:16:51.959+0000] {processor.py:830} INFO - Processing file /home/airflow/.local/lib/python3.8/site-packages/airflow/example_dags/example_short_circuit_operator.py for tasks to queue
[2024-02-25T18:16:51.960+0000] {logging_mixin.py:188} INFO - [2024-02-25T18:16:51.959+0000] {dagbag.py:538} INFO - Filling up the DagBag from /home/airflow/.local/lib/python3.8/site-packages/airflow/example_dags/example_short_circuit_operator.py
[2024-02-25T18:16:51.968+0000] {processor.py:840} INFO - DAG(s) 'example_short_circuit_operator' retrieved from /home/airflow/.local/lib/python3.8/site-packages/airflow/example_dags/example_short_circuit_operator.py
[2024-02-25T18:16:52.001+0000] {logging_mixin.py:188} INFO - [2024-02-25T18:16:52.001+0000] {dag.py:3036} INFO - Sync 1 DAGs
[2024-02-25T18:16:52.027+0000] {logging_mixin.py:188} INFO - [2024-02-25T18:16:52.027+0000] {dag.py:3823} INFO - Setting next_dagrun for example_short_circuit_operator to 2024-02-24 00:00:00+00:00, run_after=2024-02-25 00:00:00+00:00
[2024-02-25T18:16:52.050+0000] {processor.py:183} INFO - Processing /home/airflow/.local/lib/python3.8/site-packages/airflow/example_dags/example_short_circuit_operator.py took 0.097 seconds
[2024-02-25T18:17:22.915+0000] {processor.py:161} INFO - Started process (PID=6699) to work on /home/airflow/.local/lib/python3.8/site-packages/airflow/example_dags/example_short_circuit_operator.py
[2024-02-25T18:17:22.916+0000] {processor.py:830} INFO - Processing file /home/airflow/.local/lib/python3.8/site-packages/airflow/example_dags/example_short_circuit_operator.py for tasks to queue
[2024-02-25T18:17:22.917+0000] {logging_mixin.py:188} INFO - [2024-02-25T18:17:22.917+0000] {dagbag.py:538} INFO - Filling up the DagBag from /home/airflow/.local/lib/python3.8/site-packages/airflow/example_dags/example_short_circuit_operator.py
[2024-02-25T18:17:22.927+0000] {processor.py:840} INFO - DAG(s) 'example_short_circuit_operator' retrieved from /home/airflow/.local/lib/python3.8/site-packages/airflow/example_dags/example_short_circuit_operator.py
[2024-02-25T18:17:22.956+0000] {logging_mixin.py:188} INFO - [2024-02-25T18:17:22.956+0000] {dag.py:3036} INFO - Sync 1 DAGs
[2024-02-25T18:17:22.982+0000] {logging_mixin.py:188} INFO - [2024-02-25T18:17:22.982+0000] {dag.py:3823} INFO - Setting next_dagrun for example_short_circuit_operator to 2024-02-24 00:00:00+00:00, run_after=2024-02-25 00:00:00+00:00
[2024-02-25T18:17:23.008+0000] {processor.py:183} INFO - Processing /home/airflow/.local/lib/python3.8/site-packages/airflow/example_dags/example_short_circuit_operator.py took 0.097 seconds
[2024-02-25T18:17:53.238+0000] {processor.py:161} INFO - Started process (PID=6762) to work on /home/airflow/.local/lib/python3.8/site-packages/airflow/example_dags/example_short_circuit_operator.py
[2024-02-25T18:17:53.240+0000] {processor.py:830} INFO - Processing file /home/airflow/.local/lib/python3.8/site-packages/airflow/example_dags/example_short_circuit_operator.py for tasks to queue
[2024-02-25T18:17:53.241+0000] {logging_mixin.py:188} INFO - [2024-02-25T18:17:53.240+0000] {dagbag.py:538} INFO - Filling up the DagBag from /home/airflow/.local/lib/python3.8/site-packages/airflow/example_dags/example_short_circuit_operator.py
[2024-02-25T18:17:53.249+0000] {processor.py:840} INFO - DAG(s) 'example_short_circuit_operator' retrieved from /home/airflow/.local/lib/python3.8/site-packages/airflow/example_dags/example_short_circuit_operator.py
[2024-02-25T18:17:53.275+0000] {logging_mixin.py:188} INFO - [2024-02-25T18:17:53.275+0000] {dag.py:3036} INFO - Sync 1 DAGs
[2024-02-25T18:17:53.299+0000] {logging_mixin.py:188} INFO - [2024-02-25T18:17:53.299+0000] {dag.py:3823} INFO - Setting next_dagrun for example_short_circuit_operator to 2024-02-24 00:00:00+00:00, run_after=2024-02-25 00:00:00+00:00
[2024-02-25T18:17:53.321+0000] {processor.py:183} INFO - Processing /home/airflow/.local/lib/python3.8/site-packages/airflow/example_dags/example_short_circuit_operator.py took 0.086 seconds
[2024-02-25T18:18:23.493+0000] {processor.py:161} INFO - Started process (PID=6823) to work on /home/airflow/.local/lib/python3.8/site-packages/airflow/example_dags/example_short_circuit_operator.py
[2024-02-25T18:18:23.494+0000] {processor.py:830} INFO - Processing file /home/airflow/.local/lib/python3.8/site-packages/airflow/example_dags/example_short_circuit_operator.py for tasks to queue
[2024-02-25T18:18:23.495+0000] {logging_mixin.py:188} INFO - [2024-02-25T18:18:23.494+0000] {dagbag.py:538} INFO - Filling up the DagBag from /home/airflow/.local/lib/python3.8/site-packages/airflow/example_dags/example_short_circuit_operator.py
[2024-02-25T18:18:23.502+0000] {processor.py:840} INFO - DAG(s) 'example_short_circuit_operator' retrieved from /home/airflow/.local/lib/python3.8/site-packages/airflow/example_dags/example_short_circuit_operator.py
[2024-02-25T18:18:23.530+0000] {logging_mixin.py:188} INFO - [2024-02-25T18:18:23.529+0000] {dag.py:3036} INFO - Sync 1 DAGs
[2024-02-25T18:18:23.554+0000] {logging_mixin.py:188} INFO - [2024-02-25T18:18:23.553+0000] {dag.py:3823} INFO - Setting next_dagrun for example_short_circuit_operator to 2024-02-24 00:00:00+00:00, run_after=2024-02-25 00:00:00+00:00
[2024-02-25T18:18:23.578+0000] {processor.py:183} INFO - Processing /home/airflow/.local/lib/python3.8/site-packages/airflow/example_dags/example_short_circuit_operator.py took 0.089 seconds
[2024-02-25T18:18:53.705+0000] {processor.py:161} INFO - Started process (PID=6887) to work on /home/airflow/.local/lib/python3.8/site-packages/airflow/example_dags/example_short_circuit_operator.py
[2024-02-25T18:18:53.706+0000] {processor.py:830} INFO - Processing file /home/airflow/.local/lib/python3.8/site-packages/airflow/example_dags/example_short_circuit_operator.py for tasks to queue
[2024-02-25T18:18:53.707+0000] {logging_mixin.py:188} INFO - [2024-02-25T18:18:53.707+0000] {dagbag.py:538} INFO - Filling up the DagBag from /home/airflow/.local/lib/python3.8/site-packages/airflow/example_dags/example_short_circuit_operator.py
[2024-02-25T18:18:53.715+0000] {processor.py:840} INFO - DAG(s) 'example_short_circuit_operator' retrieved from /home/airflow/.local/lib/python3.8/site-packages/airflow/example_dags/example_short_circuit_operator.py
[2024-02-25T18:18:53.743+0000] {logging_mixin.py:188} INFO - [2024-02-25T18:18:53.743+0000] {dag.py:3036} INFO - Sync 1 DAGs
[2024-02-25T18:18:53.766+0000] {logging_mixin.py:188} INFO - [2024-02-25T18:18:53.766+0000] {dag.py:3823} INFO - Setting next_dagrun for example_short_circuit_operator to 2024-02-24 00:00:00+00:00, run_after=2024-02-25 00:00:00+00:00
[2024-02-25T18:18:53.787+0000] {processor.py:183} INFO - Processing /home/airflow/.local/lib/python3.8/site-packages/airflow/example_dags/example_short_circuit_operator.py took 0.086 seconds
[2024-02-25T18:19:25.043+0000] {processor.py:161} INFO - Started process (PID=6950) to work on /home/airflow/.local/lib/python3.8/site-packages/airflow/example_dags/example_short_circuit_operator.py
[2024-02-25T18:19:25.045+0000] {processor.py:830} INFO - Processing file /home/airflow/.local/lib/python3.8/site-packages/airflow/example_dags/example_short_circuit_operator.py for tasks to queue
[2024-02-25T18:19:25.046+0000] {logging_mixin.py:188} INFO - [2024-02-25T18:19:25.046+0000] {dagbag.py:538} INFO - Filling up the DagBag from /home/airflow/.local/lib/python3.8/site-packages/airflow/example_dags/example_short_circuit_operator.py
[2024-02-25T18:19:25.054+0000] {processor.py:840} INFO - DAG(s) 'example_short_circuit_operator' retrieved from /home/airflow/.local/lib/python3.8/site-packages/airflow/example_dags/example_short_circuit_operator.py
[2024-02-25T18:19:25.097+0000] {logging_mixin.py:188} INFO - [2024-02-25T18:19:25.097+0000] {dag.py:3036} INFO - Sync 1 DAGs
[2024-02-25T18:19:25.139+0000] {logging_mixin.py:188} INFO - [2024-02-25T18:19:25.139+0000] {dag.py:3823} INFO - Setting next_dagrun for example_short_circuit_operator to 2024-02-24 00:00:00+00:00, run_after=2024-02-25 00:00:00+00:00
[2024-02-25T18:19:25.237+0000] {processor.py:183} INFO - Processing /home/airflow/.local/lib/python3.8/site-packages/airflow/example_dags/example_short_circuit_operator.py took 0.198 seconds
[2024-02-25T18:19:55.667+0000] {processor.py:161} INFO - Started process (PID=7012) to work on /home/airflow/.local/lib/python3.8/site-packages/airflow/example_dags/example_short_circuit_operator.py
[2024-02-25T18:19:55.669+0000] {processor.py:830} INFO - Processing file /home/airflow/.local/lib/python3.8/site-packages/airflow/example_dags/example_short_circuit_operator.py for tasks to queue
[2024-02-25T18:19:55.670+0000] {logging_mixin.py:188} INFO - [2024-02-25T18:19:55.669+0000] {dagbag.py:538} INFO - Filling up the DagBag from /home/airflow/.local/lib/python3.8/site-packages/airflow/example_dags/example_short_circuit_operator.py
[2024-02-25T18:19:55.678+0000] {processor.py:840} INFO - DAG(s) 'example_short_circuit_operator' retrieved from /home/airflow/.local/lib/python3.8/site-packages/airflow/example_dags/example_short_circuit_operator.py
[2024-02-25T18:19:55.706+0000] {logging_mixin.py:188} INFO - [2024-02-25T18:19:55.705+0000] {dag.py:3036} INFO - Sync 1 DAGs
[2024-02-25T18:19:55.730+0000] {logging_mixin.py:188} INFO - [2024-02-25T18:19:55.730+0000] {dag.py:3823} INFO - Setting next_dagrun for example_short_circuit_operator to 2024-02-24 00:00:00+00:00, run_after=2024-02-25 00:00:00+00:00
[2024-02-25T18:19:55.753+0000] {processor.py:183} INFO - Processing /home/airflow/.local/lib/python3.8/site-packages/airflow/example_dags/example_short_circuit_operator.py took 0.090 seconds
[2024-02-25T18:20:26.737+0000] {processor.py:161} INFO - Started process (PID=7075) to work on /home/airflow/.local/lib/python3.8/site-packages/airflow/example_dags/example_short_circuit_operator.py
[2024-02-25T18:20:26.739+0000] {processor.py:830} INFO - Processing file /home/airflow/.local/lib/python3.8/site-packages/airflow/example_dags/example_short_circuit_operator.py for tasks to queue
[2024-02-25T18:20:26.740+0000] {logging_mixin.py:188} INFO - [2024-02-25T18:20:26.739+0000] {dagbag.py:538} INFO - Filling up the DagBag from /home/airflow/.local/lib/python3.8/site-packages/airflow/example_dags/example_short_circuit_operator.py
[2024-02-25T18:20:26.749+0000] {processor.py:840} INFO - DAG(s) 'example_short_circuit_operator' retrieved from /home/airflow/.local/lib/python3.8/site-packages/airflow/example_dags/example_short_circuit_operator.py
[2024-02-25T18:20:26.788+0000] {logging_mixin.py:188} INFO - [2024-02-25T18:20:26.788+0000] {dag.py:3036} INFO - Sync 1 DAGs
[2024-02-25T18:20:26.819+0000] {logging_mixin.py:188} INFO - [2024-02-25T18:20:26.819+0000] {dag.py:3823} INFO - Setting next_dagrun for example_short_circuit_operator to 2024-02-24 00:00:00+00:00, run_after=2024-02-25 00:00:00+00:00
[2024-02-25T18:20:26.866+0000] {processor.py:183} INFO - Processing /home/airflow/.local/lib/python3.8/site-packages/airflow/example_dags/example_short_circuit_operator.py took 0.137 seconds
[2024-02-25T18:20:57.534+0000] {processor.py:161} INFO - Started process (PID=7138) to work on /home/airflow/.local/lib/python3.8/site-packages/airflow/example_dags/example_short_circuit_operator.py
[2024-02-25T18:20:57.535+0000] {processor.py:830} INFO - Processing file /home/airflow/.local/lib/python3.8/site-packages/airflow/example_dags/example_short_circuit_operator.py for tasks to queue
[2024-02-25T18:20:57.536+0000] {logging_mixin.py:188} INFO - [2024-02-25T18:20:57.536+0000] {dagbag.py:538} INFO - Filling up the DagBag from /home/airflow/.local/lib/python3.8/site-packages/airflow/example_dags/example_short_circuit_operator.py
[2024-02-25T18:20:57.545+0000] {processor.py:840} INFO - DAG(s) 'example_short_circuit_operator' retrieved from /home/airflow/.local/lib/python3.8/site-packages/airflow/example_dags/example_short_circuit_operator.py
[2024-02-25T18:20:57.575+0000] {logging_mixin.py:188} INFO - [2024-02-25T18:20:57.575+0000] {dag.py:3036} INFO - Sync 1 DAGs
[2024-02-25T18:20:57.605+0000] {logging_mixin.py:188} INFO - [2024-02-25T18:20:57.605+0000] {dag.py:3823} INFO - Setting next_dagrun for example_short_circuit_operator to 2024-02-24 00:00:00+00:00, run_after=2024-02-25 00:00:00+00:00
[2024-02-25T18:20:57.673+0000] {processor.py:183} INFO - Processing /home/airflow/.local/lib/python3.8/site-packages/airflow/example_dags/example_short_circuit_operator.py took 0.143 seconds
[2024-02-25T18:21:28.430+0000] {processor.py:161} INFO - Started process (PID=7208) to work on /home/airflow/.local/lib/python3.8/site-packages/airflow/example_dags/example_short_circuit_operator.py
[2024-02-25T18:21:28.432+0000] {processor.py:830} INFO - Processing file /home/airflow/.local/lib/python3.8/site-packages/airflow/example_dags/example_short_circuit_operator.py for tasks to queue
[2024-02-25T18:21:28.433+0000] {logging_mixin.py:188} INFO - [2024-02-25T18:21:28.432+0000] {dagbag.py:538} INFO - Filling up the DagBag from /home/airflow/.local/lib/python3.8/site-packages/airflow/example_dags/example_short_circuit_operator.py
[2024-02-25T18:21:28.440+0000] {processor.py:840} INFO - DAG(s) 'example_short_circuit_operator' retrieved from /home/airflow/.local/lib/python3.8/site-packages/airflow/example_dags/example_short_circuit_operator.py
[2024-02-25T18:21:28.467+0000] {logging_mixin.py:188} INFO - [2024-02-25T18:21:28.467+0000] {dag.py:3036} INFO - Sync 1 DAGs
[2024-02-25T18:21:28.490+0000] {logging_mixin.py:188} INFO - [2024-02-25T18:21:28.489+0000] {dag.py:3823} INFO - Setting next_dagrun for example_short_circuit_operator to 2024-02-24 00:00:00+00:00, run_after=2024-02-25 00:00:00+00:00
[2024-02-25T18:21:28.511+0000] {processor.py:183} INFO - Processing /home/airflow/.local/lib/python3.8/site-packages/airflow/example_dags/example_short_circuit_operator.py took 0.085 seconds
[2024-02-25T18:21:58.827+0000] {processor.py:161} INFO - Started process (PID=7271) to work on /home/airflow/.local/lib/python3.8/site-packages/airflow/example_dags/example_short_circuit_operator.py
[2024-02-25T18:21:58.828+0000] {processor.py:830} INFO - Processing file /home/airflow/.local/lib/python3.8/site-packages/airflow/example_dags/example_short_circuit_operator.py for tasks to queue
[2024-02-25T18:21:58.829+0000] {logging_mixin.py:188} INFO - [2024-02-25T18:21:58.829+0000] {dagbag.py:538} INFO - Filling up the DagBag from /home/airflow/.local/lib/python3.8/site-packages/airflow/example_dags/example_short_circuit_operator.py
[2024-02-25T18:21:58.837+0000] {processor.py:840} INFO - DAG(s) 'example_short_circuit_operator' retrieved from /home/airflow/.local/lib/python3.8/site-packages/airflow/example_dags/example_short_circuit_operator.py
[2024-02-25T18:21:58.864+0000] {logging_mixin.py:188} INFO - [2024-02-25T18:21:58.864+0000] {dag.py:3036} INFO - Sync 1 DAGs
[2024-02-25T18:21:58.888+0000] {logging_mixin.py:188} INFO - [2024-02-25T18:21:58.888+0000] {dag.py:3823} INFO - Setting next_dagrun for example_short_circuit_operator to 2024-02-24 00:00:00+00:00, run_after=2024-02-25 00:00:00+00:00
[2024-02-25T18:21:58.912+0000] {processor.py:183} INFO - Processing /home/airflow/.local/lib/python3.8/site-packages/airflow/example_dags/example_short_circuit_operator.py took 0.089 seconds
[2024-02-25T18:22:28.976+0000] {processor.py:161} INFO - Started process (PID=7332) to work on /home/airflow/.local/lib/python3.8/site-packages/airflow/example_dags/example_short_circuit_operator.py
[2024-02-25T18:22:28.978+0000] {processor.py:830} INFO - Processing file /home/airflow/.local/lib/python3.8/site-packages/airflow/example_dags/example_short_circuit_operator.py for tasks to queue
[2024-02-25T18:22:28.979+0000] {logging_mixin.py:188} INFO - [2024-02-25T18:22:28.979+0000] {dagbag.py:538} INFO - Filling up the DagBag from /home/airflow/.local/lib/python3.8/site-packages/airflow/example_dags/example_short_circuit_operator.py
[2024-02-25T18:22:28.987+0000] {processor.py:840} INFO - DAG(s) 'example_short_circuit_operator' retrieved from /home/airflow/.local/lib/python3.8/site-packages/airflow/example_dags/example_short_circuit_operator.py
[2024-02-25T18:22:29.012+0000] {logging_mixin.py:188} INFO - [2024-02-25T18:22:29.012+0000] {dag.py:3036} INFO - Sync 1 DAGs
[2024-02-25T18:22:29.034+0000] {logging_mixin.py:188} INFO - [2024-02-25T18:22:29.034+0000] {dag.py:3823} INFO - Setting next_dagrun for example_short_circuit_operator to 2024-02-24 00:00:00+00:00, run_after=2024-02-25 00:00:00+00:00
[2024-02-25T18:22:29.055+0000] {processor.py:183} INFO - Processing /home/airflow/.local/lib/python3.8/site-packages/airflow/example_dags/example_short_circuit_operator.py took 0.082 seconds
[2024-02-25T18:22:59.250+0000] {processor.py:161} INFO - Started process (PID=7395) to work on /home/airflow/.local/lib/python3.8/site-packages/airflow/example_dags/example_short_circuit_operator.py
[2024-02-25T18:22:59.251+0000] {processor.py:830} INFO - Processing file /home/airflow/.local/lib/python3.8/site-packages/airflow/example_dags/example_short_circuit_operator.py for tasks to queue
[2024-02-25T18:22:59.253+0000] {logging_mixin.py:188} INFO - [2024-02-25T18:22:59.252+0000] {dagbag.py:538} INFO - Filling up the DagBag from /home/airflow/.local/lib/python3.8/site-packages/airflow/example_dags/example_short_circuit_operator.py
[2024-02-25T18:22:59.261+0000] {processor.py:840} INFO - DAG(s) 'example_short_circuit_operator' retrieved from /home/airflow/.local/lib/python3.8/site-packages/airflow/example_dags/example_short_circuit_operator.py
[2024-02-25T18:22:59.288+0000] {logging_mixin.py:188} INFO - [2024-02-25T18:22:59.288+0000] {dag.py:3036} INFO - Sync 1 DAGs
[2024-02-25T18:22:59.313+0000] {logging_mixin.py:188} INFO - [2024-02-25T18:22:59.312+0000] {dag.py:3823} INFO - Setting next_dagrun for example_short_circuit_operator to 2024-02-24 00:00:00+00:00, run_after=2024-02-25 00:00:00+00:00
[2024-02-25T18:22:59.336+0000] {processor.py:183} INFO - Processing /home/airflow/.local/lib/python3.8/site-packages/airflow/example_dags/example_short_circuit_operator.py took 0.090 seconds
[2024-02-25T18:23:30.144+0000] {processor.py:161} INFO - Started process (PID=7458) to work on /home/airflow/.local/lib/python3.8/site-packages/airflow/example_dags/example_short_circuit_operator.py
[2024-02-25T18:23:30.145+0000] {processor.py:830} INFO - Processing file /home/airflow/.local/lib/python3.8/site-packages/airflow/example_dags/example_short_circuit_operator.py for tasks to queue
[2024-02-25T18:23:30.146+0000] {logging_mixin.py:188} INFO - [2024-02-25T18:23:30.146+0000] {dagbag.py:538} INFO - Filling up the DagBag from /home/airflow/.local/lib/python3.8/site-packages/airflow/example_dags/example_short_circuit_operator.py
[2024-02-25T18:23:30.155+0000] {processor.py:840} INFO - DAG(s) 'example_short_circuit_operator' retrieved from /home/airflow/.local/lib/python3.8/site-packages/airflow/example_dags/example_short_circuit_operator.py
[2024-02-25T18:23:30.186+0000] {logging_mixin.py:188} INFO - [2024-02-25T18:23:30.186+0000] {dag.py:3036} INFO - Sync 1 DAGs
[2024-02-25T18:23:30.221+0000] {logging_mixin.py:188} INFO - [2024-02-25T18:23:30.221+0000] {dag.py:3823} INFO - Setting next_dagrun for example_short_circuit_operator to 2024-02-24 00:00:00+00:00, run_after=2024-02-25 00:00:00+00:00
[2024-02-25T18:23:30.248+0000] {processor.py:183} INFO - Processing /home/airflow/.local/lib/python3.8/site-packages/airflow/example_dags/example_short_circuit_operator.py took 0.109 seconds
[2024-02-25T18:24:00.492+0000] {processor.py:161} INFO - Started process (PID=7515) to work on /home/airflow/.local/lib/python3.8/site-packages/airflow/example_dags/example_short_circuit_operator.py
[2024-02-25T18:24:00.494+0000] {processor.py:830} INFO - Processing file /home/airflow/.local/lib/python3.8/site-packages/airflow/example_dags/example_short_circuit_operator.py for tasks to queue
[2024-02-25T18:24:00.495+0000] {logging_mixin.py:188} INFO - [2024-02-25T18:24:00.495+0000] {dagbag.py:538} INFO - Filling up the DagBag from /home/airflow/.local/lib/python3.8/site-packages/airflow/example_dags/example_short_circuit_operator.py
[2024-02-25T18:24:00.503+0000] {processor.py:840} INFO - DAG(s) 'example_short_circuit_operator' retrieved from /home/airflow/.local/lib/python3.8/site-packages/airflow/example_dags/example_short_circuit_operator.py
[2024-02-25T18:24:00.535+0000] {logging_mixin.py:188} INFO - [2024-02-25T18:24:00.534+0000] {dag.py:3036} INFO - Sync 1 DAGs
[2024-02-25T18:24:00.559+0000] {logging_mixin.py:188} INFO - [2024-02-25T18:24:00.559+0000] {dag.py:3823} INFO - Setting next_dagrun for example_short_circuit_operator to 2024-02-24 00:00:00+00:00, run_after=2024-02-25 00:00:00+00:00
[2024-02-25T18:24:00.584+0000] {processor.py:183} INFO - Processing /home/airflow/.local/lib/python3.8/site-packages/airflow/example_dags/example_short_circuit_operator.py took 0.096 seconds
[2024-02-25T18:24:30.775+0000] {processor.py:161} INFO - Started process (PID=7578) to work on /home/airflow/.local/lib/python3.8/site-packages/airflow/example_dags/example_short_circuit_operator.py
[2024-02-25T18:24:30.777+0000] {processor.py:830} INFO - Processing file /home/airflow/.local/lib/python3.8/site-packages/airflow/example_dags/example_short_circuit_operator.py for tasks to queue
[2024-02-25T18:24:30.778+0000] {logging_mixin.py:188} INFO - [2024-02-25T18:24:30.778+0000] {dagbag.py:538} INFO - Filling up the DagBag from /home/airflow/.local/lib/python3.8/site-packages/airflow/example_dags/example_short_circuit_operator.py
[2024-02-25T18:24:30.786+0000] {processor.py:840} INFO - DAG(s) 'example_short_circuit_operator' retrieved from /home/airflow/.local/lib/python3.8/site-packages/airflow/example_dags/example_short_circuit_operator.py
[2024-02-25T18:24:30.816+0000] {logging_mixin.py:188} INFO - [2024-02-25T18:24:30.816+0000] {dag.py:3036} INFO - Sync 1 DAGs
[2024-02-25T18:24:30.855+0000] {logging_mixin.py:188} INFO - [2024-02-25T18:24:30.854+0000] {dag.py:3823} INFO - Setting next_dagrun for example_short_circuit_operator to 2024-02-24 00:00:00+00:00, run_after=2024-02-25 00:00:00+00:00
[2024-02-25T18:24:30.890+0000] {processor.py:183} INFO - Processing /home/airflow/.local/lib/python3.8/site-packages/airflow/example_dags/example_short_circuit_operator.py took 0.118 seconds
[2024-02-25T18:25:01.451+0000] {processor.py:161} INFO - Started process (PID=7641) to work on /home/airflow/.local/lib/python3.8/site-packages/airflow/example_dags/example_short_circuit_operator.py
[2024-02-25T18:25:01.452+0000] {processor.py:830} INFO - Processing file /home/airflow/.local/lib/python3.8/site-packages/airflow/example_dags/example_short_circuit_operator.py for tasks to queue
[2024-02-25T18:25:01.453+0000] {logging_mixin.py:188} INFO - [2024-02-25T18:25:01.453+0000] {dagbag.py:538} INFO - Filling up the DagBag from /home/airflow/.local/lib/python3.8/site-packages/airflow/example_dags/example_short_circuit_operator.py
[2024-02-25T18:25:01.461+0000] {processor.py:840} INFO - DAG(s) 'example_short_circuit_operator' retrieved from /home/airflow/.local/lib/python3.8/site-packages/airflow/example_dags/example_short_circuit_operator.py
[2024-02-25T18:25:01.487+0000] {logging_mixin.py:188} INFO - [2024-02-25T18:25:01.487+0000] {dag.py:3036} INFO - Sync 1 DAGs
[2024-02-25T18:25:01.508+0000] {logging_mixin.py:188} INFO - [2024-02-25T18:25:01.508+0000] {dag.py:3823} INFO - Setting next_dagrun for example_short_circuit_operator to 2024-02-24 00:00:00+00:00, run_after=2024-02-25 00:00:00+00:00
[2024-02-25T18:25:01.529+0000] {processor.py:183} INFO - Processing /home/airflow/.local/lib/python3.8/site-packages/airflow/example_dags/example_short_circuit_operator.py took 0.081 seconds
[2024-02-25T18:25:32.980+0000] {processor.py:161} INFO - Started process (PID=7704) to work on /home/airflow/.local/lib/python3.8/site-packages/airflow/example_dags/example_short_circuit_operator.py
[2024-02-25T18:25:32.982+0000] {processor.py:830} INFO - Processing file /home/airflow/.local/lib/python3.8/site-packages/airflow/example_dags/example_short_circuit_operator.py for tasks to queue
[2024-02-25T18:25:32.983+0000] {logging_mixin.py:188} INFO - [2024-02-25T18:25:32.983+0000] {dagbag.py:538} INFO - Filling up the DagBag from /home/airflow/.local/lib/python3.8/site-packages/airflow/example_dags/example_short_circuit_operator.py
[2024-02-25T18:25:32.992+0000] {processor.py:840} INFO - DAG(s) 'example_short_circuit_operator' retrieved from /home/airflow/.local/lib/python3.8/site-packages/airflow/example_dags/example_short_circuit_operator.py
[2024-02-25T18:25:33.022+0000] {logging_mixin.py:188} INFO - [2024-02-25T18:25:33.021+0000] {dag.py:3036} INFO - Sync 1 DAGs
[2024-02-25T18:25:33.061+0000] {logging_mixin.py:188} INFO - [2024-02-25T18:25:33.060+0000] {dag.py:3823} INFO - Setting next_dagrun for example_short_circuit_operator to 2024-02-24 00:00:00+00:00, run_after=2024-02-25 00:00:00+00:00
[2024-02-25T18:25:33.090+0000] {processor.py:183} INFO - Processing /home/airflow/.local/lib/python3.8/site-packages/airflow/example_dags/example_short_circuit_operator.py took 0.114 seconds
[2024-02-25T18:26:04.505+0000] {processor.py:161} INFO - Started process (PID=7767) to work on /home/airflow/.local/lib/python3.8/site-packages/airflow/example_dags/example_short_circuit_operator.py
[2024-02-25T18:26:04.506+0000] {processor.py:830} INFO - Processing file /home/airflow/.local/lib/python3.8/site-packages/airflow/example_dags/example_short_circuit_operator.py for tasks to queue
[2024-02-25T18:26:04.507+0000] {logging_mixin.py:188} INFO - [2024-02-25T18:26:04.507+0000] {dagbag.py:538} INFO - Filling up the DagBag from /home/airflow/.local/lib/python3.8/site-packages/airflow/example_dags/example_short_circuit_operator.py
[2024-02-25T18:26:04.515+0000] {processor.py:840} INFO - DAG(s) 'example_short_circuit_operator' retrieved from /home/airflow/.local/lib/python3.8/site-packages/airflow/example_dags/example_short_circuit_operator.py
[2024-02-25T18:26:04.542+0000] {logging_mixin.py:188} INFO - [2024-02-25T18:26:04.542+0000] {dag.py:3036} INFO - Sync 1 DAGs
[2024-02-25T18:26:04.563+0000] {logging_mixin.py:188} INFO - [2024-02-25T18:26:04.563+0000] {dag.py:3823} INFO - Setting next_dagrun for example_short_circuit_operator to 2024-02-24 00:00:00+00:00, run_after=2024-02-25 00:00:00+00:00
[2024-02-25T18:26:04.585+0000] {processor.py:183} INFO - Processing /home/airflow/.local/lib/python3.8/site-packages/airflow/example_dags/example_short_circuit_operator.py took 0.084 seconds
[2024-02-25T18:26:35.228+0000] {processor.py:161} INFO - Started process (PID=7830) to work on /home/airflow/.local/lib/python3.8/site-packages/airflow/example_dags/example_short_circuit_operator.py
[2024-02-25T18:26:35.229+0000] {processor.py:830} INFO - Processing file /home/airflow/.local/lib/python3.8/site-packages/airflow/example_dags/example_short_circuit_operator.py for tasks to queue
[2024-02-25T18:26:35.230+0000] {logging_mixin.py:188} INFO - [2024-02-25T18:26:35.230+0000] {dagbag.py:538} INFO - Filling up the DagBag from /home/airflow/.local/lib/python3.8/site-packages/airflow/example_dags/example_short_circuit_operator.py
[2024-02-25T18:26:35.239+0000] {processor.py:840} INFO - DAG(s) 'example_short_circuit_operator' retrieved from /home/airflow/.local/lib/python3.8/site-packages/airflow/example_dags/example_short_circuit_operator.py
[2024-02-25T18:26:35.267+0000] {logging_mixin.py:188} INFO - [2024-02-25T18:26:35.267+0000] {dag.py:3036} INFO - Sync 1 DAGs
[2024-02-25T18:26:35.295+0000] {logging_mixin.py:188} INFO - [2024-02-25T18:26:35.294+0000] {dag.py:3823} INFO - Setting next_dagrun for example_short_circuit_operator to 2024-02-24 00:00:00+00:00, run_after=2024-02-25 00:00:00+00:00
[2024-02-25T18:26:35.320+0000] {processor.py:183} INFO - Processing /home/airflow/.local/lib/python3.8/site-packages/airflow/example_dags/example_short_circuit_operator.py took 0.096 seconds
[2024-02-25T18:27:06.022+0000] {processor.py:161} INFO - Started process (PID=7894) to work on /home/airflow/.local/lib/python3.8/site-packages/airflow/example_dags/example_short_circuit_operator.py
[2024-02-25T18:27:06.023+0000] {processor.py:830} INFO - Processing file /home/airflow/.local/lib/python3.8/site-packages/airflow/example_dags/example_short_circuit_operator.py for tasks to queue
[2024-02-25T18:27:06.025+0000] {logging_mixin.py:188} INFO - [2024-02-25T18:27:06.024+0000] {dagbag.py:538} INFO - Filling up the DagBag from /home/airflow/.local/lib/python3.8/site-packages/airflow/example_dags/example_short_circuit_operator.py
[2024-02-25T18:27:06.033+0000] {processor.py:840} INFO - DAG(s) 'example_short_circuit_operator' retrieved from /home/airflow/.local/lib/python3.8/site-packages/airflow/example_dags/example_short_circuit_operator.py
[2024-02-25T18:27:06.066+0000] {logging_mixin.py:188} INFO - [2024-02-25T18:27:06.066+0000] {dag.py:3036} INFO - Sync 1 DAGs
[2024-02-25T18:27:06.090+0000] {logging_mixin.py:188} INFO - [2024-02-25T18:27:06.090+0000] {dag.py:3823} INFO - Setting next_dagrun for example_short_circuit_operator to 2024-02-24 00:00:00+00:00, run_after=2024-02-25 00:00:00+00:00
[2024-02-25T18:27:06.113+0000] {processor.py:183} INFO - Processing /home/airflow/.local/lib/python3.8/site-packages/airflow/example_dags/example_short_circuit_operator.py took 0.095 seconds
[2024-02-25T18:27:37.181+0000] {processor.py:161} INFO - Started process (PID=7957) to work on /home/airflow/.local/lib/python3.8/site-packages/airflow/example_dags/example_short_circuit_operator.py
[2024-02-25T18:27:37.182+0000] {processor.py:830} INFO - Processing file /home/airflow/.local/lib/python3.8/site-packages/airflow/example_dags/example_short_circuit_operator.py for tasks to queue
[2024-02-25T18:27:37.183+0000] {logging_mixin.py:188} INFO - [2024-02-25T18:27:37.183+0000] {dagbag.py:538} INFO - Filling up the DagBag from /home/airflow/.local/lib/python3.8/site-packages/airflow/example_dags/example_short_circuit_operator.py
[2024-02-25T18:27:37.192+0000] {processor.py:840} INFO - DAG(s) 'example_short_circuit_operator' retrieved from /home/airflow/.local/lib/python3.8/site-packages/airflow/example_dags/example_short_circuit_operator.py
[2024-02-25T18:27:37.220+0000] {logging_mixin.py:188} INFO - [2024-02-25T18:27:37.219+0000] {dag.py:3036} INFO - Sync 1 DAGs
[2024-02-25T18:27:37.243+0000] {logging_mixin.py:188} INFO - [2024-02-25T18:27:37.243+0000] {dag.py:3823} INFO - Setting next_dagrun for example_short_circuit_operator to 2024-02-24 00:00:00+00:00, run_after=2024-02-25 00:00:00+00:00
[2024-02-25T18:27:37.266+0000] {processor.py:183} INFO - Processing /home/airflow/.local/lib/python3.8/site-packages/airflow/example_dags/example_short_circuit_operator.py took 0.089 seconds
[2024-02-25T18:28:08.034+0000] {processor.py:161} INFO - Started process (PID=8020) to work on /home/airflow/.local/lib/python3.8/site-packages/airflow/example_dags/example_short_circuit_operator.py
[2024-02-25T18:28:08.036+0000] {processor.py:830} INFO - Processing file /home/airflow/.local/lib/python3.8/site-packages/airflow/example_dags/example_short_circuit_operator.py for tasks to queue
[2024-02-25T18:28:08.037+0000] {logging_mixin.py:188} INFO - [2024-02-25T18:28:08.037+0000] {dagbag.py:538} INFO - Filling up the DagBag from /home/airflow/.local/lib/python3.8/site-packages/airflow/example_dags/example_short_circuit_operator.py
[2024-02-25T18:28:08.045+0000] {processor.py:840} INFO - DAG(s) 'example_short_circuit_operator' retrieved from /home/airflow/.local/lib/python3.8/site-packages/airflow/example_dags/example_short_circuit_operator.py
[2024-02-25T18:28:08.071+0000] {logging_mixin.py:188} INFO - [2024-02-25T18:28:08.070+0000] {dag.py:3036} INFO - Sync 1 DAGs
[2024-02-25T18:28:08.093+0000] {logging_mixin.py:188} INFO - [2024-02-25T18:28:08.093+0000] {dag.py:3823} INFO - Setting next_dagrun for example_short_circuit_operator to 2024-02-24 00:00:00+00:00, run_after=2024-02-25 00:00:00+00:00
[2024-02-25T18:28:08.118+0000] {processor.py:183} INFO - Processing /home/airflow/.local/lib/python3.8/site-packages/airflow/example_dags/example_short_circuit_operator.py took 0.087 seconds
[2024-02-25T18:28:38.948+0000] {processor.py:161} INFO - Started process (PID=8083) to work on /home/airflow/.local/lib/python3.8/site-packages/airflow/example_dags/example_short_circuit_operator.py
[2024-02-25T18:28:38.949+0000] {processor.py:830} INFO - Processing file /home/airflow/.local/lib/python3.8/site-packages/airflow/example_dags/example_short_circuit_operator.py for tasks to queue
[2024-02-25T18:28:38.950+0000] {logging_mixin.py:188} INFO - [2024-02-25T18:28:38.950+0000] {dagbag.py:538} INFO - Filling up the DagBag from /home/airflow/.local/lib/python3.8/site-packages/airflow/example_dags/example_short_circuit_operator.py
[2024-02-25T18:28:38.959+0000] {processor.py:840} INFO - DAG(s) 'example_short_circuit_operator' retrieved from /home/airflow/.local/lib/python3.8/site-packages/airflow/example_dags/example_short_circuit_operator.py
[2024-02-25T18:28:38.986+0000] {logging_mixin.py:188} INFO - [2024-02-25T18:28:38.986+0000] {dag.py:3036} INFO - Sync 1 DAGs
[2024-02-25T18:28:39.009+0000] {logging_mixin.py:188} INFO - [2024-02-25T18:28:39.008+0000] {dag.py:3823} INFO - Setting next_dagrun for example_short_circuit_operator to 2024-02-24 00:00:00+00:00, run_after=2024-02-25 00:00:00+00:00
[2024-02-25T18:28:39.030+0000] {processor.py:183} INFO - Processing /home/airflow/.local/lib/python3.8/site-packages/airflow/example_dags/example_short_circuit_operator.py took 0.085 seconds
[2024-02-25T18:29:09.738+0000] {processor.py:161} INFO - Started process (PID=8145) to work on /home/airflow/.local/lib/python3.8/site-packages/airflow/example_dags/example_short_circuit_operator.py
[2024-02-25T18:29:09.739+0000] {processor.py:830} INFO - Processing file /home/airflow/.local/lib/python3.8/site-packages/airflow/example_dags/example_short_circuit_operator.py for tasks to queue
[2024-02-25T18:29:09.740+0000] {logging_mixin.py:188} INFO - [2024-02-25T18:29:09.740+0000] {dagbag.py:538} INFO - Filling up the DagBag from /home/airflow/.local/lib/python3.8/site-packages/airflow/example_dags/example_short_circuit_operator.py
[2024-02-25T18:29:09.748+0000] {processor.py:840} INFO - DAG(s) 'example_short_circuit_operator' retrieved from /home/airflow/.local/lib/python3.8/site-packages/airflow/example_dags/example_short_circuit_operator.py
[2024-02-25T18:29:09.776+0000] {logging_mixin.py:188} INFO - [2024-02-25T18:29:09.775+0000] {dag.py:3036} INFO - Sync 1 DAGs
[2024-02-25T18:29:09.801+0000] {logging_mixin.py:188} INFO - [2024-02-25T18:29:09.800+0000] {dag.py:3823} INFO - Setting next_dagrun for example_short_circuit_operator to 2024-02-24 00:00:00+00:00, run_after=2024-02-25 00:00:00+00:00
[2024-02-25T18:29:09.824+0000] {processor.py:183} INFO - Processing /home/airflow/.local/lib/python3.8/site-packages/airflow/example_dags/example_short_circuit_operator.py took 0.091 seconds
[2024-02-25T18:29:40.492+0000] {processor.py:161} INFO - Started process (PID=8208) to work on /home/airflow/.local/lib/python3.8/site-packages/airflow/example_dags/example_short_circuit_operator.py
[2024-02-25T18:29:40.493+0000] {processor.py:830} INFO - Processing file /home/airflow/.local/lib/python3.8/site-packages/airflow/example_dags/example_short_circuit_operator.py for tasks to queue
[2024-02-25T18:29:40.495+0000] {logging_mixin.py:188} INFO - [2024-02-25T18:29:40.494+0000] {dagbag.py:538} INFO - Filling up the DagBag from /home/airflow/.local/lib/python3.8/site-packages/airflow/example_dags/example_short_circuit_operator.py
[2024-02-25T18:29:40.504+0000] {processor.py:840} INFO - DAG(s) 'example_short_circuit_operator' retrieved from /home/airflow/.local/lib/python3.8/site-packages/airflow/example_dags/example_short_circuit_operator.py
[2024-02-25T18:29:40.546+0000] {logging_mixin.py:188} INFO - [2024-02-25T18:29:40.546+0000] {dag.py:3036} INFO - Sync 1 DAGs
[2024-02-25T18:29:40.573+0000] {logging_mixin.py:188} INFO - [2024-02-25T18:29:40.573+0000] {dag.py:3823} INFO - Setting next_dagrun for example_short_circuit_operator to 2024-02-24 00:00:00+00:00, run_after=2024-02-25 00:00:00+00:00
[2024-02-25T18:29:40.607+0000] {processor.py:183} INFO - Processing /home/airflow/.local/lib/python3.8/site-packages/airflow/example_dags/example_short_circuit_operator.py took 0.119 seconds
[2024-02-25T18:30:11.189+0000] {processor.py:161} INFO - Started process (PID=8271) to work on /home/airflow/.local/lib/python3.8/site-packages/airflow/example_dags/example_short_circuit_operator.py
[2024-02-25T18:30:11.190+0000] {processor.py:830} INFO - Processing file /home/airflow/.local/lib/python3.8/site-packages/airflow/example_dags/example_short_circuit_operator.py for tasks to queue
[2024-02-25T18:30:11.191+0000] {logging_mixin.py:188} INFO - [2024-02-25T18:30:11.191+0000] {dagbag.py:538} INFO - Filling up the DagBag from /home/airflow/.local/lib/python3.8/site-packages/airflow/example_dags/example_short_circuit_operator.py
[2024-02-25T18:30:11.199+0000] {processor.py:840} INFO - DAG(s) 'example_short_circuit_operator' retrieved from /home/airflow/.local/lib/python3.8/site-packages/airflow/example_dags/example_short_circuit_operator.py
[2024-02-25T18:30:11.226+0000] {logging_mixin.py:188} INFO - [2024-02-25T18:30:11.226+0000] {dag.py:3036} INFO - Sync 1 DAGs
[2024-02-25T18:30:11.250+0000] {logging_mixin.py:188} INFO - [2024-02-25T18:30:11.250+0000] {dag.py:3823} INFO - Setting next_dagrun for example_short_circuit_operator to 2024-02-24 00:00:00+00:00, run_after=2024-02-25 00:00:00+00:00
[2024-02-25T18:30:11.274+0000] {processor.py:183} INFO - Processing /home/airflow/.local/lib/python3.8/site-packages/airflow/example_dags/example_short_circuit_operator.py took 0.089 seconds
[2024-02-25T18:30:42.336+0000] {processor.py:161} INFO - Started process (PID=8334) to work on /home/airflow/.local/lib/python3.8/site-packages/airflow/example_dags/example_short_circuit_operator.py
[2024-02-25T18:30:42.337+0000] {processor.py:830} INFO - Processing file /home/airflow/.local/lib/python3.8/site-packages/airflow/example_dags/example_short_circuit_operator.py for tasks to queue
[2024-02-25T18:30:42.339+0000] {logging_mixin.py:188} INFO - [2024-02-25T18:30:42.338+0000] {dagbag.py:538} INFO - Filling up the DagBag from /home/airflow/.local/lib/python3.8/site-packages/airflow/example_dags/example_short_circuit_operator.py
[2024-02-25T18:30:42.346+0000] {processor.py:840} INFO - DAG(s) 'example_short_circuit_operator' retrieved from /home/airflow/.local/lib/python3.8/site-packages/airflow/example_dags/example_short_circuit_operator.py
[2024-02-25T18:30:42.372+0000] {logging_mixin.py:188} INFO - [2024-02-25T18:30:42.372+0000] {dag.py:3036} INFO - Sync 1 DAGs
[2024-02-25T18:30:42.394+0000] {logging_mixin.py:188} INFO - [2024-02-25T18:30:42.393+0000] {dag.py:3823} INFO - Setting next_dagrun for example_short_circuit_operator to 2024-02-24 00:00:00+00:00, run_after=2024-02-25 00:00:00+00:00
[2024-02-25T18:30:42.418+0000] {processor.py:183} INFO - Processing /home/airflow/.local/lib/python3.8/site-packages/airflow/example_dags/example_short_circuit_operator.py took 0.086 seconds
[2024-02-25T18:31:13.174+0000] {processor.py:161} INFO - Started process (PID=8397) to work on /home/airflow/.local/lib/python3.8/site-packages/airflow/example_dags/example_short_circuit_operator.py
[2024-02-25T18:31:13.175+0000] {processor.py:830} INFO - Processing file /home/airflow/.local/lib/python3.8/site-packages/airflow/example_dags/example_short_circuit_operator.py for tasks to queue
[2024-02-25T18:31:13.176+0000] {logging_mixin.py:188} INFO - [2024-02-25T18:31:13.176+0000] {dagbag.py:538} INFO - Filling up the DagBag from /home/airflow/.local/lib/python3.8/site-packages/airflow/example_dags/example_short_circuit_operator.py
[2024-02-25T18:31:13.184+0000] {processor.py:840} INFO - DAG(s) 'example_short_circuit_operator' retrieved from /home/airflow/.local/lib/python3.8/site-packages/airflow/example_dags/example_short_circuit_operator.py
[2024-02-25T18:31:13.212+0000] {logging_mixin.py:188} INFO - [2024-02-25T18:31:13.211+0000] {dag.py:3036} INFO - Sync 1 DAGs
[2024-02-25T18:31:13.234+0000] {logging_mixin.py:188} INFO - [2024-02-25T18:31:13.234+0000] {dag.py:3823} INFO - Setting next_dagrun for example_short_circuit_operator to 2024-02-24 00:00:00+00:00, run_after=2024-02-25 00:00:00+00:00
[2024-02-25T18:31:13.257+0000] {processor.py:183} INFO - Processing /home/airflow/.local/lib/python3.8/site-packages/airflow/example_dags/example_short_circuit_operator.py took 0.087 seconds
[2024-02-25T18:31:43.664+0000] {processor.py:161} INFO - Started process (PID=8460) to work on /home/airflow/.local/lib/python3.8/site-packages/airflow/example_dags/example_short_circuit_operator.py
[2024-02-25T18:31:43.665+0000] {processor.py:830} INFO - Processing file /home/airflow/.local/lib/python3.8/site-packages/airflow/example_dags/example_short_circuit_operator.py for tasks to queue
[2024-02-25T18:31:43.667+0000] {logging_mixin.py:188} INFO - [2024-02-25T18:31:43.666+0000] {dagbag.py:538} INFO - Filling up the DagBag from /home/airflow/.local/lib/python3.8/site-packages/airflow/example_dags/example_short_circuit_operator.py
[2024-02-25T18:31:43.674+0000] {processor.py:840} INFO - DAG(s) 'example_short_circuit_operator' retrieved from /home/airflow/.local/lib/python3.8/site-packages/airflow/example_dags/example_short_circuit_operator.py
[2024-02-25T18:31:43.703+0000] {logging_mixin.py:188} INFO - [2024-02-25T18:31:43.702+0000] {dag.py:3036} INFO - Sync 1 DAGs
[2024-02-25T18:31:43.727+0000] {logging_mixin.py:188} INFO - [2024-02-25T18:31:43.726+0000] {dag.py:3823} INFO - Setting next_dagrun for example_short_circuit_operator to 2024-02-24 00:00:00+00:00, run_after=2024-02-25 00:00:00+00:00
[2024-02-25T18:31:43.749+0000] {processor.py:183} INFO - Processing /home/airflow/.local/lib/python3.8/site-packages/airflow/example_dags/example_short_circuit_operator.py took 0.089 seconds
[2024-02-25T18:32:14.719+0000] {processor.py:161} INFO - Started process (PID=8523) to work on /home/airflow/.local/lib/python3.8/site-packages/airflow/example_dags/example_short_circuit_operator.py
[2024-02-25T18:32:14.720+0000] {processor.py:830} INFO - Processing file /home/airflow/.local/lib/python3.8/site-packages/airflow/example_dags/example_short_circuit_operator.py for tasks to queue
[2024-02-25T18:32:14.721+0000] {logging_mixin.py:188} INFO - [2024-02-25T18:32:14.721+0000] {dagbag.py:538} INFO - Filling up the DagBag from /home/airflow/.local/lib/python3.8/site-packages/airflow/example_dags/example_short_circuit_operator.py
[2024-02-25T18:32:14.729+0000] {processor.py:840} INFO - DAG(s) 'example_short_circuit_operator' retrieved from /home/airflow/.local/lib/python3.8/site-packages/airflow/example_dags/example_short_circuit_operator.py
[2024-02-25T18:32:14.754+0000] {logging_mixin.py:188} INFO - [2024-02-25T18:32:14.754+0000] {dag.py:3036} INFO - Sync 1 DAGs
[2024-02-25T18:32:14.777+0000] {logging_mixin.py:188} INFO - [2024-02-25T18:32:14.777+0000] {dag.py:3823} INFO - Setting next_dagrun for example_short_circuit_operator to 2024-02-24 00:00:00+00:00, run_after=2024-02-25 00:00:00+00:00
[2024-02-25T18:32:14.800+0000] {processor.py:183} INFO - Processing /home/airflow/.local/lib/python3.8/site-packages/airflow/example_dags/example_short_circuit_operator.py took 0.085 seconds
[2024-02-25T18:32:45.398+0000] {processor.py:161} INFO - Started process (PID=8586) to work on /home/airflow/.local/lib/python3.8/site-packages/airflow/example_dags/example_short_circuit_operator.py
[2024-02-25T18:32:45.399+0000] {processor.py:830} INFO - Processing file /home/airflow/.local/lib/python3.8/site-packages/airflow/example_dags/example_short_circuit_operator.py for tasks to queue
[2024-02-25T18:32:45.400+0000] {logging_mixin.py:188} INFO - [2024-02-25T18:32:45.400+0000] {dagbag.py:538} INFO - Filling up the DagBag from /home/airflow/.local/lib/python3.8/site-packages/airflow/example_dags/example_short_circuit_operator.py
[2024-02-25T18:32:45.408+0000] {processor.py:840} INFO - DAG(s) 'example_short_circuit_operator' retrieved from /home/airflow/.local/lib/python3.8/site-packages/airflow/example_dags/example_short_circuit_operator.py
[2024-02-25T18:32:45.437+0000] {logging_mixin.py:188} INFO - [2024-02-25T18:32:45.437+0000] {dag.py:3036} INFO - Sync 1 DAGs
[2024-02-25T18:32:45.461+0000] {logging_mixin.py:188} INFO - [2024-02-25T18:32:45.461+0000] {dag.py:3823} INFO - Setting next_dagrun for example_short_circuit_operator to 2024-02-24 00:00:00+00:00, run_after=2024-02-25 00:00:00+00:00
[2024-02-25T18:32:45.486+0000] {processor.py:183} INFO - Processing /home/airflow/.local/lib/python3.8/site-packages/airflow/example_dags/example_short_circuit_operator.py took 0.093 seconds
[2024-02-25T18:33:16.551+0000] {processor.py:161} INFO - Started process (PID=8649) to work on /home/airflow/.local/lib/python3.8/site-packages/airflow/example_dags/example_short_circuit_operator.py
[2024-02-25T18:33:16.552+0000] {processor.py:830} INFO - Processing file /home/airflow/.local/lib/python3.8/site-packages/airflow/example_dags/example_short_circuit_operator.py for tasks to queue
[2024-02-25T18:33:16.553+0000] {logging_mixin.py:188} INFO - [2024-02-25T18:33:16.553+0000] {dagbag.py:538} INFO - Filling up the DagBag from /home/airflow/.local/lib/python3.8/site-packages/airflow/example_dags/example_short_circuit_operator.py
[2024-02-25T18:33:16.560+0000] {processor.py:840} INFO - DAG(s) 'example_short_circuit_operator' retrieved from /home/airflow/.local/lib/python3.8/site-packages/airflow/example_dags/example_short_circuit_operator.py
[2024-02-25T18:33:16.587+0000] {logging_mixin.py:188} INFO - [2024-02-25T18:33:16.587+0000] {dag.py:3036} INFO - Sync 1 DAGs
[2024-02-25T18:33:16.608+0000] {logging_mixin.py:188} INFO - [2024-02-25T18:33:16.607+0000] {dag.py:3823} INFO - Setting next_dagrun for example_short_circuit_operator to 2024-02-24 00:00:00+00:00, run_after=2024-02-25 00:00:00+00:00
[2024-02-25T18:33:16.628+0000] {processor.py:183} INFO - Processing /home/airflow/.local/lib/python3.8/site-packages/airflow/example_dags/example_short_circuit_operator.py took 0.081 seconds
[2024-02-25T18:33:47.621+0000] {processor.py:161} INFO - Started process (PID=8712) to work on /home/airflow/.local/lib/python3.8/site-packages/airflow/example_dags/example_short_circuit_operator.py
[2024-02-25T18:33:47.622+0000] {processor.py:830} INFO - Processing file /home/airflow/.local/lib/python3.8/site-packages/airflow/example_dags/example_short_circuit_operator.py for tasks to queue
[2024-02-25T18:33:47.623+0000] {logging_mixin.py:188} INFO - [2024-02-25T18:33:47.623+0000] {dagbag.py:538} INFO - Filling up the DagBag from /home/airflow/.local/lib/python3.8/site-packages/airflow/example_dags/example_short_circuit_operator.py
[2024-02-25T18:33:47.631+0000] {processor.py:840} INFO - DAG(s) 'example_short_circuit_operator' retrieved from /home/airflow/.local/lib/python3.8/site-packages/airflow/example_dags/example_short_circuit_operator.py
[2024-02-25T18:33:47.657+0000] {logging_mixin.py:188} INFO - [2024-02-25T18:33:47.657+0000] {dag.py:3036} INFO - Sync 1 DAGs
[2024-02-25T18:33:47.679+0000] {logging_mixin.py:188} INFO - [2024-02-25T18:33:47.678+0000] {dag.py:3823} INFO - Setting next_dagrun for example_short_circuit_operator to 2024-02-24 00:00:00+00:00, run_after=2024-02-25 00:00:00+00:00
[2024-02-25T18:33:47.703+0000] {processor.py:183} INFO - Processing /home/airflow/.local/lib/python3.8/site-packages/airflow/example_dags/example_short_circuit_operator.py took 0.086 seconds
[2024-02-25T18:34:18.735+0000] {processor.py:161} INFO - Started process (PID=8775) to work on /home/airflow/.local/lib/python3.8/site-packages/airflow/example_dags/example_short_circuit_operator.py
[2024-02-25T18:34:18.737+0000] {processor.py:830} INFO - Processing file /home/airflow/.local/lib/python3.8/site-packages/airflow/example_dags/example_short_circuit_operator.py for tasks to queue
[2024-02-25T18:34:18.738+0000] {logging_mixin.py:188} INFO - [2024-02-25T18:34:18.737+0000] {dagbag.py:538} INFO - Filling up the DagBag from /home/airflow/.local/lib/python3.8/site-packages/airflow/example_dags/example_short_circuit_operator.py
[2024-02-25T18:34:18.746+0000] {processor.py:840} INFO - DAG(s) 'example_short_circuit_operator' retrieved from /home/airflow/.local/lib/python3.8/site-packages/airflow/example_dags/example_short_circuit_operator.py
[2024-02-25T18:34:18.774+0000] {logging_mixin.py:188} INFO - [2024-02-25T18:34:18.773+0000] {dag.py:3036} INFO - Sync 1 DAGs
[2024-02-25T18:34:18.798+0000] {logging_mixin.py:188} INFO - [2024-02-25T18:34:18.798+0000] {dag.py:3823} INFO - Setting next_dagrun for example_short_circuit_operator to 2024-02-24 00:00:00+00:00, run_after=2024-02-25 00:00:00+00:00
[2024-02-25T18:34:18.824+0000] {processor.py:183} INFO - Processing /home/airflow/.local/lib/python3.8/site-packages/airflow/example_dags/example_short_circuit_operator.py took 0.093 seconds
[2024-02-25T18:34:49.784+0000] {processor.py:161} INFO - Started process (PID=8838) to work on /home/airflow/.local/lib/python3.8/site-packages/airflow/example_dags/example_short_circuit_operator.py
[2024-02-25T18:34:49.785+0000] {processor.py:830} INFO - Processing file /home/airflow/.local/lib/python3.8/site-packages/airflow/example_dags/example_short_circuit_operator.py for tasks to queue
[2024-02-25T18:34:49.786+0000] {logging_mixin.py:188} INFO - [2024-02-25T18:34:49.786+0000] {dagbag.py:538} INFO - Filling up the DagBag from /home/airflow/.local/lib/python3.8/site-packages/airflow/example_dags/example_short_circuit_operator.py
[2024-02-25T18:34:49.794+0000] {processor.py:840} INFO - DAG(s) 'example_short_circuit_operator' retrieved from /home/airflow/.local/lib/python3.8/site-packages/airflow/example_dags/example_short_circuit_operator.py
[2024-02-25T18:34:49.821+0000] {logging_mixin.py:188} INFO - [2024-02-25T18:34:49.820+0000] {dag.py:3036} INFO - Sync 1 DAGs
[2024-02-25T18:34:49.842+0000] {logging_mixin.py:188} INFO - [2024-02-25T18:34:49.842+0000] {dag.py:3823} INFO - Setting next_dagrun for example_short_circuit_operator to 2024-02-24 00:00:00+00:00, run_after=2024-02-25 00:00:00+00:00
[2024-02-25T18:34:49.864+0000] {processor.py:183} INFO - Processing /home/airflow/.local/lib/python3.8/site-packages/airflow/example_dags/example_short_circuit_operator.py took 0.083 seconds
[2024-02-25T18:35:21.006+0000] {processor.py:161} INFO - Started process (PID=8901) to work on /home/airflow/.local/lib/python3.8/site-packages/airflow/example_dags/example_short_circuit_operator.py
[2024-02-25T18:35:21.007+0000] {processor.py:830} INFO - Processing file /home/airflow/.local/lib/python3.8/site-packages/airflow/example_dags/example_short_circuit_operator.py for tasks to queue
[2024-02-25T18:35:21.008+0000] {logging_mixin.py:188} INFO - [2024-02-25T18:35:21.008+0000] {dagbag.py:538} INFO - Filling up the DagBag from /home/airflow/.local/lib/python3.8/site-packages/airflow/example_dags/example_short_circuit_operator.py
[2024-02-25T18:35:21.017+0000] {processor.py:840} INFO - DAG(s) 'example_short_circuit_operator' retrieved from /home/airflow/.local/lib/python3.8/site-packages/airflow/example_dags/example_short_circuit_operator.py
[2024-02-25T18:35:21.048+0000] {logging_mixin.py:188} INFO - [2024-02-25T18:35:21.048+0000] {dag.py:3036} INFO - Sync 1 DAGs
[2024-02-25T18:35:21.075+0000] {logging_mixin.py:188} INFO - [2024-02-25T18:35:21.074+0000] {dag.py:3823} INFO - Setting next_dagrun for example_short_circuit_operator to 2024-02-24 00:00:00+00:00, run_after=2024-02-25 00:00:00+00:00
[2024-02-25T18:35:21.099+0000] {processor.py:183} INFO - Processing /home/airflow/.local/lib/python3.8/site-packages/airflow/example_dags/example_short_circuit_operator.py took 0.097 seconds
[2024-02-25T18:35:52.020+0000] {processor.py:161} INFO - Started process (PID=8965) to work on /home/airflow/.local/lib/python3.8/site-packages/airflow/example_dags/example_short_circuit_operator.py
[2024-02-25T18:35:52.022+0000] {processor.py:830} INFO - Processing file /home/airflow/.local/lib/python3.8/site-packages/airflow/example_dags/example_short_circuit_operator.py for tasks to queue
[2024-02-25T18:35:52.023+0000] {logging_mixin.py:188} INFO - [2024-02-25T18:35:52.023+0000] {dagbag.py:538} INFO - Filling up the DagBag from /home/airflow/.local/lib/python3.8/site-packages/airflow/example_dags/example_short_circuit_operator.py
[2024-02-25T18:35:52.031+0000] {processor.py:840} INFO - DAG(s) 'example_short_circuit_operator' retrieved from /home/airflow/.local/lib/python3.8/site-packages/airflow/example_dags/example_short_circuit_operator.py
[2024-02-25T18:35:52.058+0000] {logging_mixin.py:188} INFO - [2024-02-25T18:35:52.058+0000] {dag.py:3036} INFO - Sync 1 DAGs
[2024-02-25T18:35:52.080+0000] {logging_mixin.py:188} INFO - [2024-02-25T18:35:52.080+0000] {dag.py:3823} INFO - Setting next_dagrun for example_short_circuit_operator to 2024-02-24 00:00:00+00:00, run_after=2024-02-25 00:00:00+00:00
[2024-02-25T18:35:52.127+0000] {processor.py:183} INFO - Processing /home/airflow/.local/lib/python3.8/site-packages/airflow/example_dags/example_short_circuit_operator.py took 0.111 seconds
[2024-02-25T18:36:23.332+0000] {processor.py:161} INFO - Started process (PID=9029) to work on /home/airflow/.local/lib/python3.8/site-packages/airflow/example_dags/example_short_circuit_operator.py
[2024-02-25T18:36:23.333+0000] {processor.py:830} INFO - Processing file /home/airflow/.local/lib/python3.8/site-packages/airflow/example_dags/example_short_circuit_operator.py for tasks to queue
[2024-02-25T18:36:23.335+0000] {logging_mixin.py:188} INFO - [2024-02-25T18:36:23.335+0000] {dagbag.py:538} INFO - Filling up the DagBag from /home/airflow/.local/lib/python3.8/site-packages/airflow/example_dags/example_short_circuit_operator.py
[2024-02-25T18:36:23.343+0000] {processor.py:840} INFO - DAG(s) 'example_short_circuit_operator' retrieved from /home/airflow/.local/lib/python3.8/site-packages/airflow/example_dags/example_short_circuit_operator.py
[2024-02-25T18:36:23.369+0000] {logging_mixin.py:188} INFO - [2024-02-25T18:36:23.368+0000] {dag.py:3036} INFO - Sync 1 DAGs
[2024-02-25T18:36:23.393+0000] {logging_mixin.py:188} INFO - [2024-02-25T18:36:23.392+0000] {dag.py:3823} INFO - Setting next_dagrun for example_short_circuit_operator to 2024-02-24 00:00:00+00:00, run_after=2024-02-25 00:00:00+00:00
[2024-02-25T18:36:23.428+0000] {processor.py:183} INFO - Processing /home/airflow/.local/lib/python3.8/site-packages/airflow/example_dags/example_short_circuit_operator.py took 0.099 seconds
[2024-02-25T18:36:53.856+0000] {processor.py:161} INFO - Started process (PID=9092) to work on /home/airflow/.local/lib/python3.8/site-packages/airflow/example_dags/example_short_circuit_operator.py
[2024-02-25T18:36:53.859+0000] {processor.py:830} INFO - Processing file /home/airflow/.local/lib/python3.8/site-packages/airflow/example_dags/example_short_circuit_operator.py for tasks to queue
[2024-02-25T18:36:53.860+0000] {logging_mixin.py:188} INFO - [2024-02-25T18:36:53.860+0000] {dagbag.py:538} INFO - Filling up the DagBag from /home/airflow/.local/lib/python3.8/site-packages/airflow/example_dags/example_short_circuit_operator.py
[2024-02-25T18:36:53.868+0000] {processor.py:840} INFO - DAG(s) 'example_short_circuit_operator' retrieved from /home/airflow/.local/lib/python3.8/site-packages/airflow/example_dags/example_short_circuit_operator.py
[2024-02-25T18:36:53.896+0000] {logging_mixin.py:188} INFO - [2024-02-25T18:36:53.895+0000] {dag.py:3036} INFO - Sync 1 DAGs
[2024-02-25T18:36:53.918+0000] {logging_mixin.py:188} INFO - [2024-02-25T18:36:53.917+0000] {dag.py:3823} INFO - Setting next_dagrun for example_short_circuit_operator to 2024-02-24 00:00:00+00:00, run_after=2024-02-25 00:00:00+00:00
[2024-02-25T18:36:53.940+0000] {processor.py:183} INFO - Processing /home/airflow/.local/lib/python3.8/site-packages/airflow/example_dags/example_short_circuit_operator.py took 0.088 seconds
[2024-02-25T18:37:24.870+0000] {processor.py:161} INFO - Started process (PID=9155) to work on /home/airflow/.local/lib/python3.8/site-packages/airflow/example_dags/example_short_circuit_operator.py
[2024-02-25T18:37:24.872+0000] {processor.py:830} INFO - Processing file /home/airflow/.local/lib/python3.8/site-packages/airflow/example_dags/example_short_circuit_operator.py for tasks to queue
[2024-02-25T18:37:24.873+0000] {logging_mixin.py:188} INFO - [2024-02-25T18:37:24.872+0000] {dagbag.py:538} INFO - Filling up the DagBag from /home/airflow/.local/lib/python3.8/site-packages/airflow/example_dags/example_short_circuit_operator.py
[2024-02-25T18:37:24.880+0000] {processor.py:840} INFO - DAG(s) 'example_short_circuit_operator' retrieved from /home/airflow/.local/lib/python3.8/site-packages/airflow/example_dags/example_short_circuit_operator.py
[2024-02-25T18:37:24.906+0000] {logging_mixin.py:188} INFO - [2024-02-25T18:37:24.906+0000] {dag.py:3036} INFO - Sync 1 DAGs
[2024-02-25T18:37:24.928+0000] {logging_mixin.py:188} INFO - [2024-02-25T18:37:24.927+0000] {dag.py:3823} INFO - Setting next_dagrun for example_short_circuit_operator to 2024-02-24 00:00:00+00:00, run_after=2024-02-25 00:00:00+00:00
[2024-02-25T18:37:24.949+0000] {processor.py:183} INFO - Processing /home/airflow/.local/lib/python3.8/site-packages/airflow/example_dags/example_short_circuit_operator.py took 0.083 seconds
[2024-02-25T18:37:55.621+0000] {processor.py:161} INFO - Started process (PID=9218) to work on /home/airflow/.local/lib/python3.8/site-packages/airflow/example_dags/example_short_circuit_operator.py
[2024-02-25T18:37:55.622+0000] {processor.py:830} INFO - Processing file /home/airflow/.local/lib/python3.8/site-packages/airflow/example_dags/example_short_circuit_operator.py for tasks to queue
[2024-02-25T18:37:55.623+0000] {logging_mixin.py:188} INFO - [2024-02-25T18:37:55.623+0000] {dagbag.py:538} INFO - Filling up the DagBag from /home/airflow/.local/lib/python3.8/site-packages/airflow/example_dags/example_short_circuit_operator.py
[2024-02-25T18:37:55.632+0000] {processor.py:840} INFO - DAG(s) 'example_short_circuit_operator' retrieved from /home/airflow/.local/lib/python3.8/site-packages/airflow/example_dags/example_short_circuit_operator.py
[2024-02-25T18:37:55.661+0000] {logging_mixin.py:188} INFO - [2024-02-25T18:37:55.660+0000] {dag.py:3036} INFO - Sync 1 DAGs
[2024-02-25T18:37:55.683+0000] {logging_mixin.py:188} INFO - [2024-02-25T18:37:55.683+0000] {dag.py:3823} INFO - Setting next_dagrun for example_short_circuit_operator to 2024-02-24 00:00:00+00:00, run_after=2024-02-25 00:00:00+00:00
[2024-02-25T18:37:55.708+0000] {processor.py:183} INFO - Processing /home/airflow/.local/lib/python3.8/site-packages/airflow/example_dags/example_short_circuit_operator.py took 0.091 seconds
[2024-02-25T18:38:26.443+0000] {processor.py:161} INFO - Started process (PID=9282) to work on /home/airflow/.local/lib/python3.8/site-packages/airflow/example_dags/example_short_circuit_operator.py
[2024-02-25T18:38:26.444+0000] {processor.py:830} INFO - Processing file /home/airflow/.local/lib/python3.8/site-packages/airflow/example_dags/example_short_circuit_operator.py for tasks to queue
[2024-02-25T18:38:26.445+0000] {logging_mixin.py:188} INFO - [2024-02-25T18:38:26.445+0000] {dagbag.py:538} INFO - Filling up the DagBag from /home/airflow/.local/lib/python3.8/site-packages/airflow/example_dags/example_short_circuit_operator.py
[2024-02-25T18:38:26.452+0000] {processor.py:840} INFO - DAG(s) 'example_short_circuit_operator' retrieved from /home/airflow/.local/lib/python3.8/site-packages/airflow/example_dags/example_short_circuit_operator.py
[2024-02-25T18:38:26.478+0000] {logging_mixin.py:188} INFO - [2024-02-25T18:38:26.478+0000] {dag.py:3036} INFO - Sync 1 DAGs
[2024-02-25T18:38:26.501+0000] {logging_mixin.py:188} INFO - [2024-02-25T18:38:26.500+0000] {dag.py:3823} INFO - Setting next_dagrun for example_short_circuit_operator to 2024-02-24 00:00:00+00:00, run_after=2024-02-25 00:00:00+00:00
[2024-02-25T18:38:26.523+0000] {processor.py:183} INFO - Processing /home/airflow/.local/lib/python3.8/site-packages/airflow/example_dags/example_short_circuit_operator.py took 0.084 seconds
[2024-02-25T18:38:57.434+0000] {processor.py:161} INFO - Started process (PID=9345) to work on /home/airflow/.local/lib/python3.8/site-packages/airflow/example_dags/example_short_circuit_operator.py
[2024-02-25T18:38:57.436+0000] {processor.py:830} INFO - Processing file /home/airflow/.local/lib/python3.8/site-packages/airflow/example_dags/example_short_circuit_operator.py for tasks to queue
[2024-02-25T18:38:57.437+0000] {logging_mixin.py:188} INFO - [2024-02-25T18:38:57.436+0000] {dagbag.py:538} INFO - Filling up the DagBag from /home/airflow/.local/lib/python3.8/site-packages/airflow/example_dags/example_short_circuit_operator.py
[2024-02-25T18:38:57.444+0000] {processor.py:840} INFO - DAG(s) 'example_short_circuit_operator' retrieved from /home/airflow/.local/lib/python3.8/site-packages/airflow/example_dags/example_short_circuit_operator.py
[2024-02-25T18:38:57.477+0000] {logging_mixin.py:188} INFO - [2024-02-25T18:38:57.477+0000] {dag.py:3036} INFO - Sync 1 DAGs
[2024-02-25T18:38:57.505+0000] {logging_mixin.py:188} INFO - [2024-02-25T18:38:57.504+0000] {dag.py:3823} INFO - Setting next_dagrun for example_short_circuit_operator to 2024-02-24 00:00:00+00:00, run_after=2024-02-25 00:00:00+00:00
[2024-02-25T18:38:57.528+0000] {processor.py:183} INFO - Processing /home/airflow/.local/lib/python3.8/site-packages/airflow/example_dags/example_short_circuit_operator.py took 0.098 seconds
[2024-02-25T18:39:28.165+0000] {processor.py:161} INFO - Started process (PID=9413) to work on /home/airflow/.local/lib/python3.8/site-packages/airflow/example_dags/example_short_circuit_operator.py
[2024-02-25T18:39:28.166+0000] {processor.py:830} INFO - Processing file /home/airflow/.local/lib/python3.8/site-packages/airflow/example_dags/example_short_circuit_operator.py for tasks to queue
[2024-02-25T18:39:28.168+0000] {logging_mixin.py:188} INFO - [2024-02-25T18:39:28.167+0000] {dagbag.py:538} INFO - Filling up the DagBag from /home/airflow/.local/lib/python3.8/site-packages/airflow/example_dags/example_short_circuit_operator.py
[2024-02-25T18:39:28.176+0000] {processor.py:840} INFO - DAG(s) 'example_short_circuit_operator' retrieved from /home/airflow/.local/lib/python3.8/site-packages/airflow/example_dags/example_short_circuit_operator.py
[2024-02-25T18:39:28.202+0000] {logging_mixin.py:188} INFO - [2024-02-25T18:39:28.202+0000] {dag.py:3036} INFO - Sync 1 DAGs
[2024-02-25T18:39:28.225+0000] {logging_mixin.py:188} INFO - [2024-02-25T18:39:28.225+0000] {dag.py:3823} INFO - Setting next_dagrun for example_short_circuit_operator to 2024-02-24 00:00:00+00:00, run_after=2024-02-25 00:00:00+00:00
[2024-02-25T18:39:28.249+0000] {processor.py:183} INFO - Processing /home/airflow/.local/lib/python3.8/site-packages/airflow/example_dags/example_short_circuit_operator.py took 0.088 seconds
[2024-02-25T18:39:58.985+0000] {processor.py:161} INFO - Started process (PID=9476) to work on /home/airflow/.local/lib/python3.8/site-packages/airflow/example_dags/example_short_circuit_operator.py
[2024-02-25T18:39:58.986+0000] {processor.py:830} INFO - Processing file /home/airflow/.local/lib/python3.8/site-packages/airflow/example_dags/example_short_circuit_operator.py for tasks to queue
[2024-02-25T18:39:58.988+0000] {logging_mixin.py:188} INFO - [2024-02-25T18:39:58.987+0000] {dagbag.py:538} INFO - Filling up the DagBag from /home/airflow/.local/lib/python3.8/site-packages/airflow/example_dags/example_short_circuit_operator.py
[2024-02-25T18:39:58.996+0000] {processor.py:840} INFO - DAG(s) 'example_short_circuit_operator' retrieved from /home/airflow/.local/lib/python3.8/site-packages/airflow/example_dags/example_short_circuit_operator.py
[2024-02-25T18:39:59.025+0000] {logging_mixin.py:188} INFO - [2024-02-25T18:39:59.024+0000] {dag.py:3036} INFO - Sync 1 DAGs
[2024-02-25T18:39:59.046+0000] {logging_mixin.py:188} INFO - [2024-02-25T18:39:59.046+0000] {dag.py:3823} INFO - Setting next_dagrun for example_short_circuit_operator to 2024-02-24 00:00:00+00:00, run_after=2024-02-25 00:00:00+00:00
[2024-02-25T18:39:59.075+0000] {processor.py:183} INFO - Processing /home/airflow/.local/lib/python3.8/site-packages/airflow/example_dags/example_short_circuit_operator.py took 0.095 seconds
[2024-02-25T20:59:44.474+0000] {processor.py:161} INFO - Started process (PID=9539) to work on /home/airflow/.local/lib/python3.8/site-packages/airflow/example_dags/example_short_circuit_operator.py
[2024-02-25T20:59:44.476+0000] {processor.py:830} INFO - Processing file /home/airflow/.local/lib/python3.8/site-packages/airflow/example_dags/example_short_circuit_operator.py for tasks to queue
[2024-02-25T20:59:44.477+0000] {logging_mixin.py:188} INFO - [2024-02-25T20:59:44.477+0000] {dagbag.py:538} INFO - Filling up the DagBag from /home/airflow/.local/lib/python3.8/site-packages/airflow/example_dags/example_short_circuit_operator.py
[2024-02-25T20:59:44.491+0000] {processor.py:840} INFO - DAG(s) 'example_short_circuit_operator' retrieved from /home/airflow/.local/lib/python3.8/site-packages/airflow/example_dags/example_short_circuit_operator.py
[2024-02-25T20:59:44.548+0000] {logging_mixin.py:188} INFO - [2024-02-25T20:59:44.548+0000] {dag.py:3036} INFO - Sync 1 DAGs
[2024-02-25T20:59:44.598+0000] {logging_mixin.py:188} INFO - [2024-02-25T20:59:44.597+0000] {dag.py:3823} INFO - Setting next_dagrun for example_short_circuit_operator to 2024-02-24 00:00:00+00:00, run_after=2024-02-25 00:00:00+00:00
[2024-02-25T20:59:44.660+0000] {processor.py:183} INFO - Processing /home/airflow/.local/lib/python3.8/site-packages/airflow/example_dags/example_short_circuit_operator.py took 0.201 seconds
[2024-02-25T21:00:15.127+0000] {processor.py:161} INFO - Started process (PID=9610) to work on /home/airflow/.local/lib/python3.8/site-packages/airflow/example_dags/example_short_circuit_operator.py
[2024-02-25T21:00:15.128+0000] {processor.py:830} INFO - Processing file /home/airflow/.local/lib/python3.8/site-packages/airflow/example_dags/example_short_circuit_operator.py for tasks to queue
[2024-02-25T21:00:15.129+0000] {logging_mixin.py:188} INFO - [2024-02-25T21:00:15.129+0000] {dagbag.py:538} INFO - Filling up the DagBag from /home/airflow/.local/lib/python3.8/site-packages/airflow/example_dags/example_short_circuit_operator.py
[2024-02-25T21:00:15.137+0000] {processor.py:840} INFO - DAG(s) 'example_short_circuit_operator' retrieved from /home/airflow/.local/lib/python3.8/site-packages/airflow/example_dags/example_short_circuit_operator.py
[2024-02-25T21:00:15.164+0000] {logging_mixin.py:188} INFO - [2024-02-25T21:00:15.164+0000] {dag.py:3036} INFO - Sync 1 DAGs
[2024-02-25T21:00:15.187+0000] {logging_mixin.py:188} INFO - [2024-02-25T21:00:15.186+0000] {dag.py:3823} INFO - Setting next_dagrun for example_short_circuit_operator to 2024-02-24 00:00:00+00:00, run_after=2024-02-25 00:00:00+00:00
[2024-02-25T21:00:15.208+0000] {processor.py:183} INFO - Processing /home/airflow/.local/lib/python3.8/site-packages/airflow/example_dags/example_short_circuit_operator.py took 0.085 seconds
[2024-02-25T21:00:45.693+0000] {processor.py:161} INFO - Started process (PID=9673) to work on /home/airflow/.local/lib/python3.8/site-packages/airflow/example_dags/example_short_circuit_operator.py
[2024-02-25T21:00:45.694+0000] {processor.py:830} INFO - Processing file /home/airflow/.local/lib/python3.8/site-packages/airflow/example_dags/example_short_circuit_operator.py for tasks to queue
[2024-02-25T21:00:45.695+0000] {logging_mixin.py:188} INFO - [2024-02-25T21:00:45.695+0000] {dagbag.py:538} INFO - Filling up the DagBag from /home/airflow/.local/lib/python3.8/site-packages/airflow/example_dags/example_short_circuit_operator.py
[2024-02-25T21:00:45.702+0000] {processor.py:840} INFO - DAG(s) 'example_short_circuit_operator' retrieved from /home/airflow/.local/lib/python3.8/site-packages/airflow/example_dags/example_short_circuit_operator.py
[2024-02-25T21:00:45.728+0000] {logging_mixin.py:188} INFO - [2024-02-25T21:00:45.728+0000] {dag.py:3036} INFO - Sync 1 DAGs
[2024-02-25T21:00:45.749+0000] {logging_mixin.py:188} INFO - [2024-02-25T21:00:45.749+0000] {dag.py:3823} INFO - Setting next_dagrun for example_short_circuit_operator to 2024-02-24 00:00:00+00:00, run_after=2024-02-25 00:00:00+00:00
[2024-02-25T21:00:45.770+0000] {processor.py:183} INFO - Processing /home/airflow/.local/lib/python3.8/site-packages/airflow/example_dags/example_short_circuit_operator.py took 0.081 seconds
[2024-02-25T21:01:16.544+0000] {processor.py:161} INFO - Started process (PID=9736) to work on /home/airflow/.local/lib/python3.8/site-packages/airflow/example_dags/example_short_circuit_operator.py
[2024-02-25T21:01:16.545+0000] {processor.py:830} INFO - Processing file /home/airflow/.local/lib/python3.8/site-packages/airflow/example_dags/example_short_circuit_operator.py for tasks to queue
[2024-02-25T21:01:16.546+0000] {logging_mixin.py:188} INFO - [2024-02-25T21:01:16.546+0000] {dagbag.py:538} INFO - Filling up the DagBag from /home/airflow/.local/lib/python3.8/site-packages/airflow/example_dags/example_short_circuit_operator.py
[2024-02-25T21:01:16.554+0000] {processor.py:840} INFO - DAG(s) 'example_short_circuit_operator' retrieved from /home/airflow/.local/lib/python3.8/site-packages/airflow/example_dags/example_short_circuit_operator.py
[2024-02-25T21:01:16.580+0000] {logging_mixin.py:188} INFO - [2024-02-25T21:01:16.580+0000] {dag.py:3036} INFO - Sync 1 DAGs
[2024-02-25T21:01:16.603+0000] {logging_mixin.py:188} INFO - [2024-02-25T21:01:16.602+0000] {dag.py:3823} INFO - Setting next_dagrun for example_short_circuit_operator to 2024-02-24 00:00:00+00:00, run_after=2024-02-25 00:00:00+00:00
[2024-02-25T21:01:16.624+0000] {processor.py:183} INFO - Processing /home/airflow/.local/lib/python3.8/site-packages/airflow/example_dags/example_short_circuit_operator.py took 0.084 seconds
[2024-02-25T21:01:47.068+0000] {processor.py:161} INFO - Started process (PID=9799) to work on /home/airflow/.local/lib/python3.8/site-packages/airflow/example_dags/example_short_circuit_operator.py
[2024-02-25T21:01:47.070+0000] {processor.py:830} INFO - Processing file /home/airflow/.local/lib/python3.8/site-packages/airflow/example_dags/example_short_circuit_operator.py for tasks to queue
[2024-02-25T21:01:47.071+0000] {logging_mixin.py:188} INFO - [2024-02-25T21:01:47.070+0000] {dagbag.py:538} INFO - Filling up the DagBag from /home/airflow/.local/lib/python3.8/site-packages/airflow/example_dags/example_short_circuit_operator.py
[2024-02-25T21:01:47.079+0000] {processor.py:840} INFO - DAG(s) 'example_short_circuit_operator' retrieved from /home/airflow/.local/lib/python3.8/site-packages/airflow/example_dags/example_short_circuit_operator.py
[2024-02-25T21:01:47.106+0000] {logging_mixin.py:188} INFO - [2024-02-25T21:01:47.105+0000] {dag.py:3036} INFO - Sync 1 DAGs
[2024-02-25T21:01:47.128+0000] {logging_mixin.py:188} INFO - [2024-02-25T21:01:47.128+0000] {dag.py:3823} INFO - Setting next_dagrun for example_short_circuit_operator to 2024-02-24 00:00:00+00:00, run_after=2024-02-25 00:00:00+00:00
[2024-02-25T21:01:47.155+0000] {processor.py:183} INFO - Processing /home/airflow/.local/lib/python3.8/site-packages/airflow/example_dags/example_short_circuit_operator.py took 0.090 seconds
[2024-02-25T21:02:17.668+0000] {processor.py:161} INFO - Started process (PID=9862) to work on /home/airflow/.local/lib/python3.8/site-packages/airflow/example_dags/example_short_circuit_operator.py
[2024-02-25T21:02:17.669+0000] {processor.py:830} INFO - Processing file /home/airflow/.local/lib/python3.8/site-packages/airflow/example_dags/example_short_circuit_operator.py for tasks to queue
[2024-02-25T21:02:17.671+0000] {logging_mixin.py:188} INFO - [2024-02-25T21:02:17.670+0000] {dagbag.py:538} INFO - Filling up the DagBag from /home/airflow/.local/lib/python3.8/site-packages/airflow/example_dags/example_short_circuit_operator.py
[2024-02-25T21:02:17.678+0000] {processor.py:840} INFO - DAG(s) 'example_short_circuit_operator' retrieved from /home/airflow/.local/lib/python3.8/site-packages/airflow/example_dags/example_short_circuit_operator.py
[2024-02-25T21:02:17.704+0000] {logging_mixin.py:188} INFO - [2024-02-25T21:02:17.704+0000] {dag.py:3036} INFO - Sync 1 DAGs
[2024-02-25T21:02:17.726+0000] {logging_mixin.py:188} INFO - [2024-02-25T21:02:17.726+0000] {dag.py:3823} INFO - Setting next_dagrun for example_short_circuit_operator to 2024-02-24 00:00:00+00:00, run_after=2024-02-25 00:00:00+00:00
[2024-02-25T21:02:17.747+0000] {processor.py:183} INFO - Processing /home/airflow/.local/lib/python3.8/site-packages/airflow/example_dags/example_short_circuit_operator.py took 0.083 seconds
[2024-02-25T21:02:48.441+0000] {processor.py:161} INFO - Started process (PID=9925) to work on /home/airflow/.local/lib/python3.8/site-packages/airflow/example_dags/example_short_circuit_operator.py
[2024-02-25T21:02:48.442+0000] {processor.py:830} INFO - Processing file /home/airflow/.local/lib/python3.8/site-packages/airflow/example_dags/example_short_circuit_operator.py for tasks to queue
[2024-02-25T21:02:48.444+0000] {logging_mixin.py:188} INFO - [2024-02-25T21:02:48.443+0000] {dagbag.py:538} INFO - Filling up the DagBag from /home/airflow/.local/lib/python3.8/site-packages/airflow/example_dags/example_short_circuit_operator.py
[2024-02-25T21:02:48.452+0000] {processor.py:840} INFO - DAG(s) 'example_short_circuit_operator' retrieved from /home/airflow/.local/lib/python3.8/site-packages/airflow/example_dags/example_short_circuit_operator.py
[2024-02-25T21:02:48.479+0000] {logging_mixin.py:188} INFO - [2024-02-25T21:02:48.479+0000] {dag.py:3036} INFO - Sync 1 DAGs
[2024-02-25T21:02:48.501+0000] {logging_mixin.py:188} INFO - [2024-02-25T21:02:48.500+0000] {dag.py:3823} INFO - Setting next_dagrun for example_short_circuit_operator to 2024-02-24 00:00:00+00:00, run_after=2024-02-25 00:00:00+00:00
[2024-02-25T21:02:48.522+0000] {processor.py:183} INFO - Processing /home/airflow/.local/lib/python3.8/site-packages/airflow/example_dags/example_short_circuit_operator.py took 0.084 seconds
[2024-02-25T21:03:19.019+0000] {processor.py:161} INFO - Started process (PID=9988) to work on /home/airflow/.local/lib/python3.8/site-packages/airflow/example_dags/example_short_circuit_operator.py
[2024-02-25T21:03:19.020+0000] {processor.py:830} INFO - Processing file /home/airflow/.local/lib/python3.8/site-packages/airflow/example_dags/example_short_circuit_operator.py for tasks to queue
[2024-02-25T21:03:19.022+0000] {logging_mixin.py:188} INFO - [2024-02-25T21:03:19.021+0000] {dagbag.py:538} INFO - Filling up the DagBag from /home/airflow/.local/lib/python3.8/site-packages/airflow/example_dags/example_short_circuit_operator.py
[2024-02-25T21:03:19.029+0000] {processor.py:840} INFO - DAG(s) 'example_short_circuit_operator' retrieved from /home/airflow/.local/lib/python3.8/site-packages/airflow/example_dags/example_short_circuit_operator.py
[2024-02-25T21:03:19.057+0000] {logging_mixin.py:188} INFO - [2024-02-25T21:03:19.057+0000] {dag.py:3036} INFO - Sync 1 DAGs
[2024-02-25T21:03:19.078+0000] {logging_mixin.py:188} INFO - [2024-02-25T21:03:19.078+0000] {dag.py:3823} INFO - Setting next_dagrun for example_short_circuit_operator to 2024-02-24 00:00:00+00:00, run_after=2024-02-25 00:00:00+00:00
[2024-02-25T21:03:19.100+0000] {processor.py:183} INFO - Processing /home/airflow/.local/lib/python3.8/site-packages/airflow/example_dags/example_short_circuit_operator.py took 0.085 seconds
[2024-02-25T21:03:49.503+0000] {processor.py:161} INFO - Started process (PID=10051) to work on /home/airflow/.local/lib/python3.8/site-packages/airflow/example_dags/example_short_circuit_operator.py
[2024-02-25T21:03:49.505+0000] {processor.py:830} INFO - Processing file /home/airflow/.local/lib/python3.8/site-packages/airflow/example_dags/example_short_circuit_operator.py for tasks to queue
[2024-02-25T21:03:49.506+0000] {logging_mixin.py:188} INFO - [2024-02-25T21:03:49.505+0000] {dagbag.py:538} INFO - Filling up the DagBag from /home/airflow/.local/lib/python3.8/site-packages/airflow/example_dags/example_short_circuit_operator.py
[2024-02-25T21:03:49.514+0000] {processor.py:840} INFO - DAG(s) 'example_short_circuit_operator' retrieved from /home/airflow/.local/lib/python3.8/site-packages/airflow/example_dags/example_short_circuit_operator.py
[2024-02-25T21:03:49.541+0000] {logging_mixin.py:188} INFO - [2024-02-25T21:03:49.541+0000] {dag.py:3036} INFO - Sync 1 DAGs
[2024-02-25T21:03:49.564+0000] {logging_mixin.py:188} INFO - [2024-02-25T21:03:49.564+0000] {dag.py:3823} INFO - Setting next_dagrun for example_short_circuit_operator to 2024-02-24 00:00:00+00:00, run_after=2024-02-25 00:00:00+00:00
[2024-02-25T21:03:49.586+0000] {processor.py:183} INFO - Processing /home/airflow/.local/lib/python3.8/site-packages/airflow/example_dags/example_short_circuit_operator.py took 0.086 seconds
[2024-02-25T21:04:20.133+0000] {processor.py:161} INFO - Started process (PID=10114) to work on /home/airflow/.local/lib/python3.8/site-packages/airflow/example_dags/example_short_circuit_operator.py
[2024-02-25T21:04:20.134+0000] {processor.py:830} INFO - Processing file /home/airflow/.local/lib/python3.8/site-packages/airflow/example_dags/example_short_circuit_operator.py for tasks to queue
[2024-02-25T21:04:20.135+0000] {logging_mixin.py:188} INFO - [2024-02-25T21:04:20.135+0000] {dagbag.py:538} INFO - Filling up the DagBag from /home/airflow/.local/lib/python3.8/site-packages/airflow/example_dags/example_short_circuit_operator.py
[2024-02-25T21:04:20.143+0000] {processor.py:840} INFO - DAG(s) 'example_short_circuit_operator' retrieved from /home/airflow/.local/lib/python3.8/site-packages/airflow/example_dags/example_short_circuit_operator.py
[2024-02-25T21:04:20.168+0000] {logging_mixin.py:188} INFO - [2024-02-25T21:04:20.168+0000] {dag.py:3036} INFO - Sync 1 DAGs
[2024-02-25T21:04:20.190+0000] {logging_mixin.py:188} INFO - [2024-02-25T21:04:20.190+0000] {dag.py:3823} INFO - Setting next_dagrun for example_short_circuit_operator to 2024-02-24 00:00:00+00:00, run_after=2024-02-25 00:00:00+00:00
[2024-02-25T21:04:20.211+0000] {processor.py:183} INFO - Processing /home/airflow/.local/lib/python3.8/site-packages/airflow/example_dags/example_short_circuit_operator.py took 0.082 seconds
[2024-02-25T21:04:50.625+0000] {processor.py:161} INFO - Started process (PID=10177) to work on /home/airflow/.local/lib/python3.8/site-packages/airflow/example_dags/example_short_circuit_operator.py
[2024-02-25T21:04:50.627+0000] {processor.py:830} INFO - Processing file /home/airflow/.local/lib/python3.8/site-packages/airflow/example_dags/example_short_circuit_operator.py for tasks to queue
[2024-02-25T21:04:50.628+0000] {logging_mixin.py:188} INFO - [2024-02-25T21:04:50.628+0000] {dagbag.py:538} INFO - Filling up the DagBag from /home/airflow/.local/lib/python3.8/site-packages/airflow/example_dags/example_short_circuit_operator.py
[2024-02-25T21:04:50.636+0000] {processor.py:840} INFO - DAG(s) 'example_short_circuit_operator' retrieved from /home/airflow/.local/lib/python3.8/site-packages/airflow/example_dags/example_short_circuit_operator.py
[2024-02-25T21:04:50.663+0000] {logging_mixin.py:188} INFO - [2024-02-25T21:04:50.662+0000] {dag.py:3036} INFO - Sync 1 DAGs
[2024-02-25T21:04:50.685+0000] {logging_mixin.py:188} INFO - [2024-02-25T21:04:50.685+0000] {dag.py:3823} INFO - Setting next_dagrun for example_short_circuit_operator to 2024-02-24 00:00:00+00:00, run_after=2024-02-25 00:00:00+00:00
[2024-02-25T21:04:50.707+0000] {processor.py:183} INFO - Processing /home/airflow/.local/lib/python3.8/site-packages/airflow/example_dags/example_short_circuit_operator.py took 0.086 seconds
