[2024-02-25T00:03:57.146+0000] {processor.py:161} INFO - Started process (PID=5877) to work on /home/airflow/.local/lib/python3.8/site-packages/airflow/example_dags/example_local_kubernetes_executor.py
[2024-02-25T00:03:57.147+0000] {processor.py:830} INFO - Processing file /home/airflow/.local/lib/python3.8/site-packages/airflow/example_dags/example_local_kubernetes_executor.py for tasks to queue
[2024-02-25T00:03:57.149+0000] {logging_mixin.py:188} INFO - [2024-02-25T00:03:57.148+0000] {dagbag.py:538} INFO - Filling up the DagBag from /home/airflow/.local/lib/python3.8/site-packages/airflow/example_dags/example_local_kubernetes_executor.py
[2024-02-25T00:03:57.159+0000] {processor.py:840} INFO - DAG(s) 'example_local_kubernetes_executor' retrieved from /home/airflow/.local/lib/python3.8/site-packages/airflow/example_dags/example_local_kubernetes_executor.py
[2024-02-25T00:03:57.203+0000] {logging_mixin.py:188} INFO - [2024-02-25T00:03:57.203+0000] {dag.py:3036} INFO - Sync 1 DAGs
[2024-02-25T00:03:57.218+0000] {logging_mixin.py:188} INFO - [2024-02-25T00:03:57.217+0000] {dag.py:3823} INFO - Setting next_dagrun for example_local_kubernetes_executor to None, run_after=None
[2024-02-25T00:03:57.241+0000] {processor.py:183} INFO - Processing /home/airflow/.local/lib/python3.8/site-packages/airflow/example_dags/example_local_kubernetes_executor.py took 0.100 seconds
[2024-02-25T00:04:27.344+0000] {processor.py:161} INFO - Started process (PID=5944) to work on /home/airflow/.local/lib/python3.8/site-packages/airflow/example_dags/example_local_kubernetes_executor.py
[2024-02-25T00:04:27.345+0000] {processor.py:830} INFO - Processing file /home/airflow/.local/lib/python3.8/site-packages/airflow/example_dags/example_local_kubernetes_executor.py for tasks to queue
[2024-02-25T00:04:27.347+0000] {logging_mixin.py:188} INFO - [2024-02-25T00:04:27.346+0000] {dagbag.py:538} INFO - Filling up the DagBag from /home/airflow/.local/lib/python3.8/site-packages/airflow/example_dags/example_local_kubernetes_executor.py
[2024-02-25T00:04:27.356+0000] {processor.py:840} INFO - DAG(s) 'example_local_kubernetes_executor' retrieved from /home/airflow/.local/lib/python3.8/site-packages/airflow/example_dags/example_local_kubernetes_executor.py
[2024-02-25T00:04:27.399+0000] {logging_mixin.py:188} INFO - [2024-02-25T00:04:27.398+0000] {dag.py:3036} INFO - Sync 1 DAGs
[2024-02-25T00:04:27.413+0000] {logging_mixin.py:188} INFO - [2024-02-25T00:04:27.413+0000] {dag.py:3823} INFO - Setting next_dagrun for example_local_kubernetes_executor to None, run_after=None
[2024-02-25T00:04:27.438+0000] {processor.py:183} INFO - Processing /home/airflow/.local/lib/python3.8/site-packages/airflow/example_dags/example_local_kubernetes_executor.py took 0.098 seconds
[2024-02-25T00:04:58.343+0000] {processor.py:161} INFO - Started process (PID=6007) to work on /home/airflow/.local/lib/python3.8/site-packages/airflow/example_dags/example_local_kubernetes_executor.py
[2024-02-25T00:04:58.345+0000] {processor.py:830} INFO - Processing file /home/airflow/.local/lib/python3.8/site-packages/airflow/example_dags/example_local_kubernetes_executor.py for tasks to queue
[2024-02-25T00:04:58.346+0000] {logging_mixin.py:188} INFO - [2024-02-25T00:04:58.345+0000] {dagbag.py:538} INFO - Filling up the DagBag from /home/airflow/.local/lib/python3.8/site-packages/airflow/example_dags/example_local_kubernetes_executor.py
[2024-02-25T00:04:58.354+0000] {processor.py:840} INFO - DAG(s) 'example_local_kubernetes_executor' retrieved from /home/airflow/.local/lib/python3.8/site-packages/airflow/example_dags/example_local_kubernetes_executor.py
[2024-02-25T00:04:58.398+0000] {logging_mixin.py:188} INFO - [2024-02-25T00:04:58.397+0000] {dag.py:3036} INFO - Sync 1 DAGs
[2024-02-25T00:04:58.418+0000] {logging_mixin.py:188} INFO - [2024-02-25T00:04:58.418+0000] {dag.py:3823} INFO - Setting next_dagrun for example_local_kubernetes_executor to None, run_after=None
[2024-02-25T00:04:58.443+0000] {processor.py:183} INFO - Processing /home/airflow/.local/lib/python3.8/site-packages/airflow/example_dags/example_local_kubernetes_executor.py took 0.103 seconds
[2024-02-25T00:05:28.873+0000] {processor.py:161} INFO - Started process (PID=6071) to work on /home/airflow/.local/lib/python3.8/site-packages/airflow/example_dags/example_local_kubernetes_executor.py
[2024-02-25T00:05:28.875+0000] {processor.py:830} INFO - Processing file /home/airflow/.local/lib/python3.8/site-packages/airflow/example_dags/example_local_kubernetes_executor.py for tasks to queue
[2024-02-25T00:05:28.876+0000] {logging_mixin.py:188} INFO - [2024-02-25T00:05:28.876+0000] {dagbag.py:538} INFO - Filling up the DagBag from /home/airflow/.local/lib/python3.8/site-packages/airflow/example_dags/example_local_kubernetes_executor.py
[2024-02-25T00:05:28.885+0000] {processor.py:840} INFO - DAG(s) 'example_local_kubernetes_executor' retrieved from /home/airflow/.local/lib/python3.8/site-packages/airflow/example_dags/example_local_kubernetes_executor.py
[2024-02-25T00:05:28.926+0000] {logging_mixin.py:188} INFO - [2024-02-25T00:05:28.925+0000] {dag.py:3036} INFO - Sync 1 DAGs
[2024-02-25T00:05:28.939+0000] {logging_mixin.py:188} INFO - [2024-02-25T00:05:28.938+0000] {dag.py:3823} INFO - Setting next_dagrun for example_local_kubernetes_executor to None, run_after=None
[2024-02-25T00:05:28.964+0000] {processor.py:183} INFO - Processing /home/airflow/.local/lib/python3.8/site-packages/airflow/example_dags/example_local_kubernetes_executor.py took 0.094 seconds
[2024-02-25T00:05:59.807+0000] {processor.py:161} INFO - Started process (PID=6134) to work on /home/airflow/.local/lib/python3.8/site-packages/airflow/example_dags/example_local_kubernetes_executor.py
[2024-02-25T00:05:59.808+0000] {processor.py:830} INFO - Processing file /home/airflow/.local/lib/python3.8/site-packages/airflow/example_dags/example_local_kubernetes_executor.py for tasks to queue
[2024-02-25T00:05:59.810+0000] {logging_mixin.py:188} INFO - [2024-02-25T00:05:59.809+0000] {dagbag.py:538} INFO - Filling up the DagBag from /home/airflow/.local/lib/python3.8/site-packages/airflow/example_dags/example_local_kubernetes_executor.py
[2024-02-25T00:05:59.819+0000] {processor.py:840} INFO - DAG(s) 'example_local_kubernetes_executor' retrieved from /home/airflow/.local/lib/python3.8/site-packages/airflow/example_dags/example_local_kubernetes_executor.py
[2024-02-25T00:05:59.856+0000] {logging_mixin.py:188} INFO - [2024-02-25T00:05:59.856+0000] {dag.py:3036} INFO - Sync 1 DAGs
[2024-02-25T00:05:59.869+0000] {logging_mixin.py:188} INFO - [2024-02-25T00:05:59.869+0000] {dag.py:3823} INFO - Setting next_dagrun for example_local_kubernetes_executor to None, run_after=None
[2024-02-25T00:05:59.890+0000] {processor.py:183} INFO - Processing /home/airflow/.local/lib/python3.8/site-packages/airflow/example_dags/example_local_kubernetes_executor.py took 0.087 seconds
[2024-02-25T00:06:30.634+0000] {processor.py:161} INFO - Started process (PID=6198) to work on /home/airflow/.local/lib/python3.8/site-packages/airflow/example_dags/example_local_kubernetes_executor.py
[2024-02-25T00:06:30.635+0000] {processor.py:830} INFO - Processing file /home/airflow/.local/lib/python3.8/site-packages/airflow/example_dags/example_local_kubernetes_executor.py for tasks to queue
[2024-02-25T00:06:30.636+0000] {logging_mixin.py:188} INFO - [2024-02-25T00:06:30.636+0000] {dagbag.py:538} INFO - Filling up the DagBag from /home/airflow/.local/lib/python3.8/site-packages/airflow/example_dags/example_local_kubernetes_executor.py
[2024-02-25T00:06:30.646+0000] {processor.py:840} INFO - DAG(s) 'example_local_kubernetes_executor' retrieved from /home/airflow/.local/lib/python3.8/site-packages/airflow/example_dags/example_local_kubernetes_executor.py
[2024-02-25T00:06:30.683+0000] {logging_mixin.py:188} INFO - [2024-02-25T00:06:30.683+0000] {dag.py:3036} INFO - Sync 1 DAGs
[2024-02-25T00:06:30.697+0000] {logging_mixin.py:188} INFO - [2024-02-25T00:06:30.697+0000] {dag.py:3823} INFO - Setting next_dagrun for example_local_kubernetes_executor to None, run_after=None
[2024-02-25T00:06:30.718+0000] {processor.py:183} INFO - Processing /home/airflow/.local/lib/python3.8/site-packages/airflow/example_dags/example_local_kubernetes_executor.py took 0.088 seconds
[2024-02-25T00:07:01.388+0000] {processor.py:161} INFO - Started process (PID=6261) to work on /home/airflow/.local/lib/python3.8/site-packages/airflow/example_dags/example_local_kubernetes_executor.py
[2024-02-25T00:07:01.389+0000] {processor.py:830} INFO - Processing file /home/airflow/.local/lib/python3.8/site-packages/airflow/example_dags/example_local_kubernetes_executor.py for tasks to queue
[2024-02-25T00:07:01.390+0000] {logging_mixin.py:188} INFO - [2024-02-25T00:07:01.390+0000] {dagbag.py:538} INFO - Filling up the DagBag from /home/airflow/.local/lib/python3.8/site-packages/airflow/example_dags/example_local_kubernetes_executor.py
[2024-02-25T00:07:01.399+0000] {processor.py:840} INFO - DAG(s) 'example_local_kubernetes_executor' retrieved from /home/airflow/.local/lib/python3.8/site-packages/airflow/example_dags/example_local_kubernetes_executor.py
[2024-02-25T00:07:01.440+0000] {logging_mixin.py:188} INFO - [2024-02-25T00:07:01.440+0000] {dag.py:3036} INFO - Sync 1 DAGs
[2024-02-25T00:07:01.454+0000] {logging_mixin.py:188} INFO - [2024-02-25T00:07:01.454+0000] {dag.py:3823} INFO - Setting next_dagrun for example_local_kubernetes_executor to None, run_after=None
[2024-02-25T00:07:01.481+0000] {processor.py:183} INFO - Processing /home/airflow/.local/lib/python3.8/site-packages/airflow/example_dags/example_local_kubernetes_executor.py took 0.097 seconds
[2024-02-25T00:07:32.250+0000] {processor.py:161} INFO - Started process (PID=6324) to work on /home/airflow/.local/lib/python3.8/site-packages/airflow/example_dags/example_local_kubernetes_executor.py
[2024-02-25T00:07:32.251+0000] {processor.py:830} INFO - Processing file /home/airflow/.local/lib/python3.8/site-packages/airflow/example_dags/example_local_kubernetes_executor.py for tasks to queue
[2024-02-25T00:07:32.252+0000] {logging_mixin.py:188} INFO - [2024-02-25T00:07:32.252+0000] {dagbag.py:538} INFO - Filling up the DagBag from /home/airflow/.local/lib/python3.8/site-packages/airflow/example_dags/example_local_kubernetes_executor.py
[2024-02-25T00:07:32.262+0000] {processor.py:840} INFO - DAG(s) 'example_local_kubernetes_executor' retrieved from /home/airflow/.local/lib/python3.8/site-packages/airflow/example_dags/example_local_kubernetes_executor.py
[2024-02-25T00:07:32.306+0000] {logging_mixin.py:188} INFO - [2024-02-25T00:07:32.305+0000] {dag.py:3036} INFO - Sync 1 DAGs
[2024-02-25T00:07:32.319+0000] {logging_mixin.py:188} INFO - [2024-02-25T00:07:32.319+0000] {dag.py:3823} INFO - Setting next_dagrun for example_local_kubernetes_executor to None, run_after=None
[2024-02-25T00:07:32.345+0000] {processor.py:183} INFO - Processing /home/airflow/.local/lib/python3.8/site-packages/airflow/example_dags/example_local_kubernetes_executor.py took 0.099 seconds
[2024-02-25T00:08:03.205+0000] {processor.py:161} INFO - Started process (PID=6387) to work on /home/airflow/.local/lib/python3.8/site-packages/airflow/example_dags/example_local_kubernetes_executor.py
[2024-02-25T00:08:03.206+0000] {processor.py:830} INFO - Processing file /home/airflow/.local/lib/python3.8/site-packages/airflow/example_dags/example_local_kubernetes_executor.py for tasks to queue
[2024-02-25T00:08:03.207+0000] {logging_mixin.py:188} INFO - [2024-02-25T00:08:03.207+0000] {dagbag.py:538} INFO - Filling up the DagBag from /home/airflow/.local/lib/python3.8/site-packages/airflow/example_dags/example_local_kubernetes_executor.py
[2024-02-25T00:08:03.216+0000] {processor.py:840} INFO - DAG(s) 'example_local_kubernetes_executor' retrieved from /home/airflow/.local/lib/python3.8/site-packages/airflow/example_dags/example_local_kubernetes_executor.py
[2024-02-25T00:08:03.256+0000] {logging_mixin.py:188} INFO - [2024-02-25T00:08:03.256+0000] {dag.py:3036} INFO - Sync 1 DAGs
[2024-02-25T00:08:03.269+0000] {logging_mixin.py:188} INFO - [2024-02-25T00:08:03.269+0000] {dag.py:3823} INFO - Setting next_dagrun for example_local_kubernetes_executor to None, run_after=None
[2024-02-25T00:08:03.297+0000] {processor.py:183} INFO - Processing /home/airflow/.local/lib/python3.8/site-packages/airflow/example_dags/example_local_kubernetes_executor.py took 0.096 seconds
[2024-02-25T00:08:34.012+0000] {processor.py:161} INFO - Started process (PID=6450) to work on /home/airflow/.local/lib/python3.8/site-packages/airflow/example_dags/example_local_kubernetes_executor.py
[2024-02-25T00:08:34.014+0000] {processor.py:830} INFO - Processing file /home/airflow/.local/lib/python3.8/site-packages/airflow/example_dags/example_local_kubernetes_executor.py for tasks to queue
[2024-02-25T00:08:34.015+0000] {logging_mixin.py:188} INFO - [2024-02-25T00:08:34.015+0000] {dagbag.py:538} INFO - Filling up the DagBag from /home/airflow/.local/lib/python3.8/site-packages/airflow/example_dags/example_local_kubernetes_executor.py
[2024-02-25T00:08:34.023+0000] {processor.py:840} INFO - DAG(s) 'example_local_kubernetes_executor' retrieved from /home/airflow/.local/lib/python3.8/site-packages/airflow/example_dags/example_local_kubernetes_executor.py
[2024-02-25T00:08:34.063+0000] {logging_mixin.py:188} INFO - [2024-02-25T00:08:34.063+0000] {dag.py:3036} INFO - Sync 1 DAGs
[2024-02-25T00:08:34.077+0000] {logging_mixin.py:188} INFO - [2024-02-25T00:08:34.076+0000] {dag.py:3823} INFO - Setting next_dagrun for example_local_kubernetes_executor to None, run_after=None
[2024-02-25T00:08:34.098+0000] {processor.py:183} INFO - Processing /home/airflow/.local/lib/python3.8/site-packages/airflow/example_dags/example_local_kubernetes_executor.py took 0.090 seconds
[2024-02-25T00:09:04.785+0000] {processor.py:161} INFO - Started process (PID=6513) to work on /home/airflow/.local/lib/python3.8/site-packages/airflow/example_dags/example_local_kubernetes_executor.py
[2024-02-25T00:09:04.787+0000] {processor.py:830} INFO - Processing file /home/airflow/.local/lib/python3.8/site-packages/airflow/example_dags/example_local_kubernetes_executor.py for tasks to queue
[2024-02-25T00:09:04.788+0000] {logging_mixin.py:188} INFO - [2024-02-25T00:09:04.787+0000] {dagbag.py:538} INFO - Filling up the DagBag from /home/airflow/.local/lib/python3.8/site-packages/airflow/example_dags/example_local_kubernetes_executor.py
[2024-02-25T00:09:04.798+0000] {processor.py:840} INFO - DAG(s) 'example_local_kubernetes_executor' retrieved from /home/airflow/.local/lib/python3.8/site-packages/airflow/example_dags/example_local_kubernetes_executor.py
[2024-02-25T00:09:04.839+0000] {logging_mixin.py:188} INFO - [2024-02-25T00:09:04.839+0000] {dag.py:3036} INFO - Sync 1 DAGs
[2024-02-25T00:09:04.860+0000] {logging_mixin.py:188} INFO - [2024-02-25T00:09:04.860+0000] {dag.py:3823} INFO - Setting next_dagrun for example_local_kubernetes_executor to None, run_after=None
[2024-02-25T00:09:04.898+0000] {processor.py:183} INFO - Processing /home/airflow/.local/lib/python3.8/site-packages/airflow/example_dags/example_local_kubernetes_executor.py took 0.117 seconds
[2024-02-25T18:16:21.434+0000] {processor.py:161} INFO - Started process (PID=6576) to work on /home/airflow/.local/lib/python3.8/site-packages/airflow/example_dags/example_local_kubernetes_executor.py
[2024-02-25T18:16:21.435+0000] {processor.py:830} INFO - Processing file /home/airflow/.local/lib/python3.8/site-packages/airflow/example_dags/example_local_kubernetes_executor.py for tasks to queue
[2024-02-25T18:16:21.436+0000] {logging_mixin.py:188} INFO - [2024-02-25T18:16:21.436+0000] {dagbag.py:538} INFO - Filling up the DagBag from /home/airflow/.local/lib/python3.8/site-packages/airflow/example_dags/example_local_kubernetes_executor.py
[2024-02-25T18:16:21.446+0000] {processor.py:840} INFO - DAG(s) 'example_local_kubernetes_executor' retrieved from /home/airflow/.local/lib/python3.8/site-packages/airflow/example_dags/example_local_kubernetes_executor.py
[2024-02-25T18:16:21.552+0000] {logging_mixin.py:188} INFO - [2024-02-25T18:16:21.552+0000] {dag.py:3036} INFO - Sync 1 DAGs
[2024-02-25T18:16:21.592+0000] {logging_mixin.py:188} INFO - [2024-02-25T18:16:21.592+0000] {dag.py:3823} INFO - Setting next_dagrun for example_local_kubernetes_executor to None, run_after=None
[2024-02-25T18:16:21.644+0000] {processor.py:183} INFO - Processing /home/airflow/.local/lib/python3.8/site-packages/airflow/example_dags/example_local_kubernetes_executor.py took 0.215 seconds
[2024-02-25T18:16:52.122+0000] {processor.py:161} INFO - Started process (PID=6639) to work on /home/airflow/.local/lib/python3.8/site-packages/airflow/example_dags/example_local_kubernetes_executor.py
[2024-02-25T18:16:52.124+0000] {processor.py:830} INFO - Processing file /home/airflow/.local/lib/python3.8/site-packages/airflow/example_dags/example_local_kubernetes_executor.py for tasks to queue
[2024-02-25T18:16:52.125+0000] {logging_mixin.py:188} INFO - [2024-02-25T18:16:52.124+0000] {dagbag.py:538} INFO - Filling up the DagBag from /home/airflow/.local/lib/python3.8/site-packages/airflow/example_dags/example_local_kubernetes_executor.py
[2024-02-25T18:16:52.134+0000] {processor.py:840} INFO - DAG(s) 'example_local_kubernetes_executor' retrieved from /home/airflow/.local/lib/python3.8/site-packages/airflow/example_dags/example_local_kubernetes_executor.py
[2024-02-25T18:16:52.176+0000] {logging_mixin.py:188} INFO - [2024-02-25T18:16:52.176+0000] {dag.py:3036} INFO - Sync 1 DAGs
[2024-02-25T18:16:52.193+0000] {logging_mixin.py:188} INFO - [2024-02-25T18:16:52.193+0000] {dag.py:3823} INFO - Setting next_dagrun for example_local_kubernetes_executor to None, run_after=None
[2024-02-25T18:16:52.217+0000] {processor.py:183} INFO - Processing /home/airflow/.local/lib/python3.8/site-packages/airflow/example_dags/example_local_kubernetes_executor.py took 0.099 seconds
[2024-02-25T18:17:23.189+0000] {processor.py:161} INFO - Started process (PID=6702) to work on /home/airflow/.local/lib/python3.8/site-packages/airflow/example_dags/example_local_kubernetes_executor.py
[2024-02-25T18:17:23.190+0000] {processor.py:830} INFO - Processing file /home/airflow/.local/lib/python3.8/site-packages/airflow/example_dags/example_local_kubernetes_executor.py for tasks to queue
[2024-02-25T18:17:23.192+0000] {logging_mixin.py:188} INFO - [2024-02-25T18:17:23.191+0000] {dagbag.py:538} INFO - Filling up the DagBag from /home/airflow/.local/lib/python3.8/site-packages/airflow/example_dags/example_local_kubernetes_executor.py
[2024-02-25T18:17:23.209+0000] {processor.py:840} INFO - DAG(s) 'example_local_kubernetes_executor' retrieved from /home/airflow/.local/lib/python3.8/site-packages/airflow/example_dags/example_local_kubernetes_executor.py
[2024-02-25T18:17:23.258+0000] {logging_mixin.py:188} INFO - [2024-02-25T18:17:23.257+0000] {dag.py:3036} INFO - Sync 1 DAGs
[2024-02-25T18:17:23.275+0000] {logging_mixin.py:188} INFO - [2024-02-25T18:17:23.274+0000] {dag.py:3823} INFO - Setting next_dagrun for example_local_kubernetes_executor to None, run_after=None
[2024-02-25T18:17:23.299+0000] {processor.py:183} INFO - Processing /home/airflow/.local/lib/python3.8/site-packages/airflow/example_dags/example_local_kubernetes_executor.py took 0.114 seconds
[2024-02-25T18:17:53.625+0000] {processor.py:161} INFO - Started process (PID=6765) to work on /home/airflow/.local/lib/python3.8/site-packages/airflow/example_dags/example_local_kubernetes_executor.py
[2024-02-25T18:17:53.626+0000] {processor.py:830} INFO - Processing file /home/airflow/.local/lib/python3.8/site-packages/airflow/example_dags/example_local_kubernetes_executor.py for tasks to queue
[2024-02-25T18:17:53.627+0000] {logging_mixin.py:188} INFO - [2024-02-25T18:17:53.627+0000] {dagbag.py:538} INFO - Filling up the DagBag from /home/airflow/.local/lib/python3.8/site-packages/airflow/example_dags/example_local_kubernetes_executor.py
[2024-02-25T18:17:53.636+0000] {processor.py:840} INFO - DAG(s) 'example_local_kubernetes_executor' retrieved from /home/airflow/.local/lib/python3.8/site-packages/airflow/example_dags/example_local_kubernetes_executor.py
[2024-02-25T18:17:53.684+0000] {logging_mixin.py:188} INFO - [2024-02-25T18:17:53.683+0000] {dag.py:3036} INFO - Sync 1 DAGs
[2024-02-25T18:17:53.703+0000] {logging_mixin.py:188} INFO - [2024-02-25T18:17:53.703+0000] {dag.py:3823} INFO - Setting next_dagrun for example_local_kubernetes_executor to None, run_after=None
[2024-02-25T18:17:53.737+0000] {processor.py:183} INFO - Processing /home/airflow/.local/lib/python3.8/site-packages/airflow/example_dags/example_local_kubernetes_executor.py took 0.116 seconds
[2024-02-25T18:18:24.368+0000] {processor.py:161} INFO - Started process (PID=6828) to work on /home/airflow/.local/lib/python3.8/site-packages/airflow/example_dags/example_local_kubernetes_executor.py
[2024-02-25T18:18:24.369+0000] {processor.py:830} INFO - Processing file /home/airflow/.local/lib/python3.8/site-packages/airflow/example_dags/example_local_kubernetes_executor.py for tasks to queue
[2024-02-25T18:18:24.371+0000] {logging_mixin.py:188} INFO - [2024-02-25T18:18:24.370+0000] {dagbag.py:538} INFO - Filling up the DagBag from /home/airflow/.local/lib/python3.8/site-packages/airflow/example_dags/example_local_kubernetes_executor.py
[2024-02-25T18:18:24.380+0000] {processor.py:840} INFO - DAG(s) 'example_local_kubernetes_executor' retrieved from /home/airflow/.local/lib/python3.8/site-packages/airflow/example_dags/example_local_kubernetes_executor.py
[2024-02-25T18:18:24.422+0000] {logging_mixin.py:188} INFO - [2024-02-25T18:18:24.421+0000] {dag.py:3036} INFO - Sync 1 DAGs
[2024-02-25T18:18:24.436+0000] {logging_mixin.py:188} INFO - [2024-02-25T18:18:24.436+0000] {dag.py:3823} INFO - Setting next_dagrun for example_local_kubernetes_executor to None, run_after=None
[2024-02-25T18:18:24.458+0000] {processor.py:183} INFO - Processing /home/airflow/.local/lib/python3.8/site-packages/airflow/example_dags/example_local_kubernetes_executor.py took 0.094 seconds
[2024-02-25T18:18:54.932+0000] {processor.py:161} INFO - Started process (PID=6891) to work on /home/airflow/.local/lib/python3.8/site-packages/airflow/example_dags/example_local_kubernetes_executor.py
[2024-02-25T18:18:54.933+0000] {processor.py:830} INFO - Processing file /home/airflow/.local/lib/python3.8/site-packages/airflow/example_dags/example_local_kubernetes_executor.py for tasks to queue
[2024-02-25T18:18:54.935+0000] {logging_mixin.py:188} INFO - [2024-02-25T18:18:54.934+0000] {dagbag.py:538} INFO - Filling up the DagBag from /home/airflow/.local/lib/python3.8/site-packages/airflow/example_dags/example_local_kubernetes_executor.py
[2024-02-25T18:18:54.946+0000] {processor.py:840} INFO - DAG(s) 'example_local_kubernetes_executor' retrieved from /home/airflow/.local/lib/python3.8/site-packages/airflow/example_dags/example_local_kubernetes_executor.py
[2024-02-25T18:18:54.987+0000] {logging_mixin.py:188} INFO - [2024-02-25T18:18:54.986+0000] {dag.py:3036} INFO - Sync 1 DAGs
[2024-02-25T18:18:55.000+0000] {logging_mixin.py:188} INFO - [2024-02-25T18:18:55.000+0000] {dag.py:3823} INFO - Setting next_dagrun for example_local_kubernetes_executor to None, run_after=None
[2024-02-25T18:18:55.022+0000] {processor.py:183} INFO - Processing /home/airflow/.local/lib/python3.8/site-packages/airflow/example_dags/example_local_kubernetes_executor.py took 0.095 seconds
[2024-02-25T18:19:25.448+0000] {processor.py:161} INFO - Started process (PID=6953) to work on /home/airflow/.local/lib/python3.8/site-packages/airflow/example_dags/example_local_kubernetes_executor.py
[2024-02-25T18:19:25.449+0000] {processor.py:830} INFO - Processing file /home/airflow/.local/lib/python3.8/site-packages/airflow/example_dags/example_local_kubernetes_executor.py for tasks to queue
[2024-02-25T18:19:25.450+0000] {logging_mixin.py:188} INFO - [2024-02-25T18:19:25.450+0000] {dagbag.py:538} INFO - Filling up the DagBag from /home/airflow/.local/lib/python3.8/site-packages/airflow/example_dags/example_local_kubernetes_executor.py
[2024-02-25T18:19:25.474+0000] {processor.py:840} INFO - DAG(s) 'example_local_kubernetes_executor' retrieved from /home/airflow/.local/lib/python3.8/site-packages/airflow/example_dags/example_local_kubernetes_executor.py
[2024-02-25T18:19:25.548+0000] {logging_mixin.py:188} INFO - [2024-02-25T18:19:25.547+0000] {dag.py:3036} INFO - Sync 1 DAGs
[2024-02-25T18:19:25.573+0000] {logging_mixin.py:188} INFO - [2024-02-25T18:19:25.564+0000] {dag.py:3823} INFO - Setting next_dagrun for example_local_kubernetes_executor to None, run_after=None
[2024-02-25T18:19:25.633+0000] {processor.py:183} INFO - Processing /home/airflow/.local/lib/python3.8/site-packages/airflow/example_dags/example_local_kubernetes_executor.py took 0.189 seconds
[2024-02-25T18:19:55.859+0000] {processor.py:161} INFO - Started process (PID=7015) to work on /home/airflow/.local/lib/python3.8/site-packages/airflow/example_dags/example_local_kubernetes_executor.py
[2024-02-25T18:19:55.861+0000] {processor.py:830} INFO - Processing file /home/airflow/.local/lib/python3.8/site-packages/airflow/example_dags/example_local_kubernetes_executor.py for tasks to queue
[2024-02-25T18:19:55.862+0000] {logging_mixin.py:188} INFO - [2024-02-25T18:19:55.862+0000] {dagbag.py:538} INFO - Filling up the DagBag from /home/airflow/.local/lib/python3.8/site-packages/airflow/example_dags/example_local_kubernetes_executor.py
[2024-02-25T18:19:55.871+0000] {processor.py:840} INFO - DAG(s) 'example_local_kubernetes_executor' retrieved from /home/airflow/.local/lib/python3.8/site-packages/airflow/example_dags/example_local_kubernetes_executor.py
[2024-02-25T18:19:55.911+0000] {logging_mixin.py:188} INFO - [2024-02-25T18:19:55.911+0000] {dag.py:3036} INFO - Sync 1 DAGs
[2024-02-25T18:19:55.926+0000] {logging_mixin.py:188} INFO - [2024-02-25T18:19:55.925+0000] {dag.py:3823} INFO - Setting next_dagrun for example_local_kubernetes_executor to None, run_after=None
[2024-02-25T18:19:55.949+0000] {processor.py:183} INFO - Processing /home/airflow/.local/lib/python3.8/site-packages/airflow/example_dags/example_local_kubernetes_executor.py took 0.093 seconds
[2024-02-25T18:20:26.978+0000] {processor.py:161} INFO - Started process (PID=7078) to work on /home/airflow/.local/lib/python3.8/site-packages/airflow/example_dags/example_local_kubernetes_executor.py
[2024-02-25T18:20:26.980+0000] {processor.py:830} INFO - Processing file /home/airflow/.local/lib/python3.8/site-packages/airflow/example_dags/example_local_kubernetes_executor.py for tasks to queue
[2024-02-25T18:20:26.981+0000] {logging_mixin.py:188} INFO - [2024-02-25T18:20:26.980+0000] {dagbag.py:538} INFO - Filling up the DagBag from /home/airflow/.local/lib/python3.8/site-packages/airflow/example_dags/example_local_kubernetes_executor.py
[2024-02-25T18:20:26.989+0000] {processor.py:840} INFO - DAG(s) 'example_local_kubernetes_executor' retrieved from /home/airflow/.local/lib/python3.8/site-packages/airflow/example_dags/example_local_kubernetes_executor.py
[2024-02-25T18:20:27.028+0000] {logging_mixin.py:188} INFO - [2024-02-25T18:20:27.028+0000] {dag.py:3036} INFO - Sync 1 DAGs
[2024-02-25T18:20:27.042+0000] {logging_mixin.py:188} INFO - [2024-02-25T18:20:27.042+0000] {dag.py:3823} INFO - Setting next_dagrun for example_local_kubernetes_executor to None, run_after=None
[2024-02-25T18:20:27.072+0000] {processor.py:183} INFO - Processing /home/airflow/.local/lib/python3.8/site-packages/airflow/example_dags/example_local_kubernetes_executor.py took 0.098 seconds
[2024-02-25T18:20:57.751+0000] {processor.py:161} INFO - Started process (PID=7147) to work on /home/airflow/.local/lib/python3.8/site-packages/airflow/example_dags/example_local_kubernetes_executor.py
[2024-02-25T18:20:57.752+0000] {processor.py:830} INFO - Processing file /home/airflow/.local/lib/python3.8/site-packages/airflow/example_dags/example_local_kubernetes_executor.py for tasks to queue
[2024-02-25T18:20:57.753+0000] {logging_mixin.py:188} INFO - [2024-02-25T18:20:57.753+0000] {dagbag.py:538} INFO - Filling up the DagBag from /home/airflow/.local/lib/python3.8/site-packages/airflow/example_dags/example_local_kubernetes_executor.py
[2024-02-25T18:20:57.765+0000] {processor.py:840} INFO - DAG(s) 'example_local_kubernetes_executor' retrieved from /home/airflow/.local/lib/python3.8/site-packages/airflow/example_dags/example_local_kubernetes_executor.py
[2024-02-25T18:20:57.810+0000] {logging_mixin.py:188} INFO - [2024-02-25T18:20:57.810+0000] {dag.py:3036} INFO - Sync 1 DAGs
[2024-02-25T18:20:57.825+0000] {logging_mixin.py:188} INFO - [2024-02-25T18:20:57.825+0000] {dag.py:3823} INFO - Setting next_dagrun for example_local_kubernetes_executor to None, run_after=None
[2024-02-25T18:20:57.852+0000] {processor.py:183} INFO - Processing /home/airflow/.local/lib/python3.8/site-packages/airflow/example_dags/example_local_kubernetes_executor.py took 0.105 seconds
[2024-02-25T18:21:28.593+0000] {processor.py:161} INFO - Started process (PID=7211) to work on /home/airflow/.local/lib/python3.8/site-packages/airflow/example_dags/example_local_kubernetes_executor.py
[2024-02-25T18:21:28.594+0000] {processor.py:830} INFO - Processing file /home/airflow/.local/lib/python3.8/site-packages/airflow/example_dags/example_local_kubernetes_executor.py for tasks to queue
[2024-02-25T18:21:28.595+0000] {logging_mixin.py:188} INFO - [2024-02-25T18:21:28.595+0000] {dagbag.py:538} INFO - Filling up the DagBag from /home/airflow/.local/lib/python3.8/site-packages/airflow/example_dags/example_local_kubernetes_executor.py
[2024-02-25T18:21:28.604+0000] {processor.py:840} INFO - DAG(s) 'example_local_kubernetes_executor' retrieved from /home/airflow/.local/lib/python3.8/site-packages/airflow/example_dags/example_local_kubernetes_executor.py
[2024-02-25T18:21:28.642+0000] {logging_mixin.py:188} INFO - [2024-02-25T18:21:28.641+0000] {dag.py:3036} INFO - Sync 1 DAGs
[2024-02-25T18:21:28.655+0000] {logging_mixin.py:188} INFO - [2024-02-25T18:21:28.655+0000] {dag.py:3823} INFO - Setting next_dagrun for example_local_kubernetes_executor to None, run_after=None
[2024-02-25T18:21:28.678+0000] {processor.py:183} INFO - Processing /home/airflow/.local/lib/python3.8/site-packages/airflow/example_dags/example_local_kubernetes_executor.py took 0.089 seconds
[2024-02-25T18:21:59.240+0000] {processor.py:161} INFO - Started process (PID=7274) to work on /home/airflow/.local/lib/python3.8/site-packages/airflow/example_dags/example_local_kubernetes_executor.py
[2024-02-25T18:21:59.241+0000] {processor.py:830} INFO - Processing file /home/airflow/.local/lib/python3.8/site-packages/airflow/example_dags/example_local_kubernetes_executor.py for tasks to queue
[2024-02-25T18:21:59.242+0000] {logging_mixin.py:188} INFO - [2024-02-25T18:21:59.242+0000] {dagbag.py:538} INFO - Filling up the DagBag from /home/airflow/.local/lib/python3.8/site-packages/airflow/example_dags/example_local_kubernetes_executor.py
[2024-02-25T18:21:59.251+0000] {processor.py:840} INFO - DAG(s) 'example_local_kubernetes_executor' retrieved from /home/airflow/.local/lib/python3.8/site-packages/airflow/example_dags/example_local_kubernetes_executor.py
[2024-02-25T18:21:59.291+0000] {logging_mixin.py:188} INFO - [2024-02-25T18:21:59.291+0000] {dag.py:3036} INFO - Sync 1 DAGs
[2024-02-25T18:21:59.310+0000] {logging_mixin.py:188} INFO - [2024-02-25T18:21:59.309+0000] {dag.py:3823} INFO - Setting next_dagrun for example_local_kubernetes_executor to None, run_after=None
[2024-02-25T18:21:59.334+0000] {processor.py:183} INFO - Processing /home/airflow/.local/lib/python3.8/site-packages/airflow/example_dags/example_local_kubernetes_executor.py took 0.099 seconds
[2024-02-25T18:22:30.301+0000] {processor.py:161} INFO - Started process (PID=7337) to work on /home/airflow/.local/lib/python3.8/site-packages/airflow/example_dags/example_local_kubernetes_executor.py
[2024-02-25T18:22:30.303+0000] {processor.py:830} INFO - Processing file /home/airflow/.local/lib/python3.8/site-packages/airflow/example_dags/example_local_kubernetes_executor.py for tasks to queue
[2024-02-25T18:22:30.304+0000] {logging_mixin.py:188} INFO - [2024-02-25T18:22:30.304+0000] {dagbag.py:538} INFO - Filling up the DagBag from /home/airflow/.local/lib/python3.8/site-packages/airflow/example_dags/example_local_kubernetes_executor.py
[2024-02-25T18:22:30.313+0000] {processor.py:840} INFO - DAG(s) 'example_local_kubernetes_executor' retrieved from /home/airflow/.local/lib/python3.8/site-packages/airflow/example_dags/example_local_kubernetes_executor.py
[2024-02-25T18:22:30.352+0000] {logging_mixin.py:188} INFO - [2024-02-25T18:22:30.352+0000] {dag.py:3036} INFO - Sync 1 DAGs
[2024-02-25T18:22:30.366+0000] {logging_mixin.py:188} INFO - [2024-02-25T18:22:30.365+0000] {dag.py:3823} INFO - Setting next_dagrun for example_local_kubernetes_executor to None, run_after=None
[2024-02-25T18:22:30.387+0000] {processor.py:183} INFO - Processing /home/airflow/.local/lib/python3.8/site-packages/airflow/example_dags/example_local_kubernetes_executor.py took 0.090 seconds
[2024-02-25T18:23:00.433+0000] {processor.py:161} INFO - Started process (PID=7398) to work on /home/airflow/.local/lib/python3.8/site-packages/airflow/example_dags/example_local_kubernetes_executor.py
[2024-02-25T18:23:00.435+0000] {processor.py:830} INFO - Processing file /home/airflow/.local/lib/python3.8/site-packages/airflow/example_dags/example_local_kubernetes_executor.py for tasks to queue
[2024-02-25T18:23:00.436+0000] {logging_mixin.py:188} INFO - [2024-02-25T18:23:00.436+0000] {dagbag.py:538} INFO - Filling up the DagBag from /home/airflow/.local/lib/python3.8/site-packages/airflow/example_dags/example_local_kubernetes_executor.py
[2024-02-25T18:23:00.446+0000] {processor.py:840} INFO - DAG(s) 'example_local_kubernetes_executor' retrieved from /home/airflow/.local/lib/python3.8/site-packages/airflow/example_dags/example_local_kubernetes_executor.py
[2024-02-25T18:23:00.487+0000] {logging_mixin.py:188} INFO - [2024-02-25T18:23:00.487+0000] {dag.py:3036} INFO - Sync 1 DAGs
[2024-02-25T18:23:00.502+0000] {logging_mixin.py:188} INFO - [2024-02-25T18:23:00.501+0000] {dag.py:3823} INFO - Setting next_dagrun for example_local_kubernetes_executor to None, run_after=None
[2024-02-25T18:23:00.529+0000] {processor.py:183} INFO - Processing /home/airflow/.local/lib/python3.8/site-packages/airflow/example_dags/example_local_kubernetes_executor.py took 0.100 seconds
[2024-02-25T18:23:51.249+0000] {processor.py:161} INFO - Started process (PID=7463) to work on /home/airflow/.local/lib/python3.8/site-packages/airflow/example_dags/example_local_kubernetes_executor.py
[2024-02-25T18:23:51.251+0000] {processor.py:830} INFO - Processing file /home/airflow/.local/lib/python3.8/site-packages/airflow/example_dags/example_local_kubernetes_executor.py for tasks to queue
[2024-02-25T18:23:51.252+0000] {logging_mixin.py:188} INFO - [2024-02-25T18:23:51.252+0000] {dagbag.py:538} INFO - Filling up the DagBag from /home/airflow/.local/lib/python3.8/site-packages/airflow/example_dags/example_local_kubernetes_executor.py
[2024-02-25T18:23:51.266+0000] {processor.py:840} INFO - DAG(s) 'example_local_kubernetes_executor' retrieved from /home/airflow/.local/lib/python3.8/site-packages/airflow/example_dags/example_local_kubernetes_executor.py
[2024-02-25T18:23:51.334+0000] {logging_mixin.py:188} INFO - [2024-02-25T18:23:51.334+0000] {dag.py:3036} INFO - Sync 1 DAGs
[2024-02-25T18:23:51.396+0000] {logging_mixin.py:188} INFO - [2024-02-25T18:23:51.395+0000] {dag.py:3823} INFO - Setting next_dagrun for example_local_kubernetes_executor to None, run_after=None
[2024-02-25T18:23:51.464+0000] {processor.py:183} INFO - Processing /home/airflow/.local/lib/python3.8/site-packages/airflow/example_dags/example_local_kubernetes_executor.py took 0.222 seconds
[2024-02-25T18:24:21.818+0000] {processor.py:161} INFO - Started process (PID=7524) to work on /home/airflow/.local/lib/python3.8/site-packages/airflow/example_dags/example_local_kubernetes_executor.py
[2024-02-25T18:24:21.819+0000] {processor.py:830} INFO - Processing file /home/airflow/.local/lib/python3.8/site-packages/airflow/example_dags/example_local_kubernetes_executor.py for tasks to queue
[2024-02-25T18:24:21.821+0000] {logging_mixin.py:188} INFO - [2024-02-25T18:24:21.820+0000] {dagbag.py:538} INFO - Filling up the DagBag from /home/airflow/.local/lib/python3.8/site-packages/airflow/example_dags/example_local_kubernetes_executor.py
[2024-02-25T18:24:21.830+0000] {processor.py:840} INFO - DAG(s) 'example_local_kubernetes_executor' retrieved from /home/airflow/.local/lib/python3.8/site-packages/airflow/example_dags/example_local_kubernetes_executor.py
[2024-02-25T18:24:21.873+0000] {logging_mixin.py:188} INFO - [2024-02-25T18:24:21.873+0000] {dag.py:3036} INFO - Sync 1 DAGs
[2024-02-25T18:24:21.892+0000] {logging_mixin.py:188} INFO - [2024-02-25T18:24:21.892+0000] {dag.py:3823} INFO - Setting next_dagrun for example_local_kubernetes_executor to None, run_after=None
[2024-02-25T18:24:21.917+0000] {processor.py:183} INFO - Processing /home/airflow/.local/lib/python3.8/site-packages/airflow/example_dags/example_local_kubernetes_executor.py took 0.104 seconds
[2024-02-25T18:24:52.141+0000] {processor.py:161} INFO - Started process (PID=7587) to work on /home/airflow/.local/lib/python3.8/site-packages/airflow/example_dags/example_local_kubernetes_executor.py
[2024-02-25T18:24:52.142+0000] {processor.py:830} INFO - Processing file /home/airflow/.local/lib/python3.8/site-packages/airflow/example_dags/example_local_kubernetes_executor.py for tasks to queue
[2024-02-25T18:24:52.144+0000] {logging_mixin.py:188} INFO - [2024-02-25T18:24:52.143+0000] {dagbag.py:538} INFO - Filling up the DagBag from /home/airflow/.local/lib/python3.8/site-packages/airflow/example_dags/example_local_kubernetes_executor.py
[2024-02-25T18:24:52.154+0000] {processor.py:840} INFO - DAG(s) 'example_local_kubernetes_executor' retrieved from /home/airflow/.local/lib/python3.8/site-packages/airflow/example_dags/example_local_kubernetes_executor.py
[2024-02-25T18:24:52.196+0000] {logging_mixin.py:188} INFO - [2024-02-25T18:24:52.196+0000] {dag.py:3036} INFO - Sync 1 DAGs
[2024-02-25T18:24:52.210+0000] {logging_mixin.py:188} INFO - [2024-02-25T18:24:52.210+0000] {dag.py:3823} INFO - Setting next_dagrun for example_local_kubernetes_executor to None, run_after=None
[2024-02-25T18:24:52.234+0000] {processor.py:183} INFO - Processing /home/airflow/.local/lib/python3.8/site-packages/airflow/example_dags/example_local_kubernetes_executor.py took 0.098 seconds
[2024-02-25T18:25:22.770+0000] {processor.py:161} INFO - Started process (PID=7650) to work on /home/airflow/.local/lib/python3.8/site-packages/airflow/example_dags/example_local_kubernetes_executor.py
[2024-02-25T18:25:22.771+0000] {processor.py:830} INFO - Processing file /home/airflow/.local/lib/python3.8/site-packages/airflow/example_dags/example_local_kubernetes_executor.py for tasks to queue
[2024-02-25T18:25:22.772+0000] {logging_mixin.py:188} INFO - [2024-02-25T18:25:22.772+0000] {dagbag.py:538} INFO - Filling up the DagBag from /home/airflow/.local/lib/python3.8/site-packages/airflow/example_dags/example_local_kubernetes_executor.py
[2024-02-25T18:25:22.782+0000] {processor.py:840} INFO - DAG(s) 'example_local_kubernetes_executor' retrieved from /home/airflow/.local/lib/python3.8/site-packages/airflow/example_dags/example_local_kubernetes_executor.py
[2024-02-25T18:25:22.820+0000] {logging_mixin.py:188} INFO - [2024-02-25T18:25:22.820+0000] {dag.py:3036} INFO - Sync 1 DAGs
[2024-02-25T18:25:22.834+0000] {logging_mixin.py:188} INFO - [2024-02-25T18:25:22.834+0000] {dag.py:3823} INFO - Setting next_dagrun for example_local_kubernetes_executor to None, run_after=None
[2024-02-25T18:25:22.857+0000] {processor.py:183} INFO - Processing /home/airflow/.local/lib/python3.8/site-packages/airflow/example_dags/example_local_kubernetes_executor.py took 0.092 seconds
[2024-02-25T18:25:53.501+0000] {processor.py:161} INFO - Started process (PID=7713) to work on /home/airflow/.local/lib/python3.8/site-packages/airflow/example_dags/example_local_kubernetes_executor.py
[2024-02-25T18:25:53.502+0000] {processor.py:830} INFO - Processing file /home/airflow/.local/lib/python3.8/site-packages/airflow/example_dags/example_local_kubernetes_executor.py for tasks to queue
[2024-02-25T18:25:53.503+0000] {logging_mixin.py:188} INFO - [2024-02-25T18:25:53.503+0000] {dagbag.py:538} INFO - Filling up the DagBag from /home/airflow/.local/lib/python3.8/site-packages/airflow/example_dags/example_local_kubernetes_executor.py
[2024-02-25T18:25:53.513+0000] {processor.py:840} INFO - DAG(s) 'example_local_kubernetes_executor' retrieved from /home/airflow/.local/lib/python3.8/site-packages/airflow/example_dags/example_local_kubernetes_executor.py
[2024-02-25T18:25:53.551+0000] {logging_mixin.py:188} INFO - [2024-02-25T18:25:53.551+0000] {dag.py:3036} INFO - Sync 1 DAGs
[2024-02-25T18:25:53.565+0000] {logging_mixin.py:188} INFO - [2024-02-25T18:25:53.565+0000] {dag.py:3823} INFO - Setting next_dagrun for example_local_kubernetes_executor to None, run_after=None
[2024-02-25T18:25:53.591+0000] {processor.py:183} INFO - Processing /home/airflow/.local/lib/python3.8/site-packages/airflow/example_dags/example_local_kubernetes_executor.py took 0.094 seconds
[2024-02-25T18:26:24.162+0000] {processor.py:161} INFO - Started process (PID=7776) to work on /home/airflow/.local/lib/python3.8/site-packages/airflow/example_dags/example_local_kubernetes_executor.py
[2024-02-25T18:26:24.164+0000] {processor.py:830} INFO - Processing file /home/airflow/.local/lib/python3.8/site-packages/airflow/example_dags/example_local_kubernetes_executor.py for tasks to queue
[2024-02-25T18:26:24.165+0000] {logging_mixin.py:188} INFO - [2024-02-25T18:26:24.165+0000] {dagbag.py:538} INFO - Filling up the DagBag from /home/airflow/.local/lib/python3.8/site-packages/airflow/example_dags/example_local_kubernetes_executor.py
[2024-02-25T18:26:24.174+0000] {processor.py:840} INFO - DAG(s) 'example_local_kubernetes_executor' retrieved from /home/airflow/.local/lib/python3.8/site-packages/airflow/example_dags/example_local_kubernetes_executor.py
[2024-02-25T18:26:24.213+0000] {logging_mixin.py:188} INFO - [2024-02-25T18:26:24.213+0000] {dag.py:3036} INFO - Sync 1 DAGs
[2024-02-25T18:26:24.227+0000] {logging_mixin.py:188} INFO - [2024-02-25T18:26:24.227+0000] {dag.py:3823} INFO - Setting next_dagrun for example_local_kubernetes_executor to None, run_after=None
[2024-02-25T18:26:24.252+0000] {processor.py:183} INFO - Processing /home/airflow/.local/lib/python3.8/site-packages/airflow/example_dags/example_local_kubernetes_executor.py took 0.093 seconds
[2024-02-25T18:26:54.719+0000] {processor.py:161} INFO - Started process (PID=7840) to work on /home/airflow/.local/lib/python3.8/site-packages/airflow/example_dags/example_local_kubernetes_executor.py
[2024-02-25T18:26:54.720+0000] {processor.py:830} INFO - Processing file /home/airflow/.local/lib/python3.8/site-packages/airflow/example_dags/example_local_kubernetes_executor.py for tasks to queue
[2024-02-25T18:26:54.721+0000] {logging_mixin.py:188} INFO - [2024-02-25T18:26:54.721+0000] {dagbag.py:538} INFO - Filling up the DagBag from /home/airflow/.local/lib/python3.8/site-packages/airflow/example_dags/example_local_kubernetes_executor.py
[2024-02-25T18:26:54.730+0000] {processor.py:840} INFO - DAG(s) 'example_local_kubernetes_executor' retrieved from /home/airflow/.local/lib/python3.8/site-packages/airflow/example_dags/example_local_kubernetes_executor.py
[2024-02-25T18:26:54.768+0000] {logging_mixin.py:188} INFO - [2024-02-25T18:26:54.768+0000] {dag.py:3036} INFO - Sync 1 DAGs
[2024-02-25T18:26:54.782+0000] {logging_mixin.py:188} INFO - [2024-02-25T18:26:54.781+0000] {dag.py:3823} INFO - Setting next_dagrun for example_local_kubernetes_executor to None, run_after=None
[2024-02-25T18:26:54.811+0000] {processor.py:183} INFO - Processing /home/airflow/.local/lib/python3.8/site-packages/airflow/example_dags/example_local_kubernetes_executor.py took 0.097 seconds
[2024-02-25T18:27:25.477+0000] {processor.py:161} INFO - Started process (PID=7903) to work on /home/airflow/.local/lib/python3.8/site-packages/airflow/example_dags/example_local_kubernetes_executor.py
[2024-02-25T18:27:25.478+0000] {processor.py:830} INFO - Processing file /home/airflow/.local/lib/python3.8/site-packages/airflow/example_dags/example_local_kubernetes_executor.py for tasks to queue
[2024-02-25T18:27:25.479+0000] {logging_mixin.py:188} INFO - [2024-02-25T18:27:25.479+0000] {dagbag.py:538} INFO - Filling up the DagBag from /home/airflow/.local/lib/python3.8/site-packages/airflow/example_dags/example_local_kubernetes_executor.py
[2024-02-25T18:27:25.489+0000] {processor.py:840} INFO - DAG(s) 'example_local_kubernetes_executor' retrieved from /home/airflow/.local/lib/python3.8/site-packages/airflow/example_dags/example_local_kubernetes_executor.py
[2024-02-25T18:27:25.525+0000] {logging_mixin.py:188} INFO - [2024-02-25T18:27:25.525+0000] {dag.py:3036} INFO - Sync 1 DAGs
[2024-02-25T18:27:25.538+0000] {logging_mixin.py:188} INFO - [2024-02-25T18:27:25.537+0000] {dag.py:3823} INFO - Setting next_dagrun for example_local_kubernetes_executor to None, run_after=None
[2024-02-25T18:27:25.560+0000] {processor.py:183} INFO - Processing /home/airflow/.local/lib/python3.8/site-packages/airflow/example_dags/example_local_kubernetes_executor.py took 0.087 seconds
[2024-02-25T18:27:56.605+0000] {processor.py:161} INFO - Started process (PID=7966) to work on /home/airflow/.local/lib/python3.8/site-packages/airflow/example_dags/example_local_kubernetes_executor.py
[2024-02-25T18:27:56.607+0000] {processor.py:830} INFO - Processing file /home/airflow/.local/lib/python3.8/site-packages/airflow/example_dags/example_local_kubernetes_executor.py for tasks to queue
[2024-02-25T18:27:56.608+0000] {logging_mixin.py:188} INFO - [2024-02-25T18:27:56.608+0000] {dagbag.py:538} INFO - Filling up the DagBag from /home/airflow/.local/lib/python3.8/site-packages/airflow/example_dags/example_local_kubernetes_executor.py
[2024-02-25T18:27:56.619+0000] {processor.py:840} INFO - DAG(s) 'example_local_kubernetes_executor' retrieved from /home/airflow/.local/lib/python3.8/site-packages/airflow/example_dags/example_local_kubernetes_executor.py
[2024-02-25T18:27:56.656+0000] {logging_mixin.py:188} INFO - [2024-02-25T18:27:56.655+0000] {dag.py:3036} INFO - Sync 1 DAGs
[2024-02-25T18:27:56.669+0000] {logging_mixin.py:188} INFO - [2024-02-25T18:27:56.668+0000] {dag.py:3823} INFO - Setting next_dagrun for example_local_kubernetes_executor to None, run_after=None
[2024-02-25T18:27:56.690+0000] {processor.py:183} INFO - Processing /home/airflow/.local/lib/python3.8/site-packages/airflow/example_dags/example_local_kubernetes_executor.py took 0.091 seconds
[2024-02-25T18:28:27.532+0000] {processor.py:161} INFO - Started process (PID=8029) to work on /home/airflow/.local/lib/python3.8/site-packages/airflow/example_dags/example_local_kubernetes_executor.py
[2024-02-25T18:28:27.534+0000] {processor.py:830} INFO - Processing file /home/airflow/.local/lib/python3.8/site-packages/airflow/example_dags/example_local_kubernetes_executor.py for tasks to queue
[2024-02-25T18:28:27.536+0000] {logging_mixin.py:188} INFO - [2024-02-25T18:28:27.535+0000] {dagbag.py:538} INFO - Filling up the DagBag from /home/airflow/.local/lib/python3.8/site-packages/airflow/example_dags/example_local_kubernetes_executor.py
[2024-02-25T18:28:27.549+0000] {processor.py:840} INFO - DAG(s) 'example_local_kubernetes_executor' retrieved from /home/airflow/.local/lib/python3.8/site-packages/airflow/example_dags/example_local_kubernetes_executor.py
[2024-02-25T18:28:27.586+0000] {logging_mixin.py:188} INFO - [2024-02-25T18:28:27.585+0000] {dag.py:3036} INFO - Sync 1 DAGs
[2024-02-25T18:28:27.599+0000] {logging_mixin.py:188} INFO - [2024-02-25T18:28:27.598+0000] {dag.py:3823} INFO - Setting next_dagrun for example_local_kubernetes_executor to None, run_after=None
[2024-02-25T18:28:27.622+0000] {processor.py:183} INFO - Processing /home/airflow/.local/lib/python3.8/site-packages/airflow/example_dags/example_local_kubernetes_executor.py took 0.095 seconds
[2024-02-25T18:28:58.384+0000] {processor.py:161} INFO - Started process (PID=8091) to work on /home/airflow/.local/lib/python3.8/site-packages/airflow/example_dags/example_local_kubernetes_executor.py
[2024-02-25T18:28:58.386+0000] {processor.py:830} INFO - Processing file /home/airflow/.local/lib/python3.8/site-packages/airflow/example_dags/example_local_kubernetes_executor.py for tasks to queue
[2024-02-25T18:28:58.388+0000] {logging_mixin.py:188} INFO - [2024-02-25T18:28:58.387+0000] {dagbag.py:538} INFO - Filling up the DagBag from /home/airflow/.local/lib/python3.8/site-packages/airflow/example_dags/example_local_kubernetes_executor.py
[2024-02-25T18:28:58.397+0000] {processor.py:840} INFO - DAG(s) 'example_local_kubernetes_executor' retrieved from /home/airflow/.local/lib/python3.8/site-packages/airflow/example_dags/example_local_kubernetes_executor.py
[2024-02-25T18:28:58.434+0000] {logging_mixin.py:188} INFO - [2024-02-25T18:28:58.433+0000] {dag.py:3036} INFO - Sync 1 DAGs
[2024-02-25T18:28:58.447+0000] {logging_mixin.py:188} INFO - [2024-02-25T18:28:58.446+0000] {dag.py:3823} INFO - Setting next_dagrun for example_local_kubernetes_executor to None, run_after=None
[2024-02-25T18:28:58.472+0000] {processor.py:183} INFO - Processing /home/airflow/.local/lib/python3.8/site-packages/airflow/example_dags/example_local_kubernetes_executor.py took 0.095 seconds
[2024-02-25T18:29:28.901+0000] {processor.py:161} INFO - Started process (PID=8154) to work on /home/airflow/.local/lib/python3.8/site-packages/airflow/example_dags/example_local_kubernetes_executor.py
[2024-02-25T18:29:28.902+0000] {processor.py:830} INFO - Processing file /home/airflow/.local/lib/python3.8/site-packages/airflow/example_dags/example_local_kubernetes_executor.py for tasks to queue
[2024-02-25T18:29:28.903+0000] {logging_mixin.py:188} INFO - [2024-02-25T18:29:28.903+0000] {dagbag.py:538} INFO - Filling up the DagBag from /home/airflow/.local/lib/python3.8/site-packages/airflow/example_dags/example_local_kubernetes_executor.py
[2024-02-25T18:29:28.912+0000] {processor.py:840} INFO - DAG(s) 'example_local_kubernetes_executor' retrieved from /home/airflow/.local/lib/python3.8/site-packages/airflow/example_dags/example_local_kubernetes_executor.py
[2024-02-25T18:29:28.964+0000] {logging_mixin.py:188} INFO - [2024-02-25T18:29:28.964+0000] {dag.py:3036} INFO - Sync 1 DAGs
[2024-02-25T18:29:28.978+0000] {logging_mixin.py:188} INFO - [2024-02-25T18:29:28.978+0000] {dag.py:3823} INFO - Setting next_dagrun for example_local_kubernetes_executor to None, run_after=None
[2024-02-25T18:29:29.002+0000] {processor.py:183} INFO - Processing /home/airflow/.local/lib/python3.8/site-packages/airflow/example_dags/example_local_kubernetes_executor.py took 0.105 seconds
[2024-02-25T18:29:59.835+0000] {processor.py:161} INFO - Started process (PID=8217) to work on /home/airflow/.local/lib/python3.8/site-packages/airflow/example_dags/example_local_kubernetes_executor.py
[2024-02-25T18:29:59.836+0000] {processor.py:830} INFO - Processing file /home/airflow/.local/lib/python3.8/site-packages/airflow/example_dags/example_local_kubernetes_executor.py for tasks to queue
[2024-02-25T18:29:59.837+0000] {logging_mixin.py:188} INFO - [2024-02-25T18:29:59.837+0000] {dagbag.py:538} INFO - Filling up the DagBag from /home/airflow/.local/lib/python3.8/site-packages/airflow/example_dags/example_local_kubernetes_executor.py
[2024-02-25T18:29:59.847+0000] {processor.py:840} INFO - DAG(s) 'example_local_kubernetes_executor' retrieved from /home/airflow/.local/lib/python3.8/site-packages/airflow/example_dags/example_local_kubernetes_executor.py
[2024-02-25T18:29:59.886+0000] {logging_mixin.py:188} INFO - [2024-02-25T18:29:59.886+0000] {dag.py:3036} INFO - Sync 1 DAGs
[2024-02-25T18:29:59.900+0000] {logging_mixin.py:188} INFO - [2024-02-25T18:29:59.900+0000] {dag.py:3823} INFO - Setting next_dagrun for example_local_kubernetes_executor to None, run_after=None
[2024-02-25T18:29:59.924+0000] {processor.py:183} INFO - Processing /home/airflow/.local/lib/python3.8/site-packages/airflow/example_dags/example_local_kubernetes_executor.py took 0.092 seconds
[2024-02-25T18:30:30.485+0000] {processor.py:161} INFO - Started process (PID=8280) to work on /home/airflow/.local/lib/python3.8/site-packages/airflow/example_dags/example_local_kubernetes_executor.py
[2024-02-25T18:30:30.486+0000] {processor.py:830} INFO - Processing file /home/airflow/.local/lib/python3.8/site-packages/airflow/example_dags/example_local_kubernetes_executor.py for tasks to queue
[2024-02-25T18:30:30.487+0000] {logging_mixin.py:188} INFO - [2024-02-25T18:30:30.487+0000] {dagbag.py:538} INFO - Filling up the DagBag from /home/airflow/.local/lib/python3.8/site-packages/airflow/example_dags/example_local_kubernetes_executor.py
[2024-02-25T18:30:30.497+0000] {processor.py:840} INFO - DAG(s) 'example_local_kubernetes_executor' retrieved from /home/airflow/.local/lib/python3.8/site-packages/airflow/example_dags/example_local_kubernetes_executor.py
[2024-02-25T18:30:30.537+0000] {logging_mixin.py:188} INFO - [2024-02-25T18:30:30.536+0000] {dag.py:3036} INFO - Sync 1 DAGs
[2024-02-25T18:30:30.554+0000] {logging_mixin.py:188} INFO - [2024-02-25T18:30:30.553+0000] {dag.py:3823} INFO - Setting next_dagrun for example_local_kubernetes_executor to None, run_after=None
[2024-02-25T18:30:30.576+0000] {processor.py:183} INFO - Processing /home/airflow/.local/lib/python3.8/site-packages/airflow/example_dags/example_local_kubernetes_executor.py took 0.096 seconds
[2024-02-25T18:31:00.713+0000] {processor.py:161} INFO - Started process (PID=8343) to work on /home/airflow/.local/lib/python3.8/site-packages/airflow/example_dags/example_local_kubernetes_executor.py
[2024-02-25T18:31:00.714+0000] {processor.py:830} INFO - Processing file /home/airflow/.local/lib/python3.8/site-packages/airflow/example_dags/example_local_kubernetes_executor.py for tasks to queue
[2024-02-25T18:31:00.715+0000] {logging_mixin.py:188} INFO - [2024-02-25T18:31:00.715+0000] {dagbag.py:538} INFO - Filling up the DagBag from /home/airflow/.local/lib/python3.8/site-packages/airflow/example_dags/example_local_kubernetes_executor.py
[2024-02-25T18:31:00.729+0000] {processor.py:840} INFO - DAG(s) 'example_local_kubernetes_executor' retrieved from /home/airflow/.local/lib/python3.8/site-packages/airflow/example_dags/example_local_kubernetes_executor.py
[2024-02-25T18:31:00.765+0000] {logging_mixin.py:188} INFO - [2024-02-25T18:31:00.765+0000] {dag.py:3036} INFO - Sync 1 DAGs
[2024-02-25T18:31:00.778+0000] {logging_mixin.py:188} INFO - [2024-02-25T18:31:00.777+0000] {dag.py:3823} INFO - Setting next_dagrun for example_local_kubernetes_executor to None, run_after=None
[2024-02-25T18:31:00.799+0000] {processor.py:183} INFO - Processing /home/airflow/.local/lib/python3.8/site-packages/airflow/example_dags/example_local_kubernetes_executor.py took 0.090 seconds
[2024-02-25T18:31:31.560+0000] {processor.py:161} INFO - Started process (PID=8406) to work on /home/airflow/.local/lib/python3.8/site-packages/airflow/example_dags/example_local_kubernetes_executor.py
[2024-02-25T18:31:31.562+0000] {processor.py:830} INFO - Processing file /home/airflow/.local/lib/python3.8/site-packages/airflow/example_dags/example_local_kubernetes_executor.py for tasks to queue
[2024-02-25T18:31:31.563+0000] {logging_mixin.py:188} INFO - [2024-02-25T18:31:31.563+0000] {dagbag.py:538} INFO - Filling up the DagBag from /home/airflow/.local/lib/python3.8/site-packages/airflow/example_dags/example_local_kubernetes_executor.py
[2024-02-25T18:31:31.575+0000] {processor.py:840} INFO - DAG(s) 'example_local_kubernetes_executor' retrieved from /home/airflow/.local/lib/python3.8/site-packages/airflow/example_dags/example_local_kubernetes_executor.py
[2024-02-25T18:31:31.609+0000] {logging_mixin.py:188} INFO - [2024-02-25T18:31:31.609+0000] {dag.py:3036} INFO - Sync 1 DAGs
[2024-02-25T18:31:31.622+0000] {logging_mixin.py:188} INFO - [2024-02-25T18:31:31.621+0000] {dag.py:3823} INFO - Setting next_dagrun for example_local_kubernetes_executor to None, run_after=None
[2024-02-25T18:31:31.647+0000] {processor.py:183} INFO - Processing /home/airflow/.local/lib/python3.8/site-packages/airflow/example_dags/example_local_kubernetes_executor.py took 0.093 seconds
[2024-02-25T18:32:02.115+0000] {processor.py:161} INFO - Started process (PID=8469) to work on /home/airflow/.local/lib/python3.8/site-packages/airflow/example_dags/example_local_kubernetes_executor.py
[2024-02-25T18:32:02.116+0000] {processor.py:830} INFO - Processing file /home/airflow/.local/lib/python3.8/site-packages/airflow/example_dags/example_local_kubernetes_executor.py for tasks to queue
[2024-02-25T18:32:02.117+0000] {logging_mixin.py:188} INFO - [2024-02-25T18:32:02.117+0000] {dagbag.py:538} INFO - Filling up the DagBag from /home/airflow/.local/lib/python3.8/site-packages/airflow/example_dags/example_local_kubernetes_executor.py
[2024-02-25T18:32:02.127+0000] {processor.py:840} INFO - DAG(s) 'example_local_kubernetes_executor' retrieved from /home/airflow/.local/lib/python3.8/site-packages/airflow/example_dags/example_local_kubernetes_executor.py
[2024-02-25T18:32:02.162+0000] {logging_mixin.py:188} INFO - [2024-02-25T18:32:02.162+0000] {dag.py:3036} INFO - Sync 1 DAGs
[2024-02-25T18:32:02.176+0000] {logging_mixin.py:188} INFO - [2024-02-25T18:32:02.176+0000] {dag.py:3823} INFO - Setting next_dagrun for example_local_kubernetes_executor to None, run_after=None
[2024-02-25T18:32:02.197+0000] {processor.py:183} INFO - Processing /home/airflow/.local/lib/python3.8/site-packages/airflow/example_dags/example_local_kubernetes_executor.py took 0.086 seconds
[2024-02-25T18:32:33.150+0000] {processor.py:161} INFO - Started process (PID=8532) to work on /home/airflow/.local/lib/python3.8/site-packages/airflow/example_dags/example_local_kubernetes_executor.py
[2024-02-25T18:32:33.151+0000] {processor.py:830} INFO - Processing file /home/airflow/.local/lib/python3.8/site-packages/airflow/example_dags/example_local_kubernetes_executor.py for tasks to queue
[2024-02-25T18:32:33.153+0000] {logging_mixin.py:188} INFO - [2024-02-25T18:32:33.152+0000] {dagbag.py:538} INFO - Filling up the DagBag from /home/airflow/.local/lib/python3.8/site-packages/airflow/example_dags/example_local_kubernetes_executor.py
[2024-02-25T18:32:33.164+0000] {processor.py:840} INFO - DAG(s) 'example_local_kubernetes_executor' retrieved from /home/airflow/.local/lib/python3.8/site-packages/airflow/example_dags/example_local_kubernetes_executor.py
[2024-02-25T18:32:33.202+0000] {logging_mixin.py:188} INFO - [2024-02-25T18:32:33.202+0000] {dag.py:3036} INFO - Sync 1 DAGs
[2024-02-25T18:32:33.215+0000] {logging_mixin.py:188} INFO - [2024-02-25T18:32:33.215+0000] {dag.py:3823} INFO - Setting next_dagrun for example_local_kubernetes_executor to None, run_after=None
[2024-02-25T18:32:33.237+0000] {processor.py:183} INFO - Processing /home/airflow/.local/lib/python3.8/site-packages/airflow/example_dags/example_local_kubernetes_executor.py took 0.091 seconds
[2024-02-25T18:33:03.864+0000] {processor.py:161} INFO - Started process (PID=8595) to work on /home/airflow/.local/lib/python3.8/site-packages/airflow/example_dags/example_local_kubernetes_executor.py
[2024-02-25T18:33:03.865+0000] {processor.py:830} INFO - Processing file /home/airflow/.local/lib/python3.8/site-packages/airflow/example_dags/example_local_kubernetes_executor.py for tasks to queue
[2024-02-25T18:33:03.866+0000] {logging_mixin.py:188} INFO - [2024-02-25T18:33:03.866+0000] {dagbag.py:538} INFO - Filling up the DagBag from /home/airflow/.local/lib/python3.8/site-packages/airflow/example_dags/example_local_kubernetes_executor.py
[2024-02-25T18:33:03.877+0000] {processor.py:840} INFO - DAG(s) 'example_local_kubernetes_executor' retrieved from /home/airflow/.local/lib/python3.8/site-packages/airflow/example_dags/example_local_kubernetes_executor.py
[2024-02-25T18:33:03.913+0000] {logging_mixin.py:188} INFO - [2024-02-25T18:33:03.913+0000] {dag.py:3036} INFO - Sync 1 DAGs
[2024-02-25T18:33:03.928+0000] {logging_mixin.py:188} INFO - [2024-02-25T18:33:03.927+0000] {dag.py:3823} INFO - Setting next_dagrun for example_local_kubernetes_executor to None, run_after=None
[2024-02-25T18:33:03.960+0000] {processor.py:183} INFO - Processing /home/airflow/.local/lib/python3.8/site-packages/airflow/example_dags/example_local_kubernetes_executor.py took 0.100 seconds
[2024-02-25T18:33:34.075+0000] {processor.py:161} INFO - Started process (PID=8658) to work on /home/airflow/.local/lib/python3.8/site-packages/airflow/example_dags/example_local_kubernetes_executor.py
[2024-02-25T18:33:34.080+0000] {processor.py:830} INFO - Processing file /home/airflow/.local/lib/python3.8/site-packages/airflow/example_dags/example_local_kubernetes_executor.py for tasks to queue
[2024-02-25T18:33:34.082+0000] {logging_mixin.py:188} INFO - [2024-02-25T18:33:34.081+0000] {dagbag.py:538} INFO - Filling up the DagBag from /home/airflow/.local/lib/python3.8/site-packages/airflow/example_dags/example_local_kubernetes_executor.py
[2024-02-25T18:33:34.100+0000] {processor.py:840} INFO - DAG(s) 'example_local_kubernetes_executor' retrieved from /home/airflow/.local/lib/python3.8/site-packages/airflow/example_dags/example_local_kubernetes_executor.py
[2024-02-25T18:33:34.151+0000] {logging_mixin.py:188} INFO - [2024-02-25T18:33:34.151+0000] {dag.py:3036} INFO - Sync 1 DAGs
[2024-02-25T18:33:34.165+0000] {logging_mixin.py:188} INFO - [2024-02-25T18:33:34.165+0000] {dag.py:3823} INFO - Setting next_dagrun for example_local_kubernetes_executor to None, run_after=None
[2024-02-25T18:33:34.190+0000] {processor.py:183} INFO - Processing /home/airflow/.local/lib/python3.8/site-packages/airflow/example_dags/example_local_kubernetes_executor.py took 0.119 seconds
[2024-02-25T18:34:05.066+0000] {processor.py:161} INFO - Started process (PID=8721) to work on /home/airflow/.local/lib/python3.8/site-packages/airflow/example_dags/example_local_kubernetes_executor.py
[2024-02-25T18:34:05.067+0000] {processor.py:830} INFO - Processing file /home/airflow/.local/lib/python3.8/site-packages/airflow/example_dags/example_local_kubernetes_executor.py for tasks to queue
[2024-02-25T18:34:05.068+0000] {logging_mixin.py:188} INFO - [2024-02-25T18:34:05.068+0000] {dagbag.py:538} INFO - Filling up the DagBag from /home/airflow/.local/lib/python3.8/site-packages/airflow/example_dags/example_local_kubernetes_executor.py
[2024-02-25T18:34:05.079+0000] {processor.py:840} INFO - DAG(s) 'example_local_kubernetes_executor' retrieved from /home/airflow/.local/lib/python3.8/site-packages/airflow/example_dags/example_local_kubernetes_executor.py
[2024-02-25T18:34:05.118+0000] {logging_mixin.py:188} INFO - [2024-02-25T18:34:05.117+0000] {dag.py:3036} INFO - Sync 1 DAGs
[2024-02-25T18:34:05.131+0000] {logging_mixin.py:188} INFO - [2024-02-25T18:34:05.131+0000] {dag.py:3823} INFO - Setting next_dagrun for example_local_kubernetes_executor to None, run_after=None
[2024-02-25T18:34:05.169+0000] {processor.py:183} INFO - Processing /home/airflow/.local/lib/python3.8/site-packages/airflow/example_dags/example_local_kubernetes_executor.py took 0.107 seconds
[2024-02-25T18:34:36.131+0000] {processor.py:161} INFO - Started process (PID=8784) to work on /home/airflow/.local/lib/python3.8/site-packages/airflow/example_dags/example_local_kubernetes_executor.py
[2024-02-25T18:34:36.132+0000] {processor.py:830} INFO - Processing file /home/airflow/.local/lib/python3.8/site-packages/airflow/example_dags/example_local_kubernetes_executor.py for tasks to queue
[2024-02-25T18:34:36.133+0000] {logging_mixin.py:188} INFO - [2024-02-25T18:34:36.133+0000] {dagbag.py:538} INFO - Filling up the DagBag from /home/airflow/.local/lib/python3.8/site-packages/airflow/example_dags/example_local_kubernetes_executor.py
[2024-02-25T18:34:36.143+0000] {processor.py:840} INFO - DAG(s) 'example_local_kubernetes_executor' retrieved from /home/airflow/.local/lib/python3.8/site-packages/airflow/example_dags/example_local_kubernetes_executor.py
[2024-02-25T18:34:36.183+0000] {logging_mixin.py:188} INFO - [2024-02-25T18:34:36.182+0000] {dag.py:3036} INFO - Sync 1 DAGs
[2024-02-25T18:34:36.199+0000] {logging_mixin.py:188} INFO - [2024-02-25T18:34:36.199+0000] {dag.py:3823} INFO - Setting next_dagrun for example_local_kubernetes_executor to None, run_after=None
[2024-02-25T18:34:36.239+0000] {processor.py:183} INFO - Processing /home/airflow/.local/lib/python3.8/site-packages/airflow/example_dags/example_local_kubernetes_executor.py took 0.111 seconds
[2024-02-25T18:35:06.850+0000] {processor.py:161} INFO - Started process (PID=8847) to work on /home/airflow/.local/lib/python3.8/site-packages/airflow/example_dags/example_local_kubernetes_executor.py
[2024-02-25T18:35:06.851+0000] {processor.py:830} INFO - Processing file /home/airflow/.local/lib/python3.8/site-packages/airflow/example_dags/example_local_kubernetes_executor.py for tasks to queue
[2024-02-25T18:35:06.852+0000] {logging_mixin.py:188} INFO - [2024-02-25T18:35:06.852+0000] {dagbag.py:538} INFO - Filling up the DagBag from /home/airflow/.local/lib/python3.8/site-packages/airflow/example_dags/example_local_kubernetes_executor.py
[2024-02-25T18:35:06.861+0000] {processor.py:840} INFO - DAG(s) 'example_local_kubernetes_executor' retrieved from /home/airflow/.local/lib/python3.8/site-packages/airflow/example_dags/example_local_kubernetes_executor.py
[2024-02-25T18:35:06.900+0000] {logging_mixin.py:188} INFO - [2024-02-25T18:35:06.900+0000] {dag.py:3036} INFO - Sync 1 DAGs
[2024-02-25T18:35:06.914+0000] {logging_mixin.py:188} INFO - [2024-02-25T18:35:06.913+0000] {dag.py:3823} INFO - Setting next_dagrun for example_local_kubernetes_executor to None, run_after=None
[2024-02-25T18:35:06.938+0000] {processor.py:183} INFO - Processing /home/airflow/.local/lib/python3.8/site-packages/airflow/example_dags/example_local_kubernetes_executor.py took 0.091 seconds
[2024-02-25T18:35:37.285+0000] {processor.py:161} INFO - Started process (PID=8911) to work on /home/airflow/.local/lib/python3.8/site-packages/airflow/example_dags/example_local_kubernetes_executor.py
[2024-02-25T18:35:37.286+0000] {processor.py:830} INFO - Processing file /home/airflow/.local/lib/python3.8/site-packages/airflow/example_dags/example_local_kubernetes_executor.py for tasks to queue
[2024-02-25T18:35:37.288+0000] {logging_mixin.py:188} INFO - [2024-02-25T18:35:37.287+0000] {dagbag.py:538} INFO - Filling up the DagBag from /home/airflow/.local/lib/python3.8/site-packages/airflow/example_dags/example_local_kubernetes_executor.py
[2024-02-25T18:35:37.298+0000] {processor.py:840} INFO - DAG(s) 'example_local_kubernetes_executor' retrieved from /home/airflow/.local/lib/python3.8/site-packages/airflow/example_dags/example_local_kubernetes_executor.py
[2024-02-25T18:35:37.345+0000] {logging_mixin.py:188} INFO - [2024-02-25T18:35:37.345+0000] {dag.py:3036} INFO - Sync 1 DAGs
[2024-02-25T18:35:37.359+0000] {logging_mixin.py:188} INFO - [2024-02-25T18:35:37.359+0000] {dag.py:3823} INFO - Setting next_dagrun for example_local_kubernetes_executor to None, run_after=None
[2024-02-25T18:35:37.382+0000] {processor.py:183} INFO - Processing /home/airflow/.local/lib/python3.8/site-packages/airflow/example_dags/example_local_kubernetes_executor.py took 0.101 seconds
[2024-02-25T18:36:08.422+0000] {processor.py:161} INFO - Started process (PID=8975) to work on /home/airflow/.local/lib/python3.8/site-packages/airflow/example_dags/example_local_kubernetes_executor.py
[2024-02-25T18:36:08.423+0000] {processor.py:830} INFO - Processing file /home/airflow/.local/lib/python3.8/site-packages/airflow/example_dags/example_local_kubernetes_executor.py for tasks to queue
[2024-02-25T18:36:08.424+0000] {logging_mixin.py:188} INFO - [2024-02-25T18:36:08.424+0000] {dagbag.py:538} INFO - Filling up the DagBag from /home/airflow/.local/lib/python3.8/site-packages/airflow/example_dags/example_local_kubernetes_executor.py
[2024-02-25T18:36:08.433+0000] {processor.py:840} INFO - DAG(s) 'example_local_kubernetes_executor' retrieved from /home/airflow/.local/lib/python3.8/site-packages/airflow/example_dags/example_local_kubernetes_executor.py
[2024-02-25T18:36:08.475+0000] {logging_mixin.py:188} INFO - [2024-02-25T18:36:08.475+0000] {dag.py:3036} INFO - Sync 1 DAGs
[2024-02-25T18:36:08.490+0000] {logging_mixin.py:188} INFO - [2024-02-25T18:36:08.490+0000] {dag.py:3823} INFO - Setting next_dagrun for example_local_kubernetes_executor to None, run_after=None
[2024-02-25T18:36:08.515+0000] {processor.py:183} INFO - Processing /home/airflow/.local/lib/python3.8/site-packages/airflow/example_dags/example_local_kubernetes_executor.py took 0.098 seconds
[2024-02-25T18:36:38.676+0000] {processor.py:161} INFO - Started process (PID=9038) to work on /home/airflow/.local/lib/python3.8/site-packages/airflow/example_dags/example_local_kubernetes_executor.py
[2024-02-25T18:36:38.677+0000] {processor.py:830} INFO - Processing file /home/airflow/.local/lib/python3.8/site-packages/airflow/example_dags/example_local_kubernetes_executor.py for tasks to queue
[2024-02-25T18:36:38.679+0000] {logging_mixin.py:188} INFO - [2024-02-25T18:36:38.678+0000] {dagbag.py:538} INFO - Filling up the DagBag from /home/airflow/.local/lib/python3.8/site-packages/airflow/example_dags/example_local_kubernetes_executor.py
[2024-02-25T18:36:38.687+0000] {processor.py:840} INFO - DAG(s) 'example_local_kubernetes_executor' retrieved from /home/airflow/.local/lib/python3.8/site-packages/airflow/example_dags/example_local_kubernetes_executor.py
[2024-02-25T18:36:38.728+0000] {logging_mixin.py:188} INFO - [2024-02-25T18:36:38.728+0000] {dag.py:3036} INFO - Sync 1 DAGs
[2024-02-25T18:36:38.744+0000] {logging_mixin.py:188} INFO - [2024-02-25T18:36:38.743+0000] {dag.py:3823} INFO - Setting next_dagrun for example_local_kubernetes_executor to None, run_after=None
[2024-02-25T18:36:38.769+0000] {processor.py:183} INFO - Processing /home/airflow/.local/lib/python3.8/site-packages/airflow/example_dags/example_local_kubernetes_executor.py took 0.097 seconds
[2024-02-25T18:37:09.303+0000] {processor.py:161} INFO - Started process (PID=9101) to work on /home/airflow/.local/lib/python3.8/site-packages/airflow/example_dags/example_local_kubernetes_executor.py
[2024-02-25T18:37:09.304+0000] {processor.py:830} INFO - Processing file /home/airflow/.local/lib/python3.8/site-packages/airflow/example_dags/example_local_kubernetes_executor.py for tasks to queue
[2024-02-25T18:37:09.305+0000] {logging_mixin.py:188} INFO - [2024-02-25T18:37:09.305+0000] {dagbag.py:538} INFO - Filling up the DagBag from /home/airflow/.local/lib/python3.8/site-packages/airflow/example_dags/example_local_kubernetes_executor.py
[2024-02-25T18:37:09.316+0000] {processor.py:840} INFO - DAG(s) 'example_local_kubernetes_executor' retrieved from /home/airflow/.local/lib/python3.8/site-packages/airflow/example_dags/example_local_kubernetes_executor.py
[2024-02-25T18:37:09.354+0000] {logging_mixin.py:188} INFO - [2024-02-25T18:37:09.353+0000] {dag.py:3036} INFO - Sync 1 DAGs
[2024-02-25T18:37:09.369+0000] {logging_mixin.py:188} INFO - [2024-02-25T18:37:09.369+0000] {dag.py:3823} INFO - Setting next_dagrun for example_local_kubernetes_executor to None, run_after=None
[2024-02-25T18:37:09.391+0000] {processor.py:183} INFO - Processing /home/airflow/.local/lib/python3.8/site-packages/airflow/example_dags/example_local_kubernetes_executor.py took 0.093 seconds
[2024-02-25T18:37:40.411+0000] {processor.py:161} INFO - Started process (PID=9165) to work on /home/airflow/.local/lib/python3.8/site-packages/airflow/example_dags/example_local_kubernetes_executor.py
[2024-02-25T18:37:40.413+0000] {processor.py:830} INFO - Processing file /home/airflow/.local/lib/python3.8/site-packages/airflow/example_dags/example_local_kubernetes_executor.py for tasks to queue
[2024-02-25T18:37:40.414+0000] {logging_mixin.py:188} INFO - [2024-02-25T18:37:40.413+0000] {dagbag.py:538} INFO - Filling up the DagBag from /home/airflow/.local/lib/python3.8/site-packages/airflow/example_dags/example_local_kubernetes_executor.py
[2024-02-25T18:37:40.424+0000] {processor.py:840} INFO - DAG(s) 'example_local_kubernetes_executor' retrieved from /home/airflow/.local/lib/python3.8/site-packages/airflow/example_dags/example_local_kubernetes_executor.py
[2024-02-25T18:37:40.461+0000] {logging_mixin.py:188} INFO - [2024-02-25T18:37:40.461+0000] {dag.py:3036} INFO - Sync 1 DAGs
[2024-02-25T18:37:40.476+0000] {logging_mixin.py:188} INFO - [2024-02-25T18:37:40.476+0000] {dag.py:3823} INFO - Setting next_dagrun for example_local_kubernetes_executor to None, run_after=None
[2024-02-25T18:37:40.497+0000] {processor.py:183} INFO - Processing /home/airflow/.local/lib/python3.8/site-packages/airflow/example_dags/example_local_kubernetes_executor.py took 0.090 seconds
[2024-02-25T18:38:11.198+0000] {processor.py:161} INFO - Started process (PID=9229) to work on /home/airflow/.local/lib/python3.8/site-packages/airflow/example_dags/example_local_kubernetes_executor.py
[2024-02-25T18:38:11.199+0000] {processor.py:830} INFO - Processing file /home/airflow/.local/lib/python3.8/site-packages/airflow/example_dags/example_local_kubernetes_executor.py for tasks to queue
[2024-02-25T18:38:11.200+0000] {logging_mixin.py:188} INFO - [2024-02-25T18:38:11.200+0000] {dagbag.py:538} INFO - Filling up the DagBag from /home/airflow/.local/lib/python3.8/site-packages/airflow/example_dags/example_local_kubernetes_executor.py
[2024-02-25T18:38:11.210+0000] {processor.py:840} INFO - DAG(s) 'example_local_kubernetes_executor' retrieved from /home/airflow/.local/lib/python3.8/site-packages/airflow/example_dags/example_local_kubernetes_executor.py
[2024-02-25T18:38:11.251+0000] {logging_mixin.py:188} INFO - [2024-02-25T18:38:11.250+0000] {dag.py:3036} INFO - Sync 1 DAGs
[2024-02-25T18:38:11.265+0000] {logging_mixin.py:188} INFO - [2024-02-25T18:38:11.265+0000] {dag.py:3823} INFO - Setting next_dagrun for example_local_kubernetes_executor to None, run_after=None
[2024-02-25T18:38:11.286+0000] {processor.py:183} INFO - Processing /home/airflow/.local/lib/python3.8/site-packages/airflow/example_dags/example_local_kubernetes_executor.py took 0.092 seconds
[2024-02-25T18:38:41.991+0000] {processor.py:161} INFO - Started process (PID=9292) to work on /home/airflow/.local/lib/python3.8/site-packages/airflow/example_dags/example_local_kubernetes_executor.py
[2024-02-25T18:38:41.992+0000] {processor.py:830} INFO - Processing file /home/airflow/.local/lib/python3.8/site-packages/airflow/example_dags/example_local_kubernetes_executor.py for tasks to queue
[2024-02-25T18:38:41.993+0000] {logging_mixin.py:188} INFO - [2024-02-25T18:38:41.993+0000] {dagbag.py:538} INFO - Filling up the DagBag from /home/airflow/.local/lib/python3.8/site-packages/airflow/example_dags/example_local_kubernetes_executor.py
[2024-02-25T18:38:42.004+0000] {processor.py:840} INFO - DAG(s) 'example_local_kubernetes_executor' retrieved from /home/airflow/.local/lib/python3.8/site-packages/airflow/example_dags/example_local_kubernetes_executor.py
[2024-02-25T18:38:42.045+0000] {logging_mixin.py:188} INFO - [2024-02-25T18:38:42.045+0000] {dag.py:3036} INFO - Sync 1 DAGs
[2024-02-25T18:38:42.060+0000] {logging_mixin.py:188} INFO - [2024-02-25T18:38:42.060+0000] {dag.py:3823} INFO - Setting next_dagrun for example_local_kubernetes_executor to None, run_after=None
[2024-02-25T18:38:42.099+0000] {processor.py:183} INFO - Processing /home/airflow/.local/lib/python3.8/site-packages/airflow/example_dags/example_local_kubernetes_executor.py took 0.112 seconds
[2024-02-25T18:39:12.993+0000] {processor.py:161} INFO - Started process (PID=9355) to work on /home/airflow/.local/lib/python3.8/site-packages/airflow/example_dags/example_local_kubernetes_executor.py
[2024-02-25T18:39:12.994+0000] {processor.py:830} INFO - Processing file /home/airflow/.local/lib/python3.8/site-packages/airflow/example_dags/example_local_kubernetes_executor.py for tasks to queue
[2024-02-25T18:39:12.995+0000] {logging_mixin.py:188} INFO - [2024-02-25T18:39:12.995+0000] {dagbag.py:538} INFO - Filling up the DagBag from /home/airflow/.local/lib/python3.8/site-packages/airflow/example_dags/example_local_kubernetes_executor.py
[2024-02-25T18:39:13.007+0000] {processor.py:840} INFO - DAG(s) 'example_local_kubernetes_executor' retrieved from /home/airflow/.local/lib/python3.8/site-packages/airflow/example_dags/example_local_kubernetes_executor.py
[2024-02-25T18:39:13.048+0000] {logging_mixin.py:188} INFO - [2024-02-25T18:39:13.048+0000] {dag.py:3036} INFO - Sync 1 DAGs
[2024-02-25T18:39:13.062+0000] {logging_mixin.py:188} INFO - [2024-02-25T18:39:13.062+0000] {dag.py:3823} INFO - Setting next_dagrun for example_local_kubernetes_executor to None, run_after=None
[2024-02-25T18:39:13.086+0000] {processor.py:183} INFO - Processing /home/airflow/.local/lib/python3.8/site-packages/airflow/example_dags/example_local_kubernetes_executor.py took 0.097 seconds
[2024-02-25T18:39:43.647+0000] {processor.py:161} INFO - Started process (PID=9417) to work on /home/airflow/.local/lib/python3.8/site-packages/airflow/example_dags/example_local_kubernetes_executor.py
[2024-02-25T18:39:43.648+0000] {processor.py:830} INFO - Processing file /home/airflow/.local/lib/python3.8/site-packages/airflow/example_dags/example_local_kubernetes_executor.py for tasks to queue
[2024-02-25T18:39:43.650+0000] {logging_mixin.py:188} INFO - [2024-02-25T18:39:43.649+0000] {dagbag.py:538} INFO - Filling up the DagBag from /home/airflow/.local/lib/python3.8/site-packages/airflow/example_dags/example_local_kubernetes_executor.py
[2024-02-25T18:39:43.660+0000] {processor.py:840} INFO - DAG(s) 'example_local_kubernetes_executor' retrieved from /home/airflow/.local/lib/python3.8/site-packages/airflow/example_dags/example_local_kubernetes_executor.py
[2024-02-25T18:39:43.700+0000] {logging_mixin.py:188} INFO - [2024-02-25T18:39:43.700+0000] {dag.py:3036} INFO - Sync 1 DAGs
[2024-02-25T18:39:43.714+0000] {logging_mixin.py:188} INFO - [2024-02-25T18:39:43.713+0000] {dag.py:3823} INFO - Setting next_dagrun for example_local_kubernetes_executor to None, run_after=None
[2024-02-25T18:39:43.739+0000] {processor.py:183} INFO - Processing /home/airflow/.local/lib/python3.8/site-packages/airflow/example_dags/example_local_kubernetes_executor.py took 0.096 seconds
[2024-02-25T18:40:14.442+0000] {processor.py:161} INFO - Started process (PID=9480) to work on /home/airflow/.local/lib/python3.8/site-packages/airflow/example_dags/example_local_kubernetes_executor.py
[2024-02-25T18:40:14.443+0000] {processor.py:830} INFO - Processing file /home/airflow/.local/lib/python3.8/site-packages/airflow/example_dags/example_local_kubernetes_executor.py for tasks to queue
[2024-02-25T18:40:14.444+0000] {logging_mixin.py:188} INFO - [2024-02-25T18:40:14.444+0000] {dagbag.py:538} INFO - Filling up the DagBag from /home/airflow/.local/lib/python3.8/site-packages/airflow/example_dags/example_local_kubernetes_executor.py
[2024-02-25T18:40:14.454+0000] {processor.py:840} INFO - DAG(s) 'example_local_kubernetes_executor' retrieved from /home/airflow/.local/lib/python3.8/site-packages/airflow/example_dags/example_local_kubernetes_executor.py
[2024-02-25T18:40:14.492+0000] {logging_mixin.py:188} INFO - [2024-02-25T18:40:14.492+0000] {dag.py:3036} INFO - Sync 1 DAGs
[2024-02-25T18:40:14.506+0000] {logging_mixin.py:188} INFO - [2024-02-25T18:40:14.505+0000] {dag.py:3823} INFO - Setting next_dagrun for example_local_kubernetes_executor to None, run_after=None
[2024-02-25T18:40:14.527+0000] {processor.py:183} INFO - Processing /home/airflow/.local/lib/python3.8/site-packages/airflow/example_dags/example_local_kubernetes_executor.py took 0.089 seconds
[2024-02-25T20:59:46.337+0000] {processor.py:161} INFO - Started process (PID=9547) to work on /home/airflow/.local/lib/python3.8/site-packages/airflow/example_dags/example_local_kubernetes_executor.py
[2024-02-25T20:59:46.339+0000] {processor.py:830} INFO - Processing file /home/airflow/.local/lib/python3.8/site-packages/airflow/example_dags/example_local_kubernetes_executor.py for tasks to queue
[2024-02-25T20:59:46.340+0000] {logging_mixin.py:188} INFO - [2024-02-25T20:59:46.339+0000] {dagbag.py:538} INFO - Filling up the DagBag from /home/airflow/.local/lib/python3.8/site-packages/airflow/example_dags/example_local_kubernetes_executor.py
[2024-02-25T20:59:46.352+0000] {processor.py:840} INFO - DAG(s) 'example_local_kubernetes_executor' retrieved from /home/airflow/.local/lib/python3.8/site-packages/airflow/example_dags/example_local_kubernetes_executor.py
[2024-02-25T20:59:46.401+0000] {logging_mixin.py:188} INFO - [2024-02-25T20:59:46.400+0000] {dag.py:3036} INFO - Sync 1 DAGs
[2024-02-25T20:59:46.420+0000] {logging_mixin.py:188} INFO - [2024-02-25T20:59:46.420+0000] {dag.py:3823} INFO - Setting next_dagrun for example_local_kubernetes_executor to None, run_after=None
[2024-02-25T20:59:46.449+0000] {processor.py:183} INFO - Processing /home/airflow/.local/lib/python3.8/site-packages/airflow/example_dags/example_local_kubernetes_executor.py took 0.117 seconds
[2024-02-25T21:00:16.840+0000] {processor.py:161} INFO - Started process (PID=9618) to work on /home/airflow/.local/lib/python3.8/site-packages/airflow/example_dags/example_local_kubernetes_executor.py
[2024-02-25T21:00:16.841+0000] {processor.py:830} INFO - Processing file /home/airflow/.local/lib/python3.8/site-packages/airflow/example_dags/example_local_kubernetes_executor.py for tasks to queue
[2024-02-25T21:00:16.842+0000] {logging_mixin.py:188} INFO - [2024-02-25T21:00:16.842+0000] {dagbag.py:538} INFO - Filling up the DagBag from /home/airflow/.local/lib/python3.8/site-packages/airflow/example_dags/example_local_kubernetes_executor.py
[2024-02-25T21:00:16.852+0000] {processor.py:840} INFO - DAG(s) 'example_local_kubernetes_executor' retrieved from /home/airflow/.local/lib/python3.8/site-packages/airflow/example_dags/example_local_kubernetes_executor.py
[2024-02-25T21:00:16.895+0000] {logging_mixin.py:188} INFO - [2024-02-25T21:00:16.895+0000] {dag.py:3036} INFO - Sync 1 DAGs
[2024-02-25T21:00:16.910+0000] {logging_mixin.py:188} INFO - [2024-02-25T21:00:16.910+0000] {dag.py:3823} INFO - Setting next_dagrun for example_local_kubernetes_executor to None, run_after=None
[2024-02-25T21:00:16.938+0000] {processor.py:183} INFO - Processing /home/airflow/.local/lib/python3.8/site-packages/airflow/example_dags/example_local_kubernetes_executor.py took 0.103 seconds
[2024-02-25T21:00:47.373+0000] {processor.py:161} INFO - Started process (PID=9681) to work on /home/airflow/.local/lib/python3.8/site-packages/airflow/example_dags/example_local_kubernetes_executor.py
[2024-02-25T21:00:47.374+0000] {processor.py:830} INFO - Processing file /home/airflow/.local/lib/python3.8/site-packages/airflow/example_dags/example_local_kubernetes_executor.py for tasks to queue
[2024-02-25T21:00:47.375+0000] {logging_mixin.py:188} INFO - [2024-02-25T21:00:47.375+0000] {dagbag.py:538} INFO - Filling up the DagBag from /home/airflow/.local/lib/python3.8/site-packages/airflow/example_dags/example_local_kubernetes_executor.py
[2024-02-25T21:00:47.384+0000] {processor.py:840} INFO - DAG(s) 'example_local_kubernetes_executor' retrieved from /home/airflow/.local/lib/python3.8/site-packages/airflow/example_dags/example_local_kubernetes_executor.py
[2024-02-25T21:00:47.421+0000] {logging_mixin.py:188} INFO - [2024-02-25T21:00:47.420+0000] {dag.py:3036} INFO - Sync 1 DAGs
[2024-02-25T21:00:47.433+0000] {logging_mixin.py:188} INFO - [2024-02-25T21:00:47.433+0000] {dag.py:3823} INFO - Setting next_dagrun for example_local_kubernetes_executor to None, run_after=None
[2024-02-25T21:00:47.456+0000] {processor.py:183} INFO - Processing /home/airflow/.local/lib/python3.8/site-packages/airflow/example_dags/example_local_kubernetes_executor.py took 0.088 seconds
[2024-02-25T21:01:18.239+0000] {processor.py:161} INFO - Started process (PID=9744) to work on /home/airflow/.local/lib/python3.8/site-packages/airflow/example_dags/example_local_kubernetes_executor.py
[2024-02-25T21:01:18.241+0000] {processor.py:830} INFO - Processing file /home/airflow/.local/lib/python3.8/site-packages/airflow/example_dags/example_local_kubernetes_executor.py for tasks to queue
[2024-02-25T21:01:18.242+0000] {logging_mixin.py:188} INFO - [2024-02-25T21:01:18.241+0000] {dagbag.py:538} INFO - Filling up the DagBag from /home/airflow/.local/lib/python3.8/site-packages/airflow/example_dags/example_local_kubernetes_executor.py
[2024-02-25T21:01:18.250+0000] {processor.py:840} INFO - DAG(s) 'example_local_kubernetes_executor' retrieved from /home/airflow/.local/lib/python3.8/site-packages/airflow/example_dags/example_local_kubernetes_executor.py
[2024-02-25T21:01:18.289+0000] {logging_mixin.py:188} INFO - [2024-02-25T21:01:18.288+0000] {dag.py:3036} INFO - Sync 1 DAGs
[2024-02-25T21:01:18.306+0000] {logging_mixin.py:188} INFO - [2024-02-25T21:01:18.306+0000] {dag.py:3823} INFO - Setting next_dagrun for example_local_kubernetes_executor to None, run_after=None
[2024-02-25T21:01:18.330+0000] {processor.py:183} INFO - Processing /home/airflow/.local/lib/python3.8/site-packages/airflow/example_dags/example_local_kubernetes_executor.py took 0.095 seconds
[2024-02-25T21:01:48.787+0000] {processor.py:161} INFO - Started process (PID=9807) to work on /home/airflow/.local/lib/python3.8/site-packages/airflow/example_dags/example_local_kubernetes_executor.py
[2024-02-25T21:01:48.789+0000] {processor.py:830} INFO - Processing file /home/airflow/.local/lib/python3.8/site-packages/airflow/example_dags/example_local_kubernetes_executor.py for tasks to queue
[2024-02-25T21:01:48.790+0000] {logging_mixin.py:188} INFO - [2024-02-25T21:01:48.789+0000] {dagbag.py:538} INFO - Filling up the DagBag from /home/airflow/.local/lib/python3.8/site-packages/airflow/example_dags/example_local_kubernetes_executor.py
[2024-02-25T21:01:48.798+0000] {processor.py:840} INFO - DAG(s) 'example_local_kubernetes_executor' retrieved from /home/airflow/.local/lib/python3.8/site-packages/airflow/example_dags/example_local_kubernetes_executor.py
[2024-02-25T21:01:48.837+0000] {logging_mixin.py:188} INFO - [2024-02-25T21:01:48.836+0000] {dag.py:3036} INFO - Sync 1 DAGs
[2024-02-25T21:01:48.850+0000] {logging_mixin.py:188} INFO - [2024-02-25T21:01:48.849+0000] {dag.py:3823} INFO - Setting next_dagrun for example_local_kubernetes_executor to None, run_after=None
[2024-02-25T21:01:48.873+0000] {processor.py:183} INFO - Processing /home/airflow/.local/lib/python3.8/site-packages/airflow/example_dags/example_local_kubernetes_executor.py took 0.090 seconds
[2024-02-25T21:02:19.415+0000] {processor.py:161} INFO - Started process (PID=9870) to work on /home/airflow/.local/lib/python3.8/site-packages/airflow/example_dags/example_local_kubernetes_executor.py
[2024-02-25T21:02:19.417+0000] {processor.py:830} INFO - Processing file /home/airflow/.local/lib/python3.8/site-packages/airflow/example_dags/example_local_kubernetes_executor.py for tasks to queue
[2024-02-25T21:02:19.418+0000] {logging_mixin.py:188} INFO - [2024-02-25T21:02:19.417+0000] {dagbag.py:538} INFO - Filling up the DagBag from /home/airflow/.local/lib/python3.8/site-packages/airflow/example_dags/example_local_kubernetes_executor.py
[2024-02-25T21:02:19.426+0000] {processor.py:840} INFO - DAG(s) 'example_local_kubernetes_executor' retrieved from /home/airflow/.local/lib/python3.8/site-packages/airflow/example_dags/example_local_kubernetes_executor.py
[2024-02-25T21:02:19.473+0000] {logging_mixin.py:188} INFO - [2024-02-25T21:02:19.473+0000] {dag.py:3036} INFO - Sync 1 DAGs
[2024-02-25T21:02:19.486+0000] {logging_mixin.py:188} INFO - [2024-02-25T21:02:19.486+0000] {dag.py:3823} INFO - Setting next_dagrun for example_local_kubernetes_executor to None, run_after=None
[2024-02-25T21:02:19.510+0000] {processor.py:183} INFO - Processing /home/airflow/.local/lib/python3.8/site-packages/airflow/example_dags/example_local_kubernetes_executor.py took 0.099 seconds
[2024-02-25T21:02:50.145+0000] {processor.py:161} INFO - Started process (PID=9933) to work on /home/airflow/.local/lib/python3.8/site-packages/airflow/example_dags/example_local_kubernetes_executor.py
[2024-02-25T21:02:50.146+0000] {processor.py:830} INFO - Processing file /home/airflow/.local/lib/python3.8/site-packages/airflow/example_dags/example_local_kubernetes_executor.py for tasks to queue
[2024-02-25T21:02:50.147+0000] {logging_mixin.py:188} INFO - [2024-02-25T21:02:50.147+0000] {dagbag.py:538} INFO - Filling up the DagBag from /home/airflow/.local/lib/python3.8/site-packages/airflow/example_dags/example_local_kubernetes_executor.py
[2024-02-25T21:02:50.155+0000] {processor.py:840} INFO - DAG(s) 'example_local_kubernetes_executor' retrieved from /home/airflow/.local/lib/python3.8/site-packages/airflow/example_dags/example_local_kubernetes_executor.py
[2024-02-25T21:02:50.193+0000] {logging_mixin.py:188} INFO - [2024-02-25T21:02:50.193+0000] {dag.py:3036} INFO - Sync 1 DAGs
[2024-02-25T21:02:50.206+0000] {logging_mixin.py:188} INFO - [2024-02-25T21:02:50.206+0000] {dag.py:3823} INFO - Setting next_dagrun for example_local_kubernetes_executor to None, run_after=None
[2024-02-25T21:02:50.230+0000] {processor.py:183} INFO - Processing /home/airflow/.local/lib/python3.8/site-packages/airflow/example_dags/example_local_kubernetes_executor.py took 0.089 seconds
[2024-02-25T21:03:20.728+0000] {processor.py:161} INFO - Started process (PID=9996) to work on /home/airflow/.local/lib/python3.8/site-packages/airflow/example_dags/example_local_kubernetes_executor.py
[2024-02-25T21:03:20.729+0000] {processor.py:830} INFO - Processing file /home/airflow/.local/lib/python3.8/site-packages/airflow/example_dags/example_local_kubernetes_executor.py for tasks to queue
[2024-02-25T21:03:20.730+0000] {logging_mixin.py:188} INFO - [2024-02-25T21:03:20.730+0000] {dagbag.py:538} INFO - Filling up the DagBag from /home/airflow/.local/lib/python3.8/site-packages/airflow/example_dags/example_local_kubernetes_executor.py
[2024-02-25T21:03:20.738+0000] {processor.py:840} INFO - DAG(s) 'example_local_kubernetes_executor' retrieved from /home/airflow/.local/lib/python3.8/site-packages/airflow/example_dags/example_local_kubernetes_executor.py
[2024-02-25T21:03:20.775+0000] {logging_mixin.py:188} INFO - [2024-02-25T21:03:20.775+0000] {dag.py:3036} INFO - Sync 1 DAGs
[2024-02-25T21:03:20.789+0000] {logging_mixin.py:188} INFO - [2024-02-25T21:03:20.788+0000] {dag.py:3823} INFO - Setting next_dagrun for example_local_kubernetes_executor to None, run_after=None
[2024-02-25T21:03:20.812+0000] {processor.py:183} INFO - Processing /home/airflow/.local/lib/python3.8/site-packages/airflow/example_dags/example_local_kubernetes_executor.py took 0.088 seconds
[2024-02-25T21:03:51.440+0000] {processor.py:161} INFO - Started process (PID=10059) to work on /home/airflow/.local/lib/python3.8/site-packages/airflow/example_dags/example_local_kubernetes_executor.py
[2024-02-25T21:03:51.442+0000] {processor.py:830} INFO - Processing file /home/airflow/.local/lib/python3.8/site-packages/airflow/example_dags/example_local_kubernetes_executor.py for tasks to queue
[2024-02-25T21:03:51.443+0000] {logging_mixin.py:188} INFO - [2024-02-25T21:03:51.442+0000] {dagbag.py:538} INFO - Filling up the DagBag from /home/airflow/.local/lib/python3.8/site-packages/airflow/example_dags/example_local_kubernetes_executor.py
[2024-02-25T21:03:51.452+0000] {processor.py:840} INFO - DAG(s) 'example_local_kubernetes_executor' retrieved from /home/airflow/.local/lib/python3.8/site-packages/airflow/example_dags/example_local_kubernetes_executor.py
[2024-02-25T21:03:51.491+0000] {logging_mixin.py:188} INFO - [2024-02-25T21:03:51.491+0000] {dag.py:3036} INFO - Sync 1 DAGs
[2024-02-25T21:03:51.505+0000] {logging_mixin.py:188} INFO - [2024-02-25T21:03:51.505+0000] {dag.py:3823} INFO - Setting next_dagrun for example_local_kubernetes_executor to None, run_after=None
[2024-02-25T21:03:51.529+0000] {processor.py:183} INFO - Processing /home/airflow/.local/lib/python3.8/site-packages/airflow/example_dags/example_local_kubernetes_executor.py took 0.093 seconds
[2024-02-25T21:04:21.880+0000] {processor.py:161} INFO - Started process (PID=10122) to work on /home/airflow/.local/lib/python3.8/site-packages/airflow/example_dags/example_local_kubernetes_executor.py
[2024-02-25T21:04:21.881+0000] {processor.py:830} INFO - Processing file /home/airflow/.local/lib/python3.8/site-packages/airflow/example_dags/example_local_kubernetes_executor.py for tasks to queue
[2024-02-25T21:04:21.883+0000] {logging_mixin.py:188} INFO - [2024-02-25T21:04:21.882+0000] {dagbag.py:538} INFO - Filling up the DagBag from /home/airflow/.local/lib/python3.8/site-packages/airflow/example_dags/example_local_kubernetes_executor.py
[2024-02-25T21:04:21.891+0000] {processor.py:840} INFO - DAG(s) 'example_local_kubernetes_executor' retrieved from /home/airflow/.local/lib/python3.8/site-packages/airflow/example_dags/example_local_kubernetes_executor.py
[2024-02-25T21:04:21.930+0000] {logging_mixin.py:188} INFO - [2024-02-25T21:04:21.930+0000] {dag.py:3036} INFO - Sync 1 DAGs
[2024-02-25T21:04:21.945+0000] {logging_mixin.py:188} INFO - [2024-02-25T21:04:21.945+0000] {dag.py:3823} INFO - Setting next_dagrun for example_local_kubernetes_executor to None, run_after=None
[2024-02-25T21:04:21.968+0000] {processor.py:183} INFO - Processing /home/airflow/.local/lib/python3.8/site-packages/airflow/example_dags/example_local_kubernetes_executor.py took 0.092 seconds
[2024-02-25T21:04:52.068+0000] {processor.py:161} INFO - Started process (PID=10183) to work on /home/airflow/.local/lib/python3.8/site-packages/airflow/example_dags/example_local_kubernetes_executor.py
[2024-02-25T21:04:52.069+0000] {processor.py:830} INFO - Processing file /home/airflow/.local/lib/python3.8/site-packages/airflow/example_dags/example_local_kubernetes_executor.py for tasks to queue
[2024-02-25T21:04:52.070+0000] {logging_mixin.py:188} INFO - [2024-02-25T21:04:52.070+0000] {dagbag.py:538} INFO - Filling up the DagBag from /home/airflow/.local/lib/python3.8/site-packages/airflow/example_dags/example_local_kubernetes_executor.py
[2024-02-25T21:04:52.079+0000] {processor.py:840} INFO - DAG(s) 'example_local_kubernetes_executor' retrieved from /home/airflow/.local/lib/python3.8/site-packages/airflow/example_dags/example_local_kubernetes_executor.py
[2024-02-25T21:04:52.120+0000] {logging_mixin.py:188} INFO - [2024-02-25T21:04:52.120+0000] {dag.py:3036} INFO - Sync 1 DAGs
[2024-02-25T21:04:52.134+0000] {logging_mixin.py:188} INFO - [2024-02-25T21:04:52.133+0000] {dag.py:3823} INFO - Setting next_dagrun for example_local_kubernetes_executor to None, run_after=None
[2024-02-25T21:04:52.157+0000] {processor.py:183} INFO - Processing /home/airflow/.local/lib/python3.8/site-packages/airflow/example_dags/example_local_kubernetes_executor.py took 0.093 seconds
