[2024-02-25T00:03:56.590+0000] {processor.py:161} INFO - Started process (PID=5873) to work on /home/airflow/.local/lib/python3.8/site-packages/airflow/example_dags/example_task_group.py
[2024-02-25T00:03:56.591+0000] {processor.py:830} INFO - Processing file /home/airflow/.local/lib/python3.8/site-packages/airflow/example_dags/example_task_group.py for tasks to queue
[2024-02-25T00:03:56.593+0000] {logging_mixin.py:188} INFO - [2024-02-25T00:03:56.592+0000] {dagbag.py:538} INFO - Filling up the DagBag from /home/airflow/.local/lib/python3.8/site-packages/airflow/example_dags/example_task_group.py
[2024-02-25T00:03:56.610+0000] {processor.py:840} INFO - DAG(s) 'example_task_group' retrieved from /home/airflow/.local/lib/python3.8/site-packages/airflow/example_dags/example_task_group.py
[2024-02-25T00:03:56.645+0000] {logging_mixin.py:188} INFO - [2024-02-25T00:03:56.644+0000] {dag.py:3036} INFO - Sync 1 DAGs
[2024-02-25T00:03:56.709+0000] {logging_mixin.py:188} INFO - [2024-02-25T00:03:56.708+0000] {dag.py:3823} INFO - Setting next_dagrun for example_task_group to 2024-02-24 00:00:00+00:00, run_after=2024-02-25 00:00:00+00:00
[2024-02-25T00:03:56.785+0000] {processor.py:183} INFO - Processing /home/airflow/.local/lib/python3.8/site-packages/airflow/example_dags/example_task_group.py took 0.200 seconds
[2024-02-25T00:04:26.961+0000] {processor.py:161} INFO - Started process (PID=5940) to work on /home/airflow/.local/lib/python3.8/site-packages/airflow/example_dags/example_task_group.py
[2024-02-25T00:04:26.962+0000] {processor.py:830} INFO - Processing file /home/airflow/.local/lib/python3.8/site-packages/airflow/example_dags/example_task_group.py for tasks to queue
[2024-02-25T00:04:26.963+0000] {logging_mixin.py:188} INFO - [2024-02-25T00:04:26.963+0000] {dagbag.py:538} INFO - Filling up the DagBag from /home/airflow/.local/lib/python3.8/site-packages/airflow/example_dags/example_task_group.py
[2024-02-25T00:04:26.971+0000] {processor.py:840} INFO - DAG(s) 'example_task_group' retrieved from /home/airflow/.local/lib/python3.8/site-packages/airflow/example_dags/example_task_group.py
[2024-02-25T00:04:26.995+0000] {logging_mixin.py:188} INFO - [2024-02-25T00:04:26.995+0000] {dag.py:3036} INFO - Sync 1 DAGs
[2024-02-25T00:04:27.017+0000] {logging_mixin.py:188} INFO - [2024-02-25T00:04:27.017+0000] {dag.py:3823} INFO - Setting next_dagrun for example_task_group to 2024-02-24 00:00:00+00:00, run_after=2024-02-25 00:00:00+00:00
[2024-02-25T00:04:27.039+0000] {processor.py:183} INFO - Processing /home/airflow/.local/lib/python3.8/site-packages/airflow/example_dags/example_task_group.py took 0.081 seconds
[2024-02-25T00:04:58.093+0000] {processor.py:161} INFO - Started process (PID=6003) to work on /home/airflow/.local/lib/python3.8/site-packages/airflow/example_dags/example_task_group.py
[2024-02-25T00:04:58.094+0000] {processor.py:830} INFO - Processing file /home/airflow/.local/lib/python3.8/site-packages/airflow/example_dags/example_task_group.py for tasks to queue
[2024-02-25T00:04:58.095+0000] {logging_mixin.py:188} INFO - [2024-02-25T00:04:58.095+0000] {dagbag.py:538} INFO - Filling up the DagBag from /home/airflow/.local/lib/python3.8/site-packages/airflow/example_dags/example_task_group.py
[2024-02-25T00:04:58.104+0000] {processor.py:840} INFO - DAG(s) 'example_task_group' retrieved from /home/airflow/.local/lib/python3.8/site-packages/airflow/example_dags/example_task_group.py
[2024-02-25T00:04:58.131+0000] {logging_mixin.py:188} INFO - [2024-02-25T00:04:58.131+0000] {dag.py:3036} INFO - Sync 1 DAGs
[2024-02-25T00:04:58.154+0000] {logging_mixin.py:188} INFO - [2024-02-25T00:04:58.154+0000] {dag.py:3823} INFO - Setting next_dagrun for example_task_group to 2024-02-24 00:00:00+00:00, run_after=2024-02-25 00:00:00+00:00
[2024-02-25T00:04:58.183+0000] {processor.py:183} INFO - Processing /home/airflow/.local/lib/python3.8/site-packages/airflow/example_dags/example_task_group.py took 0.094 seconds
[2024-02-25T00:05:28.526+0000] {processor.py:161} INFO - Started process (PID=6067) to work on /home/airflow/.local/lib/python3.8/site-packages/airflow/example_dags/example_task_group.py
[2024-02-25T00:05:28.527+0000] {processor.py:830} INFO - Processing file /home/airflow/.local/lib/python3.8/site-packages/airflow/example_dags/example_task_group.py for tasks to queue
[2024-02-25T00:05:28.528+0000] {logging_mixin.py:188} INFO - [2024-02-25T00:05:28.528+0000] {dagbag.py:538} INFO - Filling up the DagBag from /home/airflow/.local/lib/python3.8/site-packages/airflow/example_dags/example_task_group.py
[2024-02-25T00:05:28.536+0000] {processor.py:840} INFO - DAG(s) 'example_task_group' retrieved from /home/airflow/.local/lib/python3.8/site-packages/airflow/example_dags/example_task_group.py
[2024-02-25T00:05:28.560+0000] {logging_mixin.py:188} INFO - [2024-02-25T00:05:28.560+0000] {dag.py:3036} INFO - Sync 1 DAGs
[2024-02-25T00:05:28.581+0000] {logging_mixin.py:188} INFO - [2024-02-25T00:05:28.581+0000] {dag.py:3823} INFO - Setting next_dagrun for example_task_group to 2024-02-24 00:00:00+00:00, run_after=2024-02-25 00:00:00+00:00
[2024-02-25T00:05:28.603+0000] {processor.py:183} INFO - Processing /home/airflow/.local/lib/python3.8/site-packages/airflow/example_dags/example_task_group.py took 0.081 seconds
[2024-02-25T00:05:59.456+0000] {processor.py:161} INFO - Started process (PID=6130) to work on /home/airflow/.local/lib/python3.8/site-packages/airflow/example_dags/example_task_group.py
[2024-02-25T00:05:59.458+0000] {processor.py:830} INFO - Processing file /home/airflow/.local/lib/python3.8/site-packages/airflow/example_dags/example_task_group.py for tasks to queue
[2024-02-25T00:05:59.459+0000] {logging_mixin.py:188} INFO - [2024-02-25T00:05:59.459+0000] {dagbag.py:538} INFO - Filling up the DagBag from /home/airflow/.local/lib/python3.8/site-packages/airflow/example_dags/example_task_group.py
[2024-02-25T00:05:59.467+0000] {processor.py:840} INFO - DAG(s) 'example_task_group' retrieved from /home/airflow/.local/lib/python3.8/site-packages/airflow/example_dags/example_task_group.py
[2024-02-25T00:05:59.492+0000] {logging_mixin.py:188} INFO - [2024-02-25T00:05:59.492+0000] {dag.py:3036} INFO - Sync 1 DAGs
[2024-02-25T00:05:59.514+0000] {logging_mixin.py:188} INFO - [2024-02-25T00:05:59.514+0000] {dag.py:3823} INFO - Setting next_dagrun for example_task_group to 2024-02-24 00:00:00+00:00, run_after=2024-02-25 00:00:00+00:00
[2024-02-25T00:05:59.539+0000] {processor.py:183} INFO - Processing /home/airflow/.local/lib/python3.8/site-packages/airflow/example_dags/example_task_group.py took 0.087 seconds
[2024-02-25T00:06:30.285+0000] {processor.py:161} INFO - Started process (PID=6194) to work on /home/airflow/.local/lib/python3.8/site-packages/airflow/example_dags/example_task_group.py
[2024-02-25T00:06:30.287+0000] {processor.py:830} INFO - Processing file /home/airflow/.local/lib/python3.8/site-packages/airflow/example_dags/example_task_group.py for tasks to queue
[2024-02-25T00:06:30.288+0000] {logging_mixin.py:188} INFO - [2024-02-25T00:06:30.287+0000] {dagbag.py:538} INFO - Filling up the DagBag from /home/airflow/.local/lib/python3.8/site-packages/airflow/example_dags/example_task_group.py
[2024-02-25T00:06:30.296+0000] {processor.py:840} INFO - DAG(s) 'example_task_group' retrieved from /home/airflow/.local/lib/python3.8/site-packages/airflow/example_dags/example_task_group.py
[2024-02-25T00:06:30.321+0000] {logging_mixin.py:188} INFO - [2024-02-25T00:06:30.321+0000] {dag.py:3036} INFO - Sync 1 DAGs
[2024-02-25T00:06:30.342+0000] {logging_mixin.py:188} INFO - [2024-02-25T00:06:30.342+0000] {dag.py:3823} INFO - Setting next_dagrun for example_task_group to 2024-02-24 00:00:00+00:00, run_after=2024-02-25 00:00:00+00:00
[2024-02-25T00:06:30.364+0000] {processor.py:183} INFO - Processing /home/airflow/.local/lib/python3.8/site-packages/airflow/example_dags/example_task_group.py took 0.082 seconds
[2024-02-25T00:07:01.162+0000] {processor.py:161} INFO - Started process (PID=6257) to work on /home/airflow/.local/lib/python3.8/site-packages/airflow/example_dags/example_task_group.py
[2024-02-25T00:07:01.163+0000] {processor.py:830} INFO - Processing file /home/airflow/.local/lib/python3.8/site-packages/airflow/example_dags/example_task_group.py for tasks to queue
[2024-02-25T00:07:01.164+0000] {logging_mixin.py:188} INFO - [2024-02-25T00:07:01.164+0000] {dagbag.py:538} INFO - Filling up the DagBag from /home/airflow/.local/lib/python3.8/site-packages/airflow/example_dags/example_task_group.py
[2024-02-25T00:07:01.173+0000] {processor.py:840} INFO - DAG(s) 'example_task_group' retrieved from /home/airflow/.local/lib/python3.8/site-packages/airflow/example_dags/example_task_group.py
[2024-02-25T00:07:01.200+0000] {logging_mixin.py:188} INFO - [2024-02-25T00:07:01.200+0000] {dag.py:3036} INFO - Sync 1 DAGs
[2024-02-25T00:07:01.223+0000] {logging_mixin.py:188} INFO - [2024-02-25T00:07:01.223+0000] {dag.py:3823} INFO - Setting next_dagrun for example_task_group to 2024-02-24 00:00:00+00:00, run_after=2024-02-25 00:00:00+00:00
[2024-02-25T00:07:01.245+0000] {processor.py:183} INFO - Processing /home/airflow/.local/lib/python3.8/site-packages/airflow/example_dags/example_task_group.py took 0.087 seconds
[2024-02-25T00:07:31.955+0000] {processor.py:161} INFO - Started process (PID=6320) to work on /home/airflow/.local/lib/python3.8/site-packages/airflow/example_dags/example_task_group.py
[2024-02-25T00:07:31.956+0000] {processor.py:830} INFO - Processing file /home/airflow/.local/lib/python3.8/site-packages/airflow/example_dags/example_task_group.py for tasks to queue
[2024-02-25T00:07:31.958+0000] {logging_mixin.py:188} INFO - [2024-02-25T00:07:31.957+0000] {dagbag.py:538} INFO - Filling up the DagBag from /home/airflow/.local/lib/python3.8/site-packages/airflow/example_dags/example_task_group.py
[2024-02-25T00:07:31.969+0000] {processor.py:840} INFO - DAG(s) 'example_task_group' retrieved from /home/airflow/.local/lib/python3.8/site-packages/airflow/example_dags/example_task_group.py
[2024-02-25T00:07:32.014+0000] {logging_mixin.py:188} INFO - [2024-02-25T00:07:32.014+0000] {dag.py:3036} INFO - Sync 1 DAGs
[2024-02-25T00:07:32.059+0000] {logging_mixin.py:188} INFO - [2024-02-25T00:07:32.059+0000] {dag.py:3823} INFO - Setting next_dagrun for example_task_group to 2024-02-24 00:00:00+00:00, run_after=2024-02-25 00:00:00+00:00
[2024-02-25T00:07:32.090+0000] {processor.py:183} INFO - Processing /home/airflow/.local/lib/python3.8/site-packages/airflow/example_dags/example_task_group.py took 0.139 seconds
[2024-02-25T00:08:02.955+0000] {processor.py:161} INFO - Started process (PID=6383) to work on /home/airflow/.local/lib/python3.8/site-packages/airflow/example_dags/example_task_group.py
[2024-02-25T00:08:02.956+0000] {processor.py:830} INFO - Processing file /home/airflow/.local/lib/python3.8/site-packages/airflow/example_dags/example_task_group.py for tasks to queue
[2024-02-25T00:08:02.957+0000] {logging_mixin.py:188} INFO - [2024-02-25T00:08:02.957+0000] {dagbag.py:538} INFO - Filling up the DagBag from /home/airflow/.local/lib/python3.8/site-packages/airflow/example_dags/example_task_group.py
[2024-02-25T00:08:02.966+0000] {processor.py:840} INFO - DAG(s) 'example_task_group' retrieved from /home/airflow/.local/lib/python3.8/site-packages/airflow/example_dags/example_task_group.py
[2024-02-25T00:08:02.991+0000] {logging_mixin.py:188} INFO - [2024-02-25T00:08:02.991+0000] {dag.py:3036} INFO - Sync 1 DAGs
[2024-02-25T00:08:03.017+0000] {logging_mixin.py:188} INFO - [2024-02-25T00:08:03.017+0000] {dag.py:3823} INFO - Setting next_dagrun for example_task_group to 2024-02-24 00:00:00+00:00, run_after=2024-02-25 00:00:00+00:00
[2024-02-25T00:08:03.043+0000] {processor.py:183} INFO - Processing /home/airflow/.local/lib/python3.8/site-packages/airflow/example_dags/example_task_group.py took 0.092 seconds
[2024-02-25T00:08:33.790+0000] {processor.py:161} INFO - Started process (PID=6446) to work on /home/airflow/.local/lib/python3.8/site-packages/airflow/example_dags/example_task_group.py
[2024-02-25T00:08:33.792+0000] {processor.py:830} INFO - Processing file /home/airflow/.local/lib/python3.8/site-packages/airflow/example_dags/example_task_group.py for tasks to queue
[2024-02-25T00:08:33.793+0000] {logging_mixin.py:188} INFO - [2024-02-25T00:08:33.793+0000] {dagbag.py:538} INFO - Filling up the DagBag from /home/airflow/.local/lib/python3.8/site-packages/airflow/example_dags/example_task_group.py
[2024-02-25T00:08:33.802+0000] {processor.py:840} INFO - DAG(s) 'example_task_group' retrieved from /home/airflow/.local/lib/python3.8/site-packages/airflow/example_dags/example_task_group.py
[2024-02-25T00:08:33.825+0000] {logging_mixin.py:188} INFO - [2024-02-25T00:08:33.825+0000] {dag.py:3036} INFO - Sync 1 DAGs
[2024-02-25T00:08:33.847+0000] {logging_mixin.py:188} INFO - [2024-02-25T00:08:33.847+0000] {dag.py:3823} INFO - Setting next_dagrun for example_task_group to 2024-02-24 00:00:00+00:00, run_after=2024-02-25 00:00:00+00:00
[2024-02-25T00:08:33.872+0000] {processor.py:183} INFO - Processing /home/airflow/.local/lib/python3.8/site-packages/airflow/example_dags/example_task_group.py took 0.086 seconds
[2024-02-25T00:09:04.405+0000] {processor.py:161} INFO - Started process (PID=6509) to work on /home/airflow/.local/lib/python3.8/site-packages/airflow/example_dags/example_task_group.py
[2024-02-25T00:09:04.406+0000] {processor.py:830} INFO - Processing file /home/airflow/.local/lib/python3.8/site-packages/airflow/example_dags/example_task_group.py for tasks to queue
[2024-02-25T00:09:04.407+0000] {logging_mixin.py:188} INFO - [2024-02-25T00:09:04.407+0000] {dagbag.py:538} INFO - Filling up the DagBag from /home/airflow/.local/lib/python3.8/site-packages/airflow/example_dags/example_task_group.py
[2024-02-25T00:09:04.416+0000] {processor.py:840} INFO - DAG(s) 'example_task_group' retrieved from /home/airflow/.local/lib/python3.8/site-packages/airflow/example_dags/example_task_group.py
[2024-02-25T00:09:04.441+0000] {logging_mixin.py:188} INFO - [2024-02-25T00:09:04.441+0000] {dag.py:3036} INFO - Sync 1 DAGs
[2024-02-25T00:09:04.464+0000] {logging_mixin.py:188} INFO - [2024-02-25T00:09:04.464+0000] {dag.py:3823} INFO - Setting next_dagrun for example_task_group to 2024-02-24 00:00:00+00:00, run_after=2024-02-25 00:00:00+00:00
[2024-02-25T00:09:04.488+0000] {processor.py:183} INFO - Processing /home/airflow/.local/lib/python3.8/site-packages/airflow/example_dags/example_task_group.py took 0.088 seconds
[2024-02-25T18:16:21.131+0000] {processor.py:161} INFO - Started process (PID=6572) to work on /home/airflow/.local/lib/python3.8/site-packages/airflow/example_dags/example_task_group.py
[2024-02-25T18:16:21.132+0000] {processor.py:830} INFO - Processing file /home/airflow/.local/lib/python3.8/site-packages/airflow/example_dags/example_task_group.py for tasks to queue
[2024-02-25T18:16:21.136+0000] {logging_mixin.py:188} INFO - [2024-02-25T18:16:21.135+0000] {dagbag.py:538} INFO - Filling up the DagBag from /home/airflow/.local/lib/python3.8/site-packages/airflow/example_dags/example_task_group.py
[2024-02-25T18:16:21.147+0000] {processor.py:840} INFO - DAG(s) 'example_task_group' retrieved from /home/airflow/.local/lib/python3.8/site-packages/airflow/example_dags/example_task_group.py
[2024-02-25T18:16:21.176+0000] {logging_mixin.py:188} INFO - [2024-02-25T18:16:21.176+0000] {dag.py:3036} INFO - Sync 1 DAGs
[2024-02-25T18:16:21.217+0000] {logging_mixin.py:188} INFO - [2024-02-25T18:16:21.216+0000] {dag.py:3823} INFO - Setting next_dagrun for example_task_group to 2024-02-24 00:00:00+00:00, run_after=2024-02-25 00:00:00+00:00
[2024-02-25T18:16:21.244+0000] {processor.py:183} INFO - Processing /home/airflow/.local/lib/python3.8/site-packages/airflow/example_dags/example_task_group.py took 0.121 seconds
[2024-02-25T18:16:51.869+0000] {processor.py:161} INFO - Started process (PID=6635) to work on /home/airflow/.local/lib/python3.8/site-packages/airflow/example_dags/example_task_group.py
[2024-02-25T18:16:51.871+0000] {processor.py:830} INFO - Processing file /home/airflow/.local/lib/python3.8/site-packages/airflow/example_dags/example_task_group.py for tasks to queue
[2024-02-25T18:16:51.872+0000] {logging_mixin.py:188} INFO - [2024-02-25T18:16:51.871+0000] {dagbag.py:538} INFO - Filling up the DagBag from /home/airflow/.local/lib/python3.8/site-packages/airflow/example_dags/example_task_group.py
[2024-02-25T18:16:51.881+0000] {processor.py:840} INFO - DAG(s) 'example_task_group' retrieved from /home/airflow/.local/lib/python3.8/site-packages/airflow/example_dags/example_task_group.py
[2024-02-25T18:16:51.912+0000] {logging_mixin.py:188} INFO - [2024-02-25T18:16:51.912+0000] {dag.py:3036} INFO - Sync 1 DAGs
[2024-02-25T18:16:51.939+0000] {logging_mixin.py:188} INFO - [2024-02-25T18:16:51.939+0000] {dag.py:3823} INFO - Setting next_dagrun for example_task_group to 2024-02-24 00:00:00+00:00, run_after=2024-02-25 00:00:00+00:00
[2024-02-25T18:16:51.964+0000] {processor.py:183} INFO - Processing /home/airflow/.local/lib/python3.8/site-packages/airflow/example_dags/example_task_group.py took 0.099 seconds
[2024-02-25T18:17:22.764+0000] {processor.py:161} INFO - Started process (PID=6698) to work on /home/airflow/.local/lib/python3.8/site-packages/airflow/example_dags/example_task_group.py
[2024-02-25T18:17:22.766+0000] {processor.py:830} INFO - Processing file /home/airflow/.local/lib/python3.8/site-packages/airflow/example_dags/example_task_group.py for tasks to queue
[2024-02-25T18:17:22.767+0000] {logging_mixin.py:188} INFO - [2024-02-25T18:17:22.767+0000] {dagbag.py:538} INFO - Filling up the DagBag from /home/airflow/.local/lib/python3.8/site-packages/airflow/example_dags/example_task_group.py
[2024-02-25T18:17:22.776+0000] {processor.py:840} INFO - DAG(s) 'example_task_group' retrieved from /home/airflow/.local/lib/python3.8/site-packages/airflow/example_dags/example_task_group.py
[2024-02-25T18:17:22.805+0000] {logging_mixin.py:188} INFO - [2024-02-25T18:17:22.804+0000] {dag.py:3036} INFO - Sync 1 DAGs
[2024-02-25T18:17:22.840+0000] {logging_mixin.py:188} INFO - [2024-02-25T18:17:22.840+0000] {dag.py:3823} INFO - Setting next_dagrun for example_task_group to 2024-02-24 00:00:00+00:00, run_after=2024-02-25 00:00:00+00:00
[2024-02-25T18:17:22.865+0000] {processor.py:183} INFO - Processing /home/airflow/.local/lib/python3.8/site-packages/airflow/example_dags/example_task_group.py took 0.105 seconds
[2024-02-25T18:17:53.123+0000] {processor.py:161} INFO - Started process (PID=6760) to work on /home/airflow/.local/lib/python3.8/site-packages/airflow/example_dags/example_task_group.py
[2024-02-25T18:17:53.124+0000] {processor.py:830} INFO - Processing file /home/airflow/.local/lib/python3.8/site-packages/airflow/example_dags/example_task_group.py for tasks to queue
[2024-02-25T18:17:53.125+0000] {logging_mixin.py:188} INFO - [2024-02-25T18:17:53.125+0000] {dagbag.py:538} INFO - Filling up the DagBag from /home/airflow/.local/lib/python3.8/site-packages/airflow/example_dags/example_task_group.py
[2024-02-25T18:17:53.134+0000] {processor.py:840} INFO - DAG(s) 'example_task_group' retrieved from /home/airflow/.local/lib/python3.8/site-packages/airflow/example_dags/example_task_group.py
[2024-02-25T18:17:53.158+0000] {logging_mixin.py:188} INFO - [2024-02-25T18:17:53.158+0000] {dag.py:3036} INFO - Sync 1 DAGs
[2024-02-25T18:17:53.183+0000] {logging_mixin.py:188} INFO - [2024-02-25T18:17:53.183+0000] {dag.py:3823} INFO - Setting next_dagrun for example_task_group to 2024-02-24 00:00:00+00:00, run_after=2024-02-25 00:00:00+00:00
[2024-02-25T18:17:53.205+0000] {processor.py:183} INFO - Processing /home/airflow/.local/lib/python3.8/site-packages/airflow/example_dags/example_task_group.py took 0.085 seconds
[2024-02-25T18:18:23.361+0000] {processor.py:161} INFO - Started process (PID=6822) to work on /home/airflow/.local/lib/python3.8/site-packages/airflow/example_dags/example_task_group.py
[2024-02-25T18:18:23.363+0000] {processor.py:830} INFO - Processing file /home/airflow/.local/lib/python3.8/site-packages/airflow/example_dags/example_task_group.py for tasks to queue
[2024-02-25T18:18:23.364+0000] {logging_mixin.py:188} INFO - [2024-02-25T18:18:23.363+0000] {dagbag.py:538} INFO - Filling up the DagBag from /home/airflow/.local/lib/python3.8/site-packages/airflow/example_dags/example_task_group.py
[2024-02-25T18:18:23.375+0000] {processor.py:840} INFO - DAG(s) 'example_task_group' retrieved from /home/airflow/.local/lib/python3.8/site-packages/airflow/example_dags/example_task_group.py
[2024-02-25T18:18:23.400+0000] {logging_mixin.py:188} INFO - [2024-02-25T18:18:23.399+0000] {dag.py:3036} INFO - Sync 1 DAGs
[2024-02-25T18:18:23.424+0000] {logging_mixin.py:188} INFO - [2024-02-25T18:18:23.424+0000] {dag.py:3823} INFO - Setting next_dagrun for example_task_group to 2024-02-24 00:00:00+00:00, run_after=2024-02-25 00:00:00+00:00
[2024-02-25T18:18:23.449+0000] {processor.py:183} INFO - Processing /home/airflow/.local/lib/python3.8/site-packages/airflow/example_dags/example_task_group.py took 0.092 seconds
[2024-02-25T18:18:53.590+0000] {processor.py:161} INFO - Started process (PID=6886) to work on /home/airflow/.local/lib/python3.8/site-packages/airflow/example_dags/example_task_group.py
[2024-02-25T18:18:53.591+0000] {processor.py:830} INFO - Processing file /home/airflow/.local/lib/python3.8/site-packages/airflow/example_dags/example_task_group.py for tasks to queue
[2024-02-25T18:18:53.592+0000] {logging_mixin.py:188} INFO - [2024-02-25T18:18:53.592+0000] {dagbag.py:538} INFO - Filling up the DagBag from /home/airflow/.local/lib/python3.8/site-packages/airflow/example_dags/example_task_group.py
[2024-02-25T18:18:53.601+0000] {processor.py:840} INFO - DAG(s) 'example_task_group' retrieved from /home/airflow/.local/lib/python3.8/site-packages/airflow/example_dags/example_task_group.py
[2024-02-25T18:18:53.625+0000] {logging_mixin.py:188} INFO - [2024-02-25T18:18:53.624+0000] {dag.py:3036} INFO - Sync 1 DAGs
[2024-02-25T18:18:53.647+0000] {logging_mixin.py:188} INFO - [2024-02-25T18:18:53.647+0000] {dag.py:3823} INFO - Setting next_dagrun for example_task_group to 2024-02-24 00:00:00+00:00, run_after=2024-02-25 00:00:00+00:00
[2024-02-25T18:18:53.672+0000] {processor.py:183} INFO - Processing /home/airflow/.local/lib/python3.8/site-packages/airflow/example_dags/example_task_group.py took 0.086 seconds
[2024-02-25T18:19:24.972+0000] {processor.py:161} INFO - Started process (PID=6949) to work on /home/airflow/.local/lib/python3.8/site-packages/airflow/example_dags/example_task_group.py
[2024-02-25T18:19:24.973+0000] {processor.py:830} INFO - Processing file /home/airflow/.local/lib/python3.8/site-packages/airflow/example_dags/example_task_group.py for tasks to queue
[2024-02-25T18:19:24.974+0000] {logging_mixin.py:188} INFO - [2024-02-25T18:19:24.974+0000] {dagbag.py:538} INFO - Filling up the DagBag from /home/airflow/.local/lib/python3.8/site-packages/airflow/example_dags/example_task_group.py
[2024-02-25T18:19:24.994+0000] {processor.py:840} INFO - DAG(s) 'example_task_group' retrieved from /home/airflow/.local/lib/python3.8/site-packages/airflow/example_dags/example_task_group.py
[2024-02-25T18:19:25.042+0000] {logging_mixin.py:188} INFO - [2024-02-25T18:19:25.042+0000] {dag.py:3036} INFO - Sync 1 DAGs
[2024-02-25T18:19:25.081+0000] {logging_mixin.py:188} INFO - [2024-02-25T18:19:25.081+0000] {dag.py:3823} INFO - Setting next_dagrun for example_task_group to 2024-02-24 00:00:00+00:00, run_after=2024-02-25 00:00:00+00:00
[2024-02-25T18:19:25.143+0000] {processor.py:183} INFO - Processing /home/airflow/.local/lib/python3.8/site-packages/airflow/example_dags/example_task_group.py took 0.175 seconds
[2024-02-25T18:19:55.552+0000] {processor.py:161} INFO - Started process (PID=7011) to work on /home/airflow/.local/lib/python3.8/site-packages/airflow/example_dags/example_task_group.py
[2024-02-25T18:19:55.553+0000] {processor.py:830} INFO - Processing file /home/airflow/.local/lib/python3.8/site-packages/airflow/example_dags/example_task_group.py for tasks to queue
[2024-02-25T18:19:55.554+0000] {logging_mixin.py:188} INFO - [2024-02-25T18:19:55.554+0000] {dagbag.py:538} INFO - Filling up the DagBag from /home/airflow/.local/lib/python3.8/site-packages/airflow/example_dags/example_task_group.py
[2024-02-25T18:19:55.563+0000] {processor.py:840} INFO - DAG(s) 'example_task_group' retrieved from /home/airflow/.local/lib/python3.8/site-packages/airflow/example_dags/example_task_group.py
[2024-02-25T18:19:55.588+0000] {logging_mixin.py:188} INFO - [2024-02-25T18:19:55.588+0000] {dag.py:3036} INFO - Sync 1 DAGs
[2024-02-25T18:19:55.610+0000] {logging_mixin.py:188} INFO - [2024-02-25T18:19:55.609+0000] {dag.py:3823} INFO - Setting next_dagrun for example_task_group to 2024-02-24 00:00:00+00:00, run_after=2024-02-25 00:00:00+00:00
[2024-02-25T18:19:55.632+0000] {processor.py:183} INFO - Processing /home/airflow/.local/lib/python3.8/site-packages/airflow/example_dags/example_task_group.py took 0.084 seconds
[2024-02-25T18:20:26.666+0000] {processor.py:161} INFO - Started process (PID=7074) to work on /home/airflow/.local/lib/python3.8/site-packages/airflow/example_dags/example_task_group.py
[2024-02-25T18:20:26.667+0000] {processor.py:830} INFO - Processing file /home/airflow/.local/lib/python3.8/site-packages/airflow/example_dags/example_task_group.py for tasks to queue
[2024-02-25T18:20:26.668+0000] {logging_mixin.py:188} INFO - [2024-02-25T18:20:26.668+0000] {dagbag.py:538} INFO - Filling up the DagBag from /home/airflow/.local/lib/python3.8/site-packages/airflow/example_dags/example_task_group.py
[2024-02-25T18:20:26.677+0000] {processor.py:840} INFO - DAG(s) 'example_task_group' retrieved from /home/airflow/.local/lib/python3.8/site-packages/airflow/example_dags/example_task_group.py
[2024-02-25T18:20:26.702+0000] {logging_mixin.py:188} INFO - [2024-02-25T18:20:26.702+0000] {dag.py:3036} INFO - Sync 1 DAGs
[2024-02-25T18:20:26.734+0000] {logging_mixin.py:188} INFO - [2024-02-25T18:20:26.733+0000] {dag.py:3823} INFO - Setting next_dagrun for example_task_group to 2024-02-24 00:00:00+00:00, run_after=2024-02-25 00:00:00+00:00
[2024-02-25T18:20:26.770+0000] {processor.py:183} INFO - Processing /home/airflow/.local/lib/python3.8/site-packages/airflow/example_dags/example_task_group.py took 0.108 seconds
[2024-02-25T18:20:57.451+0000] {processor.py:161} INFO - Started process (PID=7137) to work on /home/airflow/.local/lib/python3.8/site-packages/airflow/example_dags/example_task_group.py
[2024-02-25T18:20:57.452+0000] {processor.py:830} INFO - Processing file /home/airflow/.local/lib/python3.8/site-packages/airflow/example_dags/example_task_group.py for tasks to queue
[2024-02-25T18:20:57.453+0000] {logging_mixin.py:188} INFO - [2024-02-25T18:20:57.453+0000] {dagbag.py:538} INFO - Filling up the DagBag from /home/airflow/.local/lib/python3.8/site-packages/airflow/example_dags/example_task_group.py
[2024-02-25T18:20:57.461+0000] {processor.py:840} INFO - DAG(s) 'example_task_group' retrieved from /home/airflow/.local/lib/python3.8/site-packages/airflow/example_dags/example_task_group.py
[2024-02-25T18:20:57.487+0000] {logging_mixin.py:188} INFO - [2024-02-25T18:20:57.487+0000] {dag.py:3036} INFO - Sync 1 DAGs
[2024-02-25T18:20:57.511+0000] {logging_mixin.py:188} INFO - [2024-02-25T18:20:57.511+0000] {dag.py:3823} INFO - Setting next_dagrun for example_task_group to 2024-02-24 00:00:00+00:00, run_after=2024-02-25 00:00:00+00:00
[2024-02-25T18:20:57.536+0000] {processor.py:183} INFO - Processing /home/airflow/.local/lib/python3.8/site-packages/airflow/example_dags/example_task_group.py took 0.090 seconds
[2024-02-25T18:21:28.316+0000] {processor.py:161} INFO - Started process (PID=7207) to work on /home/airflow/.local/lib/python3.8/site-packages/airflow/example_dags/example_task_group.py
[2024-02-25T18:21:28.318+0000] {processor.py:830} INFO - Processing file /home/airflow/.local/lib/python3.8/site-packages/airflow/example_dags/example_task_group.py for tasks to queue
[2024-02-25T18:21:28.319+0000] {logging_mixin.py:188} INFO - [2024-02-25T18:21:28.318+0000] {dagbag.py:538} INFO - Filling up the DagBag from /home/airflow/.local/lib/python3.8/site-packages/airflow/example_dags/example_task_group.py
[2024-02-25T18:21:28.329+0000] {processor.py:840} INFO - DAG(s) 'example_task_group' retrieved from /home/airflow/.local/lib/python3.8/site-packages/airflow/example_dags/example_task_group.py
[2024-02-25T18:21:28.354+0000] {logging_mixin.py:188} INFO - [2024-02-25T18:21:28.354+0000] {dag.py:3036} INFO - Sync 1 DAGs
[2024-02-25T18:21:28.376+0000] {logging_mixin.py:188} INFO - [2024-02-25T18:21:28.375+0000] {dag.py:3823} INFO - Setting next_dagrun for example_task_group to 2024-02-24 00:00:00+00:00, run_after=2024-02-25 00:00:00+00:00
[2024-02-25T18:21:28.396+0000] {processor.py:183} INFO - Processing /home/airflow/.local/lib/python3.8/site-packages/airflow/example_dags/example_task_group.py took 0.084 seconds
[2024-02-25T18:21:58.699+0000] {processor.py:161} INFO - Started process (PID=7269) to work on /home/airflow/.local/lib/python3.8/site-packages/airflow/example_dags/example_task_group.py
[2024-02-25T18:21:58.700+0000] {processor.py:830} INFO - Processing file /home/airflow/.local/lib/python3.8/site-packages/airflow/example_dags/example_task_group.py for tasks to queue
[2024-02-25T18:21:58.701+0000] {logging_mixin.py:188} INFO - [2024-02-25T18:21:58.701+0000] {dagbag.py:538} INFO - Filling up the DagBag from /home/airflow/.local/lib/python3.8/site-packages/airflow/example_dags/example_task_group.py
[2024-02-25T18:21:58.709+0000] {processor.py:840} INFO - DAG(s) 'example_task_group' retrieved from /home/airflow/.local/lib/python3.8/site-packages/airflow/example_dags/example_task_group.py
[2024-02-25T18:21:58.740+0000] {logging_mixin.py:188} INFO - [2024-02-25T18:21:58.740+0000] {dag.py:3036} INFO - Sync 1 DAGs
[2024-02-25T18:21:58.764+0000] {logging_mixin.py:188} INFO - [2024-02-25T18:21:58.764+0000] {dag.py:3823} INFO - Setting next_dagrun for example_task_group to 2024-02-24 00:00:00+00:00, run_after=2024-02-25 00:00:00+00:00
[2024-02-25T18:21:58.789+0000] {processor.py:183} INFO - Processing /home/airflow/.local/lib/python3.8/site-packages/airflow/example_dags/example_task_group.py took 0.095 seconds
[2024-02-25T18:22:28.854+0000] {processor.py:161} INFO - Started process (PID=7331) to work on /home/airflow/.local/lib/python3.8/site-packages/airflow/example_dags/example_task_group.py
[2024-02-25T18:22:28.855+0000] {processor.py:830} INFO - Processing file /home/airflow/.local/lib/python3.8/site-packages/airflow/example_dags/example_task_group.py for tasks to queue
[2024-02-25T18:22:28.856+0000] {logging_mixin.py:188} INFO - [2024-02-25T18:22:28.856+0000] {dagbag.py:538} INFO - Filling up the DagBag from /home/airflow/.local/lib/python3.8/site-packages/airflow/example_dags/example_task_group.py
[2024-02-25T18:22:28.865+0000] {processor.py:840} INFO - DAG(s) 'example_task_group' retrieved from /home/airflow/.local/lib/python3.8/site-packages/airflow/example_dags/example_task_group.py
[2024-02-25T18:22:28.891+0000] {logging_mixin.py:188} INFO - [2024-02-25T18:22:28.891+0000] {dag.py:3036} INFO - Sync 1 DAGs
[2024-02-25T18:22:28.915+0000] {logging_mixin.py:188} INFO - [2024-02-25T18:22:28.915+0000] {dag.py:3823} INFO - Setting next_dagrun for example_task_group to 2024-02-24 00:00:00+00:00, run_after=2024-02-25 00:00:00+00:00
[2024-02-25T18:22:28.939+0000] {processor.py:183} INFO - Processing /home/airflow/.local/lib/python3.8/site-packages/airflow/example_dags/example_task_group.py took 0.089 seconds
[2024-02-25T18:22:59.125+0000] {processor.py:161} INFO - Started process (PID=7394) to work on /home/airflow/.local/lib/python3.8/site-packages/airflow/example_dags/example_task_group.py
[2024-02-25T18:22:59.126+0000] {processor.py:830} INFO - Processing file /home/airflow/.local/lib/python3.8/site-packages/airflow/example_dags/example_task_group.py for tasks to queue
[2024-02-25T18:22:59.127+0000] {logging_mixin.py:188} INFO - [2024-02-25T18:22:59.127+0000] {dagbag.py:538} INFO - Filling up the DagBag from /home/airflow/.local/lib/python3.8/site-packages/airflow/example_dags/example_task_group.py
[2024-02-25T18:22:59.135+0000] {processor.py:840} INFO - DAG(s) 'example_task_group' retrieved from /home/airflow/.local/lib/python3.8/site-packages/airflow/example_dags/example_task_group.py
[2024-02-25T18:22:59.162+0000] {logging_mixin.py:188} INFO - [2024-02-25T18:22:59.162+0000] {dag.py:3036} INFO - Sync 1 DAGs
[2024-02-25T18:22:59.189+0000] {logging_mixin.py:188} INFO - [2024-02-25T18:22:59.189+0000] {dag.py:3823} INFO - Setting next_dagrun for example_task_group to 2024-02-24 00:00:00+00:00, run_after=2024-02-25 00:00:00+00:00
[2024-02-25T18:22:59.213+0000] {processor.py:183} INFO - Processing /home/airflow/.local/lib/python3.8/site-packages/airflow/example_dags/example_task_group.py took 0.093 seconds
[2024-02-25T18:23:30.105+0000] {processor.py:161} INFO - Started process (PID=7457) to work on /home/airflow/.local/lib/python3.8/site-packages/airflow/example_dags/example_task_group.py
[2024-02-25T18:23:30.106+0000] {processor.py:830} INFO - Processing file /home/airflow/.local/lib/python3.8/site-packages/airflow/example_dags/example_task_group.py for tasks to queue
[2024-02-25T18:23:30.108+0000] {logging_mixin.py:188} INFO - [2024-02-25T18:23:30.107+0000] {dagbag.py:538} INFO - Filling up the DagBag from /home/airflow/.local/lib/python3.8/site-packages/airflow/example_dags/example_task_group.py
[2024-02-25T18:23:30.122+0000] {processor.py:840} INFO - DAG(s) 'example_task_group' retrieved from /home/airflow/.local/lib/python3.8/site-packages/airflow/example_dags/example_task_group.py
[2024-02-25T18:23:30.150+0000] {logging_mixin.py:188} INFO - [2024-02-25T18:23:30.149+0000] {dag.py:3036} INFO - Sync 1 DAGs
[2024-02-25T18:23:30.174+0000] {logging_mixin.py:188} INFO - [2024-02-25T18:23:30.174+0000] {dag.py:3823} INFO - Setting next_dagrun for example_task_group to 2024-02-24 00:00:00+00:00, run_after=2024-02-25 00:00:00+00:00
[2024-02-25T18:23:30.200+0000] {processor.py:183} INFO - Processing /home/airflow/.local/lib/python3.8/site-packages/airflow/example_dags/example_task_group.py took 0.099 seconds
[2024-02-25T18:24:00.491+0000] {processor.py:161} INFO - Started process (PID=7514) to work on /home/airflow/.local/lib/python3.8/site-packages/airflow/example_dags/example_task_group.py
[2024-02-25T18:24:00.492+0000] {processor.py:830} INFO - Processing file /home/airflow/.local/lib/python3.8/site-packages/airflow/example_dags/example_task_group.py for tasks to queue
[2024-02-25T18:24:00.493+0000] {logging_mixin.py:188} INFO - [2024-02-25T18:24:00.493+0000] {dagbag.py:538} INFO - Filling up the DagBag from /home/airflow/.local/lib/python3.8/site-packages/airflow/example_dags/example_task_group.py
[2024-02-25T18:24:00.502+0000] {processor.py:840} INFO - DAG(s) 'example_task_group' retrieved from /home/airflow/.local/lib/python3.8/site-packages/airflow/example_dags/example_task_group.py
[2024-02-25T18:24:00.528+0000] {logging_mixin.py:188} INFO - [2024-02-25T18:24:00.527+0000] {dag.py:3036} INFO - Sync 1 DAGs
[2024-02-25T18:24:00.553+0000] {logging_mixin.py:188} INFO - [2024-02-25T18:24:00.553+0000] {dag.py:3823} INFO - Setting next_dagrun for example_task_group to 2024-02-24 00:00:00+00:00, run_after=2024-02-25 00:00:00+00:00
[2024-02-25T18:24:00.577+0000] {processor.py:183} INFO - Processing /home/airflow/.local/lib/python3.8/site-packages/airflow/example_dags/example_task_group.py took 0.091 seconds
[2024-02-25T18:24:30.736+0000] {processor.py:161} INFO - Started process (PID=7577) to work on /home/airflow/.local/lib/python3.8/site-packages/airflow/example_dags/example_task_group.py
[2024-02-25T18:24:30.737+0000] {processor.py:830} INFO - Processing file /home/airflow/.local/lib/python3.8/site-packages/airflow/example_dags/example_task_group.py for tasks to queue
[2024-02-25T18:24:30.738+0000] {logging_mixin.py:188} INFO - [2024-02-25T18:24:30.738+0000] {dagbag.py:538} INFO - Filling up the DagBag from /home/airflow/.local/lib/python3.8/site-packages/airflow/example_dags/example_task_group.py
[2024-02-25T18:24:30.747+0000] {processor.py:840} INFO - DAG(s) 'example_task_group' retrieved from /home/airflow/.local/lib/python3.8/site-packages/airflow/example_dags/example_task_group.py
[2024-02-25T18:24:30.773+0000] {logging_mixin.py:188} INFO - [2024-02-25T18:24:30.773+0000] {dag.py:3036} INFO - Sync 1 DAGs
[2024-02-25T18:24:30.796+0000] {logging_mixin.py:188} INFO - [2024-02-25T18:24:30.796+0000] {dag.py:3823} INFO - Setting next_dagrun for example_task_group to 2024-02-24 00:00:00+00:00, run_after=2024-02-25 00:00:00+00:00
[2024-02-25T18:24:30.823+0000] {processor.py:183} INFO - Processing /home/airflow/.local/lib/python3.8/site-packages/airflow/example_dags/example_task_group.py took 0.091 seconds
[2024-02-25T18:25:01.332+0000] {processor.py:161} INFO - Started process (PID=7640) to work on /home/airflow/.local/lib/python3.8/site-packages/airflow/example_dags/example_task_group.py
[2024-02-25T18:25:01.333+0000] {processor.py:830} INFO - Processing file /home/airflow/.local/lib/python3.8/site-packages/airflow/example_dags/example_task_group.py for tasks to queue
[2024-02-25T18:25:01.334+0000] {logging_mixin.py:188} INFO - [2024-02-25T18:25:01.334+0000] {dagbag.py:538} INFO - Filling up the DagBag from /home/airflow/.local/lib/python3.8/site-packages/airflow/example_dags/example_task_group.py
[2024-02-25T18:25:01.343+0000] {processor.py:840} INFO - DAG(s) 'example_task_group' retrieved from /home/airflow/.local/lib/python3.8/site-packages/airflow/example_dags/example_task_group.py
[2024-02-25T18:25:01.367+0000] {logging_mixin.py:188} INFO - [2024-02-25T18:25:01.367+0000] {dag.py:3036} INFO - Sync 1 DAGs
[2024-02-25T18:25:01.390+0000] {logging_mixin.py:188} INFO - [2024-02-25T18:25:01.390+0000] {dag.py:3823} INFO - Setting next_dagrun for example_task_group to 2024-02-24 00:00:00+00:00, run_after=2024-02-25 00:00:00+00:00
[2024-02-25T18:25:01.412+0000] {processor.py:183} INFO - Processing /home/airflow/.local/lib/python3.8/site-packages/airflow/example_dags/example_task_group.py took 0.085 seconds
[2024-02-25T18:25:32.863+0000] {processor.py:161} INFO - Started process (PID=7703) to work on /home/airflow/.local/lib/python3.8/site-packages/airflow/example_dags/example_task_group.py
[2024-02-25T18:25:32.865+0000] {processor.py:830} INFO - Processing file /home/airflow/.local/lib/python3.8/site-packages/airflow/example_dags/example_task_group.py for tasks to queue
[2024-02-25T18:25:32.866+0000] {logging_mixin.py:188} INFO - [2024-02-25T18:25:32.866+0000] {dagbag.py:538} INFO - Filling up the DagBag from /home/airflow/.local/lib/python3.8/site-packages/airflow/example_dags/example_task_group.py
[2024-02-25T18:25:32.875+0000] {processor.py:840} INFO - DAG(s) 'example_task_group' retrieved from /home/airflow/.local/lib/python3.8/site-packages/airflow/example_dags/example_task_group.py
[2024-02-25T18:25:32.901+0000] {logging_mixin.py:188} INFO - [2024-02-25T18:25:32.901+0000] {dag.py:3036} INFO - Sync 1 DAGs
[2024-02-25T18:25:32.925+0000] {logging_mixin.py:188} INFO - [2024-02-25T18:25:32.924+0000] {dag.py:3823} INFO - Setting next_dagrun for example_task_group to 2024-02-24 00:00:00+00:00, run_after=2024-02-25 00:00:00+00:00
[2024-02-25T18:25:32.948+0000] {processor.py:183} INFO - Processing /home/airflow/.local/lib/python3.8/site-packages/airflow/example_dags/example_task_group.py took 0.088 seconds
[2024-02-25T18:26:04.390+0000] {processor.py:161} INFO - Started process (PID=7766) to work on /home/airflow/.local/lib/python3.8/site-packages/airflow/example_dags/example_task_group.py
[2024-02-25T18:26:04.391+0000] {processor.py:830} INFO - Processing file /home/airflow/.local/lib/python3.8/site-packages/airflow/example_dags/example_task_group.py for tasks to queue
[2024-02-25T18:26:04.392+0000] {logging_mixin.py:188} INFO - [2024-02-25T18:26:04.392+0000] {dagbag.py:538} INFO - Filling up the DagBag from /home/airflow/.local/lib/python3.8/site-packages/airflow/example_dags/example_task_group.py
[2024-02-25T18:26:04.400+0000] {processor.py:840} INFO - DAG(s) 'example_task_group' retrieved from /home/airflow/.local/lib/python3.8/site-packages/airflow/example_dags/example_task_group.py
[2024-02-25T18:26:04.425+0000] {logging_mixin.py:188} INFO - [2024-02-25T18:26:04.425+0000] {dag.py:3036} INFO - Sync 1 DAGs
[2024-02-25T18:26:04.448+0000] {logging_mixin.py:188} INFO - [2024-02-25T18:26:04.448+0000] {dag.py:3823} INFO - Setting next_dagrun for example_task_group to 2024-02-24 00:00:00+00:00, run_after=2024-02-25 00:00:00+00:00
[2024-02-25T18:26:04.473+0000] {processor.py:183} INFO - Processing /home/airflow/.local/lib/python3.8/site-packages/airflow/example_dags/example_task_group.py took 0.087 seconds
[2024-02-25T18:26:35.171+0000] {processor.py:161} INFO - Started process (PID=7829) to work on /home/airflow/.local/lib/python3.8/site-packages/airflow/example_dags/example_task_group.py
[2024-02-25T18:26:35.172+0000] {processor.py:830} INFO - Processing file /home/airflow/.local/lib/python3.8/site-packages/airflow/example_dags/example_task_group.py for tasks to queue
[2024-02-25T18:26:35.174+0000] {logging_mixin.py:188} INFO - [2024-02-25T18:26:35.173+0000] {dagbag.py:538} INFO - Filling up the DagBag from /home/airflow/.local/lib/python3.8/site-packages/airflow/example_dags/example_task_group.py
[2024-02-25T18:26:35.183+0000] {processor.py:840} INFO - DAG(s) 'example_task_group' retrieved from /home/airflow/.local/lib/python3.8/site-packages/airflow/example_dags/example_task_group.py
[2024-02-25T18:26:35.209+0000] {logging_mixin.py:188} INFO - [2024-02-25T18:26:35.209+0000] {dag.py:3036} INFO - Sync 1 DAGs
[2024-02-25T18:26:35.235+0000] {logging_mixin.py:188} INFO - [2024-02-25T18:26:35.235+0000] {dag.py:3823} INFO - Setting next_dagrun for example_task_group to 2024-02-24 00:00:00+00:00, run_after=2024-02-25 00:00:00+00:00
[2024-02-25T18:26:35.259+0000] {processor.py:183} INFO - Processing /home/airflow/.local/lib/python3.8/site-packages/airflow/example_dags/example_task_group.py took 0.092 seconds
[2024-02-25T18:27:05.926+0000] {processor.py:161} INFO - Started process (PID=7893) to work on /home/airflow/.local/lib/python3.8/site-packages/airflow/example_dags/example_task_group.py
[2024-02-25T18:27:05.928+0000] {processor.py:830} INFO - Processing file /home/airflow/.local/lib/python3.8/site-packages/airflow/example_dags/example_task_group.py for tasks to queue
[2024-02-25T18:27:05.929+0000] {logging_mixin.py:188} INFO - [2024-02-25T18:27:05.929+0000] {dagbag.py:538} INFO - Filling up the DagBag from /home/airflow/.local/lib/python3.8/site-packages/airflow/example_dags/example_task_group.py
[2024-02-25T18:27:05.938+0000] {processor.py:840} INFO - DAG(s) 'example_task_group' retrieved from /home/airflow/.local/lib/python3.8/site-packages/airflow/example_dags/example_task_group.py
[2024-02-25T18:27:05.969+0000] {logging_mixin.py:188} INFO - [2024-02-25T18:27:05.968+0000] {dag.py:3036} INFO - Sync 1 DAGs
[2024-02-25T18:27:05.995+0000] {logging_mixin.py:188} INFO - [2024-02-25T18:27:05.995+0000] {dag.py:3823} INFO - Setting next_dagrun for example_task_group to 2024-02-24 00:00:00+00:00, run_after=2024-02-25 00:00:00+00:00
[2024-02-25T18:27:06.025+0000] {processor.py:183} INFO - Processing /home/airflow/.local/lib/python3.8/site-packages/airflow/example_dags/example_task_group.py took 0.103 seconds
[2024-02-25T18:27:37.132+0000] {processor.py:161} INFO - Started process (PID=7956) to work on /home/airflow/.local/lib/python3.8/site-packages/airflow/example_dags/example_task_group.py
[2024-02-25T18:27:37.133+0000] {processor.py:830} INFO - Processing file /home/airflow/.local/lib/python3.8/site-packages/airflow/example_dags/example_task_group.py for tasks to queue
[2024-02-25T18:27:37.134+0000] {logging_mixin.py:188} INFO - [2024-02-25T18:27:37.134+0000] {dagbag.py:538} INFO - Filling up the DagBag from /home/airflow/.local/lib/python3.8/site-packages/airflow/example_dags/example_task_group.py
[2024-02-25T18:27:37.143+0000] {processor.py:840} INFO - DAG(s) 'example_task_group' retrieved from /home/airflow/.local/lib/python3.8/site-packages/airflow/example_dags/example_task_group.py
[2024-02-25T18:27:37.170+0000] {logging_mixin.py:188} INFO - [2024-02-25T18:27:37.170+0000] {dag.py:3036} INFO - Sync 1 DAGs
[2024-02-25T18:27:37.195+0000] {logging_mixin.py:188} INFO - [2024-02-25T18:27:37.195+0000] {dag.py:3823} INFO - Setting next_dagrun for example_task_group to 2024-02-24 00:00:00+00:00, run_after=2024-02-25 00:00:00+00:00
[2024-02-25T18:27:37.216+0000] {processor.py:183} INFO - Processing /home/airflow/.local/lib/python3.8/site-packages/airflow/example_dags/example_task_group.py took 0.088 seconds
[2024-02-25T18:28:07.937+0000] {processor.py:161} INFO - Started process (PID=8019) to work on /home/airflow/.local/lib/python3.8/site-packages/airflow/example_dags/example_task_group.py
[2024-02-25T18:28:07.939+0000] {processor.py:830} INFO - Processing file /home/airflow/.local/lib/python3.8/site-packages/airflow/example_dags/example_task_group.py for tasks to queue
[2024-02-25T18:28:07.940+0000] {logging_mixin.py:188} INFO - [2024-02-25T18:28:07.939+0000] {dagbag.py:538} INFO - Filling up the DagBag from /home/airflow/.local/lib/python3.8/site-packages/airflow/example_dags/example_task_group.py
[2024-02-25T18:28:07.948+0000] {processor.py:840} INFO - DAG(s) 'example_task_group' retrieved from /home/airflow/.local/lib/python3.8/site-packages/airflow/example_dags/example_task_group.py
[2024-02-25T18:28:07.973+0000] {logging_mixin.py:188} INFO - [2024-02-25T18:28:07.973+0000] {dag.py:3036} INFO - Sync 1 DAGs
[2024-02-25T18:28:07.995+0000] {logging_mixin.py:188} INFO - [2024-02-25T18:28:07.994+0000] {dag.py:3823} INFO - Setting next_dagrun for example_task_group to 2024-02-24 00:00:00+00:00, run_after=2024-02-25 00:00:00+00:00
[2024-02-25T18:28:08.019+0000] {processor.py:183} INFO - Processing /home/airflow/.local/lib/python3.8/site-packages/airflow/example_dags/example_task_group.py took 0.086 seconds
[2024-02-25T18:28:38.837+0000] {processor.py:161} INFO - Started process (PID=8082) to work on /home/airflow/.local/lib/python3.8/site-packages/airflow/example_dags/example_task_group.py
[2024-02-25T18:28:38.839+0000] {processor.py:830} INFO - Processing file /home/airflow/.local/lib/python3.8/site-packages/airflow/example_dags/example_task_group.py for tasks to queue
[2024-02-25T18:28:38.840+0000] {logging_mixin.py:188} INFO - [2024-02-25T18:28:38.839+0000] {dagbag.py:538} INFO - Filling up the DagBag from /home/airflow/.local/lib/python3.8/site-packages/airflow/example_dags/example_task_group.py
[2024-02-25T18:28:38.848+0000] {processor.py:840} INFO - DAG(s) 'example_task_group' retrieved from /home/airflow/.local/lib/python3.8/site-packages/airflow/example_dags/example_task_group.py
[2024-02-25T18:28:38.873+0000] {logging_mixin.py:188} INFO - [2024-02-25T18:28:38.873+0000] {dag.py:3036} INFO - Sync 1 DAGs
[2024-02-25T18:28:38.895+0000] {logging_mixin.py:188} INFO - [2024-02-25T18:28:38.895+0000] {dag.py:3823} INFO - Setting next_dagrun for example_task_group to 2024-02-24 00:00:00+00:00, run_after=2024-02-25 00:00:00+00:00
[2024-02-25T18:28:38.919+0000] {processor.py:183} INFO - Processing /home/airflow/.local/lib/python3.8/site-packages/airflow/example_dags/example_task_group.py took 0.086 seconds
[2024-02-25T18:29:09.679+0000] {processor.py:161} INFO - Started process (PID=8144) to work on /home/airflow/.local/lib/python3.8/site-packages/airflow/example_dags/example_task_group.py
[2024-02-25T18:29:09.680+0000] {processor.py:830} INFO - Processing file /home/airflow/.local/lib/python3.8/site-packages/airflow/example_dags/example_task_group.py for tasks to queue
[2024-02-25T18:29:09.682+0000] {logging_mixin.py:188} INFO - [2024-02-25T18:29:09.681+0000] {dagbag.py:538} INFO - Filling up the DagBag from /home/airflow/.local/lib/python3.8/site-packages/airflow/example_dags/example_task_group.py
[2024-02-25T18:29:09.690+0000] {processor.py:840} INFO - DAG(s) 'example_task_group' retrieved from /home/airflow/.local/lib/python3.8/site-packages/airflow/example_dags/example_task_group.py
[2024-02-25T18:29:09.716+0000] {logging_mixin.py:188} INFO - [2024-02-25T18:29:09.716+0000] {dag.py:3036} INFO - Sync 1 DAGs
[2024-02-25T18:29:09.741+0000] {logging_mixin.py:188} INFO - [2024-02-25T18:29:09.741+0000] {dag.py:3823} INFO - Setting next_dagrun for example_task_group to 2024-02-24 00:00:00+00:00, run_after=2024-02-25 00:00:00+00:00
[2024-02-25T18:29:09.765+0000] {processor.py:183} INFO - Processing /home/airflow/.local/lib/python3.8/site-packages/airflow/example_dags/example_task_group.py took 0.090 seconds
[2024-02-25T18:29:40.388+0000] {processor.py:161} INFO - Started process (PID=8207) to work on /home/airflow/.local/lib/python3.8/site-packages/airflow/example_dags/example_task_group.py
[2024-02-25T18:29:40.390+0000] {processor.py:830} INFO - Processing file /home/airflow/.local/lib/python3.8/site-packages/airflow/example_dags/example_task_group.py for tasks to queue
[2024-02-25T18:29:40.391+0000] {logging_mixin.py:188} INFO - [2024-02-25T18:29:40.391+0000] {dagbag.py:538} INFO - Filling up the DagBag from /home/airflow/.local/lib/python3.8/site-packages/airflow/example_dags/example_task_group.py
[2024-02-25T18:29:40.399+0000] {processor.py:840} INFO - DAG(s) 'example_task_group' retrieved from /home/airflow/.local/lib/python3.8/site-packages/airflow/example_dags/example_task_group.py
[2024-02-25T18:29:40.431+0000] {logging_mixin.py:188} INFO - [2024-02-25T18:29:40.431+0000] {dag.py:3036} INFO - Sync 1 DAGs
[2024-02-25T18:29:40.463+0000] {logging_mixin.py:188} INFO - [2024-02-25T18:29:40.463+0000] {dag.py:3823} INFO - Setting next_dagrun for example_task_group to 2024-02-24 00:00:00+00:00, run_after=2024-02-25 00:00:00+00:00
[2024-02-25T18:29:40.493+0000] {processor.py:183} INFO - Processing /home/airflow/.local/lib/python3.8/site-packages/airflow/example_dags/example_task_group.py took 0.108 seconds
[2024-02-25T18:30:11.144+0000] {processor.py:161} INFO - Started process (PID=8270) to work on /home/airflow/.local/lib/python3.8/site-packages/airflow/example_dags/example_task_group.py
[2024-02-25T18:30:11.146+0000] {processor.py:830} INFO - Processing file /home/airflow/.local/lib/python3.8/site-packages/airflow/example_dags/example_task_group.py for tasks to queue
[2024-02-25T18:30:11.147+0000] {logging_mixin.py:188} INFO - [2024-02-25T18:30:11.147+0000] {dagbag.py:538} INFO - Filling up the DagBag from /home/airflow/.local/lib/python3.8/site-packages/airflow/example_dags/example_task_group.py
[2024-02-25T18:30:11.156+0000] {processor.py:840} INFO - DAG(s) 'example_task_group' retrieved from /home/airflow/.local/lib/python3.8/site-packages/airflow/example_dags/example_task_group.py
[2024-02-25T18:30:11.183+0000] {logging_mixin.py:188} INFO - [2024-02-25T18:30:11.183+0000] {dag.py:3036} INFO - Sync 1 DAGs
[2024-02-25T18:30:11.206+0000] {logging_mixin.py:188} INFO - [2024-02-25T18:30:11.206+0000] {dag.py:3823} INFO - Setting next_dagrun for example_task_group to 2024-02-24 00:00:00+00:00, run_after=2024-02-25 00:00:00+00:00
[2024-02-25T18:30:11.228+0000] {processor.py:183} INFO - Processing /home/airflow/.local/lib/python3.8/site-packages/airflow/example_dags/example_task_group.py took 0.088 seconds
[2024-02-25T18:30:42.335+0000] {processor.py:161} INFO - Started process (PID=8333) to work on /home/airflow/.local/lib/python3.8/site-packages/airflow/example_dags/example_task_group.py
[2024-02-25T18:30:42.337+0000] {processor.py:830} INFO - Processing file /home/airflow/.local/lib/python3.8/site-packages/airflow/example_dags/example_task_group.py for tasks to queue
[2024-02-25T18:30:42.338+0000] {logging_mixin.py:188} INFO - [2024-02-25T18:30:42.338+0000] {dagbag.py:538} INFO - Filling up the DagBag from /home/airflow/.local/lib/python3.8/site-packages/airflow/example_dags/example_task_group.py
[2024-02-25T18:30:42.346+0000] {processor.py:840} INFO - DAG(s) 'example_task_group' retrieved from /home/airflow/.local/lib/python3.8/site-packages/airflow/example_dags/example_task_group.py
[2024-02-25T18:30:42.371+0000] {logging_mixin.py:188} INFO - [2024-02-25T18:30:42.370+0000] {dag.py:3036} INFO - Sync 1 DAGs
[2024-02-25T18:30:42.392+0000] {logging_mixin.py:188} INFO - [2024-02-25T18:30:42.392+0000] {dag.py:3823} INFO - Setting next_dagrun for example_task_group to 2024-02-24 00:00:00+00:00, run_after=2024-02-25 00:00:00+00:00
[2024-02-25T18:30:42.414+0000] {processor.py:183} INFO - Processing /home/airflow/.local/lib/python3.8/site-packages/airflow/example_dags/example_task_group.py took 0.083 seconds
[2024-02-25T18:31:13.058+0000] {processor.py:161} INFO - Started process (PID=8396) to work on /home/airflow/.local/lib/python3.8/site-packages/airflow/example_dags/example_task_group.py
[2024-02-25T18:31:13.060+0000] {processor.py:830} INFO - Processing file /home/airflow/.local/lib/python3.8/site-packages/airflow/example_dags/example_task_group.py for tasks to queue
[2024-02-25T18:31:13.061+0000] {logging_mixin.py:188} INFO - [2024-02-25T18:31:13.061+0000] {dagbag.py:538} INFO - Filling up the DagBag from /home/airflow/.local/lib/python3.8/site-packages/airflow/example_dags/example_task_group.py
[2024-02-25T18:31:13.069+0000] {processor.py:840} INFO - DAG(s) 'example_task_group' retrieved from /home/airflow/.local/lib/python3.8/site-packages/airflow/example_dags/example_task_group.py
[2024-02-25T18:31:13.094+0000] {logging_mixin.py:188} INFO - [2024-02-25T18:31:13.094+0000] {dag.py:3036} INFO - Sync 1 DAGs
[2024-02-25T18:31:13.119+0000] {logging_mixin.py:188} INFO - [2024-02-25T18:31:13.118+0000] {dag.py:3823} INFO - Setting next_dagrun for example_task_group to 2024-02-24 00:00:00+00:00, run_after=2024-02-25 00:00:00+00:00
[2024-02-25T18:31:13.143+0000] {processor.py:183} INFO - Processing /home/airflow/.local/lib/python3.8/site-packages/airflow/example_dags/example_task_group.py took 0.089 seconds
[2024-02-25T18:31:43.553+0000] {processor.py:161} INFO - Started process (PID=8458) to work on /home/airflow/.local/lib/python3.8/site-packages/airflow/example_dags/example_task_group.py
[2024-02-25T18:31:43.554+0000] {processor.py:830} INFO - Processing file /home/airflow/.local/lib/python3.8/site-packages/airflow/example_dags/example_task_group.py for tasks to queue
[2024-02-25T18:31:43.555+0000] {logging_mixin.py:188} INFO - [2024-02-25T18:31:43.555+0000] {dagbag.py:538} INFO - Filling up the DagBag from /home/airflow/.local/lib/python3.8/site-packages/airflow/example_dags/example_task_group.py
[2024-02-25T18:31:43.565+0000] {processor.py:840} INFO - DAG(s) 'example_task_group' retrieved from /home/airflow/.local/lib/python3.8/site-packages/airflow/example_dags/example_task_group.py
[2024-02-25T18:31:43.592+0000] {logging_mixin.py:188} INFO - [2024-02-25T18:31:43.591+0000] {dag.py:3036} INFO - Sync 1 DAGs
[2024-02-25T18:31:43.614+0000] {logging_mixin.py:188} INFO - [2024-02-25T18:31:43.613+0000] {dag.py:3823} INFO - Setting next_dagrun for example_task_group to 2024-02-24 00:00:00+00:00, run_after=2024-02-25 00:00:00+00:00
[2024-02-25T18:31:43.635+0000] {processor.py:183} INFO - Processing /home/airflow/.local/lib/python3.8/site-packages/airflow/example_dags/example_task_group.py took 0.087 seconds
[2024-02-25T18:32:14.675+0000] {processor.py:161} INFO - Started process (PID=8522) to work on /home/airflow/.local/lib/python3.8/site-packages/airflow/example_dags/example_task_group.py
[2024-02-25T18:32:14.677+0000] {processor.py:830} INFO - Processing file /home/airflow/.local/lib/python3.8/site-packages/airflow/example_dags/example_task_group.py for tasks to queue
[2024-02-25T18:32:14.678+0000] {logging_mixin.py:188} INFO - [2024-02-25T18:32:14.678+0000] {dagbag.py:538} INFO - Filling up the DagBag from /home/airflow/.local/lib/python3.8/site-packages/airflow/example_dags/example_task_group.py
[2024-02-25T18:32:14.687+0000] {processor.py:840} INFO - DAG(s) 'example_task_group' retrieved from /home/airflow/.local/lib/python3.8/site-packages/airflow/example_dags/example_task_group.py
[2024-02-25T18:32:14.714+0000] {logging_mixin.py:188} INFO - [2024-02-25T18:32:14.714+0000] {dag.py:3036} INFO - Sync 1 DAGs
[2024-02-25T18:32:14.736+0000] {logging_mixin.py:188} INFO - [2024-02-25T18:32:14.736+0000] {dag.py:3823} INFO - Setting next_dagrun for example_task_group to 2024-02-24 00:00:00+00:00, run_after=2024-02-25 00:00:00+00:00
[2024-02-25T18:32:14.757+0000] {processor.py:183} INFO - Processing /home/airflow/.local/lib/python3.8/site-packages/airflow/example_dags/example_task_group.py took 0.086 seconds
[2024-02-25T18:32:45.392+0000] {processor.py:161} INFO - Started process (PID=8585) to work on /home/airflow/.local/lib/python3.8/site-packages/airflow/example_dags/example_task_group.py
[2024-02-25T18:32:45.394+0000] {processor.py:830} INFO - Processing file /home/airflow/.local/lib/python3.8/site-packages/airflow/example_dags/example_task_group.py for tasks to queue
[2024-02-25T18:32:45.395+0000] {logging_mixin.py:188} INFO - [2024-02-25T18:32:45.394+0000] {dagbag.py:538} INFO - Filling up the DagBag from /home/airflow/.local/lib/python3.8/site-packages/airflow/example_dags/example_task_group.py
[2024-02-25T18:32:45.404+0000] {processor.py:840} INFO - DAG(s) 'example_task_group' retrieved from /home/airflow/.local/lib/python3.8/site-packages/airflow/example_dags/example_task_group.py
[2024-02-25T18:32:45.431+0000] {logging_mixin.py:188} INFO - [2024-02-25T18:32:45.431+0000] {dag.py:3036} INFO - Sync 1 DAGs
[2024-02-25T18:32:45.454+0000] {logging_mixin.py:188} INFO - [2024-02-25T18:32:45.454+0000] {dag.py:3823} INFO - Setting next_dagrun for example_task_group to 2024-02-24 00:00:00+00:00, run_after=2024-02-25 00:00:00+00:00
[2024-02-25T18:32:45.477+0000] {processor.py:183} INFO - Processing /home/airflow/.local/lib/python3.8/site-packages/airflow/example_dags/example_task_group.py took 0.090 seconds
[2024-02-25T18:33:16.417+0000] {processor.py:161} INFO - Started process (PID=8648) to work on /home/airflow/.local/lib/python3.8/site-packages/airflow/example_dags/example_task_group.py
[2024-02-25T18:33:16.419+0000] {processor.py:830} INFO - Processing file /home/airflow/.local/lib/python3.8/site-packages/airflow/example_dags/example_task_group.py for tasks to queue
[2024-02-25T18:33:16.420+0000] {logging_mixin.py:188} INFO - [2024-02-25T18:33:16.419+0000] {dagbag.py:538} INFO - Filling up the DagBag from /home/airflow/.local/lib/python3.8/site-packages/airflow/example_dags/example_task_group.py
[2024-02-25T18:33:16.428+0000] {processor.py:840} INFO - DAG(s) 'example_task_group' retrieved from /home/airflow/.local/lib/python3.8/site-packages/airflow/example_dags/example_task_group.py
[2024-02-25T18:33:16.454+0000] {logging_mixin.py:188} INFO - [2024-02-25T18:33:16.454+0000] {dag.py:3036} INFO - Sync 1 DAGs
[2024-02-25T18:33:16.486+0000] {logging_mixin.py:188} INFO - [2024-02-25T18:33:16.486+0000] {dag.py:3823} INFO - Setting next_dagrun for example_task_group to 2024-02-24 00:00:00+00:00, run_after=2024-02-25 00:00:00+00:00
[2024-02-25T18:33:16.514+0000] {processor.py:183} INFO - Processing /home/airflow/.local/lib/python3.8/site-packages/airflow/example_dags/example_task_group.py took 0.100 seconds
[2024-02-25T18:33:47.494+0000] {processor.py:161} INFO - Started process (PID=8711) to work on /home/airflow/.local/lib/python3.8/site-packages/airflow/example_dags/example_task_group.py
[2024-02-25T18:33:47.495+0000] {processor.py:830} INFO - Processing file /home/airflow/.local/lib/python3.8/site-packages/airflow/example_dags/example_task_group.py for tasks to queue
[2024-02-25T18:33:47.497+0000] {logging_mixin.py:188} INFO - [2024-02-25T18:33:47.496+0000] {dagbag.py:538} INFO - Filling up the DagBag from /home/airflow/.local/lib/python3.8/site-packages/airflow/example_dags/example_task_group.py
[2024-02-25T18:33:47.505+0000] {processor.py:840} INFO - DAG(s) 'example_task_group' retrieved from /home/airflow/.local/lib/python3.8/site-packages/airflow/example_dags/example_task_group.py
[2024-02-25T18:33:47.539+0000] {logging_mixin.py:188} INFO - [2024-02-25T18:33:47.539+0000] {dag.py:3036} INFO - Sync 1 DAGs
[2024-02-25T18:33:47.560+0000] {logging_mixin.py:188} INFO - [2024-02-25T18:33:47.560+0000] {dag.py:3823} INFO - Setting next_dagrun for example_task_group to 2024-02-24 00:00:00+00:00, run_after=2024-02-25 00:00:00+00:00
[2024-02-25T18:33:47.587+0000] {processor.py:183} INFO - Processing /home/airflow/.local/lib/python3.8/site-packages/airflow/example_dags/example_task_group.py took 0.097 seconds
[2024-02-25T18:34:18.676+0000] {processor.py:161} INFO - Started process (PID=8774) to work on /home/airflow/.local/lib/python3.8/site-packages/airflow/example_dags/example_task_group.py
[2024-02-25T18:34:18.677+0000] {processor.py:830} INFO - Processing file /home/airflow/.local/lib/python3.8/site-packages/airflow/example_dags/example_task_group.py for tasks to queue
[2024-02-25T18:34:18.679+0000] {logging_mixin.py:188} INFO - [2024-02-25T18:34:18.678+0000] {dagbag.py:538} INFO - Filling up the DagBag from /home/airflow/.local/lib/python3.8/site-packages/airflow/example_dags/example_task_group.py
[2024-02-25T18:34:18.687+0000] {processor.py:840} INFO - DAG(s) 'example_task_group' retrieved from /home/airflow/.local/lib/python3.8/site-packages/airflow/example_dags/example_task_group.py
[2024-02-25T18:34:18.718+0000] {logging_mixin.py:188} INFO - [2024-02-25T18:34:18.717+0000] {dag.py:3036} INFO - Sync 1 DAGs
[2024-02-25T18:34:18.742+0000] {logging_mixin.py:188} INFO - [2024-02-25T18:34:18.742+0000] {dag.py:3823} INFO - Setting next_dagrun for example_task_group to 2024-02-24 00:00:00+00:00, run_after=2024-02-25 00:00:00+00:00
[2024-02-25T18:34:18.767+0000] {processor.py:183} INFO - Processing /home/airflow/.local/lib/python3.8/site-packages/airflow/example_dags/example_task_group.py took 0.095 seconds
[2024-02-25T18:34:49.689+0000] {processor.py:161} INFO - Started process (PID=8837) to work on /home/airflow/.local/lib/python3.8/site-packages/airflow/example_dags/example_task_group.py
[2024-02-25T18:34:49.690+0000] {processor.py:830} INFO - Processing file /home/airflow/.local/lib/python3.8/site-packages/airflow/example_dags/example_task_group.py for tasks to queue
[2024-02-25T18:34:49.691+0000] {logging_mixin.py:188} INFO - [2024-02-25T18:34:49.691+0000] {dagbag.py:538} INFO - Filling up the DagBag from /home/airflow/.local/lib/python3.8/site-packages/airflow/example_dags/example_task_group.py
[2024-02-25T18:34:49.699+0000] {processor.py:840} INFO - DAG(s) 'example_task_group' retrieved from /home/airflow/.local/lib/python3.8/site-packages/airflow/example_dags/example_task_group.py
[2024-02-25T18:34:49.723+0000] {logging_mixin.py:188} INFO - [2024-02-25T18:34:49.723+0000] {dag.py:3036} INFO - Sync 1 DAGs
[2024-02-25T18:34:49.745+0000] {logging_mixin.py:188} INFO - [2024-02-25T18:34:49.745+0000] {dag.py:3823} INFO - Setting next_dagrun for example_task_group to 2024-02-24 00:00:00+00:00, run_after=2024-02-25 00:00:00+00:00
[2024-02-25T18:34:49.769+0000] {processor.py:183} INFO - Processing /home/airflow/.local/lib/python3.8/site-packages/airflow/example_dags/example_task_group.py took 0.084 seconds
[2024-02-25T18:35:20.974+0000] {processor.py:161} INFO - Started process (PID=8900) to work on /home/airflow/.local/lib/python3.8/site-packages/airflow/example_dags/example_task_group.py
[2024-02-25T18:35:20.975+0000] {processor.py:830} INFO - Processing file /home/airflow/.local/lib/python3.8/site-packages/airflow/example_dags/example_task_group.py for tasks to queue
[2024-02-25T18:35:20.976+0000] {logging_mixin.py:188} INFO - [2024-02-25T18:35:20.976+0000] {dagbag.py:538} INFO - Filling up the DagBag from /home/airflow/.local/lib/python3.8/site-packages/airflow/example_dags/example_task_group.py
[2024-02-25T18:35:20.988+0000] {processor.py:840} INFO - DAG(s) 'example_task_group' retrieved from /home/airflow/.local/lib/python3.8/site-packages/airflow/example_dags/example_task_group.py
[2024-02-25T18:35:21.016+0000] {logging_mixin.py:188} INFO - [2024-02-25T18:35:21.015+0000] {dag.py:3036} INFO - Sync 1 DAGs
[2024-02-25T18:35:21.041+0000] {logging_mixin.py:188} INFO - [2024-02-25T18:35:21.041+0000] {dag.py:3823} INFO - Setting next_dagrun for example_task_group to 2024-02-24 00:00:00+00:00, run_after=2024-02-25 00:00:00+00:00
[2024-02-25T18:35:21.066+0000] {processor.py:183} INFO - Processing /home/airflow/.local/lib/python3.8/site-packages/airflow/example_dags/example_task_group.py took 0.097 seconds
[2024-02-25T18:35:51.886+0000] {processor.py:161} INFO - Started process (PID=8964) to work on /home/airflow/.local/lib/python3.8/site-packages/airflow/example_dags/example_task_group.py
[2024-02-25T18:35:51.887+0000] {processor.py:830} INFO - Processing file /home/airflow/.local/lib/python3.8/site-packages/airflow/example_dags/example_task_group.py for tasks to queue
[2024-02-25T18:35:51.889+0000] {logging_mixin.py:188} INFO - [2024-02-25T18:35:51.888+0000] {dagbag.py:538} INFO - Filling up the DagBag from /home/airflow/.local/lib/python3.8/site-packages/airflow/example_dags/example_task_group.py
[2024-02-25T18:35:51.898+0000] {processor.py:840} INFO - DAG(s) 'example_task_group' retrieved from /home/airflow/.local/lib/python3.8/site-packages/airflow/example_dags/example_task_group.py
[2024-02-25T18:35:51.924+0000] {logging_mixin.py:188} INFO - [2024-02-25T18:35:51.924+0000] {dag.py:3036} INFO - Sync 1 DAGs
[2024-02-25T18:35:51.953+0000] {logging_mixin.py:188} INFO - [2024-02-25T18:35:51.952+0000] {dag.py:3823} INFO - Setting next_dagrun for example_task_group to 2024-02-24 00:00:00+00:00, run_after=2024-02-25 00:00:00+00:00
[2024-02-25T18:35:51.981+0000] {processor.py:183} INFO - Processing /home/airflow/.local/lib/python3.8/site-packages/airflow/example_dags/example_task_group.py took 0.099 seconds
[2024-02-25T18:36:23.203+0000] {processor.py:161} INFO - Started process (PID=9028) to work on /home/airflow/.local/lib/python3.8/site-packages/airflow/example_dags/example_task_group.py
[2024-02-25T18:36:23.205+0000] {processor.py:830} INFO - Processing file /home/airflow/.local/lib/python3.8/site-packages/airflow/example_dags/example_task_group.py for tasks to queue
[2024-02-25T18:36:23.206+0000] {logging_mixin.py:188} INFO - [2024-02-25T18:36:23.206+0000] {dagbag.py:538} INFO - Filling up the DagBag from /home/airflow/.local/lib/python3.8/site-packages/airflow/example_dags/example_task_group.py
[2024-02-25T18:36:23.216+0000] {processor.py:840} INFO - DAG(s) 'example_task_group' retrieved from /home/airflow/.local/lib/python3.8/site-packages/airflow/example_dags/example_task_group.py
[2024-02-25T18:36:23.244+0000] {logging_mixin.py:188} INFO - [2024-02-25T18:36:23.244+0000] {dag.py:3036} INFO - Sync 1 DAGs
[2024-02-25T18:36:23.266+0000] {logging_mixin.py:188} INFO - [2024-02-25T18:36:23.266+0000] {dag.py:3823} INFO - Setting next_dagrun for example_task_group to 2024-02-24 00:00:00+00:00, run_after=2024-02-25 00:00:00+00:00
[2024-02-25T18:36:23.292+0000] {processor.py:183} INFO - Processing /home/airflow/.local/lib/python3.8/site-packages/airflow/example_dags/example_task_group.py took 0.093 seconds
[2024-02-25T18:36:53.750+0000] {processor.py:161} INFO - Started process (PID=9091) to work on /home/airflow/.local/lib/python3.8/site-packages/airflow/example_dags/example_task_group.py
[2024-02-25T18:36:53.751+0000] {processor.py:830} INFO - Processing file /home/airflow/.local/lib/python3.8/site-packages/airflow/example_dags/example_task_group.py for tasks to queue
[2024-02-25T18:36:53.752+0000] {logging_mixin.py:188} INFO - [2024-02-25T18:36:53.752+0000] {dagbag.py:538} INFO - Filling up the DagBag from /home/airflow/.local/lib/python3.8/site-packages/airflow/example_dags/example_task_group.py
[2024-02-25T18:36:53.761+0000] {processor.py:840} INFO - DAG(s) 'example_task_group' retrieved from /home/airflow/.local/lib/python3.8/site-packages/airflow/example_dags/example_task_group.py
[2024-02-25T18:36:53.788+0000] {logging_mixin.py:188} INFO - [2024-02-25T18:36:53.787+0000] {dag.py:3036} INFO - Sync 1 DAGs
[2024-02-25T18:36:53.809+0000] {logging_mixin.py:188} INFO - [2024-02-25T18:36:53.809+0000] {dag.py:3823} INFO - Setting next_dagrun for example_task_group to 2024-02-24 00:00:00+00:00, run_after=2024-02-25 00:00:00+00:00
[2024-02-25T18:36:53.838+0000] {processor.py:183} INFO - Processing /home/airflow/.local/lib/python3.8/site-packages/airflow/example_dags/example_task_group.py took 0.092 seconds
[2024-02-25T18:37:24.754+0000] {processor.py:161} INFO - Started process (PID=9154) to work on /home/airflow/.local/lib/python3.8/site-packages/airflow/example_dags/example_task_group.py
[2024-02-25T18:37:24.755+0000] {processor.py:830} INFO - Processing file /home/airflow/.local/lib/python3.8/site-packages/airflow/example_dags/example_task_group.py for tasks to queue
[2024-02-25T18:37:24.757+0000] {logging_mixin.py:188} INFO - [2024-02-25T18:37:24.756+0000] {dagbag.py:538} INFO - Filling up the DagBag from /home/airflow/.local/lib/python3.8/site-packages/airflow/example_dags/example_task_group.py
[2024-02-25T18:37:24.766+0000] {processor.py:840} INFO - DAG(s) 'example_task_group' retrieved from /home/airflow/.local/lib/python3.8/site-packages/airflow/example_dags/example_task_group.py
[2024-02-25T18:37:24.790+0000] {logging_mixin.py:188} INFO - [2024-02-25T18:37:24.790+0000] {dag.py:3036} INFO - Sync 1 DAGs
[2024-02-25T18:37:24.812+0000] {logging_mixin.py:188} INFO - [2024-02-25T18:37:24.812+0000] {dag.py:3823} INFO - Setting next_dagrun for example_task_group to 2024-02-24 00:00:00+00:00, run_after=2024-02-25 00:00:00+00:00
[2024-02-25T18:37:24.837+0000] {processor.py:183} INFO - Processing /home/airflow/.local/lib/python3.8/site-packages/airflow/example_dags/example_task_group.py took 0.087 seconds
[2024-02-25T18:37:55.544+0000] {processor.py:161} INFO - Started process (PID=9217) to work on /home/airflow/.local/lib/python3.8/site-packages/airflow/example_dags/example_task_group.py
[2024-02-25T18:37:55.545+0000] {processor.py:830} INFO - Processing file /home/airflow/.local/lib/python3.8/site-packages/airflow/example_dags/example_task_group.py for tasks to queue
[2024-02-25T18:37:55.547+0000] {logging_mixin.py:188} INFO - [2024-02-25T18:37:55.546+0000] {dagbag.py:538} INFO - Filling up the DagBag from /home/airflow/.local/lib/python3.8/site-packages/airflow/example_dags/example_task_group.py
[2024-02-25T18:37:55.558+0000] {processor.py:840} INFO - DAG(s) 'example_task_group' retrieved from /home/airflow/.local/lib/python3.8/site-packages/airflow/example_dags/example_task_group.py
[2024-02-25T18:37:55.582+0000] {logging_mixin.py:188} INFO - [2024-02-25T18:37:55.582+0000] {dag.py:3036} INFO - Sync 1 DAGs
[2024-02-25T18:37:55.607+0000] {logging_mixin.py:188} INFO - [2024-02-25T18:37:55.607+0000] {dag.py:3823} INFO - Setting next_dagrun for example_task_group to 2024-02-24 00:00:00+00:00, run_after=2024-02-25 00:00:00+00:00
[2024-02-25T18:37:55.632+0000] {processor.py:183} INFO - Processing /home/airflow/.local/lib/python3.8/site-packages/airflow/example_dags/example_task_group.py took 0.092 seconds
[2024-02-25T18:38:26.327+0000] {processor.py:161} INFO - Started process (PID=9281) to work on /home/airflow/.local/lib/python3.8/site-packages/airflow/example_dags/example_task_group.py
[2024-02-25T18:38:26.328+0000] {processor.py:830} INFO - Processing file /home/airflow/.local/lib/python3.8/site-packages/airflow/example_dags/example_task_group.py for tasks to queue
[2024-02-25T18:38:26.329+0000] {logging_mixin.py:188} INFO - [2024-02-25T18:38:26.329+0000] {dagbag.py:538} INFO - Filling up the DagBag from /home/airflow/.local/lib/python3.8/site-packages/airflow/example_dags/example_task_group.py
[2024-02-25T18:38:26.338+0000] {processor.py:840} INFO - DAG(s) 'example_task_group' retrieved from /home/airflow/.local/lib/python3.8/site-packages/airflow/example_dags/example_task_group.py
[2024-02-25T18:38:26.362+0000] {logging_mixin.py:188} INFO - [2024-02-25T18:38:26.362+0000] {dag.py:3036} INFO - Sync 1 DAGs
[2024-02-25T18:38:26.384+0000] {logging_mixin.py:188} INFO - [2024-02-25T18:38:26.384+0000] {dag.py:3823} INFO - Setting next_dagrun for example_task_group to 2024-02-24 00:00:00+00:00, run_after=2024-02-25 00:00:00+00:00
[2024-02-25T18:38:26.409+0000] {processor.py:183} INFO - Processing /home/airflow/.local/lib/python3.8/site-packages/airflow/example_dags/example_task_group.py took 0.086 seconds
[2024-02-25T18:38:57.432+0000] {processor.py:161} INFO - Started process (PID=9344) to work on /home/airflow/.local/lib/python3.8/site-packages/airflow/example_dags/example_task_group.py
[2024-02-25T18:38:57.433+0000] {processor.py:830} INFO - Processing file /home/airflow/.local/lib/python3.8/site-packages/airflow/example_dags/example_task_group.py for tasks to queue
[2024-02-25T18:38:57.435+0000] {logging_mixin.py:188} INFO - [2024-02-25T18:38:57.434+0000] {dagbag.py:538} INFO - Filling up the DagBag from /home/airflow/.local/lib/python3.8/site-packages/airflow/example_dags/example_task_group.py
[2024-02-25T18:38:57.443+0000] {processor.py:840} INFO - DAG(s) 'example_task_group' retrieved from /home/airflow/.local/lib/python3.8/site-packages/airflow/example_dags/example_task_group.py
[2024-02-25T18:38:57.476+0000] {logging_mixin.py:188} INFO - [2024-02-25T18:38:57.475+0000] {dag.py:3036} INFO - Sync 1 DAGs
[2024-02-25T18:38:57.504+0000] {logging_mixin.py:188} INFO - [2024-02-25T18:38:57.503+0000] {dag.py:3823} INFO - Setting next_dagrun for example_task_group to 2024-02-24 00:00:00+00:00, run_after=2024-02-25 00:00:00+00:00
[2024-02-25T18:38:57.531+0000] {processor.py:183} INFO - Processing /home/airflow/.local/lib/python3.8/site-packages/airflow/example_dags/example_task_group.py took 0.103 seconds
[2024-02-25T18:39:28.130+0000] {processor.py:161} INFO - Started process (PID=9412) to work on /home/airflow/.local/lib/python3.8/site-packages/airflow/example_dags/example_task_group.py
[2024-02-25T18:39:28.131+0000] {processor.py:830} INFO - Processing file /home/airflow/.local/lib/python3.8/site-packages/airflow/example_dags/example_task_group.py for tasks to queue
[2024-02-25T18:39:28.132+0000] {logging_mixin.py:188} INFO - [2024-02-25T18:39:28.132+0000] {dagbag.py:538} INFO - Filling up the DagBag from /home/airflow/.local/lib/python3.8/site-packages/airflow/example_dags/example_task_group.py
[2024-02-25T18:39:28.141+0000] {processor.py:840} INFO - DAG(s) 'example_task_group' retrieved from /home/airflow/.local/lib/python3.8/site-packages/airflow/example_dags/example_task_group.py
[2024-02-25T18:39:28.167+0000] {logging_mixin.py:188} INFO - [2024-02-25T18:39:28.167+0000] {dag.py:3036} INFO - Sync 1 DAGs
[2024-02-25T18:39:28.189+0000] {logging_mixin.py:188} INFO - [2024-02-25T18:39:28.189+0000] {dag.py:3823} INFO - Setting next_dagrun for example_task_group to 2024-02-24 00:00:00+00:00, run_after=2024-02-25 00:00:00+00:00
[2024-02-25T18:39:28.211+0000] {processor.py:183} INFO - Processing /home/airflow/.local/lib/python3.8/site-packages/airflow/example_dags/example_task_group.py took 0.085 seconds
[2024-02-25T18:39:58.869+0000] {processor.py:161} INFO - Started process (PID=9475) to work on /home/airflow/.local/lib/python3.8/site-packages/airflow/example_dags/example_task_group.py
[2024-02-25T18:39:58.870+0000] {processor.py:830} INFO - Processing file /home/airflow/.local/lib/python3.8/site-packages/airflow/example_dags/example_task_group.py for tasks to queue
[2024-02-25T18:39:58.871+0000] {logging_mixin.py:188} INFO - [2024-02-25T18:39:58.871+0000] {dagbag.py:538} INFO - Filling up the DagBag from /home/airflow/.local/lib/python3.8/site-packages/airflow/example_dags/example_task_group.py
[2024-02-25T18:39:58.879+0000] {processor.py:840} INFO - DAG(s) 'example_task_group' retrieved from /home/airflow/.local/lib/python3.8/site-packages/airflow/example_dags/example_task_group.py
[2024-02-25T18:39:58.904+0000] {logging_mixin.py:188} INFO - [2024-02-25T18:39:58.904+0000] {dag.py:3036} INFO - Sync 1 DAGs
[2024-02-25T18:39:58.926+0000] {logging_mixin.py:188} INFO - [2024-02-25T18:39:58.926+0000] {dag.py:3823} INFO - Setting next_dagrun for example_task_group to 2024-02-24 00:00:00+00:00, run_after=2024-02-25 00:00:00+00:00
[2024-02-25T18:39:58.949+0000] {processor.py:183} INFO - Processing /home/airflow/.local/lib/python3.8/site-packages/airflow/example_dags/example_task_group.py took 0.084 seconds
[2024-02-25T20:59:43.799+0000] {processor.py:161} INFO - Started process (PID=9538) to work on /home/airflow/.local/lib/python3.8/site-packages/airflow/example_dags/example_task_group.py
[2024-02-25T20:59:43.801+0000] {processor.py:830} INFO - Processing file /home/airflow/.local/lib/python3.8/site-packages/airflow/example_dags/example_task_group.py for tasks to queue
[2024-02-25T20:59:43.803+0000] {logging_mixin.py:188} INFO - [2024-02-25T20:59:43.802+0000] {dagbag.py:538} INFO - Filling up the DagBag from /home/airflow/.local/lib/python3.8/site-packages/airflow/example_dags/example_task_group.py
[2024-02-25T20:59:43.835+0000] {processor.py:840} INFO - DAG(s) 'example_task_group' retrieved from /home/airflow/.local/lib/python3.8/site-packages/airflow/example_dags/example_task_group.py
[2024-02-25T20:59:44.026+0000] {logging_mixin.py:188} INFO - [2024-02-25T20:59:44.026+0000] {dag.py:3036} INFO - Sync 1 DAGs
[2024-02-25T20:59:44.105+0000] {logging_mixin.py:188} INFO - [2024-02-25T20:59:44.104+0000] {dag.py:3823} INFO - Setting next_dagrun for example_task_group to 2024-02-24 00:00:00+00:00, run_after=2024-02-25 00:00:00+00:00
[2024-02-25T20:59:44.239+0000] {processor.py:183} INFO - Processing /home/airflow/.local/lib/python3.8/site-packages/airflow/example_dags/example_task_group.py took 0.452 seconds
[2024-02-25T21:00:15.008+0000] {processor.py:161} INFO - Started process (PID=9609) to work on /home/airflow/.local/lib/python3.8/site-packages/airflow/example_dags/example_task_group.py
[2024-02-25T21:00:15.009+0000] {processor.py:830} INFO - Processing file /home/airflow/.local/lib/python3.8/site-packages/airflow/example_dags/example_task_group.py for tasks to queue
[2024-02-25T21:00:15.010+0000] {logging_mixin.py:188} INFO - [2024-02-25T21:00:15.010+0000] {dagbag.py:538} INFO - Filling up the DagBag from /home/airflow/.local/lib/python3.8/site-packages/airflow/example_dags/example_task_group.py
[2024-02-25T21:00:15.020+0000] {processor.py:840} INFO - DAG(s) 'example_task_group' retrieved from /home/airflow/.local/lib/python3.8/site-packages/airflow/example_dags/example_task_group.py
[2024-02-25T21:00:15.046+0000] {logging_mixin.py:188} INFO - [2024-02-25T21:00:15.046+0000] {dag.py:3036} INFO - Sync 1 DAGs
[2024-02-25T21:00:15.070+0000] {logging_mixin.py:188} INFO - [2024-02-25T21:00:15.069+0000] {dag.py:3823} INFO - Setting next_dagrun for example_task_group to 2024-02-24 00:00:00+00:00, run_after=2024-02-25 00:00:00+00:00
[2024-02-25T21:00:15.093+0000] {processor.py:183} INFO - Processing /home/airflow/.local/lib/python3.8/site-packages/airflow/example_dags/example_task_group.py took 0.090 seconds
[2024-02-25T21:00:45.546+0000] {processor.py:161} INFO - Started process (PID=9672) to work on /home/airflow/.local/lib/python3.8/site-packages/airflow/example_dags/example_task_group.py
[2024-02-25T21:00:45.548+0000] {processor.py:830} INFO - Processing file /home/airflow/.local/lib/python3.8/site-packages/airflow/example_dags/example_task_group.py for tasks to queue
[2024-02-25T21:00:45.549+0000] {logging_mixin.py:188} INFO - [2024-02-25T21:00:45.549+0000] {dagbag.py:538} INFO - Filling up the DagBag from /home/airflow/.local/lib/python3.8/site-packages/airflow/example_dags/example_task_group.py
[2024-02-25T21:00:45.558+0000] {processor.py:840} INFO - DAG(s) 'example_task_group' retrieved from /home/airflow/.local/lib/python3.8/site-packages/airflow/example_dags/example_task_group.py
[2024-02-25T21:00:45.614+0000] {logging_mixin.py:188} INFO - [2024-02-25T21:00:45.614+0000] {dag.py:3036} INFO - Sync 1 DAGs
[2024-02-25T21:00:45.639+0000] {logging_mixin.py:188} INFO - [2024-02-25T21:00:45.638+0000] {dag.py:3823} INFO - Setting next_dagrun for example_task_group to 2024-02-24 00:00:00+00:00, run_after=2024-02-25 00:00:00+00:00
[2024-02-25T21:00:45.660+0000] {processor.py:183} INFO - Processing /home/airflow/.local/lib/python3.8/site-packages/airflow/example_dags/example_task_group.py took 0.119 seconds
[2024-02-25T21:01:16.431+0000] {processor.py:161} INFO - Started process (PID=9735) to work on /home/airflow/.local/lib/python3.8/site-packages/airflow/example_dags/example_task_group.py
[2024-02-25T21:01:16.432+0000] {processor.py:830} INFO - Processing file /home/airflow/.local/lib/python3.8/site-packages/airflow/example_dags/example_task_group.py for tasks to queue
[2024-02-25T21:01:16.433+0000] {logging_mixin.py:188} INFO - [2024-02-25T21:01:16.433+0000] {dagbag.py:538} INFO - Filling up the DagBag from /home/airflow/.local/lib/python3.8/site-packages/airflow/example_dags/example_task_group.py
[2024-02-25T21:01:16.442+0000] {processor.py:840} INFO - DAG(s) 'example_task_group' retrieved from /home/airflow/.local/lib/python3.8/site-packages/airflow/example_dags/example_task_group.py
[2024-02-25T21:01:16.466+0000] {logging_mixin.py:188} INFO - [2024-02-25T21:01:16.466+0000] {dag.py:3036} INFO - Sync 1 DAGs
[2024-02-25T21:01:16.488+0000] {logging_mixin.py:188} INFO - [2024-02-25T21:01:16.488+0000] {dag.py:3823} INFO - Setting next_dagrun for example_task_group to 2024-02-24 00:00:00+00:00, run_after=2024-02-25 00:00:00+00:00
[2024-02-25T21:01:16.513+0000] {processor.py:183} INFO - Processing /home/airflow/.local/lib/python3.8/site-packages/airflow/example_dags/example_task_group.py took 0.086 seconds
[2024-02-25T21:01:46.956+0000] {processor.py:161} INFO - Started process (PID=9798) to work on /home/airflow/.local/lib/python3.8/site-packages/airflow/example_dags/example_task_group.py
[2024-02-25T21:01:46.957+0000] {processor.py:830} INFO - Processing file /home/airflow/.local/lib/python3.8/site-packages/airflow/example_dags/example_task_group.py for tasks to queue
[2024-02-25T21:01:46.958+0000] {logging_mixin.py:188} INFO - [2024-02-25T21:01:46.958+0000] {dagbag.py:538} INFO - Filling up the DagBag from /home/airflow/.local/lib/python3.8/site-packages/airflow/example_dags/example_task_group.py
[2024-02-25T21:01:46.967+0000] {processor.py:840} INFO - DAG(s) 'example_task_group' retrieved from /home/airflow/.local/lib/python3.8/site-packages/airflow/example_dags/example_task_group.py
[2024-02-25T21:01:46.990+0000] {logging_mixin.py:188} INFO - [2024-02-25T21:01:46.990+0000] {dag.py:3036} INFO - Sync 1 DAGs
[2024-02-25T21:01:47.012+0000] {logging_mixin.py:188} INFO - [2024-02-25T21:01:47.012+0000] {dag.py:3823} INFO - Setting next_dagrun for example_task_group to 2024-02-24 00:00:00+00:00, run_after=2024-02-25 00:00:00+00:00
[2024-02-25T21:01:47.037+0000] {processor.py:183} INFO - Processing /home/airflow/.local/lib/python3.8/site-packages/airflow/example_dags/example_task_group.py took 0.085 seconds
[2024-02-25T21:02:17.560+0000] {processor.py:161} INFO - Started process (PID=9861) to work on /home/airflow/.local/lib/python3.8/site-packages/airflow/example_dags/example_task_group.py
[2024-02-25T21:02:17.561+0000] {processor.py:830} INFO - Processing file /home/airflow/.local/lib/python3.8/site-packages/airflow/example_dags/example_task_group.py for tasks to queue
[2024-02-25T21:02:17.563+0000] {logging_mixin.py:188} INFO - [2024-02-25T21:02:17.562+0000] {dagbag.py:538} INFO - Filling up the DagBag from /home/airflow/.local/lib/python3.8/site-packages/airflow/example_dags/example_task_group.py
[2024-02-25T21:02:17.571+0000] {processor.py:840} INFO - DAG(s) 'example_task_group' retrieved from /home/airflow/.local/lib/python3.8/site-packages/airflow/example_dags/example_task_group.py
[2024-02-25T21:02:17.595+0000] {logging_mixin.py:188} INFO - [2024-02-25T21:02:17.595+0000] {dag.py:3036} INFO - Sync 1 DAGs
[2024-02-25T21:02:17.617+0000] {logging_mixin.py:188} INFO - [2024-02-25T21:02:17.617+0000] {dag.py:3823} INFO - Setting next_dagrun for example_task_group to 2024-02-24 00:00:00+00:00, run_after=2024-02-25 00:00:00+00:00
[2024-02-25T21:02:17.639+0000] {processor.py:183} INFO - Processing /home/airflow/.local/lib/python3.8/site-packages/airflow/example_dags/example_task_group.py took 0.083 seconds
[2024-02-25T21:02:48.331+0000] {processor.py:161} INFO - Started process (PID=9924) to work on /home/airflow/.local/lib/python3.8/site-packages/airflow/example_dags/example_task_group.py
[2024-02-25T21:02:48.332+0000] {processor.py:830} INFO - Processing file /home/airflow/.local/lib/python3.8/site-packages/airflow/example_dags/example_task_group.py for tasks to queue
[2024-02-25T21:02:48.333+0000] {logging_mixin.py:188} INFO - [2024-02-25T21:02:48.333+0000] {dagbag.py:538} INFO - Filling up the DagBag from /home/airflow/.local/lib/python3.8/site-packages/airflow/example_dags/example_task_group.py
[2024-02-25T21:02:48.341+0000] {processor.py:840} INFO - DAG(s) 'example_task_group' retrieved from /home/airflow/.local/lib/python3.8/site-packages/airflow/example_dags/example_task_group.py
[2024-02-25T21:02:48.366+0000] {logging_mixin.py:188} INFO - [2024-02-25T21:02:48.366+0000] {dag.py:3036} INFO - Sync 1 DAGs
[2024-02-25T21:02:48.387+0000] {logging_mixin.py:188} INFO - [2024-02-25T21:02:48.387+0000] {dag.py:3823} INFO - Setting next_dagrun for example_task_group to 2024-02-24 00:00:00+00:00, run_after=2024-02-25 00:00:00+00:00
[2024-02-25T21:02:48.413+0000] {processor.py:183} INFO - Processing /home/airflow/.local/lib/python3.8/site-packages/airflow/example_dags/example_task_group.py took 0.087 seconds
[2024-02-25T21:03:18.909+0000] {processor.py:161} INFO - Started process (PID=9987) to work on /home/airflow/.local/lib/python3.8/site-packages/airflow/example_dags/example_task_group.py
[2024-02-25T21:03:18.910+0000] {processor.py:830} INFO - Processing file /home/airflow/.local/lib/python3.8/site-packages/airflow/example_dags/example_task_group.py for tasks to queue
[2024-02-25T21:03:18.911+0000] {logging_mixin.py:188} INFO - [2024-02-25T21:03:18.911+0000] {dagbag.py:538} INFO - Filling up the DagBag from /home/airflow/.local/lib/python3.8/site-packages/airflow/example_dags/example_task_group.py
[2024-02-25T21:03:18.919+0000] {processor.py:840} INFO - DAG(s) 'example_task_group' retrieved from /home/airflow/.local/lib/python3.8/site-packages/airflow/example_dags/example_task_group.py
[2024-02-25T21:03:18.945+0000] {logging_mixin.py:188} INFO - [2024-02-25T21:03:18.945+0000] {dag.py:3036} INFO - Sync 1 DAGs
[2024-02-25T21:03:18.967+0000] {logging_mixin.py:188} INFO - [2024-02-25T21:03:18.967+0000] {dag.py:3823} INFO - Setting next_dagrun for example_task_group to 2024-02-24 00:00:00+00:00, run_after=2024-02-25 00:00:00+00:00
[2024-02-25T21:03:18.990+0000] {processor.py:183} INFO - Processing /home/airflow/.local/lib/python3.8/site-packages/airflow/example_dags/example_task_group.py took 0.084 seconds
[2024-02-25T21:03:49.391+0000] {processor.py:161} INFO - Started process (PID=10050) to work on /home/airflow/.local/lib/python3.8/site-packages/airflow/example_dags/example_task_group.py
[2024-02-25T21:03:49.393+0000] {processor.py:830} INFO - Processing file /home/airflow/.local/lib/python3.8/site-packages/airflow/example_dags/example_task_group.py for tasks to queue
[2024-02-25T21:03:49.394+0000] {logging_mixin.py:188} INFO - [2024-02-25T21:03:49.393+0000] {dagbag.py:538} INFO - Filling up the DagBag from /home/airflow/.local/lib/python3.8/site-packages/airflow/example_dags/example_task_group.py
[2024-02-25T21:03:49.403+0000] {processor.py:840} INFO - DAG(s) 'example_task_group' retrieved from /home/airflow/.local/lib/python3.8/site-packages/airflow/example_dags/example_task_group.py
[2024-02-25T21:03:49.428+0000] {logging_mixin.py:188} INFO - [2024-02-25T21:03:49.428+0000] {dag.py:3036} INFO - Sync 1 DAGs
[2024-02-25T21:03:49.449+0000] {logging_mixin.py:188} INFO - [2024-02-25T21:03:49.449+0000] {dag.py:3823} INFO - Setting next_dagrun for example_task_group to 2024-02-24 00:00:00+00:00, run_after=2024-02-25 00:00:00+00:00
[2024-02-25T21:03:49.473+0000] {processor.py:183} INFO - Processing /home/airflow/.local/lib/python3.8/site-packages/airflow/example_dags/example_task_group.py took 0.086 seconds
[2024-02-25T21:04:20.016+0000] {processor.py:161} INFO - Started process (PID=10113) to work on /home/airflow/.local/lib/python3.8/site-packages/airflow/example_dags/example_task_group.py
[2024-02-25T21:04:20.017+0000] {processor.py:830} INFO - Processing file /home/airflow/.local/lib/python3.8/site-packages/airflow/example_dags/example_task_group.py for tasks to queue
[2024-02-25T21:04:20.019+0000] {logging_mixin.py:188} INFO - [2024-02-25T21:04:20.018+0000] {dagbag.py:538} INFO - Filling up the DagBag from /home/airflow/.local/lib/python3.8/site-packages/airflow/example_dags/example_task_group.py
[2024-02-25T21:04:20.027+0000] {processor.py:840} INFO - DAG(s) 'example_task_group' retrieved from /home/airflow/.local/lib/python3.8/site-packages/airflow/example_dags/example_task_group.py
[2024-02-25T21:04:20.051+0000] {logging_mixin.py:188} INFO - [2024-02-25T21:04:20.051+0000] {dag.py:3036} INFO - Sync 1 DAGs
[2024-02-25T21:04:20.078+0000] {logging_mixin.py:188} INFO - [2024-02-25T21:04:20.078+0000] {dag.py:3823} INFO - Setting next_dagrun for example_task_group to 2024-02-24 00:00:00+00:00, run_after=2024-02-25 00:00:00+00:00
[2024-02-25T21:04:20.106+0000] {processor.py:183} INFO - Processing /home/airflow/.local/lib/python3.8/site-packages/airflow/example_dags/example_task_group.py took 0.092 seconds
[2024-02-25T21:04:50.512+0000] {processor.py:161} INFO - Started process (PID=10176) to work on /home/airflow/.local/lib/python3.8/site-packages/airflow/example_dags/example_task_group.py
[2024-02-25T21:04:50.513+0000] {processor.py:830} INFO - Processing file /home/airflow/.local/lib/python3.8/site-packages/airflow/example_dags/example_task_group.py for tasks to queue
[2024-02-25T21:04:50.514+0000] {logging_mixin.py:188} INFO - [2024-02-25T21:04:50.514+0000] {dagbag.py:538} INFO - Filling up the DagBag from /home/airflow/.local/lib/python3.8/site-packages/airflow/example_dags/example_task_group.py
[2024-02-25T21:04:50.524+0000] {processor.py:840} INFO - DAG(s) 'example_task_group' retrieved from /home/airflow/.local/lib/python3.8/site-packages/airflow/example_dags/example_task_group.py
[2024-02-25T21:04:50.547+0000] {logging_mixin.py:188} INFO - [2024-02-25T21:04:50.547+0000] {dag.py:3036} INFO - Sync 1 DAGs
[2024-02-25T21:04:50.569+0000] {logging_mixin.py:188} INFO - [2024-02-25T21:04:50.569+0000] {dag.py:3823} INFO - Setting next_dagrun for example_task_group to 2024-02-24 00:00:00+00:00, run_after=2024-02-25 00:00:00+00:00
[2024-02-25T21:04:50.593+0000] {processor.py:183} INFO - Processing /home/airflow/.local/lib/python3.8/site-packages/airflow/example_dags/example_task_group.py took 0.086 seconds
