[2024-02-25T00:03:59.188+0000] {processor.py:161} INFO - Started process (PID=5902) to work on /home/airflow/.local/lib/python3.8/site-packages/airflow/example_dags/tutorial_dag.py
[2024-02-25T00:03:59.190+0000] {processor.py:830} INFO - Processing file /home/airflow/.local/lib/python3.8/site-packages/airflow/example_dags/tutorial_dag.py for tasks to queue
[2024-02-25T00:03:59.191+0000] {logging_mixin.py:188} INFO - [2024-02-25T00:03:59.191+0000] {dagbag.py:538} INFO - Filling up the DagBag from /home/airflow/.local/lib/python3.8/site-packages/airflow/example_dags/tutorial_dag.py
[2024-02-25T00:03:59.197+0000] {processor.py:840} INFO - DAG(s) 'tutorial_dag' retrieved from /home/airflow/.local/lib/python3.8/site-packages/airflow/example_dags/tutorial_dag.py
[2024-02-25T00:03:59.221+0000] {logging_mixin.py:188} INFO - [2024-02-25T00:03:59.221+0000] {dag.py:3036} INFO - Sync 1 DAGs
[2024-02-25T00:03:59.235+0000] {logging_mixin.py:188} INFO - [2024-02-25T00:03:59.235+0000] {dag.py:3823} INFO - Setting next_dagrun for tutorial_dag to None, run_after=None
[2024-02-25T00:03:59.263+0000] {processor.py:183} INFO - Processing /home/airflow/.local/lib/python3.8/site-packages/airflow/example_dags/tutorial_dag.py took 0.079 seconds
[2024-02-25T00:04:29.479+0000] {processor.py:161} INFO - Started process (PID=5969) to work on /home/airflow/.local/lib/python3.8/site-packages/airflow/example_dags/tutorial_dag.py
[2024-02-25T00:04:29.480+0000] {processor.py:830} INFO - Processing file /home/airflow/.local/lib/python3.8/site-packages/airflow/example_dags/tutorial_dag.py for tasks to queue
[2024-02-25T00:04:29.481+0000] {logging_mixin.py:188} INFO - [2024-02-25T00:04:29.481+0000] {dagbag.py:538} INFO - Filling up the DagBag from /home/airflow/.local/lib/python3.8/site-packages/airflow/example_dags/tutorial_dag.py
[2024-02-25T00:04:29.487+0000] {processor.py:840} INFO - DAG(s) 'tutorial_dag' retrieved from /home/airflow/.local/lib/python3.8/site-packages/airflow/example_dags/tutorial_dag.py
[2024-02-25T00:04:29.514+0000] {logging_mixin.py:188} INFO - [2024-02-25T00:04:29.513+0000] {dag.py:3036} INFO - Sync 1 DAGs
[2024-02-25T00:04:29.531+0000] {logging_mixin.py:188} INFO - [2024-02-25T00:04:29.530+0000] {dag.py:3823} INFO - Setting next_dagrun for tutorial_dag to None, run_after=None
[2024-02-25T00:04:29.555+0000] {processor.py:183} INFO - Processing /home/airflow/.local/lib/python3.8/site-packages/airflow/example_dags/tutorial_dag.py took 0.081 seconds
[2024-02-25T00:05:00.242+0000] {processor.py:161} INFO - Started process (PID=6032) to work on /home/airflow/.local/lib/python3.8/site-packages/airflow/example_dags/tutorial_dag.py
[2024-02-25T00:05:00.243+0000] {processor.py:830} INFO - Processing file /home/airflow/.local/lib/python3.8/site-packages/airflow/example_dags/tutorial_dag.py for tasks to queue
[2024-02-25T00:05:00.245+0000] {logging_mixin.py:188} INFO - [2024-02-25T00:05:00.244+0000] {dagbag.py:538} INFO - Filling up the DagBag from /home/airflow/.local/lib/python3.8/site-packages/airflow/example_dags/tutorial_dag.py
[2024-02-25T00:05:00.250+0000] {processor.py:840} INFO - DAG(s) 'tutorial_dag' retrieved from /home/airflow/.local/lib/python3.8/site-packages/airflow/example_dags/tutorial_dag.py
[2024-02-25T00:05:00.273+0000] {logging_mixin.py:188} INFO - [2024-02-25T00:05:00.273+0000] {dag.py:3036} INFO - Sync 1 DAGs
[2024-02-25T00:05:00.286+0000] {logging_mixin.py:188} INFO - [2024-02-25T00:05:00.286+0000] {dag.py:3823} INFO - Setting next_dagrun for tutorial_dag to None, run_after=None
[2024-02-25T00:05:00.309+0000] {processor.py:183} INFO - Processing /home/airflow/.local/lib/python3.8/site-packages/airflow/example_dags/tutorial_dag.py took 0.071 seconds
[2024-02-25T00:05:30.769+0000] {processor.py:161} INFO - Started process (PID=6096) to work on /home/airflow/.local/lib/python3.8/site-packages/airflow/example_dags/tutorial_dag.py
[2024-02-25T00:05:30.770+0000] {processor.py:830} INFO - Processing file /home/airflow/.local/lib/python3.8/site-packages/airflow/example_dags/tutorial_dag.py for tasks to queue
[2024-02-25T00:05:30.772+0000] {logging_mixin.py:188} INFO - [2024-02-25T00:05:30.771+0000] {dagbag.py:538} INFO - Filling up the DagBag from /home/airflow/.local/lib/python3.8/site-packages/airflow/example_dags/tutorial_dag.py
[2024-02-25T00:05:30.777+0000] {processor.py:840} INFO - DAG(s) 'tutorial_dag' retrieved from /home/airflow/.local/lib/python3.8/site-packages/airflow/example_dags/tutorial_dag.py
[2024-02-25T00:05:30.800+0000] {logging_mixin.py:188} INFO - [2024-02-25T00:05:30.799+0000] {dag.py:3036} INFO - Sync 1 DAGs
[2024-02-25T00:05:30.813+0000] {logging_mixin.py:188} INFO - [2024-02-25T00:05:30.812+0000] {dag.py:3823} INFO - Setting next_dagrun for tutorial_dag to None, run_after=None
[2024-02-25T00:05:30.836+0000] {processor.py:183} INFO - Processing /home/airflow/.local/lib/python3.8/site-packages/airflow/example_dags/tutorial_dag.py took 0.071 seconds
[2024-02-25T00:06:01.515+0000] {processor.py:161} INFO - Started process (PID=6159) to work on /home/airflow/.local/lib/python3.8/site-packages/airflow/example_dags/tutorial_dag.py
[2024-02-25T00:06:01.517+0000] {processor.py:830} INFO - Processing file /home/airflow/.local/lib/python3.8/site-packages/airflow/example_dags/tutorial_dag.py for tasks to queue
[2024-02-25T00:06:01.518+0000] {logging_mixin.py:188} INFO - [2024-02-25T00:06:01.517+0000] {dagbag.py:538} INFO - Filling up the DagBag from /home/airflow/.local/lib/python3.8/site-packages/airflow/example_dags/tutorial_dag.py
[2024-02-25T00:06:01.525+0000] {processor.py:840} INFO - DAG(s) 'tutorial_dag' retrieved from /home/airflow/.local/lib/python3.8/site-packages/airflow/example_dags/tutorial_dag.py
[2024-02-25T00:06:01.549+0000] {logging_mixin.py:188} INFO - [2024-02-25T00:06:01.549+0000] {dag.py:3036} INFO - Sync 1 DAGs
[2024-02-25T00:06:01.563+0000] {logging_mixin.py:188} INFO - [2024-02-25T00:06:01.562+0000] {dag.py:3823} INFO - Setting next_dagrun for tutorial_dag to None, run_after=None
[2024-02-25T00:06:01.591+0000] {processor.py:183} INFO - Processing /home/airflow/.local/lib/python3.8/site-packages/airflow/example_dags/tutorial_dag.py took 0.079 seconds
[2024-02-25T00:06:32.338+0000] {processor.py:161} INFO - Started process (PID=6223) to work on /home/airflow/.local/lib/python3.8/site-packages/airflow/example_dags/tutorial_dag.py
[2024-02-25T00:06:32.339+0000] {processor.py:830} INFO - Processing file /home/airflow/.local/lib/python3.8/site-packages/airflow/example_dags/tutorial_dag.py for tasks to queue
[2024-02-25T00:06:32.341+0000] {logging_mixin.py:188} INFO - [2024-02-25T00:06:32.340+0000] {dagbag.py:538} INFO - Filling up the DagBag from /home/airflow/.local/lib/python3.8/site-packages/airflow/example_dags/tutorial_dag.py
[2024-02-25T00:06:32.347+0000] {processor.py:840} INFO - DAG(s) 'tutorial_dag' retrieved from /home/airflow/.local/lib/python3.8/site-packages/airflow/example_dags/tutorial_dag.py
[2024-02-25T00:06:32.374+0000] {logging_mixin.py:188} INFO - [2024-02-25T00:06:32.373+0000] {dag.py:3036} INFO - Sync 1 DAGs
[2024-02-25T00:06:32.389+0000] {logging_mixin.py:188} INFO - [2024-02-25T00:06:32.389+0000] {dag.py:3823} INFO - Setting next_dagrun for tutorial_dag to None, run_after=None
[2024-02-25T00:06:32.414+0000] {processor.py:183} INFO - Processing /home/airflow/.local/lib/python3.8/site-packages/airflow/example_dags/tutorial_dag.py took 0.080 seconds
[2024-02-25T00:07:03.304+0000] {processor.py:161} INFO - Started process (PID=6286) to work on /home/airflow/.local/lib/python3.8/site-packages/airflow/example_dags/tutorial_dag.py
[2024-02-25T00:07:03.305+0000] {processor.py:830} INFO - Processing file /home/airflow/.local/lib/python3.8/site-packages/airflow/example_dags/tutorial_dag.py for tasks to queue
[2024-02-25T00:07:03.307+0000] {logging_mixin.py:188} INFO - [2024-02-25T00:07:03.306+0000] {dagbag.py:538} INFO - Filling up the DagBag from /home/airflow/.local/lib/python3.8/site-packages/airflow/example_dags/tutorial_dag.py
[2024-02-25T00:07:03.313+0000] {processor.py:840} INFO - DAG(s) 'tutorial_dag' retrieved from /home/airflow/.local/lib/python3.8/site-packages/airflow/example_dags/tutorial_dag.py
[2024-02-25T00:07:03.343+0000] {logging_mixin.py:188} INFO - [2024-02-25T00:07:03.343+0000] {dag.py:3036} INFO - Sync 1 DAGs
[2024-02-25T00:07:03.359+0000] {logging_mixin.py:188} INFO - [2024-02-25T00:07:03.358+0000] {dag.py:3823} INFO - Setting next_dagrun for tutorial_dag to None, run_after=None
[2024-02-25T00:07:03.384+0000] {processor.py:183} INFO - Processing /home/airflow/.local/lib/python3.8/site-packages/airflow/example_dags/tutorial_dag.py took 0.083 seconds
[2024-02-25T00:07:34.030+0000] {processor.py:161} INFO - Started process (PID=6349) to work on /home/airflow/.local/lib/python3.8/site-packages/airflow/example_dags/tutorial_dag.py
[2024-02-25T00:07:34.031+0000] {processor.py:830} INFO - Processing file /home/airflow/.local/lib/python3.8/site-packages/airflow/example_dags/tutorial_dag.py for tasks to queue
[2024-02-25T00:07:34.032+0000] {logging_mixin.py:188} INFO - [2024-02-25T00:07:34.032+0000] {dagbag.py:538} INFO - Filling up the DagBag from /home/airflow/.local/lib/python3.8/site-packages/airflow/example_dags/tutorial_dag.py
[2024-02-25T00:07:34.038+0000] {processor.py:840} INFO - DAG(s) 'tutorial_dag' retrieved from /home/airflow/.local/lib/python3.8/site-packages/airflow/example_dags/tutorial_dag.py
[2024-02-25T00:07:34.062+0000] {logging_mixin.py:188} INFO - [2024-02-25T00:07:34.062+0000] {dag.py:3036} INFO - Sync 1 DAGs
[2024-02-25T00:07:34.079+0000] {logging_mixin.py:188} INFO - [2024-02-25T00:07:34.079+0000] {dag.py:3823} INFO - Setting next_dagrun for tutorial_dag to None, run_after=None
[2024-02-25T00:07:34.117+0000] {processor.py:183} INFO - Processing /home/airflow/.local/lib/python3.8/site-packages/airflow/example_dags/tutorial_dag.py took 0.091 seconds
[2024-02-25T00:08:05.146+0000] {processor.py:161} INFO - Started process (PID=6412) to work on /home/airflow/.local/lib/python3.8/site-packages/airflow/example_dags/tutorial_dag.py
[2024-02-25T00:08:05.147+0000] {processor.py:830} INFO - Processing file /home/airflow/.local/lib/python3.8/site-packages/airflow/example_dags/tutorial_dag.py for tasks to queue
[2024-02-25T00:08:05.148+0000] {logging_mixin.py:188} INFO - [2024-02-25T00:08:05.147+0000] {dagbag.py:538} INFO - Filling up the DagBag from /home/airflow/.local/lib/python3.8/site-packages/airflow/example_dags/tutorial_dag.py
[2024-02-25T00:08:05.153+0000] {processor.py:840} INFO - DAG(s) 'tutorial_dag' retrieved from /home/airflow/.local/lib/python3.8/site-packages/airflow/example_dags/tutorial_dag.py
[2024-02-25T00:08:05.176+0000] {logging_mixin.py:188} INFO - [2024-02-25T00:08:05.175+0000] {dag.py:3036} INFO - Sync 1 DAGs
[2024-02-25T00:08:05.190+0000] {logging_mixin.py:188} INFO - [2024-02-25T00:08:05.190+0000] {dag.py:3823} INFO - Setting next_dagrun for tutorial_dag to None, run_after=None
[2024-02-25T00:08:05.214+0000] {processor.py:183} INFO - Processing /home/airflow/.local/lib/python3.8/site-packages/airflow/example_dags/tutorial_dag.py took 0.073 seconds
[2024-02-25T00:08:35.702+0000] {processor.py:161} INFO - Started process (PID=6475) to work on /home/airflow/.local/lib/python3.8/site-packages/airflow/example_dags/tutorial_dag.py
[2024-02-25T00:08:35.703+0000] {processor.py:830} INFO - Processing file /home/airflow/.local/lib/python3.8/site-packages/airflow/example_dags/tutorial_dag.py for tasks to queue
[2024-02-25T00:08:35.705+0000] {logging_mixin.py:188} INFO - [2024-02-25T00:08:35.704+0000] {dagbag.py:538} INFO - Filling up the DagBag from /home/airflow/.local/lib/python3.8/site-packages/airflow/example_dags/tutorial_dag.py
[2024-02-25T00:08:35.710+0000] {processor.py:840} INFO - DAG(s) 'tutorial_dag' retrieved from /home/airflow/.local/lib/python3.8/site-packages/airflow/example_dags/tutorial_dag.py
[2024-02-25T00:08:35.734+0000] {logging_mixin.py:188} INFO - [2024-02-25T00:08:35.734+0000] {dag.py:3036} INFO - Sync 1 DAGs
[2024-02-25T00:08:35.748+0000] {logging_mixin.py:188} INFO - [2024-02-25T00:08:35.748+0000] {dag.py:3823} INFO - Setting next_dagrun for tutorial_dag to None, run_after=None
[2024-02-25T00:08:35.772+0000] {processor.py:183} INFO - Processing /home/airflow/.local/lib/python3.8/site-packages/airflow/example_dags/tutorial_dag.py took 0.074 seconds
[2024-02-25T00:09:06.801+0000] {processor.py:161} INFO - Started process (PID=6538) to work on /home/airflow/.local/lib/python3.8/site-packages/airflow/example_dags/tutorial_dag.py
[2024-02-25T00:09:06.803+0000] {processor.py:830} INFO - Processing file /home/airflow/.local/lib/python3.8/site-packages/airflow/example_dags/tutorial_dag.py for tasks to queue
[2024-02-25T00:09:06.804+0000] {logging_mixin.py:188} INFO - [2024-02-25T00:09:06.803+0000] {dagbag.py:538} INFO - Filling up the DagBag from /home/airflow/.local/lib/python3.8/site-packages/airflow/example_dags/tutorial_dag.py
[2024-02-25T00:09:06.809+0000] {processor.py:840} INFO - DAG(s) 'tutorial_dag' retrieved from /home/airflow/.local/lib/python3.8/site-packages/airflow/example_dags/tutorial_dag.py
[2024-02-25T00:09:06.833+0000] {logging_mixin.py:188} INFO - [2024-02-25T00:09:06.833+0000] {dag.py:3036} INFO - Sync 1 DAGs
[2024-02-25T00:09:06.847+0000] {logging_mixin.py:188} INFO - [2024-02-25T00:09:06.847+0000] {dag.py:3823} INFO - Setting next_dagrun for tutorial_dag to None, run_after=None
[2024-02-25T00:09:06.870+0000] {processor.py:183} INFO - Processing /home/airflow/.local/lib/python3.8/site-packages/airflow/example_dags/tutorial_dag.py took 0.072 seconds
[2024-02-25T18:16:23.925+0000] {processor.py:161} INFO - Started process (PID=6601) to work on /home/airflow/.local/lib/python3.8/site-packages/airflow/example_dags/tutorial_dag.py
[2024-02-25T18:16:23.926+0000] {processor.py:830} INFO - Processing file /home/airflow/.local/lib/python3.8/site-packages/airflow/example_dags/tutorial_dag.py for tasks to queue
[2024-02-25T18:16:23.928+0000] {logging_mixin.py:188} INFO - [2024-02-25T18:16:23.927+0000] {dagbag.py:538} INFO - Filling up the DagBag from /home/airflow/.local/lib/python3.8/site-packages/airflow/example_dags/tutorial_dag.py
[2024-02-25T18:16:23.935+0000] {processor.py:840} INFO - DAG(s) 'tutorial_dag' retrieved from /home/airflow/.local/lib/python3.8/site-packages/airflow/example_dags/tutorial_dag.py
[2024-02-25T18:16:23.961+0000] {logging_mixin.py:188} INFO - [2024-02-25T18:16:23.961+0000] {dag.py:3036} INFO - Sync 1 DAGs
[2024-02-25T18:16:23.978+0000] {logging_mixin.py:188} INFO - [2024-02-25T18:16:23.978+0000] {dag.py:3823} INFO - Setting next_dagrun for tutorial_dag to None, run_after=None
[2024-02-25T18:16:24.032+0000] {processor.py:183} INFO - Processing /home/airflow/.local/lib/python3.8/site-packages/airflow/example_dags/tutorial_dag.py took 0.112 seconds
[2024-02-25T18:16:54.324+0000] {processor.py:161} INFO - Started process (PID=6664) to work on /home/airflow/.local/lib/python3.8/site-packages/airflow/example_dags/tutorial_dag.py
[2024-02-25T18:16:54.326+0000] {processor.py:830} INFO - Processing file /home/airflow/.local/lib/python3.8/site-packages/airflow/example_dags/tutorial_dag.py for tasks to queue
[2024-02-25T18:16:54.327+0000] {logging_mixin.py:188} INFO - [2024-02-25T18:16:54.326+0000] {dagbag.py:538} INFO - Filling up the DagBag from /home/airflow/.local/lib/python3.8/site-packages/airflow/example_dags/tutorial_dag.py
[2024-02-25T18:16:54.332+0000] {processor.py:840} INFO - DAG(s) 'tutorial_dag' retrieved from /home/airflow/.local/lib/python3.8/site-packages/airflow/example_dags/tutorial_dag.py
[2024-02-25T18:16:54.358+0000] {logging_mixin.py:188} INFO - [2024-02-25T18:16:54.357+0000] {dag.py:3036} INFO - Sync 1 DAGs
[2024-02-25T18:16:54.372+0000] {logging_mixin.py:188} INFO - [2024-02-25T18:16:54.372+0000] {dag.py:3823} INFO - Setting next_dagrun for tutorial_dag to None, run_after=None
[2024-02-25T18:16:54.397+0000] {processor.py:183} INFO - Processing /home/airflow/.local/lib/python3.8/site-packages/airflow/example_dags/tutorial_dag.py took 0.077 seconds
[2024-02-25T18:17:25.378+0000] {processor.py:161} INFO - Started process (PID=6727) to work on /home/airflow/.local/lib/python3.8/site-packages/airflow/example_dags/tutorial_dag.py
[2024-02-25T18:17:25.379+0000] {processor.py:830} INFO - Processing file /home/airflow/.local/lib/python3.8/site-packages/airflow/example_dags/tutorial_dag.py for tasks to queue
[2024-02-25T18:17:25.380+0000] {logging_mixin.py:188} INFO - [2024-02-25T18:17:25.380+0000] {dagbag.py:538} INFO - Filling up the DagBag from /home/airflow/.local/lib/python3.8/site-packages/airflow/example_dags/tutorial_dag.py
[2024-02-25T18:17:25.386+0000] {processor.py:840} INFO - DAG(s) 'tutorial_dag' retrieved from /home/airflow/.local/lib/python3.8/site-packages/airflow/example_dags/tutorial_dag.py
[2024-02-25T18:17:25.420+0000] {logging_mixin.py:188} INFO - [2024-02-25T18:17:25.420+0000] {dag.py:3036} INFO - Sync 1 DAGs
[2024-02-25T18:17:25.438+0000] {logging_mixin.py:188} INFO - [2024-02-25T18:17:25.438+0000] {dag.py:3823} INFO - Setting next_dagrun for tutorial_dag to None, run_after=None
[2024-02-25T18:17:25.470+0000] {processor.py:183} INFO - Processing /home/airflow/.local/lib/python3.8/site-packages/airflow/example_dags/tutorial_dag.py took 0.096 seconds
[2024-02-25T18:17:56.276+0000] {processor.py:161} INFO - Started process (PID=6790) to work on /home/airflow/.local/lib/python3.8/site-packages/airflow/example_dags/tutorial_dag.py
[2024-02-25T18:17:56.277+0000] {processor.py:830} INFO - Processing file /home/airflow/.local/lib/python3.8/site-packages/airflow/example_dags/tutorial_dag.py for tasks to queue
[2024-02-25T18:17:56.278+0000] {logging_mixin.py:188} INFO - [2024-02-25T18:17:56.278+0000] {dagbag.py:538} INFO - Filling up the DagBag from /home/airflow/.local/lib/python3.8/site-packages/airflow/example_dags/tutorial_dag.py
[2024-02-25T18:17:56.284+0000] {processor.py:840} INFO - DAG(s) 'tutorial_dag' retrieved from /home/airflow/.local/lib/python3.8/site-packages/airflow/example_dags/tutorial_dag.py
[2024-02-25T18:17:56.307+0000] {logging_mixin.py:188} INFO - [2024-02-25T18:17:56.307+0000] {dag.py:3036} INFO - Sync 1 DAGs
[2024-02-25T18:17:56.321+0000] {logging_mixin.py:188} INFO - [2024-02-25T18:17:56.321+0000] {dag.py:3823} INFO - Setting next_dagrun for tutorial_dag to None, run_after=None
[2024-02-25T18:17:56.346+0000] {processor.py:183} INFO - Processing /home/airflow/.local/lib/python3.8/site-packages/airflow/example_dags/tutorial_dag.py took 0.074 seconds
[2024-02-25T18:18:27.207+0000] {processor.py:161} INFO - Started process (PID=6853) to work on /home/airflow/.local/lib/python3.8/site-packages/airflow/example_dags/tutorial_dag.py
[2024-02-25T18:18:27.208+0000] {processor.py:830} INFO - Processing file /home/airflow/.local/lib/python3.8/site-packages/airflow/example_dags/tutorial_dag.py for tasks to queue
[2024-02-25T18:18:27.209+0000] {logging_mixin.py:188} INFO - [2024-02-25T18:18:27.209+0000] {dagbag.py:538} INFO - Filling up the DagBag from /home/airflow/.local/lib/python3.8/site-packages/airflow/example_dags/tutorial_dag.py
[2024-02-25T18:18:27.215+0000] {processor.py:840} INFO - DAG(s) 'tutorial_dag' retrieved from /home/airflow/.local/lib/python3.8/site-packages/airflow/example_dags/tutorial_dag.py
[2024-02-25T18:18:27.236+0000] {logging_mixin.py:188} INFO - [2024-02-25T18:18:27.236+0000] {dag.py:3036} INFO - Sync 1 DAGs
[2024-02-25T18:18:27.249+0000] {logging_mixin.py:188} INFO - [2024-02-25T18:18:27.249+0000] {dag.py:3823} INFO - Setting next_dagrun for tutorial_dag to None, run_after=None
[2024-02-25T18:18:27.272+0000] {processor.py:183} INFO - Processing /home/airflow/.local/lib/python3.8/site-packages/airflow/example_dags/tutorial_dag.py took 0.069 seconds
[2024-02-25T18:18:58.029+0000] {processor.py:161} INFO - Started process (PID=6923) to work on /home/airflow/.local/lib/python3.8/site-packages/airflow/example_dags/tutorial_dag.py
[2024-02-25T18:18:58.031+0000] {processor.py:830} INFO - Processing file /home/airflow/.local/lib/python3.8/site-packages/airflow/example_dags/tutorial_dag.py for tasks to queue
[2024-02-25T18:18:58.033+0000] {logging_mixin.py:188} INFO - [2024-02-25T18:18:58.032+0000] {dagbag.py:538} INFO - Filling up the DagBag from /home/airflow/.local/lib/python3.8/site-packages/airflow/example_dags/tutorial_dag.py
[2024-02-25T18:18:58.039+0000] {processor.py:840} INFO - DAG(s) 'tutorial_dag' retrieved from /home/airflow/.local/lib/python3.8/site-packages/airflow/example_dags/tutorial_dag.py
[2024-02-25T18:18:58.063+0000] {logging_mixin.py:188} INFO - [2024-02-25T18:18:58.063+0000] {dag.py:3036} INFO - Sync 1 DAGs
[2024-02-25T18:18:58.078+0000] {logging_mixin.py:188} INFO - [2024-02-25T18:18:58.078+0000] {dag.py:3823} INFO - Setting next_dagrun for tutorial_dag to None, run_after=None
[2024-02-25T18:18:58.100+0000] {processor.py:183} INFO - Processing /home/airflow/.local/lib/python3.8/site-packages/airflow/example_dags/tutorial_dag.py took 0.076 seconds
[2024-02-25T18:19:28.395+0000] {processor.py:161} INFO - Started process (PID=6985) to work on /home/airflow/.local/lib/python3.8/site-packages/airflow/example_dags/tutorial_dag.py
[2024-02-25T18:19:28.396+0000] {processor.py:830} INFO - Processing file /home/airflow/.local/lib/python3.8/site-packages/airflow/example_dags/tutorial_dag.py for tasks to queue
[2024-02-25T18:19:28.397+0000] {logging_mixin.py:188} INFO - [2024-02-25T18:19:28.397+0000] {dagbag.py:538} INFO - Filling up the DagBag from /home/airflow/.local/lib/python3.8/site-packages/airflow/example_dags/tutorial_dag.py
[2024-02-25T18:19:28.404+0000] {processor.py:840} INFO - DAG(s) 'tutorial_dag' retrieved from /home/airflow/.local/lib/python3.8/site-packages/airflow/example_dags/tutorial_dag.py
[2024-02-25T18:19:28.458+0000] {logging_mixin.py:188} INFO - [2024-02-25T18:19:28.457+0000] {dag.py:3036} INFO - Sync 1 DAGs
[2024-02-25T18:19:28.480+0000] {logging_mixin.py:188} INFO - [2024-02-25T18:19:28.480+0000] {dag.py:3823} INFO - Setting next_dagrun for tutorial_dag to None, run_after=None
[2024-02-25T18:19:28.530+0000] {processor.py:183} INFO - Processing /home/airflow/.local/lib/python3.8/site-packages/airflow/example_dags/tutorial_dag.py took 0.140 seconds
[2024-02-25T18:19:58.965+0000] {processor.py:161} INFO - Started process (PID=7048) to work on /home/airflow/.local/lib/python3.8/site-packages/airflow/example_dags/tutorial_dag.py
[2024-02-25T18:19:58.966+0000] {processor.py:830} INFO - Processing file /home/airflow/.local/lib/python3.8/site-packages/airflow/example_dags/tutorial_dag.py for tasks to queue
[2024-02-25T18:19:58.967+0000] {logging_mixin.py:188} INFO - [2024-02-25T18:19:58.967+0000] {dagbag.py:538} INFO - Filling up the DagBag from /home/airflow/.local/lib/python3.8/site-packages/airflow/example_dags/tutorial_dag.py
[2024-02-25T18:19:58.974+0000] {processor.py:840} INFO - DAG(s) 'tutorial_dag' retrieved from /home/airflow/.local/lib/python3.8/site-packages/airflow/example_dags/tutorial_dag.py
[2024-02-25T18:19:58.998+0000] {logging_mixin.py:188} INFO - [2024-02-25T18:19:58.998+0000] {dag.py:3036} INFO - Sync 1 DAGs
[2024-02-25T18:19:59.013+0000] {logging_mixin.py:188} INFO - [2024-02-25T18:19:59.013+0000] {dag.py:3823} INFO - Setting next_dagrun for tutorial_dag to None, run_after=None
[2024-02-25T18:19:59.039+0000] {processor.py:183} INFO - Processing /home/airflow/.local/lib/python3.8/site-packages/airflow/example_dags/tutorial_dag.py took 0.078 seconds
[2024-02-25T18:20:29.853+0000] {processor.py:161} INFO - Started process (PID=7111) to work on /home/airflow/.local/lib/python3.8/site-packages/airflow/example_dags/tutorial_dag.py
[2024-02-25T18:20:29.854+0000] {processor.py:830} INFO - Processing file /home/airflow/.local/lib/python3.8/site-packages/airflow/example_dags/tutorial_dag.py for tasks to queue
[2024-02-25T18:20:29.856+0000] {logging_mixin.py:188} INFO - [2024-02-25T18:20:29.855+0000] {dagbag.py:538} INFO - Filling up the DagBag from /home/airflow/.local/lib/python3.8/site-packages/airflow/example_dags/tutorial_dag.py
[2024-02-25T18:20:29.863+0000] {processor.py:840} INFO - DAG(s) 'tutorial_dag' retrieved from /home/airflow/.local/lib/python3.8/site-packages/airflow/example_dags/tutorial_dag.py
[2024-02-25T18:20:29.889+0000] {logging_mixin.py:188} INFO - [2024-02-25T18:20:29.889+0000] {dag.py:3036} INFO - Sync 1 DAGs
[2024-02-25T18:20:29.907+0000] {logging_mixin.py:188} INFO - [2024-02-25T18:20:29.907+0000] {dag.py:3823} INFO - Setting next_dagrun for tutorial_dag to None, run_after=None
[2024-02-25T18:20:29.945+0000] {processor.py:183} INFO - Processing /home/airflow/.local/lib/python3.8/site-packages/airflow/example_dags/tutorial_dag.py took 0.097 seconds
[2024-02-25T18:21:00.366+0000] {processor.py:161} INFO - Started process (PID=7174) to work on /home/airflow/.local/lib/python3.8/site-packages/airflow/example_dags/tutorial_dag.py
[2024-02-25T18:21:00.367+0000] {processor.py:830} INFO - Processing file /home/airflow/.local/lib/python3.8/site-packages/airflow/example_dags/tutorial_dag.py for tasks to queue
[2024-02-25T18:21:00.368+0000] {logging_mixin.py:188} INFO - [2024-02-25T18:21:00.368+0000] {dagbag.py:538} INFO - Filling up the DagBag from /home/airflow/.local/lib/python3.8/site-packages/airflow/example_dags/tutorial_dag.py
[2024-02-25T18:21:00.375+0000] {processor.py:840} INFO - DAG(s) 'tutorial_dag' retrieved from /home/airflow/.local/lib/python3.8/site-packages/airflow/example_dags/tutorial_dag.py
[2024-02-25T18:21:00.398+0000] {logging_mixin.py:188} INFO - [2024-02-25T18:21:00.398+0000] {dag.py:3036} INFO - Sync 1 DAGs
[2024-02-25T18:21:00.414+0000] {logging_mixin.py:188} INFO - [2024-02-25T18:21:00.414+0000] {dag.py:3823} INFO - Setting next_dagrun for tutorial_dag to None, run_after=None
[2024-02-25T18:21:00.438+0000] {processor.py:183} INFO - Processing /home/airflow/.local/lib/python3.8/site-packages/airflow/example_dags/tutorial_dag.py took 0.078 seconds
[2024-02-25T18:21:30.950+0000] {processor.py:161} INFO - Started process (PID=7238) to work on /home/airflow/.local/lib/python3.8/site-packages/airflow/example_dags/tutorial_dag.py
[2024-02-25T18:21:30.951+0000] {processor.py:830} INFO - Processing file /home/airflow/.local/lib/python3.8/site-packages/airflow/example_dags/tutorial_dag.py for tasks to queue
[2024-02-25T18:21:30.952+0000] {logging_mixin.py:188} INFO - [2024-02-25T18:21:30.952+0000] {dagbag.py:538} INFO - Filling up the DagBag from /home/airflow/.local/lib/python3.8/site-packages/airflow/example_dags/tutorial_dag.py
[2024-02-25T18:21:30.959+0000] {processor.py:840} INFO - DAG(s) 'tutorial_dag' retrieved from /home/airflow/.local/lib/python3.8/site-packages/airflow/example_dags/tutorial_dag.py
[2024-02-25T18:21:30.984+0000] {logging_mixin.py:188} INFO - [2024-02-25T18:21:30.984+0000] {dag.py:3036} INFO - Sync 1 DAGs
[2024-02-25T18:21:31.000+0000] {logging_mixin.py:188} INFO - [2024-02-25T18:21:31.000+0000] {dag.py:3823} INFO - Setting next_dagrun for tutorial_dag to None, run_after=None
[2024-02-25T18:21:31.024+0000] {processor.py:183} INFO - Processing /home/airflow/.local/lib/python3.8/site-packages/airflow/example_dags/tutorial_dag.py took 0.079 seconds
[2024-02-25T18:22:01.328+0000] {processor.py:161} INFO - Started process (PID=7301) to work on /home/airflow/.local/lib/python3.8/site-packages/airflow/example_dags/tutorial_dag.py
[2024-02-25T18:22:01.329+0000] {processor.py:830} INFO - Processing file /home/airflow/.local/lib/python3.8/site-packages/airflow/example_dags/tutorial_dag.py for tasks to queue
[2024-02-25T18:22:01.330+0000] {logging_mixin.py:188} INFO - [2024-02-25T18:22:01.330+0000] {dagbag.py:538} INFO - Filling up the DagBag from /home/airflow/.local/lib/python3.8/site-packages/airflow/example_dags/tutorial_dag.py
[2024-02-25T18:22:01.336+0000] {processor.py:840} INFO - DAG(s) 'tutorial_dag' retrieved from /home/airflow/.local/lib/python3.8/site-packages/airflow/example_dags/tutorial_dag.py
[2024-02-25T18:22:01.360+0000] {logging_mixin.py:188} INFO - [2024-02-25T18:22:01.359+0000] {dag.py:3036} INFO - Sync 1 DAGs
[2024-02-25T18:22:01.373+0000] {logging_mixin.py:188} INFO - [2024-02-25T18:22:01.373+0000] {dag.py:3823} INFO - Setting next_dagrun for tutorial_dag to None, run_after=None
[2024-02-25T18:22:01.396+0000] {processor.py:183} INFO - Processing /home/airflow/.local/lib/python3.8/site-packages/airflow/example_dags/tutorial_dag.py took 0.072 seconds
[2024-02-25T18:22:32.473+0000] {processor.py:161} INFO - Started process (PID=7364) to work on /home/airflow/.local/lib/python3.8/site-packages/airflow/example_dags/tutorial_dag.py
[2024-02-25T18:22:32.474+0000] {processor.py:830} INFO - Processing file /home/airflow/.local/lib/python3.8/site-packages/airflow/example_dags/tutorial_dag.py for tasks to queue
[2024-02-25T18:22:32.476+0000] {logging_mixin.py:188} INFO - [2024-02-25T18:22:32.475+0000] {dagbag.py:538} INFO - Filling up the DagBag from /home/airflow/.local/lib/python3.8/site-packages/airflow/example_dags/tutorial_dag.py
[2024-02-25T18:22:32.482+0000] {processor.py:840} INFO - DAG(s) 'tutorial_dag' retrieved from /home/airflow/.local/lib/python3.8/site-packages/airflow/example_dags/tutorial_dag.py
[2024-02-25T18:22:32.504+0000] {logging_mixin.py:188} INFO - [2024-02-25T18:22:32.504+0000] {dag.py:3036} INFO - Sync 1 DAGs
[2024-02-25T18:22:32.520+0000] {logging_mixin.py:188} INFO - [2024-02-25T18:22:32.519+0000] {dag.py:3823} INFO - Setting next_dagrun for tutorial_dag to None, run_after=None
[2024-02-25T18:22:32.542+0000] {processor.py:183} INFO - Processing /home/airflow/.local/lib/python3.8/site-packages/airflow/example_dags/tutorial_dag.py took 0.073 seconds
[2024-02-25T18:23:03.164+0000] {processor.py:161} INFO - Started process (PID=7427) to work on /home/airflow/.local/lib/python3.8/site-packages/airflow/example_dags/tutorial_dag.py
[2024-02-25T18:23:03.165+0000] {processor.py:830} INFO - Processing file /home/airflow/.local/lib/python3.8/site-packages/airflow/example_dags/tutorial_dag.py for tasks to queue
[2024-02-25T18:23:03.166+0000] {logging_mixin.py:188} INFO - [2024-02-25T18:23:03.166+0000] {dagbag.py:538} INFO - Filling up the DagBag from /home/airflow/.local/lib/python3.8/site-packages/airflow/example_dags/tutorial_dag.py
[2024-02-25T18:23:03.172+0000] {processor.py:840} INFO - DAG(s) 'tutorial_dag' retrieved from /home/airflow/.local/lib/python3.8/site-packages/airflow/example_dags/tutorial_dag.py
[2024-02-25T18:23:03.198+0000] {logging_mixin.py:188} INFO - [2024-02-25T18:23:03.198+0000] {dag.py:3036} INFO - Sync 1 DAGs
[2024-02-25T18:23:03.212+0000] {logging_mixin.py:188} INFO - [2024-02-25T18:23:03.211+0000] {dag.py:3823} INFO - Setting next_dagrun for tutorial_dag to None, run_after=None
[2024-02-25T18:23:03.238+0000] {processor.py:183} INFO - Processing /home/airflow/.local/lib/python3.8/site-packages/airflow/example_dags/tutorial_dag.py took 0.078 seconds
[2024-02-25T18:23:54.650+0000] {processor.py:161} INFO - Started process (PID=7490) to work on /home/airflow/.local/lib/python3.8/site-packages/airflow/example_dags/tutorial_dag.py
[2024-02-25T18:23:54.651+0000] {processor.py:830} INFO - Processing file /home/airflow/.local/lib/python3.8/site-packages/airflow/example_dags/tutorial_dag.py for tasks to queue
[2024-02-25T18:23:54.653+0000] {logging_mixin.py:188} INFO - [2024-02-25T18:23:54.652+0000] {dagbag.py:538} INFO - Filling up the DagBag from /home/airflow/.local/lib/python3.8/site-packages/airflow/example_dags/tutorial_dag.py
[2024-02-25T18:23:54.659+0000] {processor.py:840} INFO - DAG(s) 'tutorial_dag' retrieved from /home/airflow/.local/lib/python3.8/site-packages/airflow/example_dags/tutorial_dag.py
[2024-02-25T18:23:54.683+0000] {logging_mixin.py:188} INFO - [2024-02-25T18:23:54.683+0000] {dag.py:3036} INFO - Sync 1 DAGs
[2024-02-25T18:23:54.698+0000] {logging_mixin.py:188} INFO - [2024-02-25T18:23:54.698+0000] {dag.py:3823} INFO - Setting next_dagrun for tutorial_dag to None, run_after=None
[2024-02-25T18:23:54.722+0000] {processor.py:183} INFO - Processing /home/airflow/.local/lib/python3.8/site-packages/airflow/example_dags/tutorial_dag.py took 0.076 seconds
[2024-02-25T18:24:25.531+0000] {processor.py:161} INFO - Started process (PID=7553) to work on /home/airflow/.local/lib/python3.8/site-packages/airflow/example_dags/tutorial_dag.py
[2024-02-25T18:24:25.532+0000] {processor.py:830} INFO - Processing file /home/airflow/.local/lib/python3.8/site-packages/airflow/example_dags/tutorial_dag.py for tasks to queue
[2024-02-25T18:24:25.533+0000] {logging_mixin.py:188} INFO - [2024-02-25T18:24:25.533+0000] {dagbag.py:538} INFO - Filling up the DagBag from /home/airflow/.local/lib/python3.8/site-packages/airflow/example_dags/tutorial_dag.py
[2024-02-25T18:24:25.539+0000] {processor.py:840} INFO - DAG(s) 'tutorial_dag' retrieved from /home/airflow/.local/lib/python3.8/site-packages/airflow/example_dags/tutorial_dag.py
[2024-02-25T18:24:25.563+0000] {logging_mixin.py:188} INFO - [2024-02-25T18:24:25.563+0000] {dag.py:3036} INFO - Sync 1 DAGs
[2024-02-25T18:24:25.576+0000] {logging_mixin.py:188} INFO - [2024-02-25T18:24:25.576+0000] {dag.py:3823} INFO - Setting next_dagrun for tutorial_dag to None, run_after=None
[2024-02-25T18:24:25.605+0000] {processor.py:183} INFO - Processing /home/airflow/.local/lib/python3.8/site-packages/airflow/example_dags/tutorial_dag.py took 0.077 seconds
[2024-02-25T18:24:56.552+0000] {processor.py:161} INFO - Started process (PID=7616) to work on /home/airflow/.local/lib/python3.8/site-packages/airflow/example_dags/tutorial_dag.py
[2024-02-25T18:24:56.559+0000] {processor.py:830} INFO - Processing file /home/airflow/.local/lib/python3.8/site-packages/airflow/example_dags/tutorial_dag.py for tasks to queue
[2024-02-25T18:24:56.561+0000] {logging_mixin.py:188} INFO - [2024-02-25T18:24:56.560+0000] {dagbag.py:538} INFO - Filling up the DagBag from /home/airflow/.local/lib/python3.8/site-packages/airflow/example_dags/tutorial_dag.py
[2024-02-25T18:24:56.567+0000] {processor.py:840} INFO - DAG(s) 'tutorial_dag' retrieved from /home/airflow/.local/lib/python3.8/site-packages/airflow/example_dags/tutorial_dag.py
[2024-02-25T18:24:56.605+0000] {logging_mixin.py:188} INFO - [2024-02-25T18:24:56.604+0000] {dag.py:3036} INFO - Sync 1 DAGs
[2024-02-25T18:24:56.621+0000] {logging_mixin.py:188} INFO - [2024-02-25T18:24:56.621+0000] {dag.py:3823} INFO - Setting next_dagrun for tutorial_dag to None, run_after=None
[2024-02-25T18:24:56.648+0000] {processor.py:183} INFO - Processing /home/airflow/.local/lib/python3.8/site-packages/airflow/example_dags/tutorial_dag.py took 0.100 seconds
[2024-02-25T18:25:27.524+0000] {processor.py:161} INFO - Started process (PID=7679) to work on /home/airflow/.local/lib/python3.8/site-packages/airflow/example_dags/tutorial_dag.py
[2024-02-25T18:25:27.525+0000] {processor.py:830} INFO - Processing file /home/airflow/.local/lib/python3.8/site-packages/airflow/example_dags/tutorial_dag.py for tasks to queue
[2024-02-25T18:25:27.526+0000] {logging_mixin.py:188} INFO - [2024-02-25T18:25:27.526+0000] {dagbag.py:538} INFO - Filling up the DagBag from /home/airflow/.local/lib/python3.8/site-packages/airflow/example_dags/tutorial_dag.py
[2024-02-25T18:25:27.532+0000] {processor.py:840} INFO - DAG(s) 'tutorial_dag' retrieved from /home/airflow/.local/lib/python3.8/site-packages/airflow/example_dags/tutorial_dag.py
[2024-02-25T18:25:27.555+0000] {logging_mixin.py:188} INFO - [2024-02-25T18:25:27.555+0000] {dag.py:3036} INFO - Sync 1 DAGs
[2024-02-25T18:25:27.568+0000] {logging_mixin.py:188} INFO - [2024-02-25T18:25:27.568+0000] {dag.py:3823} INFO - Setting next_dagrun for tutorial_dag to None, run_after=None
[2024-02-25T18:25:27.592+0000] {processor.py:183} INFO - Processing /home/airflow/.local/lib/python3.8/site-packages/airflow/example_dags/tutorial_dag.py took 0.072 seconds
[2024-02-25T18:25:58.247+0000] {processor.py:161} INFO - Started process (PID=7742) to work on /home/airflow/.local/lib/python3.8/site-packages/airflow/example_dags/tutorial_dag.py
[2024-02-25T18:25:58.249+0000] {processor.py:830} INFO - Processing file /home/airflow/.local/lib/python3.8/site-packages/airflow/example_dags/tutorial_dag.py for tasks to queue
[2024-02-25T18:25:58.250+0000] {logging_mixin.py:188} INFO - [2024-02-25T18:25:58.250+0000] {dagbag.py:538} INFO - Filling up the DagBag from /home/airflow/.local/lib/python3.8/site-packages/airflow/example_dags/tutorial_dag.py
[2024-02-25T18:25:58.256+0000] {processor.py:840} INFO - DAG(s) 'tutorial_dag' retrieved from /home/airflow/.local/lib/python3.8/site-packages/airflow/example_dags/tutorial_dag.py
[2024-02-25T18:25:58.280+0000] {logging_mixin.py:188} INFO - [2024-02-25T18:25:58.279+0000] {dag.py:3036} INFO - Sync 1 DAGs
[2024-02-25T18:25:58.294+0000] {logging_mixin.py:188} INFO - [2024-02-25T18:25:58.293+0000] {dag.py:3823} INFO - Setting next_dagrun for tutorial_dag to None, run_after=None
[2024-02-25T18:25:58.316+0000] {processor.py:183} INFO - Processing /home/airflow/.local/lib/python3.8/site-packages/airflow/example_dags/tutorial_dag.py took 0.072 seconds
[2024-02-25T18:26:28.969+0000] {processor.py:161} INFO - Started process (PID=7805) to work on /home/airflow/.local/lib/python3.8/site-packages/airflow/example_dags/tutorial_dag.py
[2024-02-25T18:26:28.970+0000] {processor.py:830} INFO - Processing file /home/airflow/.local/lib/python3.8/site-packages/airflow/example_dags/tutorial_dag.py for tasks to queue
[2024-02-25T18:26:28.972+0000] {logging_mixin.py:188} INFO - [2024-02-25T18:26:28.971+0000] {dagbag.py:538} INFO - Filling up the DagBag from /home/airflow/.local/lib/python3.8/site-packages/airflow/example_dags/tutorial_dag.py
[2024-02-25T18:26:28.978+0000] {processor.py:840} INFO - DAG(s) 'tutorial_dag' retrieved from /home/airflow/.local/lib/python3.8/site-packages/airflow/example_dags/tutorial_dag.py
[2024-02-25T18:26:29.001+0000] {logging_mixin.py:188} INFO - [2024-02-25T18:26:29.001+0000] {dag.py:3036} INFO - Sync 1 DAGs
[2024-02-25T18:26:29.016+0000] {logging_mixin.py:188} INFO - [2024-02-25T18:26:29.015+0000] {dag.py:3823} INFO - Setting next_dagrun for tutorial_dag to None, run_after=None
[2024-02-25T18:26:29.042+0000] {processor.py:183} INFO - Processing /home/airflow/.local/lib/python3.8/site-packages/airflow/example_dags/tutorial_dag.py took 0.077 seconds
[2024-02-25T18:27:00.443+0000] {processor.py:161} INFO - Started process (PID=7869) to work on /home/airflow/.local/lib/python3.8/site-packages/airflow/example_dags/tutorial_dag.py
[2024-02-25T18:27:00.445+0000] {processor.py:830} INFO - Processing file /home/airflow/.local/lib/python3.8/site-packages/airflow/example_dags/tutorial_dag.py for tasks to queue
[2024-02-25T18:27:00.446+0000] {logging_mixin.py:188} INFO - [2024-02-25T18:27:00.445+0000] {dagbag.py:538} INFO - Filling up the DagBag from /home/airflow/.local/lib/python3.8/site-packages/airflow/example_dags/tutorial_dag.py
[2024-02-25T18:27:00.452+0000] {processor.py:840} INFO - DAG(s) 'tutorial_dag' retrieved from /home/airflow/.local/lib/python3.8/site-packages/airflow/example_dags/tutorial_dag.py
[2024-02-25T18:27:00.475+0000] {logging_mixin.py:188} INFO - [2024-02-25T18:27:00.475+0000] {dag.py:3036} INFO - Sync 1 DAGs
[2024-02-25T18:27:00.488+0000] {logging_mixin.py:188} INFO - [2024-02-25T18:27:00.488+0000] {dag.py:3823} INFO - Setting next_dagrun for tutorial_dag to None, run_after=None
[2024-02-25T18:27:00.511+0000] {processor.py:183} INFO - Processing /home/airflow/.local/lib/python3.8/site-packages/airflow/example_dags/tutorial_dag.py took 0.071 seconds
[2024-02-25T18:27:31.323+0000] {processor.py:161} INFO - Started process (PID=7932) to work on /home/airflow/.local/lib/python3.8/site-packages/airflow/example_dags/tutorial_dag.py
[2024-02-25T18:27:31.324+0000] {processor.py:830} INFO - Processing file /home/airflow/.local/lib/python3.8/site-packages/airflow/example_dags/tutorial_dag.py for tasks to queue
[2024-02-25T18:27:31.325+0000] {logging_mixin.py:188} INFO - [2024-02-25T18:27:31.325+0000] {dagbag.py:538} INFO - Filling up the DagBag from /home/airflow/.local/lib/python3.8/site-packages/airflow/example_dags/tutorial_dag.py
[2024-02-25T18:27:31.331+0000] {processor.py:840} INFO - DAG(s) 'tutorial_dag' retrieved from /home/airflow/.local/lib/python3.8/site-packages/airflow/example_dags/tutorial_dag.py
[2024-02-25T18:27:31.353+0000] {logging_mixin.py:188} INFO - [2024-02-25T18:27:31.353+0000] {dag.py:3036} INFO - Sync 1 DAGs
[2024-02-25T18:27:31.366+0000] {logging_mixin.py:188} INFO - [2024-02-25T18:27:31.366+0000] {dag.py:3823} INFO - Setting next_dagrun for tutorial_dag to None, run_after=None
[2024-02-25T18:27:31.390+0000] {processor.py:183} INFO - Processing /home/airflow/.local/lib/python3.8/site-packages/airflow/example_dags/tutorial_dag.py took 0.071 seconds
[2024-02-25T18:28:02.676+0000] {processor.py:161} INFO - Started process (PID=7995) to work on /home/airflow/.local/lib/python3.8/site-packages/airflow/example_dags/tutorial_dag.py
[2024-02-25T18:28:02.677+0000] {processor.py:830} INFO - Processing file /home/airflow/.local/lib/python3.8/site-packages/airflow/example_dags/tutorial_dag.py for tasks to queue
[2024-02-25T18:28:02.679+0000] {logging_mixin.py:188} INFO - [2024-02-25T18:28:02.678+0000] {dagbag.py:538} INFO - Filling up the DagBag from /home/airflow/.local/lib/python3.8/site-packages/airflow/example_dags/tutorial_dag.py
[2024-02-25T18:28:02.685+0000] {processor.py:840} INFO - DAG(s) 'tutorial_dag' retrieved from /home/airflow/.local/lib/python3.8/site-packages/airflow/example_dags/tutorial_dag.py
[2024-02-25T18:28:02.710+0000] {logging_mixin.py:188} INFO - [2024-02-25T18:28:02.709+0000] {dag.py:3036} INFO - Sync 1 DAGs
[2024-02-25T18:28:02.723+0000] {logging_mixin.py:188} INFO - [2024-02-25T18:28:02.723+0000] {dag.py:3823} INFO - Setting next_dagrun for tutorial_dag to None, run_after=None
[2024-02-25T18:28:02.748+0000] {processor.py:183} INFO - Processing /home/airflow/.local/lib/python3.8/site-packages/airflow/example_dags/tutorial_dag.py took 0.076 seconds
[2024-02-25T18:28:33.079+0000] {processor.py:161} INFO - Started process (PID=8058) to work on /home/airflow/.local/lib/python3.8/site-packages/airflow/example_dags/tutorial_dag.py
[2024-02-25T18:28:33.081+0000] {processor.py:830} INFO - Processing file /home/airflow/.local/lib/python3.8/site-packages/airflow/example_dags/tutorial_dag.py for tasks to queue
[2024-02-25T18:28:33.082+0000] {logging_mixin.py:188} INFO - [2024-02-25T18:28:33.082+0000] {dagbag.py:538} INFO - Filling up the DagBag from /home/airflow/.local/lib/python3.8/site-packages/airflow/example_dags/tutorial_dag.py
[2024-02-25T18:28:33.089+0000] {processor.py:840} INFO - DAG(s) 'tutorial_dag' retrieved from /home/airflow/.local/lib/python3.8/site-packages/airflow/example_dags/tutorial_dag.py
[2024-02-25T18:28:33.113+0000] {logging_mixin.py:188} INFO - [2024-02-25T18:28:33.112+0000] {dag.py:3036} INFO - Sync 1 DAGs
[2024-02-25T18:28:33.126+0000] {logging_mixin.py:188} INFO - [2024-02-25T18:28:33.126+0000] {dag.py:3823} INFO - Setting next_dagrun for tutorial_dag to None, run_after=None
[2024-02-25T18:28:33.175+0000] {processor.py:183} INFO - Processing /home/airflow/.local/lib/python3.8/site-packages/airflow/example_dags/tutorial_dag.py took 0.100 seconds
[2024-02-25T18:29:03.801+0000] {processor.py:161} INFO - Started process (PID=8120) to work on /home/airflow/.local/lib/python3.8/site-packages/airflow/example_dags/tutorial_dag.py
[2024-02-25T18:29:03.802+0000] {processor.py:830} INFO - Processing file /home/airflow/.local/lib/python3.8/site-packages/airflow/example_dags/tutorial_dag.py for tasks to queue
[2024-02-25T18:29:03.804+0000] {logging_mixin.py:188} INFO - [2024-02-25T18:29:03.803+0000] {dagbag.py:538} INFO - Filling up the DagBag from /home/airflow/.local/lib/python3.8/site-packages/airflow/example_dags/tutorial_dag.py
[2024-02-25T18:29:03.815+0000] {processor.py:840} INFO - DAG(s) 'tutorial_dag' retrieved from /home/airflow/.local/lib/python3.8/site-packages/airflow/example_dags/tutorial_dag.py
[2024-02-25T18:29:03.850+0000] {logging_mixin.py:188} INFO - [2024-02-25T18:29:03.850+0000] {dag.py:3036} INFO - Sync 1 DAGs
[2024-02-25T18:29:03.868+0000] {logging_mixin.py:188} INFO - [2024-02-25T18:29:03.868+0000] {dag.py:3823} INFO - Setting next_dagrun for tutorial_dag to None, run_after=None
[2024-02-25T18:29:03.897+0000] {processor.py:183} INFO - Processing /home/airflow/.local/lib/python3.8/site-packages/airflow/example_dags/tutorial_dag.py took 0.101 seconds
[2024-02-25T18:29:34.127+0000] {processor.py:161} INFO - Started process (PID=8181) to work on /home/airflow/.local/lib/python3.8/site-packages/airflow/example_dags/tutorial_dag.py
[2024-02-25T18:29:34.129+0000] {processor.py:830} INFO - Processing file /home/airflow/.local/lib/python3.8/site-packages/airflow/example_dags/tutorial_dag.py for tasks to queue
[2024-02-25T18:29:34.132+0000] {logging_mixin.py:188} INFO - [2024-02-25T18:29:34.131+0000] {dagbag.py:538} INFO - Filling up the DagBag from /home/airflow/.local/lib/python3.8/site-packages/airflow/example_dags/tutorial_dag.py
[2024-02-25T18:29:34.138+0000] {processor.py:840} INFO - DAG(s) 'tutorial_dag' retrieved from /home/airflow/.local/lib/python3.8/site-packages/airflow/example_dags/tutorial_dag.py
[2024-02-25T18:29:34.161+0000] {logging_mixin.py:188} INFO - [2024-02-25T18:29:34.161+0000] {dag.py:3036} INFO - Sync 1 DAGs
[2024-02-25T18:29:34.175+0000] {logging_mixin.py:188} INFO - [2024-02-25T18:29:34.175+0000] {dag.py:3823} INFO - Setting next_dagrun for tutorial_dag to None, run_after=None
[2024-02-25T18:29:34.198+0000] {processor.py:183} INFO - Processing /home/airflow/.local/lib/python3.8/site-packages/airflow/example_dags/tutorial_dag.py took 0.075 seconds
[2024-02-25T18:30:04.518+0000] {processor.py:161} INFO - Started process (PID=8242) to work on /home/airflow/.local/lib/python3.8/site-packages/airflow/example_dags/tutorial_dag.py
[2024-02-25T18:30:04.519+0000] {processor.py:830} INFO - Processing file /home/airflow/.local/lib/python3.8/site-packages/airflow/example_dags/tutorial_dag.py for tasks to queue
[2024-02-25T18:30:04.520+0000] {logging_mixin.py:188} INFO - [2024-02-25T18:30:04.520+0000] {dagbag.py:538} INFO - Filling up the DagBag from /home/airflow/.local/lib/python3.8/site-packages/airflow/example_dags/tutorial_dag.py
[2024-02-25T18:30:04.526+0000] {processor.py:840} INFO - DAG(s) 'tutorial_dag' retrieved from /home/airflow/.local/lib/python3.8/site-packages/airflow/example_dags/tutorial_dag.py
[2024-02-25T18:30:04.549+0000] {logging_mixin.py:188} INFO - [2024-02-25T18:30:04.548+0000] {dag.py:3036} INFO - Sync 1 DAGs
[2024-02-25T18:30:04.562+0000] {logging_mixin.py:188} INFO - [2024-02-25T18:30:04.562+0000] {dag.py:3823} INFO - Setting next_dagrun for tutorial_dag to None, run_after=None
[2024-02-25T18:30:04.593+0000] {processor.py:183} INFO - Processing /home/airflow/.local/lib/python3.8/site-packages/airflow/example_dags/tutorial_dag.py took 0.079 seconds
[2024-02-25T18:30:35.315+0000] {processor.py:161} INFO - Started process (PID=8306) to work on /home/airflow/.local/lib/python3.8/site-packages/airflow/example_dags/tutorial_dag.py
[2024-02-25T18:30:35.316+0000] {processor.py:830} INFO - Processing file /home/airflow/.local/lib/python3.8/site-packages/airflow/example_dags/tutorial_dag.py for tasks to queue
[2024-02-25T18:30:35.317+0000] {logging_mixin.py:188} INFO - [2024-02-25T18:30:35.317+0000] {dagbag.py:538} INFO - Filling up the DagBag from /home/airflow/.local/lib/python3.8/site-packages/airflow/example_dags/tutorial_dag.py
[2024-02-25T18:30:35.323+0000] {processor.py:840} INFO - DAG(s) 'tutorial_dag' retrieved from /home/airflow/.local/lib/python3.8/site-packages/airflow/example_dags/tutorial_dag.py
[2024-02-25T18:30:35.350+0000] {logging_mixin.py:188} INFO - [2024-02-25T18:30:35.350+0000] {dag.py:3036} INFO - Sync 1 DAGs
[2024-02-25T18:30:35.365+0000] {logging_mixin.py:188} INFO - [2024-02-25T18:30:35.364+0000] {dag.py:3823} INFO - Setting next_dagrun for tutorial_dag to None, run_after=None
[2024-02-25T18:30:35.389+0000] {processor.py:183} INFO - Processing /home/airflow/.local/lib/python3.8/site-packages/airflow/example_dags/tutorial_dag.py took 0.078 seconds
[2024-02-25T18:31:05.574+0000] {processor.py:161} INFO - Started process (PID=8369) to work on /home/airflow/.local/lib/python3.8/site-packages/airflow/example_dags/tutorial_dag.py
[2024-02-25T18:31:05.575+0000] {processor.py:830} INFO - Processing file /home/airflow/.local/lib/python3.8/site-packages/airflow/example_dags/tutorial_dag.py for tasks to queue
[2024-02-25T18:31:05.576+0000] {logging_mixin.py:188} INFO - [2024-02-25T18:31:05.576+0000] {dagbag.py:538} INFO - Filling up the DagBag from /home/airflow/.local/lib/python3.8/site-packages/airflow/example_dags/tutorial_dag.py
[2024-02-25T18:31:05.582+0000] {processor.py:840} INFO - DAG(s) 'tutorial_dag' retrieved from /home/airflow/.local/lib/python3.8/site-packages/airflow/example_dags/tutorial_dag.py
[2024-02-25T18:31:05.606+0000] {logging_mixin.py:188} INFO - [2024-02-25T18:31:05.606+0000] {dag.py:3036} INFO - Sync 1 DAGs
[2024-02-25T18:31:05.621+0000] {logging_mixin.py:188} INFO - [2024-02-25T18:31:05.620+0000] {dag.py:3823} INFO - Setting next_dagrun for tutorial_dag to None, run_after=None
[2024-02-25T18:31:05.643+0000] {processor.py:183} INFO - Processing /home/airflow/.local/lib/python3.8/site-packages/airflow/example_dags/tutorial_dag.py took 0.073 seconds
[2024-02-25T18:31:36.282+0000] {processor.py:161} INFO - Started process (PID=8432) to work on /home/airflow/.local/lib/python3.8/site-packages/airflow/example_dags/tutorial_dag.py
[2024-02-25T18:31:36.283+0000] {processor.py:830} INFO - Processing file /home/airflow/.local/lib/python3.8/site-packages/airflow/example_dags/tutorial_dag.py for tasks to queue
[2024-02-25T18:31:36.284+0000] {logging_mixin.py:188} INFO - [2024-02-25T18:31:36.284+0000] {dagbag.py:538} INFO - Filling up the DagBag from /home/airflow/.local/lib/python3.8/site-packages/airflow/example_dags/tutorial_dag.py
[2024-02-25T18:31:36.290+0000] {processor.py:840} INFO - DAG(s) 'tutorial_dag' retrieved from /home/airflow/.local/lib/python3.8/site-packages/airflow/example_dags/tutorial_dag.py
[2024-02-25T18:31:36.313+0000] {logging_mixin.py:188} INFO - [2024-02-25T18:31:36.313+0000] {dag.py:3036} INFO - Sync 1 DAGs
[2024-02-25T18:31:36.327+0000] {logging_mixin.py:188} INFO - [2024-02-25T18:31:36.327+0000] {dag.py:3823} INFO - Setting next_dagrun for tutorial_dag to None, run_after=None
[2024-02-25T18:31:36.356+0000] {processor.py:183} INFO - Processing /home/airflow/.local/lib/python3.8/site-packages/airflow/example_dags/tutorial_dag.py took 0.078 seconds
[2024-02-25T18:32:06.757+0000] {processor.py:161} INFO - Started process (PID=8495) to work on /home/airflow/.local/lib/python3.8/site-packages/airflow/example_dags/tutorial_dag.py
[2024-02-25T18:32:06.758+0000] {processor.py:830} INFO - Processing file /home/airflow/.local/lib/python3.8/site-packages/airflow/example_dags/tutorial_dag.py for tasks to queue
[2024-02-25T18:32:06.760+0000] {logging_mixin.py:188} INFO - [2024-02-25T18:32:06.760+0000] {dagbag.py:538} INFO - Filling up the DagBag from /home/airflow/.local/lib/python3.8/site-packages/airflow/example_dags/tutorial_dag.py
[2024-02-25T18:32:06.766+0000] {processor.py:840} INFO - DAG(s) 'tutorial_dag' retrieved from /home/airflow/.local/lib/python3.8/site-packages/airflow/example_dags/tutorial_dag.py
[2024-02-25T18:32:06.790+0000] {logging_mixin.py:188} INFO - [2024-02-25T18:32:06.790+0000] {dag.py:3036} INFO - Sync 1 DAGs
[2024-02-25T18:32:06.804+0000] {logging_mixin.py:188} INFO - [2024-02-25T18:32:06.804+0000] {dag.py:3823} INFO - Setting next_dagrun for tutorial_dag to None, run_after=None
[2024-02-25T18:32:06.831+0000] {processor.py:183} INFO - Processing /home/airflow/.local/lib/python3.8/site-packages/airflow/example_dags/tutorial_dag.py took 0.078 seconds
[2024-02-25T18:32:37.018+0000] {processor.py:161} INFO - Started process (PID=8558) to work on /home/airflow/.local/lib/python3.8/site-packages/airflow/example_dags/tutorial_dag.py
[2024-02-25T18:32:37.019+0000] {processor.py:830} INFO - Processing file /home/airflow/.local/lib/python3.8/site-packages/airflow/example_dags/tutorial_dag.py for tasks to queue
[2024-02-25T18:32:37.020+0000] {logging_mixin.py:188} INFO - [2024-02-25T18:32:37.020+0000] {dagbag.py:538} INFO - Filling up the DagBag from /home/airflow/.local/lib/python3.8/site-packages/airflow/example_dags/tutorial_dag.py
[2024-02-25T18:32:37.028+0000] {processor.py:840} INFO - DAG(s) 'tutorial_dag' retrieved from /home/airflow/.local/lib/python3.8/site-packages/airflow/example_dags/tutorial_dag.py
[2024-02-25T18:32:37.051+0000] {logging_mixin.py:188} INFO - [2024-02-25T18:32:37.051+0000] {dag.py:3036} INFO - Sync 1 DAGs
[2024-02-25T18:32:37.065+0000] {logging_mixin.py:188} INFO - [2024-02-25T18:32:37.065+0000] {dag.py:3823} INFO - Setting next_dagrun for tutorial_dag to None, run_after=None
[2024-02-25T18:32:37.087+0000] {processor.py:183} INFO - Processing /home/airflow/.local/lib/python3.8/site-packages/airflow/example_dags/tutorial_dag.py took 0.074 seconds
[2024-02-25T18:33:07.594+0000] {processor.py:161} INFO - Started process (PID=8621) to work on /home/airflow/.local/lib/python3.8/site-packages/airflow/example_dags/tutorial_dag.py
[2024-02-25T18:33:07.595+0000] {processor.py:830} INFO - Processing file /home/airflow/.local/lib/python3.8/site-packages/airflow/example_dags/tutorial_dag.py for tasks to queue
[2024-02-25T18:33:07.596+0000] {logging_mixin.py:188} INFO - [2024-02-25T18:33:07.595+0000] {dagbag.py:538} INFO - Filling up the DagBag from /home/airflow/.local/lib/python3.8/site-packages/airflow/example_dags/tutorial_dag.py
[2024-02-25T18:33:07.602+0000] {processor.py:840} INFO - DAG(s) 'tutorial_dag' retrieved from /home/airflow/.local/lib/python3.8/site-packages/airflow/example_dags/tutorial_dag.py
[2024-02-25T18:33:07.623+0000] {logging_mixin.py:188} INFO - [2024-02-25T18:33:07.623+0000] {dag.py:3036} INFO - Sync 1 DAGs
[2024-02-25T18:33:07.637+0000] {logging_mixin.py:188} INFO - [2024-02-25T18:33:07.636+0000] {dag.py:3823} INFO - Setting next_dagrun for tutorial_dag to None, run_after=None
[2024-02-25T18:33:07.660+0000] {processor.py:183} INFO - Processing /home/airflow/.local/lib/python3.8/site-packages/airflow/example_dags/tutorial_dag.py took 0.070 seconds
[2024-02-25T18:33:37.946+0000] {processor.py:161} INFO - Started process (PID=8684) to work on /home/airflow/.local/lib/python3.8/site-packages/airflow/example_dags/tutorial_dag.py
[2024-02-25T18:33:37.947+0000] {processor.py:830} INFO - Processing file /home/airflow/.local/lib/python3.8/site-packages/airflow/example_dags/tutorial_dag.py for tasks to queue
[2024-02-25T18:33:37.949+0000] {logging_mixin.py:188} INFO - [2024-02-25T18:33:37.948+0000] {dagbag.py:538} INFO - Filling up the DagBag from /home/airflow/.local/lib/python3.8/site-packages/airflow/example_dags/tutorial_dag.py
[2024-02-25T18:33:37.955+0000] {processor.py:840} INFO - DAG(s) 'tutorial_dag' retrieved from /home/airflow/.local/lib/python3.8/site-packages/airflow/example_dags/tutorial_dag.py
[2024-02-25T18:33:37.978+0000] {logging_mixin.py:188} INFO - [2024-02-25T18:33:37.978+0000] {dag.py:3036} INFO - Sync 1 DAGs
[2024-02-25T18:33:37.992+0000] {logging_mixin.py:188} INFO - [2024-02-25T18:33:37.991+0000] {dag.py:3823} INFO - Setting next_dagrun for tutorial_dag to None, run_after=None
[2024-02-25T18:33:38.015+0000] {processor.py:183} INFO - Processing /home/airflow/.local/lib/python3.8/site-packages/airflow/example_dags/tutorial_dag.py took 0.073 seconds
[2024-02-25T18:34:08.952+0000] {processor.py:161} INFO - Started process (PID=8747) to work on /home/airflow/.local/lib/python3.8/site-packages/airflow/example_dags/tutorial_dag.py
[2024-02-25T18:34:08.953+0000] {processor.py:830} INFO - Processing file /home/airflow/.local/lib/python3.8/site-packages/airflow/example_dags/tutorial_dag.py for tasks to queue
[2024-02-25T18:34:08.954+0000] {logging_mixin.py:188} INFO - [2024-02-25T18:34:08.954+0000] {dagbag.py:538} INFO - Filling up the DagBag from /home/airflow/.local/lib/python3.8/site-packages/airflow/example_dags/tutorial_dag.py
[2024-02-25T18:34:08.960+0000] {processor.py:840} INFO - DAG(s) 'tutorial_dag' retrieved from /home/airflow/.local/lib/python3.8/site-packages/airflow/example_dags/tutorial_dag.py
[2024-02-25T18:34:08.984+0000] {logging_mixin.py:188} INFO - [2024-02-25T18:34:08.983+0000] {dag.py:3036} INFO - Sync 1 DAGs
[2024-02-25T18:34:08.998+0000] {logging_mixin.py:188} INFO - [2024-02-25T18:34:08.998+0000] {dag.py:3823} INFO - Setting next_dagrun for tutorial_dag to None, run_after=None
[2024-02-25T18:34:09.023+0000] {processor.py:183} INFO - Processing /home/airflow/.local/lib/python3.8/site-packages/airflow/example_dags/tutorial_dag.py took 0.075 seconds
[2024-02-25T18:34:39.180+0000] {processor.py:161} INFO - Started process (PID=8810) to work on /home/airflow/.local/lib/python3.8/site-packages/airflow/example_dags/tutorial_dag.py
[2024-02-25T18:34:39.181+0000] {processor.py:830} INFO - Processing file /home/airflow/.local/lib/python3.8/site-packages/airflow/example_dags/tutorial_dag.py for tasks to queue
[2024-02-25T18:34:39.182+0000] {logging_mixin.py:188} INFO - [2024-02-25T18:34:39.182+0000] {dagbag.py:538} INFO - Filling up the DagBag from /home/airflow/.local/lib/python3.8/site-packages/airflow/example_dags/tutorial_dag.py
[2024-02-25T18:34:39.188+0000] {processor.py:840} INFO - DAG(s) 'tutorial_dag' retrieved from /home/airflow/.local/lib/python3.8/site-packages/airflow/example_dags/tutorial_dag.py
[2024-02-25T18:34:39.212+0000] {logging_mixin.py:188} INFO - [2024-02-25T18:34:39.212+0000] {dag.py:3036} INFO - Sync 1 DAGs
[2024-02-25T18:34:39.226+0000] {logging_mixin.py:188} INFO - [2024-02-25T18:34:39.225+0000] {dag.py:3823} INFO - Setting next_dagrun for tutorial_dag to None, run_after=None
[2024-02-25T18:34:39.247+0000] {processor.py:183} INFO - Processing /home/airflow/.local/lib/python3.8/site-packages/airflow/example_dags/tutorial_dag.py took 0.071 seconds
[2024-02-25T18:35:09.550+0000] {processor.py:161} INFO - Started process (PID=8872) to work on /home/airflow/.local/lib/python3.8/site-packages/airflow/example_dags/tutorial_dag.py
[2024-02-25T18:35:09.552+0000] {processor.py:830} INFO - Processing file /home/airflow/.local/lib/python3.8/site-packages/airflow/example_dags/tutorial_dag.py for tasks to queue
[2024-02-25T18:35:09.553+0000] {logging_mixin.py:188} INFO - [2024-02-25T18:35:09.553+0000] {dagbag.py:538} INFO - Filling up the DagBag from /home/airflow/.local/lib/python3.8/site-packages/airflow/example_dags/tutorial_dag.py
[2024-02-25T18:35:09.560+0000] {processor.py:840} INFO - DAG(s) 'tutorial_dag' retrieved from /home/airflow/.local/lib/python3.8/site-packages/airflow/example_dags/tutorial_dag.py
[2024-02-25T18:35:09.585+0000] {logging_mixin.py:188} INFO - [2024-02-25T18:35:09.585+0000] {dag.py:3036} INFO - Sync 1 DAGs
[2024-02-25T18:35:09.598+0000] {logging_mixin.py:188} INFO - [2024-02-25T18:35:09.598+0000] {dag.py:3823} INFO - Setting next_dagrun for tutorial_dag to None, run_after=None
[2024-02-25T18:35:09.638+0000] {processor.py:183} INFO - Processing /home/airflow/.local/lib/python3.8/site-packages/airflow/example_dags/tutorial_dag.py took 0.092 seconds
[2024-02-25T18:35:39.988+0000] {processor.py:161} INFO - Started process (PID=8936) to work on /home/airflow/.local/lib/python3.8/site-packages/airflow/example_dags/tutorial_dag.py
[2024-02-25T18:35:39.989+0000] {processor.py:830} INFO - Processing file /home/airflow/.local/lib/python3.8/site-packages/airflow/example_dags/tutorial_dag.py for tasks to queue
[2024-02-25T18:35:39.991+0000] {logging_mixin.py:188} INFO - [2024-02-25T18:35:39.990+0000] {dagbag.py:538} INFO - Filling up the DagBag from /home/airflow/.local/lib/python3.8/site-packages/airflow/example_dags/tutorial_dag.py
[2024-02-25T18:35:39.996+0000] {processor.py:840} INFO - DAG(s) 'tutorial_dag' retrieved from /home/airflow/.local/lib/python3.8/site-packages/airflow/example_dags/tutorial_dag.py
[2024-02-25T18:35:40.019+0000] {logging_mixin.py:188} INFO - [2024-02-25T18:35:40.019+0000] {dag.py:3036} INFO - Sync 1 DAGs
[2024-02-25T18:35:40.033+0000] {logging_mixin.py:188} INFO - [2024-02-25T18:35:40.033+0000] {dag.py:3823} INFO - Setting next_dagrun for tutorial_dag to None, run_after=None
[2024-02-25T18:35:40.056+0000] {processor.py:183} INFO - Processing /home/airflow/.local/lib/python3.8/site-packages/airflow/example_dags/tutorial_dag.py took 0.072 seconds
[2024-02-25T18:36:10.249+0000] {processor.py:161} INFO - Started process (PID=9000) to work on /home/airflow/.local/lib/python3.8/site-packages/airflow/example_dags/tutorial_dag.py
[2024-02-25T18:36:10.250+0000] {processor.py:830} INFO - Processing file /home/airflow/.local/lib/python3.8/site-packages/airflow/example_dags/tutorial_dag.py for tasks to queue
[2024-02-25T18:36:10.252+0000] {logging_mixin.py:188} INFO - [2024-02-25T18:36:10.251+0000] {dagbag.py:538} INFO - Filling up the DagBag from /home/airflow/.local/lib/python3.8/site-packages/airflow/example_dags/tutorial_dag.py
[2024-02-25T18:36:10.259+0000] {processor.py:840} INFO - DAG(s) 'tutorial_dag' retrieved from /home/airflow/.local/lib/python3.8/site-packages/airflow/example_dags/tutorial_dag.py
[2024-02-25T18:36:10.287+0000] {logging_mixin.py:188} INFO - [2024-02-25T18:36:10.286+0000] {dag.py:3036} INFO - Sync 1 DAGs
[2024-02-25T18:36:10.303+0000] {logging_mixin.py:188} INFO - [2024-02-25T18:36:10.303+0000] {dag.py:3823} INFO - Setting next_dagrun for tutorial_dag to None, run_after=None
[2024-02-25T18:36:10.333+0000] {processor.py:183} INFO - Processing /home/airflow/.local/lib/python3.8/site-packages/airflow/example_dags/tutorial_dag.py took 0.088 seconds
[2024-02-25T18:36:41.537+0000] {processor.py:161} INFO - Started process (PID=9063) to work on /home/airflow/.local/lib/python3.8/site-packages/airflow/example_dags/tutorial_dag.py
[2024-02-25T18:36:41.538+0000] {processor.py:830} INFO - Processing file /home/airflow/.local/lib/python3.8/site-packages/airflow/example_dags/tutorial_dag.py for tasks to queue
[2024-02-25T18:36:41.539+0000] {logging_mixin.py:188} INFO - [2024-02-25T18:36:41.539+0000] {dagbag.py:538} INFO - Filling up the DagBag from /home/airflow/.local/lib/python3.8/site-packages/airflow/example_dags/tutorial_dag.py
[2024-02-25T18:36:41.546+0000] {processor.py:840} INFO - DAG(s) 'tutorial_dag' retrieved from /home/airflow/.local/lib/python3.8/site-packages/airflow/example_dags/tutorial_dag.py
[2024-02-25T18:36:41.572+0000] {logging_mixin.py:188} INFO - [2024-02-25T18:36:41.572+0000] {dag.py:3036} INFO - Sync 1 DAGs
[2024-02-25T18:36:41.587+0000] {logging_mixin.py:188} INFO - [2024-02-25T18:36:41.586+0000] {dag.py:3823} INFO - Setting next_dagrun for tutorial_dag to None, run_after=None
[2024-02-25T18:36:41.623+0000] {processor.py:183} INFO - Processing /home/airflow/.local/lib/python3.8/site-packages/airflow/example_dags/tutorial_dag.py took 0.090 seconds
[2024-02-25T18:37:12.013+0000] {processor.py:161} INFO - Started process (PID=9126) to work on /home/airflow/.local/lib/python3.8/site-packages/airflow/example_dags/tutorial_dag.py
[2024-02-25T18:37:12.015+0000] {processor.py:830} INFO - Processing file /home/airflow/.local/lib/python3.8/site-packages/airflow/example_dags/tutorial_dag.py for tasks to queue
[2024-02-25T18:37:12.016+0000] {logging_mixin.py:188} INFO - [2024-02-25T18:37:12.016+0000] {dagbag.py:538} INFO - Filling up the DagBag from /home/airflow/.local/lib/python3.8/site-packages/airflow/example_dags/tutorial_dag.py
[2024-02-25T18:37:12.022+0000] {processor.py:840} INFO - DAG(s) 'tutorial_dag' retrieved from /home/airflow/.local/lib/python3.8/site-packages/airflow/example_dags/tutorial_dag.py
[2024-02-25T18:37:12.047+0000] {logging_mixin.py:188} INFO - [2024-02-25T18:37:12.047+0000] {dag.py:3036} INFO - Sync 1 DAGs
[2024-02-25T18:37:12.071+0000] {logging_mixin.py:188} INFO - [2024-02-25T18:37:12.071+0000] {dag.py:3823} INFO - Setting next_dagrun for tutorial_dag to None, run_after=None
[2024-02-25T18:37:12.095+0000] {processor.py:183} INFO - Processing /home/airflow/.local/lib/python3.8/site-packages/airflow/example_dags/tutorial_dag.py took 0.086 seconds
[2024-02-25T18:37:42.965+0000] {processor.py:161} INFO - Started process (PID=9189) to work on /home/airflow/.local/lib/python3.8/site-packages/airflow/example_dags/tutorial_dag.py
[2024-02-25T18:37:42.966+0000] {processor.py:830} INFO - Processing file /home/airflow/.local/lib/python3.8/site-packages/airflow/example_dags/tutorial_dag.py for tasks to queue
[2024-02-25T18:37:42.968+0000] {logging_mixin.py:188} INFO - [2024-02-25T18:37:42.967+0000] {dagbag.py:538} INFO - Filling up the DagBag from /home/airflow/.local/lib/python3.8/site-packages/airflow/example_dags/tutorial_dag.py
[2024-02-25T18:37:42.973+0000] {processor.py:840} INFO - DAG(s) 'tutorial_dag' retrieved from /home/airflow/.local/lib/python3.8/site-packages/airflow/example_dags/tutorial_dag.py
[2024-02-25T18:37:42.996+0000] {logging_mixin.py:188} INFO - [2024-02-25T18:37:42.996+0000] {dag.py:3036} INFO - Sync 1 DAGs
[2024-02-25T18:37:43.009+0000] {logging_mixin.py:188} INFO - [2024-02-25T18:37:43.009+0000] {dag.py:3823} INFO - Setting next_dagrun for tutorial_dag to None, run_after=None
[2024-02-25T18:37:43.035+0000] {processor.py:183} INFO - Processing /home/airflow/.local/lib/python3.8/site-packages/airflow/example_dags/tutorial_dag.py took 0.074 seconds
[2024-02-25T18:38:13.540+0000] {processor.py:161} INFO - Started process (PID=9253) to work on /home/airflow/.local/lib/python3.8/site-packages/airflow/example_dags/tutorial_dag.py
[2024-02-25T18:38:13.542+0000] {processor.py:830} INFO - Processing file /home/airflow/.local/lib/python3.8/site-packages/airflow/example_dags/tutorial_dag.py for tasks to queue
[2024-02-25T18:38:13.543+0000] {logging_mixin.py:188} INFO - [2024-02-25T18:38:13.542+0000] {dagbag.py:538} INFO - Filling up the DagBag from /home/airflow/.local/lib/python3.8/site-packages/airflow/example_dags/tutorial_dag.py
[2024-02-25T18:38:13.548+0000] {processor.py:840} INFO - DAG(s) 'tutorial_dag' retrieved from /home/airflow/.local/lib/python3.8/site-packages/airflow/example_dags/tutorial_dag.py
[2024-02-25T18:38:13.576+0000] {logging_mixin.py:188} INFO - [2024-02-25T18:38:13.575+0000] {dag.py:3036} INFO - Sync 1 DAGs
[2024-02-25T18:38:13.588+0000] {logging_mixin.py:188} INFO - [2024-02-25T18:38:13.588+0000] {dag.py:3823} INFO - Setting next_dagrun for tutorial_dag to None, run_after=None
[2024-02-25T18:38:13.611+0000] {processor.py:183} INFO - Processing /home/airflow/.local/lib/python3.8/site-packages/airflow/example_dags/tutorial_dag.py took 0.075 seconds
[2024-02-25T18:38:44.523+0000] {processor.py:161} INFO - Started process (PID=9316) to work on /home/airflow/.local/lib/python3.8/site-packages/airflow/example_dags/tutorial_dag.py
[2024-02-25T18:38:44.524+0000] {processor.py:830} INFO - Processing file /home/airflow/.local/lib/python3.8/site-packages/airflow/example_dags/tutorial_dag.py for tasks to queue
[2024-02-25T18:38:44.526+0000] {logging_mixin.py:188} INFO - [2024-02-25T18:38:44.525+0000] {dagbag.py:538} INFO - Filling up the DagBag from /home/airflow/.local/lib/python3.8/site-packages/airflow/example_dags/tutorial_dag.py
[2024-02-25T18:38:44.531+0000] {processor.py:840} INFO - DAG(s) 'tutorial_dag' retrieved from /home/airflow/.local/lib/python3.8/site-packages/airflow/example_dags/tutorial_dag.py
[2024-02-25T18:38:44.554+0000] {logging_mixin.py:188} INFO - [2024-02-25T18:38:44.554+0000] {dag.py:3036} INFO - Sync 1 DAGs
[2024-02-25T18:38:44.568+0000] {logging_mixin.py:188} INFO - [2024-02-25T18:38:44.567+0000] {dag.py:3823} INFO - Setting next_dagrun for tutorial_dag to None, run_after=None
[2024-02-25T18:38:44.593+0000] {processor.py:183} INFO - Processing /home/airflow/.local/lib/python3.8/site-packages/airflow/example_dags/tutorial_dag.py took 0.074 seconds
[2024-02-25T18:39:15.433+0000] {processor.py:161} INFO - Started process (PID=9379) to work on /home/airflow/.local/lib/python3.8/site-packages/airflow/example_dags/tutorial_dag.py
[2024-02-25T18:39:15.435+0000] {processor.py:830} INFO - Processing file /home/airflow/.local/lib/python3.8/site-packages/airflow/example_dags/tutorial_dag.py for tasks to queue
[2024-02-25T18:39:15.436+0000] {logging_mixin.py:188} INFO - [2024-02-25T18:39:15.436+0000] {dagbag.py:538} INFO - Filling up the DagBag from /home/airflow/.local/lib/python3.8/site-packages/airflow/example_dags/tutorial_dag.py
[2024-02-25T18:39:15.441+0000] {processor.py:840} INFO - DAG(s) 'tutorial_dag' retrieved from /home/airflow/.local/lib/python3.8/site-packages/airflow/example_dags/tutorial_dag.py
[2024-02-25T18:39:15.465+0000] {logging_mixin.py:188} INFO - [2024-02-25T18:39:15.464+0000] {dag.py:3036} INFO - Sync 1 DAGs
[2024-02-25T18:39:15.478+0000] {logging_mixin.py:188} INFO - [2024-02-25T18:39:15.478+0000] {dag.py:3823} INFO - Setting next_dagrun for tutorial_dag to None, run_after=None
[2024-02-25T18:39:15.508+0000] {processor.py:183} INFO - Processing /home/airflow/.local/lib/python3.8/site-packages/airflow/example_dags/tutorial_dag.py took 0.078 seconds
[2024-02-25T18:39:46.009+0000] {processor.py:161} INFO - Started process (PID=9441) to work on /home/airflow/.local/lib/python3.8/site-packages/airflow/example_dags/tutorial_dag.py
[2024-02-25T18:39:46.011+0000] {processor.py:830} INFO - Processing file /home/airflow/.local/lib/python3.8/site-packages/airflow/example_dags/tutorial_dag.py for tasks to queue
[2024-02-25T18:39:46.012+0000] {logging_mixin.py:188} INFO - [2024-02-25T18:39:46.011+0000] {dagbag.py:538} INFO - Filling up the DagBag from /home/airflow/.local/lib/python3.8/site-packages/airflow/example_dags/tutorial_dag.py
[2024-02-25T18:39:46.018+0000] {processor.py:840} INFO - DAG(s) 'tutorial_dag' retrieved from /home/airflow/.local/lib/python3.8/site-packages/airflow/example_dags/tutorial_dag.py
[2024-02-25T18:39:46.040+0000] {logging_mixin.py:188} INFO - [2024-02-25T18:39:46.040+0000] {dag.py:3036} INFO - Sync 1 DAGs
[2024-02-25T18:39:46.053+0000] {logging_mixin.py:188} INFO - [2024-02-25T18:39:46.053+0000] {dag.py:3823} INFO - Setting next_dagrun for tutorial_dag to None, run_after=None
[2024-02-25T18:39:46.075+0000] {processor.py:183} INFO - Processing /home/airflow/.local/lib/python3.8/site-packages/airflow/example_dags/tutorial_dag.py took 0.070 seconds
[2024-02-25T18:40:16.784+0000] {processor.py:161} INFO - Started process (PID=9504) to work on /home/airflow/.local/lib/python3.8/site-packages/airflow/example_dags/tutorial_dag.py
[2024-02-25T18:40:16.786+0000] {processor.py:830} INFO - Processing file /home/airflow/.local/lib/python3.8/site-packages/airflow/example_dags/tutorial_dag.py for tasks to queue
[2024-02-25T18:40:16.787+0000] {logging_mixin.py:188} INFO - [2024-02-25T18:40:16.786+0000] {dagbag.py:538} INFO - Filling up the DagBag from /home/airflow/.local/lib/python3.8/site-packages/airflow/example_dags/tutorial_dag.py
[2024-02-25T18:40:16.793+0000] {processor.py:840} INFO - DAG(s) 'tutorial_dag' retrieved from /home/airflow/.local/lib/python3.8/site-packages/airflow/example_dags/tutorial_dag.py
[2024-02-25T18:40:16.816+0000] {logging_mixin.py:188} INFO - [2024-02-25T18:40:16.815+0000] {dag.py:3036} INFO - Sync 1 DAGs
[2024-02-25T18:40:16.829+0000] {logging_mixin.py:188} INFO - [2024-02-25T18:40:16.829+0000] {dag.py:3823} INFO - Setting next_dagrun for tutorial_dag to None, run_after=None
[2024-02-25T18:40:16.855+0000] {processor.py:183} INFO - Processing /home/airflow/.local/lib/python3.8/site-packages/airflow/example_dags/tutorial_dag.py took 0.074 seconds
[2024-02-25T20:59:49.599+0000] {processor.py:161} INFO - Started process (PID=9572) to work on /home/airflow/.local/lib/python3.8/site-packages/airflow/example_dags/tutorial_dag.py
[2024-02-25T20:59:49.601+0000] {processor.py:830} INFO - Processing file /home/airflow/.local/lib/python3.8/site-packages/airflow/example_dags/tutorial_dag.py for tasks to queue
[2024-02-25T20:59:49.602+0000] {logging_mixin.py:188} INFO - [2024-02-25T20:59:49.601+0000] {dagbag.py:538} INFO - Filling up the DagBag from /home/airflow/.local/lib/python3.8/site-packages/airflow/example_dags/tutorial_dag.py
[2024-02-25T20:59:49.608+0000] {processor.py:840} INFO - DAG(s) 'tutorial_dag' retrieved from /home/airflow/.local/lib/python3.8/site-packages/airflow/example_dags/tutorial_dag.py
[2024-02-25T20:59:49.635+0000] {logging_mixin.py:188} INFO - [2024-02-25T20:59:49.635+0000] {dag.py:3036} INFO - Sync 1 DAGs
[2024-02-25T20:59:49.651+0000] {logging_mixin.py:188} INFO - [2024-02-25T20:59:49.651+0000] {dag.py:3823} INFO - Setting next_dagrun for tutorial_dag to None, run_after=None
[2024-02-25T20:59:49.854+0000] {processor.py:183} INFO - Processing /home/airflow/.local/lib/python3.8/site-packages/airflow/example_dags/tutorial_dag.py took 0.259 seconds
[2024-02-25T21:00:20.091+0000] {processor.py:161} INFO - Started process (PID=9643) to work on /home/airflow/.local/lib/python3.8/site-packages/airflow/example_dags/tutorial_dag.py
[2024-02-25T21:00:20.092+0000] {processor.py:830} INFO - Processing file /home/airflow/.local/lib/python3.8/site-packages/airflow/example_dags/tutorial_dag.py for tasks to queue
[2024-02-25T21:00:20.094+0000] {logging_mixin.py:188} INFO - [2024-02-25T21:00:20.093+0000] {dagbag.py:538} INFO - Filling up the DagBag from /home/airflow/.local/lib/python3.8/site-packages/airflow/example_dags/tutorial_dag.py
[2024-02-25T21:00:20.100+0000] {processor.py:840} INFO - DAG(s) 'tutorial_dag' retrieved from /home/airflow/.local/lib/python3.8/site-packages/airflow/example_dags/tutorial_dag.py
[2024-02-25T21:00:20.124+0000] {logging_mixin.py:188} INFO - [2024-02-25T21:00:20.123+0000] {dag.py:3036} INFO - Sync 1 DAGs
[2024-02-25T21:00:20.138+0000] {logging_mixin.py:188} INFO - [2024-02-25T21:00:20.138+0000] {dag.py:3823} INFO - Setting next_dagrun for tutorial_dag to None, run_after=None
[2024-02-25T21:00:20.162+0000] {processor.py:183} INFO - Processing /home/airflow/.local/lib/python3.8/site-packages/airflow/example_dags/tutorial_dag.py took 0.075 seconds
[2024-02-25T21:00:50.312+0000] {processor.py:161} INFO - Started process (PID=9706) to work on /home/airflow/.local/lib/python3.8/site-packages/airflow/example_dags/tutorial_dag.py
[2024-02-25T21:00:50.313+0000] {processor.py:830} INFO - Processing file /home/airflow/.local/lib/python3.8/site-packages/airflow/example_dags/tutorial_dag.py for tasks to queue
[2024-02-25T21:00:50.314+0000] {logging_mixin.py:188} INFO - [2024-02-25T21:00:50.314+0000] {dagbag.py:538} INFO - Filling up the DagBag from /home/airflow/.local/lib/python3.8/site-packages/airflow/example_dags/tutorial_dag.py
[2024-02-25T21:00:50.320+0000] {processor.py:840} INFO - DAG(s) 'tutorial_dag' retrieved from /home/airflow/.local/lib/python3.8/site-packages/airflow/example_dags/tutorial_dag.py
[2024-02-25T21:00:50.344+0000] {logging_mixin.py:188} INFO - [2024-02-25T21:00:50.344+0000] {dag.py:3036} INFO - Sync 1 DAGs
[2024-02-25T21:00:50.359+0000] {logging_mixin.py:188} INFO - [2024-02-25T21:00:50.359+0000] {dag.py:3823} INFO - Setting next_dagrun for tutorial_dag to None, run_after=None
[2024-02-25T21:00:50.382+0000] {processor.py:183} INFO - Processing /home/airflow/.local/lib/python3.8/site-packages/airflow/example_dags/tutorial_dag.py took 0.074 seconds
[2024-02-25T21:01:20.900+0000] {processor.py:161} INFO - Started process (PID=9769) to work on /home/airflow/.local/lib/python3.8/site-packages/airflow/example_dags/tutorial_dag.py
[2024-02-25T21:01:20.902+0000] {processor.py:830} INFO - Processing file /home/airflow/.local/lib/python3.8/site-packages/airflow/example_dags/tutorial_dag.py for tasks to queue
[2024-02-25T21:01:20.903+0000] {logging_mixin.py:188} INFO - [2024-02-25T21:01:20.902+0000] {dagbag.py:538} INFO - Filling up the DagBag from /home/airflow/.local/lib/python3.8/site-packages/airflow/example_dags/tutorial_dag.py
[2024-02-25T21:01:20.908+0000] {processor.py:840} INFO - DAG(s) 'tutorial_dag' retrieved from /home/airflow/.local/lib/python3.8/site-packages/airflow/example_dags/tutorial_dag.py
[2024-02-25T21:01:20.931+0000] {logging_mixin.py:188} INFO - [2024-02-25T21:01:20.931+0000] {dag.py:3036} INFO - Sync 1 DAGs
[2024-02-25T21:01:20.945+0000] {logging_mixin.py:188} INFO - [2024-02-25T21:01:20.945+0000] {dag.py:3823} INFO - Setting next_dagrun for tutorial_dag to None, run_after=None
[2024-02-25T21:01:20.971+0000] {processor.py:183} INFO - Processing /home/airflow/.local/lib/python3.8/site-packages/airflow/example_dags/tutorial_dag.py took 0.074 seconds
[2024-02-25T21:01:51.377+0000] {processor.py:161} INFO - Started process (PID=9832) to work on /home/airflow/.local/lib/python3.8/site-packages/airflow/example_dags/tutorial_dag.py
[2024-02-25T21:01:51.378+0000] {processor.py:830} INFO - Processing file /home/airflow/.local/lib/python3.8/site-packages/airflow/example_dags/tutorial_dag.py for tasks to queue
[2024-02-25T21:01:51.380+0000] {logging_mixin.py:188} INFO - [2024-02-25T21:01:51.379+0000] {dagbag.py:538} INFO - Filling up the DagBag from /home/airflow/.local/lib/python3.8/site-packages/airflow/example_dags/tutorial_dag.py
[2024-02-25T21:01:51.386+0000] {processor.py:840} INFO - DAG(s) 'tutorial_dag' retrieved from /home/airflow/.local/lib/python3.8/site-packages/airflow/example_dags/tutorial_dag.py
[2024-02-25T21:01:51.408+0000] {logging_mixin.py:188} INFO - [2024-02-25T21:01:51.408+0000] {dag.py:3036} INFO - Sync 1 DAGs
[2024-02-25T21:01:51.421+0000] {logging_mixin.py:188} INFO - [2024-02-25T21:01:51.421+0000] {dag.py:3823} INFO - Setting next_dagrun for tutorial_dag to None, run_after=None
[2024-02-25T21:01:51.446+0000] {processor.py:183} INFO - Processing /home/airflow/.local/lib/python3.8/site-packages/airflow/example_dags/tutorial_dag.py took 0.073 seconds
[2024-02-25T21:02:22.239+0000] {processor.py:161} INFO - Started process (PID=9895) to work on /home/airflow/.local/lib/python3.8/site-packages/airflow/example_dags/tutorial_dag.py
[2024-02-25T21:02:22.241+0000] {processor.py:830} INFO - Processing file /home/airflow/.local/lib/python3.8/site-packages/airflow/example_dags/tutorial_dag.py for tasks to queue
[2024-02-25T21:02:22.242+0000] {logging_mixin.py:188} INFO - [2024-02-25T21:02:22.241+0000] {dagbag.py:538} INFO - Filling up the DagBag from /home/airflow/.local/lib/python3.8/site-packages/airflow/example_dags/tutorial_dag.py
[2024-02-25T21:02:22.247+0000] {processor.py:840} INFO - DAG(s) 'tutorial_dag' retrieved from /home/airflow/.local/lib/python3.8/site-packages/airflow/example_dags/tutorial_dag.py
[2024-02-25T21:02:22.270+0000] {logging_mixin.py:188} INFO - [2024-02-25T21:02:22.269+0000] {dag.py:3036} INFO - Sync 1 DAGs
[2024-02-25T21:02:22.284+0000] {logging_mixin.py:188} INFO - [2024-02-25T21:02:22.284+0000] {dag.py:3823} INFO - Setting next_dagrun for tutorial_dag to None, run_after=None
[2024-02-25T21:02:22.310+0000] {processor.py:183} INFO - Processing /home/airflow/.local/lib/python3.8/site-packages/airflow/example_dags/tutorial_dag.py took 0.075 seconds
[2024-02-25T21:02:53.052+0000] {processor.py:161} INFO - Started process (PID=9958) to work on /home/airflow/.local/lib/python3.8/site-packages/airflow/example_dags/tutorial_dag.py
[2024-02-25T21:02:53.054+0000] {processor.py:830} INFO - Processing file /home/airflow/.local/lib/python3.8/site-packages/airflow/example_dags/tutorial_dag.py for tasks to queue
[2024-02-25T21:02:53.055+0000] {logging_mixin.py:188} INFO - [2024-02-25T21:02:53.054+0000] {dagbag.py:538} INFO - Filling up the DagBag from /home/airflow/.local/lib/python3.8/site-packages/airflow/example_dags/tutorial_dag.py
[2024-02-25T21:02:53.061+0000] {processor.py:840} INFO - DAG(s) 'tutorial_dag' retrieved from /home/airflow/.local/lib/python3.8/site-packages/airflow/example_dags/tutorial_dag.py
[2024-02-25T21:02:53.091+0000] {logging_mixin.py:188} INFO - [2024-02-25T21:02:53.091+0000] {dag.py:3036} INFO - Sync 1 DAGs
[2024-02-25T21:02:53.113+0000] {logging_mixin.py:188} INFO - [2024-02-25T21:02:53.112+0000] {dag.py:3823} INFO - Setting next_dagrun for tutorial_dag to None, run_after=None
[2024-02-25T21:02:53.146+0000] {processor.py:183} INFO - Processing /home/airflow/.local/lib/python3.8/site-packages/airflow/example_dags/tutorial_dag.py took 0.101 seconds
[2024-02-25T21:03:23.668+0000] {processor.py:161} INFO - Started process (PID=10021) to work on /home/airflow/.local/lib/python3.8/site-packages/airflow/example_dags/tutorial_dag.py
[2024-02-25T21:03:23.669+0000] {processor.py:830} INFO - Processing file /home/airflow/.local/lib/python3.8/site-packages/airflow/example_dags/tutorial_dag.py for tasks to queue
[2024-02-25T21:03:23.670+0000] {logging_mixin.py:188} INFO - [2024-02-25T21:03:23.670+0000] {dagbag.py:538} INFO - Filling up the DagBag from /home/airflow/.local/lib/python3.8/site-packages/airflow/example_dags/tutorial_dag.py
[2024-02-25T21:03:23.676+0000] {processor.py:840} INFO - DAG(s) 'tutorial_dag' retrieved from /home/airflow/.local/lib/python3.8/site-packages/airflow/example_dags/tutorial_dag.py
[2024-02-25T21:03:23.698+0000] {logging_mixin.py:188} INFO - [2024-02-25T21:03:23.698+0000] {dag.py:3036} INFO - Sync 1 DAGs
[2024-02-25T21:03:23.713+0000] {logging_mixin.py:188} INFO - [2024-02-25T21:03:23.713+0000] {dag.py:3823} INFO - Setting next_dagrun for tutorial_dag to None, run_after=None
[2024-02-25T21:03:23.736+0000] {processor.py:183} INFO - Processing /home/airflow/.local/lib/python3.8/site-packages/airflow/example_dags/tutorial_dag.py took 0.072 seconds
[2024-02-25T21:03:54.206+0000] {processor.py:161} INFO - Started process (PID=10084) to work on /home/airflow/.local/lib/python3.8/site-packages/airflow/example_dags/tutorial_dag.py
[2024-02-25T21:03:54.208+0000] {processor.py:830} INFO - Processing file /home/airflow/.local/lib/python3.8/site-packages/airflow/example_dags/tutorial_dag.py for tasks to queue
[2024-02-25T21:03:54.209+0000] {logging_mixin.py:188} INFO - [2024-02-25T21:03:54.209+0000] {dagbag.py:538} INFO - Filling up the DagBag from /home/airflow/.local/lib/python3.8/site-packages/airflow/example_dags/tutorial_dag.py
[2024-02-25T21:03:54.215+0000] {processor.py:840} INFO - DAG(s) 'tutorial_dag' retrieved from /home/airflow/.local/lib/python3.8/site-packages/airflow/example_dags/tutorial_dag.py
[2024-02-25T21:03:54.238+0000] {logging_mixin.py:188} INFO - [2024-02-25T21:03:54.238+0000] {dag.py:3036} INFO - Sync 1 DAGs
[2024-02-25T21:03:54.253+0000] {logging_mixin.py:188} INFO - [2024-02-25T21:03:54.252+0000] {dag.py:3823} INFO - Setting next_dagrun for tutorial_dag to None, run_after=None
[2024-02-25T21:03:54.280+0000] {processor.py:183} INFO - Processing /home/airflow/.local/lib/python3.8/site-packages/airflow/example_dags/tutorial_dag.py took 0.078 seconds
[2024-02-25T21:04:24.687+0000] {processor.py:161} INFO - Started process (PID=10147) to work on /home/airflow/.local/lib/python3.8/site-packages/airflow/example_dags/tutorial_dag.py
[2024-02-25T21:04:24.688+0000] {processor.py:830} INFO - Processing file /home/airflow/.local/lib/python3.8/site-packages/airflow/example_dags/tutorial_dag.py for tasks to queue
[2024-02-25T21:04:24.689+0000] {logging_mixin.py:188} INFO - [2024-02-25T21:04:24.689+0000] {dagbag.py:538} INFO - Filling up the DagBag from /home/airflow/.local/lib/python3.8/site-packages/airflow/example_dags/tutorial_dag.py
[2024-02-25T21:04:24.696+0000] {processor.py:840} INFO - DAG(s) 'tutorial_dag' retrieved from /home/airflow/.local/lib/python3.8/site-packages/airflow/example_dags/tutorial_dag.py
[2024-02-25T21:04:24.721+0000] {logging_mixin.py:188} INFO - [2024-02-25T21:04:24.721+0000] {dag.py:3036} INFO - Sync 1 DAGs
[2024-02-25T21:04:24.736+0000] {logging_mixin.py:188} INFO - [2024-02-25T21:04:24.735+0000] {dag.py:3823} INFO - Setting next_dagrun for tutorial_dag to None, run_after=None
[2024-02-25T21:04:24.761+0000] {processor.py:183} INFO - Processing /home/airflow/.local/lib/python3.8/site-packages/airflow/example_dags/tutorial_dag.py took 0.079 seconds
[2024-02-25T21:04:55.232+0000] {processor.py:161} INFO - Started process (PID=10210) to work on /home/airflow/.local/lib/python3.8/site-packages/airflow/example_dags/tutorial_dag.py
[2024-02-25T21:04:55.234+0000] {processor.py:830} INFO - Processing file /home/airflow/.local/lib/python3.8/site-packages/airflow/example_dags/tutorial_dag.py for tasks to queue
[2024-02-25T21:04:55.235+0000] {logging_mixin.py:188} INFO - [2024-02-25T21:04:55.234+0000] {dagbag.py:538} INFO - Filling up the DagBag from /home/airflow/.local/lib/python3.8/site-packages/airflow/example_dags/tutorial_dag.py
[2024-02-25T21:04:55.240+0000] {processor.py:840} INFO - DAG(s) 'tutorial_dag' retrieved from /home/airflow/.local/lib/python3.8/site-packages/airflow/example_dags/tutorial_dag.py
[2024-02-25T21:04:55.263+0000] {logging_mixin.py:188} INFO - [2024-02-25T21:04:55.262+0000] {dag.py:3036} INFO - Sync 1 DAGs
[2024-02-25T21:04:55.276+0000] {logging_mixin.py:188} INFO - [2024-02-25T21:04:55.276+0000] {dag.py:3823} INFO - Setting next_dagrun for tutorial_dag to None, run_after=None
[2024-02-25T21:04:55.299+0000] {processor.py:183} INFO - Processing /home/airflow/.local/lib/python3.8/site-packages/airflow/example_dags/tutorial_dag.py took 0.071 seconds
