[2024-02-25T00:03:58.018+0000] {processor.py:161} INFO - Started process (PID=5889) to work on /home/airflow/.local/lib/python3.8/site-packages/airflow/example_dags/tutorial_taskflow_api.py
[2024-02-25T00:03:58.019+0000] {processor.py:830} INFO - Processing file /home/airflow/.local/lib/python3.8/site-packages/airflow/example_dags/tutorial_taskflow_api.py for tasks to queue
[2024-02-25T00:03:58.021+0000] {logging_mixin.py:188} INFO - [2024-02-25T00:03:58.020+0000] {dagbag.py:538} INFO - Filling up the DagBag from /home/airflow/.local/lib/python3.8/site-packages/airflow/example_dags/tutorial_taskflow_api.py
[2024-02-25T00:03:58.029+0000] {processor.py:840} INFO - DAG(s) 'tutorial_taskflow_api' retrieved from /home/airflow/.local/lib/python3.8/site-packages/airflow/example_dags/tutorial_taskflow_api.py
[2024-02-25T00:03:58.055+0000] {logging_mixin.py:188} INFO - [2024-02-25T00:03:58.055+0000] {dag.py:3036} INFO - Sync 1 DAGs
[2024-02-25T00:03:58.068+0000] {logging_mixin.py:188} INFO - [2024-02-25T00:03:58.068+0000] {dag.py:3823} INFO - Setting next_dagrun for tutorial_taskflow_api to None, run_after=None
[2024-02-25T00:03:58.100+0000] {processor.py:183} INFO - Processing /home/airflow/.local/lib/python3.8/site-packages/airflow/example_dags/tutorial_taskflow_api.py took 0.086 seconds
[2024-02-25T00:04:28.519+0000] {processor.py:161} INFO - Started process (PID=5956) to work on /home/airflow/.local/lib/python3.8/site-packages/airflow/example_dags/tutorial_taskflow_api.py
[2024-02-25T00:04:28.521+0000] {processor.py:830} INFO - Processing file /home/airflow/.local/lib/python3.8/site-packages/airflow/example_dags/tutorial_taskflow_api.py for tasks to queue
[2024-02-25T00:04:28.522+0000] {logging_mixin.py:188} INFO - [2024-02-25T00:04:28.522+0000] {dagbag.py:538} INFO - Filling up the DagBag from /home/airflow/.local/lib/python3.8/site-packages/airflow/example_dags/tutorial_taskflow_api.py
[2024-02-25T00:04:28.530+0000] {processor.py:840} INFO - DAG(s) 'tutorial_taskflow_api' retrieved from /home/airflow/.local/lib/python3.8/site-packages/airflow/example_dags/tutorial_taskflow_api.py
[2024-02-25T00:04:28.553+0000] {logging_mixin.py:188} INFO - [2024-02-25T00:04:28.553+0000] {dag.py:3036} INFO - Sync 1 DAGs
[2024-02-25T00:04:28.568+0000] {logging_mixin.py:188} INFO - [2024-02-25T00:04:28.568+0000] {dag.py:3823} INFO - Setting next_dagrun for tutorial_taskflow_api to None, run_after=None
[2024-02-25T00:04:28.592+0000] {processor.py:183} INFO - Processing /home/airflow/.local/lib/python3.8/site-packages/airflow/example_dags/tutorial_taskflow_api.py took 0.077 seconds
[2024-02-25T00:04:59.248+0000] {processor.py:161} INFO - Started process (PID=6019) to work on /home/airflow/.local/lib/python3.8/site-packages/airflow/example_dags/tutorial_taskflow_api.py
[2024-02-25T00:04:59.249+0000] {processor.py:830} INFO - Processing file /home/airflow/.local/lib/python3.8/site-packages/airflow/example_dags/tutorial_taskflow_api.py for tasks to queue
[2024-02-25T00:04:59.250+0000] {logging_mixin.py:188} INFO - [2024-02-25T00:04:59.250+0000] {dagbag.py:538} INFO - Filling up the DagBag from /home/airflow/.local/lib/python3.8/site-packages/airflow/example_dags/tutorial_taskflow_api.py
[2024-02-25T00:04:59.258+0000] {processor.py:840} INFO - DAG(s) 'tutorial_taskflow_api' retrieved from /home/airflow/.local/lib/python3.8/site-packages/airflow/example_dags/tutorial_taskflow_api.py
[2024-02-25T00:04:59.283+0000] {logging_mixin.py:188} INFO - [2024-02-25T00:04:59.283+0000] {dag.py:3036} INFO - Sync 1 DAGs
[2024-02-25T00:04:59.297+0000] {logging_mixin.py:188} INFO - [2024-02-25T00:04:59.296+0000] {dag.py:3823} INFO - Setting next_dagrun for tutorial_taskflow_api to None, run_after=None
[2024-02-25T00:04:59.325+0000] {processor.py:183} INFO - Processing /home/airflow/.local/lib/python3.8/site-packages/airflow/example_dags/tutorial_taskflow_api.py took 0.081 seconds
[2024-02-25T00:05:29.783+0000] {processor.py:161} INFO - Started process (PID=6083) to work on /home/airflow/.local/lib/python3.8/site-packages/airflow/example_dags/tutorial_taskflow_api.py
[2024-02-25T00:05:29.785+0000] {processor.py:830} INFO - Processing file /home/airflow/.local/lib/python3.8/site-packages/airflow/example_dags/tutorial_taskflow_api.py for tasks to queue
[2024-02-25T00:05:29.786+0000] {logging_mixin.py:188} INFO - [2024-02-25T00:05:29.785+0000] {dagbag.py:538} INFO - Filling up the DagBag from /home/airflow/.local/lib/python3.8/site-packages/airflow/example_dags/tutorial_taskflow_api.py
[2024-02-25T00:05:29.792+0000] {processor.py:840} INFO - DAG(s) 'tutorial_taskflow_api' retrieved from /home/airflow/.local/lib/python3.8/site-packages/airflow/example_dags/tutorial_taskflow_api.py
[2024-02-25T00:05:29.815+0000] {logging_mixin.py:188} INFO - [2024-02-25T00:05:29.815+0000] {dag.py:3036} INFO - Sync 1 DAGs
[2024-02-25T00:05:29.829+0000] {logging_mixin.py:188} INFO - [2024-02-25T00:05:29.828+0000] {dag.py:3823} INFO - Setting next_dagrun for tutorial_taskflow_api to None, run_after=None
[2024-02-25T00:05:29.851+0000] {processor.py:183} INFO - Processing /home/airflow/.local/lib/python3.8/site-packages/airflow/example_dags/tutorial_taskflow_api.py took 0.072 seconds
[2024-02-25T00:06:00.524+0000] {processor.py:161} INFO - Started process (PID=6146) to work on /home/airflow/.local/lib/python3.8/site-packages/airflow/example_dags/tutorial_taskflow_api.py
[2024-02-25T00:06:00.526+0000] {processor.py:830} INFO - Processing file /home/airflow/.local/lib/python3.8/site-packages/airflow/example_dags/tutorial_taskflow_api.py for tasks to queue
[2024-02-25T00:06:00.527+0000] {logging_mixin.py:188} INFO - [2024-02-25T00:06:00.526+0000] {dagbag.py:538} INFO - Filling up the DagBag from /home/airflow/.local/lib/python3.8/site-packages/airflow/example_dags/tutorial_taskflow_api.py
[2024-02-25T00:06:00.535+0000] {processor.py:840} INFO - DAG(s) 'tutorial_taskflow_api' retrieved from /home/airflow/.local/lib/python3.8/site-packages/airflow/example_dags/tutorial_taskflow_api.py
[2024-02-25T00:06:00.558+0000] {logging_mixin.py:188} INFO - [2024-02-25T00:06:00.557+0000] {dag.py:3036} INFO - Sync 1 DAGs
[2024-02-25T00:06:00.571+0000] {logging_mixin.py:188} INFO - [2024-02-25T00:06:00.571+0000] {dag.py:3823} INFO - Setting next_dagrun for tutorial_taskflow_api to None, run_after=None
[2024-02-25T00:06:00.594+0000] {processor.py:183} INFO - Processing /home/airflow/.local/lib/python3.8/site-packages/airflow/example_dags/tutorial_taskflow_api.py took 0.074 seconds
[2024-02-25T00:06:31.323+0000] {processor.py:161} INFO - Started process (PID=6210) to work on /home/airflow/.local/lib/python3.8/site-packages/airflow/example_dags/tutorial_taskflow_api.py
[2024-02-25T00:06:31.324+0000] {processor.py:830} INFO - Processing file /home/airflow/.local/lib/python3.8/site-packages/airflow/example_dags/tutorial_taskflow_api.py for tasks to queue
[2024-02-25T00:06:31.326+0000] {logging_mixin.py:188} INFO - [2024-02-25T00:06:31.325+0000] {dagbag.py:538} INFO - Filling up the DagBag from /home/airflow/.local/lib/python3.8/site-packages/airflow/example_dags/tutorial_taskflow_api.py
[2024-02-25T00:06:31.333+0000] {processor.py:840} INFO - DAG(s) 'tutorial_taskflow_api' retrieved from /home/airflow/.local/lib/python3.8/site-packages/airflow/example_dags/tutorial_taskflow_api.py
[2024-02-25T00:06:31.354+0000] {logging_mixin.py:188} INFO - [2024-02-25T00:06:31.354+0000] {dag.py:3036} INFO - Sync 1 DAGs
[2024-02-25T00:06:31.368+0000] {logging_mixin.py:188} INFO - [2024-02-25T00:06:31.368+0000] {dag.py:3823} INFO - Setting next_dagrun for tutorial_taskflow_api to None, run_after=None
[2024-02-25T00:06:31.391+0000] {processor.py:183} INFO - Processing /home/airflow/.local/lib/python3.8/site-packages/airflow/example_dags/tutorial_taskflow_api.py took 0.072 seconds
[2024-02-25T00:07:02.199+0000] {processor.py:161} INFO - Started process (PID=6273) to work on /home/airflow/.local/lib/python3.8/site-packages/airflow/example_dags/tutorial_taskflow_api.py
[2024-02-25T00:07:02.200+0000] {processor.py:830} INFO - Processing file /home/airflow/.local/lib/python3.8/site-packages/airflow/example_dags/tutorial_taskflow_api.py for tasks to queue
[2024-02-25T00:07:02.202+0000] {logging_mixin.py:188} INFO - [2024-02-25T00:07:02.201+0000] {dagbag.py:538} INFO - Filling up the DagBag from /home/airflow/.local/lib/python3.8/site-packages/airflow/example_dags/tutorial_taskflow_api.py
[2024-02-25T00:07:02.211+0000] {processor.py:840} INFO - DAG(s) 'tutorial_taskflow_api' retrieved from /home/airflow/.local/lib/python3.8/site-packages/airflow/example_dags/tutorial_taskflow_api.py
[2024-02-25T00:07:02.239+0000] {logging_mixin.py:188} INFO - [2024-02-25T00:07:02.238+0000] {dag.py:3036} INFO - Sync 1 DAGs
[2024-02-25T00:07:02.252+0000] {logging_mixin.py:188} INFO - [2024-02-25T00:07:02.252+0000] {dag.py:3823} INFO - Setting next_dagrun for tutorial_taskflow_api to None, run_after=None
[2024-02-25T00:07:02.277+0000] {processor.py:183} INFO - Processing /home/airflow/.local/lib/python3.8/site-packages/airflow/example_dags/tutorial_taskflow_api.py took 0.082 seconds
[2024-02-25T00:07:33.048+0000] {processor.py:161} INFO - Started process (PID=6336) to work on /home/airflow/.local/lib/python3.8/site-packages/airflow/example_dags/tutorial_taskflow_api.py
[2024-02-25T00:07:33.049+0000] {processor.py:830} INFO - Processing file /home/airflow/.local/lib/python3.8/site-packages/airflow/example_dags/tutorial_taskflow_api.py for tasks to queue
[2024-02-25T00:07:33.051+0000] {logging_mixin.py:188} INFO - [2024-02-25T00:07:33.050+0000] {dagbag.py:538} INFO - Filling up the DagBag from /home/airflow/.local/lib/python3.8/site-packages/airflow/example_dags/tutorial_taskflow_api.py
[2024-02-25T00:07:33.058+0000] {processor.py:840} INFO - DAG(s) 'tutorial_taskflow_api' retrieved from /home/airflow/.local/lib/python3.8/site-packages/airflow/example_dags/tutorial_taskflow_api.py
[2024-02-25T00:07:33.116+0000] {logging_mixin.py:188} INFO - [2024-02-25T00:07:33.116+0000] {dag.py:3036} INFO - Sync 1 DAGs
[2024-02-25T00:07:33.135+0000] {logging_mixin.py:188} INFO - [2024-02-25T00:07:33.134+0000] {dag.py:3823} INFO - Setting next_dagrun for tutorial_taskflow_api to None, run_after=None
[2024-02-25T00:07:33.166+0000] {processor.py:183} INFO - Processing /home/airflow/.local/lib/python3.8/site-packages/airflow/example_dags/tutorial_taskflow_api.py took 0.122 seconds
[2024-02-25T00:08:04.200+0000] {processor.py:161} INFO - Started process (PID=6399) to work on /home/airflow/.local/lib/python3.8/site-packages/airflow/example_dags/tutorial_taskflow_api.py
[2024-02-25T00:08:04.201+0000] {processor.py:830} INFO - Processing file /home/airflow/.local/lib/python3.8/site-packages/airflow/example_dags/tutorial_taskflow_api.py for tasks to queue
[2024-02-25T00:08:04.202+0000] {logging_mixin.py:188} INFO - [2024-02-25T00:08:04.202+0000] {dagbag.py:538} INFO - Filling up the DagBag from /home/airflow/.local/lib/python3.8/site-packages/airflow/example_dags/tutorial_taskflow_api.py
[2024-02-25T00:08:04.209+0000] {processor.py:840} INFO - DAG(s) 'tutorial_taskflow_api' retrieved from /home/airflow/.local/lib/python3.8/site-packages/airflow/example_dags/tutorial_taskflow_api.py
[2024-02-25T00:08:04.231+0000] {logging_mixin.py:188} INFO - [2024-02-25T00:08:04.231+0000] {dag.py:3036} INFO - Sync 1 DAGs
[2024-02-25T00:08:04.245+0000] {logging_mixin.py:188} INFO - [2024-02-25T00:08:04.245+0000] {dag.py:3823} INFO - Setting next_dagrun for tutorial_taskflow_api to None, run_after=None
[2024-02-25T00:08:04.267+0000] {processor.py:183} INFO - Processing /home/airflow/.local/lib/python3.8/site-packages/airflow/example_dags/tutorial_taskflow_api.py took 0.071 seconds
[2024-02-25T00:08:34.759+0000] {processor.py:161} INFO - Started process (PID=6462) to work on /home/airflow/.local/lib/python3.8/site-packages/airflow/example_dags/tutorial_taskflow_api.py
[2024-02-25T00:08:34.761+0000] {processor.py:830} INFO - Processing file /home/airflow/.local/lib/python3.8/site-packages/airflow/example_dags/tutorial_taskflow_api.py for tasks to queue
[2024-02-25T00:08:34.762+0000] {logging_mixin.py:188} INFO - [2024-02-25T00:08:34.762+0000] {dagbag.py:538} INFO - Filling up the DagBag from /home/airflow/.local/lib/python3.8/site-packages/airflow/example_dags/tutorial_taskflow_api.py
[2024-02-25T00:08:34.770+0000] {processor.py:840} INFO - DAG(s) 'tutorial_taskflow_api' retrieved from /home/airflow/.local/lib/python3.8/site-packages/airflow/example_dags/tutorial_taskflow_api.py
[2024-02-25T00:08:34.798+0000] {logging_mixin.py:188} INFO - [2024-02-25T00:08:34.797+0000] {dag.py:3036} INFO - Sync 1 DAGs
[2024-02-25T00:08:34.823+0000] {logging_mixin.py:188} INFO - [2024-02-25T00:08:34.823+0000] {dag.py:3823} INFO - Setting next_dagrun for tutorial_taskflow_api to None, run_after=None
[2024-02-25T00:08:34.849+0000] {processor.py:183} INFO - Processing /home/airflow/.local/lib/python3.8/site-packages/airflow/example_dags/tutorial_taskflow_api.py took 0.093 seconds
[2024-02-25T00:09:05.519+0000] {processor.py:161} INFO - Started process (PID=6525) to work on /home/airflow/.local/lib/python3.8/site-packages/airflow/example_dags/tutorial_taskflow_api.py
[2024-02-25T00:09:05.521+0000] {processor.py:830} INFO - Processing file /home/airflow/.local/lib/python3.8/site-packages/airflow/example_dags/tutorial_taskflow_api.py for tasks to queue
[2024-02-25T00:09:05.522+0000] {logging_mixin.py:188} INFO - [2024-02-25T00:09:05.521+0000] {dagbag.py:538} INFO - Filling up the DagBag from /home/airflow/.local/lib/python3.8/site-packages/airflow/example_dags/tutorial_taskflow_api.py
[2024-02-25T00:09:05.529+0000] {processor.py:840} INFO - DAG(s) 'tutorial_taskflow_api' retrieved from /home/airflow/.local/lib/python3.8/site-packages/airflow/example_dags/tutorial_taskflow_api.py
[2024-02-25T00:09:05.553+0000] {logging_mixin.py:188} INFO - [2024-02-25T00:09:05.552+0000] {dag.py:3036} INFO - Sync 1 DAGs
[2024-02-25T00:09:05.566+0000] {logging_mixin.py:188} INFO - [2024-02-25T00:09:05.565+0000] {dag.py:3823} INFO - Setting next_dagrun for tutorial_taskflow_api to None, run_after=None
[2024-02-25T00:09:05.588+0000] {processor.py:183} INFO - Processing /home/airflow/.local/lib/python3.8/site-packages/airflow/example_dags/tutorial_taskflow_api.py took 0.073 seconds
[2024-02-25T18:16:22.626+0000] {processor.py:161} INFO - Started process (PID=6588) to work on /home/airflow/.local/lib/python3.8/site-packages/airflow/example_dags/tutorial_taskflow_api.py
[2024-02-25T18:16:22.627+0000] {processor.py:830} INFO - Processing file /home/airflow/.local/lib/python3.8/site-packages/airflow/example_dags/tutorial_taskflow_api.py for tasks to queue
[2024-02-25T18:16:22.628+0000] {logging_mixin.py:188} INFO - [2024-02-25T18:16:22.628+0000] {dagbag.py:538} INFO - Filling up the DagBag from /home/airflow/.local/lib/python3.8/site-packages/airflow/example_dags/tutorial_taskflow_api.py
[2024-02-25T18:16:22.636+0000] {processor.py:840} INFO - DAG(s) 'tutorial_taskflow_api' retrieved from /home/airflow/.local/lib/python3.8/site-packages/airflow/example_dags/tutorial_taskflow_api.py
[2024-02-25T18:16:22.660+0000] {logging_mixin.py:188} INFO - [2024-02-25T18:16:22.660+0000] {dag.py:3036} INFO - Sync 1 DAGs
[2024-02-25T18:16:22.674+0000] {logging_mixin.py:188} INFO - [2024-02-25T18:16:22.674+0000] {dag.py:3823} INFO - Setting next_dagrun for tutorial_taskflow_api to None, run_after=None
[2024-02-25T18:16:22.702+0000] {processor.py:183} INFO - Processing /home/airflow/.local/lib/python3.8/site-packages/airflow/example_dags/tutorial_taskflow_api.py took 0.080 seconds
[2024-02-25T18:16:53.025+0000] {processor.py:161} INFO - Started process (PID=6651) to work on /home/airflow/.local/lib/python3.8/site-packages/airflow/example_dags/tutorial_taskflow_api.py
[2024-02-25T18:16:53.026+0000] {processor.py:830} INFO - Processing file /home/airflow/.local/lib/python3.8/site-packages/airflow/example_dags/tutorial_taskflow_api.py for tasks to queue
[2024-02-25T18:16:53.028+0000] {logging_mixin.py:188} INFO - [2024-02-25T18:16:53.027+0000] {dagbag.py:538} INFO - Filling up the DagBag from /home/airflow/.local/lib/python3.8/site-packages/airflow/example_dags/tutorial_taskflow_api.py
[2024-02-25T18:16:53.035+0000] {processor.py:840} INFO - DAG(s) 'tutorial_taskflow_api' retrieved from /home/airflow/.local/lib/python3.8/site-packages/airflow/example_dags/tutorial_taskflow_api.py
[2024-02-25T18:16:53.065+0000] {logging_mixin.py:188} INFO - [2024-02-25T18:16:53.065+0000] {dag.py:3036} INFO - Sync 1 DAGs
[2024-02-25T18:16:53.080+0000] {logging_mixin.py:188} INFO - [2024-02-25T18:16:53.080+0000] {dag.py:3823} INFO - Setting next_dagrun for tutorial_taskflow_api to None, run_after=None
[2024-02-25T18:16:53.106+0000] {processor.py:183} INFO - Processing /home/airflow/.local/lib/python3.8/site-packages/airflow/example_dags/tutorial_taskflow_api.py took 0.085 seconds
[2024-02-25T18:17:24.139+0000] {processor.py:161} INFO - Started process (PID=6714) to work on /home/airflow/.local/lib/python3.8/site-packages/airflow/example_dags/tutorial_taskflow_api.py
[2024-02-25T18:17:24.141+0000] {processor.py:830} INFO - Processing file /home/airflow/.local/lib/python3.8/site-packages/airflow/example_dags/tutorial_taskflow_api.py for tasks to queue
[2024-02-25T18:17:24.142+0000] {logging_mixin.py:188} INFO - [2024-02-25T18:17:24.142+0000] {dagbag.py:538} INFO - Filling up the DagBag from /home/airflow/.local/lib/python3.8/site-packages/airflow/example_dags/tutorial_taskflow_api.py
[2024-02-25T18:17:24.149+0000] {processor.py:840} INFO - DAG(s) 'tutorial_taskflow_api' retrieved from /home/airflow/.local/lib/python3.8/site-packages/airflow/example_dags/tutorial_taskflow_api.py
[2024-02-25T18:17:24.172+0000] {logging_mixin.py:188} INFO - [2024-02-25T18:17:24.172+0000] {dag.py:3036} INFO - Sync 1 DAGs
[2024-02-25T18:17:24.188+0000] {logging_mixin.py:188} INFO - [2024-02-25T18:17:24.187+0000] {dag.py:3823} INFO - Setting next_dagrun for tutorial_taskflow_api to None, run_after=None
[2024-02-25T18:17:24.239+0000] {processor.py:183} INFO - Processing /home/airflow/.local/lib/python3.8/site-packages/airflow/example_dags/tutorial_taskflow_api.py took 0.104 seconds
[2024-02-25T18:17:54.353+0000] {processor.py:161} INFO - Started process (PID=6777) to work on /home/airflow/.local/lib/python3.8/site-packages/airflow/example_dags/tutorial_taskflow_api.py
[2024-02-25T18:17:54.355+0000] {processor.py:830} INFO - Processing file /home/airflow/.local/lib/python3.8/site-packages/airflow/example_dags/tutorial_taskflow_api.py for tasks to queue
[2024-02-25T18:17:54.356+0000] {logging_mixin.py:188} INFO - [2024-02-25T18:17:54.355+0000] {dagbag.py:538} INFO - Filling up the DagBag from /home/airflow/.local/lib/python3.8/site-packages/airflow/example_dags/tutorial_taskflow_api.py
[2024-02-25T18:17:54.363+0000] {processor.py:840} INFO - DAG(s) 'tutorial_taskflow_api' retrieved from /home/airflow/.local/lib/python3.8/site-packages/airflow/example_dags/tutorial_taskflow_api.py
[2024-02-25T18:17:54.386+0000] {logging_mixin.py:188} INFO - [2024-02-25T18:17:54.386+0000] {dag.py:3036} INFO - Sync 1 DAGs
[2024-02-25T18:17:54.399+0000] {logging_mixin.py:188} INFO - [2024-02-25T18:17:54.398+0000] {dag.py:3823} INFO - Setting next_dagrun for tutorial_taskflow_api to None, run_after=None
[2024-02-25T18:17:54.420+0000] {processor.py:183} INFO - Processing /home/airflow/.local/lib/python3.8/site-packages/airflow/example_dags/tutorial_taskflow_api.py took 0.070 seconds
[2024-02-25T18:18:25.273+0000] {processor.py:161} INFO - Started process (PID=6840) to work on /home/airflow/.local/lib/python3.8/site-packages/airflow/example_dags/tutorial_taskflow_api.py
[2024-02-25T18:18:25.274+0000] {processor.py:830} INFO - Processing file /home/airflow/.local/lib/python3.8/site-packages/airflow/example_dags/tutorial_taskflow_api.py for tasks to queue
[2024-02-25T18:18:25.275+0000] {logging_mixin.py:188} INFO - [2024-02-25T18:18:25.275+0000] {dagbag.py:538} INFO - Filling up the DagBag from /home/airflow/.local/lib/python3.8/site-packages/airflow/example_dags/tutorial_taskflow_api.py
[2024-02-25T18:18:25.282+0000] {processor.py:840} INFO - DAG(s) 'tutorial_taskflow_api' retrieved from /home/airflow/.local/lib/python3.8/site-packages/airflow/example_dags/tutorial_taskflow_api.py
[2024-02-25T18:18:25.307+0000] {logging_mixin.py:188} INFO - [2024-02-25T18:18:25.307+0000] {dag.py:3036} INFO - Sync 1 DAGs
[2024-02-25T18:18:25.323+0000] {logging_mixin.py:188} INFO - [2024-02-25T18:18:25.322+0000] {dag.py:3823} INFO - Setting next_dagrun for tutorial_taskflow_api to None, run_after=None
[2024-02-25T18:18:25.348+0000] {processor.py:183} INFO - Processing /home/airflow/.local/lib/python3.8/site-packages/airflow/example_dags/tutorial_taskflow_api.py took 0.080 seconds
[2024-02-25T18:18:55.945+0000] {processor.py:161} INFO - Started process (PID=6904) to work on /home/airflow/.local/lib/python3.8/site-packages/airflow/example_dags/tutorial_taskflow_api.py
[2024-02-25T18:18:55.946+0000] {processor.py:830} INFO - Processing file /home/airflow/.local/lib/python3.8/site-packages/airflow/example_dags/tutorial_taskflow_api.py for tasks to queue
[2024-02-25T18:18:55.947+0000] {logging_mixin.py:188} INFO - [2024-02-25T18:18:55.947+0000] {dagbag.py:538} INFO - Filling up the DagBag from /home/airflow/.local/lib/python3.8/site-packages/airflow/example_dags/tutorial_taskflow_api.py
[2024-02-25T18:18:55.954+0000] {processor.py:840} INFO - DAG(s) 'tutorial_taskflow_api' retrieved from /home/airflow/.local/lib/python3.8/site-packages/airflow/example_dags/tutorial_taskflow_api.py
[2024-02-25T18:18:55.976+0000] {logging_mixin.py:188} INFO - [2024-02-25T18:18:55.976+0000] {dag.py:3036} INFO - Sync 1 DAGs
[2024-02-25T18:18:55.991+0000] {logging_mixin.py:188} INFO - [2024-02-25T18:18:55.991+0000] {dag.py:3823} INFO - Setting next_dagrun for tutorial_taskflow_api to None, run_after=None
[2024-02-25T18:18:56.014+0000] {processor.py:183} INFO - Processing /home/airflow/.local/lib/python3.8/site-packages/airflow/example_dags/tutorial_taskflow_api.py took 0.073 seconds
[2024-02-25T18:19:27.062+0000] {processor.py:161} INFO - Started process (PID=6967) to work on /home/airflow/.local/lib/python3.8/site-packages/airflow/example_dags/tutorial_taskflow_api.py
[2024-02-25T18:19:27.064+0000] {processor.py:830} INFO - Processing file /home/airflow/.local/lib/python3.8/site-packages/airflow/example_dags/tutorial_taskflow_api.py for tasks to queue
[2024-02-25T18:19:27.065+0000] {logging_mixin.py:188} INFO - [2024-02-25T18:19:27.065+0000] {dagbag.py:538} INFO - Filling up the DagBag from /home/airflow/.local/lib/python3.8/site-packages/airflow/example_dags/tutorial_taskflow_api.py
[2024-02-25T18:19:27.073+0000] {processor.py:840} INFO - DAG(s) 'tutorial_taskflow_api' retrieved from /home/airflow/.local/lib/python3.8/site-packages/airflow/example_dags/tutorial_taskflow_api.py
[2024-02-25T18:19:27.117+0000] {logging_mixin.py:188} INFO - [2024-02-25T18:19:27.117+0000] {dag.py:3036} INFO - Sync 1 DAGs
[2024-02-25T18:19:27.135+0000] {logging_mixin.py:188} INFO - [2024-02-25T18:19:27.134+0000] {dag.py:3823} INFO - Setting next_dagrun for tutorial_taskflow_api to None, run_after=None
[2024-02-25T18:19:27.164+0000] {processor.py:183} INFO - Processing /home/airflow/.local/lib/python3.8/site-packages/airflow/example_dags/tutorial_taskflow_api.py took 0.107 seconds
[2024-02-25T18:19:57.923+0000] {processor.py:161} INFO - Started process (PID=7035) to work on /home/airflow/.local/lib/python3.8/site-packages/airflow/example_dags/tutorial_taskflow_api.py
[2024-02-25T18:19:57.926+0000] {processor.py:830} INFO - Processing file /home/airflow/.local/lib/python3.8/site-packages/airflow/example_dags/tutorial_taskflow_api.py for tasks to queue
[2024-02-25T18:19:57.930+0000] {logging_mixin.py:188} INFO - [2024-02-25T18:19:57.930+0000] {dagbag.py:538} INFO - Filling up the DagBag from /home/airflow/.local/lib/python3.8/site-packages/airflow/example_dags/tutorial_taskflow_api.py
[2024-02-25T18:19:57.954+0000] {processor.py:840} INFO - DAG(s) 'tutorial_taskflow_api' retrieved from /home/airflow/.local/lib/python3.8/site-packages/airflow/example_dags/tutorial_taskflow_api.py
[2024-02-25T18:19:58.014+0000] {logging_mixin.py:188} INFO - [2024-02-25T18:19:58.014+0000] {dag.py:3036} INFO - Sync 1 DAGs
[2024-02-25T18:19:58.040+0000] {logging_mixin.py:188} INFO - [2024-02-25T18:19:58.040+0000] {dag.py:3823} INFO - Setting next_dagrun for tutorial_taskflow_api to None, run_after=None
[2024-02-25T18:19:58.075+0000] {processor.py:183} INFO - Processing /home/airflow/.local/lib/python3.8/site-packages/airflow/example_dags/tutorial_taskflow_api.py took 0.161 seconds
[2024-02-25T18:20:28.613+0000] {processor.py:161} INFO - Started process (PID=7098) to work on /home/airflow/.local/lib/python3.8/site-packages/airflow/example_dags/tutorial_taskflow_api.py
[2024-02-25T18:20:28.614+0000] {processor.py:830} INFO - Processing file /home/airflow/.local/lib/python3.8/site-packages/airflow/example_dags/tutorial_taskflow_api.py for tasks to queue
[2024-02-25T18:20:28.615+0000] {logging_mixin.py:188} INFO - [2024-02-25T18:20:28.615+0000] {dagbag.py:538} INFO - Filling up the DagBag from /home/airflow/.local/lib/python3.8/site-packages/airflow/example_dags/tutorial_taskflow_api.py
[2024-02-25T18:20:28.622+0000] {processor.py:840} INFO - DAG(s) 'tutorial_taskflow_api' retrieved from /home/airflow/.local/lib/python3.8/site-packages/airflow/example_dags/tutorial_taskflow_api.py
[2024-02-25T18:20:28.646+0000] {logging_mixin.py:188} INFO - [2024-02-25T18:20:28.646+0000] {dag.py:3036} INFO - Sync 1 DAGs
[2024-02-25T18:20:28.666+0000] {logging_mixin.py:188} INFO - [2024-02-25T18:20:28.665+0000] {dag.py:3823} INFO - Setting next_dagrun for tutorial_taskflow_api to None, run_after=None
[2024-02-25T18:20:28.693+0000] {processor.py:183} INFO - Processing /home/airflow/.local/lib/python3.8/site-packages/airflow/example_dags/tutorial_taskflow_api.py took 0.084 seconds
[2024-02-25T18:20:58.782+0000] {processor.py:161} INFO - Started process (PID=7160) to work on /home/airflow/.local/lib/python3.8/site-packages/airflow/example_dags/tutorial_taskflow_api.py
[2024-02-25T18:20:58.784+0000] {processor.py:830} INFO - Processing file /home/airflow/.local/lib/python3.8/site-packages/airflow/example_dags/tutorial_taskflow_api.py for tasks to queue
[2024-02-25T18:20:58.785+0000] {logging_mixin.py:188} INFO - [2024-02-25T18:20:58.785+0000] {dagbag.py:538} INFO - Filling up the DagBag from /home/airflow/.local/lib/python3.8/site-packages/airflow/example_dags/tutorial_taskflow_api.py
[2024-02-25T18:20:58.792+0000] {processor.py:840} INFO - DAG(s) 'tutorial_taskflow_api' retrieved from /home/airflow/.local/lib/python3.8/site-packages/airflow/example_dags/tutorial_taskflow_api.py
[2024-02-25T18:20:58.815+0000] {logging_mixin.py:188} INFO - [2024-02-25T18:20:58.815+0000] {dag.py:3036} INFO - Sync 1 DAGs
[2024-02-25T18:20:58.829+0000] {logging_mixin.py:188} INFO - [2024-02-25T18:20:58.829+0000] {dag.py:3823} INFO - Setting next_dagrun for tutorial_taskflow_api to None, run_after=None
[2024-02-25T18:20:58.852+0000] {processor.py:183} INFO - Processing /home/airflow/.local/lib/python3.8/site-packages/airflow/example_dags/tutorial_taskflow_api.py took 0.074 seconds
[2024-02-25T18:21:29.352+0000] {processor.py:161} INFO - Started process (PID=7223) to work on /home/airflow/.local/lib/python3.8/site-packages/airflow/example_dags/tutorial_taskflow_api.py
[2024-02-25T18:21:29.353+0000] {processor.py:830} INFO - Processing file /home/airflow/.local/lib/python3.8/site-packages/airflow/example_dags/tutorial_taskflow_api.py for tasks to queue
[2024-02-25T18:21:29.355+0000] {logging_mixin.py:188} INFO - [2024-02-25T18:21:29.354+0000] {dagbag.py:538} INFO - Filling up the DagBag from /home/airflow/.local/lib/python3.8/site-packages/airflow/example_dags/tutorial_taskflow_api.py
[2024-02-25T18:21:29.362+0000] {processor.py:840} INFO - DAG(s) 'tutorial_taskflow_api' retrieved from /home/airflow/.local/lib/python3.8/site-packages/airflow/example_dags/tutorial_taskflow_api.py
[2024-02-25T18:21:29.389+0000] {logging_mixin.py:188} INFO - [2024-02-25T18:21:29.388+0000] {dag.py:3036} INFO - Sync 1 DAGs
[2024-02-25T18:21:29.403+0000] {logging_mixin.py:188} INFO - [2024-02-25T18:21:29.402+0000] {dag.py:3823} INFO - Setting next_dagrun for tutorial_taskflow_api to None, run_after=None
[2024-02-25T18:21:29.433+0000] {processor.py:183} INFO - Processing /home/airflow/.local/lib/python3.8/site-packages/airflow/example_dags/tutorial_taskflow_api.py took 0.086 seconds
[2024-02-25T18:21:59.973+0000] {processor.py:161} INFO - Started process (PID=7286) to work on /home/airflow/.local/lib/python3.8/site-packages/airflow/example_dags/tutorial_taskflow_api.py
[2024-02-25T18:21:59.974+0000] {processor.py:830} INFO - Processing file /home/airflow/.local/lib/python3.8/site-packages/airflow/example_dags/tutorial_taskflow_api.py for tasks to queue
[2024-02-25T18:21:59.976+0000] {logging_mixin.py:188} INFO - [2024-02-25T18:21:59.975+0000] {dagbag.py:538} INFO - Filling up the DagBag from /home/airflow/.local/lib/python3.8/site-packages/airflow/example_dags/tutorial_taskflow_api.py
[2024-02-25T18:21:59.982+0000] {processor.py:840} INFO - DAG(s) 'tutorial_taskflow_api' retrieved from /home/airflow/.local/lib/python3.8/site-packages/airflow/example_dags/tutorial_taskflow_api.py
[2024-02-25T18:22:00.014+0000] {logging_mixin.py:188} INFO - [2024-02-25T18:22:00.014+0000] {dag.py:3036} INFO - Sync 1 DAGs
[2024-02-25T18:22:00.029+0000] {logging_mixin.py:188} INFO - [2024-02-25T18:22:00.029+0000] {dag.py:3823} INFO - Setting next_dagrun for tutorial_taskflow_api to None, run_after=None
[2024-02-25T18:22:00.051+0000] {processor.py:183} INFO - Processing /home/airflow/.local/lib/python3.8/site-packages/airflow/example_dags/tutorial_taskflow_api.py took 0.081 seconds
[2024-02-25T18:22:31.263+0000] {processor.py:161} INFO - Started process (PID=7349) to work on /home/airflow/.local/lib/python3.8/site-packages/airflow/example_dags/tutorial_taskflow_api.py
[2024-02-25T18:22:31.264+0000] {processor.py:830} INFO - Processing file /home/airflow/.local/lib/python3.8/site-packages/airflow/example_dags/tutorial_taskflow_api.py for tasks to queue
[2024-02-25T18:22:31.266+0000] {logging_mixin.py:188} INFO - [2024-02-25T18:22:31.265+0000] {dagbag.py:538} INFO - Filling up the DagBag from /home/airflow/.local/lib/python3.8/site-packages/airflow/example_dags/tutorial_taskflow_api.py
[2024-02-25T18:22:31.273+0000] {processor.py:840} INFO - DAG(s) 'tutorial_taskflow_api' retrieved from /home/airflow/.local/lib/python3.8/site-packages/airflow/example_dags/tutorial_taskflow_api.py
[2024-02-25T18:22:31.298+0000] {logging_mixin.py:188} INFO - [2024-02-25T18:22:31.298+0000] {dag.py:3036} INFO - Sync 1 DAGs
[2024-02-25T18:22:31.312+0000] {logging_mixin.py:188} INFO - [2024-02-25T18:22:31.312+0000] {dag.py:3823} INFO - Setting next_dagrun for tutorial_taskflow_api to None, run_after=None
[2024-02-25T18:22:31.335+0000] {processor.py:183} INFO - Processing /home/airflow/.local/lib/python3.8/site-packages/airflow/example_dags/tutorial_taskflow_api.py took 0.075 seconds
[2024-02-25T18:23:01.983+0000] {processor.py:161} INFO - Started process (PID=7412) to work on /home/airflow/.local/lib/python3.8/site-packages/airflow/example_dags/tutorial_taskflow_api.py
[2024-02-25T18:23:01.984+0000] {processor.py:830} INFO - Processing file /home/airflow/.local/lib/python3.8/site-packages/airflow/example_dags/tutorial_taskflow_api.py for tasks to queue
[2024-02-25T18:23:01.986+0000] {logging_mixin.py:188} INFO - [2024-02-25T18:23:01.985+0000] {dagbag.py:538} INFO - Filling up the DagBag from /home/airflow/.local/lib/python3.8/site-packages/airflow/example_dags/tutorial_taskflow_api.py
[2024-02-25T18:23:01.992+0000] {processor.py:840} INFO - DAG(s) 'tutorial_taskflow_api' retrieved from /home/airflow/.local/lib/python3.8/site-packages/airflow/example_dags/tutorial_taskflow_api.py
[2024-02-25T18:23:02.014+0000] {logging_mixin.py:188} INFO - [2024-02-25T18:23:02.014+0000] {dag.py:3036} INFO - Sync 1 DAGs
[2024-02-25T18:23:02.027+0000] {logging_mixin.py:188} INFO - [2024-02-25T18:23:02.027+0000] {dag.py:3823} INFO - Setting next_dagrun for tutorial_taskflow_api to None, run_after=None
[2024-02-25T18:23:02.051+0000] {processor.py:183} INFO - Processing /home/airflow/.local/lib/python3.8/site-packages/airflow/example_dags/tutorial_taskflow_api.py took 0.072 seconds
[2024-02-25T18:23:53.315+0000] {processor.py:161} INFO - Started process (PID=7475) to work on /home/airflow/.local/lib/python3.8/site-packages/airflow/example_dags/tutorial_taskflow_api.py
[2024-02-25T18:23:53.317+0000] {processor.py:830} INFO - Processing file /home/airflow/.local/lib/python3.8/site-packages/airflow/example_dags/tutorial_taskflow_api.py for tasks to queue
[2024-02-25T18:23:53.319+0000] {logging_mixin.py:188} INFO - [2024-02-25T18:23:53.318+0000] {dagbag.py:538} INFO - Filling up the DagBag from /home/airflow/.local/lib/python3.8/site-packages/airflow/example_dags/tutorial_taskflow_api.py
[2024-02-25T18:23:53.326+0000] {processor.py:840} INFO - DAG(s) 'tutorial_taskflow_api' retrieved from /home/airflow/.local/lib/python3.8/site-packages/airflow/example_dags/tutorial_taskflow_api.py
[2024-02-25T18:23:53.353+0000] {logging_mixin.py:188} INFO - [2024-02-25T18:23:53.353+0000] {dag.py:3036} INFO - Sync 1 DAGs
[2024-02-25T18:23:53.367+0000] {logging_mixin.py:188} INFO - [2024-02-25T18:23:53.367+0000] {dag.py:3823} INFO - Setting next_dagrun for tutorial_taskflow_api to None, run_after=None
[2024-02-25T18:23:53.392+0000] {processor.py:183} INFO - Processing /home/airflow/.local/lib/python3.8/site-packages/airflow/example_dags/tutorial_taskflow_api.py took 0.082 seconds
[2024-02-25T18:24:24.099+0000] {processor.py:161} INFO - Started process (PID=7538) to work on /home/airflow/.local/lib/python3.8/site-packages/airflow/example_dags/tutorial_taskflow_api.py
[2024-02-25T18:24:24.100+0000] {processor.py:830} INFO - Processing file /home/airflow/.local/lib/python3.8/site-packages/airflow/example_dags/tutorial_taskflow_api.py for tasks to queue
[2024-02-25T18:24:24.101+0000] {logging_mixin.py:188} INFO - [2024-02-25T18:24:24.101+0000] {dagbag.py:538} INFO - Filling up the DagBag from /home/airflow/.local/lib/python3.8/site-packages/airflow/example_dags/tutorial_taskflow_api.py
[2024-02-25T18:24:24.109+0000] {processor.py:840} INFO - DAG(s) 'tutorial_taskflow_api' retrieved from /home/airflow/.local/lib/python3.8/site-packages/airflow/example_dags/tutorial_taskflow_api.py
[2024-02-25T18:24:24.132+0000] {logging_mixin.py:188} INFO - [2024-02-25T18:24:24.132+0000] {dag.py:3036} INFO - Sync 1 DAGs
[2024-02-25T18:24:24.145+0000] {logging_mixin.py:188} INFO - [2024-02-25T18:24:24.145+0000] {dag.py:3823} INFO - Setting next_dagrun for tutorial_taskflow_api to None, run_after=None
[2024-02-25T18:24:24.165+0000] {processor.py:183} INFO - Processing /home/airflow/.local/lib/python3.8/site-packages/airflow/example_dags/tutorial_taskflow_api.py took 0.070 seconds
[2024-02-25T18:24:55.278+0000] {processor.py:161} INFO - Started process (PID=7601) to work on /home/airflow/.local/lib/python3.8/site-packages/airflow/example_dags/tutorial_taskflow_api.py
[2024-02-25T18:24:55.280+0000] {processor.py:830} INFO - Processing file /home/airflow/.local/lib/python3.8/site-packages/airflow/example_dags/tutorial_taskflow_api.py for tasks to queue
[2024-02-25T18:24:55.281+0000] {logging_mixin.py:188} INFO - [2024-02-25T18:24:55.281+0000] {dagbag.py:538} INFO - Filling up the DagBag from /home/airflow/.local/lib/python3.8/site-packages/airflow/example_dags/tutorial_taskflow_api.py
[2024-02-25T18:24:55.290+0000] {processor.py:840} INFO - DAG(s) 'tutorial_taskflow_api' retrieved from /home/airflow/.local/lib/python3.8/site-packages/airflow/example_dags/tutorial_taskflow_api.py
[2024-02-25T18:24:55.316+0000] {logging_mixin.py:188} INFO - [2024-02-25T18:24:55.316+0000] {dag.py:3036} INFO - Sync 1 DAGs
[2024-02-25T18:24:55.335+0000] {logging_mixin.py:188} INFO - [2024-02-25T18:24:55.335+0000] {dag.py:3823} INFO - Setting next_dagrun for tutorial_taskflow_api to None, run_after=None
[2024-02-25T18:24:55.363+0000] {processor.py:183} INFO - Processing /home/airflow/.local/lib/python3.8/site-packages/airflow/example_dags/tutorial_taskflow_api.py took 0.089 seconds
[2024-02-25T18:25:26.263+0000] {processor.py:161} INFO - Started process (PID=7664) to work on /home/airflow/.local/lib/python3.8/site-packages/airflow/example_dags/tutorial_taskflow_api.py
[2024-02-25T18:25:26.264+0000] {processor.py:830} INFO - Processing file /home/airflow/.local/lib/python3.8/site-packages/airflow/example_dags/tutorial_taskflow_api.py for tasks to queue
[2024-02-25T18:25:26.265+0000] {logging_mixin.py:188} INFO - [2024-02-25T18:25:26.265+0000] {dagbag.py:538} INFO - Filling up the DagBag from /home/airflow/.local/lib/python3.8/site-packages/airflow/example_dags/tutorial_taskflow_api.py
[2024-02-25T18:25:26.272+0000] {processor.py:840} INFO - DAG(s) 'tutorial_taskflow_api' retrieved from /home/airflow/.local/lib/python3.8/site-packages/airflow/example_dags/tutorial_taskflow_api.py
[2024-02-25T18:25:26.296+0000] {logging_mixin.py:188} INFO - [2024-02-25T18:25:26.295+0000] {dag.py:3036} INFO - Sync 1 DAGs
[2024-02-25T18:25:26.309+0000] {logging_mixin.py:188} INFO - [2024-02-25T18:25:26.309+0000] {dag.py:3823} INFO - Setting next_dagrun for tutorial_taskflow_api to None, run_after=None
[2024-02-25T18:25:26.331+0000] {processor.py:183} INFO - Processing /home/airflow/.local/lib/python3.8/site-packages/airflow/example_dags/tutorial_taskflow_api.py took 0.072 seconds
[2024-02-25T18:25:56.956+0000] {processor.py:161} INFO - Started process (PID=7727) to work on /home/airflow/.local/lib/python3.8/site-packages/airflow/example_dags/tutorial_taskflow_api.py
[2024-02-25T18:25:56.957+0000] {processor.py:830} INFO - Processing file /home/airflow/.local/lib/python3.8/site-packages/airflow/example_dags/tutorial_taskflow_api.py for tasks to queue
[2024-02-25T18:25:56.958+0000] {logging_mixin.py:188} INFO - [2024-02-25T18:25:56.958+0000] {dagbag.py:538} INFO - Filling up the DagBag from /home/airflow/.local/lib/python3.8/site-packages/airflow/example_dags/tutorial_taskflow_api.py
[2024-02-25T18:25:56.965+0000] {processor.py:840} INFO - DAG(s) 'tutorial_taskflow_api' retrieved from /home/airflow/.local/lib/python3.8/site-packages/airflow/example_dags/tutorial_taskflow_api.py
[2024-02-25T18:25:56.986+0000] {logging_mixin.py:188} INFO - [2024-02-25T18:25:56.986+0000] {dag.py:3036} INFO - Sync 1 DAGs
[2024-02-25T18:25:56.999+0000] {logging_mixin.py:188} INFO - [2024-02-25T18:25:56.999+0000] {dag.py:3823} INFO - Setting next_dagrun for tutorial_taskflow_api to None, run_after=None
[2024-02-25T18:25:57.021+0000] {processor.py:183} INFO - Processing /home/airflow/.local/lib/python3.8/site-packages/airflow/example_dags/tutorial_taskflow_api.py took 0.069 seconds
[2024-02-25T18:26:27.705+0000] {processor.py:161} INFO - Started process (PID=7790) to work on /home/airflow/.local/lib/python3.8/site-packages/airflow/example_dags/tutorial_taskflow_api.py
[2024-02-25T18:26:27.706+0000] {processor.py:830} INFO - Processing file /home/airflow/.local/lib/python3.8/site-packages/airflow/example_dags/tutorial_taskflow_api.py for tasks to queue
[2024-02-25T18:26:27.707+0000] {logging_mixin.py:188} INFO - [2024-02-25T18:26:27.707+0000] {dagbag.py:538} INFO - Filling up the DagBag from /home/airflow/.local/lib/python3.8/site-packages/airflow/example_dags/tutorial_taskflow_api.py
[2024-02-25T18:26:27.714+0000] {processor.py:840} INFO - DAG(s) 'tutorial_taskflow_api' retrieved from /home/airflow/.local/lib/python3.8/site-packages/airflow/example_dags/tutorial_taskflow_api.py
[2024-02-25T18:26:27.736+0000] {logging_mixin.py:188} INFO - [2024-02-25T18:26:27.736+0000] {dag.py:3036} INFO - Sync 1 DAGs
[2024-02-25T18:26:27.749+0000] {logging_mixin.py:188} INFO - [2024-02-25T18:26:27.749+0000] {dag.py:3823} INFO - Setting next_dagrun for tutorial_taskflow_api to None, run_after=None
[2024-02-25T18:26:27.774+0000] {processor.py:183} INFO - Processing /home/airflow/.local/lib/python3.8/site-packages/airflow/example_dags/tutorial_taskflow_api.py took 0.073 seconds
[2024-02-25T18:26:58.728+0000] {processor.py:161} INFO - Started process (PID=7854) to work on /home/airflow/.local/lib/python3.8/site-packages/airflow/example_dags/tutorial_taskflow_api.py
[2024-02-25T18:26:58.729+0000] {processor.py:830} INFO - Processing file /home/airflow/.local/lib/python3.8/site-packages/airflow/example_dags/tutorial_taskflow_api.py for tasks to queue
[2024-02-25T18:26:58.730+0000] {logging_mixin.py:188} INFO - [2024-02-25T18:26:58.730+0000] {dagbag.py:538} INFO - Filling up the DagBag from /home/airflow/.local/lib/python3.8/site-packages/airflow/example_dags/tutorial_taskflow_api.py
[2024-02-25T18:26:58.737+0000] {processor.py:840} INFO - DAG(s) 'tutorial_taskflow_api' retrieved from /home/airflow/.local/lib/python3.8/site-packages/airflow/example_dags/tutorial_taskflow_api.py
[2024-02-25T18:26:58.760+0000] {logging_mixin.py:188} INFO - [2024-02-25T18:26:58.759+0000] {dag.py:3036} INFO - Sync 1 DAGs
[2024-02-25T18:26:58.774+0000] {logging_mixin.py:188} INFO - [2024-02-25T18:26:58.773+0000] {dag.py:3823} INFO - Setting next_dagrun for tutorial_taskflow_api to None, run_after=None
[2024-02-25T18:26:58.803+0000] {processor.py:183} INFO - Processing /home/airflow/.local/lib/python3.8/site-packages/airflow/example_dags/tutorial_taskflow_api.py took 0.079 seconds
[2024-02-25T18:27:29.508+0000] {processor.py:161} INFO - Started process (PID=7917) to work on /home/airflow/.local/lib/python3.8/site-packages/airflow/example_dags/tutorial_taskflow_api.py
[2024-02-25T18:27:29.510+0000] {processor.py:830} INFO - Processing file /home/airflow/.local/lib/python3.8/site-packages/airflow/example_dags/tutorial_taskflow_api.py for tasks to queue
[2024-02-25T18:27:29.511+0000] {logging_mixin.py:188} INFO - [2024-02-25T18:27:29.511+0000] {dagbag.py:538} INFO - Filling up the DagBag from /home/airflow/.local/lib/python3.8/site-packages/airflow/example_dags/tutorial_taskflow_api.py
[2024-02-25T18:27:29.518+0000] {processor.py:840} INFO - DAG(s) 'tutorial_taskflow_api' retrieved from /home/airflow/.local/lib/python3.8/site-packages/airflow/example_dags/tutorial_taskflow_api.py
[2024-02-25T18:27:29.542+0000] {logging_mixin.py:188} INFO - [2024-02-25T18:27:29.542+0000] {dag.py:3036} INFO - Sync 1 DAGs
[2024-02-25T18:27:29.557+0000] {logging_mixin.py:188} INFO - [2024-02-25T18:27:29.556+0000] {dag.py:3823} INFO - Setting next_dagrun for tutorial_taskflow_api to None, run_after=None
[2024-02-25T18:27:29.582+0000] {processor.py:183} INFO - Processing /home/airflow/.local/lib/python3.8/site-packages/airflow/example_dags/tutorial_taskflow_api.py took 0.077 seconds
[2024-02-25T18:27:59.645+0000] {processor.py:161} INFO - Started process (PID=7978) to work on /home/airflow/.local/lib/python3.8/site-packages/airflow/example_dags/tutorial_taskflow_api.py
[2024-02-25T18:27:59.647+0000] {processor.py:830} INFO - Processing file /home/airflow/.local/lib/python3.8/site-packages/airflow/example_dags/tutorial_taskflow_api.py for tasks to queue
[2024-02-25T18:27:59.648+0000] {logging_mixin.py:188} INFO - [2024-02-25T18:27:59.647+0000] {dagbag.py:538} INFO - Filling up the DagBag from /home/airflow/.local/lib/python3.8/site-packages/airflow/example_dags/tutorial_taskflow_api.py
[2024-02-25T18:27:59.655+0000] {processor.py:840} INFO - DAG(s) 'tutorial_taskflow_api' retrieved from /home/airflow/.local/lib/python3.8/site-packages/airflow/example_dags/tutorial_taskflow_api.py
[2024-02-25T18:27:59.677+0000] {logging_mixin.py:188} INFO - [2024-02-25T18:27:59.677+0000] {dag.py:3036} INFO - Sync 1 DAGs
[2024-02-25T18:27:59.690+0000] {logging_mixin.py:188} INFO - [2024-02-25T18:27:59.690+0000] {dag.py:3823} INFO - Setting next_dagrun for tutorial_taskflow_api to None, run_after=None
[2024-02-25T18:27:59.714+0000] {processor.py:183} INFO - Processing /home/airflow/.local/lib/python3.8/site-packages/airflow/example_dags/tutorial_taskflow_api.py took 0.072 seconds
[2024-02-25T18:28:30.382+0000] {processor.py:161} INFO - Started process (PID=8041) to work on /home/airflow/.local/lib/python3.8/site-packages/airflow/example_dags/tutorial_taskflow_api.py
[2024-02-25T18:28:30.383+0000] {processor.py:830} INFO - Processing file /home/airflow/.local/lib/python3.8/site-packages/airflow/example_dags/tutorial_taskflow_api.py for tasks to queue
[2024-02-25T18:28:30.384+0000] {logging_mixin.py:188} INFO - [2024-02-25T18:28:30.383+0000] {dagbag.py:538} INFO - Filling up the DagBag from /home/airflow/.local/lib/python3.8/site-packages/airflow/example_dags/tutorial_taskflow_api.py
[2024-02-25T18:28:30.391+0000] {processor.py:840} INFO - DAG(s) 'tutorial_taskflow_api' retrieved from /home/airflow/.local/lib/python3.8/site-packages/airflow/example_dags/tutorial_taskflow_api.py
[2024-02-25T18:28:30.411+0000] {logging_mixin.py:188} INFO - [2024-02-25T18:28:30.410+0000] {dag.py:3036} INFO - Sync 1 DAGs
[2024-02-25T18:28:30.424+0000] {logging_mixin.py:188} INFO - [2024-02-25T18:28:30.424+0000] {dag.py:3823} INFO - Setting next_dagrun for tutorial_taskflow_api to None, run_after=None
[2024-02-25T18:28:30.447+0000] {processor.py:183} INFO - Processing /home/airflow/.local/lib/python3.8/site-packages/airflow/example_dags/tutorial_taskflow_api.py took 0.068 seconds
[2024-02-25T18:29:01.263+0000] {processor.py:161} INFO - Started process (PID=8103) to work on /home/airflow/.local/lib/python3.8/site-packages/airflow/example_dags/tutorial_taskflow_api.py
[2024-02-25T18:29:01.264+0000] {processor.py:830} INFO - Processing file /home/airflow/.local/lib/python3.8/site-packages/airflow/example_dags/tutorial_taskflow_api.py for tasks to queue
[2024-02-25T18:29:01.265+0000] {logging_mixin.py:188} INFO - [2024-02-25T18:29:01.265+0000] {dagbag.py:538} INFO - Filling up the DagBag from /home/airflow/.local/lib/python3.8/site-packages/airflow/example_dags/tutorial_taskflow_api.py
[2024-02-25T18:29:01.274+0000] {processor.py:840} INFO - DAG(s) 'tutorial_taskflow_api' retrieved from /home/airflow/.local/lib/python3.8/site-packages/airflow/example_dags/tutorial_taskflow_api.py
[2024-02-25T18:29:01.298+0000] {logging_mixin.py:188} INFO - [2024-02-25T18:29:01.297+0000] {dag.py:3036} INFO - Sync 1 DAGs
[2024-02-25T18:29:01.312+0000] {logging_mixin.py:188} INFO - [2024-02-25T18:29:01.311+0000] {dag.py:3823} INFO - Setting next_dagrun for tutorial_taskflow_api to None, run_after=None
[2024-02-25T18:29:01.335+0000] {processor.py:183} INFO - Processing /home/airflow/.local/lib/python3.8/site-packages/airflow/example_dags/tutorial_taskflow_api.py took 0.076 seconds
[2024-02-25T18:29:31.719+0000] {processor.py:161} INFO - Started process (PID=8166) to work on /home/airflow/.local/lib/python3.8/site-packages/airflow/example_dags/tutorial_taskflow_api.py
[2024-02-25T18:29:31.720+0000] {processor.py:830} INFO - Processing file /home/airflow/.local/lib/python3.8/site-packages/airflow/example_dags/tutorial_taskflow_api.py for tasks to queue
[2024-02-25T18:29:31.721+0000] {logging_mixin.py:188} INFO - [2024-02-25T18:29:31.721+0000] {dagbag.py:538} INFO - Filling up the DagBag from /home/airflow/.local/lib/python3.8/site-packages/airflow/example_dags/tutorial_taskflow_api.py
[2024-02-25T18:29:31.728+0000] {processor.py:840} INFO - DAG(s) 'tutorial_taskflow_api' retrieved from /home/airflow/.local/lib/python3.8/site-packages/airflow/example_dags/tutorial_taskflow_api.py
[2024-02-25T18:29:31.750+0000] {logging_mixin.py:188} INFO - [2024-02-25T18:29:31.750+0000] {dag.py:3036} INFO - Sync 1 DAGs
[2024-02-25T18:29:31.764+0000] {logging_mixin.py:188} INFO - [2024-02-25T18:29:31.764+0000] {dag.py:3823} INFO - Setting next_dagrun for tutorial_taskflow_api to None, run_after=None
[2024-02-25T18:29:31.786+0000] {processor.py:183} INFO - Processing /home/airflow/.local/lib/python3.8/site-packages/airflow/example_dags/tutorial_taskflow_api.py took 0.071 seconds
[2024-02-25T18:30:02.610+0000] {processor.py:161} INFO - Started process (PID=8229) to work on /home/airflow/.local/lib/python3.8/site-packages/airflow/example_dags/tutorial_taskflow_api.py
[2024-02-25T18:30:02.611+0000] {processor.py:830} INFO - Processing file /home/airflow/.local/lib/python3.8/site-packages/airflow/example_dags/tutorial_taskflow_api.py for tasks to queue
[2024-02-25T18:30:02.612+0000] {logging_mixin.py:188} INFO - [2024-02-25T18:30:02.612+0000] {dagbag.py:538} INFO - Filling up the DagBag from /home/airflow/.local/lib/python3.8/site-packages/airflow/example_dags/tutorial_taskflow_api.py
[2024-02-25T18:30:02.620+0000] {processor.py:840} INFO - DAG(s) 'tutorial_taskflow_api' retrieved from /home/airflow/.local/lib/python3.8/site-packages/airflow/example_dags/tutorial_taskflow_api.py
[2024-02-25T18:30:02.641+0000] {logging_mixin.py:188} INFO - [2024-02-25T18:30:02.640+0000] {dag.py:3036} INFO - Sync 1 DAGs
[2024-02-25T18:30:02.654+0000] {logging_mixin.py:188} INFO - [2024-02-25T18:30:02.654+0000] {dag.py:3823} INFO - Setting next_dagrun for tutorial_taskflow_api to None, run_after=None
[2024-02-25T18:30:02.676+0000] {processor.py:183} INFO - Processing /home/airflow/.local/lib/python3.8/site-packages/airflow/example_dags/tutorial_taskflow_api.py took 0.071 seconds
[2024-02-25T18:30:33.293+0000] {processor.py:161} INFO - Started process (PID=8292) to work on /home/airflow/.local/lib/python3.8/site-packages/airflow/example_dags/tutorial_taskflow_api.py
[2024-02-25T18:30:33.295+0000] {processor.py:830} INFO - Processing file /home/airflow/.local/lib/python3.8/site-packages/airflow/example_dags/tutorial_taskflow_api.py for tasks to queue
[2024-02-25T18:30:33.296+0000] {logging_mixin.py:188} INFO - [2024-02-25T18:30:33.295+0000] {dagbag.py:538} INFO - Filling up the DagBag from /home/airflow/.local/lib/python3.8/site-packages/airflow/example_dags/tutorial_taskflow_api.py
[2024-02-25T18:30:33.302+0000] {processor.py:840} INFO - DAG(s) 'tutorial_taskflow_api' retrieved from /home/airflow/.local/lib/python3.8/site-packages/airflow/example_dags/tutorial_taskflow_api.py
[2024-02-25T18:30:33.323+0000] {logging_mixin.py:188} INFO - [2024-02-25T18:30:33.323+0000] {dag.py:3036} INFO - Sync 1 DAGs
[2024-02-25T18:30:33.337+0000] {logging_mixin.py:188} INFO - [2024-02-25T18:30:33.336+0000] {dag.py:3823} INFO - Setting next_dagrun for tutorial_taskflow_api to None, run_after=None
[2024-02-25T18:30:33.357+0000] {processor.py:183} INFO - Processing /home/airflow/.local/lib/python3.8/site-packages/airflow/example_dags/tutorial_taskflow_api.py took 0.067 seconds
[2024-02-25T18:31:03.515+0000] {processor.py:161} INFO - Started process (PID=8355) to work on /home/airflow/.local/lib/python3.8/site-packages/airflow/example_dags/tutorial_taskflow_api.py
[2024-02-25T18:31:03.516+0000] {processor.py:830} INFO - Processing file /home/airflow/.local/lib/python3.8/site-packages/airflow/example_dags/tutorial_taskflow_api.py for tasks to queue
[2024-02-25T18:31:03.517+0000] {logging_mixin.py:188} INFO - [2024-02-25T18:31:03.517+0000] {dagbag.py:538} INFO - Filling up the DagBag from /home/airflow/.local/lib/python3.8/site-packages/airflow/example_dags/tutorial_taskflow_api.py
[2024-02-25T18:31:03.526+0000] {processor.py:840} INFO - DAG(s) 'tutorial_taskflow_api' retrieved from /home/airflow/.local/lib/python3.8/site-packages/airflow/example_dags/tutorial_taskflow_api.py
[2024-02-25T18:31:03.548+0000] {logging_mixin.py:188} INFO - [2024-02-25T18:31:03.548+0000] {dag.py:3036} INFO - Sync 1 DAGs
[2024-02-25T18:31:03.562+0000] {logging_mixin.py:188} INFO - [2024-02-25T18:31:03.561+0000] {dag.py:3823} INFO - Setting next_dagrun for tutorial_taskflow_api to None, run_after=None
[2024-02-25T18:31:03.584+0000] {processor.py:183} INFO - Processing /home/airflow/.local/lib/python3.8/site-packages/airflow/example_dags/tutorial_taskflow_api.py took 0.072 seconds
[2024-02-25T18:31:34.381+0000] {processor.py:161} INFO - Started process (PID=8418) to work on /home/airflow/.local/lib/python3.8/site-packages/airflow/example_dags/tutorial_taskflow_api.py
[2024-02-25T18:31:34.382+0000] {processor.py:830} INFO - Processing file /home/airflow/.local/lib/python3.8/site-packages/airflow/example_dags/tutorial_taskflow_api.py for tasks to queue
[2024-02-25T18:31:34.383+0000] {logging_mixin.py:188} INFO - [2024-02-25T18:31:34.383+0000] {dagbag.py:538} INFO - Filling up the DagBag from /home/airflow/.local/lib/python3.8/site-packages/airflow/example_dags/tutorial_taskflow_api.py
[2024-02-25T18:31:34.393+0000] {processor.py:840} INFO - DAG(s) 'tutorial_taskflow_api' retrieved from /home/airflow/.local/lib/python3.8/site-packages/airflow/example_dags/tutorial_taskflow_api.py
[2024-02-25T18:31:34.416+0000] {logging_mixin.py:188} INFO - [2024-02-25T18:31:34.416+0000] {dag.py:3036} INFO - Sync 1 DAGs
[2024-02-25T18:31:34.430+0000] {logging_mixin.py:188} INFO - [2024-02-25T18:31:34.429+0000] {dag.py:3823} INFO - Setting next_dagrun for tutorial_taskflow_api to None, run_after=None
[2024-02-25T18:31:34.452+0000] {processor.py:183} INFO - Processing /home/airflow/.local/lib/python3.8/site-packages/airflow/example_dags/tutorial_taskflow_api.py took 0.074 seconds
[2024-02-25T18:32:04.903+0000] {processor.py:161} INFO - Started process (PID=8481) to work on /home/airflow/.local/lib/python3.8/site-packages/airflow/example_dags/tutorial_taskflow_api.py
[2024-02-25T18:32:04.905+0000] {processor.py:830} INFO - Processing file /home/airflow/.local/lib/python3.8/site-packages/airflow/example_dags/tutorial_taskflow_api.py for tasks to queue
[2024-02-25T18:32:04.906+0000] {logging_mixin.py:188} INFO - [2024-02-25T18:32:04.905+0000] {dagbag.py:538} INFO - Filling up the DagBag from /home/airflow/.local/lib/python3.8/site-packages/airflow/example_dags/tutorial_taskflow_api.py
[2024-02-25T18:32:04.913+0000] {processor.py:840} INFO - DAG(s) 'tutorial_taskflow_api' retrieved from /home/airflow/.local/lib/python3.8/site-packages/airflow/example_dags/tutorial_taskflow_api.py
[2024-02-25T18:32:04.935+0000] {logging_mixin.py:188} INFO - [2024-02-25T18:32:04.935+0000] {dag.py:3036} INFO - Sync 1 DAGs
[2024-02-25T18:32:04.948+0000] {logging_mixin.py:188} INFO - [2024-02-25T18:32:04.948+0000] {dag.py:3823} INFO - Setting next_dagrun for tutorial_taskflow_api to None, run_after=None
[2024-02-25T18:32:04.970+0000] {processor.py:183} INFO - Processing /home/airflow/.local/lib/python3.8/site-packages/airflow/example_dags/tutorial_taskflow_api.py took 0.071 seconds
[2024-02-25T18:32:35.069+0000] {processor.py:161} INFO - Started process (PID=8544) to work on /home/airflow/.local/lib/python3.8/site-packages/airflow/example_dags/tutorial_taskflow_api.py
[2024-02-25T18:32:35.070+0000] {processor.py:830} INFO - Processing file /home/airflow/.local/lib/python3.8/site-packages/airflow/example_dags/tutorial_taskflow_api.py for tasks to queue
[2024-02-25T18:32:35.072+0000] {logging_mixin.py:188} INFO - [2024-02-25T18:32:35.071+0000] {dagbag.py:538} INFO - Filling up the DagBag from /home/airflow/.local/lib/python3.8/site-packages/airflow/example_dags/tutorial_taskflow_api.py
[2024-02-25T18:32:35.079+0000] {processor.py:840} INFO - DAG(s) 'tutorial_taskflow_api' retrieved from /home/airflow/.local/lib/python3.8/site-packages/airflow/example_dags/tutorial_taskflow_api.py
[2024-02-25T18:32:35.105+0000] {logging_mixin.py:188} INFO - [2024-02-25T18:32:35.105+0000] {dag.py:3036} INFO - Sync 1 DAGs
[2024-02-25T18:32:35.119+0000] {logging_mixin.py:188} INFO - [2024-02-25T18:32:35.118+0000] {dag.py:3823} INFO - Setting next_dagrun for tutorial_taskflow_api to None, run_after=None
[2024-02-25T18:32:35.143+0000] {processor.py:183} INFO - Processing /home/airflow/.local/lib/python3.8/site-packages/airflow/example_dags/tutorial_taskflow_api.py took 0.077 seconds
[2024-02-25T18:33:05.800+0000] {processor.py:161} INFO - Started process (PID=8607) to work on /home/airflow/.local/lib/python3.8/site-packages/airflow/example_dags/tutorial_taskflow_api.py
[2024-02-25T18:33:05.801+0000] {processor.py:830} INFO - Processing file /home/airflow/.local/lib/python3.8/site-packages/airflow/example_dags/tutorial_taskflow_api.py for tasks to queue
[2024-02-25T18:33:05.802+0000] {logging_mixin.py:188} INFO - [2024-02-25T18:33:05.802+0000] {dagbag.py:538} INFO - Filling up the DagBag from /home/airflow/.local/lib/python3.8/site-packages/airflow/example_dags/tutorial_taskflow_api.py
[2024-02-25T18:33:05.810+0000] {processor.py:840} INFO - DAG(s) 'tutorial_taskflow_api' retrieved from /home/airflow/.local/lib/python3.8/site-packages/airflow/example_dags/tutorial_taskflow_api.py
[2024-02-25T18:33:05.832+0000] {logging_mixin.py:188} INFO - [2024-02-25T18:33:05.831+0000] {dag.py:3036} INFO - Sync 1 DAGs
[2024-02-25T18:33:05.845+0000] {logging_mixin.py:188} INFO - [2024-02-25T18:33:05.845+0000] {dag.py:3823} INFO - Setting next_dagrun for tutorial_taskflow_api to None, run_after=None
[2024-02-25T18:33:05.872+0000] {processor.py:183} INFO - Processing /home/airflow/.local/lib/python3.8/site-packages/airflow/example_dags/tutorial_taskflow_api.py took 0.076 seconds
[2024-02-25T18:33:35.984+0000] {processor.py:161} INFO - Started process (PID=8670) to work on /home/airflow/.local/lib/python3.8/site-packages/airflow/example_dags/tutorial_taskflow_api.py
[2024-02-25T18:33:35.985+0000] {processor.py:830} INFO - Processing file /home/airflow/.local/lib/python3.8/site-packages/airflow/example_dags/tutorial_taskflow_api.py for tasks to queue
[2024-02-25T18:33:35.986+0000] {logging_mixin.py:188} INFO - [2024-02-25T18:33:35.986+0000] {dagbag.py:538} INFO - Filling up the DagBag from /home/airflow/.local/lib/python3.8/site-packages/airflow/example_dags/tutorial_taskflow_api.py
[2024-02-25T18:33:35.994+0000] {processor.py:840} INFO - DAG(s) 'tutorial_taskflow_api' retrieved from /home/airflow/.local/lib/python3.8/site-packages/airflow/example_dags/tutorial_taskflow_api.py
[2024-02-25T18:33:36.015+0000] {logging_mixin.py:188} INFO - [2024-02-25T18:33:36.015+0000] {dag.py:3036} INFO - Sync 1 DAGs
[2024-02-25T18:33:36.028+0000] {logging_mixin.py:188} INFO - [2024-02-25T18:33:36.028+0000] {dag.py:3823} INFO - Setting next_dagrun for tutorial_taskflow_api to None, run_after=None
[2024-02-25T18:33:36.051+0000] {processor.py:183} INFO - Processing /home/airflow/.local/lib/python3.8/site-packages/airflow/example_dags/tutorial_taskflow_api.py took 0.070 seconds
[2024-02-25T18:34:06.995+0000] {processor.py:161} INFO - Started process (PID=8733) to work on /home/airflow/.local/lib/python3.8/site-packages/airflow/example_dags/tutorial_taskflow_api.py
[2024-02-25T18:34:06.996+0000] {processor.py:830} INFO - Processing file /home/airflow/.local/lib/python3.8/site-packages/airflow/example_dags/tutorial_taskflow_api.py for tasks to queue
[2024-02-25T18:34:06.997+0000] {logging_mixin.py:188} INFO - [2024-02-25T18:34:06.997+0000] {dagbag.py:538} INFO - Filling up the DagBag from /home/airflow/.local/lib/python3.8/site-packages/airflow/example_dags/tutorial_taskflow_api.py
[2024-02-25T18:34:07.004+0000] {processor.py:840} INFO - DAG(s) 'tutorial_taskflow_api' retrieved from /home/airflow/.local/lib/python3.8/site-packages/airflow/example_dags/tutorial_taskflow_api.py
[2024-02-25T18:34:07.025+0000] {logging_mixin.py:188} INFO - [2024-02-25T18:34:07.024+0000] {dag.py:3036} INFO - Sync 1 DAGs
[2024-02-25T18:34:07.037+0000] {logging_mixin.py:188} INFO - [2024-02-25T18:34:07.037+0000] {dag.py:3823} INFO - Setting next_dagrun for tutorial_taskflow_api to None, run_after=None
[2024-02-25T18:34:07.058+0000] {processor.py:183} INFO - Processing /home/airflow/.local/lib/python3.8/site-packages/airflow/example_dags/tutorial_taskflow_api.py took 0.066 seconds
[2024-02-25T18:34:38.072+0000] {processor.py:161} INFO - Started process (PID=8796) to work on /home/airflow/.local/lib/python3.8/site-packages/airflow/example_dags/tutorial_taskflow_api.py
[2024-02-25T18:34:38.073+0000] {processor.py:830} INFO - Processing file /home/airflow/.local/lib/python3.8/site-packages/airflow/example_dags/tutorial_taskflow_api.py for tasks to queue
[2024-02-25T18:34:38.074+0000] {logging_mixin.py:188} INFO - [2024-02-25T18:34:38.074+0000] {dagbag.py:538} INFO - Filling up the DagBag from /home/airflow/.local/lib/python3.8/site-packages/airflow/example_dags/tutorial_taskflow_api.py
[2024-02-25T18:34:38.081+0000] {processor.py:840} INFO - DAG(s) 'tutorial_taskflow_api' retrieved from /home/airflow/.local/lib/python3.8/site-packages/airflow/example_dags/tutorial_taskflow_api.py
[2024-02-25T18:34:38.101+0000] {logging_mixin.py:188} INFO - [2024-02-25T18:34:38.101+0000] {dag.py:3036} INFO - Sync 1 DAGs
[2024-02-25T18:34:38.114+0000] {logging_mixin.py:188} INFO - [2024-02-25T18:34:38.113+0000] {dag.py:3823} INFO - Setting next_dagrun for tutorial_taskflow_api to None, run_after=None
[2024-02-25T18:34:38.135+0000] {processor.py:183} INFO - Processing /home/airflow/.local/lib/python3.8/site-packages/airflow/example_dags/tutorial_taskflow_api.py took 0.066 seconds
[2024-02-25T18:35:08.852+0000] {processor.py:161} INFO - Started process (PID=8860) to work on /home/airflow/.local/lib/python3.8/site-packages/airflow/example_dags/tutorial_taskflow_api.py
[2024-02-25T18:35:08.854+0000] {processor.py:830} INFO - Processing file /home/airflow/.local/lib/python3.8/site-packages/airflow/example_dags/tutorial_taskflow_api.py for tasks to queue
[2024-02-25T18:35:08.855+0000] {logging_mixin.py:188} INFO - [2024-02-25T18:35:08.855+0000] {dagbag.py:538} INFO - Filling up the DagBag from /home/airflow/.local/lib/python3.8/site-packages/airflow/example_dags/tutorial_taskflow_api.py
[2024-02-25T18:35:08.862+0000] {processor.py:840} INFO - DAG(s) 'tutorial_taskflow_api' retrieved from /home/airflow/.local/lib/python3.8/site-packages/airflow/example_dags/tutorial_taskflow_api.py
[2024-02-25T18:35:08.885+0000] {logging_mixin.py:188} INFO - [2024-02-25T18:35:08.885+0000] {dag.py:3036} INFO - Sync 1 DAGs
[2024-02-25T18:35:08.899+0000] {logging_mixin.py:188} INFO - [2024-02-25T18:35:08.899+0000] {dag.py:3823} INFO - Setting next_dagrun for tutorial_taskflow_api to None, run_after=None
[2024-02-25T18:35:08.924+0000] {processor.py:183} INFO - Processing /home/airflow/.local/lib/python3.8/site-packages/airflow/example_dags/tutorial_taskflow_api.py took 0.075 seconds
[2024-02-25T18:35:39.281+0000] {processor.py:161} INFO - Started process (PID=8924) to work on /home/airflow/.local/lib/python3.8/site-packages/airflow/example_dags/tutorial_taskflow_api.py
[2024-02-25T18:35:39.283+0000] {processor.py:830} INFO - Processing file /home/airflow/.local/lib/python3.8/site-packages/airflow/example_dags/tutorial_taskflow_api.py for tasks to queue
[2024-02-25T18:35:39.284+0000] {logging_mixin.py:188} INFO - [2024-02-25T18:35:39.284+0000] {dagbag.py:538} INFO - Filling up the DagBag from /home/airflow/.local/lib/python3.8/site-packages/airflow/example_dags/tutorial_taskflow_api.py
[2024-02-25T18:35:39.292+0000] {processor.py:840} INFO - DAG(s) 'tutorial_taskflow_api' retrieved from /home/airflow/.local/lib/python3.8/site-packages/airflow/example_dags/tutorial_taskflow_api.py
[2024-02-25T18:35:39.316+0000] {logging_mixin.py:188} INFO - [2024-02-25T18:35:39.315+0000] {dag.py:3036} INFO - Sync 1 DAGs
[2024-02-25T18:35:39.330+0000] {logging_mixin.py:188} INFO - [2024-02-25T18:35:39.329+0000] {dag.py:3823} INFO - Setting next_dagrun for tutorial_taskflow_api to None, run_after=None
[2024-02-25T18:35:39.354+0000] {processor.py:183} INFO - Processing /home/airflow/.local/lib/python3.8/site-packages/airflow/example_dags/tutorial_taskflow_api.py took 0.077 seconds
[2024-02-25T18:36:09.448+0000] {processor.py:161} INFO - Started process (PID=8988) to work on /home/airflow/.local/lib/python3.8/site-packages/airflow/example_dags/tutorial_taskflow_api.py
[2024-02-25T18:36:09.449+0000] {processor.py:830} INFO - Processing file /home/airflow/.local/lib/python3.8/site-packages/airflow/example_dags/tutorial_taskflow_api.py for tasks to queue
[2024-02-25T18:36:09.450+0000] {logging_mixin.py:188} INFO - [2024-02-25T18:36:09.450+0000] {dagbag.py:538} INFO - Filling up the DagBag from /home/airflow/.local/lib/python3.8/site-packages/airflow/example_dags/tutorial_taskflow_api.py
[2024-02-25T18:36:09.457+0000] {processor.py:840} INFO - DAG(s) 'tutorial_taskflow_api' retrieved from /home/airflow/.local/lib/python3.8/site-packages/airflow/example_dags/tutorial_taskflow_api.py
[2024-02-25T18:36:09.479+0000] {logging_mixin.py:188} INFO - [2024-02-25T18:36:09.479+0000] {dag.py:3036} INFO - Sync 1 DAGs
[2024-02-25T18:36:09.494+0000] {logging_mixin.py:188} INFO - [2024-02-25T18:36:09.493+0000] {dag.py:3823} INFO - Setting next_dagrun for tutorial_taskflow_api to None, run_after=None
[2024-02-25T18:36:09.519+0000] {processor.py:183} INFO - Processing /home/airflow/.local/lib/python3.8/site-packages/airflow/example_dags/tutorial_taskflow_api.py took 0.075 seconds
[2024-02-25T18:36:39.577+0000] {processor.py:161} INFO - Started process (PID=9051) to work on /home/airflow/.local/lib/python3.8/site-packages/airflow/example_dags/tutorial_taskflow_api.py
[2024-02-25T18:36:39.579+0000] {processor.py:830} INFO - Processing file /home/airflow/.local/lib/python3.8/site-packages/airflow/example_dags/tutorial_taskflow_api.py for tasks to queue
[2024-02-25T18:36:39.580+0000] {logging_mixin.py:188} INFO - [2024-02-25T18:36:39.579+0000] {dagbag.py:538} INFO - Filling up the DagBag from /home/airflow/.local/lib/python3.8/site-packages/airflow/example_dags/tutorial_taskflow_api.py
[2024-02-25T18:36:39.587+0000] {processor.py:840} INFO - DAG(s) 'tutorial_taskflow_api' retrieved from /home/airflow/.local/lib/python3.8/site-packages/airflow/example_dags/tutorial_taskflow_api.py
[2024-02-25T18:36:39.610+0000] {logging_mixin.py:188} INFO - [2024-02-25T18:36:39.609+0000] {dag.py:3036} INFO - Sync 1 DAGs
[2024-02-25T18:36:39.624+0000] {logging_mixin.py:188} INFO - [2024-02-25T18:36:39.624+0000] {dag.py:3823} INFO - Setting next_dagrun for tutorial_taskflow_api to None, run_after=None
[2024-02-25T18:36:39.656+0000] {processor.py:183} INFO - Processing /home/airflow/.local/lib/python3.8/site-packages/airflow/example_dags/tutorial_taskflow_api.py took 0.082 seconds
[2024-02-25T18:37:10.149+0000] {processor.py:161} INFO - Started process (PID=9114) to work on /home/airflow/.local/lib/python3.8/site-packages/airflow/example_dags/tutorial_taskflow_api.py
[2024-02-25T18:37:10.150+0000] {processor.py:830} INFO - Processing file /home/airflow/.local/lib/python3.8/site-packages/airflow/example_dags/tutorial_taskflow_api.py for tasks to queue
[2024-02-25T18:37:10.151+0000] {logging_mixin.py:188} INFO - [2024-02-25T18:37:10.151+0000] {dagbag.py:538} INFO - Filling up the DagBag from /home/airflow/.local/lib/python3.8/site-packages/airflow/example_dags/tutorial_taskflow_api.py
[2024-02-25T18:37:10.158+0000] {processor.py:840} INFO - DAG(s) 'tutorial_taskflow_api' retrieved from /home/airflow/.local/lib/python3.8/site-packages/airflow/example_dags/tutorial_taskflow_api.py
[2024-02-25T18:37:10.181+0000] {logging_mixin.py:188} INFO - [2024-02-25T18:37:10.181+0000] {dag.py:3036} INFO - Sync 1 DAGs
[2024-02-25T18:37:10.195+0000] {logging_mixin.py:188} INFO - [2024-02-25T18:37:10.195+0000] {dag.py:3823} INFO - Setting next_dagrun for tutorial_taskflow_api to None, run_after=None
[2024-02-25T18:37:10.219+0000] {processor.py:183} INFO - Processing /home/airflow/.local/lib/python3.8/site-packages/airflow/example_dags/tutorial_taskflow_api.py took 0.074 seconds
[2024-02-25T18:37:41.218+0000] {processor.py:161} INFO - Started process (PID=9177) to work on /home/airflow/.local/lib/python3.8/site-packages/airflow/example_dags/tutorial_taskflow_api.py
[2024-02-25T18:37:41.219+0000] {processor.py:830} INFO - Processing file /home/airflow/.local/lib/python3.8/site-packages/airflow/example_dags/tutorial_taskflow_api.py for tasks to queue
[2024-02-25T18:37:41.220+0000] {logging_mixin.py:188} INFO - [2024-02-25T18:37:41.220+0000] {dagbag.py:538} INFO - Filling up the DagBag from /home/airflow/.local/lib/python3.8/site-packages/airflow/example_dags/tutorial_taskflow_api.py
[2024-02-25T18:37:41.229+0000] {processor.py:840} INFO - DAG(s) 'tutorial_taskflow_api' retrieved from /home/airflow/.local/lib/python3.8/site-packages/airflow/example_dags/tutorial_taskflow_api.py
[2024-02-25T18:37:41.257+0000] {logging_mixin.py:188} INFO - [2024-02-25T18:37:41.257+0000] {dag.py:3036} INFO - Sync 1 DAGs
[2024-02-25T18:37:41.271+0000] {logging_mixin.py:188} INFO - [2024-02-25T18:37:41.271+0000] {dag.py:3823} INFO - Setting next_dagrun for tutorial_taskflow_api to None, run_after=None
[2024-02-25T18:37:41.294+0000] {processor.py:183} INFO - Processing /home/airflow/.local/lib/python3.8/site-packages/airflow/example_dags/tutorial_taskflow_api.py took 0.079 seconds
[2024-02-25T18:38:11.902+0000] {processor.py:161} INFO - Started process (PID=9241) to work on /home/airflow/.local/lib/python3.8/site-packages/airflow/example_dags/tutorial_taskflow_api.py
[2024-02-25T18:38:11.903+0000] {processor.py:830} INFO - Processing file /home/airflow/.local/lib/python3.8/site-packages/airflow/example_dags/tutorial_taskflow_api.py for tasks to queue
[2024-02-25T18:38:11.904+0000] {logging_mixin.py:188} INFO - [2024-02-25T18:38:11.904+0000] {dagbag.py:538} INFO - Filling up the DagBag from /home/airflow/.local/lib/python3.8/site-packages/airflow/example_dags/tutorial_taskflow_api.py
[2024-02-25T18:38:11.911+0000] {processor.py:840} INFO - DAG(s) 'tutorial_taskflow_api' retrieved from /home/airflow/.local/lib/python3.8/site-packages/airflow/example_dags/tutorial_taskflow_api.py
[2024-02-25T18:38:11.935+0000] {logging_mixin.py:188} INFO - [2024-02-25T18:38:11.934+0000] {dag.py:3036} INFO - Sync 1 DAGs
[2024-02-25T18:38:11.948+0000] {logging_mixin.py:188} INFO - [2024-02-25T18:38:11.948+0000] {dag.py:3823} INFO - Setting next_dagrun for tutorial_taskflow_api to None, run_after=None
[2024-02-25T18:38:11.973+0000] {processor.py:183} INFO - Processing /home/airflow/.local/lib/python3.8/site-packages/airflow/example_dags/tutorial_taskflow_api.py took 0.074 seconds
[2024-02-25T18:38:42.784+0000] {processor.py:161} INFO - Started process (PID=9304) to work on /home/airflow/.local/lib/python3.8/site-packages/airflow/example_dags/tutorial_taskflow_api.py
[2024-02-25T18:38:42.785+0000] {processor.py:830} INFO - Processing file /home/airflow/.local/lib/python3.8/site-packages/airflow/example_dags/tutorial_taskflow_api.py for tasks to queue
[2024-02-25T18:38:42.786+0000] {logging_mixin.py:188} INFO - [2024-02-25T18:38:42.786+0000] {dagbag.py:538} INFO - Filling up the DagBag from /home/airflow/.local/lib/python3.8/site-packages/airflow/example_dags/tutorial_taskflow_api.py
[2024-02-25T18:38:42.793+0000] {processor.py:840} INFO - DAG(s) 'tutorial_taskflow_api' retrieved from /home/airflow/.local/lib/python3.8/site-packages/airflow/example_dags/tutorial_taskflow_api.py
[2024-02-25T18:38:42.817+0000] {logging_mixin.py:188} INFO - [2024-02-25T18:38:42.816+0000] {dag.py:3036} INFO - Sync 1 DAGs
[2024-02-25T18:38:42.831+0000] {logging_mixin.py:188} INFO - [2024-02-25T18:38:42.830+0000] {dag.py:3823} INFO - Setting next_dagrun for tutorial_taskflow_api to None, run_after=None
[2024-02-25T18:38:42.854+0000] {processor.py:183} INFO - Processing /home/airflow/.local/lib/python3.8/site-packages/airflow/example_dags/tutorial_taskflow_api.py took 0.075 seconds
[2024-02-25T18:39:13.741+0000] {processor.py:161} INFO - Started process (PID=9367) to work on /home/airflow/.local/lib/python3.8/site-packages/airflow/example_dags/tutorial_taskflow_api.py
[2024-02-25T18:39:13.744+0000] {processor.py:830} INFO - Processing file /home/airflow/.local/lib/python3.8/site-packages/airflow/example_dags/tutorial_taskflow_api.py for tasks to queue
[2024-02-25T18:39:13.745+0000] {logging_mixin.py:188} INFO - [2024-02-25T18:39:13.745+0000] {dagbag.py:538} INFO - Filling up the DagBag from /home/airflow/.local/lib/python3.8/site-packages/airflow/example_dags/tutorial_taskflow_api.py
[2024-02-25T18:39:13.754+0000] {processor.py:840} INFO - DAG(s) 'tutorial_taskflow_api' retrieved from /home/airflow/.local/lib/python3.8/site-packages/airflow/example_dags/tutorial_taskflow_api.py
[2024-02-25T18:39:13.781+0000] {logging_mixin.py:188} INFO - [2024-02-25T18:39:13.781+0000] {dag.py:3036} INFO - Sync 1 DAGs
[2024-02-25T18:39:13.802+0000] {logging_mixin.py:188} INFO - [2024-02-25T18:39:13.797+0000] {dag.py:3823} INFO - Setting next_dagrun for tutorial_taskflow_api to None, run_after=None
[2024-02-25T18:39:13.841+0000] {processor.py:183} INFO - Processing /home/airflow/.local/lib/python3.8/site-packages/airflow/example_dags/tutorial_taskflow_api.py took 0.104 seconds
[2024-02-25T18:39:44.375+0000] {processor.py:161} INFO - Started process (PID=9429) to work on /home/airflow/.local/lib/python3.8/site-packages/airflow/example_dags/tutorial_taskflow_api.py
[2024-02-25T18:39:44.377+0000] {processor.py:830} INFO - Processing file /home/airflow/.local/lib/python3.8/site-packages/airflow/example_dags/tutorial_taskflow_api.py for tasks to queue
[2024-02-25T18:39:44.378+0000] {logging_mixin.py:188} INFO - [2024-02-25T18:39:44.377+0000] {dagbag.py:538} INFO - Filling up the DagBag from /home/airflow/.local/lib/python3.8/site-packages/airflow/example_dags/tutorial_taskflow_api.py
[2024-02-25T18:39:44.385+0000] {processor.py:840} INFO - DAG(s) 'tutorial_taskflow_api' retrieved from /home/airflow/.local/lib/python3.8/site-packages/airflow/example_dags/tutorial_taskflow_api.py
[2024-02-25T18:39:44.407+0000] {logging_mixin.py:188} INFO - [2024-02-25T18:39:44.407+0000] {dag.py:3036} INFO - Sync 1 DAGs
[2024-02-25T18:39:44.421+0000] {logging_mixin.py:188} INFO - [2024-02-25T18:39:44.421+0000] {dag.py:3823} INFO - Setting next_dagrun for tutorial_taskflow_api to None, run_after=None
[2024-02-25T18:39:44.444+0000] {processor.py:183} INFO - Processing /home/airflow/.local/lib/python3.8/site-packages/airflow/example_dags/tutorial_taskflow_api.py took 0.073 seconds
[2024-02-25T18:40:15.149+0000] {processor.py:161} INFO - Started process (PID=9492) to work on /home/airflow/.local/lib/python3.8/site-packages/airflow/example_dags/tutorial_taskflow_api.py
[2024-02-25T18:40:15.150+0000] {processor.py:830} INFO - Processing file /home/airflow/.local/lib/python3.8/site-packages/airflow/example_dags/tutorial_taskflow_api.py for tasks to queue
[2024-02-25T18:40:15.151+0000] {logging_mixin.py:188} INFO - [2024-02-25T18:40:15.151+0000] {dagbag.py:538} INFO - Filling up the DagBag from /home/airflow/.local/lib/python3.8/site-packages/airflow/example_dags/tutorial_taskflow_api.py
[2024-02-25T18:40:15.158+0000] {processor.py:840} INFO - DAG(s) 'tutorial_taskflow_api' retrieved from /home/airflow/.local/lib/python3.8/site-packages/airflow/example_dags/tutorial_taskflow_api.py
[2024-02-25T18:40:15.182+0000] {logging_mixin.py:188} INFO - [2024-02-25T18:40:15.182+0000] {dag.py:3036} INFO - Sync 1 DAGs
[2024-02-25T18:40:15.196+0000] {logging_mixin.py:188} INFO - [2024-02-25T18:40:15.195+0000] {dag.py:3823} INFO - Setting next_dagrun for tutorial_taskflow_api to None, run_after=None
[2024-02-25T18:40:15.219+0000] {processor.py:183} INFO - Processing /home/airflow/.local/lib/python3.8/site-packages/airflow/example_dags/tutorial_taskflow_api.py took 0.075 seconds
[2024-02-25T20:59:47.386+0000] {processor.py:161} INFO - Started process (PID=9559) to work on /home/airflow/.local/lib/python3.8/site-packages/airflow/example_dags/tutorial_taskflow_api.py
[2024-02-25T20:59:47.387+0000] {processor.py:830} INFO - Processing file /home/airflow/.local/lib/python3.8/site-packages/airflow/example_dags/tutorial_taskflow_api.py for tasks to queue
[2024-02-25T20:59:47.388+0000] {logging_mixin.py:188} INFO - [2024-02-25T20:59:47.388+0000] {dagbag.py:538} INFO - Filling up the DagBag from /home/airflow/.local/lib/python3.8/site-packages/airflow/example_dags/tutorial_taskflow_api.py
[2024-02-25T20:59:47.397+0000] {processor.py:840} INFO - DAG(s) 'tutorial_taskflow_api' retrieved from /home/airflow/.local/lib/python3.8/site-packages/airflow/example_dags/tutorial_taskflow_api.py
[2024-02-25T20:59:47.422+0000] {logging_mixin.py:188} INFO - [2024-02-25T20:59:47.421+0000] {dag.py:3036} INFO - Sync 1 DAGs
[2024-02-25T20:59:47.437+0000] {logging_mixin.py:188} INFO - [2024-02-25T20:59:47.437+0000] {dag.py:3823} INFO - Setting next_dagrun for tutorial_taskflow_api to None, run_after=None
[2024-02-25T20:59:47.470+0000] {processor.py:183} INFO - Processing /home/airflow/.local/lib/python3.8/site-packages/airflow/example_dags/tutorial_taskflow_api.py took 0.089 seconds
[2024-02-25T21:00:17.781+0000] {processor.py:161} INFO - Started process (PID=9630) to work on /home/airflow/.local/lib/python3.8/site-packages/airflow/example_dags/tutorial_taskflow_api.py
[2024-02-25T21:00:17.783+0000] {processor.py:830} INFO - Processing file /home/airflow/.local/lib/python3.8/site-packages/airflow/example_dags/tutorial_taskflow_api.py for tasks to queue
[2024-02-25T21:00:17.784+0000] {logging_mixin.py:188} INFO - [2024-02-25T21:00:17.783+0000] {dagbag.py:538} INFO - Filling up the DagBag from /home/airflow/.local/lib/python3.8/site-packages/airflow/example_dags/tutorial_taskflow_api.py
[2024-02-25T21:00:17.791+0000] {processor.py:840} INFO - DAG(s) 'tutorial_taskflow_api' retrieved from /home/airflow/.local/lib/python3.8/site-packages/airflow/example_dags/tutorial_taskflow_api.py
[2024-02-25T21:00:17.817+0000] {logging_mixin.py:188} INFO - [2024-02-25T21:00:17.817+0000] {dag.py:3036} INFO - Sync 1 DAGs
[2024-02-25T21:00:17.832+0000] {logging_mixin.py:188} INFO - [2024-02-25T21:00:17.832+0000] {dag.py:3823} INFO - Setting next_dagrun for tutorial_taskflow_api to None, run_after=None
[2024-02-25T21:00:17.860+0000] {processor.py:183} INFO - Processing /home/airflow/.local/lib/python3.8/site-packages/airflow/example_dags/tutorial_taskflow_api.py took 0.083 seconds
[2024-02-25T21:00:48.339+0000] {processor.py:161} INFO - Started process (PID=9693) to work on /home/airflow/.local/lib/python3.8/site-packages/airflow/example_dags/tutorial_taskflow_api.py
[2024-02-25T21:00:48.340+0000] {processor.py:830} INFO - Processing file /home/airflow/.local/lib/python3.8/site-packages/airflow/example_dags/tutorial_taskflow_api.py for tasks to queue
[2024-02-25T21:00:48.342+0000] {logging_mixin.py:188} INFO - [2024-02-25T21:00:48.341+0000] {dagbag.py:538} INFO - Filling up the DagBag from /home/airflow/.local/lib/python3.8/site-packages/airflow/example_dags/tutorial_taskflow_api.py
[2024-02-25T21:00:48.349+0000] {processor.py:840} INFO - DAG(s) 'tutorial_taskflow_api' retrieved from /home/airflow/.local/lib/python3.8/site-packages/airflow/example_dags/tutorial_taskflow_api.py
[2024-02-25T21:00:48.371+0000] {logging_mixin.py:188} INFO - [2024-02-25T21:00:48.371+0000] {dag.py:3036} INFO - Sync 1 DAGs
[2024-02-25T21:00:48.385+0000] {logging_mixin.py:188} INFO - [2024-02-25T21:00:48.384+0000] {dag.py:3823} INFO - Setting next_dagrun for tutorial_taskflow_api to None, run_after=None
[2024-02-25T21:00:48.407+0000] {processor.py:183} INFO - Processing /home/airflow/.local/lib/python3.8/site-packages/airflow/example_dags/tutorial_taskflow_api.py took 0.071 seconds
[2024-02-25T21:01:19.071+0000] {processor.py:161} INFO - Started process (PID=9756) to work on /home/airflow/.local/lib/python3.8/site-packages/airflow/example_dags/tutorial_taskflow_api.py
[2024-02-25T21:01:19.072+0000] {processor.py:830} INFO - Processing file /home/airflow/.local/lib/python3.8/site-packages/airflow/example_dags/tutorial_taskflow_api.py for tasks to queue
[2024-02-25T21:01:19.073+0000] {logging_mixin.py:188} INFO - [2024-02-25T21:01:19.073+0000] {dagbag.py:538} INFO - Filling up the DagBag from /home/airflow/.local/lib/python3.8/site-packages/airflow/example_dags/tutorial_taskflow_api.py
[2024-02-25T21:01:19.080+0000] {processor.py:840} INFO - DAG(s) 'tutorial_taskflow_api' retrieved from /home/airflow/.local/lib/python3.8/site-packages/airflow/example_dags/tutorial_taskflow_api.py
[2024-02-25T21:01:19.101+0000] {logging_mixin.py:188} INFO - [2024-02-25T21:01:19.101+0000] {dag.py:3036} INFO - Sync 1 DAGs
[2024-02-25T21:01:19.116+0000] {logging_mixin.py:188} INFO - [2024-02-25T21:01:19.116+0000] {dag.py:3823} INFO - Setting next_dagrun for tutorial_taskflow_api to None, run_after=None
[2024-02-25T21:01:19.139+0000] {processor.py:183} INFO - Processing /home/airflow/.local/lib/python3.8/site-packages/airflow/example_dags/tutorial_taskflow_api.py took 0.071 seconds
[2024-02-25T21:01:49.508+0000] {processor.py:161} INFO - Started process (PID=9819) to work on /home/airflow/.local/lib/python3.8/site-packages/airflow/example_dags/tutorial_taskflow_api.py
[2024-02-25T21:01:49.509+0000] {processor.py:830} INFO - Processing file /home/airflow/.local/lib/python3.8/site-packages/airflow/example_dags/tutorial_taskflow_api.py for tasks to queue
[2024-02-25T21:01:49.510+0000] {logging_mixin.py:188} INFO - [2024-02-25T21:01:49.510+0000] {dagbag.py:538} INFO - Filling up the DagBag from /home/airflow/.local/lib/python3.8/site-packages/airflow/example_dags/tutorial_taskflow_api.py
[2024-02-25T21:01:49.517+0000] {processor.py:840} INFO - DAG(s) 'tutorial_taskflow_api' retrieved from /home/airflow/.local/lib/python3.8/site-packages/airflow/example_dags/tutorial_taskflow_api.py
[2024-02-25T21:01:49.539+0000] {logging_mixin.py:188} INFO - [2024-02-25T21:01:49.539+0000] {dag.py:3036} INFO - Sync 1 DAGs
[2024-02-25T21:01:49.554+0000] {logging_mixin.py:188} INFO - [2024-02-25T21:01:49.554+0000] {dag.py:3823} INFO - Setting next_dagrun for tutorial_taskflow_api to None, run_after=None
[2024-02-25T21:01:49.577+0000] {processor.py:183} INFO - Processing /home/airflow/.local/lib/python3.8/site-packages/airflow/example_dags/tutorial_taskflow_api.py took 0.073 seconds
[2024-02-25T21:02:20.366+0000] {processor.py:161} INFO - Started process (PID=9882) to work on /home/airflow/.local/lib/python3.8/site-packages/airflow/example_dags/tutorial_taskflow_api.py
[2024-02-25T21:02:20.367+0000] {processor.py:830} INFO - Processing file /home/airflow/.local/lib/python3.8/site-packages/airflow/example_dags/tutorial_taskflow_api.py for tasks to queue
[2024-02-25T21:02:20.368+0000] {logging_mixin.py:188} INFO - [2024-02-25T21:02:20.368+0000] {dagbag.py:538} INFO - Filling up the DagBag from /home/airflow/.local/lib/python3.8/site-packages/airflow/example_dags/tutorial_taskflow_api.py
[2024-02-25T21:02:20.375+0000] {processor.py:840} INFO - DAG(s) 'tutorial_taskflow_api' retrieved from /home/airflow/.local/lib/python3.8/site-packages/airflow/example_dags/tutorial_taskflow_api.py
[2024-02-25T21:02:20.396+0000] {logging_mixin.py:188} INFO - [2024-02-25T21:02:20.396+0000] {dag.py:3036} INFO - Sync 1 DAGs
[2024-02-25T21:02:20.409+0000] {logging_mixin.py:188} INFO - [2024-02-25T21:02:20.408+0000] {dag.py:3823} INFO - Setting next_dagrun for tutorial_taskflow_api to None, run_after=None
[2024-02-25T21:02:20.434+0000] {processor.py:183} INFO - Processing /home/airflow/.local/lib/python3.8/site-packages/airflow/example_dags/tutorial_taskflow_api.py took 0.071 seconds
[2024-02-25T21:02:51.220+0000] {processor.py:161} INFO - Started process (PID=9945) to work on /home/airflow/.local/lib/python3.8/site-packages/airflow/example_dags/tutorial_taskflow_api.py
[2024-02-25T21:02:51.221+0000] {processor.py:830} INFO - Processing file /home/airflow/.local/lib/python3.8/site-packages/airflow/example_dags/tutorial_taskflow_api.py for tasks to queue
[2024-02-25T21:02:51.223+0000] {logging_mixin.py:188} INFO - [2024-02-25T21:02:51.222+0000] {dagbag.py:538} INFO - Filling up the DagBag from /home/airflow/.local/lib/python3.8/site-packages/airflow/example_dags/tutorial_taskflow_api.py
[2024-02-25T21:02:51.229+0000] {processor.py:840} INFO - DAG(s) 'tutorial_taskflow_api' retrieved from /home/airflow/.local/lib/python3.8/site-packages/airflow/example_dags/tutorial_taskflow_api.py
[2024-02-25T21:02:51.252+0000] {logging_mixin.py:188} INFO - [2024-02-25T21:02:51.252+0000] {dag.py:3036} INFO - Sync 1 DAGs
[2024-02-25T21:02:51.265+0000] {logging_mixin.py:188} INFO - [2024-02-25T21:02:51.265+0000] {dag.py:3823} INFO - Setting next_dagrun for tutorial_taskflow_api to None, run_after=None
[2024-02-25T21:02:51.287+0000] {processor.py:183} INFO - Processing /home/airflow/.local/lib/python3.8/site-packages/airflow/example_dags/tutorial_taskflow_api.py took 0.071 seconds
[2024-02-25T21:03:21.821+0000] {processor.py:161} INFO - Started process (PID=10008) to work on /home/airflow/.local/lib/python3.8/site-packages/airflow/example_dags/tutorial_taskflow_api.py
[2024-02-25T21:03:21.822+0000] {processor.py:830} INFO - Processing file /home/airflow/.local/lib/python3.8/site-packages/airflow/example_dags/tutorial_taskflow_api.py for tasks to queue
[2024-02-25T21:03:21.824+0000] {logging_mixin.py:188} INFO - [2024-02-25T21:03:21.823+0000] {dagbag.py:538} INFO - Filling up the DagBag from /home/airflow/.local/lib/python3.8/site-packages/airflow/example_dags/tutorial_taskflow_api.py
[2024-02-25T21:03:21.830+0000] {processor.py:840} INFO - DAG(s) 'tutorial_taskflow_api' retrieved from /home/airflow/.local/lib/python3.8/site-packages/airflow/example_dags/tutorial_taskflow_api.py
[2024-02-25T21:03:21.853+0000] {logging_mixin.py:188} INFO - [2024-02-25T21:03:21.853+0000] {dag.py:3036} INFO - Sync 1 DAGs
[2024-02-25T21:03:21.866+0000] {logging_mixin.py:188} INFO - [2024-02-25T21:03:21.866+0000] {dag.py:3823} INFO - Setting next_dagrun for tutorial_taskflow_api to None, run_after=None
[2024-02-25T21:03:21.890+0000] {processor.py:183} INFO - Processing /home/airflow/.local/lib/python3.8/site-packages/airflow/example_dags/tutorial_taskflow_api.py took 0.074 seconds
[2024-02-25T21:03:52.310+0000] {processor.py:161} INFO - Started process (PID=10071) to work on /home/airflow/.local/lib/python3.8/site-packages/airflow/example_dags/tutorial_taskflow_api.py
[2024-02-25T21:03:52.312+0000] {processor.py:830} INFO - Processing file /home/airflow/.local/lib/python3.8/site-packages/airflow/example_dags/tutorial_taskflow_api.py for tasks to queue
[2024-02-25T21:03:52.313+0000] {logging_mixin.py:188} INFO - [2024-02-25T21:03:52.313+0000] {dagbag.py:538} INFO - Filling up the DagBag from /home/airflow/.local/lib/python3.8/site-packages/airflow/example_dags/tutorial_taskflow_api.py
[2024-02-25T21:03:52.320+0000] {processor.py:840} INFO - DAG(s) 'tutorial_taskflow_api' retrieved from /home/airflow/.local/lib/python3.8/site-packages/airflow/example_dags/tutorial_taskflow_api.py
[2024-02-25T21:03:52.343+0000] {logging_mixin.py:188} INFO - [2024-02-25T21:03:52.343+0000] {dag.py:3036} INFO - Sync 1 DAGs
[2024-02-25T21:03:52.356+0000] {logging_mixin.py:188} INFO - [2024-02-25T21:03:52.356+0000] {dag.py:3823} INFO - Setting next_dagrun for tutorial_taskflow_api to None, run_after=None
[2024-02-25T21:03:52.377+0000] {processor.py:183} INFO - Processing /home/airflow/.local/lib/python3.8/site-packages/airflow/example_dags/tutorial_taskflow_api.py took 0.071 seconds
[2024-02-25T21:04:22.745+0000] {processor.py:161} INFO - Started process (PID=10134) to work on /home/airflow/.local/lib/python3.8/site-packages/airflow/example_dags/tutorial_taskflow_api.py
[2024-02-25T21:04:22.746+0000] {processor.py:830} INFO - Processing file /home/airflow/.local/lib/python3.8/site-packages/airflow/example_dags/tutorial_taskflow_api.py for tasks to queue
[2024-02-25T21:04:22.747+0000] {logging_mixin.py:188} INFO - [2024-02-25T21:04:22.747+0000] {dagbag.py:538} INFO - Filling up the DagBag from /home/airflow/.local/lib/python3.8/site-packages/airflow/example_dags/tutorial_taskflow_api.py
[2024-02-25T21:04:22.755+0000] {processor.py:840} INFO - DAG(s) 'tutorial_taskflow_api' retrieved from /home/airflow/.local/lib/python3.8/site-packages/airflow/example_dags/tutorial_taskflow_api.py
[2024-02-25T21:04:22.777+0000] {logging_mixin.py:188} INFO - [2024-02-25T21:04:22.777+0000] {dag.py:3036} INFO - Sync 1 DAGs
[2024-02-25T21:04:22.791+0000] {logging_mixin.py:188} INFO - [2024-02-25T21:04:22.791+0000] {dag.py:3823} INFO - Setting next_dagrun for tutorial_taskflow_api to None, run_after=None
[2024-02-25T21:04:22.816+0000] {processor.py:183} INFO - Processing /home/airflow/.local/lib/python3.8/site-packages/airflow/example_dags/tutorial_taskflow_api.py took 0.074 seconds
[2024-02-25T21:04:53.306+0000] {processor.py:161} INFO - Started process (PID=10197) to work on /home/airflow/.local/lib/python3.8/site-packages/airflow/example_dags/tutorial_taskflow_api.py
[2024-02-25T21:04:53.307+0000] {processor.py:830} INFO - Processing file /home/airflow/.local/lib/python3.8/site-packages/airflow/example_dags/tutorial_taskflow_api.py for tasks to queue
[2024-02-25T21:04:53.309+0000] {logging_mixin.py:188} INFO - [2024-02-25T21:04:53.308+0000] {dagbag.py:538} INFO - Filling up the DagBag from /home/airflow/.local/lib/python3.8/site-packages/airflow/example_dags/tutorial_taskflow_api.py
[2024-02-25T21:04:53.316+0000] {processor.py:840} INFO - DAG(s) 'tutorial_taskflow_api' retrieved from /home/airflow/.local/lib/python3.8/site-packages/airflow/example_dags/tutorial_taskflow_api.py
[2024-02-25T21:04:53.341+0000] {logging_mixin.py:188} INFO - [2024-02-25T21:04:53.340+0000] {dag.py:3036} INFO - Sync 1 DAGs
[2024-02-25T21:04:53.356+0000] {logging_mixin.py:188} INFO - [2024-02-25T21:04:53.355+0000] {dag.py:3823} INFO - Setting next_dagrun for tutorial_taskflow_api to None, run_after=None
[2024-02-25T21:04:53.378+0000] {processor.py:183} INFO - Processing /home/airflow/.local/lib/python3.8/site-packages/airflow/example_dags/tutorial_taskflow_api.py took 0.077 seconds
