[2024-02-13T15:09:27.071+0000] {taskinstance.py:1956} INFO - Dependencies all met for dep_context=non-requeueable deps ti=<TaskInstance: 1Success_dag.data_to_db scheduled__2024-02-13T07:11:00+00:00 [queued]>
[2024-02-13T15:09:27.088+0000] {taskinstance.py:1956} INFO - Dependencies all met for dep_context=requeueable deps ti=<TaskInstance: 1Success_dag.data_to_db scheduled__2024-02-13T07:11:00+00:00 [queued]>
[2024-02-13T15:09:27.090+0000] {taskinstance.py:2170} INFO - Starting attempt 1 of 1
[2024-02-13T15:09:27.402+0000] {taskinstance.py:2191} INFO - Executing <Task(PythonOperator): data_to_db> on 2024-02-13 07:11:00+00:00
[2024-02-13T15:09:27.420+0000] {standard_task_runner.py:60} INFO - Started process 9501 to run task
[2024-02-13T15:09:27.484+0000] {standard_task_runner.py:87} INFO - Running: ['***', 'tasks', 'run', '1Success_dag', 'data_to_db', 'scheduled__2024-02-13T07:11:00+00:00', '--job-id', '12127', '--raw', '--subdir', 'DAGS_FOLDER/success_dag.py', '--cfg-path', '/tmp/tmpuvkzzx6c']
[2024-02-13T15:09:27.504+0000] {standard_task_runner.py:88} INFO - Job 12127: Subtask data_to_db
[2024-02-13T15:09:27.994+0000] {task_command.py:423} INFO - Running <TaskInstance: 1Success_dag.data_to_db scheduled__2024-02-13T07:11:00+00:00 [running]> on host 06573eafe810
[2024-02-13T15:09:28.636+0000] {taskinstance.py:2480} INFO - Exporting env vars: AIRFLOW_CTX_DAG_OWNER='***' AIRFLOW_CTX_DAG_ID='1Success_dag' AIRFLOW_CTX_TASK_ID='data_to_db' AIRFLOW_CTX_EXECUTION_DATE='2024-02-13T07:11:00+00:00' AIRFLOW_CTX_TRY_NUMBER='1' AIRFLOW_CTX_DAG_RUN_ID='scheduled__2024-02-13T07:11:00+00:00'
[2024-02-13T15:09:28.640+0000] {logging_mixin.py:188} INFO - /opt/***
[2024-02-13T15:09:28.684+0000] {base.py:83} INFO - Using connection ID 'postgres_localhost' for task execution.
[2024-02-13T15:09:28.738+0000] {success_dag.py:79} INFO -      City          dt  hour  temperature_c  pressure  is_rainy
0  Москва  2024-02-13     0             -3       744         0
1  Москва  2024-02-13     1             -2       744         0
2  Москва  2024-02-13     2             -2       744         0
3  Москва  2024-02-13     3             -3       745         1
4  Москва  2024-02-13     4             -4       745         0
[2024-02-13T15:09:28.842+0000] {success_dag.py:86} INFO - columns: City, dt, hour, temperature_c, pressure, is_rainy
[2024-02-13T15:09:28.846+0000] {success_dag.py:91} INFO - values: VALUES(%s,%s,%s,%s,%s,%s)
[2024-02-13T15:09:29.200+0000] {python.py:201} INFO - Done. Returned value was: None
[2024-02-13T15:09:29.305+0000] {taskinstance.py:1138} INFO - Marking task as SUCCESS. dag_id=1Success_dag, task_id=data_to_db, execution_date=20240213T071100, start_date=20240213T150927, end_date=20240213T150929
[2024-02-13T15:09:29.461+0000] {local_task_job_runner.py:234} INFO - Task exited with return code 0
[2024-02-13T15:09:29.566+0000] {taskinstance.py:3280} INFO - 1 downstream tasks scheduled from follow-on schedule check
