[2024-02-22T06:41:24.429+0000] {taskinstance.py:1956} INFO - Dependencies all met for dep_context=non-requeueable deps ti=<TaskInstance: 1Trigger_dag.create_metric_tab scheduled__2024-02-22T06:21:00+00:00 [queued]>
[2024-02-22T06:41:24.439+0000] {taskinstance.py:1956} INFO - Dependencies all met for dep_context=requeueable deps ti=<TaskInstance: 1Trigger_dag.create_metric_tab scheduled__2024-02-22T06:21:00+00:00 [queued]>
[2024-02-22T06:41:24.439+0000] {taskinstance.py:2170} INFO - Starting attempt 1 of 1
[2024-02-22T06:41:24.461+0000] {taskinstance.py:2191} INFO - Executing <Task(PostgresOperator): create_metric_tab> on 2024-02-22 06:21:00+00:00
[2024-02-22T06:41:24.467+0000] {standard_task_runner.py:60} INFO - Started process 16106 to run task
[2024-02-22T06:41:24.472+0000] {standard_task_runner.py:87} INFO - Running: ['***', 'tasks', 'run', '1Trigger_dag', 'create_metric_tab', 'scheduled__2024-02-22T06:21:00+00:00', '--job-id', '12947', '--raw', '--subdir', 'DAGS_FOLDER/trigger_dag.py', '--cfg-path', '/tmp/tmpdk6j58n7']
[2024-02-22T06:41:24.473+0000] {standard_task_runner.py:88} INFO - Job 12947: Subtask create_metric_tab
[2024-02-22T06:41:24.527+0000] {task_command.py:423} INFO - Running <TaskInstance: 1Trigger_dag.create_metric_tab scheduled__2024-02-22T06:21:00+00:00 [running]> on host 06573eafe810
[2024-02-22T06:41:24.622+0000] {taskinstance.py:2480} INFO - Exporting env vars: AIRFLOW_CTX_DAG_OWNER='***' AIRFLOW_CTX_DAG_ID='1Trigger_dag' AIRFLOW_CTX_TASK_ID='create_metric_tab' AIRFLOW_CTX_EXECUTION_DATE='2024-02-22T06:21:00+00:00' AIRFLOW_CTX_TRY_NUMBER='1' AIRFLOW_CTX_DAG_RUN_ID='scheduled__2024-02-22T06:21:00+00:00'
[2024-02-22T06:41:24.623+0000] {sql.py:276} INFO - Executing: 
        CREATE TABLE IF NOT EXISTS metric_tab(
            id SERIAL PRIMARY KEY,
	        city varchar NULL,
	        dt date NULL,
	        hour int2 NULL,
	        temperature_c float8 NULL,
	        pressure float8 NULL,
	        is_rainy int NULL
    );
[2024-02-22T06:41:24.631+0000] {base.py:83} INFO - Using connection ID 'postgres_localhost' for task execution.
[2024-02-22T06:41:24.638+0000] {base.py:83} INFO - Using connection ID 'postgres_localhost' for task execution.
[2024-02-22T06:41:24.649+0000] {sql.py:450} INFO - Running statement: 
        CREATE TABLE IF NOT EXISTS metric_tab(
            id SERIAL PRIMARY KEY,
	        city varchar NULL,
	        dt date NULL,
	        hour int2 NULL,
	        temperature_c float8 NULL,
	        pressure float8 NULL,
	        is_rainy int NULL
    );, parameters: None
[2024-02-22T06:41:24.664+0000] {taskinstance.py:1138} INFO - Marking task as SUCCESS. dag_id=1Trigger_dag, task_id=create_metric_tab, execution_date=20240222T062100, start_date=20240222T064124, end_date=20240222T064124
[2024-02-22T06:41:24.688+0000] {local_task_job_runner.py:234} INFO - Task exited with return code 0
[2024-02-22T06:41:24.709+0000] {taskinstance.py:3280} INFO - 1 downstream tasks scheduled from follow-on schedule check
