[2024-02-12T13:17:33.234+0000] {taskinstance.py:1956} INFO - Dependencies all met for dep_context=non-requeueable deps ti=<TaskInstance: Weather_DAG_V4.8.data_to_db scheduled__2024-02-12T02:41:00+00:00 [queued]>
[2024-02-12T13:17:33.355+0000] {taskinstance.py:1956} INFO - Dependencies all met for dep_context=requeueable deps ti=<TaskInstance: Weather_DAG_V4.8.data_to_db scheduled__2024-02-12T02:41:00+00:00 [queued]>
[2024-02-12T13:17:33.381+0000] {taskinstance.py:2170} INFO - Starting attempt 1 of 1
[2024-02-12T13:17:33.588+0000] {taskinstance.py:2191} INFO - Executing <Task(PostgresOperator): data_to_db> on 2024-02-12 02:41:00+00:00
[2024-02-12T13:17:33.626+0000] {standard_task_runner.py:60} INFO - Started process 16234 to run task
[2024-02-12T13:17:33.629+0000] {standard_task_runner.py:87} INFO - Running: ['***', 'tasks', 'run', 'Weather_DAG_V4.8', 'data_to_db', 'scheduled__2024-02-12T02:41:00+00:00', '--job-id', '9684', '--raw', '--subdir', 'DAGS_FOLDER/Weather_dag.py', '--cfg-path', '/tmp/tmp4sxtwvr8']
[2024-02-12T13:17:33.648+0000] {standard_task_runner.py:88} INFO - Job 9684: Subtask data_to_db
[2024-02-12T13:17:33.829+0000] {task_command.py:423} INFO - Running <TaskInstance: Weather_DAG_V4.8.data_to_db scheduled__2024-02-12T02:41:00+00:00 [running]> on host 06573eafe810
[2024-02-12T13:17:34.161+0000] {taskinstance.py:2480} INFO - Exporting env vars: AIRFLOW_CTX_DAG_OWNER='***' AIRFLOW_CTX_DAG_ID='Weather_DAG_V4.8' AIRFLOW_CTX_TASK_ID='data_to_db' AIRFLOW_CTX_EXECUTION_DATE='2024-02-12T02:41:00+00:00' AIRFLOW_CTX_TRY_NUMBER='1' AIRFLOW_CTX_DAG_RUN_ID='scheduled__2024-02-12T02:41:00+00:00'
[2024-02-12T13:17:34.164+0000] {sql.py:276} INFO - Executing: 
        COPY weather_tab(city, dt, houur, temperature_c, pressure_mm, is_rainy)
        FROM 'weather.csv'
        DELIMITER ','
        CSV HEADER;
[2024-02-12T13:17:34.209+0000] {base.py:83} INFO - Using connection ID 'postgres_localhost' for task execution.
[2024-02-12T13:17:34.237+0000] {base.py:83} INFO - Using connection ID 'postgres_localhost' for task execution.
[2024-02-12T13:17:34.266+0000] {sql.py:450} INFO - Running statement: 
        COPY weather_tab(city, dt, houur, temperature_c, pressure_mm, is_rainy)
        FROM 'weather.csv'
        DELIMITER ','
        CSV HEADER;, parameters: None
[2024-02-12T13:17:34.272+0000] {taskinstance.py:2698} ERROR - Task failed with exception
Traceback (most recent call last):
  File "/home/airflow/.local/lib/python3.8/site-packages/airflow/models/taskinstance.py", line 433, in _execute_task
    result = execute_callable(context=context, **execute_callable_kwargs)
  File "/home/airflow/.local/lib/python3.8/site-packages/airflow/providers/common/sql/operators/sql.py", line 282, in execute
    output = hook.run(
  File "/home/airflow/.local/lib/python3.8/site-packages/airflow/providers/common/sql/hooks/sql.py", line 398, in run
    self._run_command(cur, sql_statement, parameters)
  File "/home/airflow/.local/lib/python3.8/site-packages/airflow/providers/common/sql/hooks/sql.py", line 455, in _run_command
    cur.execute(sql_statement)
psycopg2.errors.UndefinedFile: could not open file "weather.csv" for reading: No such file or directory
HINT:  COPY FROM instructs the PostgreSQL server process to read a file. You may want a client-side facility such as psql's \copy.

[2024-02-12T13:17:34.321+0000] {taskinstance.py:1138} INFO - Marking task as FAILED. dag_id=Weather_DAG_V4.8, task_id=data_to_db, execution_date=20240212T024100, start_date=20240212T131733, end_date=20240212T131734
[2024-02-12T13:17:34.370+0000] {standard_task_runner.py:107} ERROR - Failed to execute job 9684 for task data_to_db (could not open file "weather.csv" for reading: No such file or directory
HINT:  COPY FROM instructs the PostgreSQL server process to read a file. You may want a client-side facility such as psql's \copy.
; 16234)
[2024-02-12T13:17:34.445+0000] {local_task_job_runner.py:234} INFO - Task exited with return code 1
[2024-02-12T13:17:34.490+0000] {taskinstance.py:3280} INFO - 0 downstream tasks scheduled from follow-on schedule check
