[2024-02-08T10:50:39.502+0000] {taskinstance.py:1956} INFO - Dependencies all met for dep_context=non-requeueable deps ti=<TaskInstance: Weather_dag.get_weather scheduled__2024-02-08T00:11:00+00:00 [queued]>
[2024-02-08T10:50:39.731+0000] {taskinstance.py:1956} INFO - Dependencies all met for dep_context=requeueable deps ti=<TaskInstance: Weather_dag.get_weather scheduled__2024-02-08T00:11:00+00:00 [queued]>
[2024-02-08T10:50:39.753+0000] {taskinstance.py:2170} INFO - Starting attempt 1 of 2
[2024-02-08T10:50:40.038+0000] {taskinstance.py:2191} INFO - Executing <Task(PythonOperator): get_weather> on 2024-02-08 00:11:00+00:00
[2024-02-08T10:50:40.139+0000] {standard_task_runner.py:60} INFO - Started process 990 to run task
[2024-02-08T10:50:40.184+0000] {standard_task_runner.py:87} INFO - Running: ['***', 'tasks', 'run', 'Weather_dag', 'get_weather', 'scheduled__2024-02-08T00:11:00+00:00', '--job-id', '23', '--raw', '--subdir', 'DAGS_FOLDER/Weather_dag.py', '--cfg-path', '/tmp/tmp7qv8_hp2']
[2024-02-08T10:50:40.213+0000] {standard_task_runner.py:88} INFO - Job 23: Subtask get_weather
[2024-02-08T10:50:40.880+0000] {task_command.py:423} INFO - Running <TaskInstance: Weather_dag.get_weather scheduled__2024-02-08T00:11:00+00:00 [running]> on host 06573eafe810
[2024-02-08T10:50:43.089+0000] {taskinstance.py:2480} INFO - Exporting env vars: AIRFLOW_CTX_DAG_OWNER='***' AIRFLOW_CTX_DAG_ID='Weather_dag' AIRFLOW_CTX_TASK_ID='get_weather' AIRFLOW_CTX_EXECUTION_DATE='2024-02-08T00:11:00+00:00' AIRFLOW_CTX_TRY_NUMBER='1' AIRFLOW_CTX_DAG_RUN_ID='scheduled__2024-02-08T00:11:00+00:00'
[2024-02-08T10:50:51.302+0000] {python.py:201} INFO - Done. Returned value was: None
[2024-02-08T10:50:51.314+0000] {taskinstance.py:1138} INFO - Marking task as SUCCESS. dag_id=Weather_dag, task_id=get_weather, execution_date=20240208T001100, start_date=20240208T105039, end_date=20240208T105051
[2024-02-08T10:50:51.353+0000] {local_task_job_runner.py:234} INFO - Task exited with return code 0
[2024-02-08T10:50:51.375+0000] {taskinstance.py:3280} INFO - 1 downstream tasks scheduled from follow-on schedule check
[2024-02-08T10:51:09.288+0000] {taskinstance.py:1956} INFO - Dependencies all met for dep_context=non-requeueable deps ti=<TaskInstance: weather_dag.get_weather scheduled__2024-02-08T00:11:00+00:00 [queued]>
[2024-02-08T10:51:09.352+0000] {taskinstance.py:1956} INFO - Dependencies all met for dep_context=requeueable deps ti=<TaskInstance: weather_dag.get_weather scheduled__2024-02-08T00:11:00+00:00 [queued]>
[2024-02-08T10:51:09.356+0000] {taskinstance.py:2170} INFO - Starting attempt 1 of 2
[2024-02-08T10:51:09.566+0000] {taskinstance.py:2191} INFO - Executing <Task(PythonOperator): get_weather> on 2024-02-08 00:11:00+00:00
[2024-02-08T10:51:09.587+0000] {standard_task_runner.py:60} INFO - Started process 1031 to run task
[2024-02-08T10:51:09.600+0000] {standard_task_runner.py:87} INFO - Running: ['***', 'tasks', 'run', 'weather_dag', 'get_weather', 'scheduled__2024-02-08T00:11:00+00:00', '--job-id', '34', '--raw', '--subdir', 'DAGS_FOLDER/Weather_dag.py', '--cfg-path', '/tmp/tmphwp6iv_1']
[2024-02-08T10:51:09.648+0000] {standard_task_runner.py:88} INFO - Job 34: Subtask get_weather
[2024-02-08T10:51:10.001+0000] {task_command.py:423} INFO - Running <TaskInstance: weather_dag.get_weather scheduled__2024-02-08T00:11:00+00:00 [running]> on host 06573eafe810
[2024-02-08T10:51:10.723+0000] {taskinstance.py:2480} INFO - Exporting env vars: AIRFLOW_CTX_DAG_OWNER='***' AIRFLOW_CTX_DAG_ID='weather_dag' AIRFLOW_CTX_TASK_ID='get_weather' AIRFLOW_CTX_EXECUTION_DATE='2024-02-08T00:11:00+00:00' AIRFLOW_CTX_TRY_NUMBER='1' AIRFLOW_CTX_DAG_RUN_ID='scheduled__2024-02-08T00:11:00+00:00'
[2024-02-08T10:51:17.848+0000] {python.py:201} INFO - Done. Returned value was: None
[2024-02-08T10:51:17.909+0000] {taskinstance.py:1138} INFO - Marking task as SUCCESS. dag_id=weather_dag, task_id=get_weather, execution_date=20240208T001100, start_date=20240208T105109, end_date=20240208T105117
[2024-02-08T10:51:18.613+0000] {local_task_job_runner.py:234} INFO - Task exited with return code 0
[2024-02-08T10:51:18.682+0000] {taskinstance.py:3280} INFO - 1 downstream tasks scheduled from follow-on schedule check
