[2024-02-09T11:10:05.679+0000] {taskinstance.py:1956} INFO - Dependencies all met for dep_context=non-requeueable deps ti=<TaskInstance: Weather_DAG_V3.data_to_db scheduled__2024-02-09T00:36:00+00:00 [queued]>
[2024-02-09T11:10:05.821+0000] {taskinstance.py:1956} INFO - Dependencies all met for dep_context=requeueable deps ti=<TaskInstance: Weather_DAG_V3.data_to_db scheduled__2024-02-09T00:36:00+00:00 [queued]>
[2024-02-09T11:10:05.847+0000] {taskinstance.py:2170} INFO - Starting attempt 2 of 2
[2024-02-09T11:10:06.193+0000] {taskinstance.py:2191} INFO - Executing <Task(PythonOperator): data_to_db> on 2024-02-09 00:36:00+00:00
[2024-02-09T11:10:06.259+0000] {standard_task_runner.py:60} INFO - Started process 7394 to run task
[2024-02-09T11:10:06.399+0000] {standard_task_runner.py:87} INFO - Running: ['***', 'tasks', 'run', 'Weather_DAG_V3', 'data_to_db', 'scheduled__2024-02-09T00:36:00+00:00', '--job-id', '2598', '--raw', '--subdir', 'DAGS_FOLDER/Weather_dag.py', '--cfg-path', '/tmp/tmp_z3b_odb']
[2024-02-09T11:10:06.430+0000] {standard_task_runner.py:88} INFO - Job 2598: Subtask data_to_db
[2024-02-09T11:10:07.567+0000] {task_command.py:423} INFO - Running <TaskInstance: Weather_DAG_V3.data_to_db scheduled__2024-02-09T00:36:00+00:00 [running]> on host 06573eafe810
[2024-02-09T11:10:08.241+0000] {taskinstance.py:2480} INFO - Exporting env vars: AIRFLOW_CTX_DAG_OWNER='***' AIRFLOW_CTX_DAG_ID='Weather_DAG_V3' AIRFLOW_CTX_TASK_ID='data_to_db' AIRFLOW_CTX_EXECUTION_DATE='2024-02-09T00:36:00+00:00' AIRFLOW_CTX_TRY_NUMBER='2' AIRFLOW_CTX_DAG_RUN_ID='scheduled__2024-02-09T00:36:00+00:00'
[2024-02-09T11:10:08.287+0000] {postgres.py:172} INFO - Running copy expert: COPY weather_tab FROM STDIN, filename: Empty DataFrame
Columns: [Unnamed: 0, City, date, hour, temperature_c, pressure, is_rainy]
Index: []
[2024-02-09T11:10:08.324+0000] {taskinstance.py:2698} ERROR - Task failed with exception
Traceback (most recent call last):
  File "/home/airflow/.local/lib/python3.8/site-packages/airflow/models/taskinstance.py", line 433, in _execute_task
    result = execute_callable(context=context, **execute_callable_kwargs)
  File "/home/airflow/.local/lib/python3.8/site-packages/airflow/operators/python.py", line 199, in execute
    return_value = self.execute_callable()
  File "/home/airflow/.local/lib/python3.8/site-packages/airflow/operators/python.py", line 216, in execute_callable
    return self.python_callable(*self.op_args, **self.op_kwargs)
  File "/opt/airflow/dags/Weather_dag.py", line 72, in csv_db
    hook.bulk_load(table='weather_tab', tmp_file=CSV_DATA)
  File "/home/airflow/.local/lib/python3.8/site-packages/airflow/providers/postgres/hooks/postgres.py", line 194, in bulk_load
    self.copy_expert(f"COPY {table} FROM STDIN", tmp_file)
  File "/home/airflow/.local/lib/python3.8/site-packages/airflow/providers/postgres/hooks/postgres.py", line 173, in copy_expert
    if not os.path.isfile(filename):
  File "/usr/local/lib/python3.8/genericpath.py", line 30, in isfile
    st = os.stat(path)
TypeError: stat: path should be string, bytes, os.PathLike or integer, not DataFrame
[2024-02-09T11:10:08.422+0000] {taskinstance.py:1138} INFO - Marking task as FAILED. dag_id=Weather_DAG_V3, task_id=data_to_db, execution_date=20240209T003600, start_date=20240209T111005, end_date=20240209T111008
[2024-02-09T11:10:08.522+0000] {standard_task_runner.py:107} ERROR - Failed to execute job 2598 for task data_to_db (stat: path should be string, bytes, os.PathLike or integer, not DataFrame; 7394)
[2024-02-09T11:10:08.555+0000] {local_task_job_runner.py:234} INFO - Task exited with return code 1
[2024-02-09T11:10:08.585+0000] {taskinstance.py:3280} INFO - 0 downstream tasks scheduled from follow-on schedule check
