[2024-02-08T10:56:01.626+0000] {taskinstance.py:1956} INFO - Dependencies all met for dep_context=non-requeueable deps ti=<TaskInstance: weather_dag.get_weather scheduled__2024-02-08T10:51:00+00:00 [queued]>
[2024-02-08T10:56:01.635+0000] {taskinstance.py:1956} INFO - Dependencies all met for dep_context=requeueable deps ti=<TaskInstance: weather_dag.get_weather scheduled__2024-02-08T10:51:00+00:00 [queued]>
[2024-02-08T10:56:01.635+0000] {taskinstance.py:2170} INFO - Starting attempt 1 of 2
[2024-02-08T10:56:01.656+0000] {taskinstance.py:2191} INFO - Executing <Task(PythonOperator): get_weather> on 2024-02-08 10:51:00+00:00
[2024-02-08T10:56:01.663+0000] {standard_task_runner.py:60} INFO - Started process 1843 to run task
[2024-02-08T10:56:01.666+0000] {standard_task_runner.py:87} INFO - Running: ['***', 'tasks', 'run', 'weather_dag', 'get_weather', 'scheduled__2024-02-08T10:51:00+00:00', '--job-id', '290', '--raw', '--subdir', 'DAGS_FOLDER/Weather_dag.py', '--cfg-path', '/tmp/tmpng07l7nd']
[2024-02-08T10:56:01.667+0000] {standard_task_runner.py:88} INFO - Job 290: Subtask get_weather
[2024-02-08T10:56:01.720+0000] {task_command.py:423} INFO - Running <TaskInstance: weather_dag.get_weather scheduled__2024-02-08T10:51:00+00:00 [running]> on host 06573eafe810
[2024-02-08T10:56:01.812+0000] {taskinstance.py:2480} INFO - Exporting env vars: AIRFLOW_CTX_DAG_OWNER='***' AIRFLOW_CTX_DAG_ID='weather_dag' AIRFLOW_CTX_TASK_ID='get_weather' AIRFLOW_CTX_EXECUTION_DATE='2024-02-08T10:51:00+00:00' AIRFLOW_CTX_TRY_NUMBER='1' AIRFLOW_CTX_DAG_RUN_ID='scheduled__2024-02-08T10:51:00+00:00'
[2024-02-08T10:56:02.799+0000] {python.py:201} INFO - Done. Returned value was: None
[2024-02-08T10:56:02.812+0000] {taskinstance.py:1138} INFO - Marking task as SUCCESS. dag_id=weather_dag, task_id=get_weather, execution_date=20240208T105100, start_date=20240208T105601, end_date=20240208T105602
[2024-02-08T10:56:02.844+0000] {local_task_job_runner.py:234} INFO - Task exited with return code 0
[2024-02-08T10:56:02.865+0000] {taskinstance.py:3280} INFO - 1 downstream tasks scheduled from follow-on schedule check
[2024-02-08T11:55:58.153+0000] {taskinstance.py:1956} INFO - Dependencies all met for dep_context=non-requeueable deps ti=<TaskInstance: Weather_DAG.get_weather scheduled__2024-02-08T10:51:00+00:00 [queued]>
[2024-02-08T11:55:58.299+0000] {taskinstance.py:1956} INFO - Dependencies all met for dep_context=requeueable deps ti=<TaskInstance: Weather_DAG.get_weather scheduled__2024-02-08T10:51:00+00:00 [queued]>
[2024-02-08T11:55:58.371+0000] {taskinstance.py:2170} INFO - Starting attempt 1 of 2
[2024-02-08T11:55:58.916+0000] {taskinstance.py:2191} INFO - Executing <Task(PythonOperator): get_weather> on 2024-02-08 10:51:00+00:00
[2024-02-08T11:55:58.974+0000] {standard_task_runner.py:60} INFO - Started process 2436 to run task
[2024-02-08T11:55:59.045+0000] {standard_task_runner.py:87} INFO - Running: ['***', 'tasks', 'run', 'Weather_DAG', 'get_weather', 'scheduled__2024-02-08T10:51:00+00:00', '--job-id', '320', '--raw', '--subdir', 'DAGS_FOLDER/Weather_dag.py', '--cfg-path', '/tmp/tmprkic4oie']
[2024-02-08T11:55:59.048+0000] {standard_task_runner.py:88} INFO - Job 320: Subtask get_weather
[2024-02-08T11:55:59.523+0000] {task_command.py:423} INFO - Running <TaskInstance: Weather_DAG.get_weather scheduled__2024-02-08T10:51:00+00:00 [running]> on host 06573eafe810
[2024-02-08T11:56:00.888+0000] {taskinstance.py:2480} INFO - Exporting env vars: AIRFLOW_CTX_DAG_OWNER='***' AIRFLOW_CTX_DAG_ID='Weather_DAG' AIRFLOW_CTX_TASK_ID='get_weather' AIRFLOW_CTX_EXECUTION_DATE='2024-02-08T10:51:00+00:00' AIRFLOW_CTX_TRY_NUMBER='1' AIRFLOW_CTX_DAG_RUN_ID='scheduled__2024-02-08T10:51:00+00:00'
[2024-02-08T11:56:10.015+0000] {python.py:201} INFO - Done. Returned value was: None
[2024-02-08T11:56:10.093+0000] {taskinstance.py:1138} INFO - Marking task as SUCCESS. dag_id=Weather_DAG, task_id=get_weather, execution_date=20240208T105100, start_date=20240208T115558, end_date=20240208T115610
[2024-02-08T11:56:10.414+0000] {local_task_job_runner.py:234} INFO - Task exited with return code 0
[2024-02-08T11:56:10.802+0000] {taskinstance.py:3280} INFO - 1 downstream tasks scheduled from follow-on schedule check
