[2024-02-08T13:27:08.263+0000] {taskinstance.py:1956} INFO - Dependencies all met for dep_context=non-requeueable deps ti=<TaskInstance: Weather_DAG.create_db_schem scheduled__2024-02-08T13:25:00+00:00 [queued]>
[2024-02-08T13:27:08.294+0000] {taskinstance.py:1956} INFO - Dependencies all met for dep_context=requeueable deps ti=<TaskInstance: Weather_DAG.create_db_schem scheduled__2024-02-08T13:25:00+00:00 [queued]>
[2024-02-08T13:27:08.306+0000] {taskinstance.py:2170} INFO - Starting attempt 1 of 2
[2024-02-08T13:27:08.349+0000] {taskinstance.py:2191} INFO - Executing <Task(PostgresOperator): create_db_schem> on 2024-02-08 13:25:00+00:00
[2024-02-08T13:27:08.356+0000] {standard_task_runner.py:60} INFO - Started process 4350 to run task
[2024-02-08T13:27:08.360+0000] {standard_task_runner.py:87} INFO - Running: ['***', 'tasks', 'run', 'Weather_DAG', 'create_db_schem', 'scheduled__2024-02-08T13:25:00+00:00', '--job-id', '533', '--raw', '--subdir', 'DAGS_FOLDER/Weather_dag.py', '--cfg-path', '/tmp/tmpfirufdsh']
[2024-02-08T13:27:08.364+0000] {standard_task_runner.py:88} INFO - Job 533: Subtask create_db_schem
[2024-02-08T13:27:08.460+0000] {task_command.py:423} INFO - Running <TaskInstance: Weather_DAG.create_db_schem scheduled__2024-02-08T13:25:00+00:00 [running]> on host 06573eafe810
[2024-02-08T13:27:08.632+0000] {taskinstance.py:2480} INFO - Exporting env vars: AIRFLOW_CTX_DAG_OWNER='***' AIRFLOW_CTX_DAG_ID='Weather_DAG' AIRFLOW_CTX_TASK_ID='create_db_schem' AIRFLOW_CTX_EXECUTION_DATE='2024-02-08T13:25:00+00:00' AIRFLOW_CTX_TRY_NUMBER='1' AIRFLOW_CTX_DAG_RUN_ID='scheduled__2024-02-08T13:25:00+00:00'
[2024-02-08T13:27:08.636+0000] {sql.py:276} INFO - Executing: 
        CREATE TABLE IF NOT EXISTS dag_runs(
            id serial PRIMARY KEY,
            city varchar(),
            dt date,
            houur smallint(),
            temperature_c float(),
            pressure_mm float(),
            is_rainy boolean
            )
[2024-02-08T13:27:08.646+0000] {base.py:83} INFO - Using connection ID 'postgres_localhost' for task execution.
[2024-02-08T13:27:08.657+0000] {base.py:83} INFO - Using connection ID 'postgres_localhost' for task execution.
[2024-02-08T13:27:08.666+0000] {sql.py:450} INFO - Running statement: 
        CREATE TABLE IF NOT EXISTS dag_runs(
            id serial PRIMARY KEY,
            city varchar(),
            dt date,
            houur smallint(),
            temperature_c float(),
            pressure_mm float(),
            is_rainy boolean
            ), parameters: None
[2024-02-08T13:27:08.673+0000] {taskinstance.py:2698} ERROR - Task failed with exception
Traceback (most recent call last):
  File "/home/airflow/.local/lib/python3.8/site-packages/airflow/models/taskinstance.py", line 433, in _execute_task
    result = execute_callable(context=context, **execute_callable_kwargs)
  File "/home/airflow/.local/lib/python3.8/site-packages/airflow/providers/common/sql/operators/sql.py", line 282, in execute
    output = hook.run(
  File "/home/airflow/.local/lib/python3.8/site-packages/airflow/providers/common/sql/hooks/sql.py", line 398, in run
    self._run_command(cur, sql_statement, parameters)
  File "/home/airflow/.local/lib/python3.8/site-packages/airflow/providers/common/sql/hooks/sql.py", line 455, in _run_command
    cur.execute(sql_statement)
psycopg2.errors.SyntaxError: syntax error at or near ")"
LINE 4:             city varchar(),
                                 ^

[2024-02-08T13:27:08.683+0000] {taskinstance.py:1138} INFO - Marking task as UP_FOR_RETRY. dag_id=Weather_DAG, task_id=create_db_schem, execution_date=20240208T132500, start_date=20240208T132708, end_date=20240208T132708
[2024-02-08T13:27:08.702+0000] {standard_task_runner.py:107} ERROR - Failed to execute job 533 for task create_db_schem (syntax error at or near ")"
LINE 4:             city varchar(),
                                 ^
; 4350)
[2024-02-08T13:27:08.746+0000] {local_task_job_runner.py:234} INFO - Task exited with return code 1
[2024-02-08T13:27:08.766+0000] {taskinstance.py:3280} INFO - 0 downstream tasks scheduled from follow-on schedule check
