[2024-02-08T10:50:46.610+0000] {taskinstance.py:1956} INFO - Dependencies all met for dep_context=non-requeueable deps ti=<TaskInstance: Weather_dag.get_weather scheduled__2024-02-08T00:41:00+00:00 [queued]>
[2024-02-08T10:50:46.652+0000] {taskinstance.py:1956} INFO - Dependencies all met for dep_context=requeueable deps ti=<TaskInstance: Weather_dag.get_weather scheduled__2024-02-08T00:41:00+00:00 [queued]>
[2024-02-08T10:50:46.654+0000] {taskinstance.py:2170} INFO - Starting attempt 1 of 2
[2024-02-08T10:50:46.812+0000] {taskinstance.py:2191} INFO - Executing <Task(PythonOperator): get_weather> on 2024-02-08 00:41:00+00:00
[2024-02-08T10:50:46.833+0000] {standard_task_runner.py:60} INFO - Started process 995 to run task
[2024-02-08T10:50:46.906+0000] {standard_task_runner.py:87} INFO - Running: ['***', 'tasks', 'run', 'Weather_dag', 'get_weather', 'scheduled__2024-02-08T00:41:00+00:00', '--job-id', '28', '--raw', '--subdir', 'DAGS_FOLDER/Weather_dag.py', '--cfg-path', '/tmp/tmpdgj8muks']
[2024-02-08T10:50:46.940+0000] {standard_task_runner.py:88} INFO - Job 28: Subtask get_weather
[2024-02-08T10:50:47.260+0000] {task_command.py:423} INFO - Running <TaskInstance: Weather_dag.get_weather scheduled__2024-02-08T00:41:00+00:00 [running]> on host 06573eafe810
[2024-02-08T10:50:47.570+0000] {taskinstance.py:2480} INFO - Exporting env vars: AIRFLOW_CTX_DAG_OWNER='***' AIRFLOW_CTX_DAG_ID='Weather_dag' AIRFLOW_CTX_TASK_ID='get_weather' AIRFLOW_CTX_EXECUTION_DATE='2024-02-08T00:41:00+00:00' AIRFLOW_CTX_TRY_NUMBER='1' AIRFLOW_CTX_DAG_RUN_ID='scheduled__2024-02-08T00:41:00+00:00'
[2024-02-08T10:50:49.131+0000] {python.py:201} INFO - Done. Returned value was: None
[2024-02-08T10:50:49.142+0000] {taskinstance.py:1138} INFO - Marking task as SUCCESS. dag_id=Weather_dag, task_id=get_weather, execution_date=20240208T004100, start_date=20240208T105046, end_date=20240208T105049
[2024-02-08T10:50:49.221+0000] {local_task_job_runner.py:234} INFO - Task exited with return code 0
[2024-02-08T10:50:49.292+0000] {taskinstance.py:3280} INFO - 1 downstream tasks scheduled from follow-on schedule check
[2024-02-08T10:51:16.960+0000] {taskinstance.py:1956} INFO - Dependencies all met for dep_context=non-requeueable deps ti=<TaskInstance: weather_dag.get_weather scheduled__2024-02-08T00:41:00+00:00 [queued]>
[2024-02-08T10:51:17.071+0000] {taskinstance.py:1956} INFO - Dependencies all met for dep_context=requeueable deps ti=<TaskInstance: weather_dag.get_weather scheduled__2024-02-08T00:41:00+00:00 [queued]>
[2024-02-08T10:51:17.080+0000] {taskinstance.py:2170} INFO - Starting attempt 1 of 2
[2024-02-08T10:51:17.229+0000] {taskinstance.py:2191} INFO - Executing <Task(PythonOperator): get_weather> on 2024-02-08 00:41:00+00:00
[2024-02-08T10:51:17.269+0000] {standard_task_runner.py:60} INFO - Started process 1050 to run task
[2024-02-08T10:51:17.307+0000] {standard_task_runner.py:87} INFO - Running: ['***', 'tasks', 'run', 'weather_dag', 'get_weather', 'scheduled__2024-02-08T00:41:00+00:00', '--job-id', '37', '--raw', '--subdir', 'DAGS_FOLDER/Weather_dag.py', '--cfg-path', '/tmp/tmpko6w8vlm']
[2024-02-08T10:51:17.345+0000] {standard_task_runner.py:88} INFO - Job 37: Subtask get_weather
[2024-02-08T10:51:18.081+0000] {task_command.py:423} INFO - Running <TaskInstance: weather_dag.get_weather scheduled__2024-02-08T00:41:00+00:00 [running]> on host 06573eafe810
[2024-02-08T10:51:18.786+0000] {taskinstance.py:2480} INFO - Exporting env vars: AIRFLOW_CTX_DAG_OWNER='***' AIRFLOW_CTX_DAG_ID='weather_dag' AIRFLOW_CTX_TASK_ID='get_weather' AIRFLOW_CTX_EXECUTION_DATE='2024-02-08T00:41:00+00:00' AIRFLOW_CTX_TRY_NUMBER='1' AIRFLOW_CTX_DAG_RUN_ID='scheduled__2024-02-08T00:41:00+00:00'
[2024-02-08T10:51:21.789+0000] {python.py:201} INFO - Done. Returned value was: None
[2024-02-08T10:51:21.835+0000] {taskinstance.py:1138} INFO - Marking task as SUCCESS. dag_id=weather_dag, task_id=get_weather, execution_date=20240208T004100, start_date=20240208T105116, end_date=20240208T105121
[2024-02-08T10:51:21.945+0000] {local_task_job_runner.py:234} INFO - Task exited with return code 0
[2024-02-08T10:51:22.132+0000] {taskinstance.py:3280} INFO - 1 downstream tasks scheduled from follow-on schedule check
