[2024-02-09T13:31:56.172+0000] {taskinstance.py:1956} INFO - Dependencies all met for dep_context=non-requeueable deps ti=<TaskInstance: Weather_DAG_V2.6.data_to_db scheduled__2024-02-09T07:36:00+00:00 [queued]>
[2024-02-09T13:31:56.200+0000] {taskinstance.py:1956} INFO - Dependencies all met for dep_context=requeueable deps ti=<TaskInstance: Weather_DAG_V2.6.data_to_db scheduled__2024-02-09T07:36:00+00:00 [queued]>
[2024-02-09T13:31:56.206+0000] {taskinstance.py:2170} INFO - Starting attempt 2 of 2
[2024-02-09T13:31:56.257+0000] {taskinstance.py:2191} INFO - Executing <Task(PythonOperator): data_to_db> on 2024-02-09 07:36:00+00:00
[2024-02-09T13:31:56.292+0000] {standard_task_runner.py:60} INFO - Started process 15414 to run task
[2024-02-09T13:31:56.302+0000] {standard_task_runner.py:87} INFO - Running: ['***', 'tasks', 'run', 'Weather_DAG_V2.6', 'data_to_db', 'scheduled__2024-02-09T07:36:00+00:00', '--job-id', '4596', '--raw', '--subdir', 'DAGS_FOLDER/Weather_dag.py', '--cfg-path', '/tmp/tmpgs2b03wf']
[2024-02-09T13:31:56.304+0000] {standard_task_runner.py:88} INFO - Job 4596: Subtask data_to_db
[2024-02-09T13:31:56.421+0000] {task_command.py:423} INFO - Running <TaskInstance: Weather_DAG_V2.6.data_to_db scheduled__2024-02-09T07:36:00+00:00 [running]> on host 06573eafe810
[2024-02-09T13:31:56.555+0000] {taskinstance.py:2480} INFO - Exporting env vars: AIRFLOW_CTX_DAG_OWNER='***' AIRFLOW_CTX_DAG_ID='Weather_DAG_V2.6' AIRFLOW_CTX_TASK_ID='data_to_db' AIRFLOW_CTX_EXECUTION_DATE='2024-02-09T07:36:00+00:00' AIRFLOW_CTX_TRY_NUMBER='2' AIRFLOW_CTX_DAG_RUN_ID='scheduled__2024-02-09T07:36:00+00:00'
[2024-02-09T13:31:56.583+0000] {base.py:83} INFO - Using connection ID 'postgres_localhost' for task execution.
[2024-02-09T13:31:56.594+0000] {taskinstance.py:2698} ERROR - Task failed with exception
Traceback (most recent call last):
  File "/home/airflow/.local/lib/python3.8/site-packages/airflow/models/taskinstance.py", line 433, in _execute_task
    result = execute_callable(context=context, **execute_callable_kwargs)
  File "/home/airflow/.local/lib/python3.8/site-packages/airflow/operators/python.py", line 199, in execute
    return_value = self.execute_callable()
  File "/home/airflow/.local/lib/python3.8/site-packages/airflow/operators/python.py", line 216, in execute_callable
    return self.python_callable(*self.op_args, **self.op_kwargs)
  File "/opt/airflow/dags/Weather_dag.py", line 74, in csv_db
    hook.insert_rows(table='weather_tab', rows=CSV_DATA, )
  File "/home/airflow/.local/lib/python3.8/site-packages/airflow/providers/common/sql/hooks/sql.py", line 541, in insert_rows
    cur.execute(sql, values)
psycopg2.errors.InvalidTextRepresentation: invalid input syntax for type integer: "C"
LINE 1: INSERT INTO weather_tab  VALUES ('C','i','t','y')
                                         ^

[2024-02-09T13:31:56.620+0000] {taskinstance.py:1138} INFO - Marking task as FAILED. dag_id=Weather_DAG_V2.6, task_id=data_to_db, execution_date=20240209T073600, start_date=20240209T133156, end_date=20240209T133156
[2024-02-09T13:31:56.643+0000] {standard_task_runner.py:107} ERROR - Failed to execute job 4596 for task data_to_db (invalid input syntax for type integer: "C"
LINE 1: INSERT INTO weather_tab  VALUES ('C','i','t','y')
                                         ^
; 15414)
[2024-02-09T13:31:56.657+0000] {local_task_job_runner.py:234} INFO - Task exited with return code 1
[2024-02-09T13:31:56.681+0000] {taskinstance.py:3280} INFO - 0 downstream tasks scheduled from follow-on schedule check
