[2024-02-22T14:21:10.730+0000] {taskinstance.py:1956} INFO - Dependencies all met for dep_context=non-requeueable deps ti=<TaskInstance: 1Success_dag.data_to_db manual__2024-02-22T00:00:00+00:00 [queued]>
[2024-02-22T14:21:10.756+0000] {taskinstance.py:1956} INFO - Dependencies all met for dep_context=requeueable deps ti=<TaskInstance: 1Success_dag.data_to_db manual__2024-02-22T00:00:00+00:00 [queued]>
[2024-02-22T14:21:10.828+0000] {taskinstance.py:2170} INFO - Starting attempt 32 of 32
[2024-02-22T14:21:10.882+0000] {taskinstance.py:2191} INFO - Executing <Task(PythonOperator): data_to_db> on 2024-02-22 00:00:00+00:00
[2024-02-22T14:21:10.890+0000] {standard_task_runner.py:60} INFO - Started process 20639 to run task
[2024-02-22T14:21:10.894+0000] {standard_task_runner.py:87} INFO - Running: ['***', 'tasks', 'run', '1Success_dag', 'data_to_db', 'manual__2024-02-22T00:00:00+00:00', '--job-id', '13087', '--raw', '--subdir', 'DAGS_FOLDER/success_dag.py', '--cfg-path', '/tmp/tmpik36hmc6']
[2024-02-22T14:21:10.900+0000] {standard_task_runner.py:88} INFO - Job 13087: Subtask data_to_db
[2024-02-22T14:21:10.968+0000] {task_command.py:423} INFO - Running <TaskInstance: 1Success_dag.data_to_db manual__2024-02-22T00:00:00+00:00 [running]> on host 06573eafe810
[2024-02-22T14:21:11.079+0000] {taskinstance.py:2480} INFO - Exporting env vars: AIRFLOW_CTX_DAG_OWNER='***' AIRFLOW_CTX_DAG_ID='1Success_dag' AIRFLOW_CTX_TASK_ID='data_to_db' AIRFLOW_CTX_EXECUTION_DATE='2024-02-22T00:00:00+00:00' AIRFLOW_CTX_TRY_NUMBER='32' AIRFLOW_CTX_DAG_RUN_ID='manual__2024-02-22T00:00:00+00:00'
[2024-02-22T14:21:11.087+0000] {logging_mixin.py:188} INFO - /opt/***
[2024-02-22T14:21:11.102+0000] {base.py:83} INFO - Using connection ID 'postgres_localhost' for task execution.
[2024-02-22T14:21:11.125+0000] {success_dag.py:79} INFO -      City          dt  hour  temperature_c  pressure  is_rainy
0  Москва  2024-02-22     0             -5       752         1
1  Москва  2024-02-22     1             -5       751         1
2  Москва  2024-02-22     2             -4       751         1
3  Москва  2024-02-22     3             -4       752         1
4  Москва  2024-02-22     4             -4       751         0
[2024-02-22T14:21:11.142+0000] {success_dag.py:86} INFO - columns: City, dt, hour, temperature_c, pressure, is_rainy
[2024-02-22T14:21:11.143+0000] {success_dag.py:91} INFO - values: VALUES(%s,%s,%s,%s,%s,%s)
[2024-02-22T14:21:11.193+0000] {python.py:201} INFO - Done. Returned value was: None
[2024-02-22T14:21:11.207+0000] {taskinstance.py:1138} INFO - Marking task as SUCCESS. dag_id=1Success_dag, task_id=data_to_db, execution_date=20240222T000000, start_date=20240222T142110, end_date=20240222T142111
[2024-02-22T14:21:11.267+0000] {local_task_job_runner.py:234} INFO - Task exited with return code 0
[2024-02-22T14:21:11.297+0000] {taskinstance.py:3280} INFO - 1 downstream tasks scheduled from follow-on schedule check
