[2024-02-22T13:47:19.202+0000] {taskinstance.py:1956} INFO - Dependencies all met for dep_context=non-requeueable deps ti=<TaskInstance: 1Success_dag.data_to_db manual__2024-02-22T00:00:00+00:00 [queued]>
[2024-02-22T13:47:19.211+0000] {taskinstance.py:1956} INFO - Dependencies all met for dep_context=requeueable deps ti=<TaskInstance: 1Success_dag.data_to_db manual__2024-02-22T00:00:00+00:00 [queued]>
[2024-02-22T13:47:19.212+0000] {taskinstance.py:2170} INFO - Starting attempt 30 of 30
[2024-02-22T13:47:19.229+0000] {taskinstance.py:2191} INFO - Executing <Task(PythonOperator): data_to_db> on 2024-02-22 00:00:00+00:00
[2024-02-22T13:47:19.235+0000] {standard_task_runner.py:60} INFO - Started process 20091 to run task
[2024-02-22T13:47:19.239+0000] {standard_task_runner.py:87} INFO - Running: ['***', 'tasks', 'run', '1Success_dag', 'data_to_db', 'manual__2024-02-22T00:00:00+00:00', '--job-id', '13071', '--raw', '--subdir', 'DAGS_FOLDER/success_dag.py', '--cfg-path', '/tmp/tmp06cba1_j']
[2024-02-22T13:47:19.240+0000] {standard_task_runner.py:88} INFO - Job 13071: Subtask data_to_db
[2024-02-22T13:47:19.293+0000] {task_command.py:423} INFO - Running <TaskInstance: 1Success_dag.data_to_db manual__2024-02-22T00:00:00+00:00 [running]> on host 06573eafe810
[2024-02-22T13:47:19.383+0000] {taskinstance.py:2480} INFO - Exporting env vars: AIRFLOW_CTX_DAG_OWNER='***' AIRFLOW_CTX_DAG_ID='1Success_dag' AIRFLOW_CTX_TASK_ID='data_to_db' AIRFLOW_CTX_EXECUTION_DATE='2024-02-22T00:00:00+00:00' AIRFLOW_CTX_TRY_NUMBER='30' AIRFLOW_CTX_DAG_RUN_ID='manual__2024-02-22T00:00:00+00:00'
[2024-02-22T13:47:19.385+0000] {logging_mixin.py:188} INFO - /opt/***
[2024-02-22T13:47:19.393+0000] {base.py:83} INFO - Using connection ID 'postgres_localhost' for task execution.
[2024-02-22T13:47:19.414+0000] {success_dag.py:79} INFO -      City          dt  hour  temperature_c  pressure  is_rainy
0  Москва  2024-02-22     0             -5       752         1
1  Москва  2024-02-22     1             -5       751         1
2  Москва  2024-02-22     2             -4       751         1
3  Москва  2024-02-22     3             -4       752         1
4  Москва  2024-02-22     4             -4       751         0
[2024-02-22T13:47:19.423+0000] {success_dag.py:86} INFO - columns: City, dt, hour, temperature_c, pressure, is_rainy
[2024-02-22T13:47:19.424+0000] {success_dag.py:91} INFO - values: VALUES(%s,%s,%s,%s,%s,%s)
[2024-02-22T13:47:19.466+0000] {python.py:201} INFO - Done. Returned value was: None
[2024-02-22T13:47:19.477+0000] {taskinstance.py:1138} INFO - Marking task as SUCCESS. dag_id=1Success_dag, task_id=data_to_db, execution_date=20240222T000000, start_date=20240222T134719, end_date=20240222T134719
[2024-02-22T13:47:19.532+0000] {local_task_job_runner.py:234} INFO - Task exited with return code 0
[2024-02-22T13:47:19.555+0000] {taskinstance.py:3280} INFO - 1 downstream tasks scheduled from follow-on schedule check
