[2024-02-22T06:21:09.339+0000] {taskinstance.py:1956} INFO - Dependencies all met for dep_context=non-requeueable deps ti=<TaskInstance: 1Success_dag.data_to_db manual__2024-02-22T00:00:00+00:00 [queued]>
[2024-02-22T06:21:09.347+0000] {taskinstance.py:1956} INFO - Dependencies all met for dep_context=requeueable deps ti=<TaskInstance: 1Success_dag.data_to_db manual__2024-02-22T00:00:00+00:00 [queued]>
[2024-02-22T06:21:09.348+0000] {taskinstance.py:2170} INFO - Starting attempt 12 of 12
[2024-02-22T06:21:09.364+0000] {taskinstance.py:2191} INFO - Executing <Task(PythonOperator): data_to_db> on 2024-02-22 00:00:00+00:00
[2024-02-22T06:21:09.369+0000] {standard_task_runner.py:60} INFO - Started process 15793 to run task
[2024-02-22T06:21:09.372+0000] {standard_task_runner.py:87} INFO - Running: ['***', 'tasks', 'run', '1Success_dag', 'data_to_db', 'manual__2024-02-22T00:00:00+00:00', '--job-id', '12938', '--raw', '--subdir', 'DAGS_FOLDER/success_dag.py', '--cfg-path', '/tmp/tmpm0hk4vux']
[2024-02-22T06:21:09.374+0000] {standard_task_runner.py:88} INFO - Job 12938: Subtask data_to_db
[2024-02-22T06:21:09.421+0000] {task_command.py:423} INFO - Running <TaskInstance: 1Success_dag.data_to_db manual__2024-02-22T00:00:00+00:00 [running]> on host 06573eafe810
[2024-02-22T06:21:09.507+0000] {taskinstance.py:2480} INFO - Exporting env vars: AIRFLOW_CTX_DAG_OWNER='***' AIRFLOW_CTX_DAG_ID='1Success_dag' AIRFLOW_CTX_TASK_ID='data_to_db' AIRFLOW_CTX_EXECUTION_DATE='2024-02-22T00:00:00+00:00' AIRFLOW_CTX_TRY_NUMBER='12' AIRFLOW_CTX_DAG_RUN_ID='manual__2024-02-22T00:00:00+00:00'
[2024-02-22T06:21:09.510+0000] {logging_mixin.py:188} INFO - /opt/***
[2024-02-22T06:21:09.517+0000] {base.py:83} INFO - Using connection ID 'postgres_localhost' for task execution.
[2024-02-22T06:21:09.538+0000] {success_dag.py:79} INFO -      City          dt  hour  temperature_c  pressure  is_rainy
0  Москва  2024-02-22     0             -5       752         1
1  Москва  2024-02-22     1             -5       751         1
2  Москва  2024-02-22     2             -4       751         1
3  Москва  2024-02-22     3             -4       752         1
4  Москва  2024-02-22     4             -4       751         0
[2024-02-22T06:21:09.547+0000] {success_dag.py:86} INFO - columns: City, dt, hour, temperature_c, pressure, is_rainy
[2024-02-22T06:21:09.547+0000] {success_dag.py:91} INFO - values: VALUES(%s,%s,%s,%s,%s,%s)
[2024-02-22T06:21:09.583+0000] {python.py:201} INFO - Done. Returned value was: None
[2024-02-22T06:21:09.592+0000] {taskinstance.py:1138} INFO - Marking task as SUCCESS. dag_id=1Success_dag, task_id=data_to_db, execution_date=20240222T000000, start_date=20240222T062109, end_date=20240222T062109
[2024-02-22T06:21:09.625+0000] {local_task_job_runner.py:234} INFO - Task exited with return code 0
[2024-02-22T06:21:09.644+0000] {taskinstance.py:3280} INFO - 1 downstream tasks scheduled from follow-on schedule check
