[2024-02-08T11:51:50.663+0000] {taskinstance.py:1956} INFO - Dependencies all met for dep_context=non-requeueable deps ti=<TaskInstance: weather_dag.get_weather scheduled__2024-02-08T11:41:00+00:00 [queued]>
[2024-02-08T11:51:50.682+0000] {taskinstance.py:1956} INFO - Dependencies all met for dep_context=requeueable deps ti=<TaskInstance: weather_dag.get_weather scheduled__2024-02-08T11:41:00+00:00 [queued]>
[2024-02-08T11:51:50.683+0000] {taskinstance.py:2170} INFO - Starting attempt 1 of 2
[2024-02-08T11:51:50.731+0000] {taskinstance.py:2191} INFO - Executing <Task(PythonOperator): get_weather> on 2024-02-08 11:41:00+00:00
[2024-02-08T11:51:50.752+0000] {standard_task_runner.py:60} INFO - Started process 2335 to run task
[2024-02-08T11:51:50.754+0000] {standard_task_runner.py:87} INFO - Running: ['***', 'tasks', 'run', 'weather_dag', 'get_weather', 'scheduled__2024-02-08T11:41:00+00:00', '--job-id', '312', '--raw', '--subdir', 'DAGS_FOLDER/Weather_dag.py', '--cfg-path', '/tmp/tmp4cfgpm5c']
[2024-02-08T11:51:50.758+0000] {standard_task_runner.py:88} INFO - Job 312: Subtask get_weather
[2024-02-08T11:51:50.889+0000] {task_command.py:423} INFO - Running <TaskInstance: weather_dag.get_weather scheduled__2024-02-08T11:41:00+00:00 [running]> on host 06573eafe810
[2024-02-08T11:51:51.036+0000] {taskinstance.py:2480} INFO - Exporting env vars: AIRFLOW_CTX_DAG_OWNER='***' AIRFLOW_CTX_DAG_ID='weather_dag' AIRFLOW_CTX_TASK_ID='get_weather' AIRFLOW_CTX_EXECUTION_DATE='2024-02-08T11:41:00+00:00' AIRFLOW_CTX_TRY_NUMBER='1' AIRFLOW_CTX_DAG_RUN_ID='scheduled__2024-02-08T11:41:00+00:00'
[2024-02-08T11:51:51.996+0000] {python.py:201} INFO - Done. Returned value was: None
[2024-02-08T11:51:52.007+0000] {taskinstance.py:1138} INFO - Marking task as SUCCESS. dag_id=weather_dag, task_id=get_weather, execution_date=20240208T114100, start_date=20240208T115150, end_date=20240208T115152
[2024-02-08T11:51:52.070+0000] {local_task_job_runner.py:234} INFO - Task exited with return code 0
[2024-02-08T11:51:52.125+0000] {taskinstance.py:3280} INFO - 1 downstream tasks scheduled from follow-on schedule check
[2024-02-08T11:57:09.908+0000] {taskinstance.py:1956} INFO - Dependencies all met for dep_context=non-requeueable deps ti=<TaskInstance: Weather_DAG.get_weather scheduled__2024-02-08T11:41:00+00:00 [queued]>
[2024-02-08T11:57:09.988+0000] {taskinstance.py:1956} INFO - Dependencies all met for dep_context=requeueable deps ti=<TaskInstance: Weather_DAG.get_weather scheduled__2024-02-08T11:41:00+00:00 [queued]>
[2024-02-08T11:57:09.991+0000] {taskinstance.py:2170} INFO - Starting attempt 1 of 2
[2024-02-08T11:57:10.111+0000] {taskinstance.py:2191} INFO - Executing <Task(PythonOperator): get_weather> on 2024-02-08 11:41:00+00:00
[2024-02-08T11:57:10.125+0000] {standard_task_runner.py:60} INFO - Started process 2569 to run task
[2024-02-08T11:57:10.155+0000] {standard_task_runner.py:87} INFO - Running: ['***', 'tasks', 'run', 'Weather_DAG', 'get_weather', 'scheduled__2024-02-08T11:41:00+00:00', '--job-id', '362', '--raw', '--subdir', 'DAGS_FOLDER/Weather_dag.py', '--cfg-path', '/tmp/tmpd19v51go']
[2024-02-08T11:57:10.160+0000] {standard_task_runner.py:88} INFO - Job 362: Subtask get_weather
[2024-02-08T11:57:10.460+0000] {task_command.py:423} INFO - Running <TaskInstance: Weather_DAG.get_weather scheduled__2024-02-08T11:41:00+00:00 [running]> on host 06573eafe810
[2024-02-08T11:57:10.846+0000] {taskinstance.py:2480} INFO - Exporting env vars: AIRFLOW_CTX_DAG_OWNER='***' AIRFLOW_CTX_DAG_ID='Weather_DAG' AIRFLOW_CTX_TASK_ID='get_weather' AIRFLOW_CTX_EXECUTION_DATE='2024-02-08T11:41:00+00:00' AIRFLOW_CTX_TRY_NUMBER='1' AIRFLOW_CTX_DAG_RUN_ID='scheduled__2024-02-08T11:41:00+00:00'
[2024-02-08T11:57:13.748+0000] {python.py:201} INFO - Done. Returned value was: None
[2024-02-08T11:57:13.773+0000] {taskinstance.py:1138} INFO - Marking task as SUCCESS. dag_id=Weather_DAG, task_id=get_weather, execution_date=20240208T114100, start_date=20240208T115709, end_date=20240208T115713
[2024-02-08T11:57:13.893+0000] {local_task_job_runner.py:234} INFO - Task exited with return code 0
[2024-02-08T11:57:13.960+0000] {taskinstance.py:3280} INFO - 1 downstream tasks scheduled from follow-on schedule check
