[2024-03-14T13:39:51.998+0000] {taskinstance.py:1956} INFO - Dependencies all met for dep_context=non-requeueable deps ti=<TaskInstance: 1No_Pandas_Weather_DAG.get_weather scheduled__2024-03-14T02:56:00+00:00 [queued]>
[2024-03-14T13:39:52.054+0000] {taskinstance.py:1956} INFO - Dependencies all met for dep_context=requeueable deps ti=<TaskInstance: 1No_Pandas_Weather_DAG.get_weather scheduled__2024-03-14T02:56:00+00:00 [queued]>
[2024-03-14T13:39:52.061+0000] {taskinstance.py:2170} INFO - Starting attempt 1 of 1
[2024-03-14T13:39:52.224+0000] {taskinstance.py:2191} INFO - Executing <Task(PythonOperator): get_weather> on 2024-03-14 02:56:00+00:00
[2024-03-14T13:39:52.238+0000] {standard_task_runner.py:60} INFO - Started process 322 to run task
[2024-03-14T13:39:52.267+0000] {standard_task_runner.py:87} INFO - Running: ['***', 'tasks', 'run', '1No_Pandas_Weather_DAG', 'get_weather', 'scheduled__2024-03-14T02:56:00+00:00', '--job-id', '13832', '--raw', '--subdir', 'DAGS_FOLDER/first_dag.py', '--cfg-path', '/tmp/tmpnnnpng2h']
[2024-03-14T13:39:52.276+0000] {standard_task_runner.py:88} INFO - Job 13832: Subtask get_weather
[2024-03-14T13:39:52.930+0000] {task_command.py:423} INFO - Running <TaskInstance: 1No_Pandas_Weather_DAG.get_weather scheduled__2024-03-14T02:56:00+00:00 [running]> on host b5253fd441c9
[2024-03-14T13:39:54.410+0000] {taskinstance.py:2480} INFO - Exporting env vars: AIRFLOW_CTX_DAG_OWNER='***' AIRFLOW_CTX_DAG_ID='1No_Pandas_Weather_DAG' AIRFLOW_CTX_TASK_ID='get_weather' AIRFLOW_CTX_EXECUTION_DATE='2024-03-14T02:56:00+00:00' AIRFLOW_CTX_TRY_NUMBER='1' AIRFLOW_CTX_DAG_RUN_ID='scheduled__2024-03-14T02:56:00+00:00'
[2024-03-14T13:39:55.623+0000] {taskinstance.py:2698} ERROR - Task failed with exception
Traceback (most recent call last):
  File "/home/airflow/.local/lib/python3.8/site-packages/airflow/models/taskinstance.py", line 433, in _execute_task
    result = execute_callable(context=context, **execute_callable_kwargs)
  File "/home/airflow/.local/lib/python3.8/site-packages/airflow/operators/python.py", line 199, in execute
    return_value = self.execute_callable()
  File "/home/airflow/.local/lib/python3.8/site-packages/airflow/operators/python.py", line 216, in execute_callable
    return self.python_callable(*self.op_args, **self.op_kwargs)
  File "/opt/airflow/dags/first_dag.py", line 46, in get_weather
    for i in range(len(weather_data['forecasts'])):
KeyError: 'forecasts'
[2024-03-14T13:39:55.717+0000] {taskinstance.py:1138} INFO - Marking task as FAILED. dag_id=1No_Pandas_Weather_DAG, task_id=get_weather, execution_date=20240314T025600, start_date=20240314T133952, end_date=20240314T133955
[2024-03-14T13:39:55.844+0000] {standard_task_runner.py:107} ERROR - Failed to execute job 13832 for task get_weather ('forecasts'; 322)
[2024-03-14T13:39:55.956+0000] {local_task_job_runner.py:234} INFO - Task exited with return code 1
[2024-03-14T13:39:57.521+0000] {taskinstance.py:3280} INFO - 0 downstream tasks scheduled from follow-on schedule check
