[2024-02-13T11:56:02.321+0000] {taskinstance.py:1956} INFO - Dependencies all met for dep_context=non-requeueable deps ti=<TaskInstance: 1Training_DAG_V1.0.get_weather scheduled__2024-02-13T11:51:00+00:00 [queued]>
[2024-02-13T11:56:02.333+0000] {taskinstance.py:1956} INFO - Dependencies all met for dep_context=requeueable deps ti=<TaskInstance: 1Training_DAG_V1.0.get_weather scheduled__2024-02-13T11:51:00+00:00 [queued]>
[2024-02-13T11:56:02.334+0000] {taskinstance.py:2170} INFO - Starting attempt 1 of 1
[2024-02-13T11:56:02.355+0000] {taskinstance.py:2191} INFO - Executing <Task(PythonOperator): get_weather> on 2024-02-13 11:51:00+00:00
[2024-02-13T11:56:02.363+0000] {standard_task_runner.py:60} INFO - Started process 4747 to run task
[2024-02-13T11:56:02.370+0000] {standard_task_runner.py:87} INFO - Running: ['***', 'tasks', 'run', '1Training_DAG_V1.0', 'get_weather', 'scheduled__2024-02-13T11:51:00+00:00', '--job-id', '11401', '--raw', '--subdir', 'DAGS_FOLDER/traning_dag.py', '--cfg-path', '/tmp/tmpsmggzszd']
[2024-02-13T11:56:02.371+0000] {standard_task_runner.py:88} INFO - Job 11401: Subtask get_weather
[2024-02-13T11:56:02.434+0000] {task_command.py:423} INFO - Running <TaskInstance: 1Training_DAG_V1.0.get_weather scheduled__2024-02-13T11:51:00+00:00 [running]> on host 06573eafe810
[2024-02-13T11:56:02.553+0000] {taskinstance.py:2480} INFO - Exporting env vars: AIRFLOW_CTX_DAG_OWNER='***' AIRFLOW_CTX_DAG_ID='1Training_DAG_V1.0' AIRFLOW_CTX_TASK_ID='get_weather' AIRFLOW_CTX_EXECUTION_DATE='2024-02-13T11:51:00+00:00' AIRFLOW_CTX_TRY_NUMBER='1' AIRFLOW_CTX_DAG_RUN_ID='scheduled__2024-02-13T11:51:00+00:00'
[2024-02-13T11:56:02.577+0000] {logging_mixin.py:188} INFO -      Москва  2024-02-12   0  -5  748  1
0    Москва  2024-02-12   1  -6  747  0
1    Москва  2024-02-12   2  -6  747  0
2    Москва  2024-02-12   3  -6  747  0
3    Москва  2024-02-12   4  -5  746  1
4    Москва  2024-02-12   5  -5  746  0
..      ...         ...  ..  ..  ... ..
453    Тула  2024-02-15  14 -13  755  1
454    Тула  2024-02-15  15 -13  757  1
455    Тула  2024-02-15  16 -13  755  1
456    Тула  2024-02-15  17 -13  755  1
457    Тула  2024-02-15  18 -14  757  1

[458 rows x 6 columns]
[2024-02-13T11:56:02.577+0000] {logging_mixin.py:188} INFO - ['Москва', '2024-02-12', '0', '-5', '748', '1']
[2024-02-13T11:56:02.578+0000] {logging_mixin.py:188} INFO - ['Москва', '2024-02-12', '0', '-5', '748', '1']
[2024-02-13T11:56:02.578+0000] {logging_mixin.py:188} INFO - ['Москва', '2024-02-12', '0', '-5', '748', '1']
[2024-02-13T11:56:02.580+0000] {logging_mixin.py:188} INFO - Index(['Москва', '2024-02-12', '0', '-5', '748', '1'], dtype='object')
[2024-02-13T11:56:02.581+0000] {logging_mixin.py:188} INFO - Москва, 2024-02-12, 0, -5, 748, 1
[2024-02-13T11:56:02.581+0000] {logging_mixin.py:188} INFO - VALUES(%s,%s,%s,%s,%s,%s)
[2024-02-13T11:56:02.582+0000] {logging_mixin.py:188} INFO - ['Москва', '2024-02-12', 1, -6, 747, 0]
[2024-02-13T11:56:02.583+0000] {python.py:201} INFO - Done. Returned value was: None
[2024-02-13T11:56:02.592+0000] {taskinstance.py:1138} INFO - Marking task as SUCCESS. dag_id=1Training_DAG_V1.0, task_id=get_weather, execution_date=20240213T115100, start_date=20240213T115602, end_date=20240213T115602
[2024-02-13T11:56:02.624+0000] {local_task_job_runner.py:234} INFO - Task exited with return code 0
[2024-02-13T11:56:02.654+0000] {taskinstance.py:3280} INFO - 1 downstream tasks scheduled from follow-on schedule check
