[2024-02-08T11:18:47.800+0000] {taskinstance.py:1956} INFO - Dependencies all met for dep_context=non-requeueable deps ti=<TaskInstance: weather_dag.get_weather scheduled__2024-02-08T11:11:00+00:00 [queued]>
[2024-02-08T11:18:47.835+0000] {taskinstance.py:1956} INFO - Dependencies all met for dep_context=requeueable deps ti=<TaskInstance: weather_dag.get_weather scheduled__2024-02-08T11:11:00+00:00 [queued]>
[2024-02-08T11:18:47.837+0000] {taskinstance.py:2170} INFO - Starting attempt 1 of 2
[2024-02-08T11:18:47.899+0000] {taskinstance.py:2191} INFO - Executing <Task(PythonOperator): get_weather> on 2024-02-08 11:11:00+00:00
[2024-02-08T11:18:47.910+0000] {standard_task_runner.py:87} INFO - Running: ['***', 'tasks', 'run', 'weather_dag', 'get_weather', 'scheduled__2024-02-08T11:11:00+00:00', '--job-id', '297', '--raw', '--subdir', 'DAGS_FOLDER/Weather_dag.py', '--cfg-path', '/tmp/tmpo5k3g1ar']
[2024-02-08T11:18:47.912+0000] {standard_task_runner.py:88} INFO - Job 297: Subtask get_weather
[2024-02-08T11:18:47.906+0000] {standard_task_runner.py:60} INFO - Started process 2080 to run task
[2024-02-08T11:18:47.995+0000] {task_command.py:423} INFO - Running <TaskInstance: weather_dag.get_weather scheduled__2024-02-08T11:11:00+00:00 [running]> on host 06573eafe810
[2024-02-08T11:18:48.269+0000] {taskinstance.py:2480} INFO - Exporting env vars: AIRFLOW_CTX_DAG_OWNER='***' AIRFLOW_CTX_DAG_ID='weather_dag' AIRFLOW_CTX_TASK_ID='get_weather' AIRFLOW_CTX_EXECUTION_DATE='2024-02-08T11:11:00+00:00' AIRFLOW_CTX_TRY_NUMBER='1' AIRFLOW_CTX_DAG_RUN_ID='scheduled__2024-02-08T11:11:00+00:00'
[2024-02-08T11:18:50.461+0000] {python.py:201} INFO - Done. Returned value was: None
[2024-02-08T11:18:50.481+0000] {taskinstance.py:1138} INFO - Marking task as SUCCESS. dag_id=weather_dag, task_id=get_weather, execution_date=20240208T111100, start_date=20240208T111847, end_date=20240208T111850
[2024-02-08T11:18:50.527+0000] {local_task_job_runner.py:234} INFO - Task exited with return code 0
[2024-02-08T11:18:50.569+0000] {taskinstance.py:3280} INFO - 1 downstream tasks scheduled from follow-on schedule check
[2024-02-08T11:56:17.584+0000] {taskinstance.py:1956} INFO - Dependencies all met for dep_context=non-requeueable deps ti=<TaskInstance: Weather_DAG.get_weather scheduled__2024-02-08T11:11:00+00:00 [queued]>
[2024-02-08T11:56:17.734+0000] {taskinstance.py:1956} INFO - Dependencies all met for dep_context=requeueable deps ti=<TaskInstance: Weather_DAG.get_weather scheduled__2024-02-08T11:11:00+00:00 [queued]>
[2024-02-08T11:56:17.756+0000] {taskinstance.py:2170} INFO - Starting attempt 1 of 2
[2024-02-08T11:56:18.124+0000] {taskinstance.py:2191} INFO - Executing <Task(PythonOperator): get_weather> on 2024-02-08 11:11:00+00:00
[2024-02-08T11:56:18.188+0000] {standard_task_runner.py:87} INFO - Running: ['***', 'tasks', 'run', 'Weather_DAG', 'get_weather', 'scheduled__2024-02-08T11:11:00+00:00', '--job-id', '328', '--raw', '--subdir', 'DAGS_FOLDER/Weather_dag.py', '--cfg-path', '/tmp/tmp9sesqw7d']
[2024-02-08T11:56:18.219+0000] {standard_task_runner.py:88} INFO - Job 328: Subtask get_weather
[2024-02-08T11:56:18.160+0000] {standard_task_runner.py:60} INFO - Started process 2463 to run task
[2024-02-08T11:56:18.781+0000] {task_command.py:423} INFO - Running <TaskInstance: Weather_DAG.get_weather scheduled__2024-02-08T11:11:00+00:00 [running]> on host 06573eafe810
[2024-02-08T11:56:19.898+0000] {taskinstance.py:2480} INFO - Exporting env vars: AIRFLOW_CTX_DAG_OWNER='***' AIRFLOW_CTX_DAG_ID='Weather_DAG' AIRFLOW_CTX_TASK_ID='get_weather' AIRFLOW_CTX_EXECUTION_DATE='2024-02-08T11:11:00+00:00' AIRFLOW_CTX_TRY_NUMBER='1' AIRFLOW_CTX_DAG_RUN_ID='scheduled__2024-02-08T11:11:00+00:00'
[2024-02-08T11:56:23.108+0000] {python.py:201} INFO - Done. Returned value was: None
[2024-02-08T11:56:23.193+0000] {taskinstance.py:1138} INFO - Marking task as SUCCESS. dag_id=Weather_DAG, task_id=get_weather, execution_date=20240208T111100, start_date=20240208T115617, end_date=20240208T115623
[2024-02-08T11:56:23.955+0000] {local_task_job_runner.py:234} INFO - Task exited with return code 0
[2024-02-08T11:56:24.128+0000] {taskinstance.py:3280} INFO - 1 downstream tasks scheduled from follow-on schedule check
