[2024-02-24T20:01:06.659+0000] {taskinstance.py:1956} INFO - Dependencies all met for dep_context=non-requeueable deps ti=<TaskInstance: 1Success_dag.create_db_schem manual__2024-02-24T00:00:00+00:00 [queued]>
[2024-02-24T20:01:06.667+0000] {taskinstance.py:1956} INFO - Dependencies all met for dep_context=requeueable deps ti=<TaskInstance: 1Success_dag.create_db_schem manual__2024-02-24T00:00:00+00:00 [queued]>
[2024-02-24T20:01:06.667+0000] {taskinstance.py:2170} INFO - Starting attempt 5 of 5
[2024-02-24T20:01:06.682+0000] {taskinstance.py:2191} INFO - Executing <Task(PostgresOperator): create_db_schem> on 2024-02-24 00:00:00+00:00
[2024-02-24T20:01:06.689+0000] {standard_task_runner.py:60} INFO - Started process 27011 to run task
[2024-02-24T20:01:06.693+0000] {standard_task_runner.py:87} INFO - Running: ['***', 'tasks', 'run', '1Success_dag', 'create_db_schem', 'manual__2024-02-24T00:00:00+00:00', '--job-id', '13337', '--raw', '--subdir', 'DAGS_FOLDER/success_dag.py', '--cfg-path', '/tmp/tmpa674v35h']
[2024-02-24T20:01:06.694+0000] {standard_task_runner.py:88} INFO - Job 13337: Subtask create_db_schem
[2024-02-24T20:01:06.750+0000] {task_command.py:423} INFO - Running <TaskInstance: 1Success_dag.create_db_schem manual__2024-02-24T00:00:00+00:00 [running]> on host 06573eafe810
[2024-02-24T20:01:06.826+0000] {taskinstance.py:2480} INFO - Exporting env vars: AIRFLOW_CTX_DAG_OWNER='***' AIRFLOW_CTX_DAG_ID='1Success_dag' AIRFLOW_CTX_TASK_ID='create_db_schem' AIRFLOW_CTX_EXECUTION_DATE='2024-02-24T00:00:00+00:00' AIRFLOW_CTX_TRY_NUMBER='5' AIRFLOW_CTX_DAG_RUN_ID='manual__2024-02-24T00:00:00+00:00'
[2024-02-24T20:01:06.828+0000] {sql.py:276} INFO - Executing: 
        DROP TABLE weather_tab;
        CREATE TABLE weather_tab(
            id SERIAL PRIMARY KEY,
	        city varchar NULL,
	        dt date NULL,
	        hour int2 NULL,
	        temperature_c float8 NULL,
	        pressure float8 NULL,
	        is_rainy int NULL
    );
[2024-02-24T20:01:06.836+0000] {base.py:83} INFO - Using connection ID 'postgres_localhost' for task execution.
[2024-02-24T20:01:06.844+0000] {base.py:83} INFO - Using connection ID 'postgres_localhost' for task execution.
[2024-02-24T20:01:06.856+0000] {sql.py:450} INFO - Running statement: 
        DROP TABLE weather_tab;
        CREATE TABLE weather_tab(
            id SERIAL PRIMARY KEY,
	        city varchar NULL,
	        dt date NULL,
	        hour int2 NULL,
	        temperature_c float8 NULL,
	        pressure float8 NULL,
	        is_rainy int NULL
    );, parameters: None
[2024-02-24T20:01:06.905+0000] {taskinstance.py:1138} INFO - Marking task as SUCCESS. dag_id=1Success_dag, task_id=create_db_schem, execution_date=20240224T000000, start_date=20240224T200106, end_date=20240224T200106
[2024-02-24T20:01:06.946+0000] {local_task_job_runner.py:234} INFO - Task exited with return code 0
[2024-02-24T20:01:06.970+0000] {taskinstance.py:3280} INFO - 1 downstream tasks scheduled from follow-on schedule check
