[2024-02-12T12:46:33.390+0000] {taskinstance.py:1956} INFO - Dependencies all met for dep_context=non-requeueable deps ti=<TaskInstance: Weather_DAG_V4.3.data_to_db scheduled__2024-02-12T01:01:00+00:00 [queued]>
[2024-02-12T12:46:33.408+0000] {taskinstance.py:1956} INFO - Dependencies all met for dep_context=requeueable deps ti=<TaskInstance: Weather_DAG_V4.3.data_to_db scheduled__2024-02-12T01:01:00+00:00 [queued]>
[2024-02-12T12:46:33.408+0000] {taskinstance.py:2170} INFO - Starting attempt 1 of 1
[2024-02-12T12:46:33.451+0000] {taskinstance.py:2191} INFO - Executing <Task(PostgresOperator): data_to_db> on 2024-02-12 01:01:00+00:00
[2024-02-12T12:46:33.471+0000] {standard_task_runner.py:60} INFO - Started process 12446 to run task
[2024-02-12T12:46:33.498+0000] {standard_task_runner.py:87} INFO - Running: ['***', 'tasks', 'run', 'Weather_DAG_V4.3', 'data_to_db', 'scheduled__2024-02-12T01:01:00+00:00', '--job-id', '8567', '--raw', '--subdir', 'DAGS_FOLDER/Weather_dag.py', '--cfg-path', '/tmp/tmphmshxjx2']
[2024-02-12T12:46:33.499+0000] {standard_task_runner.py:88} INFO - Job 8567: Subtask data_to_db
[2024-02-12T12:46:33.599+0000] {task_command.py:423} INFO - Running <TaskInstance: Weather_DAG_V4.3.data_to_db scheduled__2024-02-12T01:01:00+00:00 [running]> on host 06573eafe810
[2024-02-12T12:46:33.731+0000] {taskinstance.py:2480} INFO - Exporting env vars: AIRFLOW_CTX_DAG_OWNER='***' AIRFLOW_CTX_DAG_ID='Weather_DAG_V4.3' AIRFLOW_CTX_TASK_ID='data_to_db' AIRFLOW_CTX_EXECUTION_DATE='2024-02-12T01:01:00+00:00' AIRFLOW_CTX_TRY_NUMBER='1' AIRFLOW_CTX_DAG_RUN_ID='scheduled__2024-02-12T01:01:00+00:00'
[2024-02-12T12:46:33.733+0000] {sql.py:276} INFO - Executing: 
        COPY persons(first_name, last_name, dob, email)
        FROM {file_name}
        DELIMITER ','
        CSV HEADER;
[2024-02-12T12:46:33.767+0000] {taskinstance.py:2698} ERROR - Task failed with exception
Traceback (most recent call last):
  File "/home/airflow/.local/lib/python3.8/site-packages/airflow/models/taskinstance.py", line 433, in _execute_task
    result = execute_callable(context=context, **execute_callable_kwargs)
  File "/home/airflow/.local/lib/python3.8/site-packages/airflow/providers/common/sql/operators/sql.py", line 277, in execute
    hook = self.get_db_hook()
  File "/home/airflow/.local/lib/python3.8/site-packages/airflow/providers/common/sql/operators/sql.py", line 188, in get_db_hook
    return self._hook
  File "/usr/local/lib/python3.8/functools.py", line 967, in __get__
    val = self.func(instance)
  File "/home/airflow/.local/lib/python3.8/site-packages/airflow/providers/common/sql/operators/sql.py", line 150, in _hook
    conn = BaseHook.get_connection(conn_id)
  File "/home/airflow/.local/lib/python3.8/site-packages/airflow/hooks/base.py", line 82, in get_connection
    conn = Connection.get_connection_from_secrets(conn_id)
  File "/home/airflow/.local/lib/python3.8/site-packages/airflow/models/connection.py", line 479, in get_connection_from_secrets
    raise AirflowNotFoundException(f"The conn_id `{conn_id}` isn't defined")
airflow.exceptions.AirflowNotFoundException: The conn_id `` isn't defined
[2024-02-12T12:46:33.773+0000] {taskinstance.py:1138} INFO - Marking task as FAILED. dag_id=Weather_DAG_V4.3, task_id=data_to_db, execution_date=20240212T010100, start_date=20240212T124633, end_date=20240212T124633
[2024-02-12T12:46:33.796+0000] {standard_task_runner.py:107} ERROR - Failed to execute job 8567 for task data_to_db (The conn_id `` isn't defined; 12446)
[2024-02-12T12:46:33.829+0000] {local_task_job_runner.py:234} INFO - Task exited with return code 1
[2024-02-12T12:46:33.852+0000] {taskinstance.py:3280} INFO - 0 downstream tasks scheduled from follow-on schedule check
