[2024-02-13T10:46:45.787+0000] {taskinstance.py:1956} INFO - Dependencies all met for dep_context=non-requeueable deps ti=<TaskInstance: 1Training_DAG_V1.0.create_db_schem manual__2024-02-13T10:46:40.067716+00:00 [queued]>
[2024-02-13T10:46:45.802+0000] {taskinstance.py:1956} INFO - Dependencies all met for dep_context=requeueable deps ti=<TaskInstance: 1Training_DAG_V1.0.create_db_schem manual__2024-02-13T10:46:40.067716+00:00 [queued]>
[2024-02-13T10:46:45.803+0000] {taskinstance.py:2170} INFO - Starting attempt 1 of 1
[2024-02-13T10:46:45.824+0000] {taskinstance.py:2191} INFO - Executing <Task(PostgresOperator): create_db_schem> on 2024-02-13 10:46:40.067716+00:00
[2024-02-13T10:46:45.834+0000] {standard_task_runner.py:60} INFO - Started process 3481 to run task
[2024-02-13T10:46:45.838+0000] {standard_task_runner.py:87} INFO - Running: ['***', 'tasks', 'run', '1Training_DAG_V1.0', 'create_db_schem', 'manual__2024-02-13T10:46:40.067716+00:00', '--job-id', '11319', '--raw', '--subdir', 'DAGS_FOLDER/traning_dag.py', '--cfg-path', '/tmp/tmpx9wybacr']
[2024-02-13T10:46:45.839+0000] {standard_task_runner.py:88} INFO - Job 11319: Subtask create_db_schem
[2024-02-13T10:46:45.906+0000] {task_command.py:423} INFO - Running <TaskInstance: 1Training_DAG_V1.0.create_db_schem manual__2024-02-13T10:46:40.067716+00:00 [running]> on host 06573eafe810
[2024-02-13T10:46:46.035+0000] {taskinstance.py:2480} INFO - Exporting env vars: AIRFLOW_CTX_DAG_OWNER='***' AIRFLOW_CTX_DAG_ID='1Training_DAG_V1.0' AIRFLOW_CTX_TASK_ID='create_db_schem' AIRFLOW_CTX_EXECUTION_DATE='2024-02-13T10:46:40.067716+00:00' AIRFLOW_CTX_TRY_NUMBER='1' AIRFLOW_CTX_DAG_RUN_ID='manual__2024-02-13T10:46:40.067716+00:00'
[2024-02-13T10:46:46.036+0000] {sql.py:276} INFO - Executing: 
        CREATE TABLE IF NOT EXISTS training_db(
            city varchar
            )
[2024-02-13T10:46:46.050+0000] {base.py:83} INFO - Using connection ID 'postgres_localhost' for task execution.
[2024-02-13T10:46:46.060+0000] {base.py:83} INFO - Using connection ID 'postgres_localhost' for task execution.
[2024-02-13T10:46:46.080+0000] {sql.py:450} INFO - Running statement: 
        CREATE TABLE IF NOT EXISTS training_db(
            city varchar
            ), parameters: None
[2024-02-13T10:46:46.118+0000] {taskinstance.py:1138} INFO - Marking task as SUCCESS. dag_id=1Training_DAG_V1.0, task_id=create_db_schem, execution_date=20240213T104640, start_date=20240213T104645, end_date=20240213T104646
[2024-02-13T10:46:46.172+0000] {local_task_job_runner.py:234} INFO - Task exited with return code 0
[2024-02-13T10:46:46.202+0000] {taskinstance.py:3280} INFO - 1 downstream tasks scheduled from follow-on schedule check
