[2024-02-08T16:15:07.770+0000] {taskinstance.py:1956} INFO - Dependencies all met for dep_context=non-requeueable deps ti=<TaskInstance: Weather_DAG.create_db_schem scheduled__2024-02-08T16:13:00+00:00 [queued]>
[2024-02-08T16:15:07.778+0000] {taskinstance.py:1956} INFO - Dependencies all met for dep_context=requeueable deps ti=<TaskInstance: Weather_DAG.create_db_schem scheduled__2024-02-08T16:13:00+00:00 [queued]>
[2024-02-08T16:15:07.779+0000] {taskinstance.py:2170} INFO - Starting attempt 1 of 2
[2024-02-08T16:15:07.794+0000] {taskinstance.py:2191} INFO - Executing <Task(PostgresOperator): create_db_schem> on 2024-02-08 16:13:00+00:00
[2024-02-08T16:15:07.800+0000] {standard_task_runner.py:60} INFO - Started process 7566 to run task
[2024-02-08T16:15:07.804+0000] {standard_task_runner.py:87} INFO - Running: ['***', 'tasks', 'run', 'Weather_DAG', 'create_db_schem', 'scheduled__2024-02-08T16:13:00+00:00', '--job-id', '789', '--raw', '--subdir', 'DAGS_FOLDER/Weather_dag.py', '--cfg-path', '/tmp/tmpjhn0vcc3']
[2024-02-08T16:15:07.805+0000] {standard_task_runner.py:88} INFO - Job 789: Subtask create_db_schem
[2024-02-08T16:15:07.855+0000] {task_command.py:423} INFO - Running <TaskInstance: Weather_DAG.create_db_schem scheduled__2024-02-08T16:13:00+00:00 [running]> on host 06573eafe810
[2024-02-08T16:15:07.945+0000] {taskinstance.py:2480} INFO - Exporting env vars: AIRFLOW_CTX_DAG_OWNER='***' AIRFLOW_CTX_DAG_ID='Weather_DAG' AIRFLOW_CTX_TASK_ID='create_db_schem' AIRFLOW_CTX_EXECUTION_DATE='2024-02-08T16:13:00+00:00' AIRFLOW_CTX_TRY_NUMBER='1' AIRFLOW_CTX_DAG_RUN_ID='scheduled__2024-02-08T16:13:00+00:00'
[2024-02-08T16:15:07.947+0000] {sql.py:276} INFO - Executing: 
        CREATE TABLE IF NOT EXISTS weather_tab(
            id serial PRIMARY KEY,
            city varchar,
            dt date,
            houur smallint,
            temperature_c float,
            pressure_mm float,
            is_rainy boolean
            )
[2024-02-08T16:15:07.955+0000] {base.py:83} INFO - Using connection ID 'postgres_localhost' for task execution.
[2024-02-08T16:15:07.963+0000] {base.py:83} INFO - Using connection ID 'postgres_localhost' for task execution.
[2024-02-08T16:15:07.976+0000] {sql.py:450} INFO - Running statement: 
        CREATE TABLE IF NOT EXISTS weather_tab(
            id serial PRIMARY KEY,
            city varchar,
            dt date,
            houur smallint,
            temperature_c float,
            pressure_mm float,
            is_rainy boolean
            ), parameters: None
[2024-02-08T16:15:07.991+0000] {taskinstance.py:1138} INFO - Marking task as SUCCESS. dag_id=Weather_DAG, task_id=create_db_schem, execution_date=20240208T161300, start_date=20240208T161507, end_date=20240208T161507
[2024-02-08T16:15:08.016+0000] {local_task_job_runner.py:234} INFO - Task exited with return code 0
[2024-02-08T16:15:08.032+0000] {taskinstance.py:3280} INFO - 0 downstream tasks scheduled from follow-on schedule check
