[2024-02-23T09:41:09.575+0000] {taskinstance.py:1956} INFO - Dependencies all met for dep_context=non-requeueable deps ti=<TaskInstance: 1Success_dag.create_db_schem manual__2024-02-23T00:00:00+00:00 [queued]>
[2024-02-23T09:41:09.590+0000] {taskinstance.py:1956} INFO - Dependencies all met for dep_context=requeueable deps ti=<TaskInstance: 1Success_dag.create_db_schem manual__2024-02-23T00:00:00+00:00 [queued]>
[2024-02-23T09:41:09.591+0000] {taskinstance.py:2170} INFO - Starting attempt 9 of 9
[2024-02-23T09:41:09.613+0000] {taskinstance.py:2191} INFO - Executing <Task(PostgresOperator): create_db_schem> on 2024-02-23 00:00:00+00:00
[2024-02-23T09:41:09.624+0000] {standard_task_runner.py:60} INFO - Started process 22629 to run task
[2024-02-23T09:41:09.629+0000] {standard_task_runner.py:87} INFO - Running: ['***', 'tasks', 'run', '1Success_dag', 'create_db_schem', 'manual__2024-02-23T00:00:00+00:00', '--job-id', '13180', '--raw', '--subdir', 'DAGS_FOLDER/success_dag.py', '--cfg-path', '/tmp/tmpmlvclgoa']
[2024-02-23T09:41:09.631+0000] {standard_task_runner.py:88} INFO - Job 13180: Subtask create_db_schem
[2024-02-23T09:41:09.721+0000] {task_command.py:423} INFO - Running <TaskInstance: 1Success_dag.create_db_schem manual__2024-02-23T00:00:00+00:00 [running]> on host 06573eafe810
[2024-02-23T09:41:09.854+0000] {taskinstance.py:2480} INFO - Exporting env vars: AIRFLOW_CTX_DAG_OWNER='***' AIRFLOW_CTX_DAG_ID='1Success_dag' AIRFLOW_CTX_TASK_ID='create_db_schem' AIRFLOW_CTX_EXECUTION_DATE='2024-02-23T00:00:00+00:00' AIRFLOW_CTX_TRY_NUMBER='9' AIRFLOW_CTX_DAG_RUN_ID='manual__2024-02-23T00:00:00+00:00'
[2024-02-23T09:41:09.856+0000] {sql.py:276} INFO - Executing: 
        DROP TABLE weather_tab;
        CREATE TABLE weather_tab(
            id SERIAL PRIMARY KEY,
	        city varchar NULL,
	        dt date NULL,
	        hour int2 NULL,
	        temperature_c float8 NULL,
	        pressure float8 NULL,
	        is_rainy int NULL
    );
[2024-02-23T09:41:09.869+0000] {base.py:83} INFO - Using connection ID 'postgres_localhost' for task execution.
[2024-02-23T09:41:09.878+0000] {base.py:83} INFO - Using connection ID 'postgres_localhost' for task execution.
[2024-02-23T09:41:09.898+0000] {sql.py:450} INFO - Running statement: 
        DROP TABLE weather_tab;
        CREATE TABLE weather_tab(
            id SERIAL PRIMARY KEY,
	        city varchar NULL,
	        dt date NULL,
	        hour int2 NULL,
	        temperature_c float8 NULL,
	        pressure float8 NULL,
	        is_rainy int NULL
    );, parameters: None
[2024-02-23T09:41:09.962+0000] {taskinstance.py:1138} INFO - Marking task as SUCCESS. dag_id=1Success_dag, task_id=create_db_schem, execution_date=20240223T000000, start_date=20240223T094109, end_date=20240223T094109
[2024-02-23T09:41:10.046+0000] {local_task_job_runner.py:234} INFO - Task exited with return code 0
[2024-02-23T09:41:10.089+0000] {taskinstance.py:3280} INFO - 1 downstream tasks scheduled from follow-on schedule check
