[2024-02-23T10:41:09.056+0000] {taskinstance.py:1956} INFO - Dependencies all met for dep_context=non-requeueable deps ti=<TaskInstance: 1Success_dag.create_db_schem manual__2024-02-23T00:00:00+00:00 [queued]>
[2024-02-23T10:41:09.068+0000] {taskinstance.py:1956} INFO - Dependencies all met for dep_context=requeueable deps ti=<TaskInstance: 1Success_dag.create_db_schem manual__2024-02-23T00:00:00+00:00 [queued]>
[2024-02-23T10:41:09.068+0000] {taskinstance.py:2170} INFO - Starting attempt 12 of 12
[2024-02-23T10:41:09.087+0000] {taskinstance.py:2191} INFO - Executing <Task(PostgresOperator): create_db_schem> on 2024-02-23 00:00:00+00:00
[2024-02-23T10:41:09.095+0000] {standard_task_runner.py:60} INFO - Started process 23055 to run task
[2024-02-23T10:41:09.098+0000] {standard_task_runner.py:87} INFO - Running: ['***', 'tasks', 'run', '1Success_dag', 'create_db_schem', 'manual__2024-02-23T00:00:00+00:00', '--job-id', '13201', '--raw', '--subdir', 'DAGS_FOLDER/success_dag.py', '--cfg-path', '/tmp/tmp74de5wyx']
[2024-02-23T10:41:09.100+0000] {standard_task_runner.py:88} INFO - Job 13201: Subtask create_db_schem
[2024-02-23T10:41:09.160+0000] {task_command.py:423} INFO - Running <TaskInstance: 1Success_dag.create_db_schem manual__2024-02-23T00:00:00+00:00 [running]> on host 06573eafe810
[2024-02-23T10:41:09.256+0000] {taskinstance.py:2480} INFO - Exporting env vars: AIRFLOW_CTX_DAG_OWNER='***' AIRFLOW_CTX_DAG_ID='1Success_dag' AIRFLOW_CTX_TASK_ID='create_db_schem' AIRFLOW_CTX_EXECUTION_DATE='2024-02-23T00:00:00+00:00' AIRFLOW_CTX_TRY_NUMBER='12' AIRFLOW_CTX_DAG_RUN_ID='manual__2024-02-23T00:00:00+00:00'
[2024-02-23T10:41:09.257+0000] {sql.py:276} INFO - Executing: 
        DROP TABLE weather_tab;
        CREATE TABLE weather_tab(
            id SERIAL PRIMARY KEY,
	        city varchar NULL,
	        dt date NULL,
	        hour int2 NULL,
	        temperature_c float8 NULL,
	        pressure float8 NULL,
	        is_rainy int NULL
    );
[2024-02-23T10:41:09.266+0000] {base.py:83} INFO - Using connection ID 'postgres_localhost' for task execution.
[2024-02-23T10:41:09.276+0000] {base.py:83} INFO - Using connection ID 'postgres_localhost' for task execution.
[2024-02-23T10:41:09.289+0000] {sql.py:450} INFO - Running statement: 
        DROP TABLE weather_tab;
        CREATE TABLE weather_tab(
            id SERIAL PRIMARY KEY,
	        city varchar NULL,
	        dt date NULL,
	        hour int2 NULL,
	        temperature_c float8 NULL,
	        pressure float8 NULL,
	        is_rainy int NULL
    );, parameters: None
[2024-02-23T10:41:09.334+0000] {taskinstance.py:1138} INFO - Marking task as SUCCESS. dag_id=1Success_dag, task_id=create_db_schem, execution_date=20240223T000000, start_date=20240223T104109, end_date=20240223T104109
[2024-02-23T10:41:09.391+0000] {local_task_job_runner.py:234} INFO - Task exited with return code 0
[2024-02-23T10:41:09.418+0000] {taskinstance.py:3280} INFO - 1 downstream tasks scheduled from follow-on schedule check
