[2024-02-23T13:01:06.842+0000] {taskinstance.py:1956} INFO - Dependencies all met for dep_context=non-requeueable deps ti=<TaskInstance: 1Success_dag.create_db_schem manual__2024-02-23T00:00:00+00:00 [queued]>
[2024-02-23T13:01:06.850+0000] {taskinstance.py:1956} INFO - Dependencies all met for dep_context=requeueable deps ti=<TaskInstance: 1Success_dag.create_db_schem manual__2024-02-23T00:00:00+00:00 [queued]>
[2024-02-23T13:01:06.851+0000] {taskinstance.py:2170} INFO - Starting attempt 18 of 18
[2024-02-23T13:01:06.868+0000] {taskinstance.py:2191} INFO - Executing <Task(PostgresOperator): create_db_schem> on 2024-02-23 00:00:00+00:00
[2024-02-23T13:01:06.875+0000] {standard_task_runner.py:60} INFO - Started process 24512 to run task
[2024-02-23T13:01:06.879+0000] {standard_task_runner.py:87} INFO - Running: ['***', 'tasks', 'run', '1Success_dag', 'create_db_schem', 'manual__2024-02-23T00:00:00+00:00', '--job-id', '13246', '--raw', '--subdir', 'DAGS_FOLDER/success_dag.py', '--cfg-path', '/tmp/tmptmm9fhst']
[2024-02-23T13:01:06.880+0000] {standard_task_runner.py:88} INFO - Job 13246: Subtask create_db_schem
[2024-02-23T13:01:06.932+0000] {task_command.py:423} INFO - Running <TaskInstance: 1Success_dag.create_db_schem manual__2024-02-23T00:00:00+00:00 [running]> on host 06573eafe810
[2024-02-23T13:01:07.018+0000] {taskinstance.py:2480} INFO - Exporting env vars: AIRFLOW_CTX_DAG_OWNER='***' AIRFLOW_CTX_DAG_ID='1Success_dag' AIRFLOW_CTX_TASK_ID='create_db_schem' AIRFLOW_CTX_EXECUTION_DATE='2024-02-23T00:00:00+00:00' AIRFLOW_CTX_TRY_NUMBER='18' AIRFLOW_CTX_DAG_RUN_ID='manual__2024-02-23T00:00:00+00:00'
[2024-02-23T13:01:07.019+0000] {sql.py:276} INFO - Executing: 
        DROP TABLE weather_tab;
        CREATE TABLE weather_tab(
            id SERIAL PRIMARY KEY,
	        city varchar NULL,
	        dt date NULL,
	        hour int2 NULL,
	        temperature_c float8 NULL,
	        pressure float8 NULL,
	        is_rainy int NULL
    );
[2024-02-23T13:01:07.028+0000] {base.py:83} INFO - Using connection ID 'postgres_localhost' for task execution.
[2024-02-23T13:01:07.036+0000] {base.py:83} INFO - Using connection ID 'postgres_localhost' for task execution.
[2024-02-23T13:01:07.049+0000] {sql.py:450} INFO - Running statement: 
        DROP TABLE weather_tab;
        CREATE TABLE weather_tab(
            id SERIAL PRIMARY KEY,
	        city varchar NULL,
	        dt date NULL,
	        hour int2 NULL,
	        temperature_c float8 NULL,
	        pressure float8 NULL,
	        is_rainy int NULL
    );, parameters: None
[2024-02-23T13:01:07.098+0000] {taskinstance.py:1138} INFO - Marking task as SUCCESS. dag_id=1Success_dag, task_id=create_db_schem, execution_date=20240223T000000, start_date=20240223T130106, end_date=20240223T130107
[2024-02-23T13:01:07.132+0000] {local_task_job_runner.py:234} INFO - Task exited with return code 0
[2024-02-23T13:01:07.159+0000] {taskinstance.py:3280} INFO - 1 downstream tasks scheduled from follow-on schedule check
