[2024-02-23T14:21:07.755+0000] {taskinstance.py:1956} INFO - Dependencies all met for dep_context=non-requeueable deps ti=<TaskInstance: 1Success_dag.create_db_schem manual__2024-02-23T00:00:00+00:00 [queued]>
[2024-02-23T14:21:07.765+0000] {taskinstance.py:1956} INFO - Dependencies all met for dep_context=requeueable deps ti=<TaskInstance: 1Success_dag.create_db_schem manual__2024-02-23T00:00:00+00:00 [queued]>
[2024-02-23T14:21:07.766+0000] {taskinstance.py:2170} INFO - Starting attempt 22 of 22
[2024-02-23T14:21:07.784+0000] {taskinstance.py:2191} INFO - Executing <Task(PostgresOperator): create_db_schem> on 2024-02-23 00:00:00+00:00
[2024-02-23T14:21:07.790+0000] {standard_task_runner.py:60} INFO - Started process 25763 to run task
[2024-02-23T14:21:07.794+0000] {standard_task_runner.py:87} INFO - Running: ['***', 'tasks', 'run', '1Success_dag', 'create_db_schem', 'manual__2024-02-23T00:00:00+00:00', '--job-id', '13274', '--raw', '--subdir', 'DAGS_FOLDER/success_dag.py', '--cfg-path', '/tmp/tmphx5ffl6m']
[2024-02-23T14:21:07.796+0000] {standard_task_runner.py:88} INFO - Job 13274: Subtask create_db_schem
[2024-02-23T14:21:07.852+0000] {task_command.py:423} INFO - Running <TaskInstance: 1Success_dag.create_db_schem manual__2024-02-23T00:00:00+00:00 [running]> on host 06573eafe810
[2024-02-23T14:21:07.943+0000] {taskinstance.py:2480} INFO - Exporting env vars: AIRFLOW_CTX_DAG_OWNER='***' AIRFLOW_CTX_DAG_ID='1Success_dag' AIRFLOW_CTX_TASK_ID='create_db_schem' AIRFLOW_CTX_EXECUTION_DATE='2024-02-23T00:00:00+00:00' AIRFLOW_CTX_TRY_NUMBER='22' AIRFLOW_CTX_DAG_RUN_ID='manual__2024-02-23T00:00:00+00:00'
[2024-02-23T14:21:07.945+0000] {sql.py:276} INFO - Executing: 
        DROP TABLE weather_tab;
        CREATE TABLE weather_tab(
            id SERIAL PRIMARY KEY,
	        city varchar NULL,
	        dt date NULL,
	        hour int2 NULL,
	        temperature_c float8 NULL,
	        pressure float8 NULL,
	        is_rainy int NULL
    );
[2024-02-23T14:21:07.955+0000] {base.py:83} INFO - Using connection ID 'postgres_localhost' for task execution.
[2024-02-23T14:21:07.966+0000] {base.py:83} INFO - Using connection ID 'postgres_localhost' for task execution.
[2024-02-23T14:21:07.981+0000] {sql.py:450} INFO - Running statement: 
        DROP TABLE weather_tab;
        CREATE TABLE weather_tab(
            id SERIAL PRIMARY KEY,
	        city varchar NULL,
	        dt date NULL,
	        hour int2 NULL,
	        temperature_c float8 NULL,
	        pressure float8 NULL,
	        is_rainy int NULL
    );, parameters: None
[2024-02-23T14:21:08.040+0000] {taskinstance.py:1138} INFO - Marking task as SUCCESS. dag_id=1Success_dag, task_id=create_db_schem, execution_date=20240223T000000, start_date=20240223T142107, end_date=20240223T142108
[2024-02-23T14:21:08.095+0000] {local_task_job_runner.py:234} INFO - Task exited with return code 0
[2024-02-23T14:21:08.127+0000] {taskinstance.py:3280} INFO - 1 downstream tasks scheduled from follow-on schedule check
