[2024-02-12T07:38:44.358+0000] {taskinstance.py:1956} INFO - Dependencies all met for dep_context=non-requeueable deps ti=<TaskInstance: Weather_DAG_V3.7.data_to_db scheduled__2024-02-12T00:21:00+00:00 [queued]>
[2024-02-12T07:38:44.413+0000] {taskinstance.py:1956} INFO - Dependencies all met for dep_context=requeueable deps ti=<TaskInstance: Weather_DAG_V3.7.data_to_db scheduled__2024-02-12T00:21:00+00:00 [queued]>
[2024-02-12T07:38:44.414+0000] {taskinstance.py:2170} INFO - Starting attempt 1 of 1
[2024-02-12T07:38:44.498+0000] {taskinstance.py:2191} INFO - Executing <Task(PythonOperator): data_to_db> on 2024-02-12 00:21:00+00:00
[2024-02-12T07:38:44.514+0000] {standard_task_runner.py:60} INFO - Started process 624 to run task
[2024-02-12T07:38:44.527+0000] {standard_task_runner.py:87} INFO - Running: ['***', 'tasks', 'run', 'Weather_DAG_V3.7', 'data_to_db', 'scheduled__2024-02-12T00:21:00+00:00', '--job-id', '6064', '--raw', '--subdir', 'DAGS_FOLDER/Weather_dag.py', '--cfg-path', '/tmp/tmp15s7dqw0']
[2024-02-12T07:38:44.603+0000] {standard_task_runner.py:88} INFO - Job 6064: Subtask data_to_db
[2024-02-12T07:38:44.939+0000] {task_command.py:423} INFO - Running <TaskInstance: Weather_DAG_V3.7.data_to_db scheduled__2024-02-12T00:21:00+00:00 [running]> on host 06573eafe810
[2024-02-12T07:38:45.381+0000] {taskinstance.py:2480} INFO - Exporting env vars: AIRFLOW_CTX_DAG_OWNER='***' AIRFLOW_CTX_DAG_ID='Weather_DAG_V3.7' AIRFLOW_CTX_TASK_ID='data_to_db' AIRFLOW_CTX_EXECUTION_DATE='2024-02-12T00:21:00+00:00' AIRFLOW_CTX_TRY_NUMBER='1' AIRFLOW_CTX_DAG_RUN_ID='scheduled__2024-02-12T00:21:00+00:00'
[2024-02-12T07:38:45.579+0000] {base.py:83} INFO - Using connection ID 'postgres_localhost' for task execution.
[2024-02-12T07:38:45.608+0000] {taskinstance.py:2698} ERROR - Task failed with exception
Traceback (most recent call last):
  File "/home/airflow/.local/lib/python3.8/site-packages/airflow/models/taskinstance.py", line 433, in _execute_task
    result = execute_callable(context=context, **execute_callable_kwargs)
  File "/home/airflow/.local/lib/python3.8/site-packages/airflow/operators/python.py", line 199, in execute
    return_value = self.execute_callable()
  File "/home/airflow/.local/lib/python3.8/site-packages/airflow/operators/python.py", line 216, in execute_callable
    return self.python_callable(*self.op_args, **self.op_kwargs)
  File "/opt/airflow/dags/Weather_dag.py", line 73, in csv_db
    hook.insert_rows(table='weather_tab', rows=CSV_DATA)
  File "/home/airflow/.local/lib/python3.8/site-packages/airflow/providers/common/sql/hooks/sql.py", line 536, in insert_rows
    for cell in row:
TypeError: 'int' object is not iterable
[2024-02-12T07:38:45.652+0000] {taskinstance.py:1138} INFO - Marking task as FAILED. dag_id=Weather_DAG_V3.7, task_id=data_to_db, execution_date=20240212T002100, start_date=20240212T073844, end_date=20240212T073845
[2024-02-12T07:38:45.728+0000] {standard_task_runner.py:107} ERROR - Failed to execute job 6064 for task data_to_db ('int' object is not iterable; 624)
[2024-02-12T07:38:45.840+0000] {local_task_job_runner.py:234} INFO - Task exited with return code 1
[2024-02-12T07:38:45.922+0000] {taskinstance.py:3280} INFO - 0 downstream tasks scheduled from follow-on schedule check
