[2024-02-08T10:50:38.736+0000] {taskinstance.py:1956} INFO - Dependencies all met for dep_context=non-requeueable deps ti=<TaskInstance: Weather_dag.get_weather scheduled__2024-02-08T00:16:00+00:00 [queued]>
[2024-02-08T10:50:38.950+0000] {taskinstance.py:1956} INFO - Dependencies all met for dep_context=requeueable deps ti=<TaskInstance: Weather_dag.get_weather scheduled__2024-02-08T00:16:00+00:00 [queued]>
[2024-02-08T10:50:38.953+0000] {taskinstance.py:2170} INFO - Starting attempt 1 of 2
[2024-02-08T10:50:39.122+0000] {taskinstance.py:2191} INFO - Executing <Task(PythonOperator): get_weather> on 2024-02-08 00:16:00+00:00
[2024-02-08T10:50:39.221+0000] {standard_task_runner.py:87} INFO - Running: ['***', 'tasks', 'run', 'Weather_dag', 'get_weather', 'scheduled__2024-02-08T00:16:00+00:00', '--job-id', '21', '--raw', '--subdir', 'DAGS_FOLDER/Weather_dag.py', '--cfg-path', '/tmp/tmp51reti8n']
[2024-02-08T10:50:39.294+0000] {standard_task_runner.py:88} INFO - Job 21: Subtask get_weather
[2024-02-08T10:50:39.188+0000] {standard_task_runner.py:60} INFO - Started process 988 to run task
[2024-02-08T10:50:39.855+0000] {task_command.py:423} INFO - Running <TaskInstance: Weather_dag.get_weather scheduled__2024-02-08T00:16:00+00:00 [running]> on host 06573eafe810
[2024-02-08T10:50:40.483+0000] {taskinstance.py:2480} INFO - Exporting env vars: AIRFLOW_CTX_DAG_OWNER='***' AIRFLOW_CTX_DAG_ID='Weather_dag' AIRFLOW_CTX_TASK_ID='get_weather' AIRFLOW_CTX_EXECUTION_DATE='2024-02-08T00:16:00+00:00' AIRFLOW_CTX_TRY_NUMBER='1' AIRFLOW_CTX_DAG_RUN_ID='scheduled__2024-02-08T00:16:00+00:00'
[2024-02-08T10:50:45.206+0000] {python.py:201} INFO - Done. Returned value was: None
[2024-02-08T10:50:45.323+0000] {taskinstance.py:1138} INFO - Marking task as SUCCESS. dag_id=Weather_dag, task_id=get_weather, execution_date=20240208T001600, start_date=20240208T105038, end_date=20240208T105045
[2024-02-08T10:50:45.561+0000] {local_task_job_runner.py:234} INFO - Task exited with return code 0
[2024-02-08T10:50:45.913+0000] {taskinstance.py:3280} INFO - 1 downstream tasks scheduled from follow-on schedule check
[2024-02-08T10:51:07.628+0000] {taskinstance.py:1956} INFO - Dependencies all met for dep_context=non-requeueable deps ti=<TaskInstance: weather_dag.get_weather scheduled__2024-02-08T00:16:00+00:00 [queued]>
[2024-02-08T10:51:07.673+0000] {taskinstance.py:1956} INFO - Dependencies all met for dep_context=requeueable deps ti=<TaskInstance: weather_dag.get_weather scheduled__2024-02-08T00:16:00+00:00 [queued]>
[2024-02-08T10:51:07.682+0000] {taskinstance.py:2170} INFO - Starting attempt 1 of 2
[2024-02-08T10:51:07.865+0000] {taskinstance.py:2191} INFO - Executing <Task(PythonOperator): get_weather> on 2024-02-08 00:16:00+00:00
[2024-02-08T10:51:07.875+0000] {standard_task_runner.py:60} INFO - Started process 1025 to run task
[2024-02-08T10:51:07.934+0000] {standard_task_runner.py:87} INFO - Running: ['***', 'tasks', 'run', 'weather_dag', 'get_weather', 'scheduled__2024-02-08T00:16:00+00:00', '--job-id', '32', '--raw', '--subdir', 'DAGS_FOLDER/Weather_dag.py', '--cfg-path', '/tmp/tmpo1sh_zwx']
[2024-02-08T10:51:07.938+0000] {standard_task_runner.py:88} INFO - Job 32: Subtask get_weather
[2024-02-08T10:51:08.572+0000] {task_command.py:423} INFO - Running <TaskInstance: weather_dag.get_weather scheduled__2024-02-08T00:16:00+00:00 [running]> on host 06573eafe810
[2024-02-08T10:51:09.044+0000] {taskinstance.py:2480} INFO - Exporting env vars: AIRFLOW_CTX_DAG_OWNER='***' AIRFLOW_CTX_DAG_ID='weather_dag' AIRFLOW_CTX_TASK_ID='get_weather' AIRFLOW_CTX_EXECUTION_DATE='2024-02-08T00:16:00+00:00' AIRFLOW_CTX_TRY_NUMBER='1' AIRFLOW_CTX_DAG_RUN_ID='scheduled__2024-02-08T00:16:00+00:00'
[2024-02-08T10:51:13.491+0000] {python.py:201} INFO - Done. Returned value was: None
[2024-02-08T10:51:13.544+0000] {taskinstance.py:1138} INFO - Marking task as SUCCESS. dag_id=weather_dag, task_id=get_weather, execution_date=20240208T001600, start_date=20240208T105107, end_date=20240208T105113
[2024-02-08T10:51:13.826+0000] {local_task_job_runner.py:234} INFO - Task exited with return code 0
[2024-02-08T10:51:13.965+0000] {taskinstance.py:3280} INFO - 1 downstream tasks scheduled from follow-on schedule check
