[2024-02-13T10:23:20.556+0000] {taskinstance.py:1956} INFO - Dependencies all met for dep_context=non-requeueable deps ti=<TaskInstance: 1Training_DAG_V1.0.data_to_db manual__2024-02-13T10:23:13.742945+00:00 [queued]>
[2024-02-13T10:23:20.565+0000] {taskinstance.py:1956} INFO - Dependencies all met for dep_context=requeueable deps ti=<TaskInstance: 1Training_DAG_V1.0.data_to_db manual__2024-02-13T10:23:13.742945+00:00 [queued]>
[2024-02-13T10:23:20.565+0000] {taskinstance.py:2170} INFO - Starting attempt 1 of 1
[2024-02-13T10:23:20.583+0000] {taskinstance.py:2191} INFO - Executing <Task(PythonOperator): data_to_db> on 2024-02-13 10:23:13.742945+00:00
[2024-02-13T10:23:20.592+0000] {standard_task_runner.py:60} INFO - Started process 2932 to run task
[2024-02-13T10:23:20.596+0000] {standard_task_runner.py:87} INFO - Running: ['***', 'tasks', 'run', '1Training_DAG_V1.0', 'data_to_db', 'manual__2024-02-13T10:23:13.742945+00:00', '--job-id', '11249', '--raw', '--subdir', 'DAGS_FOLDER/traning_dag.py', '--cfg-path', '/tmp/tmpuuwr_h_5']
[2024-02-13T10:23:20.597+0000] {standard_task_runner.py:88} INFO - Job 11249: Subtask data_to_db
[2024-02-13T10:23:20.659+0000] {task_command.py:423} INFO - Running <TaskInstance: 1Training_DAG_V1.0.data_to_db manual__2024-02-13T10:23:13.742945+00:00 [running]> on host 06573eafe810
[2024-02-13T10:23:20.766+0000] {taskinstance.py:2480} INFO - Exporting env vars: AIRFLOW_CTX_DAG_OWNER='***' AIRFLOW_CTX_DAG_ID='1Training_DAG_V1.0' AIRFLOW_CTX_TASK_ID='data_to_db' AIRFLOW_CTX_EXECUTION_DATE='2024-02-13T10:23:13.742945+00:00' AIRFLOW_CTX_TRY_NUMBER='1' AIRFLOW_CTX_DAG_RUN_ID='manual__2024-02-13T10:23:13.742945+00:00'
[2024-02-13T10:23:20.778+0000] {logging_mixin.py:188} INFO - <bound method IndexOpsMixin.tolist of Москва            Москва
2024-02-12    2024-02-12
0                      1
-5                    -6
748                  747
1                      0
Name: 0, dtype: object>
[2024-02-13T10:23:20.788+0000] {base.py:83} INFO - Using connection ID 'postgres_localhost' for task execution.
[2024-02-13T10:23:20.800+0000] {python.py:201} INFO - Done. Returned value was: None
[2024-02-13T10:23:20.813+0000] {taskinstance.py:1138} INFO - Marking task as SUCCESS. dag_id=1Training_DAG_V1.0, task_id=data_to_db, execution_date=20240213T102313, start_date=20240213T102320, end_date=20240213T102320
[2024-02-13T10:23:20.848+0000] {local_task_job_runner.py:234} INFO - Task exited with return code 0
[2024-02-13T10:23:20.872+0000] {taskinstance.py:3280} INFO - 1 downstream tasks scheduled from follow-on schedule check
