[2024-02-19T08:51:24.616+0000] {taskinstance.py:1956} INFO - Dependencies all met for dep_context=non-requeueable deps ti=<TaskInstance: 1Trigger_dag.trigger_task scheduled__2024-02-19T08:21:00+00:00 [queued]>
[2024-02-19T08:51:24.654+0000] {taskinstance.py:1956} INFO - Dependencies all met for dep_context=requeueable deps ti=<TaskInstance: 1Trigger_dag.trigger_task scheduled__2024-02-19T08:21:00+00:00 [queued]>
[2024-02-19T08:51:24.669+0000] {taskinstance.py:2170} INFO - Starting attempt 1 of 1
[2024-02-19T08:51:24.719+0000] {taskinstance.py:2191} INFO - Executing <Task(TriggerDagRunOperator): trigger_task> on 2024-02-19 08:21:00+00:00
[2024-02-19T08:51:24.725+0000] {standard_task_runner.py:60} INFO - Started process 65 to run task
[2024-02-19T08:51:24.739+0000] {standard_task_runner.py:87} INFO - Running: ['***', 'tasks', 'run', '1Trigger_dag', 'trigger_task', 'scheduled__2024-02-19T08:21:00+00:00', '--job-id', '12266', '--raw', '--subdir', 'DAGS_FOLDER/trigger_dag.py', '--cfg-path', '/tmp/tmp2it06skz']
[2024-02-19T08:51:24.742+0000] {standard_task_runner.py:88} INFO - Job 12266: Subtask trigger_task
[2024-02-19T08:51:24.870+0000] {task_command.py:423} INFO - Running <TaskInstance: 1Trigger_dag.trigger_task scheduled__2024-02-19T08:21:00+00:00 [running]> on host 06573eafe810
[2024-02-19T08:51:25.063+0000] {taskinstance.py:2480} INFO - Exporting env vars: AIRFLOW_CTX_DAG_OWNER='***' AIRFLOW_CTX_DAG_ID='1Trigger_dag' AIRFLOW_CTX_TASK_ID='trigger_task' AIRFLOW_CTX_EXECUTION_DATE='2024-02-19T08:21:00+00:00' AIRFLOW_CTX_TRY_NUMBER='1' AIRFLOW_CTX_DAG_RUN_ID='scheduled__2024-02-19T08:21:00+00:00'
[2024-02-19T08:51:25.278+0000] {trigger_dagrun.py:210} INFO - Waiting for 1Success_dag on 2024-02-19 00:00:00+00:00 to become allowed state ['success'] ...
[2024-02-19T08:51:35.300+0000] {trigger_dagrun.py:210} INFO - Waiting for 1Success_dag on 2024-02-19 00:00:00+00:00 to become allowed state ['success'] ...
[2024-02-19T08:51:45.312+0000] {trigger_dagrun.py:210} INFO - Waiting for 1Success_dag on 2024-02-19 00:00:00+00:00 to become allowed state ['success'] ...
[2024-02-19T08:51:55.347+0000] {trigger_dagrun.py:210} INFO - Waiting for 1Success_dag on 2024-02-19 00:00:00+00:00 to become allowed state ['success'] ...
[2024-02-19T08:52:05.367+0000] {trigger_dagrun.py:210} INFO - Waiting for 1Success_dag on 2024-02-19 00:00:00+00:00 to become allowed state ['success'] ...
[2024-02-19T08:52:15.374+0000] {trigger_dagrun.py:210} INFO - Waiting for 1Success_dag on 2024-02-19 00:00:00+00:00 to become allowed state ['success'] ...
[2024-02-19T08:52:25.388+0000] {trigger_dagrun.py:210} INFO - Waiting for 1Success_dag on 2024-02-19 00:00:00+00:00 to become allowed state ['success'] ...
[2024-02-19T08:52:35.403+0000] {trigger_dagrun.py:210} INFO - Waiting for 1Success_dag on 2024-02-19 00:00:00+00:00 to become allowed state ['success'] ...
[2024-02-19T08:52:45.418+0000] {trigger_dagrun.py:210} INFO - Waiting for 1Success_dag on 2024-02-19 00:00:00+00:00 to become allowed state ['success'] ...
[2024-02-19T08:52:55.428+0000] {trigger_dagrun.py:210} INFO - Waiting for 1Success_dag on 2024-02-19 00:00:00+00:00 to become allowed state ['success'] ...
[2024-02-19T08:53:05.446+0000] {trigger_dagrun.py:210} INFO - Waiting for 1Success_dag on 2024-02-19 00:00:00+00:00 to become allowed state ['success'] ...
[2024-02-19T08:53:15.462+0000] {trigger_dagrun.py:210} INFO - Waiting for 1Success_dag on 2024-02-19 00:00:00+00:00 to become allowed state ['success'] ...
[2024-02-19T08:53:25.478+0000] {trigger_dagrun.py:210} INFO - Waiting for 1Success_dag on 2024-02-19 00:00:00+00:00 to become allowed state ['success'] ...
[2024-02-19T08:53:35.487+0000] {trigger_dagrun.py:210} INFO - Waiting for 1Success_dag on 2024-02-19 00:00:00+00:00 to become allowed state ['success'] ...
[2024-02-19T08:53:45.498+0000] {trigger_dagrun.py:210} INFO - Waiting for 1Success_dag on 2024-02-19 00:00:00+00:00 to become allowed state ['success'] ...
[2024-02-19T08:53:55.510+0000] {trigger_dagrun.py:210} INFO - Waiting for 1Success_dag on 2024-02-19 00:00:00+00:00 to become allowed state ['success'] ...
[2024-02-19T08:54:05.527+0000] {trigger_dagrun.py:210} INFO - Waiting for 1Success_dag on 2024-02-19 00:00:00+00:00 to become allowed state ['success'] ...
[2024-02-19T08:54:15.542+0000] {trigger_dagrun.py:210} INFO - Waiting for 1Success_dag on 2024-02-19 00:00:00+00:00 to become allowed state ['success'] ...
