[2024-02-13T10:27:49.297+0000] {taskinstance.py:1956} INFO - Dependencies all met for dep_context=non-requeueable deps ti=<TaskInstance: 1Training_DAG_V1.0.data_to_db manual__2024-02-13T10:27:42.977316+00:00 [queued]>
[2024-02-13T10:27:49.306+0000] {taskinstance.py:1956} INFO - Dependencies all met for dep_context=requeueable deps ti=<TaskInstance: 1Training_DAG_V1.0.data_to_db manual__2024-02-13T10:27:42.977316+00:00 [queued]>
[2024-02-13T10:27:49.306+0000] {taskinstance.py:2170} INFO - Starting attempt 1 of 1
[2024-02-13T10:27:49.326+0000] {taskinstance.py:2191} INFO - Executing <Task(PythonOperator): data_to_db> on 2024-02-13 10:27:42.977316+00:00
[2024-02-13T10:27:49.334+0000] {standard_task_runner.py:60} INFO - Started process 3026 to run task
[2024-02-13T10:27:49.337+0000] {standard_task_runner.py:87} INFO - Running: ['***', 'tasks', 'run', '1Training_DAG_V1.0', 'data_to_db', 'manual__2024-02-13T10:27:42.977316+00:00', '--job-id', '11259', '--raw', '--subdir', 'DAGS_FOLDER/traning_dag.py', '--cfg-path', '/tmp/tmplisig5xm']
[2024-02-13T10:27:49.339+0000] {standard_task_runner.py:88} INFO - Job 11259: Subtask data_to_db
[2024-02-13T10:27:49.394+0000] {task_command.py:423} INFO - Running <TaskInstance: 1Training_DAG_V1.0.data_to_db manual__2024-02-13T10:27:42.977316+00:00 [running]> on host 06573eafe810
[2024-02-13T10:27:49.492+0000] {taskinstance.py:2480} INFO - Exporting env vars: AIRFLOW_CTX_DAG_OWNER='***' AIRFLOW_CTX_DAG_ID='1Training_DAG_V1.0' AIRFLOW_CTX_TASK_ID='data_to_db' AIRFLOW_CTX_EXECUTION_DATE='2024-02-13T10:27:42.977316+00:00' AIRFLOW_CTX_TRY_NUMBER='1' AIRFLOW_CTX_DAG_RUN_ID='manual__2024-02-13T10:27:42.977316+00:00'
[2024-02-13T10:27:49.504+0000] {logging_mixin.py:188} INFO - <bound method IndexOpsMixin.tolist of Москва            Москва
2024-02-12    2024-02-12
0                      1
-5                    -6
748                  747
1                      0
Name: 0, dtype: object>
[2024-02-13T10:27:49.505+0000] {taskinstance.py:2698} ERROR - Task failed with exception
Traceback (most recent call last):
  File "/home/airflow/.local/lib/python3.8/site-packages/airflow/models/taskinstance.py", line 433, in _execute_task
    result = execute_callable(context=context, **execute_callable_kwargs)
  File "/home/airflow/.local/lib/python3.8/site-packages/airflow/operators/python.py", line 199, in execute
    return_value = self.execute_callable()
  File "/home/airflow/.local/lib/python3.8/site-packages/airflow/operators/python.py", line 216, in execute_callable
    return self.python_callable(*self.op_args, **self.op_kwargs)
  File "/opt/airflow/dags/traning_dag.py", line 26, in csv_db
    sql_script = "INSERT INTO %s VALUES (Training(city))" % (list_csv[0],)
TypeError: 'method' object is not subscriptable
[2024-02-13T10:27:49.518+0000] {taskinstance.py:1138} INFO - Marking task as FAILED. dag_id=1Training_DAG_V1.0, task_id=data_to_db, execution_date=20240213T102742, start_date=20240213T102749, end_date=20240213T102749
[2024-02-13T10:27:49.535+0000] {standard_task_runner.py:107} ERROR - Failed to execute job 11259 for task data_to_db ('method' object is not subscriptable; 3026)
[2024-02-13T10:27:49.550+0000] {local_task_job_runner.py:234} INFO - Task exited with return code 1
[2024-02-13T10:27:49.575+0000] {taskinstance.py:3280} INFO - 0 downstream tasks scheduled from follow-on schedule check
