[2024-02-08T10:50:47.277+0000] {taskinstance.py:1956} INFO - Dependencies all met for dep_context=non-requeueable deps ti=<TaskInstance: Weather_dag.get_weather scheduled__2024-02-08T00:51:00+00:00 [queued]>
[2024-02-08T10:50:47.329+0000] {taskinstance.py:1956} INFO - Dependencies all met for dep_context=requeueable deps ti=<TaskInstance: Weather_dag.get_weather scheduled__2024-02-08T00:51:00+00:00 [queued]>
[2024-02-08T10:50:47.331+0000] {taskinstance.py:2170} INFO - Starting attempt 1 of 2
[2024-02-08T10:50:47.414+0000] {taskinstance.py:2191} INFO - Executing <Task(PythonOperator): get_weather> on 2024-02-08 00:51:00+00:00
[2024-02-08T10:50:47.423+0000] {standard_task_runner.py:60} INFO - Started process 996 to run task
[2024-02-08T10:50:47.466+0000] {standard_task_runner.py:87} INFO - Running: ['***', 'tasks', 'run', 'Weather_dag', 'get_weather', 'scheduled__2024-02-08T00:51:00+00:00', '--job-id', '29', '--raw', '--subdir', 'DAGS_FOLDER/Weather_dag.py', '--cfg-path', '/tmp/tmp3atvdti0']
[2024-02-08T10:50:47.476+0000] {standard_task_runner.py:88} INFO - Job 29: Subtask get_weather
[2024-02-08T10:50:47.861+0000] {task_command.py:423} INFO - Running <TaskInstance: Weather_dag.get_weather scheduled__2024-02-08T00:51:00+00:00 [running]> on host 06573eafe810
[2024-02-08T10:50:48.136+0000] {taskinstance.py:2480} INFO - Exporting env vars: AIRFLOW_CTX_DAG_OWNER='***' AIRFLOW_CTX_DAG_ID='Weather_dag' AIRFLOW_CTX_TASK_ID='get_weather' AIRFLOW_CTX_EXECUTION_DATE='2024-02-08T00:51:00+00:00' AIRFLOW_CTX_TRY_NUMBER='1' AIRFLOW_CTX_DAG_RUN_ID='scheduled__2024-02-08T00:51:00+00:00'
[2024-02-08T10:50:49.767+0000] {python.py:201} INFO - Done. Returned value was: None
[2024-02-08T10:50:49.778+0000] {taskinstance.py:1138} INFO - Marking task as SUCCESS. dag_id=Weather_dag, task_id=get_weather, execution_date=20240208T005100, start_date=20240208T105047, end_date=20240208T105049
[2024-02-08T10:50:49.819+0000] {local_task_job_runner.py:234} INFO - Task exited with return code 0
[2024-02-08T10:50:49.851+0000] {taskinstance.py:3280} INFO - 1 downstream tasks scheduled from follow-on schedule check
[2024-02-08T10:51:20.882+0000] {taskinstance.py:1956} INFO - Dependencies all met for dep_context=non-requeueable deps ti=<TaskInstance: weather_dag.get_weather scheduled__2024-02-08T00:51:00+00:00 [queued]>
[2024-02-08T10:51:20.955+0000] {taskinstance.py:1956} INFO - Dependencies all met for dep_context=requeueable deps ti=<TaskInstance: weather_dag.get_weather scheduled__2024-02-08T00:51:00+00:00 [queued]>
[2024-02-08T10:51:20.958+0000] {taskinstance.py:2170} INFO - Starting attempt 1 of 2
[2024-02-08T10:51:21.050+0000] {taskinstance.py:2191} INFO - Executing <Task(PythonOperator): get_weather> on 2024-02-08 00:51:00+00:00
[2024-02-08T10:51:21.060+0000] {standard_task_runner.py:60} INFO - Started process 1057 to run task
[2024-02-08T10:51:21.121+0000] {standard_task_runner.py:87} INFO - Running: ['***', 'tasks', 'run', 'weather_dag', 'get_weather', 'scheduled__2024-02-08T00:51:00+00:00', '--job-id', '40', '--raw', '--subdir', 'DAGS_FOLDER/Weather_dag.py', '--cfg-path', '/tmp/tmpwyx0zjqj']
[2024-02-08T10:51:21.129+0000] {standard_task_runner.py:88} INFO - Job 40: Subtask get_weather
[2024-02-08T10:51:21.901+0000] {task_command.py:423} INFO - Running <TaskInstance: weather_dag.get_weather scheduled__2024-02-08T00:51:00+00:00 [running]> on host 06573eafe810
[2024-02-08T10:51:22.622+0000] {taskinstance.py:2480} INFO - Exporting env vars: AIRFLOW_CTX_DAG_OWNER='***' AIRFLOW_CTX_DAG_ID='weather_dag' AIRFLOW_CTX_TASK_ID='get_weather' AIRFLOW_CTX_EXECUTION_DATE='2024-02-08T00:51:00+00:00' AIRFLOW_CTX_TRY_NUMBER='1' AIRFLOW_CTX_DAG_RUN_ID='scheduled__2024-02-08T00:51:00+00:00'
[2024-02-08T10:51:24.827+0000] {python.py:201} INFO - Done. Returned value was: None
[2024-02-08T10:51:24.889+0000] {taskinstance.py:1138} INFO - Marking task as SUCCESS. dag_id=weather_dag, task_id=get_weather, execution_date=20240208T005100, start_date=20240208T105120, end_date=20240208T105124
[2024-02-08T10:51:25.030+0000] {local_task_job_runner.py:234} INFO - Task exited with return code 0
[2024-02-08T10:51:25.169+0000] {taskinstance.py:3280} INFO - 1 downstream tasks scheduled from follow-on schedule check
