[2024-02-25T18:21:14.066+0000] {taskinstance.py:1956} INFO - Dependencies all met for dep_context=non-requeueable deps ti=<TaskInstance: 1Trigger_dag.create_metric_tab scheduled__2024-02-25T18:01:00+00:00 [queued]>
[2024-02-25T18:21:14.078+0000] {taskinstance.py:1956} INFO - Dependencies all met for dep_context=requeueable deps ti=<TaskInstance: 1Trigger_dag.create_metric_tab scheduled__2024-02-25T18:01:00+00:00 [queued]>
[2024-02-25T18:21:14.079+0000] {taskinstance.py:2170} INFO - Starting attempt 1 of 1
[2024-02-25T18:21:14.097+0000] {taskinstance.py:2191} INFO - Executing <Task(PostgresOperator): create_metric_tab> on 2024-02-25 18:01:00+00:00
[2024-02-25T18:21:14.104+0000] {standard_task_runner.py:60} INFO - Started process 27655 to run task
[2024-02-25T18:21:14.107+0000] {standard_task_runner.py:87} INFO - Running: ['***', 'tasks', 'run', '1Trigger_dag', 'create_metric_tab', 'scheduled__2024-02-25T18:01:00+00:00', '--job-id', '13375', '--raw', '--subdir', 'DAGS_FOLDER/trigger_dag.py', '--cfg-path', '/tmp/tmpb6yhtkhc']
[2024-02-25T18:21:14.109+0000] {standard_task_runner.py:88} INFO - Job 13375: Subtask create_metric_tab
[2024-02-25T18:21:14.161+0000] {task_command.py:423} INFO - Running <TaskInstance: 1Trigger_dag.create_metric_tab scheduled__2024-02-25T18:01:00+00:00 [running]> on host 06573eafe810
[2024-02-25T18:21:14.259+0000] {taskinstance.py:2480} INFO - Exporting env vars: AIRFLOW_CTX_DAG_OWNER='***' AIRFLOW_CTX_DAG_ID='1Trigger_dag' AIRFLOW_CTX_TASK_ID='create_metric_tab' AIRFLOW_CTX_EXECUTION_DATE='2024-02-25T18:01:00+00:00' AIRFLOW_CTX_TRY_NUMBER='1' AIRFLOW_CTX_DAG_RUN_ID='scheduled__2024-02-25T18:01:00+00:00'
[2024-02-25T18:21:14.261+0000] {sql.py:276} INFO - Executing: 
        CREATE TABLE IF NOT EXISTS metric_tab(
            id SERIAL PRIMARY KEY,
	        city varchar NULL,
	        dt date NULL,
	        hour int2 NULL,
	        temperature_c float8 NULL,
	        pressure float8 NULL,
	        is_rainy int NULL
    );
[2024-02-25T18:21:14.269+0000] {base.py:83} INFO - Using connection ID 'postgres_localhost' for task execution.
[2024-02-25T18:21:14.277+0000] {base.py:83} INFO - Using connection ID 'postgres_localhost' for task execution.
[2024-02-25T18:21:14.287+0000] {sql.py:450} INFO - Running statement: 
        CREATE TABLE IF NOT EXISTS metric_tab(
            id SERIAL PRIMARY KEY,
	        city varchar NULL,
	        dt date NULL,
	        hour int2 NULL,
	        temperature_c float8 NULL,
	        pressure float8 NULL,
	        is_rainy int NULL
    );, parameters: None
[2024-02-25T18:21:14.303+0000] {taskinstance.py:1138} INFO - Marking task as SUCCESS. dag_id=1Trigger_dag, task_id=create_metric_tab, execution_date=20240225T180100, start_date=20240225T182114, end_date=20240225T182114
[2024-02-25T18:21:14.326+0000] {local_task_job_runner.py:234} INFO - Task exited with return code 0
[2024-02-25T18:21:14.349+0000] {taskinstance.py:3280} INFO - 1 downstream tasks scheduled from follow-on schedule check
