[2024-02-16T13:14:16.974+0000] {taskinstance.py:1956} INFO - Dependencies all met for dep_context=non-requeueable deps ti=<TaskInstance: 1Success_dag.create_db_schem manual__2024-02-16T00:00:00+00:00 [queued]>
[2024-02-16T13:14:16.984+0000] {taskinstance.py:1956} INFO - Dependencies all met for dep_context=requeueable deps ti=<TaskInstance: 1Success_dag.create_db_schem manual__2024-02-16T00:00:00+00:00 [queued]>
[2024-02-16T13:14:16.985+0000] {taskinstance.py:2170} INFO - Starting attempt 3 of 3
[2024-02-16T13:14:17.003+0000] {taskinstance.py:2191} INFO - Executing <Task(PostgresOperator): create_db_schem> on 2024-02-16 00:00:00+00:00
[2024-02-16T13:14:17.011+0000] {standard_task_runner.py:60} INFO - Started process 5213 to run task
[2024-02-16T13:14:17.015+0000] {standard_task_runner.py:87} INFO - Running: ['***', 'tasks', 'run', '1Success_dag', 'create_db_schem', 'manual__2024-02-16T00:00:00+00:00', '--job-id', '12182', '--raw', '--subdir', 'DAGS_FOLDER/success_dag.py', '--cfg-path', '/tmp/tmpou23f6ra']
[2024-02-16T13:14:17.016+0000] {standard_task_runner.py:88} INFO - Job 12182: Subtask create_db_schem
[2024-02-16T13:14:17.068+0000] {task_command.py:423} INFO - Running <TaskInstance: 1Success_dag.create_db_schem manual__2024-02-16T00:00:00+00:00 [running]> on host 06573eafe810
[2024-02-16T13:14:17.154+0000] {taskinstance.py:2480} INFO - Exporting env vars: AIRFLOW_CTX_DAG_OWNER='***' AIRFLOW_CTX_DAG_ID='1Success_dag' AIRFLOW_CTX_TASK_ID='create_db_schem' AIRFLOW_CTX_EXECUTION_DATE='2024-02-16T00:00:00+00:00' AIRFLOW_CTX_TRY_NUMBER='3' AIRFLOW_CTX_DAG_RUN_ID='manual__2024-02-16T00:00:00+00:00'
[2024-02-16T13:14:17.157+0000] {sql.py:276} INFO - Executing: 
        DROP TABLE weather_tab;
        CREATE TABLE weather_tab(
            id SERIAL PRIMARY KEY,
	        city varchar NULL,
	        dt date NULL,
	        hour int2 NULL,
	        temperature_c float8 NULL,
	        pressure float8 NULL,
	        is_rainy int NULL
    );
[2024-02-16T13:14:17.166+0000] {base.py:83} INFO - Using connection ID 'postgres_localhost' for task execution.
[2024-02-16T13:14:17.175+0000] {base.py:83} INFO - Using connection ID 'postgres_localhost' for task execution.
[2024-02-16T13:14:17.184+0000] {sql.py:450} INFO - Running statement: 
        DROP TABLE weather_tab;
        CREATE TABLE weather_tab(
            id SERIAL PRIMARY KEY,
	        city varchar NULL,
	        dt date NULL,
	        hour int2 NULL,
	        temperature_c float8 NULL,
	        pressure float8 NULL,
	        is_rainy int NULL
    );, parameters: None
[2024-02-16T13:14:17.245+0000] {taskinstance.py:1138} INFO - Marking task as SUCCESS. dag_id=1Success_dag, task_id=create_db_schem, execution_date=20240216T000000, start_date=20240216T131416, end_date=20240216T131417
[2024-02-16T13:14:17.268+0000] {local_task_job_runner.py:234} INFO - Task exited with return code 0
[2024-02-16T13:14:17.298+0000] {taskinstance.py:3280} INFO - 1 downstream tasks scheduled from follow-on schedule check
