[2024-03-14T13:38:34.459+0000] {taskinstance.py:1956} INFO - Dependencies all met for dep_context=non-requeueable deps ti=<TaskInstance: 1No_Pandas_Weather_DAG.create_db_schem scheduled__2024-02-13T03:11:00+00:00 [queued]>
[2024-03-14T13:38:34.498+0000] {taskinstance.py:1956} INFO - Dependencies all met for dep_context=requeueable deps ti=<TaskInstance: 1No_Pandas_Weather_DAG.create_db_schem scheduled__2024-02-13T03:11:00+00:00 [queued]>
[2024-03-14T13:38:34.499+0000] {taskinstance.py:2170} INFO - Starting attempt 1 of 1
[2024-03-14T13:38:34.555+0000] {taskinstance.py:2191} INFO - Executing <Task(PostgresOperator): create_db_schem> on 2024-02-13 03:11:00+00:00
[2024-03-14T13:38:34.565+0000] {standard_task_runner.py:60} INFO - Started process 114 to run task
[2024-03-14T13:38:34.580+0000] {standard_task_runner.py:87} INFO - Running: ['***', 'tasks', 'run', '1No_Pandas_Weather_DAG', 'create_db_schem', 'scheduled__2024-02-13T03:11:00+00:00', '--job-id', '13768', '--raw', '--subdir', 'DAGS_FOLDER/first_dag.py', '--cfg-path', '/tmp/tmp97rxo4_q']
[2024-03-14T13:38:34.603+0000] {standard_task_runner.py:88} INFO - Job 13768: Subtask create_db_schem
[2024-03-14T13:38:35.116+0000] {task_command.py:423} INFO - Running <TaskInstance: 1No_Pandas_Weather_DAG.create_db_schem scheduled__2024-02-13T03:11:00+00:00 [running]> on host b5253fd441c9
[2024-03-14T13:38:35.572+0000] {taskinstance.py:2480} INFO - Exporting env vars: AIRFLOW_CTX_DAG_OWNER='***' AIRFLOW_CTX_DAG_ID='1No_Pandas_Weather_DAG' AIRFLOW_CTX_TASK_ID='create_db_schem' AIRFLOW_CTX_EXECUTION_DATE='2024-02-13T03:11:00+00:00' AIRFLOW_CTX_TRY_NUMBER='1' AIRFLOW_CTX_DAG_RUN_ID='scheduled__2024-02-13T03:11:00+00:00'
[2024-03-14T13:38:35.584+0000] {sql.py:276} INFO - Executing: 
        DROP TABLE weather_tab;
        CREATE TABLE weather_tab(
            id SERIAL PRIMARY KEY,
	        city varchar NULL,
	        dt date NULL,
	        hour int2 NULL,
	        temperature_c float8 NULL,
	        pressure float8 NULL,
	        is_rainy int NULL
    );
[2024-03-14T13:38:35.662+0000] {base.py:83} INFO - Using connection ID 'postgres_localhost' for task execution.
[2024-03-14T13:38:35.705+0000] {base.py:83} INFO - Using connection ID 'postgres_localhost' for task execution.
[2024-03-14T13:38:35.748+0000] {sql.py:450} INFO - Running statement: 
        DROP TABLE weather_tab;
        CREATE TABLE weather_tab(
            id SERIAL PRIMARY KEY,
	        city varchar NULL,
	        dt date NULL,
	        hour int2 NULL,
	        temperature_c float8 NULL,
	        pressure float8 NULL,
	        is_rainy int NULL
    );, parameters: None
[2024-03-14T13:38:36.449+0000] {taskinstance.py:1138} INFO - Marking task as SUCCESS. dag_id=1No_Pandas_Weather_DAG, task_id=create_db_schem, execution_date=20240213T031100, start_date=20240314T133834, end_date=20240314T133836
[2024-03-14T13:38:36.588+0000] {local_task_job_runner.py:234} INFO - Task exited with return code 0
[2024-03-14T13:38:36.664+0000] {taskinstance.py:3280} INFO - 1 downstream tasks scheduled from follow-on schedule check
