[2024-02-12T14:17:12.773+0000] {taskinstance.py:1956} INFO - Dependencies all met for dep_context=non-requeueable deps ti=<TaskInstance: Weather_DAG_V4.17.weather_csv scheduled__2024-02-12T01:41:00+00:00 [queued]>
[2024-02-12T14:17:12.904+0000] {taskinstance.py:1956} INFO - Dependencies all met for dep_context=requeueable deps ti=<TaskInstance: Weather_DAG_V4.17.weather_csv scheduled__2024-02-12T01:41:00+00:00 [queued]>
[2024-02-12T14:17:13.001+0000] {taskinstance.py:2170} INFO - Starting attempt 1 of 1
[2024-02-12T14:17:13.376+0000] {taskinstance.py:2191} INFO - Executing <Task(PythonOperator): weather_csv> on 2024-02-12 01:41:00+00:00
[2024-02-12T14:17:13.456+0000] {standard_task_runner.py:60} INFO - Started process 20130 to run task
[2024-02-12T14:17:13.460+0000] {standard_task_runner.py:87} INFO - Running: ['***', 'tasks', 'run', 'Weather_DAG_V4.17', 'weather_csv', 'scheduled__2024-02-12T01:41:00+00:00', '--job-id', '10697', '--raw', '--subdir', 'DAGS_FOLDER/Weather_dag.py', '--cfg-path', '/tmp/tmp5dgrodd1']
[2024-02-12T14:17:13.601+0000] {standard_task_runner.py:88} INFO - Job 10697: Subtask weather_csv
[2024-02-12T14:17:14.097+0000] {task_command.py:423} INFO - Running <TaskInstance: Weather_DAG_V4.17.weather_csv scheduled__2024-02-12T01:41:00+00:00 [running]> on host 06573eafe810
[2024-02-12T14:17:14.529+0000] {taskinstance.py:2480} INFO - Exporting env vars: AIRFLOW_CTX_DAG_OWNER='***' AIRFLOW_CTX_DAG_ID='Weather_DAG_V4.17' AIRFLOW_CTX_TASK_ID='weather_csv' AIRFLOW_CTX_EXECUTION_DATE='2024-02-12T01:41:00+00:00' AIRFLOW_CTX_TRY_NUMBER='1' AIRFLOW_CTX_DAG_RUN_ID='scheduled__2024-02-12T01:41:00+00:00'
[2024-02-12T14:17:14.608+0000] {logging_mixin.py:188} INFO - []
[2024-02-12T14:17:14.638+0000] {logging_mixin.py:188} INFO - Empty DataFrame
Columns: [City, date, hour, temperature_c, pressure, is_rainy]
Index: []
[2024-02-12T14:17:14.663+0000] {logging_mixin.py:188} INFO - Empty DataFrame
Columns: [City, date, hour, temperature_c, pressure, is_rainy]
Index: []
[2024-02-12T14:17:14.729+0000] {python.py:201} INFO - Done. Returned value was: None
[2024-02-12T14:17:14.832+0000] {taskinstance.py:1138} INFO - Marking task as SUCCESS. dag_id=Weather_DAG_V4.17, task_id=weather_csv, execution_date=20240212T014100, start_date=20240212T141712, end_date=20240212T141714
[2024-02-12T14:17:15.170+0000] {local_task_job_runner.py:234} INFO - Task exited with return code 0
[2024-02-12T14:17:15.285+0000] {taskinstance.py:3280} INFO - 1 downstream tasks scheduled from follow-on schedule check
