[2024-02-12T08:57:57.920+0000] {taskinstance.py:1956} INFO - Dependencies all met for dep_context=non-requeueable deps ti=<TaskInstance: Weather_DAG_V3.9.data_to_db scheduled__2024-02-12T01:16:00+00:00 [queued]>
[2024-02-12T08:57:57.931+0000] {taskinstance.py:1956} INFO - Dependencies all met for dep_context=requeueable deps ti=<TaskInstance: Weather_DAG_V3.9.data_to_db scheduled__2024-02-12T01:16:00+00:00 [queued]>
[2024-02-12T08:57:57.932+0000] {taskinstance.py:2170} INFO - Starting attempt 1 of 1
[2024-02-12T08:57:57.948+0000] {taskinstance.py:2191} INFO - Executing <Task(PythonOperator): data_to_db> on 2024-02-12 01:16:00+00:00
[2024-02-12T08:57:57.954+0000] {standard_task_runner.py:60} INFO - Started process 2331 to run task
[2024-02-12T08:57:57.957+0000] {standard_task_runner.py:87} INFO - Running: ['***', 'tasks', 'run', 'Weather_DAG_V3.9', 'data_to_db', 'scheduled__2024-02-12T01:16:00+00:00', '--job-id', '6251', '--raw', '--subdir', 'DAGS_FOLDER/Weather_dag.py', '--cfg-path', '/tmp/tmpufn7npb4']
[2024-02-12T08:57:57.958+0000] {standard_task_runner.py:88} INFO - Job 6251: Subtask data_to_db
[2024-02-12T08:57:58.010+0000] {task_command.py:423} INFO - Running <TaskInstance: Weather_DAG_V3.9.data_to_db scheduled__2024-02-12T01:16:00+00:00 [running]> on host 06573eafe810
[2024-02-12T08:57:58.098+0000] {taskinstance.py:2480} INFO - Exporting env vars: AIRFLOW_CTX_DAG_OWNER='***' AIRFLOW_CTX_DAG_ID='Weather_DAG_V3.9' AIRFLOW_CTX_TASK_ID='data_to_db' AIRFLOW_CTX_EXECUTION_DATE='2024-02-12T01:16:00+00:00' AIRFLOW_CTX_TRY_NUMBER='1' AIRFLOW_CTX_DAG_RUN_ID='scheduled__2024-02-12T01:16:00+00:00'
[2024-02-12T08:57:58.106+0000] {taskinstance.py:2698} ERROR - Task failed with exception
Traceback (most recent call last):
  File "/home/airflow/.local/lib/python3.8/site-packages/airflow/models/taskinstance.py", line 433, in _execute_task
    result = execute_callable(context=context, **execute_callable_kwargs)
  File "/home/airflow/.local/lib/python3.8/site-packages/airflow/operators/python.py", line 199, in execute
    return_value = self.execute_callable()
  File "/home/airflow/.local/lib/python3.8/site-packages/airflow/operators/python.py", line 216, in execute_callable
    return self.python_callable(*self.op_args, **self.op_kwargs)
  File "/opt/airflow/dags/Weather_dag.py", line 73, in csv_db
    hook.bulk_load(tmp_file=file_name)
TypeError: bulk_load() missing 1 required positional argument: 'table'
[2024-02-12T08:57:58.117+0000] {taskinstance.py:1138} INFO - Marking task as FAILED. dag_id=Weather_DAG_V3.9, task_id=data_to_db, execution_date=20240212T011600, start_date=20240212T085757, end_date=20240212T085758
[2024-02-12T08:57:58.132+0000] {standard_task_runner.py:107} ERROR - Failed to execute job 6251 for task data_to_db (bulk_load() missing 1 required positional argument: 'table'; 2331)
[2024-02-12T08:57:58.169+0000] {local_task_job_runner.py:234} INFO - Task exited with return code 1
[2024-02-12T08:57:58.189+0000] {taskinstance.py:3280} INFO - 0 downstream tasks scheduled from follow-on schedule check
