[2024-02-23T11:39:37.963+0000] {taskinstance.py:1956} INFO - Dependencies all met for dep_context=non-requeueable deps ti=<TaskInstance: 1Trigger_dag.create_metric_tab scheduled__2024-02-23T11:01:00+00:00 [queued]>
[2024-02-23T11:39:37.974+0000] {taskinstance.py:1956} INFO - Dependencies all met for dep_context=requeueable deps ti=<TaskInstance: 1Trigger_dag.create_metric_tab scheduled__2024-02-23T11:01:00+00:00 [queued]>
[2024-02-23T11:39:37.975+0000] {taskinstance.py:2170} INFO - Starting attempt 1 of 1
[2024-02-23T11:39:37.992+0000] {taskinstance.py:2191} INFO - Executing <Task(PostgresOperator): create_metric_tab> on 2024-02-23 11:01:00+00:00
[2024-02-23T11:39:37.998+0000] {standard_task_runner.py:60} INFO - Started process 23262 to run task
[2024-02-23T11:39:38.003+0000] {standard_task_runner.py:87} INFO - Running: ['***', 'tasks', 'run', '1Trigger_dag', 'create_metric_tab', 'scheduled__2024-02-23T11:01:00+00:00', '--job-id', '13212', '--raw', '--subdir', 'DAGS_FOLDER/trigger_dag.py', '--cfg-path', '/tmp/tmp6is_z8_6']
[2024-02-23T11:39:38.004+0000] {standard_task_runner.py:88} INFO - Job 13212: Subtask create_metric_tab
[2024-02-23T11:39:38.057+0000] {task_command.py:423} INFO - Running <TaskInstance: 1Trigger_dag.create_metric_tab scheduled__2024-02-23T11:01:00+00:00 [running]> on host 06573eafe810
[2024-02-23T11:39:38.151+0000] {taskinstance.py:2480} INFO - Exporting env vars: AIRFLOW_CTX_DAG_OWNER='***' AIRFLOW_CTX_DAG_ID='1Trigger_dag' AIRFLOW_CTX_TASK_ID='create_metric_tab' AIRFLOW_CTX_EXECUTION_DATE='2024-02-23T11:01:00+00:00' AIRFLOW_CTX_TRY_NUMBER='1' AIRFLOW_CTX_DAG_RUN_ID='scheduled__2024-02-23T11:01:00+00:00'
[2024-02-23T11:39:38.153+0000] {sql.py:276} INFO - Executing: 
        CREATE TABLE IF NOT EXISTS metric_tab(
            id SERIAL PRIMARY KEY,
	        city varchar NULL,
	        dt date NULL,
	        hour int2 NULL,
	        temperature_c float8 NULL,
	        pressure float8 NULL,
	        is_rainy int NULL
    );
[2024-02-23T11:39:38.164+0000] {base.py:83} INFO - Using connection ID 'postgres_localhost' for task execution.
[2024-02-23T11:39:38.173+0000] {base.py:83} INFO - Using connection ID 'postgres_localhost' for task execution.
[2024-02-23T11:39:38.185+0000] {sql.py:450} INFO - Running statement: 
        CREATE TABLE IF NOT EXISTS metric_tab(
            id SERIAL PRIMARY KEY,
	        city varchar NULL,
	        dt date NULL,
	        hour int2 NULL,
	        temperature_c float8 NULL,
	        pressure float8 NULL,
	        is_rainy int NULL
    );, parameters: None
[2024-02-23T11:39:38.202+0000] {taskinstance.py:1138} INFO - Marking task as SUCCESS. dag_id=1Trigger_dag, task_id=create_metric_tab, execution_date=20240223T110100, start_date=20240223T113937, end_date=20240223T113938
[2024-02-23T11:39:38.255+0000] {local_task_job_runner.py:234} INFO - Task exited with return code 0
[2024-02-23T11:39:38.277+0000] {taskinstance.py:3280} INFO - 1 downstream tasks scheduled from follow-on schedule check
