[2024-02-12T14:16:17.078+0000] {taskinstance.py:1956} INFO - Dependencies all met for dep_context=non-requeueable deps ti=<TaskInstance: Weather_DAG_V4.17.weather_csv scheduled__2024-02-12T01:16:00+00:00 [queued]>
[2024-02-12T14:16:17.161+0000] {taskinstance.py:1956} INFO - Dependencies all met for dep_context=requeueable deps ti=<TaskInstance: Weather_DAG_V4.17.weather_csv scheduled__2024-02-12T01:16:00+00:00 [queued]>
[2024-02-12T14:16:17.172+0000] {taskinstance.py:2170} INFO - Starting attempt 1 of 1
[2024-02-12T14:16:17.461+0000] {taskinstance.py:2191} INFO - Executing <Task(PythonOperator): weather_csv> on 2024-02-12 01:16:00+00:00
[2024-02-12T14:16:17.487+0000] {standard_task_runner.py:60} INFO - Started process 19928 to run task
[2024-02-12T14:16:17.514+0000] {standard_task_runner.py:87} INFO - Running: ['***', 'tasks', 'run', 'Weather_DAG_V4.17', 'weather_csv', 'scheduled__2024-02-12T01:16:00+00:00', '--job-id', '10629', '--raw', '--subdir', 'DAGS_FOLDER/Weather_dag.py', '--cfg-path', '/tmp/tmpjv21soc5']
[2024-02-12T14:16:17.545+0000] {standard_task_runner.py:88} INFO - Job 10629: Subtask weather_csv
[2024-02-12T14:16:17.990+0000] {task_command.py:423} INFO - Running <TaskInstance: Weather_DAG_V4.17.weather_csv scheduled__2024-02-12T01:16:00+00:00 [running]> on host 06573eafe810
[2024-02-12T14:16:18.382+0000] {taskinstance.py:2480} INFO - Exporting env vars: AIRFLOW_CTX_DAG_OWNER='***' AIRFLOW_CTX_DAG_ID='Weather_DAG_V4.17' AIRFLOW_CTX_TASK_ID='weather_csv' AIRFLOW_CTX_EXECUTION_DATE='2024-02-12T01:16:00+00:00' AIRFLOW_CTX_TRY_NUMBER='1' AIRFLOW_CTX_DAG_RUN_ID='scheduled__2024-02-12T01:16:00+00:00'
[2024-02-12T14:16:18.396+0000] {logging_mixin.py:188} INFO - []
[2024-02-12T14:16:18.411+0000] {logging_mixin.py:188} INFO - Empty DataFrame
Columns: [City, date, hour, temperature_c, pressure, is_rainy]
Index: []
[2024-02-12T14:16:18.413+0000] {logging_mixin.py:188} INFO - Empty DataFrame
Columns: [City, date, hour, temperature_c, pressure, is_rainy]
Index: []
[2024-02-12T14:16:18.447+0000] {python.py:201} INFO - Done. Returned value was: None
[2024-02-12T14:16:18.474+0000] {taskinstance.py:1138} INFO - Marking task as SUCCESS. dag_id=Weather_DAG_V4.17, task_id=weather_csv, execution_date=20240212T011600, start_date=20240212T141617, end_date=20240212T141618
[2024-02-12T14:16:18.560+0000] {local_task_job_runner.py:234} INFO - Task exited with return code 0
[2024-02-12T14:16:18.640+0000] {taskinstance.py:3280} INFO - 1 downstream tasks scheduled from follow-on schedule check
