[2024-02-13T12:33:53.058+0000] {taskinstance.py:1956} INFO - Dependencies all met for dep_context=non-requeueable deps ti=<TaskInstance: Weather_DAG_V5.4.data_to_db scheduled__2024-02-13T12:16:00+00:00 [queued]>
[2024-02-13T12:33:53.095+0000] {taskinstance.py:1956} INFO - Dependencies all met for dep_context=requeueable deps ti=<TaskInstance: Weather_DAG_V5.4.data_to_db scheduled__2024-02-13T12:16:00+00:00 [queued]>
[2024-02-13T12:33:53.096+0000] {taskinstance.py:2170} INFO - Starting attempt 1 of 1
[2024-02-13T12:33:53.241+0000] {taskinstance.py:2191} INFO - Executing <Task(PythonOperator): data_to_db> on 2024-02-13 12:16:00+00:00
[2024-02-13T12:33:53.274+0000] {standard_task_runner.py:60} INFO - Started process 5751 to run task
[2024-02-13T12:33:53.284+0000] {standard_task_runner.py:87} INFO - Running: ['***', 'tasks', 'run', 'Weather_DAG_V5.4', 'data_to_db', 'scheduled__2024-02-13T12:16:00+00:00', '--job-id', '11597', '--raw', '--subdir', 'DAGS_FOLDER/Weather_dag.py', '--cfg-path', '/tmp/tmpca72e9j0']
[2024-02-13T12:33:53.300+0000] {standard_task_runner.py:88} INFO - Job 11597: Subtask data_to_db
[2024-02-13T12:33:53.435+0000] {task_command.py:423} INFO - Running <TaskInstance: Weather_DAG_V5.4.data_to_db scheduled__2024-02-13T12:16:00+00:00 [running]> on host 06573eafe810
[2024-02-13T12:33:53.587+0000] {taskinstance.py:2480} INFO - Exporting env vars: AIRFLOW_CTX_DAG_OWNER='***' AIRFLOW_CTX_DAG_ID='Weather_DAG_V5.4' AIRFLOW_CTX_TASK_ID='data_to_db' AIRFLOW_CTX_EXECUTION_DATE='2024-02-13T12:16:00+00:00' AIRFLOW_CTX_TRY_NUMBER='1' AIRFLOW_CTX_DAG_RUN_ID='scheduled__2024-02-13T12:16:00+00:00'
[2024-02-13T12:33:53.591+0000] {logging_mixin.py:188} INFO - /opt/***
[2024-02-13T12:33:53.611+0000] {base.py:83} INFO - Using connection ID 'postgres_localhost' for task execution.
[2024-02-13T12:33:53.686+0000] {Weather_dag.py:79} INFO -      City          dt  hour  temperature_c  pressure  is_rainy
0  Москва  2024-02-13     0             -3       744         0
1  Москва  2024-02-13     1             -2       744         0
2  Москва  2024-02-13     2             -2       744         0
3  Москва  2024-02-13     3             -3       745         1
4  Москва  2024-02-13     4             -4       745         0
[2024-02-13T12:33:53.745+0000] {Weather_dag.py:86} INFO - columns: City, dt, hour, temperature_c, pressure, is_rainy
[2024-02-13T12:33:53.771+0000] {Weather_dag.py:87} INFO - columns: Index(['City', 'dt', 'hour', 'temperature_c', 'pressure', 'is_rainy'], dtype='object')
[2024-02-13T12:33:53.772+0000] {Weather_dag.py:91} INFO - values: VALUES(%s,%s,%s,%s,%s,%s)
[2024-02-13T12:33:53.846+0000] {python.py:201} INFO - Done. Returned value was: None
[2024-02-13T12:33:53.884+0000] {taskinstance.py:1138} INFO - Marking task as SUCCESS. dag_id=Weather_DAG_V5.4, task_id=data_to_db, execution_date=20240213T121600, start_date=20240213T123353, end_date=20240213T123353
[2024-02-13T12:33:53.966+0000] {local_task_job_runner.py:234} INFO - Task exited with return code 0
[2024-02-13T12:33:54.057+0000] {taskinstance.py:3280} INFO - 0 downstream tasks scheduled from follow-on schedule check
