[2024-02-13T08:08:50.735+0000] {taskinstance.py:1956} INFO - Dependencies all met for dep_context=non-requeueable deps ti=<TaskInstance: 1Training_DAG_V1.0.get_weather manual__2024-02-13T08:08:48.769289+00:00 [queued]>
[2024-02-13T08:08:50.744+0000] {taskinstance.py:1956} INFO - Dependencies all met for dep_context=requeueable deps ti=<TaskInstance: 1Training_DAG_V1.0.get_weather manual__2024-02-13T08:08:48.769289+00:00 [queued]>
[2024-02-13T08:08:50.745+0000] {taskinstance.py:2170} INFO - Starting attempt 1 of 1
[2024-02-13T08:08:50.761+0000] {taskinstance.py:2191} INFO - Executing <Task(PythonOperator): get_weather> on 2024-02-13 08:08:48.769289+00:00
[2024-02-13T08:08:50.767+0000] {standard_task_runner.py:60} INFO - Started process 1083 to run task
[2024-02-13T08:08:50.770+0000] {standard_task_runner.py:87} INFO - Running: ['***', 'tasks', 'run', '1Training_DAG_V1.0', 'get_weather', 'manual__2024-02-13T08:08:48.769289+00:00', '--job-id', '11146', '--raw', '--subdir', 'DAGS_FOLDER/traning_dag.py', '--cfg-path', '/tmp/tmp_7v3w7lz']
[2024-02-13T08:08:50.772+0000] {standard_task_runner.py:88} INFO - Job 11146: Subtask get_weather
[2024-02-13T08:08:50.830+0000] {task_command.py:423} INFO - Running <TaskInstance: 1Training_DAG_V1.0.get_weather manual__2024-02-13T08:08:48.769289+00:00 [running]> on host 06573eafe810
[2024-02-13T08:08:50.921+0000] {taskinstance.py:2480} INFO - Exporting env vars: AIRFLOW_CTX_DAG_OWNER='***' AIRFLOW_CTX_DAG_ID='1Training_DAG_V1.0' AIRFLOW_CTX_TASK_ID='get_weather' AIRFLOW_CTX_EXECUTION_DATE='2024-02-13T08:08:48.769289+00:00' AIRFLOW_CTX_TRY_NUMBER='1' AIRFLOW_CTX_DAG_RUN_ID='manual__2024-02-13T08:08:48.769289+00:00'
[2024-02-13T08:08:50.923+0000] {logging_mixin.py:188} INFO - lower
[2024-02-13T08:08:50.923+0000] {logging_mixin.py:188} INFO - /opt/***/dags
[2024-02-13T08:08:50.924+0000] {logging_mixin.py:188} INFO - upper
[2024-02-13T08:08:50.933+0000] {taskinstance.py:2698} ERROR - Task failed with exception
Traceback (most recent call last):
  File "/home/airflow/.local/lib/python3.8/site-packages/pandas/core/indexes/base.py", line 3653, in get_loc
    return self._engine.get_loc(casted_key)
  File "pandas/_libs/index.pyx", line 147, in pandas._libs.index.IndexEngine.get_loc
  File "pandas/_libs/index.pyx", line 176, in pandas._libs.index.IndexEngine.get_loc
  File "pandas/_libs/hashtable_class_helper.pxi", line 7080, in pandas._libs.hashtable.PyObjectHashTable.get_item
  File "pandas/_libs/hashtable_class_helper.pxi", line 7088, in pandas._libs.hashtable.PyObjectHashTable.get_item
KeyError: 0

The above exception was the direct cause of the following exception:

Traceback (most recent call last):
  File "/home/airflow/.local/lib/python3.8/site-packages/airflow/models/taskinstance.py", line 433, in _execute_task
    result = execute_callable(context=context, **execute_callable_kwargs)
  File "/home/airflow/.local/lib/python3.8/site-packages/airflow/operators/python.py", line 199, in execute
    return_value = self.execute_callable()
  File "/home/airflow/.local/lib/python3.8/site-packages/airflow/operators/python.py", line 216, in execute_callable
    return self.python_callable(*self.op_args, **self.op_kwargs)
  File "/opt/airflow/dags/traning_dag.py", line 18, in get_weather
    print(csv_data[0])
  File "/home/airflow/.local/lib/python3.8/site-packages/pandas/core/frame.py", line 3761, in __getitem__
    indexer = self.columns.get_loc(key)
  File "/home/airflow/.local/lib/python3.8/site-packages/pandas/core/indexes/base.py", line 3655, in get_loc
    raise KeyError(key) from err
KeyError: 0
[2024-02-13T08:08:50.947+0000] {taskinstance.py:1138} INFO - Marking task as FAILED. dag_id=1Training_DAG_V1.0, task_id=get_weather, execution_date=20240213T080848, start_date=20240213T080850, end_date=20240213T080850
[2024-02-13T08:08:50.963+0000] {standard_task_runner.py:107} ERROR - Failed to execute job 11146 for task get_weather (0; 1083)
[2024-02-13T08:08:50.983+0000] {local_task_job_runner.py:234} INFO - Task exited with return code 1
[2024-02-13T08:08:51.008+0000] {taskinstance.py:3280} INFO - 0 downstream tasks scheduled from follow-on schedule check
