[2024-02-13T14:57:42.628+0000] {taskinstance.py:1956} INFO - Dependencies all met for dep_context=non-requeueable deps ti=<TaskInstance: Weather_DAG_V5.4.create_db_schem scheduled__2024-02-13T14:41:00+00:00 [queued]>
[2024-02-13T14:57:42.655+0000] {taskinstance.py:1956} INFO - Dependencies all met for dep_context=requeueable deps ti=<TaskInstance: Weather_DAG_V5.4.create_db_schem scheduled__2024-02-13T14:41:00+00:00 [queued]>
[2024-02-13T14:57:42.656+0000] {taskinstance.py:2170} INFO - Starting attempt 1 of 1
[2024-02-13T14:57:42.712+0000] {taskinstance.py:2191} INFO - Executing <Task(PostgresOperator): create_db_schem> on 2024-02-13 14:41:00+00:00
[2024-02-13T14:57:42.726+0000] {standard_task_runner.py:60} INFO - Started process 8123 to run task
[2024-02-13T14:57:42.734+0000] {standard_task_runner.py:87} INFO - Running: ['***', 'tasks', 'run', 'Weather_DAG_V5.4', 'create_db_schem', 'scheduled__2024-02-13T14:41:00+00:00', '--job-id', '11720', '--raw', '--subdir', 'DAGS_FOLDER/Weather_dag.py', '--cfg-path', '/tmp/tmp8k88q8kd']
[2024-02-13T14:57:42.736+0000] {standard_task_runner.py:88} INFO - Job 11720: Subtask create_db_schem
[2024-02-13T14:57:42.876+0000] {task_command.py:423} INFO - Running <TaskInstance: Weather_DAG_V5.4.create_db_schem scheduled__2024-02-13T14:41:00+00:00 [running]> on host 06573eafe810
[2024-02-13T14:57:43.092+0000] {taskinstance.py:2480} INFO - Exporting env vars: AIRFLOW_CTX_DAG_OWNER='***' AIRFLOW_CTX_DAG_ID='Weather_DAG_V5.4' AIRFLOW_CTX_TASK_ID='create_db_schem' AIRFLOW_CTX_EXECUTION_DATE='2024-02-13T14:41:00+00:00' AIRFLOW_CTX_TRY_NUMBER='1' AIRFLOW_CTX_DAG_RUN_ID='scheduled__2024-02-13T14:41:00+00:00'
[2024-02-13T14:57:43.095+0000] {sql.py:276} INFO - Executing: 
        DROP TABLE weather_tab;
        CREATE TABLE weather_tab(
            id SERIAL PRIMARY KEY,
	        city varchar NULL,
	        dt date NULL,
	        hour int2 NULL,
	        temperature_c float8 NULL,
	        pressure float8 NULL,
	        is_rainy int NULL
    );
[2024-02-13T14:57:43.117+0000] {base.py:83} INFO - Using connection ID 'postgres_localhost' for task execution.
[2024-02-13T14:57:43.155+0000] {base.py:83} INFO - Using connection ID 'postgres_localhost' for task execution.
[2024-02-13T14:57:43.195+0000] {sql.py:450} INFO - Running statement: 
        DROP TABLE weather_tab;
        CREATE TABLE weather_tab(
            id SERIAL PRIMARY KEY,
	        city varchar NULL,
	        dt date NULL,
	        hour int2 NULL,
	        temperature_c float8 NULL,
	        pressure float8 NULL,
	        is_rainy int NULL
    );, parameters: None
[2024-02-13T14:57:43.314+0000] {taskinstance.py:1138} INFO - Marking task as SUCCESS. dag_id=Weather_DAG_V5.4, task_id=create_db_schem, execution_date=20240213T144100, start_date=20240213T145742, end_date=20240213T145743
[2024-02-13T14:57:43.383+0000] {local_task_job_runner.py:234} INFO - Task exited with return code 0
[2024-02-13T14:57:43.495+0000] {taskinstance.py:3280} INFO - 1 downstream tasks scheduled from follow-on schedule check
