[2024-02-12T13:50:16.398+0000] {taskinstance.py:1956} INFO - Dependencies all met for dep_context=non-requeueable deps ti=<TaskInstance: Weather_DAG_V4.11.data_to_db scheduled__2024-02-12T03:51:00+00:00 [queued]>
[2024-02-12T13:50:16.414+0000] {taskinstance.py:1956} INFO - Dependencies all met for dep_context=requeueable deps ti=<TaskInstance: Weather_DAG_V4.11.data_to_db scheduled__2024-02-12T03:51:00+00:00 [queued]>
[2024-02-12T13:50:16.432+0000] {taskinstance.py:2170} INFO - Starting attempt 1 of 1
[2024-02-12T13:50:16.479+0000] {taskinstance.py:2191} INFO - Executing <Task(PythonOperator): data_to_db> on 2024-02-12 03:51:00+00:00
[2024-02-12T13:50:16.486+0000] {standard_task_runner.py:60} INFO - Started process 18243 to run task
[2024-02-12T13:50:16.495+0000] {standard_task_runner.py:87} INFO - Running: ['***', 'tasks', 'run', 'Weather_DAG_V4.11', 'data_to_db', 'scheduled__2024-02-12T03:51:00+00:00', '--job-id', '10196', '--raw', '--subdir', 'DAGS_FOLDER/Weather_dag.py', '--cfg-path', '/tmp/tmp6vt8ozdr']
[2024-02-12T13:50:16.506+0000] {standard_task_runner.py:88} INFO - Job 10196: Subtask data_to_db
[2024-02-12T13:50:16.636+0000] {task_command.py:423} INFO - Running <TaskInstance: Weather_DAG_V4.11.data_to_db scheduled__2024-02-12T03:51:00+00:00 [running]> on host 06573eafe810
[2024-02-12T13:50:16.897+0000] {taskinstance.py:2480} INFO - Exporting env vars: AIRFLOW_CTX_DAG_OWNER='***' AIRFLOW_CTX_DAG_ID='Weather_DAG_V4.11' AIRFLOW_CTX_TASK_ID='data_to_db' AIRFLOW_CTX_EXECUTION_DATE='2024-02-12T03:51:00+00:00' AIRFLOW_CTX_TRY_NUMBER='1' AIRFLOW_CTX_DAG_RUN_ID='scheduled__2024-02-12T03:51:00+00:00'
[2024-02-12T13:50:16.922+0000] {postgres.py:172} INFO - Running copy expert: COPY weather_tab FROM STDIN, filename: weather.csv
[2024-02-12T13:50:16.954+0000] {base.py:83} INFO - Using connection ID 'postgres_localhost' for task execution.
[2024-02-12T13:50:16.980+0000] {taskinstance.py:2698} ERROR - Task failed with exception
Traceback (most recent call last):
  File "/home/airflow/.local/lib/python3.8/site-packages/airflow/models/taskinstance.py", line 433, in _execute_task
    result = execute_callable(context=context, **execute_callable_kwargs)
  File "/home/airflow/.local/lib/python3.8/site-packages/airflow/operators/python.py", line 199, in execute
    return_value = self.execute_callable()
  File "/home/airflow/.local/lib/python3.8/site-packages/airflow/operators/python.py", line 216, in execute_callable
    return self.python_callable(*self.op_args, **self.op_kwargs)
  File "/opt/airflow/dags/Weather_dag.py", line 75, in csv_db
  File "/home/airflow/.local/lib/python3.8/site-packages/airflow/providers/postgres/hooks/postgres.py", line 194, in bulk_load
    self.copy_expert(f"COPY {table} FROM STDIN", tmp_file)
  File "/home/airflow/.local/lib/python3.8/site-packages/airflow/providers/postgres/hooks/postgres.py", line 178, in copy_expert
    cur.copy_expert(sql, file)
psycopg2.errors.BadCopyFileFormat: missing data for column "dt"
CONTEXT:  COPY weather_tab, line 1: ",City,date,hour,temperature_c,pressure,is_rainy"

[2024-02-12T13:50:17.009+0000] {taskinstance.py:1138} INFO - Marking task as FAILED. dag_id=Weather_DAG_V4.11, task_id=data_to_db, execution_date=20240212T035100, start_date=20240212T135016, end_date=20240212T135017
[2024-02-12T13:50:17.044+0000] {standard_task_runner.py:107} ERROR - Failed to execute job 10196 for task data_to_db (missing data for column "dt"
CONTEXT:  COPY weather_tab, line 1: ",City,date,hour,temperature_c,pressure,is_rainy"
; 18243)
[2024-02-12T13:50:17.064+0000] {local_task_job_runner.py:234} INFO - Task exited with return code 1
[2024-02-12T13:50:17.096+0000] {taskinstance.py:3280} INFO - 0 downstream tasks scheduled from follow-on schedule check
