[2024-02-13T12:13:05.839+0000] {taskinstance.py:1956} INFO - Dependencies all met for dep_context=non-requeueable deps ti=<TaskInstance: Weather_DAG_V5.4.create_db_schem manual__2024-02-13T12:12:59.678710+00:00 [queued]>
[2024-02-13T12:13:05.851+0000] {taskinstance.py:1956} INFO - Dependencies all met for dep_context=requeueable deps ti=<TaskInstance: Weather_DAG_V5.4.create_db_schem manual__2024-02-13T12:12:59.678710+00:00 [queued]>
[2024-02-13T12:13:05.852+0000] {taskinstance.py:2170} INFO - Starting attempt 1 of 1
[2024-02-13T12:13:05.874+0000] {taskinstance.py:2191} INFO - Executing <Task(PostgresOperator): create_db_schem> on 2024-02-13 12:12:59.678710+00:00
[2024-02-13T12:13:05.883+0000] {standard_task_runner.py:60} INFO - Started process 5505 to run task
[2024-02-13T12:13:05.886+0000] {standard_task_runner.py:87} INFO - Running: ['***', 'tasks', 'run', 'Weather_DAG_V5.4', 'create_db_schem', 'manual__2024-02-13T12:12:59.678710+00:00', '--job-id', '11573', '--raw', '--subdir', 'DAGS_FOLDER/Weather_dag.py', '--cfg-path', '/tmp/tmpshg0p6er']
[2024-02-13T12:13:05.888+0000] {standard_task_runner.py:88} INFO - Job 11573: Subtask create_db_schem
[2024-02-13T12:13:05.946+0000] {task_command.py:423} INFO - Running <TaskInstance: Weather_DAG_V5.4.create_db_schem manual__2024-02-13T12:12:59.678710+00:00 [running]> on host 06573eafe810
[2024-02-13T12:13:06.035+0000] {taskinstance.py:2480} INFO - Exporting env vars: AIRFLOW_CTX_DAG_OWNER='***' AIRFLOW_CTX_DAG_ID='Weather_DAG_V5.4' AIRFLOW_CTX_TASK_ID='create_db_schem' AIRFLOW_CTX_EXECUTION_DATE='2024-02-13T12:12:59.678710+00:00' AIRFLOW_CTX_TRY_NUMBER='1' AIRFLOW_CTX_DAG_RUN_ID='manual__2024-02-13T12:12:59.678710+00:00'
[2024-02-13T12:13:06.037+0000] {sql.py:276} INFO - Executing: 
        CREATE TABLE IF NOT EXISTS weather_tab(
            id SERIAL PRIMARY KEY,
	        city varchar NULL,
	        dt date NULL,
	        hour int2 NULL,
	        temperature_c float8 NULL,
	        pressure float8 NULL,
	        is_rainy int NULL
    );
[2024-02-13T12:13:06.048+0000] {base.py:83} INFO - Using connection ID 'postgres_localhost' for task execution.
[2024-02-13T12:13:06.058+0000] {base.py:83} INFO - Using connection ID 'postgres_localhost' for task execution.
[2024-02-13T12:13:06.071+0000] {sql.py:450} INFO - Running statement: 
        CREATE TABLE IF NOT EXISTS weather_tab(
            id SERIAL PRIMARY KEY,
	        city varchar NULL,
	        dt date NULL,
	        hour int2 NULL,
	        temperature_c float8 NULL,
	        pressure float8 NULL,
	        is_rainy int NULL
    );, parameters: None
[2024-02-13T12:13:06.088+0000] {taskinstance.py:1138} INFO - Marking task as SUCCESS. dag_id=Weather_DAG_V5.4, task_id=create_db_schem, execution_date=20240213T121259, start_date=20240213T121305, end_date=20240213T121306
[2024-02-13T12:13:06.141+0000] {local_task_job_runner.py:234} INFO - Task exited with return code 0
[2024-02-13T12:13:06.171+0000] {taskinstance.py:3280} INFO - 1 downstream tasks scheduled from follow-on schedule check
