[2024-02-08T11:06:01.596+0000] {taskinstance.py:1956} INFO - Dependencies all met for dep_context=non-requeueable deps ti=<TaskInstance: weather_dag.get_weather scheduled__2024-02-08T11:01:00+00:00 [queued]>
[2024-02-08T11:06:01.614+0000] {taskinstance.py:1956} INFO - Dependencies all met for dep_context=requeueable deps ti=<TaskInstance: weather_dag.get_weather scheduled__2024-02-08T11:01:00+00:00 [queued]>
[2024-02-08T11:06:01.615+0000] {taskinstance.py:2170} INFO - Starting attempt 1 of 2
[2024-02-08T11:06:01.633+0000] {taskinstance.py:2191} INFO - Executing <Task(PythonOperator): get_weather> on 2024-02-08 11:01:00+00:00
[2024-02-08T11:06:01.639+0000] {standard_task_runner.py:60} INFO - Started process 1997 to run task
[2024-02-08T11:06:01.642+0000] {standard_task_runner.py:87} INFO - Running: ['***', 'tasks', 'run', 'weather_dag', 'get_weather', 'scheduled__2024-02-08T11:01:00+00:00', '--job-id', '294', '--raw', '--subdir', 'DAGS_FOLDER/Weather_dag.py', '--cfg-path', '/tmp/tmpne6yvf9_']
[2024-02-08T11:06:01.644+0000] {standard_task_runner.py:88} INFO - Job 294: Subtask get_weather
[2024-02-08T11:06:01.693+0000] {task_command.py:423} INFO - Running <TaskInstance: weather_dag.get_weather scheduled__2024-02-08T11:01:00+00:00 [running]> on host 06573eafe810
[2024-02-08T11:06:01.783+0000] {taskinstance.py:2480} INFO - Exporting env vars: AIRFLOW_CTX_DAG_OWNER='***' AIRFLOW_CTX_DAG_ID='weather_dag' AIRFLOW_CTX_TASK_ID='get_weather' AIRFLOW_CTX_EXECUTION_DATE='2024-02-08T11:01:00+00:00' AIRFLOW_CTX_TRY_NUMBER='1' AIRFLOW_CTX_DAG_RUN_ID='scheduled__2024-02-08T11:01:00+00:00'
[2024-02-08T11:06:02.634+0000] {python.py:201} INFO - Done. Returned value was: None
[2024-02-08T11:06:02.645+0000] {taskinstance.py:1138} INFO - Marking task as SUCCESS. dag_id=weather_dag, task_id=get_weather, execution_date=20240208T110100, start_date=20240208T110601, end_date=20240208T110602
[2024-02-08T11:06:02.698+0000] {local_task_job_runner.py:234} INFO - Task exited with return code 0
[2024-02-08T11:06:02.721+0000] {taskinstance.py:3280} INFO - 1 downstream tasks scheduled from follow-on schedule check
[2024-02-08T11:56:11.422+0000] {taskinstance.py:1956} INFO - Dependencies all met for dep_context=non-requeueable deps ti=<TaskInstance: Weather_DAG.get_weather scheduled__2024-02-08T11:01:00+00:00 [queued]>
[2024-02-08T11:56:11.718+0000] {taskinstance.py:1956} INFO - Dependencies all met for dep_context=requeueable deps ti=<TaskInstance: Weather_DAG.get_weather scheduled__2024-02-08T11:01:00+00:00 [queued]>
[2024-02-08T11:56:11.742+0000] {taskinstance.py:2170} INFO - Starting attempt 1 of 2
[2024-02-08T11:56:12.294+0000] {taskinstance.py:2191} INFO - Executing <Task(PythonOperator): get_weather> on 2024-02-08 11:01:00+00:00
[2024-02-08T11:56:12.416+0000] {standard_task_runner.py:60} INFO - Started process 2454 to run task
[2024-02-08T11:56:12.502+0000] {standard_task_runner.py:87} INFO - Running: ['***', 'tasks', 'run', 'Weather_DAG', 'get_weather', 'scheduled__2024-02-08T11:01:00+00:00', '--job-id', '323', '--raw', '--subdir', 'DAGS_FOLDER/Weather_dag.py', '--cfg-path', '/tmp/tmpkpn1_gdo']
[2024-02-08T11:56:12.531+0000] {standard_task_runner.py:88} INFO - Job 323: Subtask get_weather
[2024-02-08T11:56:13.278+0000] {task_command.py:423} INFO - Running <TaskInstance: Weather_DAG.get_weather scheduled__2024-02-08T11:01:00+00:00 [running]> on host 06573eafe810
[2024-02-08T11:56:13.781+0000] {taskinstance.py:2480} INFO - Exporting env vars: AIRFLOW_CTX_DAG_OWNER='***' AIRFLOW_CTX_DAG_ID='Weather_DAG' AIRFLOW_CTX_TASK_ID='get_weather' AIRFLOW_CTX_EXECUTION_DATE='2024-02-08T11:01:00+00:00' AIRFLOW_CTX_TRY_NUMBER='1' AIRFLOW_CTX_DAG_RUN_ID='scheduled__2024-02-08T11:01:00+00:00'
[2024-02-08T11:56:16.683+0000] {python.py:201} INFO - Done. Returned value was: None
[2024-02-08T11:56:16.905+0000] {taskinstance.py:1138} INFO - Marking task as SUCCESS. dag_id=Weather_DAG, task_id=get_weather, execution_date=20240208T110100, start_date=20240208T115611, end_date=20240208T115616
[2024-02-08T11:56:17.189+0000] {local_task_job_runner.py:234} INFO - Task exited with return code 0
[2024-02-08T11:56:17.235+0000] {taskinstance.py:3280} INFO - 1 downstream tasks scheduled from follow-on schedule check
