[2024-02-12T14:16:19.851+0000] {taskinstance.py:1956} INFO - Dependencies all met for dep_context=non-requeueable deps ti=<TaskInstance: Weather_DAG_V4.17.create_db_schem scheduled__2024-02-12T00:21:00+00:00 [queued]>
[2024-02-12T14:16:19.990+0000] {taskinstance.py:1956} INFO - Dependencies all met for dep_context=requeueable deps ti=<TaskInstance: Weather_DAG_V4.17.create_db_schem scheduled__2024-02-12T00:21:00+00:00 [queued]>
[2024-02-12T14:16:19.993+0000] {taskinstance.py:2170} INFO - Starting attempt 1 of 1
[2024-02-12T14:16:20.173+0000] {taskinstance.py:2191} INFO - Executing <Task(PostgresOperator): create_db_schem> on 2024-02-12 00:21:00+00:00
[2024-02-12T14:16:20.181+0000] {standard_task_runner.py:60} INFO - Started process 19943 to run task
[2024-02-12T14:16:20.215+0000] {standard_task_runner.py:87} INFO - Running: ['***', 'tasks', 'run', 'Weather_DAG_V4.17', 'create_db_schem', 'scheduled__2024-02-12T00:21:00+00:00', '--job-id', '10632', '--raw', '--subdir', 'DAGS_FOLDER/Weather_dag.py', '--cfg-path', '/tmp/tmpg8jxyv_l']
[2024-02-12T14:16:20.217+0000] {standard_task_runner.py:88} INFO - Job 10632: Subtask create_db_schem
[2024-02-12T14:16:20.444+0000] {task_command.py:423} INFO - Running <TaskInstance: Weather_DAG_V4.17.create_db_schem scheduled__2024-02-12T00:21:00+00:00 [running]> on host 06573eafe810
[2024-02-12T14:16:20.620+0000] {taskinstance.py:2480} INFO - Exporting env vars: AIRFLOW_CTX_DAG_OWNER='***' AIRFLOW_CTX_DAG_ID='Weather_DAG_V4.17' AIRFLOW_CTX_TASK_ID='create_db_schem' AIRFLOW_CTX_EXECUTION_DATE='2024-02-12T00:21:00+00:00' AIRFLOW_CTX_TRY_NUMBER='1' AIRFLOW_CTX_DAG_RUN_ID='scheduled__2024-02-12T00:21:00+00:00'
[2024-02-12T14:16:20.622+0000] {sql.py:276} INFO - Executing: 
        CREATE TABLE IF NOT EXISTS weather_tab(
            city varchar,
            dt date,
            houur smallint,
            temperature_c float,
            pressure_mm float,
            is_rainy boolean
            )
[2024-02-12T14:16:20.652+0000] {base.py:83} INFO - Using connection ID 'postgres_localhost' for task execution.
[2024-02-12T14:16:20.696+0000] {base.py:83} INFO - Using connection ID 'postgres_localhost' for task execution.
[2024-02-12T14:16:20.719+0000] {sql.py:450} INFO - Running statement: 
        CREATE TABLE IF NOT EXISTS weather_tab(
            city varchar,
            dt date,
            houur smallint,
            temperature_c float,
            pressure_mm float,
            is_rainy boolean
            ), parameters: None
[2024-02-12T14:16:20.751+0000] {taskinstance.py:1138} INFO - Marking task as SUCCESS. dag_id=Weather_DAG_V4.17, task_id=create_db_schem, execution_date=20240212T002100, start_date=20240212T141619, end_date=20240212T141620
[2024-02-12T14:16:20.871+0000] {local_task_job_runner.py:234} INFO - Task exited with return code 0
[2024-02-12T14:16:20.978+0000] {taskinstance.py:3280} INFO - 1 downstream tasks scheduled from follow-on schedule check
