[2024-03-04T13:45:59.277+0000] {taskinstance.py:1956} INFO - Dependencies all met for dep_context=non-requeueable deps ti=<TaskInstance: 1Success_dag.data_to_db manual__2024-03-04T13:45:53.575332+00:00 [queued]>
[2024-03-04T13:45:59.288+0000] {taskinstance.py:1956} INFO - Dependencies all met for dep_context=requeueable deps ti=<TaskInstance: 1Success_dag.data_to_db manual__2024-03-04T13:45:53.575332+00:00 [queued]>
[2024-03-04T13:45:59.289+0000] {taskinstance.py:2170} INFO - Starting attempt 1 of 1
[2024-03-04T13:45:59.310+0000] {taskinstance.py:2191} INFO - Executing <Task(PythonOperator): data_to_db> on 2024-03-04 13:45:53.575332+00:00
[2024-03-04T13:45:59.318+0000] {standard_task_runner.py:60} INFO - Started process 1192 to run task
[2024-03-04T13:45:59.321+0000] {standard_task_runner.py:87} INFO - Running: ['***', 'tasks', 'run', '1Success_dag', 'data_to_db', 'manual__2024-03-04T13:45:53.575332+00:00', '--job-id', '13724', '--raw', '--subdir', 'DAGS_FOLDER/success_dag.py', '--cfg-path', '/tmp/tmp3txxtpmn']
[2024-03-04T13:45:59.323+0000] {standard_task_runner.py:88} INFO - Job 13724: Subtask data_to_db
[2024-03-04T13:45:59.388+0000] {task_command.py:423} INFO - Running <TaskInstance: 1Success_dag.data_to_db manual__2024-03-04T13:45:53.575332+00:00 [running]> on host b5253fd441c9
[2024-03-04T13:45:59.484+0000] {taskinstance.py:2480} INFO - Exporting env vars: AIRFLOW_CTX_DAG_OWNER='***' AIRFLOW_CTX_DAG_ID='1Success_dag' AIRFLOW_CTX_TASK_ID='data_to_db' AIRFLOW_CTX_EXECUTION_DATE='2024-03-04T13:45:53.575332+00:00' AIRFLOW_CTX_TRY_NUMBER='1' AIRFLOW_CTX_DAG_RUN_ID='manual__2024-03-04T13:45:53.575332+00:00'
[2024-03-04T13:45:59.486+0000] {logging_mixin.py:188} INFO - /opt/***
[2024-03-04T13:45:59.496+0000] {base.py:83} INFO - Using connection ID 'postgres_localhost' for task execution.
[2024-03-04T13:45:59.514+0000] {success_dag.py:79} INFO -      City          dt  hour  temperature_c  pressure  is_rainy
0  Москва  2024-03-04     0             -2       759         0
1  Москва  2024-03-04     1             -3       758         0
2  Москва  2024-03-04     2             -3       758         0
3  Москва  2024-03-04     3             -2       758         0
4  Москва  2024-03-04     4             -3       757         0
[2024-03-04T13:45:59.524+0000] {success_dag.py:86} INFO - columns: <class 'str'>
[2024-03-04T13:45:59.525+0000] {success_dag.py:91} INFO - values: VALUES(%s,%s,%s,%s,%s,%s)
[2024-03-04T13:45:59.568+0000] {python.py:201} INFO - Done. Returned value was: None
[2024-03-04T13:45:59.577+0000] {taskinstance.py:1138} INFO - Marking task as SUCCESS. dag_id=1Success_dag, task_id=data_to_db, execution_date=20240304T134553, start_date=20240304T134559, end_date=20240304T134559
[2024-03-04T13:45:59.615+0000] {local_task_job_runner.py:234} INFO - Task exited with return code 0
[2024-03-04T13:45:59.639+0000] {taskinstance.py:3280} INFO - 1 downstream tasks scheduled from follow-on schedule check
