[2024-02-12T13:49:59.880+0000] {taskinstance.py:1956} INFO - Dependencies all met for dep_context=non-requeueable deps ti=<TaskInstance: Weather_DAG_V4.11.create_db_schem scheduled__2024-02-12T03:16:00+00:00 [queued]>
[2024-02-12T13:49:59.921+0000] {taskinstance.py:1956} INFO - Dependencies all met for dep_context=requeueable deps ti=<TaskInstance: Weather_DAG_V4.11.create_db_schem scheduled__2024-02-12T03:16:00+00:00 [queued]>
[2024-02-12T13:49:59.923+0000] {taskinstance.py:2170} INFO - Starting attempt 1 of 1
[2024-02-12T13:49:59.983+0000] {taskinstance.py:2191} INFO - Executing <Task(PostgresOperator): create_db_schem> on 2024-02-12 03:16:00+00:00
[2024-02-12T13:49:59.990+0000] {standard_task_runner.py:60} INFO - Started process 18184 to run task
[2024-02-12T13:50:00.024+0000] {standard_task_runner.py:87} INFO - Running: ['***', 'tasks', 'run', 'Weather_DAG_V4.11', 'create_db_schem', 'scheduled__2024-02-12T03:16:00+00:00', '--job-id', '10173', '--raw', '--subdir', 'DAGS_FOLDER/Weather_dag.py', '--cfg-path', '/tmp/tmph8045f9i']
[2024-02-12T13:50:00.030+0000] {standard_task_runner.py:88} INFO - Job 10173: Subtask create_db_schem
[2024-02-12T13:50:00.298+0000] {task_command.py:423} INFO - Running <TaskInstance: Weather_DAG_V4.11.create_db_schem scheduled__2024-02-12T03:16:00+00:00 [running]> on host 06573eafe810
[2024-02-12T13:50:00.702+0000] {taskinstance.py:2480} INFO - Exporting env vars: AIRFLOW_CTX_DAG_OWNER='***' AIRFLOW_CTX_DAG_ID='Weather_DAG_V4.11' AIRFLOW_CTX_TASK_ID='create_db_schem' AIRFLOW_CTX_EXECUTION_DATE='2024-02-12T03:16:00+00:00' AIRFLOW_CTX_TRY_NUMBER='1' AIRFLOW_CTX_DAG_RUN_ID='scheduled__2024-02-12T03:16:00+00:00'
[2024-02-12T13:50:00.707+0000] {sql.py:276} INFO - Executing: 
        CREATE TABLE IF NOT EXISTS weather_tab(
            city varchar,
            dt date,
            houur smallint,
            temperature_c float,
            pressure_mm float,
            is_rainy boolean
            )
[2024-02-12T13:50:00.743+0000] {base.py:83} INFO - Using connection ID 'postgres_localhost' for task execution.
[2024-02-12T13:50:00.781+0000] {base.py:83} INFO - Using connection ID 'postgres_localhost' for task execution.
[2024-02-12T13:50:00.798+0000] {sql.py:450} INFO - Running statement: 
        CREATE TABLE IF NOT EXISTS weather_tab(
            city varchar,
            dt date,
            houur smallint,
            temperature_c float,
            pressure_mm float,
            is_rainy boolean
            ), parameters: None
[2024-02-12T13:50:00.956+0000] {taskinstance.py:1138} INFO - Marking task as SUCCESS. dag_id=Weather_DAG_V4.11, task_id=create_db_schem, execution_date=20240212T031600, start_date=20240212T134959, end_date=20240212T135000
[2024-02-12T13:50:01.057+0000] {local_task_job_runner.py:234} INFO - Task exited with return code 0
[2024-02-12T13:50:01.119+0000] {taskinstance.py:3280} INFO - 1 downstream tasks scheduled from follow-on schedule check
