[2024-02-12T14:17:10.637+0000] {taskinstance.py:1956} INFO - Dependencies all met for dep_context=non-requeueable deps ti=<TaskInstance: Weather_DAG_V4.17.weather_csv scheduled__2024-02-12T01:31:00+00:00 [queued]>
[2024-02-12T14:17:10.676+0000] {taskinstance.py:1956} INFO - Dependencies all met for dep_context=requeueable deps ti=<TaskInstance: Weather_DAG_V4.17.weather_csv scheduled__2024-02-12T01:31:00+00:00 [queued]>
[2024-02-12T14:17:10.678+0000] {taskinstance.py:2170} INFO - Starting attempt 1 of 1
[2024-02-12T14:17:10.796+0000] {taskinstance.py:2191} INFO - Executing <Task(PythonOperator): weather_csv> on 2024-02-12 01:31:00+00:00
[2024-02-12T14:17:10.850+0000] {standard_task_runner.py:60} INFO - Started process 20128 to run task
[2024-02-12T14:17:10.862+0000] {standard_task_runner.py:87} INFO - Running: ['***', 'tasks', 'run', 'Weather_DAG_V4.17', 'weather_csv', 'scheduled__2024-02-12T01:31:00+00:00', '--job-id', '10695', '--raw', '--subdir', 'DAGS_FOLDER/Weather_dag.py', '--cfg-path', '/tmp/tmpa_sv32z3']
[2024-02-12T14:17:10.878+0000] {standard_task_runner.py:88} INFO - Job 10695: Subtask weather_csv
[2024-02-12T14:17:11.147+0000] {task_command.py:423} INFO - Running <TaskInstance: Weather_DAG_V4.17.weather_csv scheduled__2024-02-12T01:31:00+00:00 [running]> on host 06573eafe810
[2024-02-12T14:17:11.594+0000] {taskinstance.py:2480} INFO - Exporting env vars: AIRFLOW_CTX_DAG_OWNER='***' AIRFLOW_CTX_DAG_ID='Weather_DAG_V4.17' AIRFLOW_CTX_TASK_ID='weather_csv' AIRFLOW_CTX_EXECUTION_DATE='2024-02-12T01:31:00+00:00' AIRFLOW_CTX_TRY_NUMBER='1' AIRFLOW_CTX_DAG_RUN_ID='scheduled__2024-02-12T01:31:00+00:00'
[2024-02-12T14:17:11.609+0000] {logging_mixin.py:188} INFO - []
[2024-02-12T14:17:11.615+0000] {logging_mixin.py:188} INFO - Empty DataFrame
Columns: [City, date, hour, temperature_c, pressure, is_rainy]
Index: []
[2024-02-12T14:17:11.620+0000] {logging_mixin.py:188} INFO - Empty DataFrame
Columns: [City, date, hour, temperature_c, pressure, is_rainy]
Index: []
[2024-02-12T14:17:11.649+0000] {python.py:201} INFO - Done. Returned value was: None
[2024-02-12T14:17:11.682+0000] {taskinstance.py:1138} INFO - Marking task as SUCCESS. dag_id=Weather_DAG_V4.17, task_id=weather_csv, execution_date=20240212T013100, start_date=20240212T141710, end_date=20240212T141711
[2024-02-12T14:17:11.765+0000] {local_task_job_runner.py:234} INFO - Task exited with return code 0
[2024-02-12T14:17:11.842+0000] {taskinstance.py:3280} INFO - 1 downstream tasks scheduled from follow-on schedule check
