[2024-02-21T07:01:06.828+0000] {taskinstance.py:1956} INFO - Dependencies all met for dep_context=non-requeueable deps ti=<TaskInstance: 1Success_dag.create_db_schem manual__2024-02-21T00:00:00+00:00 [queued]>
[2024-02-21T07:01:06.837+0000] {taskinstance.py:1956} INFO - Dependencies all met for dep_context=requeueable deps ti=<TaskInstance: 1Success_dag.create_db_schem manual__2024-02-21T00:00:00+00:00 [queued]>
[2024-02-21T07:01:06.837+0000] {taskinstance.py:2170} INFO - Starting attempt 5 of 5
[2024-02-21T07:01:06.853+0000] {taskinstance.py:2191} INFO - Executing <Task(PostgresOperator): create_db_schem> on 2024-02-21 00:00:00+00:00
[2024-02-21T07:01:06.859+0000] {standard_task_runner.py:60} INFO - Started process 7984 to run task
[2024-02-21T07:01:06.863+0000] {standard_task_runner.py:87} INFO - Running: ['***', 'tasks', 'run', '1Success_dag', 'create_db_schem', 'manual__2024-02-21T00:00:00+00:00', '--job-id', '12660', '--raw', '--subdir', 'DAGS_FOLDER/success_dag.py', '--cfg-path', '/tmp/tmpjk55nxqq']
[2024-02-21T07:01:06.865+0000] {standard_task_runner.py:88} INFO - Job 12660: Subtask create_db_schem
[2024-02-21T07:01:06.912+0000] {task_command.py:423} INFO - Running <TaskInstance: 1Success_dag.create_db_schem manual__2024-02-21T00:00:00+00:00 [running]> on host 06573eafe810
[2024-02-21T07:01:06.993+0000] {taskinstance.py:2480} INFO - Exporting env vars: AIRFLOW_CTX_DAG_OWNER='***' AIRFLOW_CTX_DAG_ID='1Success_dag' AIRFLOW_CTX_TASK_ID='create_db_schem' AIRFLOW_CTX_EXECUTION_DATE='2024-02-21T00:00:00+00:00' AIRFLOW_CTX_TRY_NUMBER='5' AIRFLOW_CTX_DAG_RUN_ID='manual__2024-02-21T00:00:00+00:00'
[2024-02-21T07:01:06.995+0000] {sql.py:276} INFO - Executing: 
        DROP TABLE weather_tab;
        CREATE TABLE weather_tab(
            id SERIAL PRIMARY KEY,
	        city varchar NULL,
	        dt date NULL,
	        hour int2 NULL,
	        temperature_c float8 NULL,
	        pressure float8 NULL,
	        is_rainy int NULL
    );
[2024-02-21T07:01:07.003+0000] {base.py:83} INFO - Using connection ID 'postgres_localhost' for task execution.
[2024-02-21T07:01:07.011+0000] {base.py:83} INFO - Using connection ID 'postgres_localhost' for task execution.
[2024-02-21T07:01:07.024+0000] {sql.py:450} INFO - Running statement: 
        DROP TABLE weather_tab;
        CREATE TABLE weather_tab(
            id SERIAL PRIMARY KEY,
	        city varchar NULL,
	        dt date NULL,
	        hour int2 NULL,
	        temperature_c float8 NULL,
	        pressure float8 NULL,
	        is_rainy int NULL
    );, parameters: None
[2024-02-21T07:01:07.069+0000] {taskinstance.py:1138} INFO - Marking task as SUCCESS. dag_id=1Success_dag, task_id=create_db_schem, execution_date=20240221T000000, start_date=20240221T070106, end_date=20240221T070107
[2024-02-21T07:01:07.115+0000] {local_task_job_runner.py:234} INFO - Task exited with return code 0
[2024-02-21T07:01:07.147+0000] {taskinstance.py:3280} INFO - 1 downstream tasks scheduled from follow-on schedule check
