[2024-02-21T10:01:07.113+0000] {taskinstance.py:1956} INFO - Dependencies all met for dep_context=non-requeueable deps ti=<TaskInstance: 1Success_dag.create_db_schem manual__2024-02-21T00:00:00+00:00 [queued]>
[2024-02-21T10:01:07.122+0000] {taskinstance.py:1956} INFO - Dependencies all met for dep_context=requeueable deps ti=<TaskInstance: 1Success_dag.create_db_schem manual__2024-02-21T00:00:00+00:00 [queued]>
[2024-02-21T10:01:07.123+0000] {taskinstance.py:2170} INFO - Starting attempt 14 of 14
[2024-02-21T10:01:07.139+0000] {taskinstance.py:2191} INFO - Executing <Task(PostgresOperator): create_db_schem> on 2024-02-21 00:00:00+00:00
[2024-02-21T10:01:07.144+0000] {standard_task_runner.py:60} INFO - Started process 10746 to run task
[2024-02-21T10:01:07.147+0000] {standard_task_runner.py:87} INFO - Running: ['***', 'tasks', 'run', '1Success_dag', 'create_db_schem', 'manual__2024-02-21T00:00:00+00:00', '--job-id', '12723', '--raw', '--subdir', 'DAGS_FOLDER/success_dag.py', '--cfg-path', '/tmp/tmp3ywu1bnu']
[2024-02-21T10:01:07.148+0000] {standard_task_runner.py:88} INFO - Job 12723: Subtask create_db_schem
[2024-02-21T10:01:07.198+0000] {task_command.py:423} INFO - Running <TaskInstance: 1Success_dag.create_db_schem manual__2024-02-21T00:00:00+00:00 [running]> on host 06573eafe810
[2024-02-21T10:01:07.275+0000] {taskinstance.py:2480} INFO - Exporting env vars: AIRFLOW_CTX_DAG_OWNER='***' AIRFLOW_CTX_DAG_ID='1Success_dag' AIRFLOW_CTX_TASK_ID='create_db_schem' AIRFLOW_CTX_EXECUTION_DATE='2024-02-21T00:00:00+00:00' AIRFLOW_CTX_TRY_NUMBER='14' AIRFLOW_CTX_DAG_RUN_ID='manual__2024-02-21T00:00:00+00:00'
[2024-02-21T10:01:07.277+0000] {sql.py:276} INFO - Executing: 
        DROP TABLE weather_tab;
        CREATE TABLE weather_tab(
            id SERIAL PRIMARY KEY,
	        city varchar NULL,
	        dt date NULL,
	        hour int2 NULL,
	        temperature_c float8 NULL,
	        pressure float8 NULL,
	        is_rainy int NULL
    );
[2024-02-21T10:01:07.285+0000] {base.py:83} INFO - Using connection ID 'postgres_localhost' for task execution.
[2024-02-21T10:01:07.293+0000] {base.py:83} INFO - Using connection ID 'postgres_localhost' for task execution.
[2024-02-21T10:01:07.305+0000] {sql.py:450} INFO - Running statement: 
        DROP TABLE weather_tab;
        CREATE TABLE weather_tab(
            id SERIAL PRIMARY KEY,
	        city varchar NULL,
	        dt date NULL,
	        hour int2 NULL,
	        temperature_c float8 NULL,
	        pressure float8 NULL,
	        is_rainy int NULL
    );, parameters: None
[2024-02-21T10:01:07.350+0000] {taskinstance.py:1138} INFO - Marking task as SUCCESS. dag_id=1Success_dag, task_id=create_db_schem, execution_date=20240221T000000, start_date=20240221T100107, end_date=20240221T100107
[2024-02-21T10:01:07.400+0000] {local_task_job_runner.py:234} INFO - Task exited with return code 0
[2024-02-21T10:01:07.424+0000] {taskinstance.py:3280} INFO - 1 downstream tasks scheduled from follow-on schedule check
