[2024-02-09T11:04:26.791+0000] {taskinstance.py:1956} INFO - Dependencies all met for dep_context=non-requeueable deps ti=<TaskInstance: Weather_DAG_V2.data_to_db scheduled__2024-02-09T05:21:00+00:00 [queued]>
[2024-02-09T11:04:26.840+0000] {taskinstance.py:1956} INFO - Dependencies all met for dep_context=requeueable deps ti=<TaskInstance: Weather_DAG_V2.data_to_db scheduled__2024-02-09T05:21:00+00:00 [queued]>
[2024-02-09T11:04:26.844+0000] {taskinstance.py:2170} INFO - Starting attempt 2 of 2
[2024-02-09T11:04:26.983+0000] {taskinstance.py:2191} INFO - Executing <Task(PythonOperator): data_to_db> on 2024-02-09 05:21:00+00:00
[2024-02-09T11:04:27.003+0000] {standard_task_runner.py:60} INFO - Started process 6937 to run task
[2024-02-09T11:04:27.060+0000] {standard_task_runner.py:87} INFO - Running: ['***', 'tasks', 'run', 'Weather_DAG_V2', 'data_to_db', 'scheduled__2024-02-09T05:21:00+00:00', '--job-id', '2472', '--raw', '--subdir', 'DAGS_FOLDER/Weather_dag.py', '--cfg-path', '/tmp/tmp85a7qjtr']
[2024-02-09T11:04:27.085+0000] {standard_task_runner.py:88} INFO - Job 2472: Subtask data_to_db
[2024-02-09T11:04:27.391+0000] {task_command.py:423} INFO - Running <TaskInstance: Weather_DAG_V2.data_to_db scheduled__2024-02-09T05:21:00+00:00 [running]> on host 06573eafe810
[2024-02-09T11:04:27.711+0000] {taskinstance.py:2480} INFO - Exporting env vars: AIRFLOW_CTX_DAG_OWNER='***' AIRFLOW_CTX_DAG_ID='Weather_DAG_V2' AIRFLOW_CTX_TASK_ID='data_to_db' AIRFLOW_CTX_EXECUTION_DATE='2024-02-09T05:21:00+00:00' AIRFLOW_CTX_TRY_NUMBER='2' AIRFLOW_CTX_DAG_RUN_ID='scheduled__2024-02-09T05:21:00+00:00'
[2024-02-09T11:04:27.750+0000] {taskinstance.py:2698} ERROR - Task failed with exception
Traceback (most recent call last):
  File "/home/airflow/.local/lib/python3.8/site-packages/airflow/models/taskinstance.py", line 433, in _execute_task
    result = execute_callable(context=context, **execute_callable_kwargs)
  File "/home/airflow/.local/lib/python3.8/site-packages/airflow/operators/python.py", line 199, in execute
    return_value = self.execute_callable()
  File "/home/airflow/.local/lib/python3.8/site-packages/airflow/operators/python.py", line 216, in execute_callable
    return self.python_callable(*self.op_args, **self.op_kwargs)
  File "/opt/airflow/dags/Weather_dag.py", line 72, in csv_db
    PostgresHook.bulk_load(table=weather_tab, tmp_file=CSV_DATA)
NameError: name 'weather_tab' is not defined
[2024-02-09T11:04:27.800+0000] {taskinstance.py:1138} INFO - Marking task as FAILED. dag_id=Weather_DAG_V2, task_id=data_to_db, execution_date=20240209T052100, start_date=20240209T110426, end_date=20240209T110427
[2024-02-09T11:04:27.869+0000] {standard_task_runner.py:107} ERROR - Failed to execute job 2472 for task data_to_db (name 'weather_tab' is not defined; 6937)
[2024-02-09T11:04:27.926+0000] {local_task_job_runner.py:234} INFO - Task exited with return code 1
[2024-02-09T11:04:28.074+0000] {taskinstance.py:3280} INFO - 0 downstream tasks scheduled from follow-on schedule check
