[2024-02-13T10:36:03.995+0000] {taskinstance.py:1956} INFO - Dependencies all met for dep_context=non-requeueable deps ti=<TaskInstance: 1Training_DAG_V1.0.create_db_schem scheduled__2024-02-13T10:31:00+00:00 [queued]>
[2024-02-13T10:36:04.005+0000] {taskinstance.py:1956} INFO - Dependencies all met for dep_context=requeueable deps ti=<TaskInstance: 1Training_DAG_V1.0.create_db_schem scheduled__2024-02-13T10:31:00+00:00 [queued]>
[2024-02-13T10:36:04.006+0000] {taskinstance.py:2170} INFO - Starting attempt 1 of 1
[2024-02-13T10:36:04.026+0000] {taskinstance.py:2191} INFO - Executing <Task(PostgresOperator): create_db_schem> on 2024-02-13 10:31:00+00:00
[2024-02-13T10:36:04.035+0000] {standard_task_runner.py:60} INFO - Started process 3200 to run task
[2024-02-13T10:36:04.038+0000] {standard_task_runner.py:87} INFO - Running: ['***', 'tasks', 'run', '1Training_DAG_V1.0', 'create_db_schem', 'scheduled__2024-02-13T10:31:00+00:00', '--job-id', '11276', '--raw', '--subdir', 'DAGS_FOLDER/traning_dag.py', '--cfg-path', '/tmp/tmp89585f1q']
[2024-02-13T10:36:04.040+0000] {standard_task_runner.py:88} INFO - Job 11276: Subtask create_db_schem
[2024-02-13T10:36:04.103+0000] {task_command.py:423} INFO - Running <TaskInstance: 1Training_DAG_V1.0.create_db_schem scheduled__2024-02-13T10:31:00+00:00 [running]> on host 06573eafe810
[2024-02-13T10:36:04.212+0000] {taskinstance.py:2480} INFO - Exporting env vars: AIRFLOW_CTX_DAG_OWNER='***' AIRFLOW_CTX_DAG_ID='1Training_DAG_V1.0' AIRFLOW_CTX_TASK_ID='create_db_schem' AIRFLOW_CTX_EXECUTION_DATE='2024-02-13T10:31:00+00:00' AIRFLOW_CTX_TRY_NUMBER='1' AIRFLOW_CTX_DAG_RUN_ID='scheduled__2024-02-13T10:31:00+00:00'
[2024-02-13T10:36:04.214+0000] {sql.py:276} INFO - Executing: 
        CREATE TABLE IF NOT EXISTS Training(
            city varchar
            )
[2024-02-13T10:36:04.223+0000] {base.py:83} INFO - Using connection ID 'postgres_localhost' for task execution.
[2024-02-13T10:36:04.232+0000] {base.py:83} INFO - Using connection ID 'postgres_localhost' for task execution.
[2024-02-13T10:36:04.243+0000] {sql.py:450} INFO - Running statement: 
        CREATE TABLE IF NOT EXISTS Training(
            city varchar
            ), parameters: None
[2024-02-13T10:36:04.259+0000] {taskinstance.py:1138} INFO - Marking task as SUCCESS. dag_id=1Training_DAG_V1.0, task_id=create_db_schem, execution_date=20240213T103100, start_date=20240213T103603, end_date=20240213T103604
[2024-02-13T10:36:04.291+0000] {local_task_job_runner.py:234} INFO - Task exited with return code 0
[2024-02-13T10:36:04.322+0000] {taskinstance.py:3280} INFO - 1 downstream tasks scheduled from follow-on schedule check
