[2024-02-12T08:56:05.279+0000] {taskinstance.py:1956} INFO - Dependencies all met for dep_context=non-requeueable deps ti=<TaskInstance: Weather_DAG_V3.8.data_to_db scheduled__2024-02-12T00:26:00+00:00 [queued]>
[2024-02-12T08:56:05.308+0000] {taskinstance.py:1956} INFO - Dependencies all met for dep_context=requeueable deps ti=<TaskInstance: Weather_DAG_V3.8.data_to_db scheduled__2024-02-12T00:26:00+00:00 [queued]>
[2024-02-12T08:56:05.309+0000] {taskinstance.py:2170} INFO - Starting attempt 1 of 1
[2024-02-12T08:56:05.399+0000] {taskinstance.py:2191} INFO - Executing <Task(PythonOperator): data_to_db> on 2024-02-12 00:26:00+00:00
[2024-02-12T08:56:05.407+0000] {standard_task_runner.py:60} INFO - Started process 1948 to run task
[2024-02-12T08:56:05.434+0000] {standard_task_runner.py:87} INFO - Running: ['***', 'tasks', 'run', 'Weather_DAG_V3.8', 'data_to_db', 'scheduled__2024-02-12T00:26:00+00:00', '--job-id', '6128', '--raw', '--subdir', 'DAGS_FOLDER/Weather_dag.py', '--cfg-path', '/tmp/tmpc9jr_gfe']
[2024-02-12T08:56:05.441+0000] {standard_task_runner.py:88} INFO - Job 6128: Subtask data_to_db
[2024-02-12T08:56:05.666+0000] {task_command.py:423} INFO - Running <TaskInstance: Weather_DAG_V3.8.data_to_db scheduled__2024-02-12T00:26:00+00:00 [running]> on host 06573eafe810
[2024-02-12T08:56:05.944+0000] {taskinstance.py:2480} INFO - Exporting env vars: AIRFLOW_CTX_DAG_OWNER='***' AIRFLOW_CTX_DAG_ID='Weather_DAG_V3.8' AIRFLOW_CTX_TASK_ID='data_to_db' AIRFLOW_CTX_EXECUTION_DATE='2024-02-12T00:26:00+00:00' AIRFLOW_CTX_TRY_NUMBER='1' AIRFLOW_CTX_DAG_RUN_ID='scheduled__2024-02-12T00:26:00+00:00'
[2024-02-12T08:56:05.972+0000] {taskinstance.py:2698} ERROR - Task failed with exception
Traceback (most recent call last):
  File "/home/airflow/.local/lib/python3.8/site-packages/airflow/models/taskinstance.py", line 433, in _execute_task
    result = execute_callable(context=context, **execute_callable_kwargs)
  File "/home/airflow/.local/lib/python3.8/site-packages/airflow/operators/python.py", line 199, in execute
    return_value = self.execute_callable()
  File "/home/airflow/.local/lib/python3.8/site-packages/airflow/operators/python.py", line 216, in execute_callable
    return self.python_callable(*self.op_args, **self.op_kwargs)
  File "/opt/airflow/dags/Weather_dag.py", line 73, in csv_db
    hook.bulk_load('weather_tab')
TypeError: bulk_load() missing 1 required positional argument: 'tmp_file'
[2024-02-12T08:56:06.001+0000] {taskinstance.py:1138} INFO - Marking task as FAILED. dag_id=Weather_DAG_V3.8, task_id=data_to_db, execution_date=20240212T002600, start_date=20240212T085605, end_date=20240212T085606
[2024-02-12T08:56:06.051+0000] {standard_task_runner.py:107} ERROR - Failed to execute job 6128 for task data_to_db (bulk_load() missing 1 required positional argument: 'tmp_file'; 1948)
[2024-02-12T08:56:06.090+0000] {local_task_job_runner.py:234} INFO - Task exited with return code 1
[2024-02-12T08:56:06.122+0000] {taskinstance.py:3280} INFO - 0 downstream tasks scheduled from follow-on schedule check
