[2024-02-12T13:08:20.416+0000] {taskinstance.py:1956} INFO - Dependencies all met for dep_context=non-requeueable deps ti=<TaskInstance: Weather_DAG_V4.6.data_to_db scheduled__2024-02-12T00:31:00+00:00 [queued]>
[2024-02-12T13:08:20.468+0000] {taskinstance.py:1956} INFO - Dependencies all met for dep_context=requeueable deps ti=<TaskInstance: Weather_DAG_V4.6.data_to_db scheduled__2024-02-12T00:31:00+00:00 [queued]>
[2024-02-12T13:08:20.529+0000] {taskinstance.py:2170} INFO - Starting attempt 1 of 1
[2024-02-12T13:08:20.706+0000] {taskinstance.py:2191} INFO - Executing <Task(PostgresOperator): data_to_db> on 2024-02-12 00:31:00+00:00
[2024-02-12T13:08:20.726+0000] {standard_task_runner.py:60} INFO - Started process 15308 to run task
[2024-02-12T13:08:20.782+0000] {standard_task_runner.py:87} INFO - Running: ['***', 'tasks', 'run', 'Weather_DAG_V4.6', 'data_to_db', 'scheduled__2024-02-12T00:31:00+00:00', '--job-id', '9421', '--raw', '--subdir', 'DAGS_FOLDER/Weather_dag.py', '--cfg-path', '/tmp/tmpe5x4v87n']
[2024-02-12T13:08:20.803+0000] {standard_task_runner.py:88} INFO - Job 9421: Subtask data_to_db
[2024-02-12T13:08:21.188+0000] {task_command.py:423} INFO - Running <TaskInstance: Weather_DAG_V4.6.data_to_db scheduled__2024-02-12T00:31:00+00:00 [running]> on host 06573eafe810
[2024-02-12T13:08:21.584+0000] {taskinstance.py:2480} INFO - Exporting env vars: AIRFLOW_CTX_DAG_OWNER='***' AIRFLOW_CTX_DAG_ID='Weather_DAG_V4.6' AIRFLOW_CTX_TASK_ID='data_to_db' AIRFLOW_CTX_EXECUTION_DATE='2024-02-12T00:31:00+00:00' AIRFLOW_CTX_TRY_NUMBER='1' AIRFLOW_CTX_DAG_RUN_ID='scheduled__2024-02-12T00:31:00+00:00'
[2024-02-12T13:08:21.603+0000] {sql.py:276} INFO - Executing: 
        COPY weather(city, dt, houur, temperature_c, pressure_mm, is_rainy)
        FROM 'weather.csv'
        DELIMITER ','
        CSV HEADER;
[2024-02-12T13:08:21.640+0000] {base.py:83} INFO - Using connection ID 'postgres_localhost' for task execution.
[2024-02-12T13:08:21.667+0000] {base.py:83} INFO - Using connection ID 'postgres_localhost' for task execution.
[2024-02-12T13:08:21.713+0000] {sql.py:450} INFO - Running statement: 
        COPY weather(city, dt, houur, temperature_c, pressure_mm, is_rainy)
        FROM 'weather.csv'
        DELIMITER ','
        CSV HEADER;, parameters: None
[2024-02-12T13:08:21.717+0000] {taskinstance.py:2698} ERROR - Task failed with exception
Traceback (most recent call last):
  File "/home/airflow/.local/lib/python3.8/site-packages/airflow/models/taskinstance.py", line 433, in _execute_task
    result = execute_callable(context=context, **execute_callable_kwargs)
  File "/home/airflow/.local/lib/python3.8/site-packages/airflow/providers/common/sql/operators/sql.py", line 282, in execute
    output = hook.run(
  File "/home/airflow/.local/lib/python3.8/site-packages/airflow/providers/common/sql/hooks/sql.py", line 398, in run
    self._run_command(cur, sql_statement, parameters)
  File "/home/airflow/.local/lib/python3.8/site-packages/airflow/providers/common/sql/hooks/sql.py", line 455, in _run_command
    cur.execute(sql_statement)
psycopg2.errors.UndefinedTable: relation "weather" does not exist

[2024-02-12T13:08:21.734+0000] {taskinstance.py:1138} INFO - Marking task as FAILED. dag_id=Weather_DAG_V4.6, task_id=data_to_db, execution_date=20240212T003100, start_date=20240212T130820, end_date=20240212T130821
[2024-02-12T13:08:21.779+0000] {standard_task_runner.py:107} ERROR - Failed to execute job 9421 for task data_to_db (relation "weather" does not exist
; 15308)
[2024-02-12T13:08:21.815+0000] {local_task_job_runner.py:234} INFO - Task exited with return code 1
[2024-02-12T13:08:21.870+0000] {taskinstance.py:3280} INFO - 0 downstream tasks scheduled from follow-on schedule check
