[2024-02-08T10:50:39.404+0000] {taskinstance.py:1956} INFO - Dependencies all met for dep_context=non-requeueable deps ti=<TaskInstance: Weather_dag.get_weather scheduled__2024-02-08T00:26:00+00:00 [queued]>
[2024-02-08T10:50:39.483+0000] {taskinstance.py:1956} INFO - Dependencies all met for dep_context=requeueable deps ti=<TaskInstance: Weather_dag.get_weather scheduled__2024-02-08T00:26:00+00:00 [queued]>
[2024-02-08T10:50:39.488+0000] {taskinstance.py:2170} INFO - Starting attempt 1 of 2
[2024-02-08T10:50:39.580+0000] {taskinstance.py:2191} INFO - Executing <Task(PythonOperator): get_weather> on 2024-02-08 00:26:00+00:00
[2024-02-08T10:50:39.588+0000] {standard_task_runner.py:60} INFO - Started process 989 to run task
[2024-02-08T10:50:39.703+0000] {standard_task_runner.py:87} INFO - Running: ['***', 'tasks', 'run', 'Weather_dag', 'get_weather', 'scheduled__2024-02-08T00:26:00+00:00', '--job-id', '22', '--raw', '--subdir', 'DAGS_FOLDER/Weather_dag.py', '--cfg-path', '/tmp/tmpxqvmja8i']
[2024-02-08T10:50:39.721+0000] {standard_task_runner.py:88} INFO - Job 22: Subtask get_weather
[2024-02-08T10:50:40.024+0000] {task_command.py:423} INFO - Running <TaskInstance: Weather_dag.get_weather scheduled__2024-02-08T00:26:00+00:00 [running]> on host 06573eafe810
[2024-02-08T10:50:40.828+0000] {taskinstance.py:2480} INFO - Exporting env vars: AIRFLOW_CTX_DAG_OWNER='***' AIRFLOW_CTX_DAG_ID='Weather_dag' AIRFLOW_CTX_TASK_ID='get_weather' AIRFLOW_CTX_EXECUTION_DATE='2024-02-08T00:26:00+00:00' AIRFLOW_CTX_TRY_NUMBER='1' AIRFLOW_CTX_DAG_RUN_ID='scheduled__2024-02-08T00:26:00+00:00'
[2024-02-08T10:50:46.530+0000] {python.py:201} INFO - Done. Returned value was: None
[2024-02-08T10:50:46.585+0000] {taskinstance.py:1138} INFO - Marking task as SUCCESS. dag_id=Weather_dag, task_id=get_weather, execution_date=20240208T002600, start_date=20240208T105039, end_date=20240208T105046
[2024-02-08T10:50:46.719+0000] {local_task_job_runner.py:234} INFO - Task exited with return code 0
[2024-02-08T10:50:46.771+0000] {taskinstance.py:3280} INFO - 1 downstream tasks scheduled from follow-on schedule check
[2024-02-08T10:51:09.130+0000] {taskinstance.py:1956} INFO - Dependencies all met for dep_context=non-requeueable deps ti=<TaskInstance: weather_dag.get_weather scheduled__2024-02-08T00:26:00+00:00 [queued]>
[2024-02-08T10:51:09.262+0000] {taskinstance.py:1956} INFO - Dependencies all met for dep_context=requeueable deps ti=<TaskInstance: weather_dag.get_weather scheduled__2024-02-08T00:26:00+00:00 [queued]>
[2024-02-08T10:51:09.263+0000] {taskinstance.py:2170} INFO - Starting attempt 1 of 2
[2024-02-08T10:51:09.399+0000] {taskinstance.py:2191} INFO - Executing <Task(PythonOperator): get_weather> on 2024-02-08 00:26:00+00:00
[2024-02-08T10:51:09.422+0000] {standard_task_runner.py:60} INFO - Started process 1030 to run task
[2024-02-08T10:51:09.439+0000] {standard_task_runner.py:87} INFO - Running: ['***', 'tasks', 'run', 'weather_dag', 'get_weather', 'scheduled__2024-02-08T00:26:00+00:00', '--job-id', '35', '--raw', '--subdir', 'DAGS_FOLDER/Weather_dag.py', '--cfg-path', '/tmp/tmp8jmesxjd']
[2024-02-08T10:51:09.455+0000] {standard_task_runner.py:88} INFO - Job 35: Subtask get_weather
[2024-02-08T10:51:09.932+0000] {task_command.py:423} INFO - Running <TaskInstance: weather_dag.get_weather scheduled__2024-02-08T00:26:00+00:00 [running]> on host 06573eafe810
[2024-02-08T10:51:11.524+0000] {taskinstance.py:2480} INFO - Exporting env vars: AIRFLOW_CTX_DAG_OWNER='***' AIRFLOW_CTX_DAG_ID='weather_dag' AIRFLOW_CTX_TASK_ID='get_weather' AIRFLOW_CTX_EXECUTION_DATE='2024-02-08T00:26:00+00:00' AIRFLOW_CTX_TRY_NUMBER='1' AIRFLOW_CTX_DAG_RUN_ID='scheduled__2024-02-08T00:26:00+00:00'
[2024-02-08T10:51:18.614+0000] {python.py:201} INFO - Done. Returned value was: None
[2024-02-08T10:51:18.664+0000] {taskinstance.py:1138} INFO - Marking task as SUCCESS. dag_id=weather_dag, task_id=get_weather, execution_date=20240208T002600, start_date=20240208T105109, end_date=20240208T105118
[2024-02-08T10:51:18.777+0000] {local_task_job_runner.py:234} INFO - Task exited with return code 0
[2024-02-08T10:51:18.955+0000] {taskinstance.py:3280} INFO - 1 downstream tasks scheduled from follow-on schedule check
