[2024-03-15T13:16:40.692+0000] {taskinstance.py:1956} INFO - Dependencies all met for dep_context=non-requeueable deps ti=<TaskInstance: mongodb_to_postgres.get_data scheduled__2024-03-14T00:00:00+00:00 [queued]>
[2024-03-15T13:16:40.702+0000] {taskinstance.py:1956} INFO - Dependencies all met for dep_context=requeueable deps ti=<TaskInstance: mongodb_to_postgres.get_data scheduled__2024-03-14T00:00:00+00:00 [queued]>
[2024-03-15T13:16:40.703+0000] {taskinstance.py:2170} INFO - Starting attempt 1 of 1
[2024-03-15T13:16:40.725+0000] {taskinstance.py:2191} INFO - Executing <Task(PythonOperator): get_data> on 2024-03-14 00:00:00+00:00
[2024-03-15T13:16:40.744+0000] {standard_task_runner.py:60} INFO - Started process 3290 to run task
[2024-03-15T13:16:40.749+0000] {standard_task_runner.py:87} INFO - Running: ['***', 'tasks', 'run', 'mongodb_to_postgres', 'get_data', 'scheduled__2024-03-14T00:00:00+00:00', '--job-id', '13881', '--raw', '--subdir', 'DAGS_FOLDER/mongo_dag.py', '--cfg-path', '/tmp/tmprssm7tfz']
[2024-03-15T13:16:40.750+0000] {standard_task_runner.py:88} INFO - Job 13881: Subtask get_data
[2024-03-15T13:16:40.808+0000] {task_command.py:423} INFO - Running <TaskInstance: mongodb_to_postgres.get_data scheduled__2024-03-14T00:00:00+00:00 [running]> on host b5253fd441c9
[2024-03-15T13:16:40.920+0000] {taskinstance.py:2480} INFO - Exporting env vars: AIRFLOW_CTX_DAG_OWNER='***' AIRFLOW_CTX_DAG_ID='mongodb_to_postgres' AIRFLOW_CTX_TASK_ID='get_data' AIRFLOW_CTX_EXECUTION_DATE='2024-03-14T00:00:00+00:00' AIRFLOW_CTX_TRY_NUMBER='1' AIRFLOW_CTX_DAG_RUN_ID='scheduled__2024-03-14T00:00:00+00:00'
[2024-03-15T13:17:11.225+0000] {taskinstance.py:2698} ERROR - Task failed with exception
Traceback (most recent call last):
  File "/home/airflow/.local/lib/python3.8/site-packages/airflow/models/taskinstance.py", line 433, in _execute_task
    result = execute_callable(context=context, **execute_callable_kwargs)
  File "/home/airflow/.local/lib/python3.8/site-packages/airflow/operators/python.py", line 199, in execute
    return_value = self.execute_callable()
  File "/home/airflow/.local/lib/python3.8/site-packages/airflow/operators/python.py", line 216, in execute_callable
    return self.python_callable(*self.op_args, **self.op_kwargs)
  File "/opt/airflow/dags/mongo_dag.py", line 23, in get_data
    for doc in collections.find():
  File "/home/airflow/.local/lib/python3.8/site-packages/pymongo/cursor.py", line 1264, in next
    if len(self.__data) or self._refresh():
  File "/home/airflow/.local/lib/python3.8/site-packages/pymongo/cursor.py", line 1155, in _refresh
    self.__session = self.__collection.database.client._ensure_session()
  File "/home/airflow/.local/lib/python3.8/site-packages/pymongo/mongo_client.py", line 1823, in _ensure_session
    return self.__start_session(True, causal_consistency=False)
  File "/home/airflow/.local/lib/python3.8/site-packages/pymongo/mongo_client.py", line 1766, in __start_session
    self._topology._check_implicit_session_support()
  File "/home/airflow/.local/lib/python3.8/site-packages/pymongo/topology.py", line 573, in _check_implicit_session_support
    self._check_session_support()
  File "/home/airflow/.local/lib/python3.8/site-packages/pymongo/topology.py", line 589, in _check_session_support
    self._select_servers_loop(
  File "/home/airflow/.local/lib/python3.8/site-packages/pymongo/topology.py", line 259, in _select_servers_loop
    raise ServerSelectionTimeoutError(
pymongo.errors.ServerSelectionTimeoutError: host.docker.local:27023: [Errno -2] Name or service not known (configured timeouts: socketTimeoutMS: 20000.0ms, connectTimeoutMS: 20000.0ms), Timeout: 30s, Topology Description: <TopologyDescription id: 65f44a3819fd5ff59de9da94, topology_type: Unknown, servers: [<ServerDescription ('host.docker.local', 27023) server_type: Unknown, rtt: None, error=AutoReconnect('host.docker.local:27023: [Errno -2] Name or service not known (configured timeouts: socketTimeoutMS: 20000.0ms, connectTimeoutMS: 20000.0ms)')>]>
[2024-03-15T13:17:11.270+0000] {taskinstance.py:1138} INFO - Marking task as FAILED. dag_id=mongodb_to_postgres, task_id=get_data, execution_date=20240314T000000, start_date=20240315T131640, end_date=20240315T131711
[2024-03-15T13:17:11.298+0000] {standard_task_runner.py:107} ERROR - Failed to execute job 13881 for task get_data (host.docker.local:27023: [Errno -2] Name or service not known (configured timeouts: socketTimeoutMS: 20000.0ms, connectTimeoutMS: 20000.0ms), Timeout: 30s, Topology Description: <TopologyDescription id: 65f44a3819fd5ff59de9da94, topology_type: Unknown, servers: [<ServerDescription ('host.docker.local', 27023) server_type: Unknown, rtt: None, error=AutoReconnect('host.docker.local:27023: [Errno -2] Name or service not known (configured timeouts: socketTimeoutMS: 20000.0ms, connectTimeoutMS: 20000.0ms)')>]>; 3290)
[2024-03-15T13:17:11.334+0000] {local_task_job_runner.py:234} INFO - Task exited with return code 1
[2024-03-15T13:17:11.350+0000] {taskinstance.py:3280} INFO - 0 downstream tasks scheduled from follow-on schedule check
