[2024-02-13T10:36:06.339+0000] {taskinstance.py:1956} INFO - Dependencies all met for dep_context=non-requeueable deps ti=<TaskInstance: 1Training_DAG_V1.0.data_to_db scheduled__2024-02-13T10:31:00+00:00 [queued]>
[2024-02-13T10:36:06.352+0000] {taskinstance.py:1956} INFO - Dependencies all met for dep_context=requeueable deps ti=<TaskInstance: 1Training_DAG_V1.0.data_to_db scheduled__2024-02-13T10:31:00+00:00 [queued]>
[2024-02-13T10:36:06.352+0000] {taskinstance.py:2170} INFO - Starting attempt 1 of 1
[2024-02-13T10:36:06.371+0000] {taskinstance.py:2191} INFO - Executing <Task(PythonOperator): data_to_db> on 2024-02-13 10:31:00+00:00
[2024-02-13T10:36:06.380+0000] {standard_task_runner.py:60} INFO - Started process 3203 to run task
[2024-02-13T10:36:06.383+0000] {standard_task_runner.py:87} INFO - Running: ['***', 'tasks', 'run', '1Training_DAG_V1.0', 'data_to_db', 'scheduled__2024-02-13T10:31:00+00:00', '--job-id', '11277', '--raw', '--subdir', 'DAGS_FOLDER/traning_dag.py', '--cfg-path', '/tmp/tmpnh2m016x']
[2024-02-13T10:36:06.385+0000] {standard_task_runner.py:88} INFO - Job 11277: Subtask data_to_db
[2024-02-13T10:36:06.456+0000] {task_command.py:423} INFO - Running <TaskInstance: 1Training_DAG_V1.0.data_to_db scheduled__2024-02-13T10:31:00+00:00 [running]> on host 06573eafe810
[2024-02-13T10:36:06.586+0000] {taskinstance.py:2480} INFO - Exporting env vars: AIRFLOW_CTX_DAG_OWNER='***' AIRFLOW_CTX_DAG_ID='1Training_DAG_V1.0' AIRFLOW_CTX_TASK_ID='data_to_db' AIRFLOW_CTX_EXECUTION_DATE='2024-02-13T10:31:00+00:00' AIRFLOW_CTX_TRY_NUMBER='1' AIRFLOW_CTX_DAG_RUN_ID='scheduled__2024-02-13T10:31:00+00:00'
[2024-02-13T10:36:06.597+0000] {logging_mixin.py:188} INFO - Москва 2024-02-12 1
[2024-02-13T10:36:06.608+0000] {base.py:83} INFO - Using connection ID 'postgres_localhost' for task execution.
[2024-02-13T10:36:06.624+0000] {taskinstance.py:2698} ERROR - Task failed with exception
Traceback (most recent call last):
  File "/home/airflow/.local/lib/python3.8/site-packages/airflow/models/taskinstance.py", line 433, in _execute_task
    result = execute_callable(context=context, **execute_callable_kwargs)
  File "/home/airflow/.local/lib/python3.8/site-packages/airflow/operators/python.py", line 199, in execute
    return_value = self.execute_callable()
  File "/home/airflow/.local/lib/python3.8/site-packages/airflow/operators/python.py", line 216, in execute_callable
    return self.python_callable(*self.op_args, **self.op_kwargs)
  File "/opt/airflow/dags/traning_dag.py", line 31, in csv_db
    cursor.execute(sql_script)
psycopg2.errors.UndefinedColumn: column "Москва" does not exist
LINE 1: INSERT INTO Training VALUES (Москва)
                                     ^

[2024-02-13T10:36:06.638+0000] {taskinstance.py:1138} INFO - Marking task as FAILED. dag_id=1Training_DAG_V1.0, task_id=data_to_db, execution_date=20240213T103100, start_date=20240213T103606, end_date=20240213T103606
[2024-02-13T10:36:06.657+0000] {standard_task_runner.py:107} ERROR - Failed to execute job 11277 for task data_to_db (column "Москва" does not exist
LINE 1: INSERT INTO Training VALUES (Москва)
                                     ^
; 3203)
[2024-02-13T10:36:06.682+0000] {local_task_job_runner.py:234} INFO - Task exited with return code 1
[2024-02-13T10:36:06.707+0000] {taskinstance.py:3280} INFO - 0 downstream tasks scheduled from follow-on schedule check
