[2024-02-08T10:50:11.100+0000] {taskinstance.py:1956} INFO - Dependencies all met for dep_context=non-requeueable deps ti=<TaskInstance: Weather_dag.get_weather scheduled__2024-02-08T00:01:00+00:00 [queued]>
[2024-02-08T10:50:11.173+0000] {taskinstance.py:1956} INFO - Dependencies all met for dep_context=requeueable deps ti=<TaskInstance: Weather_dag.get_weather scheduled__2024-02-08T00:01:00+00:00 [queued]>
[2024-02-08T10:50:11.178+0000] {taskinstance.py:2170} INFO - Starting attempt 1 of 2
[2024-02-08T10:50:11.242+0000] {taskinstance.py:2191} INFO - Executing <Task(PythonOperator): get_weather> on 2024-02-08 00:01:00+00:00
[2024-02-08T10:50:11.251+0000] {standard_task_runner.py:60} INFO - Started process 966 to run task
[2024-02-08T10:50:11.271+0000] {standard_task_runner.py:87} INFO - Running: ['***', 'tasks', 'run', 'Weather_dag', 'get_weather', 'scheduled__2024-02-08T00:01:00+00:00', '--job-id', '19', '--raw', '--subdir', 'DAGS_FOLDER/Weather_dag.py', '--cfg-path', '/tmp/tmp0va4tr3u']
[2024-02-08T10:50:11.280+0000] {standard_task_runner.py:88} INFO - Job 19: Subtask get_weather
[2024-02-08T10:50:11.488+0000] {task_command.py:423} INFO - Running <TaskInstance: Weather_dag.get_weather scheduled__2024-02-08T00:01:00+00:00 [running]> on host 06573eafe810
[2024-02-08T10:50:11.866+0000] {taskinstance.py:2480} INFO - Exporting env vars: AIRFLOW_CTX_DAG_OWNER='***' AIRFLOW_CTX_DAG_ID='Weather_dag' AIRFLOW_CTX_TASK_ID='get_weather' AIRFLOW_CTX_EXECUTION_DATE='2024-02-08T00:01:00+00:00' AIRFLOW_CTX_TRY_NUMBER='1' AIRFLOW_CTX_DAG_RUN_ID='scheduled__2024-02-08T00:01:00+00:00'
[2024-02-08T10:50:31.219+0000] {python.py:201} INFO - Done. Returned value was: None
[2024-02-08T10:50:31.751+0000] {taskinstance.py:1138} INFO - Marking task as SUCCESS. dag_id=Weather_dag, task_id=get_weather, execution_date=20240208T000100, start_date=20240208T105011, end_date=20240208T105031
[2024-02-08T10:50:32.086+0000] {local_task_job_runner.py:234} INFO - Task exited with return code 0
[2024-02-08T10:50:32.199+0000] {taskinstance.py:3280} INFO - 1 downstream tasks scheduled from follow-on schedule check
[2024-02-08T10:51:04.967+0000] {taskinstance.py:1956} INFO - Dependencies all met for dep_context=non-requeueable deps ti=<TaskInstance: weather_dag.get_weather scheduled__2024-02-08T00:01:00+00:00 [queued]>
[2024-02-08T10:51:05.018+0000] {taskinstance.py:1956} INFO - Dependencies all met for dep_context=requeueable deps ti=<TaskInstance: weather_dag.get_weather scheduled__2024-02-08T00:01:00+00:00 [queued]>
[2024-02-08T10:51:05.030+0000] {taskinstance.py:2170} INFO - Starting attempt 1 of 2
[2024-02-08T10:51:05.127+0000] {taskinstance.py:2191} INFO - Executing <Task(PythonOperator): get_weather> on 2024-02-08 00:01:00+00:00
[2024-02-08T10:51:05.153+0000] {standard_task_runner.py:87} INFO - Running: ['***', 'tasks', 'run', 'weather_dag', 'get_weather', 'scheduled__2024-02-08T00:01:00+00:00', '--job-id', '31', '--raw', '--subdir', 'DAGS_FOLDER/Weather_dag.py', '--cfg-path', '/tmp/tmp1lpyj4t7']
[2024-02-08T10:51:05.156+0000] {standard_task_runner.py:88} INFO - Job 31: Subtask get_weather
[2024-02-08T10:51:05.154+0000] {standard_task_runner.py:60} INFO - Started process 1015 to run task
[2024-02-08T10:51:05.536+0000] {task_command.py:423} INFO - Running <TaskInstance: weather_dag.get_weather scheduled__2024-02-08T00:01:00+00:00 [running]> on host 06573eafe810
[2024-02-08T10:51:05.827+0000] {taskinstance.py:2480} INFO - Exporting env vars: AIRFLOW_CTX_DAG_OWNER='***' AIRFLOW_CTX_DAG_ID='weather_dag' AIRFLOW_CTX_TASK_ID='get_weather' AIRFLOW_CTX_EXECUTION_DATE='2024-02-08T00:01:00+00:00' AIRFLOW_CTX_TRY_NUMBER='1' AIRFLOW_CTX_DAG_RUN_ID='scheduled__2024-02-08T00:01:00+00:00'
[2024-02-08T10:51:08.482+0000] {python.py:201} INFO - Done. Returned value was: None
[2024-02-08T10:51:08.582+0000] {taskinstance.py:1138} INFO - Marking task as SUCCESS. dag_id=weather_dag, task_id=get_weather, execution_date=20240208T000100, start_date=20240208T105104, end_date=20240208T105108
[2024-02-08T10:51:08.682+0000] {local_task_job_runner.py:234} INFO - Task exited with return code 0
[2024-02-08T10:51:08.818+0000] {taskinstance.py:3280} INFO - 1 downstream tasks scheduled from follow-on schedule check
