[2024-02-13T10:24:28.943+0000] {taskinstance.py:1956} INFO - Dependencies all met for dep_context=non-requeueable deps ti=<TaskInstance: 1Training_DAG_V1.0.create_db_schem manual__2024-02-13T10:24:23.836775+00:00 [queued]>
[2024-02-13T10:24:28.955+0000] {taskinstance.py:1956} INFO - Dependencies all met for dep_context=requeueable deps ti=<TaskInstance: 1Training_DAG_V1.0.create_db_schem manual__2024-02-13T10:24:23.836775+00:00 [queued]>
[2024-02-13T10:24:28.955+0000] {taskinstance.py:2170} INFO - Starting attempt 1 of 1
[2024-02-13T10:24:28.975+0000] {taskinstance.py:2191} INFO - Executing <Task(PostgresOperator): create_db_schem> on 2024-02-13 10:24:23.836775+00:00
[2024-02-13T10:24:28.983+0000] {standard_task_runner.py:60} INFO - Started process 2957 to run task
[2024-02-13T10:24:28.986+0000] {standard_task_runner.py:87} INFO - Running: ['***', 'tasks', 'run', '1Training_DAG_V1.0', 'create_db_schem', 'manual__2024-02-13T10:24:23.836775+00:00', '--job-id', '11252', '--raw', '--subdir', 'DAGS_FOLDER/traning_dag.py', '--cfg-path', '/tmp/tmpjw0xm3tk']
[2024-02-13T10:24:28.988+0000] {standard_task_runner.py:88} INFO - Job 11252: Subtask create_db_schem
[2024-02-13T10:24:29.040+0000] {task_command.py:423} INFO - Running <TaskInstance: 1Training_DAG_V1.0.create_db_schem manual__2024-02-13T10:24:23.836775+00:00 [running]> on host 06573eafe810
[2024-02-13T10:24:29.140+0000] {taskinstance.py:2480} INFO - Exporting env vars: AIRFLOW_CTX_DAG_OWNER='***' AIRFLOW_CTX_DAG_ID='1Training_DAG_V1.0' AIRFLOW_CTX_TASK_ID='create_db_schem' AIRFLOW_CTX_EXECUTION_DATE='2024-02-13T10:24:23.836775+00:00' AIRFLOW_CTX_TRY_NUMBER='1' AIRFLOW_CTX_DAG_RUN_ID='manual__2024-02-13T10:24:23.836775+00:00'
[2024-02-13T10:24:29.141+0000] {sql.py:276} INFO - Executing: 
        CREATE TABLE IF NOT EXISTS Training(
            city varchar
            )
[2024-02-13T10:24:29.151+0000] {base.py:83} INFO - Using connection ID 'postgres_localhost' for task execution.
[2024-02-13T10:24:29.159+0000] {base.py:83} INFO - Using connection ID 'postgres_localhost' for task execution.
[2024-02-13T10:24:29.171+0000] {sql.py:450} INFO - Running statement: 
        CREATE TABLE IF NOT EXISTS Training(
            city varchar
            ), parameters: None
[2024-02-13T10:24:29.187+0000] {taskinstance.py:1138} INFO - Marking task as SUCCESS. dag_id=1Training_DAG_V1.0, task_id=create_db_schem, execution_date=20240213T102423, start_date=20240213T102428, end_date=20240213T102429
[2024-02-13T10:24:29.239+0000] {local_task_job_runner.py:234} INFO - Task exited with return code 0
[2024-02-13T10:24:29.274+0000] {taskinstance.py:3280} INFO - 1 downstream tasks scheduled from follow-on schedule check
