[2024-02-13T15:02:48.727+0000] {taskinstance.py:1956} INFO - Dependencies all met for dep_context=non-requeueable deps ti=<TaskInstance: 1Success_dag.create_db_schem scheduled__2024-02-13T04:16:00+00:00 [queued]>
[2024-02-13T15:02:48.841+0000] {taskinstance.py:1956} INFO - Dependencies all met for dep_context=requeueable deps ti=<TaskInstance: 1Success_dag.create_db_schem scheduled__2024-02-13T04:16:00+00:00 [queued]>
[2024-02-13T15:02:48.846+0000] {taskinstance.py:2170} INFO - Starting attempt 1 of 1
[2024-02-13T15:02:48.949+0000] {taskinstance.py:2191} INFO - Executing <Task(PostgresOperator): create_db_schem> on 2024-02-13 04:16:00+00:00
[2024-02-13T15:02:48.984+0000] {standard_task_runner.py:60} INFO - Started process 9061 to run task
[2024-02-13T15:02:49.063+0000] {standard_task_runner.py:87} INFO - Running: ['***', 'tasks', 'run', '1Success_dag', 'create_db_schem', 'scheduled__2024-02-13T04:16:00+00:00', '--job-id', '12007', '--raw', '--subdir', 'DAGS_FOLDER/success_dag.py', '--cfg-path', '/tmp/tmpmpjtotrd']
[2024-02-13T15:02:49.091+0000] {standard_task_runner.py:88} INFO - Job 12007: Subtask create_db_schem
[2024-02-13T15:02:49.356+0000] {task_command.py:423} INFO - Running <TaskInstance: 1Success_dag.create_db_schem scheduled__2024-02-13T04:16:00+00:00 [running]> on host 06573eafe810
[2024-02-13T15:02:49.689+0000] {taskinstance.py:2480} INFO - Exporting env vars: AIRFLOW_CTX_DAG_OWNER='***' AIRFLOW_CTX_DAG_ID='1Success_dag' AIRFLOW_CTX_TASK_ID='create_db_schem' AIRFLOW_CTX_EXECUTION_DATE='2024-02-13T04:16:00+00:00' AIRFLOW_CTX_TRY_NUMBER='1' AIRFLOW_CTX_DAG_RUN_ID='scheduled__2024-02-13T04:16:00+00:00'
[2024-02-13T15:02:49.691+0000] {sql.py:276} INFO - Executing: 
        DROP TABLE weather_tab;
        CREATE TABLE weather_tab(
            id SERIAL PRIMARY KEY,
	        city varchar NULL,
	        dt date NULL,
	        hour int2 NULL,
	        temperature_c float8 NULL,
	        pressure float8 NULL,
	        is_rainy int NULL
    );
[2024-02-13T15:02:49.734+0000] {base.py:83} INFO - Using connection ID 'postgres_localhost' for task execution.
[2024-02-13T15:02:49.792+0000] {base.py:83} INFO - Using connection ID 'postgres_localhost' for task execution.
[2024-02-13T15:02:49.812+0000] {sql.py:450} INFO - Running statement: 
        DROP TABLE weather_tab;
        CREATE TABLE weather_tab(
            id SERIAL PRIMARY KEY,
	        city varchar NULL,
	        dt date NULL,
	        hour int2 NULL,
	        temperature_c float8 NULL,
	        pressure float8 NULL,
	        is_rainy int NULL
    );, parameters: None
[2024-02-13T15:02:49.915+0000] {taskinstance.py:1138} INFO - Marking task as SUCCESS. dag_id=1Success_dag, task_id=create_db_schem, execution_date=20240213T041600, start_date=20240213T150248, end_date=20240213T150249
[2024-02-13T15:02:50.216+0000] {local_task_job_runner.py:234} INFO - Task exited with return code 0
[2024-02-13T15:02:50.451+0000] {taskinstance.py:3280} INFO - 0 downstream tasks scheduled from follow-on schedule check
