[2024-02-09T13:31:54.831+0000] {taskinstance.py:1956} INFO - Dependencies all met for dep_context=non-requeueable deps ti=<TaskInstance: Weather_DAG_V2.6.data_to_db scheduled__2024-02-09T07:51:00+00:00 [queued]>
[2024-02-09T13:31:54.861+0000] {taskinstance.py:1956} INFO - Dependencies all met for dep_context=requeueable deps ti=<TaskInstance: Weather_DAG_V2.6.data_to_db scheduled__2024-02-09T07:51:00+00:00 [queued]>
[2024-02-09T13:31:54.862+0000] {taskinstance.py:2170} INFO - Starting attempt 2 of 2
[2024-02-09T13:31:54.926+0000] {taskinstance.py:2191} INFO - Executing <Task(PythonOperator): data_to_db> on 2024-02-09 07:51:00+00:00
[2024-02-09T13:31:54.935+0000] {standard_task_runner.py:60} INFO - Started process 15408 to run task
[2024-02-09T13:31:54.956+0000] {standard_task_runner.py:87} INFO - Running: ['***', 'tasks', 'run', 'Weather_DAG_V2.6', 'data_to_db', 'scheduled__2024-02-09T07:51:00+00:00', '--job-id', '4590', '--raw', '--subdir', 'DAGS_FOLDER/Weather_dag.py', '--cfg-path', '/tmp/tmpigcoub5o']
[2024-02-09T13:31:54.958+0000] {standard_task_runner.py:88} INFO - Job 4590: Subtask data_to_db
[2024-02-09T13:31:55.130+0000] {task_command.py:423} INFO - Running <TaskInstance: Weather_DAG_V2.6.data_to_db scheduled__2024-02-09T07:51:00+00:00 [running]> on host 06573eafe810
[2024-02-09T13:31:55.494+0000] {taskinstance.py:2480} INFO - Exporting env vars: AIRFLOW_CTX_DAG_OWNER='***' AIRFLOW_CTX_DAG_ID='Weather_DAG_V2.6' AIRFLOW_CTX_TASK_ID='data_to_db' AIRFLOW_CTX_EXECUTION_DATE='2024-02-09T07:51:00+00:00' AIRFLOW_CTX_TRY_NUMBER='2' AIRFLOW_CTX_DAG_RUN_ID='scheduled__2024-02-09T07:51:00+00:00'
[2024-02-09T13:31:55.545+0000] {base.py:83} INFO - Using connection ID 'postgres_localhost' for task execution.
[2024-02-09T13:31:55.572+0000] {taskinstance.py:2698} ERROR - Task failed with exception
Traceback (most recent call last):
  File "/home/airflow/.local/lib/python3.8/site-packages/airflow/models/taskinstance.py", line 433, in _execute_task
    result = execute_callable(context=context, **execute_callable_kwargs)
  File "/home/airflow/.local/lib/python3.8/site-packages/airflow/operators/python.py", line 199, in execute
    return_value = self.execute_callable()
  File "/home/airflow/.local/lib/python3.8/site-packages/airflow/operators/python.py", line 216, in execute_callable
    return self.python_callable(*self.op_args, **self.op_kwargs)
  File "/opt/airflow/dags/Weather_dag.py", line 74, in csv_db
    hook.insert_rows(table='weather_tab', rows=CSV_DATA, )
  File "/home/airflow/.local/lib/python3.8/site-packages/airflow/providers/common/sql/hooks/sql.py", line 541, in insert_rows
    cur.execute(sql, values)
psycopg2.errors.InvalidTextRepresentation: invalid input syntax for type integer: "C"
LINE 1: INSERT INTO weather_tab  VALUES ('C','i','t','y')
                                         ^

[2024-02-09T13:31:55.627+0000] {taskinstance.py:1138} INFO - Marking task as FAILED. dag_id=Weather_DAG_V2.6, task_id=data_to_db, execution_date=20240209T075100, start_date=20240209T133154, end_date=20240209T133155
[2024-02-09T13:31:55.687+0000] {standard_task_runner.py:107} ERROR - Failed to execute job 4590 for task data_to_db (invalid input syntax for type integer: "C"
LINE 1: INSERT INTO weather_tab  VALUES ('C','i','t','y')
                                         ^
; 15408)
[2024-02-09T13:31:55.712+0000] {local_task_job_runner.py:234} INFO - Task exited with return code 1
[2024-02-09T13:31:55.744+0000] {taskinstance.py:3280} INFO - 0 downstream tasks scheduled from follow-on schedule check
