[2024-03-05T07:12:25.577+0000] {taskinstance.py:1956} INFO - Dependencies all met for dep_context=non-requeueable deps ti=<TaskInstance: 1Success_dag.data_to_db scheduled__2024-03-04T00:00:00+00:00 [queued]>
[2024-03-05T07:12:25.586+0000] {taskinstance.py:1956} INFO - Dependencies all met for dep_context=requeueable deps ti=<TaskInstance: 1Success_dag.data_to_db scheduled__2024-03-04T00:00:00+00:00 [queued]>
[2024-03-05T07:12:25.586+0000] {taskinstance.py:2170} INFO - Starting attempt 1 of 1
[2024-03-05T07:12:25.603+0000] {taskinstance.py:2191} INFO - Executing <Task(PythonOperator): data_to_db> on 2024-03-04 00:00:00+00:00
[2024-03-05T07:12:25.609+0000] {standard_task_runner.py:60} INFO - Started process 79 to run task
[2024-03-05T07:12:25.612+0000] {standard_task_runner.py:87} INFO - Running: ['***', 'tasks', 'run', '1Success_dag', 'data_to_db', 'scheduled__2024-03-04T00:00:00+00:00', '--job-id', '13731', '--raw', '--subdir', 'DAGS_FOLDER/success_dag.py', '--cfg-path', '/tmp/tmpv8gj5sxi']
[2024-03-05T07:12:25.613+0000] {standard_task_runner.py:88} INFO - Job 13731: Subtask data_to_db
[2024-03-05T07:12:25.664+0000] {task_command.py:423} INFO - Running <TaskInstance: 1Success_dag.data_to_db scheduled__2024-03-04T00:00:00+00:00 [running]> on host b5253fd441c9
[2024-03-05T07:12:25.749+0000] {taskinstance.py:2480} INFO - Exporting env vars: AIRFLOW_CTX_DAG_OWNER='***' AIRFLOW_CTX_DAG_ID='1Success_dag' AIRFLOW_CTX_TASK_ID='data_to_db' AIRFLOW_CTX_EXECUTION_DATE='2024-03-04T00:00:00+00:00' AIRFLOW_CTX_TRY_NUMBER='1' AIRFLOW_CTX_DAG_RUN_ID='scheduled__2024-03-04T00:00:00+00:00'
[2024-03-05T07:12:25.751+0000] {logging_mixin.py:188} INFO - /opt/***
[2024-03-05T07:12:25.760+0000] {base.py:83} INFO - Using connection ID 'postgres_localhost' for task execution.
[2024-03-05T07:12:25.790+0000] {success_dag.py:79} INFO -      City          dt  hour  temperature_c  pressure  is_rainy
0  Москва  2024-03-05     0             -1       754         0
1  Москва  2024-03-05     1             -1       753         0
2  Москва  2024-03-05     2             -1       753         0
3  Москва  2024-03-05     3             -2       753         0
4  Москва  2024-03-05     4             -2       752         0
[2024-03-05T07:12:25.798+0000] {success_dag.py:86} INFO - columns: <class 'str'>
[2024-03-05T07:12:25.799+0000] {success_dag.py:91} INFO - values: VALUES(%s,%s,%s,%s,%s,%s)
[2024-03-05T07:12:25.848+0000] {python.py:201} INFO - Done. Returned value was: None
[2024-03-05T07:12:25.858+0000] {taskinstance.py:1138} INFO - Marking task as SUCCESS. dag_id=1Success_dag, task_id=data_to_db, execution_date=20240304T000000, start_date=20240305T071225, end_date=20240305T071225
[2024-03-05T07:12:25.905+0000] {local_task_job_runner.py:234} INFO - Task exited with return code 0
[2024-03-05T07:12:25.925+0000] {taskinstance.py:3280} INFO - 1 downstream tasks scheduled from follow-on schedule check
