[2024-02-28T12:22:16.184+0000] {taskinstance.py:1956} INFO - Dependencies all met for dep_context=non-requeueable deps ti=<TaskInstance: 1Success_dag.data_to_db manual__2024-02-28T00:00:00+00:00 [queued]>
[2024-02-28T12:22:16.192+0000] {taskinstance.py:1956} INFO - Dependencies all met for dep_context=requeueable deps ti=<TaskInstance: 1Success_dag.data_to_db manual__2024-02-28T00:00:00+00:00 [queued]>
[2024-02-28T12:22:16.193+0000] {taskinstance.py:2170} INFO - Starting attempt 12 of 12
[2024-02-28T12:22:16.209+0000] {taskinstance.py:2191} INFO - Executing <Task(PythonOperator): data_to_db> on 2024-02-28 00:00:00+00:00
[2024-02-28T12:22:16.214+0000] {standard_task_runner.py:60} INFO - Started process 58 to run task
[2024-02-28T12:22:16.218+0000] {standard_task_runner.py:87} INFO - Running: ['***', 'tasks', 'run', '1Success_dag', 'data_to_db', 'manual__2024-02-28T00:00:00+00:00', '--job-id', '13679', '--raw', '--subdir', 'DAGS_FOLDER/success_dag.py', '--cfg-path', '/tmp/tmp3am6jeaj']
[2024-02-28T12:22:16.220+0000] {standard_task_runner.py:88} INFO - Job 13679: Subtask data_to_db
[2024-02-28T12:22:16.265+0000] {task_command.py:423} INFO - Running <TaskInstance: 1Success_dag.data_to_db manual__2024-02-28T00:00:00+00:00 [running]> on host 06573eafe810
[2024-02-28T12:22:16.347+0000] {taskinstance.py:2480} INFO - Exporting env vars: AIRFLOW_CTX_DAG_OWNER='***' AIRFLOW_CTX_DAG_ID='1Success_dag' AIRFLOW_CTX_TASK_ID='data_to_db' AIRFLOW_CTX_EXECUTION_DATE='2024-02-28T00:00:00+00:00' AIRFLOW_CTX_TRY_NUMBER='12' AIRFLOW_CTX_DAG_RUN_ID='manual__2024-02-28T00:00:00+00:00'
[2024-02-28T12:22:16.349+0000] {logging_mixin.py:188} INFO - /opt/***
[2024-02-28T12:22:16.358+0000] {base.py:83} INFO - Using connection ID 'postgres_localhost' for task execution.
[2024-02-28T12:22:16.378+0000] {success_dag.py:79} INFO -      City          dt  hour  temperature_c  pressure  is_rainy
0  Москва  2024-02-28     0             -3       757         0
1  Москва  2024-02-28     1             -3       756         0
2  Москва  2024-02-28     2             -3       756         0
3  Москва  2024-02-28     3             -3       757         0
4  Москва  2024-02-28     4             -4       756         0
[2024-02-28T12:22:16.387+0000] {success_dag.py:86} INFO - columns: City, dt, hour, temperature_c, pressure, is_rainy
[2024-02-28T12:22:16.388+0000] {success_dag.py:91} INFO - values: VALUES(%s,%s,%s,%s,%s,%s)
[2024-02-28T12:22:16.431+0000] {python.py:201} INFO - Done. Returned value was: None
[2024-02-28T12:22:16.442+0000] {taskinstance.py:1138} INFO - Marking task as SUCCESS. dag_id=1Success_dag, task_id=data_to_db, execution_date=20240228T000000, start_date=20240228T122216, end_date=20240228T122216
[2024-02-28T12:22:16.471+0000] {local_task_job_runner.py:234} INFO - Task exited with return code 0
[2024-02-28T12:22:16.491+0000] {taskinstance.py:3280} INFO - 1 downstream tasks scheduled from follow-on schedule check
