[2024-02-13T14:57:50.502+0000] {taskinstance.py:1956} INFO - Dependencies all met for dep_context=non-requeueable deps ti=<TaskInstance: Weather_DAG_V5.4.data_to_db scheduled__2024-02-13T14:51:00+00:00 [queued]>
[2024-02-13T14:57:50.523+0000] {taskinstance.py:1956} INFO - Dependencies all met for dep_context=requeueable deps ti=<TaskInstance: Weather_DAG_V5.4.data_to_db scheduled__2024-02-13T14:51:00+00:00 [queued]>
[2024-02-13T14:57:50.526+0000] {taskinstance.py:2170} INFO - Starting attempt 1 of 1
[2024-02-13T14:57:50.557+0000] {taskinstance.py:2191} INFO - Executing <Task(PythonOperator): data_to_db> on 2024-02-13 14:51:00+00:00
[2024-02-13T14:57:50.564+0000] {standard_task_runner.py:60} INFO - Started process 8139 to run task
[2024-02-13T14:57:50.571+0000] {standard_task_runner.py:87} INFO - Running: ['***', 'tasks', 'run', 'Weather_DAG_V5.4', 'data_to_db', 'scheduled__2024-02-13T14:51:00+00:00', '--job-id', '11726', '--raw', '--subdir', 'DAGS_FOLDER/Weather_dag.py', '--cfg-path', '/tmp/tmp9c3cyfhj']
[2024-02-13T14:57:50.573+0000] {standard_task_runner.py:88} INFO - Job 11726: Subtask data_to_db
[2024-02-13T14:57:50.648+0000] {task_command.py:423} INFO - Running <TaskInstance: Weather_DAG_V5.4.data_to_db scheduled__2024-02-13T14:51:00+00:00 [running]> on host 06573eafe810
[2024-02-13T14:57:50.782+0000] {taskinstance.py:2480} INFO - Exporting env vars: AIRFLOW_CTX_DAG_OWNER='***' AIRFLOW_CTX_DAG_ID='Weather_DAG_V5.4' AIRFLOW_CTX_TASK_ID='data_to_db' AIRFLOW_CTX_EXECUTION_DATE='2024-02-13T14:51:00+00:00' AIRFLOW_CTX_TRY_NUMBER='1' AIRFLOW_CTX_DAG_RUN_ID='scheduled__2024-02-13T14:51:00+00:00'
[2024-02-13T14:57:50.784+0000] {logging_mixin.py:188} INFO - /opt/***
[2024-02-13T14:57:50.795+0000] {base.py:83} INFO - Using connection ID 'postgres_localhost' for task execution.
[2024-02-13T14:57:50.811+0000] {Weather_dag.py:84} INFO - columns: City,dt,hour,temperature_c,pressure,is_rainy
[2024-02-13T14:57:50.812+0000] {Weather_dag.py:95} INFO - columns: City,dt,hour,temperature_c,pressure,is_rainy
[2024-02-13T14:57:50.813+0000] {Weather_dag.py:99} INFO - values: VALUES(%s,%s,%s,%s,%s,%s)
[2024-02-13T14:57:50.813+0000] {Weather_dag.py:103} INFO - type values: <class 'dict'>
[2024-02-13T14:57:50.814+0000] {Weather_dag.py:104} INFO - type insert_stmt: <class 'str'>
[2024-02-13T14:57:50.815+0000] {taskinstance.py:2698} ERROR - Task failed with exception
Traceback (most recent call last):
  File "/home/airflow/.local/lib/python3.8/site-packages/airflow/models/taskinstance.py", line 433, in _execute_task
    result = execute_callable(context=context, **execute_callable_kwargs)
  File "/home/airflow/.local/lib/python3.8/site-packages/airflow/operators/python.py", line 199, in execute
    return_value = self.execute_callable()
  File "/home/airflow/.local/lib/python3.8/site-packages/airflow/operators/python.py", line 216, in execute_callable
    return self.python_callable(*self.op_args, **self.op_kwargs)
  File "/opt/airflow/dags/Weather_dag.py", line 106, in csv_db
    psycopg2.extras.execute_batch(pCursor, insert_stmt, values_dict)
  File "/home/airflow/.local/lib/python3.8/site-packages/psycopg2/extras.py", line 1215, in execute_batch
    sqls = [cur.mogrify(sql, args) for args in page]
  File "/home/airflow/.local/lib/python3.8/site-packages/psycopg2/extras.py", line 1215, in <listcomp>
    sqls = [cur.mogrify(sql, args) for args in page]
IndexError: string index out of range
[2024-02-13T14:57:50.831+0000] {taskinstance.py:1138} INFO - Marking task as FAILED. dag_id=Weather_DAG_V5.4, task_id=data_to_db, execution_date=20240213T145100, start_date=20240213T145750, end_date=20240213T145750
[2024-02-13T14:57:50.852+0000] {standard_task_runner.py:107} ERROR - Failed to execute job 11726 for task data_to_db (string index out of range; 8139)
[2024-02-13T14:57:50.906+0000] {local_task_job_runner.py:234} INFO - Task exited with return code 1
[2024-02-13T14:57:50.927+0000] {taskinstance.py:3280} INFO - 0 downstream tasks scheduled from follow-on schedule check
