[2024-02-28T10:41:06.549+0000] {taskinstance.py:1956} INFO - Dependencies all met for dep_context=non-requeueable deps ti=<TaskInstance: 1Success_dag.create_db_schem manual__2024-02-28T00:00:00+00:00 [queued]>
[2024-02-28T10:41:06.558+0000] {taskinstance.py:1956} INFO - Dependencies all met for dep_context=requeueable deps ti=<TaskInstance: 1Success_dag.create_db_schem manual__2024-02-28T00:00:00+00:00 [queued]>
[2024-02-28T10:41:06.559+0000] {taskinstance.py:2170} INFO - Starting attempt 10 of 10
[2024-02-28T10:41:06.575+0000] {taskinstance.py:2191} INFO - Executing <Task(PostgresOperator): create_db_schem> on 2024-02-28 00:00:00+00:00
[2024-02-28T10:41:06.580+0000] {standard_task_runner.py:60} INFO - Started process 2724 to run task
[2024-02-28T10:41:06.583+0000] {standard_task_runner.py:87} INFO - Running: ['***', 'tasks', 'run', '1Success_dag', 'create_db_schem', 'manual__2024-02-28T00:00:00+00:00', '--job-id', '13662', '--raw', '--subdir', 'DAGS_FOLDER/success_dag.py', '--cfg-path', '/tmp/tmp6gnra73b']
[2024-02-28T10:41:06.584+0000] {standard_task_runner.py:88} INFO - Job 13662: Subtask create_db_schem
[2024-02-28T10:41:06.628+0000] {task_command.py:423} INFO - Running <TaskInstance: 1Success_dag.create_db_schem manual__2024-02-28T00:00:00+00:00 [running]> on host 06573eafe810
[2024-02-28T10:41:06.709+0000] {taskinstance.py:2480} INFO - Exporting env vars: AIRFLOW_CTX_DAG_OWNER='***' AIRFLOW_CTX_DAG_ID='1Success_dag' AIRFLOW_CTX_TASK_ID='create_db_schem' AIRFLOW_CTX_EXECUTION_DATE='2024-02-28T00:00:00+00:00' AIRFLOW_CTX_TRY_NUMBER='10' AIRFLOW_CTX_DAG_RUN_ID='manual__2024-02-28T00:00:00+00:00'
[2024-02-28T10:41:06.710+0000] {sql.py:276} INFO - Executing: 
        DROP TABLE weather_tab;
        CREATE TABLE weather_tab(
            id SERIAL PRIMARY KEY,
	        city varchar NULL,
	        dt date NULL,
	        hour int2 NULL,
	        temperature_c float8 NULL,
	        pressure float8 NULL,
	        is_rainy int NULL
    );
[2024-02-28T10:41:06.719+0000] {base.py:83} INFO - Using connection ID 'postgres_localhost' for task execution.
[2024-02-28T10:41:06.726+0000] {base.py:83} INFO - Using connection ID 'postgres_localhost' for task execution.
[2024-02-28T10:41:06.738+0000] {sql.py:450} INFO - Running statement: 
        DROP TABLE weather_tab;
        CREATE TABLE weather_tab(
            id SERIAL PRIMARY KEY,
	        city varchar NULL,
	        dt date NULL,
	        hour int2 NULL,
	        temperature_c float8 NULL,
	        pressure float8 NULL,
	        is_rainy int NULL
    );, parameters: None
[2024-02-28T10:41:06.795+0000] {taskinstance.py:1138} INFO - Marking task as SUCCESS. dag_id=1Success_dag, task_id=create_db_schem, execution_date=20240228T000000, start_date=20240228T104106, end_date=20240228T104106
[2024-02-28T10:41:06.836+0000] {local_task_job_runner.py:234} INFO - Task exited with return code 0
[2024-02-28T10:41:06.864+0000] {taskinstance.py:3280} INFO - 1 downstream tasks scheduled from follow-on schedule check
