[2024-02-22T09:21:06.489+0000] {taskinstance.py:1956} INFO - Dependencies all met for dep_context=non-requeueable deps ti=<TaskInstance: 1Success_dag.create_db_schem manual__2024-02-22T00:00:00+00:00 [queued]>
[2024-02-22T09:21:06.506+0000] {taskinstance.py:1956} INFO - Dependencies all met for dep_context=requeueable deps ti=<TaskInstance: 1Success_dag.create_db_schem manual__2024-02-22T00:00:00+00:00 [queued]>
[2024-02-22T09:21:06.507+0000] {taskinstance.py:2170} INFO - Starting attempt 21 of 21
[2024-02-22T09:21:06.527+0000] {taskinstance.py:2191} INFO - Executing <Task(PostgresOperator): create_db_schem> on 2024-02-22 00:00:00+00:00
[2024-02-22T09:21:06.534+0000] {standard_task_runner.py:60} INFO - Started process 18481 to run task
[2024-02-22T09:21:06.540+0000] {standard_task_runner.py:87} INFO - Running: ['***', 'tasks', 'run', '1Success_dag', 'create_db_schem', 'manual__2024-02-22T00:00:00+00:00', '--job-id', '13000', '--raw', '--subdir', 'DAGS_FOLDER/success_dag.py', '--cfg-path', '/tmp/tmpw43zy3b0']
[2024-02-22T09:21:06.542+0000] {standard_task_runner.py:88} INFO - Job 13000: Subtask create_db_schem
[2024-02-22T09:21:06.605+0000] {task_command.py:423} INFO - Running <TaskInstance: 1Success_dag.create_db_schem manual__2024-02-22T00:00:00+00:00 [running]> on host 06573eafe810
[2024-02-22T09:21:06.694+0000] {taskinstance.py:2480} INFO - Exporting env vars: AIRFLOW_CTX_DAG_OWNER='***' AIRFLOW_CTX_DAG_ID='1Success_dag' AIRFLOW_CTX_TASK_ID='create_db_schem' AIRFLOW_CTX_EXECUTION_DATE='2024-02-22T00:00:00+00:00' AIRFLOW_CTX_TRY_NUMBER='21' AIRFLOW_CTX_DAG_RUN_ID='manual__2024-02-22T00:00:00+00:00'
[2024-02-22T09:21:06.696+0000] {sql.py:276} INFO - Executing: 
        DROP TABLE weather_tab;
        CREATE TABLE weather_tab(
            id SERIAL PRIMARY KEY,
	        city varchar NULL,
	        dt date NULL,
	        hour int2 NULL,
	        temperature_c float8 NULL,
	        pressure float8 NULL,
	        is_rainy int NULL
    );
[2024-02-22T09:21:06.705+0000] {base.py:83} INFO - Using connection ID 'postgres_localhost' for task execution.
[2024-02-22T09:21:06.713+0000] {base.py:83} INFO - Using connection ID 'postgres_localhost' for task execution.
[2024-02-22T09:21:06.724+0000] {sql.py:450} INFO - Running statement: 
        DROP TABLE weather_tab;
        CREATE TABLE weather_tab(
            id SERIAL PRIMARY KEY,
	        city varchar NULL,
	        dt date NULL,
	        hour int2 NULL,
	        temperature_c float8 NULL,
	        pressure float8 NULL,
	        is_rainy int NULL
    );, parameters: None
[2024-02-22T09:21:06.769+0000] {taskinstance.py:1138} INFO - Marking task as SUCCESS. dag_id=1Success_dag, task_id=create_db_schem, execution_date=20240222T000000, start_date=20240222T092106, end_date=20240222T092106
[2024-02-22T09:21:06.830+0000] {local_task_job_runner.py:234} INFO - Task exited with return code 0
[2024-02-22T09:21:06.860+0000] {taskinstance.py:3280} INFO - 1 downstream tasks scheduled from follow-on schedule check
