[2024-02-08T11:06:05.173+0000] {taskinstance.py:1956} INFO - Dependencies all met for dep_context=non-requeueable deps ti=<TaskInstance: weather_dag.weather_csv scheduled__2024-02-08T11:01:00+00:00 [queued]>
[2024-02-08T11:06:05.183+0000] {taskinstance.py:1956} INFO - Dependencies all met for dep_context=requeueable deps ti=<TaskInstance: weather_dag.weather_csv scheduled__2024-02-08T11:01:00+00:00 [queued]>
[2024-02-08T11:06:05.184+0000] {taskinstance.py:2170} INFO - Starting attempt 1 of 2
[2024-02-08T11:06:05.200+0000] {taskinstance.py:2191} INFO - Executing <Task(PythonOperator): weather_csv> on 2024-02-08 11:01:00+00:00
[2024-02-08T11:06:05.206+0000] {standard_task_runner.py:60} INFO - Started process 2000 to run task
[2024-02-08T11:06:05.210+0000] {standard_task_runner.py:87} INFO - Running: ['***', 'tasks', 'run', 'weather_dag', 'weather_csv', 'scheduled__2024-02-08T11:01:00+00:00', '--job-id', '295', '--raw', '--subdir', 'DAGS_FOLDER/Weather_dag.py', '--cfg-path', '/tmp/tmpja1vcbvw']
[2024-02-08T11:06:05.211+0000] {standard_task_runner.py:88} INFO - Job 295: Subtask weather_csv
[2024-02-08T11:06:05.264+0000] {task_command.py:423} INFO - Running <TaskInstance: weather_dag.weather_csv scheduled__2024-02-08T11:01:00+00:00 [running]> on host 06573eafe810
[2024-02-08T11:06:05.349+0000] {taskinstance.py:2480} INFO - Exporting env vars: AIRFLOW_CTX_DAG_OWNER='***' AIRFLOW_CTX_DAG_ID='weather_dag' AIRFLOW_CTX_TASK_ID='weather_csv' AIRFLOW_CTX_EXECUTION_DATE='2024-02-08T11:01:00+00:00' AIRFLOW_CTX_TRY_NUMBER='1' AIRFLOW_CTX_DAG_RUN_ID='scheduled__2024-02-08T11:01:00+00:00'
[2024-02-08T11:06:05.358+0000] {python.py:201} INFO - Done. Returned value was: None
[2024-02-08T11:06:05.367+0000] {taskinstance.py:1138} INFO - Marking task as SUCCESS. dag_id=weather_dag, task_id=weather_csv, execution_date=20240208T110100, start_date=20240208T110605, end_date=20240208T110605
[2024-02-08T11:06:05.422+0000] {local_task_job_runner.py:234} INFO - Task exited with return code 0
[2024-02-08T11:06:05.439+0000] {taskinstance.py:3280} INFO - 0 downstream tasks scheduled from follow-on schedule check
[2024-02-08T11:56:34.724+0000] {taskinstance.py:1956} INFO - Dependencies all met for dep_context=non-requeueable deps ti=<TaskInstance: Weather_DAG.weather_csv scheduled__2024-02-08T11:01:00+00:00 [queued]>
[2024-02-08T11:56:34.812+0000] {taskinstance.py:1956} INFO - Dependencies all met for dep_context=requeueable deps ti=<TaskInstance: Weather_DAG.weather_csv scheduled__2024-02-08T11:01:00+00:00 [queued]>
[2024-02-08T11:56:34.813+0000] {taskinstance.py:2170} INFO - Starting attempt 1 of 2
[2024-02-08T11:56:34.959+0000] {taskinstance.py:2191} INFO - Executing <Task(PythonOperator): weather_csv> on 2024-02-08 11:01:00+00:00
[2024-02-08T11:56:34.976+0000] {standard_task_runner.py:60} INFO - Started process 2496 to run task
[2024-02-08T11:56:35.027+0000] {standard_task_runner.py:87} INFO - Running: ['***', 'tasks', 'run', 'Weather_DAG', 'weather_csv', 'scheduled__2024-02-08T11:01:00+00:00', '--job-id', '340', '--raw', '--subdir', 'DAGS_FOLDER/Weather_dag.py', '--cfg-path', '/tmp/tmpv7du9m7l']
[2024-02-08T11:56:35.044+0000] {standard_task_runner.py:88} INFO - Job 340: Subtask weather_csv
[2024-02-08T11:56:35.315+0000] {task_command.py:423} INFO - Running <TaskInstance: Weather_DAG.weather_csv scheduled__2024-02-08T11:01:00+00:00 [running]> on host 06573eafe810
[2024-02-08T11:56:35.828+0000] {taskinstance.py:2480} INFO - Exporting env vars: AIRFLOW_CTX_DAG_OWNER='***' AIRFLOW_CTX_DAG_ID='Weather_DAG' AIRFLOW_CTX_TASK_ID='weather_csv' AIRFLOW_CTX_EXECUTION_DATE='2024-02-08T11:01:00+00:00' AIRFLOW_CTX_TRY_NUMBER='1' AIRFLOW_CTX_DAG_RUN_ID='scheduled__2024-02-08T11:01:00+00:00'
[2024-02-08T11:56:35.873+0000] {python.py:201} INFO - Done. Returned value was: None
[2024-02-08T11:56:35.957+0000] {taskinstance.py:1138} INFO - Marking task as SUCCESS. dag_id=Weather_DAG, task_id=weather_csv, execution_date=20240208T110100, start_date=20240208T115634, end_date=20240208T115635
[2024-02-08T11:56:36.144+0000] {local_task_job_runner.py:234} INFO - Task exited with return code 0
[2024-02-08T11:56:36.235+0000] {taskinstance.py:3280} INFO - 0 downstream tasks scheduled from follow-on schedule check
