[2024-02-09T10:59:27.478+0000] {taskinstance.py:1956} INFO - Dependencies all met for dep_context=non-requeueable deps ti=<TaskInstance: Weather_DAG_V2.data_to_db scheduled__2024-02-09T02:01:00+00:00 [queued]>
[2024-02-09T10:59:27.597+0000] {taskinstance.py:1956} INFO - Dependencies all met for dep_context=requeueable deps ti=<TaskInstance: Weather_DAG_V2.data_to_db scheduled__2024-02-09T02:01:00+00:00 [queued]>
[2024-02-09T10:59:27.599+0000] {taskinstance.py:2170} INFO - Starting attempt 1 of 2
[2024-02-09T10:59:27.743+0000] {taskinstance.py:2191} INFO - Executing <Task(PythonOperator): data_to_db> on 2024-02-09 02:01:00+00:00
[2024-02-09T10:59:27.772+0000] {standard_task_runner.py:60} INFO - Started process 6247 to run task
[2024-02-09T10:59:27.846+0000] {standard_task_runner.py:87} INFO - Running: ['***', 'tasks', 'run', 'Weather_DAG_V2', 'data_to_db', 'scheduled__2024-02-09T02:01:00+00:00', '--job-id', '2270', '--raw', '--subdir', 'DAGS_FOLDER/Weather_dag.py', '--cfg-path', '/tmp/tmpw2jdfts2']
[2024-02-09T10:59:27.906+0000] {standard_task_runner.py:88} INFO - Job 2270: Subtask data_to_db
[2024-02-09T10:59:28.278+0000] {task_command.py:423} INFO - Running <TaskInstance: Weather_DAG_V2.data_to_db scheduled__2024-02-09T02:01:00+00:00 [running]> on host 06573eafe810
[2024-02-09T10:59:28.748+0000] {taskinstance.py:2480} INFO - Exporting env vars: AIRFLOW_CTX_DAG_OWNER='***' AIRFLOW_CTX_DAG_ID='Weather_DAG_V2' AIRFLOW_CTX_TASK_ID='data_to_db' AIRFLOW_CTX_EXECUTION_DATE='2024-02-09T02:01:00+00:00' AIRFLOW_CTX_TRY_NUMBER='1' AIRFLOW_CTX_DAG_RUN_ID='scheduled__2024-02-09T02:01:00+00:00'
[2024-02-09T10:59:28.823+0000] {taskinstance.py:2698} ERROR - Task failed with exception
Traceback (most recent call last):
  File "/home/airflow/.local/lib/python3.8/site-packages/airflow/models/taskinstance.py", line 433, in _execute_task
    result = execute_callable(context=context, **execute_callable_kwargs)
  File "/home/airflow/.local/lib/python3.8/site-packages/airflow/operators/python.py", line 199, in execute
    return_value = self.execute_callable()
  File "/home/airflow/.local/lib/python3.8/site-packages/airflow/operators/python.py", line 216, in execute_callable
    return self.python_callable(*self.op_args, **self.op_kwargs)
  File "/opt/airflow/dags/Weather_dag.py", line 72, in csv_db
    PostgresHook.bulk_load(table=weather_tab, tmp_file=CSV_DATA)
NameError: name 'weather_tab' is not defined
[2024-02-09T10:59:28.860+0000] {taskinstance.py:1138} INFO - Marking task as UP_FOR_RETRY. dag_id=Weather_DAG_V2, task_id=data_to_db, execution_date=20240209T020100, start_date=20240209T105927, end_date=20240209T105928
[2024-02-09T10:59:28.996+0000] {standard_task_runner.py:107} ERROR - Failed to execute job 2270 for task data_to_db (name 'weather_tab' is not defined; 6247)
[2024-02-09T10:59:29.125+0000] {local_task_job_runner.py:234} INFO - Task exited with return code 1
[2024-02-09T10:59:29.173+0000] {taskinstance.py:3280} INFO - 0 downstream tasks scheduled from follow-on schedule check
