[2024-02-12T08:57:08.793+0000] {taskinstance.py:1956} INFO - Dependencies all met for dep_context=non-requeueable deps ti=<TaskInstance: Weather_DAG_V3.8.data_to_db scheduled__2024-02-12T01:31:00+00:00 [queued]>
[2024-02-12T08:57:08.951+0000] {taskinstance.py:1956} INFO - Dependencies all met for dep_context=requeueable deps ti=<TaskInstance: Weather_DAG_V3.8.data_to_db scheduled__2024-02-12T01:31:00+00:00 [queued]>
[2024-02-12T08:57:08.952+0000] {taskinstance.py:2170} INFO - Starting attempt 1 of 1
[2024-02-12T08:57:09.088+0000] {taskinstance.py:2191} INFO - Executing <Task(PythonOperator): data_to_db> on 2024-02-12 01:31:00+00:00
[2024-02-12T08:57:09.143+0000] {standard_task_runner.py:60} INFO - Started process 2135 to run task
[2024-02-12T08:57:09.162+0000] {standard_task_runner.py:87} INFO - Running: ['***', 'tasks', 'run', 'Weather_DAG_V3.8', 'data_to_db', 'scheduled__2024-02-12T01:31:00+00:00', '--job-id', '6187', '--raw', '--subdir', 'DAGS_FOLDER/Weather_dag.py', '--cfg-path', '/tmp/tmp54jr5zmw']
[2024-02-12T08:57:09.170+0000] {standard_task_runner.py:88} INFO - Job 6187: Subtask data_to_db
[2024-02-12T08:57:09.385+0000] {task_command.py:423} INFO - Running <TaskInstance: Weather_DAG_V3.8.data_to_db scheduled__2024-02-12T01:31:00+00:00 [running]> on host 06573eafe810
[2024-02-12T08:57:09.706+0000] {taskinstance.py:2480} INFO - Exporting env vars: AIRFLOW_CTX_DAG_OWNER='***' AIRFLOW_CTX_DAG_ID='Weather_DAG_V3.8' AIRFLOW_CTX_TASK_ID='data_to_db' AIRFLOW_CTX_EXECUTION_DATE='2024-02-12T01:31:00+00:00' AIRFLOW_CTX_TRY_NUMBER='1' AIRFLOW_CTX_DAG_RUN_ID='scheduled__2024-02-12T01:31:00+00:00'
[2024-02-12T08:57:09.749+0000] {taskinstance.py:2698} ERROR - Task failed with exception
Traceback (most recent call last):
  File "/home/airflow/.local/lib/python3.8/site-packages/airflow/models/taskinstance.py", line 433, in _execute_task
    result = execute_callable(context=context, **execute_callable_kwargs)
  File "/home/airflow/.local/lib/python3.8/site-packages/airflow/operators/python.py", line 199, in execute
    return_value = self.execute_callable()
  File "/home/airflow/.local/lib/python3.8/site-packages/airflow/operators/python.py", line 216, in execute_callable
    return self.python_callable(*self.op_args, **self.op_kwargs)
  File "/opt/airflow/dags/Weather_dag.py", line 73, in csv_db
    hook.bulk_load(tmp_file=file_name)
TypeError: bulk_load() missing 1 required positional argument: 'tmp_file'
[2024-02-12T08:57:09.810+0000] {taskinstance.py:1138} INFO - Marking task as FAILED. dag_id=Weather_DAG_V3.8, task_id=data_to_db, execution_date=20240212T013100, start_date=20240212T085708, end_date=20240212T085709
[2024-02-12T08:57:09.894+0000] {standard_task_runner.py:107} ERROR - Failed to execute job 6187 for task data_to_db (bulk_load() missing 1 required positional argument: 'tmp_file'; 2135)
[2024-02-12T08:57:09.991+0000] {local_task_job_runner.py:234} INFO - Task exited with return code 1
[2024-02-12T08:57:10.020+0000] {taskinstance.py:3280} INFO - 0 downstream tasks scheduled from follow-on schedule check
