[2024-02-12T09:03:37.366+0000] {taskinstance.py:1956} INFO - Dependencies all met for dep_context=non-requeueable deps ti=<TaskInstance: Weather_DAG_V3.11.data_to_db scheduled__2024-02-12T01:36:00+00:00 [queued]>
[2024-02-12T09:03:37.532+0000] {taskinstance.py:1956} INFO - Dependencies all met for dep_context=requeueable deps ti=<TaskInstance: Weather_DAG_V3.11.data_to_db scheduled__2024-02-12T01:36:00+00:00 [queued]>
[2024-02-12T09:03:37.538+0000] {taskinstance.py:2170} INFO - Starting attempt 1 of 1
[2024-02-12T09:03:37.722+0000] {taskinstance.py:2191} INFO - Executing <Task(PythonOperator): data_to_db> on 2024-02-12 01:36:00+00:00
[2024-02-12T09:03:37.751+0000] {standard_task_runner.py:60} INFO - Started process 3024 to run task
[2024-02-12T09:03:37.803+0000] {standard_task_runner.py:87} INFO - Running: ['***', 'tasks', 'run', 'Weather_DAG_V3.11', 'data_to_db', 'scheduled__2024-02-12T01:36:00+00:00', '--job-id', '6452', '--raw', '--subdir', 'DAGS_FOLDER/Weather_dag.py', '--cfg-path', '/tmp/tmpaatq4v8m']
[2024-02-12T09:03:37.824+0000] {standard_task_runner.py:88} INFO - Job 6452: Subtask data_to_db
[2024-02-12T09:03:38.200+0000] {task_command.py:423} INFO - Running <TaskInstance: Weather_DAG_V3.11.data_to_db scheduled__2024-02-12T01:36:00+00:00 [running]> on host 06573eafe810
[2024-02-12T09:03:38.829+0000] {taskinstance.py:2480} INFO - Exporting env vars: AIRFLOW_CTX_DAG_OWNER='***' AIRFLOW_CTX_DAG_ID='Weather_DAG_V3.11' AIRFLOW_CTX_TASK_ID='data_to_db' AIRFLOW_CTX_EXECUTION_DATE='2024-02-12T01:36:00+00:00' AIRFLOW_CTX_TRY_NUMBER='1' AIRFLOW_CTX_DAG_RUN_ID='scheduled__2024-02-12T01:36:00+00:00'
[2024-02-12T09:03:38.893+0000] {postgres.py:172} INFO - Running copy expert: COPY weather_tab FROM STDIN, filename: weather.csv
[2024-02-12T09:03:39.006+0000] {base.py:83} INFO - Using connection ID 'postgres_localhost' for task execution.
[2024-02-12T09:03:39.048+0000] {taskinstance.py:2698} ERROR - Task failed with exception
Traceback (most recent call last):
  File "/home/airflow/.local/lib/python3.8/site-packages/airflow/models/taskinstance.py", line 433, in _execute_task
    result = execute_callable(context=context, **execute_callable_kwargs)
  File "/home/airflow/.local/lib/python3.8/site-packages/airflow/operators/python.py", line 199, in execute
    return_value = self.execute_callable()
  File "/home/airflow/.local/lib/python3.8/site-packages/airflow/operators/python.py", line 216, in execute_callable
    return self.python_callable(*self.op_args, **self.op_kwargs)
  File "/opt/airflow/dags/Weather_dag.py", line 76, in csv_db
    hook.bulk_load(tmp_file=file_name, table='weather_tab')
  File "/home/airflow/.local/lib/python3.8/site-packages/airflow/providers/postgres/hooks/postgres.py", line 194, in bulk_load
    self.copy_expert(f"COPY {table} FROM STDIN", tmp_file)
  File "/home/airflow/.local/lib/python3.8/site-packages/airflow/providers/postgres/hooks/postgres.py", line 178, in copy_expert
    cur.copy_expert(sql, file)
psycopg2.errors.InvalidTextRepresentation: invalid input syntax for type integer: ",0,1,2,3,4,5,6,7,8,9,10,11,12,13,14,15,16,17,18,19,20,21,22"
CONTEXT:  COPY weather_tab, line 1, column id: ",0,1,2,3,4,5,6,7,8,9,10,11,12,13,14,15,16,17,18,19,20,21,22"

[2024-02-12T09:03:39.091+0000] {taskinstance.py:1138} INFO - Marking task as FAILED. dag_id=Weather_DAG_V3.11, task_id=data_to_db, execution_date=20240212T013600, start_date=20240212T090337, end_date=20240212T090339
[2024-02-12T09:03:39.187+0000] {standard_task_runner.py:107} ERROR - Failed to execute job 6452 for task data_to_db (invalid input syntax for type integer: ",0,1,2,3,4,5,6,7,8,9,10,11,12,13,14,15,16,17,18,19,20,21,22"
CONTEXT:  COPY weather_tab, line 1, column id: ",0,1,2,3,4,5,6,7,8,9,10,11,12,13,14,15,16,17,18,19,20,21,22"
; 3024)
[2024-02-12T09:03:39.283+0000] {local_task_job_runner.py:234} INFO - Task exited with return code 1
[2024-02-12T09:03:39.359+0000] {taskinstance.py:3280} INFO - 0 downstream tasks scheduled from follow-on schedule check
