[2024-02-09T11:00:30.215+0000] {taskinstance.py:1956} INFO - Dependencies all met for dep_context=non-requeueable deps ti=<TaskInstance: Weather_DAG_V2.data_to_db scheduled__2024-02-09T02:36:00+00:00 [queued]>
[2024-02-09T11:00:30.239+0000] {taskinstance.py:1956} INFO - Dependencies all met for dep_context=requeueable deps ti=<TaskInstance: Weather_DAG_V2.data_to_db scheduled__2024-02-09T02:36:00+00:00 [queued]>
[2024-02-09T11:00:30.240+0000] {taskinstance.py:2170} INFO - Starting attempt 2 of 2
[2024-02-09T11:00:30.305+0000] {taskinstance.py:2191} INFO - Executing <Task(PythonOperator): data_to_db> on 2024-02-09 02:36:00+00:00
[2024-02-09T11:00:30.313+0000] {standard_task_runner.py:60} INFO - Started process 6326 to run task
[2024-02-09T11:00:30.349+0000] {standard_task_runner.py:87} INFO - Running: ['***', 'tasks', 'run', 'Weather_DAG_V2', 'data_to_db', 'scheduled__2024-02-09T02:36:00+00:00', '--job-id', '2294', '--raw', '--subdir', 'DAGS_FOLDER/Weather_dag.py', '--cfg-path', '/tmp/tmp32q3_44h']
[2024-02-09T11:00:30.357+0000] {standard_task_runner.py:88} INFO - Job 2294: Subtask data_to_db
[2024-02-09T11:00:30.562+0000] {task_command.py:423} INFO - Running <TaskInstance: Weather_DAG_V2.data_to_db scheduled__2024-02-09T02:36:00+00:00 [running]> on host 06573eafe810
[2024-02-09T11:00:31.101+0000] {taskinstance.py:2480} INFO - Exporting env vars: AIRFLOW_CTX_DAG_OWNER='***' AIRFLOW_CTX_DAG_ID='Weather_DAG_V2' AIRFLOW_CTX_TASK_ID='data_to_db' AIRFLOW_CTX_EXECUTION_DATE='2024-02-09T02:36:00+00:00' AIRFLOW_CTX_TRY_NUMBER='2' AIRFLOW_CTX_DAG_RUN_ID='scheduled__2024-02-09T02:36:00+00:00'
[2024-02-09T11:00:31.136+0000] {taskinstance.py:2698} ERROR - Task failed with exception
Traceback (most recent call last):
  File "/home/airflow/.local/lib/python3.8/site-packages/airflow/models/taskinstance.py", line 433, in _execute_task
    result = execute_callable(context=context, **execute_callable_kwargs)
  File "/home/airflow/.local/lib/python3.8/site-packages/airflow/operators/python.py", line 199, in execute
    return_value = self.execute_callable()
  File "/home/airflow/.local/lib/python3.8/site-packages/airflow/operators/python.py", line 216, in execute_callable
    return self.python_callable(*self.op_args, **self.op_kwargs)
  File "/opt/airflow/dags/Weather_dag.py", line 72, in csv_db
    PostgresHook.bulk_load(table=weather_tab, tmp_file=CSV_DATA)
NameError: name 'weather_tab' is not defined
[2024-02-09T11:00:31.226+0000] {taskinstance.py:1138} INFO - Marking task as FAILED. dag_id=Weather_DAG_V2, task_id=data_to_db, execution_date=20240209T023600, start_date=20240209T110030, end_date=20240209T110031
[2024-02-09T11:00:31.361+0000] {standard_task_runner.py:107} ERROR - Failed to execute job 2294 for task data_to_db (name 'weather_tab' is not defined; 6326)
[2024-02-09T11:00:31.487+0000] {local_task_job_runner.py:234} INFO - Task exited with return code 1
[2024-02-09T11:00:31.851+0000] {taskinstance.py:3280} INFO - 0 downstream tasks scheduled from follow-on schedule check
