[2024-02-08T10:56:04.639+0000] {taskinstance.py:1956} INFO - Dependencies all met for dep_context=non-requeueable deps ti=<TaskInstance: weather_dag.weather_csv scheduled__2024-02-08T10:51:00+00:00 [queued]>
[2024-02-08T10:56:04.649+0000] {taskinstance.py:1956} INFO - Dependencies all met for dep_context=requeueable deps ti=<TaskInstance: weather_dag.weather_csv scheduled__2024-02-08T10:51:00+00:00 [queued]>
[2024-02-08T10:56:04.650+0000] {taskinstance.py:2170} INFO - Starting attempt 1 of 2
[2024-02-08T10:56:04.668+0000] {taskinstance.py:2191} INFO - Executing <Task(PythonOperator): weather_csv> on 2024-02-08 10:51:00+00:00
[2024-02-08T10:56:04.675+0000] {standard_task_runner.py:60} INFO - Started process 1846 to run task
[2024-02-08T10:56:04.678+0000] {standard_task_runner.py:87} INFO - Running: ['***', 'tasks', 'run', 'weather_dag', 'weather_csv', 'scheduled__2024-02-08T10:51:00+00:00', '--job-id', '291', '--raw', '--subdir', 'DAGS_FOLDER/Weather_dag.py', '--cfg-path', '/tmp/tmpfx9xdqvf']
[2024-02-08T10:56:04.680+0000] {standard_task_runner.py:88} INFO - Job 291: Subtask weather_csv
[2024-02-08T10:56:04.732+0000] {task_command.py:423} INFO - Running <TaskInstance: weather_dag.weather_csv scheduled__2024-02-08T10:51:00+00:00 [running]> on host 06573eafe810
[2024-02-08T10:56:04.822+0000] {taskinstance.py:2480} INFO - Exporting env vars: AIRFLOW_CTX_DAG_OWNER='***' AIRFLOW_CTX_DAG_ID='weather_dag' AIRFLOW_CTX_TASK_ID='weather_csv' AIRFLOW_CTX_EXECUTION_DATE='2024-02-08T10:51:00+00:00' AIRFLOW_CTX_TRY_NUMBER='1' AIRFLOW_CTX_DAG_RUN_ID='scheduled__2024-02-08T10:51:00+00:00'
[2024-02-08T10:56:04.830+0000] {python.py:201} INFO - Done. Returned value was: None
[2024-02-08T10:56:04.839+0000] {taskinstance.py:1138} INFO - Marking task as SUCCESS. dag_id=weather_dag, task_id=weather_csv, execution_date=20240208T105100, start_date=20240208T105604, end_date=20240208T105604
[2024-02-08T10:56:04.891+0000] {local_task_job_runner.py:234} INFO - Task exited with return code 0
[2024-02-08T10:56:04.909+0000] {taskinstance.py:3280} INFO - 0 downstream tasks scheduled from follow-on schedule check
[2024-02-08T11:56:29.907+0000] {taskinstance.py:1956} INFO - Dependencies all met for dep_context=non-requeueable deps ti=<TaskInstance: Weather_DAG.weather_csv scheduled__2024-02-08T10:51:00+00:00 [queued]>
[2024-02-08T11:56:29.976+0000] {taskinstance.py:1956} INFO - Dependencies all met for dep_context=requeueable deps ti=<TaskInstance: Weather_DAG.weather_csv scheduled__2024-02-08T10:51:00+00:00 [queued]>
[2024-02-08T11:56:29.976+0000] {taskinstance.py:2170} INFO - Starting attempt 1 of 2
[2024-02-08T11:56:30.288+0000] {taskinstance.py:2191} INFO - Executing <Task(PythonOperator): weather_csv> on 2024-02-08 10:51:00+00:00
[2024-02-08T11:56:30.365+0000] {standard_task_runner.py:60} INFO - Started process 2489 to run task
[2024-02-08T11:56:30.482+0000] {standard_task_runner.py:87} INFO - Running: ['***', 'tasks', 'run', 'Weather_DAG', 'weather_csv', 'scheduled__2024-02-08T10:51:00+00:00', '--job-id', '335', '--raw', '--subdir', 'DAGS_FOLDER/Weather_dag.py', '--cfg-path', '/tmp/tmpw2fn5nih']
[2024-02-08T11:56:30.489+0000] {standard_task_runner.py:88} INFO - Job 335: Subtask weather_csv
[2024-02-08T11:56:30.956+0000] {task_command.py:423} INFO - Running <TaskInstance: Weather_DAG.weather_csv scheduled__2024-02-08T10:51:00+00:00 [running]> on host 06573eafe810
[2024-02-08T11:56:31.754+0000] {taskinstance.py:2480} INFO - Exporting env vars: AIRFLOW_CTX_DAG_OWNER='***' AIRFLOW_CTX_DAG_ID='Weather_DAG' AIRFLOW_CTX_TASK_ID='weather_csv' AIRFLOW_CTX_EXECUTION_DATE='2024-02-08T10:51:00+00:00' AIRFLOW_CTX_TRY_NUMBER='1' AIRFLOW_CTX_DAG_RUN_ID='scheduled__2024-02-08T10:51:00+00:00'
[2024-02-08T11:56:31.823+0000] {python.py:201} INFO - Done. Returned value was: None
[2024-02-08T11:56:31.923+0000] {taskinstance.py:1138} INFO - Marking task as SUCCESS. dag_id=Weather_DAG, task_id=weather_csv, execution_date=20240208T105100, start_date=20240208T115629, end_date=20240208T115631
[2024-02-08T11:56:32.077+0000] {local_task_job_runner.py:234} INFO - Task exited with return code 0
[2024-02-08T11:56:32.128+0000] {taskinstance.py:3280} INFO - 0 downstream tasks scheduled from follow-on schedule check
