[2024-02-09T10:25:44.644+0000] {taskinstance.py:1956} INFO - Dependencies all met for dep_context=non-requeueable deps ti=<TaskInstance: Weather_DAG_V2.data_to_db scheduled__2024-02-09T00:26:00+00:00 [queued]>
[2024-02-09T10:25:44.664+0000] {taskinstance.py:1956} INFO - Dependencies all met for dep_context=requeueable deps ti=<TaskInstance: Weather_DAG_V2.data_to_db scheduled__2024-02-09T00:26:00+00:00 [queued]>
[2024-02-09T10:25:44.682+0000] {taskinstance.py:2170} INFO - Starting attempt 1 of 2
[2024-02-09T10:25:44.716+0000] {taskinstance.py:2191} INFO - Executing <Task(PythonOperator): data_to_db> on 2024-02-09 00:26:00+00:00
[2024-02-09T10:25:44.745+0000] {standard_task_runner.py:60} INFO - Started process 5512 to run task
[2024-02-09T10:25:44.764+0000] {standard_task_runner.py:87} INFO - Running: ['***', 'tasks', 'run', 'Weather_DAG_V2', 'data_to_db', 'scheduled__2024-02-09T00:26:00+00:00', '--job-id', '2187', '--raw', '--subdir', 'DAGS_FOLDER/Weather_dag.py', '--cfg-path', '/tmp/tmp_tu0t9nd']
[2024-02-09T10:25:44.774+0000] {standard_task_runner.py:88} INFO - Job 2187: Subtask data_to_db
[2024-02-09T10:25:44.913+0000] {task_command.py:423} INFO - Running <TaskInstance: Weather_DAG_V2.data_to_db scheduled__2024-02-09T00:26:00+00:00 [running]> on host 06573eafe810
[2024-02-09T10:25:45.084+0000] {taskinstance.py:2480} INFO - Exporting env vars: AIRFLOW_CTX_DAG_OWNER='***' AIRFLOW_CTX_DAG_ID='Weather_DAG_V2' AIRFLOW_CTX_TASK_ID='data_to_db' AIRFLOW_CTX_EXECUTION_DATE='2024-02-09T00:26:00+00:00' AIRFLOW_CTX_TRY_NUMBER='1' AIRFLOW_CTX_DAG_RUN_ID='scheduled__2024-02-09T00:26:00+00:00'
[2024-02-09T10:25:45.106+0000] {taskinstance.py:2698} ERROR - Task failed with exception
Traceback (most recent call last):
  File "/home/airflow/.local/lib/python3.8/site-packages/airflow/models/taskinstance.py", line 433, in _execute_task
    result = execute_callable(context=context, **execute_callable_kwargs)
  File "/home/airflow/.local/lib/python3.8/site-packages/airflow/operators/python.py", line 199, in execute
    return_value = self.execute_callable()
  File "/home/airflow/.local/lib/python3.8/site-packages/airflow/operators/python.py", line 216, in execute_callable
    return self.python_callable(*self.op_args, **self.op_kwargs)
  File "/opt/airflow/dags/Weather_dag.py", line 72, in csv_db
    PostgresHook.bulk_load(table=weather_tab, tmp_file=CSV_DATA)
NameError: name 'weather_tab' is not defined
[2024-02-09T10:25:45.145+0000] {taskinstance.py:1138} INFO - Marking task as UP_FOR_RETRY. dag_id=Weather_DAG_V2, task_id=data_to_db, execution_date=20240209T002600, start_date=20240209T102544, end_date=20240209T102545
[2024-02-09T10:25:45.191+0000] {standard_task_runner.py:107} ERROR - Failed to execute job 2187 for task data_to_db (name 'weather_tab' is not defined; 5512)
[2024-02-09T10:25:45.247+0000] {local_task_job_runner.py:234} INFO - Task exited with return code 1
[2024-02-09T10:25:45.314+0000] {taskinstance.py:3280} INFO - 0 downstream tasks scheduled from follow-on schedule check
