[2024-02-13T10:56:01.446+0000] {taskinstance.py:1956} INFO - Dependencies all met for dep_context=non-requeueable deps ti=<TaskInstance: 1Training_DAG_V1.0.get_weather scheduled__2024-02-13T10:51:00+00:00 [queued]>
[2024-02-13T10:56:01.455+0000] {taskinstance.py:1956} INFO - Dependencies all met for dep_context=requeueable deps ti=<TaskInstance: 1Training_DAG_V1.0.get_weather scheduled__2024-02-13T10:51:00+00:00 [queued]>
[2024-02-13T10:56:01.455+0000] {taskinstance.py:2170} INFO - Starting attempt 1 of 1
[2024-02-13T10:56:01.476+0000] {taskinstance.py:2191} INFO - Executing <Task(PythonOperator): get_weather> on 2024-02-13 10:51:00+00:00
[2024-02-13T10:56:01.482+0000] {standard_task_runner.py:60} INFO - Started process 3648 to run task
[2024-02-13T10:56:01.486+0000] {standard_task_runner.py:87} INFO - Running: ['***', 'tasks', 'run', '1Training_DAG_V1.0', 'get_weather', 'scheduled__2024-02-13T10:51:00+00:00', '--job-id', '11330', '--raw', '--subdir', 'DAGS_FOLDER/traning_dag.py', '--cfg-path', '/tmp/tmp11_92hf4']
[2024-02-13T10:56:01.488+0000] {standard_task_runner.py:88} INFO - Job 11330: Subtask get_weather
[2024-02-13T10:56:01.548+0000] {task_command.py:423} INFO - Running <TaskInstance: 1Training_DAG_V1.0.get_weather scheduled__2024-02-13T10:51:00+00:00 [running]> on host 06573eafe810
[2024-02-13T10:56:01.644+0000] {taskinstance.py:2480} INFO - Exporting env vars: AIRFLOW_CTX_DAG_OWNER='***' AIRFLOW_CTX_DAG_ID='1Training_DAG_V1.0' AIRFLOW_CTX_TASK_ID='get_weather' AIRFLOW_CTX_EXECUTION_DATE='2024-02-13T10:51:00+00:00' AIRFLOW_CTX_TRY_NUMBER='1' AIRFLOW_CTX_DAG_RUN_ID='scheduled__2024-02-13T10:51:00+00:00'
[2024-02-13T10:56:01.646+0000] {logging_mixin.py:188} INFO - lower
[2024-02-13T10:56:01.647+0000] {logging_mixin.py:188} INFO - /opt/***/dags
[2024-02-13T10:56:01.647+0000] {logging_mixin.py:188} INFO - upper
[2024-02-13T10:56:01.655+0000] {logging_mixin.py:188} INFO - <bound method IndexOpsMixin.tolist of Москва            Москва
2024-02-12    2024-02-12
0                      1
-5                    -6
748                  747
1                      0
Name: 0, dtype: object>
[2024-02-13T10:56:01.656+0000] {python.py:201} INFO - Done. Returned value was: None
[2024-02-13T10:56:01.665+0000] {taskinstance.py:1138} INFO - Marking task as SUCCESS. dag_id=1Training_DAG_V1.0, task_id=get_weather, execution_date=20240213T105100, start_date=20240213T105601, end_date=20240213T105601
[2024-02-13T10:56:01.699+0000] {local_task_job_runner.py:234} INFO - Task exited with return code 0
[2024-02-13T10:56:01.731+0000] {taskinstance.py:3280} INFO - 1 downstream tasks scheduled from follow-on schedule check
