[2024-02-09T14:32:38.364+0000] {taskinstance.py:1956} INFO - Dependencies all met for dep_context=non-requeueable deps ti=<TaskInstance: Weather_DAG_V3.4.get_weather scheduled__2024-02-09T00:01:00+00:00 [queued]>
[2024-02-09T14:32:38.451+0000] {taskinstance.py:1956} INFO - Dependencies all met for dep_context=requeueable deps ti=<TaskInstance: Weather_DAG_V3.4.get_weather scheduled__2024-02-09T00:01:00+00:00 [queued]>
[2024-02-09T14:32:38.455+0000] {taskinstance.py:2170} INFO - Starting attempt 1 of 2
[2024-02-09T14:32:38.600+0000] {taskinstance.py:2191} INFO - Executing <Task(PythonOperator): get_weather> on 2024-02-09 00:01:00+00:00
[2024-02-09T14:32:38.705+0000] {standard_task_runner.py:87} INFO - Running: ['***', 'tasks', 'run', 'Weather_DAG_V3.4', 'get_weather', 'scheduled__2024-02-09T00:01:00+00:00', '--job-id', '5891', '--raw', '--subdir', 'DAGS_FOLDER/Weather_dag.py', '--cfg-path', '/tmp/tmpenyc86q3']
[2024-02-09T14:32:38.669+0000] {standard_task_runner.py:60} INFO - Started process 20201 to run task
[2024-02-09T14:32:38.732+0000] {standard_task_runner.py:88} INFO - Job 5891: Subtask get_weather
[2024-02-09T14:32:39.057+0000] {task_command.py:423} INFO - Running <TaskInstance: Weather_DAG_V3.4.get_weather scheduled__2024-02-09T00:01:00+00:00 [running]> on host 06573eafe810
[2024-02-09T14:32:39.495+0000] {taskinstance.py:2480} INFO - Exporting env vars: AIRFLOW_CTX_DAG_OWNER='***' AIRFLOW_CTX_DAG_ID='Weather_DAG_V3.4' AIRFLOW_CTX_TASK_ID='get_weather' AIRFLOW_CTX_EXECUTION_DATE='2024-02-09T00:01:00+00:00' AIRFLOW_CTX_TRY_NUMBER='1' AIRFLOW_CTX_DAG_RUN_ID='scheduled__2024-02-09T00:01:00+00:00'
[2024-02-09T14:32:39.798+0000] {taskinstance.py:2698} ERROR - Task failed with exception
Traceback (most recent call last):
  File "/home/airflow/.local/lib/python3.8/site-packages/airflow/models/taskinstance.py", line 433, in _execute_task
    result = execute_callable(context=context, **execute_callable_kwargs)
  File "/home/airflow/.local/lib/python3.8/site-packages/airflow/operators/python.py", line 199, in execute
    return_value = self.execute_callable()
  File "/home/airflow/.local/lib/python3.8/site-packages/airflow/operators/python.py", line 216, in execute_callable
    return self.python_callable(*self.op_args, **self.op_kwargs)
  File "/opt/airflow/dags/Weather_dag.py", line 45, in get_weather
    for i in range(len(weather_data['forecasts'])):
KeyError: 'forecasts'
[2024-02-09T14:32:39.810+0000] {taskinstance.py:1138} INFO - Marking task as UP_FOR_RETRY. dag_id=Weather_DAG_V3.4, task_id=get_weather, execution_date=20240209T000100, start_date=20240209T143238, end_date=20240209T143239
[2024-02-09T14:32:39.866+0000] {standard_task_runner.py:107} ERROR - Failed to execute job 5891 for task get_weather ('forecasts'; 20201)
[2024-02-09T14:32:39.895+0000] {local_task_job_runner.py:234} INFO - Task exited with return code 1
[2024-02-09T14:32:39.976+0000] {taskinstance.py:3280} INFO - 0 downstream tasks scheduled from follow-on schedule check
