[2024-02-09T12:43:03.538+0000] {taskinstance.py:1956} INFO - Dependencies all met for dep_context=non-requeueable deps ti=<TaskInstance: Weather_DAG_V2.4.data_to_db scheduled__2024-02-09T05:16:00+00:00 [queued]>
[2024-02-09T12:43:03.548+0000] {taskinstance.py:1956} INFO - Dependencies all met for dep_context=requeueable deps ti=<TaskInstance: Weather_DAG_V2.4.data_to_db scheduled__2024-02-09T05:16:00+00:00 [queued]>
[2024-02-09T12:43:03.549+0000] {taskinstance.py:2170} INFO - Starting attempt 2 of 2
[2024-02-09T12:43:03.576+0000] {taskinstance.py:2191} INFO - Executing <Task(PythonOperator): data_to_db> on 2024-02-09 05:16:00+00:00
[2024-02-09T12:43:03.582+0000] {standard_task_runner.py:60} INFO - Started process 12015 to run task
[2024-02-09T12:43:03.594+0000] {standard_task_runner.py:87} INFO - Running: ['***', 'tasks', 'run', 'Weather_DAG_V2.4', 'data_to_db', 'scheduled__2024-02-09T05:16:00+00:00', '--job-id', '3691', '--raw', '--subdir', 'DAGS_FOLDER/Weather_dag.py', '--cfg-path', '/tmp/tmpa9izi1ou']
[2024-02-09T12:43:03.597+0000] {standard_task_runner.py:88} INFO - Job 3691: Subtask data_to_db
[2024-02-09T12:43:03.726+0000] {task_command.py:423} INFO - Running <TaskInstance: Weather_DAG_V2.4.data_to_db scheduled__2024-02-09T05:16:00+00:00 [running]> on host 06573eafe810
[2024-02-09T12:43:03.935+0000] {taskinstance.py:2480} INFO - Exporting env vars: AIRFLOW_CTX_DAG_OWNER='***' AIRFLOW_CTX_DAG_ID='Weather_DAG_V2.4' AIRFLOW_CTX_TASK_ID='data_to_db' AIRFLOW_CTX_EXECUTION_DATE='2024-02-09T05:16:00+00:00' AIRFLOW_CTX_TRY_NUMBER='2' AIRFLOW_CTX_DAG_RUN_ID='scheduled__2024-02-09T05:16:00+00:00'
[2024-02-09T12:43:03.978+0000] {base.py:83} INFO - Using connection ID 'postgres_localhost' for task execution.
[2024-02-09T12:43:03.995+0000] {taskinstance.py:2698} ERROR - Task failed with exception
Traceback (most recent call last):
  File "/home/airflow/.local/lib/python3.8/site-packages/airflow/models/taskinstance.py", line 433, in _execute_task
    result = execute_callable(context=context, **execute_callable_kwargs)
  File "/home/airflow/.local/lib/python3.8/site-packages/airflow/operators/python.py", line 199, in execute
    return_value = self.execute_callable()
  File "/home/airflow/.local/lib/python3.8/site-packages/airflow/operators/python.py", line 216, in execute_callable
    return self.python_callable(*self.op_args, **self.op_kwargs)
  File "/opt/airflow/dags/Weather_dag.py", line 72, in csv_db
    hook.insert_rows(table='weather_tab', rows=CSV_DATA)
  File "/home/airflow/.local/lib/python3.8/site-packages/airflow/providers/common/sql/hooks/sql.py", line 541, in insert_rows
    cur.execute(sql, values)
psycopg2.errors.SyntaxError: INSERT has more expressions than target columns
LINE 1: ... weather_tab  VALUES ('U','n','n','a','m','e','d',':',' ','0...
                                                             ^

[2024-02-09T12:43:04.014+0000] {taskinstance.py:1138} INFO - Marking task as FAILED. dag_id=Weather_DAG_V2.4, task_id=data_to_db, execution_date=20240209T051600, start_date=20240209T124303, end_date=20240209T124304
[2024-02-09T12:43:04.039+0000] {standard_task_runner.py:107} ERROR - Failed to execute job 3691 for task data_to_db (INSERT has more expressions than target columns
LINE 1: ... weather_tab  VALUES ('U','n','n','a','m','e','d',':',' ','0...
                                                             ^
; 12015)
[2024-02-09T12:43:04.088+0000] {local_task_job_runner.py:234} INFO - Task exited with return code 1
[2024-02-09T12:43:04.146+0000] {taskinstance.py:3280} INFO - 0 downstream tasks scheduled from follow-on schedule check
