[2024-02-08T20:29:25.131+0000] {taskinstance.py:1956} INFO - Dependencies all met for dep_context=non-requeueable deps ti=<TaskInstance: Weather_DAG.create_db_schem scheduled__2024-02-08T20:27:00+00:00 [queued]>
[2024-02-08T20:29:25.139+0000] {taskinstance.py:1956} INFO - Dependencies all met for dep_context=requeueable deps ti=<TaskInstance: Weather_DAG.create_db_schem scheduled__2024-02-08T20:27:00+00:00 [queued]>
[2024-02-08T20:29:25.140+0000] {taskinstance.py:2170} INFO - Starting attempt 1 of 2
[2024-02-08T20:29:25.156+0000] {taskinstance.py:2191} INFO - Executing <Task(PostgresOperator): create_db_schem> on 2024-02-08 20:27:00+00:00
[2024-02-08T20:29:25.163+0000] {standard_task_runner.py:60} INFO - Started process 12292 to run task
[2024-02-08T20:29:25.167+0000] {standard_task_runner.py:87} INFO - Running: ['***', 'tasks', 'run', 'Weather_DAG', 'create_db_schem', 'scheduled__2024-02-08T20:27:00+00:00', '--job-id', '1171', '--raw', '--subdir', 'DAGS_FOLDER/Weather_dag.py', '--cfg-path', '/tmp/tmprpezq7va']
[2024-02-08T20:29:25.168+0000] {standard_task_runner.py:88} INFO - Job 1171: Subtask create_db_schem
[2024-02-08T20:29:25.220+0000] {task_command.py:423} INFO - Running <TaskInstance: Weather_DAG.create_db_schem scheduled__2024-02-08T20:27:00+00:00 [running]> on host 06573eafe810
[2024-02-08T20:29:25.318+0000] {taskinstance.py:2480} INFO - Exporting env vars: AIRFLOW_CTX_DAG_OWNER='***' AIRFLOW_CTX_DAG_ID='Weather_DAG' AIRFLOW_CTX_TASK_ID='create_db_schem' AIRFLOW_CTX_EXECUTION_DATE='2024-02-08T20:27:00+00:00' AIRFLOW_CTX_TRY_NUMBER='1' AIRFLOW_CTX_DAG_RUN_ID='scheduled__2024-02-08T20:27:00+00:00'
[2024-02-08T20:29:25.320+0000] {sql.py:276} INFO - Executing: 
        CREATE TABLE IF NOT EXISTS weather_tab(
            id serial PRIMARY KEY,
            city varchar,
            dt date,
            houur smallint,
            temperature_c float,
            pressure_mm float,
            is_rainy boolean
            )
[2024-02-08T20:29:25.329+0000] {base.py:83} INFO - Using connection ID 'postgres_localhost' for task execution.
[2024-02-08T20:29:25.337+0000] {base.py:83} INFO - Using connection ID 'postgres_localhost' for task execution.
[2024-02-08T20:29:25.348+0000] {sql.py:450} INFO - Running statement: 
        CREATE TABLE IF NOT EXISTS weather_tab(
            id serial PRIMARY KEY,
            city varchar,
            dt date,
            houur smallint,
            temperature_c float,
            pressure_mm float,
            is_rainy boolean
            ), parameters: None
[2024-02-08T20:29:25.361+0000] {taskinstance.py:1138} INFO - Marking task as SUCCESS. dag_id=Weather_DAG, task_id=create_db_schem, execution_date=20240208T202700, start_date=20240208T202925, end_date=20240208T202925
[2024-02-08T20:29:25.419+0000] {local_task_job_runner.py:234} INFO - Task exited with return code 0
[2024-02-08T20:29:25.435+0000] {taskinstance.py:3280} INFO - 0 downstream tasks scheduled from follow-on schedule check
