[2024-02-13T10:36:37.435+0000] {taskinstance.py:1956} INFO - Dependencies all met for dep_context=non-requeueable deps ti=<TaskInstance: 1Training_DAG_V1.0.create_db_schem manual__2024-02-13T10:36:32.741184+00:00 [queued]>
[2024-02-13T10:36:37.448+0000] {taskinstance.py:1956} INFO - Dependencies all met for dep_context=requeueable deps ti=<TaskInstance: 1Training_DAG_V1.0.create_db_schem manual__2024-02-13T10:36:32.741184+00:00 [queued]>
[2024-02-13T10:36:37.449+0000] {taskinstance.py:2170} INFO - Starting attempt 1 of 1
[2024-02-13T10:36:37.471+0000] {taskinstance.py:2191} INFO - Executing <Task(PostgresOperator): create_db_schem> on 2024-02-13 10:36:32.741184+00:00
[2024-02-13T10:36:37.481+0000] {standard_task_runner.py:60} INFO - Started process 3217 to run task
[2024-02-13T10:36:37.485+0000] {standard_task_runner.py:87} INFO - Running: ['***', 'tasks', 'run', '1Training_DAG_V1.0', 'create_db_schem', 'manual__2024-02-13T10:36:32.741184+00:00', '--job-id', '11279', '--raw', '--subdir', 'DAGS_FOLDER/traning_dag.py', '--cfg-path', '/tmp/tmpm6h3__2i']
[2024-02-13T10:36:37.486+0000] {standard_task_runner.py:88} INFO - Job 11279: Subtask create_db_schem
[2024-02-13T10:36:37.550+0000] {task_command.py:423} INFO - Running <TaskInstance: 1Training_DAG_V1.0.create_db_schem manual__2024-02-13T10:36:32.741184+00:00 [running]> on host 06573eafe810
[2024-02-13T10:36:37.694+0000] {taskinstance.py:2480} INFO - Exporting env vars: AIRFLOW_CTX_DAG_OWNER='***' AIRFLOW_CTX_DAG_ID='1Training_DAG_V1.0' AIRFLOW_CTX_TASK_ID='create_db_schem' AIRFLOW_CTX_EXECUTION_DATE='2024-02-13T10:36:32.741184+00:00' AIRFLOW_CTX_TRY_NUMBER='1' AIRFLOW_CTX_DAG_RUN_ID='manual__2024-02-13T10:36:32.741184+00:00'
[2024-02-13T10:36:37.697+0000] {sql.py:276} INFO - Executing: 
        CREATE TABLE IF NOT EXISTS Training(
            city varchar
            )
[2024-02-13T10:36:37.708+0000] {base.py:83} INFO - Using connection ID 'postgres_localhost' for task execution.
[2024-02-13T10:36:37.720+0000] {base.py:83} INFO - Using connection ID 'postgres_localhost' for task execution.
[2024-02-13T10:36:37.736+0000] {sql.py:450} INFO - Running statement: 
        CREATE TABLE IF NOT EXISTS Training(
            city varchar
            ), parameters: None
[2024-02-13T10:36:37.757+0000] {taskinstance.py:1138} INFO - Marking task as SUCCESS. dag_id=1Training_DAG_V1.0, task_id=create_db_schem, execution_date=20240213T103632, start_date=20240213T103637, end_date=20240213T103637
[2024-02-13T10:36:37.818+0000] {local_task_job_runner.py:234} INFO - Task exited with return code 0
[2024-02-13T10:36:37.874+0000] {taskinstance.py:3280} INFO - 0 downstream tasks scheduled from follow-on schedule check
