[2024-02-13T11:56:05.375+0000] {taskinstance.py:1956} INFO - Dependencies all met for dep_context=non-requeueable deps ti=<TaskInstance: 1Training_DAG_V1.0.create_db_schem scheduled__2024-02-13T11:51:00+00:00 [queued]>
[2024-02-13T11:56:05.399+0000] {taskinstance.py:1956} INFO - Dependencies all met for dep_context=requeueable deps ti=<TaskInstance: 1Training_DAG_V1.0.create_db_schem scheduled__2024-02-13T11:51:00+00:00 [queued]>
[2024-02-13T11:56:05.400+0000] {taskinstance.py:2170} INFO - Starting attempt 1 of 1
[2024-02-13T11:56:05.422+0000] {taskinstance.py:2191} INFO - Executing <Task(PostgresOperator): create_db_schem> on 2024-02-13 11:51:00+00:00
[2024-02-13T11:56:05.429+0000] {standard_task_runner.py:60} INFO - Started process 4750 to run task
[2024-02-13T11:56:05.435+0000] {standard_task_runner.py:87} INFO - Running: ['***', 'tasks', 'run', '1Training_DAG_V1.0', 'create_db_schem', 'scheduled__2024-02-13T11:51:00+00:00', '--job-id', '11402', '--raw', '--subdir', 'DAGS_FOLDER/traning_dag.py', '--cfg-path', '/tmp/tmpaap0xp_3']
[2024-02-13T11:56:05.437+0000] {standard_task_runner.py:88} INFO - Job 11402: Subtask create_db_schem
[2024-02-13T11:56:05.497+0000] {task_command.py:423} INFO - Running <TaskInstance: 1Training_DAG_V1.0.create_db_schem scheduled__2024-02-13T11:51:00+00:00 [running]> on host 06573eafe810
[2024-02-13T11:56:05.614+0000] {taskinstance.py:2480} INFO - Exporting env vars: AIRFLOW_CTX_DAG_OWNER='***' AIRFLOW_CTX_DAG_ID='1Training_DAG_V1.0' AIRFLOW_CTX_TASK_ID='create_db_schem' AIRFLOW_CTX_EXECUTION_DATE='2024-02-13T11:51:00+00:00' AIRFLOW_CTX_TRY_NUMBER='1' AIRFLOW_CTX_DAG_RUN_ID='scheduled__2024-02-13T11:51:00+00:00'
[2024-02-13T11:56:05.616+0000] {sql.py:276} INFO - Executing: 
        CREATE TABLE IF NOT EXISTS Training(
	id SERIAL PRIMARY KEY,
	city varchar NULL,
	dt date NULL,
	hour int2 NULL,
	temperature_c float8 NULL,
	pressure float8 NULL,
	is_rainy int NULL
);
[2024-02-13T11:56:05.625+0000] {base.py:83} INFO - Using connection ID 'postgres_localhost' for task execution.
[2024-02-13T11:56:05.636+0000] {base.py:83} INFO - Using connection ID 'postgres_localhost' for task execution.
[2024-02-13T11:56:05.648+0000] {sql.py:450} INFO - Running statement: 
        CREATE TABLE IF NOT EXISTS Training(
	id SERIAL PRIMARY KEY,
	city varchar NULL,
	dt date NULL,
	hour int2 NULL,
	temperature_c float8 NULL,
	pressure float8 NULL,
	is_rainy int NULL
);, parameters: None
[2024-02-13T11:56:05.662+0000] {taskinstance.py:1138} INFO - Marking task as SUCCESS. dag_id=1Training_DAG_V1.0, task_id=create_db_schem, execution_date=20240213T115100, start_date=20240213T115605, end_date=20240213T115605
[2024-02-13T11:56:05.728+0000] {local_task_job_runner.py:234} INFO - Task exited with return code 0
[2024-02-13T11:56:05.823+0000] {taskinstance.py:3280} INFO - 1 downstream tasks scheduled from follow-on schedule check
