[2024-02-08T11:36:02.192+0000] {taskinstance.py:1956} INFO - Dependencies all met for dep_context=non-requeueable deps ti=<TaskInstance: weather_dag.get_weather scheduled__2024-02-08T11:31:00+00:00 [queued]>
[2024-02-08T11:36:02.201+0000] {taskinstance.py:1956} INFO - Dependencies all met for dep_context=requeueable deps ti=<TaskInstance: weather_dag.get_weather scheduled__2024-02-08T11:31:00+00:00 [queued]>
[2024-02-08T11:36:02.202+0000] {taskinstance.py:2170} INFO - Starting attempt 1 of 2
[2024-02-08T11:36:02.218+0000] {taskinstance.py:2191} INFO - Executing <Task(PythonOperator): get_weather> on 2024-02-08 11:31:00+00:00
[2024-02-08T11:36:02.224+0000] {standard_task_runner.py:60} INFO - Started process 2209 to run task
[2024-02-08T11:36:02.227+0000] {standard_task_runner.py:87} INFO - Running: ['***', 'tasks', 'run', 'weather_dag', 'get_weather', 'scheduled__2024-02-08T11:31:00+00:00', '--job-id', '308', '--raw', '--subdir', 'DAGS_FOLDER/Weather_dag.py', '--cfg-path', '/tmp/tmp3slti2ml']
[2024-02-08T11:36:02.229+0000] {standard_task_runner.py:88} INFO - Job 308: Subtask get_weather
[2024-02-08T11:36:02.275+0000] {task_command.py:423} INFO - Running <TaskInstance: weather_dag.get_weather scheduled__2024-02-08T11:31:00+00:00 [running]> on host 06573eafe810
[2024-02-08T11:36:02.358+0000] {taskinstance.py:2480} INFO - Exporting env vars: AIRFLOW_CTX_DAG_OWNER='***' AIRFLOW_CTX_DAG_ID='weather_dag' AIRFLOW_CTX_TASK_ID='get_weather' AIRFLOW_CTX_EXECUTION_DATE='2024-02-08T11:31:00+00:00' AIRFLOW_CTX_TRY_NUMBER='1' AIRFLOW_CTX_DAG_RUN_ID='scheduled__2024-02-08T11:31:00+00:00'
[2024-02-08T11:36:03.285+0000] {python.py:201} INFO - Done. Returned value was: None
[2024-02-08T11:36:03.297+0000] {taskinstance.py:1138} INFO - Marking task as SUCCESS. dag_id=weather_dag, task_id=get_weather, execution_date=20240208T113100, start_date=20240208T113602, end_date=20240208T113603
[2024-02-08T11:36:03.324+0000] {local_task_job_runner.py:234} INFO - Task exited with return code 0
[2024-02-08T11:36:03.344+0000] {taskinstance.py:3280} INFO - 1 downstream tasks scheduled from follow-on schedule check
[2024-02-08T11:57:00.290+0000] {taskinstance.py:1956} INFO - Dependencies all met for dep_context=non-requeueable deps ti=<TaskInstance: Weather_DAG.get_weather scheduled__2024-02-08T11:31:00+00:00 [queued]>
[2024-02-08T11:57:00.424+0000] {taskinstance.py:1956} INFO - Dependencies all met for dep_context=requeueable deps ti=<TaskInstance: Weather_DAG.get_weather scheduled__2024-02-08T11:31:00+00:00 [queued]>
[2024-02-08T11:57:00.439+0000] {taskinstance.py:2170} INFO - Starting attempt 1 of 2
[2024-02-08T11:57:00.728+0000] {taskinstance.py:2191} INFO - Executing <Task(PythonOperator): get_weather> on 2024-02-08 11:31:00+00:00
[2024-02-08T11:57:00.816+0000] {standard_task_runner.py:60} INFO - Started process 2559 to run task
[2024-02-08T11:57:00.856+0000] {standard_task_runner.py:87} INFO - Running: ['***', 'tasks', 'run', 'Weather_DAG', 'get_weather', 'scheduled__2024-02-08T11:31:00+00:00', '--job-id', '355', '--raw', '--subdir', 'DAGS_FOLDER/Weather_dag.py', '--cfg-path', '/tmp/tmpyxnelwfo']
[2024-02-08T11:57:00.947+0000] {standard_task_runner.py:88} INFO - Job 355: Subtask get_weather
[2024-02-08T11:57:05.109+0000] {task_command.py:423} INFO - Running <TaskInstance: Weather_DAG.get_weather scheduled__2024-02-08T11:31:00+00:00 [running]> on host 06573eafe810
[2024-02-08T11:57:06.112+0000] {taskinstance.py:2480} INFO - Exporting env vars: AIRFLOW_CTX_DAG_OWNER='***' AIRFLOW_CTX_DAG_ID='Weather_DAG' AIRFLOW_CTX_TASK_ID='get_weather' AIRFLOW_CTX_EXECUTION_DATE='2024-02-08T11:31:00+00:00' AIRFLOW_CTX_TRY_NUMBER='1' AIRFLOW_CTX_DAG_RUN_ID='scheduled__2024-02-08T11:31:00+00:00'
[2024-02-08T11:57:08.611+0000] {python.py:201} INFO - Done. Returned value was: None
[2024-02-08T11:57:08.661+0000] {taskinstance.py:1138} INFO - Marking task as SUCCESS. dag_id=Weather_DAG, task_id=get_weather, execution_date=20240208T113100, start_date=20240208T115700, end_date=20240208T115708
[2024-02-08T11:57:08.891+0000] {local_task_job_runner.py:234} INFO - Task exited with return code 0
[2024-02-08T11:57:08.983+0000] {taskinstance.py:3280} INFO - 1 downstream tasks scheduled from follow-on schedule check
