[2024-02-13T15:03:42.191+0000] {taskinstance.py:1956} INFO - Dependencies all met for dep_context=non-requeueable deps ti=<TaskInstance: 1Success_dag.data_to_db scheduled__2024-02-13T05:41:00+00:00 [queued]>
[2024-02-13T15:03:42.334+0000] {taskinstance.py:1956} INFO - Dependencies all met for dep_context=requeueable deps ti=<TaskInstance: 1Success_dag.data_to_db scheduled__2024-02-13T05:41:00+00:00 [queued]>
[2024-02-13T15:03:42.386+0000] {taskinstance.py:2170} INFO - Starting attempt 1 of 1
[2024-02-13T15:03:42.684+0000] {taskinstance.py:2191} INFO - Executing <Task(PythonOperator): data_to_db> on 2024-02-13 05:41:00+00:00
[2024-02-13T15:03:42.904+0000] {standard_task_runner.py:60} INFO - Started process 9254 to run task
[2024-02-13T15:03:43.081+0000] {standard_task_runner.py:87} INFO - Running: ['***', 'tasks', 'run', '1Success_dag', 'data_to_db', 'scheduled__2024-02-13T05:41:00+00:00', '--job-id', '12070', '--raw', '--subdir', 'DAGS_FOLDER/success_dag.py', '--cfg-path', '/tmp/tmppd6a45ro']
[2024-02-13T15:03:43.196+0000] {standard_task_runner.py:88} INFO - Job 12070: Subtask data_to_db
[2024-02-13T15:03:44.153+0000] {task_command.py:423} INFO - Running <TaskInstance: 1Success_dag.data_to_db scheduled__2024-02-13T05:41:00+00:00 [running]> on host 06573eafe810
[2024-02-13T15:03:45.158+0000] {taskinstance.py:2480} INFO - Exporting env vars: AIRFLOW_CTX_DAG_OWNER='***' AIRFLOW_CTX_DAG_ID='1Success_dag' AIRFLOW_CTX_TASK_ID='data_to_db' AIRFLOW_CTX_EXECUTION_DATE='2024-02-13T05:41:00+00:00' AIRFLOW_CTX_TRY_NUMBER='1' AIRFLOW_CTX_DAG_RUN_ID='scheduled__2024-02-13T05:41:00+00:00'
[2024-02-13T15:03:45.161+0000] {logging_mixin.py:188} INFO - /opt/***
[2024-02-13T15:03:45.255+0000] {base.py:83} INFO - Using connection ID 'postgres_localhost' for task execution.
[2024-02-13T15:03:45.439+0000] {success_dag.py:84} INFO - columns: City,dt,hour,temperature_c,pressure,is_rainy
[2024-02-13T15:03:45.454+0000] {success_dag.py:95} INFO - columns: City,dt,hour,temperature_c,pressure,is_rainy
[2024-02-13T15:03:45.455+0000] {success_dag.py:99} INFO - values: VALUES(%s,%s,%s,%s,%s,%s)
[2024-02-13T15:03:45.466+0000] {success_dag.py:103} INFO - type values: <class 'dict'>
[2024-02-13T15:03:45.472+0000] {success_dag.py:104} INFO - type insert_stmt: <class 'str'>
[2024-02-13T15:03:45.472+0000] {taskinstance.py:2698} ERROR - Task failed with exception
Traceback (most recent call last):
  File "/home/airflow/.local/lib/python3.8/site-packages/airflow/models/taskinstance.py", line 433, in _execute_task
    result = execute_callable(context=context, **execute_callable_kwargs)
  File "/home/airflow/.local/lib/python3.8/site-packages/airflow/operators/python.py", line 199, in execute
    return_value = self.execute_callable()
  File "/home/airflow/.local/lib/python3.8/site-packages/airflow/operators/python.py", line 216, in execute_callable
    return self.python_callable(*self.op_args, **self.op_kwargs)
  File "/opt/airflow/dags/success_dag.py", line 106, in csv_db
    psycopg2.extras.execute_batch(pCursor, insert_stmt, values_dict)
  File "/home/airflow/.local/lib/python3.8/site-packages/psycopg2/extras.py", line 1215, in execute_batch
    sqls = [cur.mogrify(sql, args) for args in page]
  File "/home/airflow/.local/lib/python3.8/site-packages/psycopg2/extras.py", line 1215, in <listcomp>
    sqls = [cur.mogrify(sql, args) for args in page]
IndexError: string index out of range
[2024-02-13T15:03:45.579+0000] {taskinstance.py:1138} INFO - Marking task as FAILED. dag_id=1Success_dag, task_id=data_to_db, execution_date=20240213T054100, start_date=20240213T150342, end_date=20240213T150345
[2024-02-13T15:03:45.686+0000] {standard_task_runner.py:107} ERROR - Failed to execute job 12070 for task data_to_db (string index out of range; 9254)
[2024-02-13T15:03:45.815+0000] {local_task_job_runner.py:234} INFO - Task exited with return code 1
[2024-02-13T15:03:46.070+0000] {taskinstance.py:3280} INFO - 0 downstream tasks scheduled from follow-on schedule check
