[2024-02-09T14:11:02.899+0000] {taskinstance.py:1956} INFO - Dependencies all met for dep_context=non-requeueable deps ti=<TaskInstance: Weather_DAG_V2.9.create_db_schem scheduled__2024-02-09T00:31:00+00:00 [queued]>
[2024-02-09T14:11:02.970+0000] {taskinstance.py:1956} INFO - Dependencies all met for dep_context=requeueable deps ti=<TaskInstance: Weather_DAG_V2.9.create_db_schem scheduled__2024-02-09T00:31:00+00:00 [queued]>
[2024-02-09T14:11:02.972+0000] {taskinstance.py:2170} INFO - Starting attempt 1 of 2
[2024-02-09T14:11:03.094+0000] {taskinstance.py:2191} INFO - Executing <Task(PostgresOperator): create_db_schem> on 2024-02-09 00:31:00+00:00
[2024-02-09T14:11:03.114+0000] {standard_task_runner.py:60} INFO - Started process 18080 to run task
[2024-02-09T14:11:03.131+0000] {standard_task_runner.py:87} INFO - Running: ['***', 'tasks', 'run', 'Weather_DAG_V2.9', 'create_db_schem', 'scheduled__2024-02-09T00:31:00+00:00', '--job-id', '5283', '--raw', '--subdir', 'DAGS_FOLDER/Weather_dag.py', '--cfg-path', '/tmp/tmpwk9jwlff']
[2024-02-09T14:11:03.161+0000] {standard_task_runner.py:88} INFO - Job 5283: Subtask create_db_schem
[2024-02-09T14:11:03.441+0000] {task_command.py:423} INFO - Running <TaskInstance: Weather_DAG_V2.9.create_db_schem scheduled__2024-02-09T00:31:00+00:00 [running]> on host 06573eafe810
[2024-02-09T14:11:03.887+0000] {taskinstance.py:2480} INFO - Exporting env vars: AIRFLOW_CTX_DAG_OWNER='***' AIRFLOW_CTX_DAG_ID='Weather_DAG_V2.9' AIRFLOW_CTX_TASK_ID='create_db_schem' AIRFLOW_CTX_EXECUTION_DATE='2024-02-09T00:31:00+00:00' AIRFLOW_CTX_TRY_NUMBER='1' AIRFLOW_CTX_DAG_RUN_ID='scheduled__2024-02-09T00:31:00+00:00'
[2024-02-09T14:11:03.894+0000] {sql.py:276} INFO - Executing: 
        CREATE TABLE IF NOT EXISTS weather_tab(
            id serial PRIMARY KEY,
            city varchar,
            dt date,
            houur smallint,
            temperature_c float,
            pressure_mm float,
            is_rainy boolean
            )
[2024-02-09T14:11:03.961+0000] {base.py:83} INFO - Using connection ID 'postgres_localhost' for task execution.
[2024-02-09T14:11:03.996+0000] {base.py:83} INFO - Using connection ID 'postgres_localhost' for task execution.
[2024-02-09T14:11:04.009+0000] {sql.py:450} INFO - Running statement: 
        CREATE TABLE IF NOT EXISTS weather_tab(
            id serial PRIMARY KEY,
            city varchar,
            dt date,
            houur smallint,
            temperature_c float,
            pressure_mm float,
            is_rainy boolean
            ), parameters: None
[2024-02-09T14:11:04.056+0000] {taskinstance.py:1138} INFO - Marking task as SUCCESS. dag_id=Weather_DAG_V2.9, task_id=create_db_schem, execution_date=20240209T003100, start_date=20240209T141102, end_date=20240209T141104
[2024-02-09T14:11:04.160+0000] {local_task_job_runner.py:234} INFO - Task exited with return code 0
[2024-02-09T14:11:04.277+0000] {taskinstance.py:3280} INFO - 1 downstream tasks scheduled from follow-on schedule check
