[2024-03-14T13:39:10.713+0000] {taskinstance.py:1956} INFO - Dependencies all met for dep_context=non-requeueable deps ti=<TaskInstance: 1No_Pandas_Weather_DAG.get_weather scheduled__2024-03-14T00:46:00+00:00 [queued]>
[2024-03-14T13:39:10.795+0000] {taskinstance.py:1956} INFO - Dependencies all met for dep_context=requeueable deps ti=<TaskInstance: 1No_Pandas_Weather_DAG.get_weather scheduled__2024-03-14T00:46:00+00:00 [queued]>
[2024-03-14T13:39:10.797+0000] {taskinstance.py:2170} INFO - Starting attempt 1 of 1
[2024-03-14T13:39:10.918+0000] {taskinstance.py:2191} INFO - Executing <Task(PythonOperator): get_weather> on 2024-03-14 00:46:00+00:00
[2024-03-14T13:39:10.930+0000] {standard_task_runner.py:60} INFO - Started process 243 to run task
[2024-03-14T13:39:10.956+0000] {standard_task_runner.py:87} INFO - Running: ['***', 'tasks', 'run', '1No_Pandas_Weather_DAG', 'get_weather', 'scheduled__2024-03-14T00:46:00+00:00', '--job-id', '13807', '--raw', '--subdir', 'DAGS_FOLDER/first_dag.py', '--cfg-path', '/tmp/tmph6wype29']
[2024-03-14T13:39:10.975+0000] {standard_task_runner.py:88} INFO - Job 13807: Subtask get_weather
[2024-03-14T13:39:11.157+0000] {task_command.py:423} INFO - Running <TaskInstance: 1No_Pandas_Weather_DAG.get_weather scheduled__2024-03-14T00:46:00+00:00 [running]> on host b5253fd441c9
[2024-03-14T13:39:11.438+0000] {taskinstance.py:2480} INFO - Exporting env vars: AIRFLOW_CTX_DAG_OWNER='***' AIRFLOW_CTX_DAG_ID='1No_Pandas_Weather_DAG' AIRFLOW_CTX_TASK_ID='get_weather' AIRFLOW_CTX_EXECUTION_DATE='2024-03-14T00:46:00+00:00' AIRFLOW_CTX_TRY_NUMBER='1' AIRFLOW_CTX_DAG_RUN_ID='scheduled__2024-03-14T00:46:00+00:00'
[2024-03-14T13:39:11.605+0000] {taskinstance.py:2698} ERROR - Task failed with exception
Traceback (most recent call last):
  File "/home/airflow/.local/lib/python3.8/site-packages/airflow/models/taskinstance.py", line 433, in _execute_task
    result = execute_callable(context=context, **execute_callable_kwargs)
  File "/home/airflow/.local/lib/python3.8/site-packages/airflow/operators/python.py", line 199, in execute
    return_value = self.execute_callable()
  File "/home/airflow/.local/lib/python3.8/site-packages/airflow/operators/python.py", line 216, in execute_callable
    return self.python_callable(*self.op_args, **self.op_kwargs)
  File "/opt/airflow/dags/first_dag.py", line 46, in get_weather
    for i in range(len(weather_data['forecasts'])):
KeyError: 'forecasts'
[2024-03-14T13:39:11.620+0000] {taskinstance.py:1138} INFO - Marking task as FAILED. dag_id=1No_Pandas_Weather_DAG, task_id=get_weather, execution_date=20240314T004600, start_date=20240314T133910, end_date=20240314T133911
[2024-03-14T13:39:11.673+0000] {standard_task_runner.py:107} ERROR - Failed to execute job 13807 for task get_weather ('forecasts'; 243)
[2024-03-14T13:39:11.761+0000] {local_task_job_runner.py:234} INFO - Task exited with return code 1
[2024-03-14T13:39:11.837+0000] {taskinstance.py:3280} INFO - 0 downstream tasks scheduled from follow-on schedule check
