[2024-02-09T10:21:38.215+0000] {taskinstance.py:1956} INFO - Dependencies all met for dep_context=non-requeueable deps ti=<TaskInstance: Weather_DAG.data_to_db scheduled__2024-02-09T09:26:00+00:00 [queued]>
[2024-02-09T10:21:38.249+0000] {taskinstance.py:1956} INFO - Dependencies all met for dep_context=requeueable deps ti=<TaskInstance: Weather_DAG.data_to_db scheduled__2024-02-09T09:26:00+00:00 [queued]>
[2024-02-09T10:21:38.259+0000] {taskinstance.py:2170} INFO - Starting attempt 1 of 2
[2024-02-09T10:21:38.314+0000] {taskinstance.py:2191} INFO - Executing <Task(PythonOperator): data_to_db> on 2024-02-09 09:26:00+00:00
[2024-02-09T10:21:38.331+0000] {standard_task_runner.py:60} INFO - Started process 5231 to run task
[2024-02-09T10:21:38.367+0000] {standard_task_runner.py:87} INFO - Running: ['***', 'tasks', 'run', 'Weather_DAG', 'data_to_db', 'scheduled__2024-02-09T09:26:00+00:00', '--job-id', '2113', '--raw', '--subdir', 'DAGS_FOLDER/Weather_dag.py', '--cfg-path', '/tmp/tmp9gw3h3k7']
[2024-02-09T10:21:38.369+0000] {standard_task_runner.py:88} INFO - Job 2113: Subtask data_to_db
[2024-02-09T10:21:38.480+0000] {task_command.py:423} INFO - Running <TaskInstance: Weather_DAG.data_to_db scheduled__2024-02-09T09:26:00+00:00 [running]> on host 06573eafe810
[2024-02-09T10:21:38.719+0000] {taskinstance.py:2480} INFO - Exporting env vars: AIRFLOW_CTX_DAG_OWNER='***' AIRFLOW_CTX_DAG_ID='Weather_DAG' AIRFLOW_CTX_TASK_ID='data_to_db' AIRFLOW_CTX_EXECUTION_DATE='2024-02-09T09:26:00+00:00' AIRFLOW_CTX_TRY_NUMBER='1' AIRFLOW_CTX_DAG_RUN_ID='scheduled__2024-02-09T09:26:00+00:00'
[2024-02-09T10:21:38.735+0000] {taskinstance.py:2698} ERROR - Task failed with exception
Traceback (most recent call last):
  File "/home/airflow/.local/lib/python3.8/site-packages/airflow/models/taskinstance.py", line 433, in _execute_task
    result = execute_callable(context=context, **execute_callable_kwargs)
  File "/home/airflow/.local/lib/python3.8/site-packages/airflow/operators/python.py", line 199, in execute
    return_value = self.execute_callable()
  File "/home/airflow/.local/lib/python3.8/site-packages/airflow/operators/python.py", line 216, in execute_callable
    return self.python_callable(*self.op_args, **self.op_kwargs)
  File "/opt/airflow/dags/Weather_dag.py", line 72, in csv_db
    PostgresHook.bulk_load(table=weather_tab, tmp_file=CSV_DATA)
NameError: name 'weather_tab' is not defined
[2024-02-09T10:21:38.775+0000] {taskinstance.py:1138} INFO - Marking task as UP_FOR_RETRY. dag_id=Weather_DAG, task_id=data_to_db, execution_date=20240209T092600, start_date=20240209T102138, end_date=20240209T102138
[2024-02-09T10:21:38.817+0000] {standard_task_runner.py:107} ERROR - Failed to execute job 2113 for task data_to_db (name 'weather_tab' is not defined; 5231)
[2024-02-09T10:21:38.853+0000] {local_task_job_runner.py:234} INFO - Task exited with return code 1
[2024-02-09T10:21:38.913+0000] {taskinstance.py:3280} INFO - 0 downstream tasks scheduled from follow-on schedule check
