[2024-02-08T10:50:45.246+0000] {taskinstance.py:1956} INFO - Dependencies all met for dep_context=non-requeueable deps ti=<TaskInstance: Weather_dag.get_weather scheduled__2024-02-08T00:31:00+00:00 [queued]>
[2024-02-08T10:50:45.315+0000] {taskinstance.py:1956} INFO - Dependencies all met for dep_context=requeueable deps ti=<TaskInstance: Weather_dag.get_weather scheduled__2024-02-08T00:31:00+00:00 [queued]>
[2024-02-08T10:50:45.318+0000] {taskinstance.py:2170} INFO - Starting attempt 1 of 2
[2024-02-08T10:50:45.482+0000] {taskinstance.py:2191} INFO - Executing <Task(PythonOperator): get_weather> on 2024-02-08 00:31:00+00:00
[2024-02-08T10:50:45.515+0000] {standard_task_runner.py:60} INFO - Started process 993 to run task
[2024-02-08T10:50:45.648+0000] {standard_task_runner.py:87} INFO - Running: ['***', 'tasks', 'run', 'Weather_dag', 'get_weather', 'scheduled__2024-02-08T00:31:00+00:00', '--job-id', '26', '--raw', '--subdir', 'DAGS_FOLDER/Weather_dag.py', '--cfg-path', '/tmp/tmppr48hct4']
[2024-02-08T10:50:45.652+0000] {standard_task_runner.py:88} INFO - Job 26: Subtask get_weather
[2024-02-08T10:50:46.345+0000] {task_command.py:423} INFO - Running <TaskInstance: Weather_dag.get_weather scheduled__2024-02-08T00:31:00+00:00 [running]> on host 06573eafe810
[2024-02-08T10:50:46.878+0000] {taskinstance.py:2480} INFO - Exporting env vars: AIRFLOW_CTX_DAG_OWNER='***' AIRFLOW_CTX_DAG_ID='Weather_dag' AIRFLOW_CTX_TASK_ID='get_weather' AIRFLOW_CTX_EXECUTION_DATE='2024-02-08T00:31:00+00:00' AIRFLOW_CTX_TRY_NUMBER='1' AIRFLOW_CTX_DAG_RUN_ID='scheduled__2024-02-08T00:31:00+00:00'
[2024-02-08T10:50:48.515+0000] {python.py:201} INFO - Done. Returned value was: None
[2024-02-08T10:50:48.549+0000] {taskinstance.py:1138} INFO - Marking task as SUCCESS. dag_id=Weather_dag, task_id=get_weather, execution_date=20240208T003100, start_date=20240208T105045, end_date=20240208T105048
[2024-02-08T10:50:48.678+0000] {local_task_job_runner.py:234} INFO - Task exited with return code 0
[2024-02-08T10:50:48.719+0000] {taskinstance.py:3280} INFO - 1 downstream tasks scheduled from follow-on schedule check
[2024-02-08T10:51:13.891+0000] {taskinstance.py:1956} INFO - Dependencies all met for dep_context=non-requeueable deps ti=<TaskInstance: weather_dag.get_weather scheduled__2024-02-08T00:31:00+00:00 [queued]>
[2024-02-08T10:51:14.001+0000] {taskinstance.py:1956} INFO - Dependencies all met for dep_context=requeueable deps ti=<TaskInstance: weather_dag.get_weather scheduled__2024-02-08T00:31:00+00:00 [queued]>
[2024-02-08T10:51:14.014+0000] {taskinstance.py:2170} INFO - Starting attempt 1 of 2
[2024-02-08T10:51:14.290+0000] {taskinstance.py:2191} INFO - Executing <Task(PythonOperator): get_weather> on 2024-02-08 00:31:00+00:00
[2024-02-08T10:51:14.356+0000] {standard_task_runner.py:60} INFO - Started process 1044 to run task
[2024-02-08T10:51:14.386+0000] {standard_task_runner.py:87} INFO - Running: ['***', 'tasks', 'run', 'weather_dag', 'get_weather', 'scheduled__2024-02-08T00:31:00+00:00', '--job-id', '36', '--raw', '--subdir', 'DAGS_FOLDER/Weather_dag.py', '--cfg-path', '/tmp/tmpklf9iz9p']
[2024-02-08T10:51:14.474+0000] {standard_task_runner.py:88} INFO - Job 36: Subtask get_weather
[2024-02-08T10:51:15.579+0000] {task_command.py:423} INFO - Running <TaskInstance: weather_dag.get_weather scheduled__2024-02-08T00:31:00+00:00 [running]> on host 06573eafe810
[2024-02-08T10:51:16.980+0000] {taskinstance.py:2480} INFO - Exporting env vars: AIRFLOW_CTX_DAG_OWNER='***' AIRFLOW_CTX_DAG_ID='weather_dag' AIRFLOW_CTX_TASK_ID='get_weather' AIRFLOW_CTX_EXECUTION_DATE='2024-02-08T00:31:00+00:00' AIRFLOW_CTX_TRY_NUMBER='1' AIRFLOW_CTX_DAG_RUN_ID='scheduled__2024-02-08T00:31:00+00:00'
[2024-02-08T10:51:20.571+0000] {python.py:201} INFO - Done. Returned value was: None
[2024-02-08T10:51:20.723+0000] {taskinstance.py:1138} INFO - Marking task as SUCCESS. dag_id=weather_dag, task_id=get_weather, execution_date=20240208T003100, start_date=20240208T105113, end_date=20240208T105120
[2024-02-08T10:51:21.014+0000] {local_task_job_runner.py:234} INFO - Task exited with return code 0
[2024-02-08T10:51:21.075+0000] {taskinstance.py:3280} INFO - 1 downstream tasks scheduled from follow-on schedule check
