[2024-02-26T07:01:11.046+0000] {taskinstance.py:1956} INFO - Dependencies all met for dep_context=non-requeueable deps ti=<TaskInstance: 1Success_dag.data_to_db manual__2024-02-26T00:00:00+00:00 [queued]>
[2024-02-26T07:01:11.056+0000] {taskinstance.py:1956} INFO - Dependencies all met for dep_context=requeueable deps ti=<TaskInstance: 1Success_dag.data_to_db manual__2024-02-26T00:00:00+00:00 [queued]>
[2024-02-26T07:01:11.057+0000] {taskinstance.py:2170} INFO - Starting attempt 3 of 3
[2024-02-26T07:01:11.075+0000] {taskinstance.py:2191} INFO - Executing <Task(PythonOperator): data_to_db> on 2024-02-26 00:00:00+00:00
[2024-02-26T07:01:11.081+0000] {standard_task_runner.py:60} INFO - Started process 28741 to run task
[2024-02-26T07:01:11.085+0000] {standard_task_runner.py:87} INFO - Running: ['***', 'tasks', 'run', '1Success_dag', 'data_to_db', 'manual__2024-02-26T00:00:00+00:00', '--job-id', '13423', '--raw', '--subdir', 'DAGS_FOLDER/success_dag.py', '--cfg-path', '/tmp/tmp6lm_okdh']
[2024-02-26T07:01:11.086+0000] {standard_task_runner.py:88} INFO - Job 13423: Subtask data_to_db
[2024-02-26T07:01:11.137+0000] {task_command.py:423} INFO - Running <TaskInstance: 1Success_dag.data_to_db manual__2024-02-26T00:00:00+00:00 [running]> on host 06573eafe810
[2024-02-26T07:01:11.220+0000] {taskinstance.py:2480} INFO - Exporting env vars: AIRFLOW_CTX_DAG_OWNER='***' AIRFLOW_CTX_DAG_ID='1Success_dag' AIRFLOW_CTX_TASK_ID='data_to_db' AIRFLOW_CTX_EXECUTION_DATE='2024-02-26T00:00:00+00:00' AIRFLOW_CTX_TRY_NUMBER='3' AIRFLOW_CTX_DAG_RUN_ID='manual__2024-02-26T00:00:00+00:00'
[2024-02-26T07:01:11.221+0000] {logging_mixin.py:188} INFO - /opt/***
[2024-02-26T07:01:11.230+0000] {base.py:83} INFO - Using connection ID 'postgres_localhost' for task execution.
[2024-02-26T07:01:11.251+0000] {success_dag.py:79} INFO -      City          dt  hour  temperature_c  pressure  is_rainy
0  Москва  2024-02-26     0             -2       757         0
1  Москва  2024-02-26     1             -1       757         0
2  Москва  2024-02-26     2             -1       757         0
3  Москва  2024-02-26     3             -1       757         0
4  Москва  2024-02-26     4             -1       756         0
[2024-02-26T07:01:11.260+0000] {success_dag.py:86} INFO - columns: City, dt, hour, temperature_c, pressure, is_rainy
[2024-02-26T07:01:11.261+0000] {success_dag.py:91} INFO - values: VALUES(%s,%s,%s,%s,%s,%s)
[2024-02-26T07:01:11.300+0000] {python.py:201} INFO - Done. Returned value was: None
[2024-02-26T07:01:11.312+0000] {taskinstance.py:1138} INFO - Marking task as SUCCESS. dag_id=1Success_dag, task_id=data_to_db, execution_date=20240226T000000, start_date=20240226T070111, end_date=20240226T070111
[2024-02-26T07:01:11.337+0000] {local_task_job_runner.py:234} INFO - Task exited with return code 0
[2024-02-26T07:01:11.358+0000] {taskinstance.py:3280} INFO - 1 downstream tasks scheduled from follow-on schedule check
