[2024-02-19T08:51:24.592+0000] {taskinstance.py:1956} INFO - Dependencies all met for dep_context=non-requeueable deps ti=<TaskInstance: 1Trigger_dag.trigger_task scheduled__2024-02-16T15:01:00+00:00 [queued]>
[2024-02-19T08:51:24.612+0000] {taskinstance.py:1956} INFO - Dependencies all met for dep_context=requeueable deps ti=<TaskInstance: 1Trigger_dag.trigger_task scheduled__2024-02-16T15:01:00+00:00 [queued]>
[2024-02-19T08:51:24.615+0000] {taskinstance.py:2170} INFO - Starting attempt 1 of 1
[2024-02-19T08:51:24.660+0000] {taskinstance.py:2191} INFO - Executing <Task(TriggerDagRunOperator): trigger_task> on 2024-02-16 15:01:00+00:00
[2024-02-19T08:51:24.671+0000] {standard_task_runner.py:60} INFO - Started process 64 to run task
[2024-02-19T08:51:24.686+0000] {standard_task_runner.py:87} INFO - Running: ['***', 'tasks', 'run', '1Trigger_dag', 'trigger_task', 'scheduled__2024-02-16T15:01:00+00:00', '--job-id', '12268', '--raw', '--subdir', 'DAGS_FOLDER/trigger_dag.py', '--cfg-path', '/tmp/tmpgfanicy5']
[2024-02-19T08:51:24.688+0000] {standard_task_runner.py:88} INFO - Job 12268: Subtask trigger_task
[2024-02-19T08:51:24.822+0000] {task_command.py:423} INFO - Running <TaskInstance: 1Trigger_dag.trigger_task scheduled__2024-02-16T15:01:00+00:00 [running]> on host 06573eafe810
[2024-02-19T08:51:25.070+0000] {taskinstance.py:2480} INFO - Exporting env vars: AIRFLOW_CTX_DAG_OWNER='***' AIRFLOW_CTX_DAG_ID='1Trigger_dag' AIRFLOW_CTX_TASK_ID='trigger_task' AIRFLOW_CTX_EXECUTION_DATE='2024-02-16T15:01:00+00:00' AIRFLOW_CTX_TRY_NUMBER='1' AIRFLOW_CTX_DAG_RUN_ID='scheduled__2024-02-16T15:01:00+00:00'
[2024-02-19T08:51:25.149+0000] {trigger_dagrun.py:175} INFO - Clearing 1Success_dag on 2024-02-16 00:00:00+00:00
[2024-02-19T08:51:25.344+0000] {trigger_dagrun.py:210} INFO - Waiting for 1Success_dag on 2024-02-16 00:00:00+00:00 to become allowed state ['success'] ...
[2024-02-19T08:51:35.363+0000] {trigger_dagrun.py:210} INFO - Waiting for 1Success_dag on 2024-02-16 00:00:00+00:00 to become allowed state ['success'] ...
[2024-02-19T08:51:45.380+0000] {trigger_dagrun.py:210} INFO - Waiting for 1Success_dag on 2024-02-16 00:00:00+00:00 to become allowed state ['success'] ...
[2024-02-19T08:51:55.408+0000] {trigger_dagrun.py:210} INFO - Waiting for 1Success_dag on 2024-02-16 00:00:00+00:00 to become allowed state ['success'] ...
[2024-02-19T08:52:05.422+0000] {trigger_dagrun.py:210} INFO - Waiting for 1Success_dag on 2024-02-16 00:00:00+00:00 to become allowed state ['success'] ...
[2024-02-19T08:52:15.438+0000] {trigger_dagrun.py:210} INFO - Waiting for 1Success_dag on 2024-02-16 00:00:00+00:00 to become allowed state ['success'] ...
[2024-02-19T08:52:25.448+0000] {trigger_dagrun.py:210} INFO - Waiting for 1Success_dag on 2024-02-16 00:00:00+00:00 to become allowed state ['success'] ...
[2024-02-19T08:52:35.457+0000] {trigger_dagrun.py:210} INFO - Waiting for 1Success_dag on 2024-02-16 00:00:00+00:00 to become allowed state ['success'] ...
[2024-02-19T08:52:45.474+0000] {trigger_dagrun.py:210} INFO - Waiting for 1Success_dag on 2024-02-16 00:00:00+00:00 to become allowed state ['success'] ...
[2024-02-19T08:52:55.487+0000] {trigger_dagrun.py:210} INFO - Waiting for 1Success_dag on 2024-02-16 00:00:00+00:00 to become allowed state ['success'] ...
[2024-02-19T08:53:05.499+0000] {trigger_dagrun.py:210} INFO - Waiting for 1Success_dag on 2024-02-16 00:00:00+00:00 to become allowed state ['success'] ...
[2024-02-19T08:53:15.512+0000] {trigger_dagrun.py:210} INFO - Waiting for 1Success_dag on 2024-02-16 00:00:00+00:00 to become allowed state ['success'] ...
[2024-02-19T08:53:25.529+0000] {trigger_dagrun.py:210} INFO - Waiting for 1Success_dag on 2024-02-16 00:00:00+00:00 to become allowed state ['success'] ...
[2024-02-19T08:53:35.547+0000] {trigger_dagrun.py:210} INFO - Waiting for 1Success_dag on 2024-02-16 00:00:00+00:00 to become allowed state ['success'] ...
[2024-02-19T08:53:45.557+0000] {trigger_dagrun.py:210} INFO - Waiting for 1Success_dag on 2024-02-16 00:00:00+00:00 to become allowed state ['success'] ...
[2024-02-19T08:53:55.567+0000] {trigger_dagrun.py:210} INFO - Waiting for 1Success_dag on 2024-02-16 00:00:00+00:00 to become allowed state ['success'] ...
[2024-02-19T08:54:05.577+0000] {trigger_dagrun.py:210} INFO - Waiting for 1Success_dag on 2024-02-16 00:00:00+00:00 to become allowed state ['success'] ...
[2024-02-19T08:54:15.597+0000] {trigger_dagrun.py:210} INFO - Waiting for 1Success_dag on 2024-02-16 00:00:00+00:00 to become allowed state ['success'] ...
