[2024-02-13T13:49:28.864+0000] {taskinstance.py:1956} INFO - Dependencies all met for dep_context=non-requeueable deps ti=<TaskInstance: Weather_DAG_V5.4.create_db_schem scheduled__2024-02-13T13:36:00+00:00 [queued]>
[2024-02-13T13:49:28.944+0000] {taskinstance.py:1956} INFO - Dependencies all met for dep_context=requeueable deps ti=<TaskInstance: Weather_DAG_V5.4.create_db_schem scheduled__2024-02-13T13:36:00+00:00 [queued]>
[2024-02-13T13:49:28.945+0000] {taskinstance.py:2170} INFO - Starting attempt 1 of 1
[2024-02-13T13:49:29.059+0000] {taskinstance.py:2191} INFO - Executing <Task(PostgresOperator): create_db_schem> on 2024-02-13 13:36:00+00:00
[2024-02-13T13:49:29.114+0000] {standard_task_runner.py:87} INFO - Running: ['***', 'tasks', 'run', 'Weather_DAG_V5.4', 'create_db_schem', 'scheduled__2024-02-13T13:36:00+00:00', '--job-id', '11650', '--raw', '--subdir', 'DAGS_FOLDER/Weather_dag.py', '--cfg-path', '/tmp/tmp5nt6tyhd']
[2024-02-13T13:49:29.068+0000] {standard_task_runner.py:60} INFO - Started process 7047 to run task
[2024-02-13T13:49:29.161+0000] {standard_task_runner.py:88} INFO - Job 11650: Subtask create_db_schem
[2024-02-13T13:49:29.430+0000] {task_command.py:423} INFO - Running <TaskInstance: Weather_DAG_V5.4.create_db_schem scheduled__2024-02-13T13:36:00+00:00 [running]> on host 06573eafe810
[2024-02-13T13:49:29.901+0000] {taskinstance.py:2480} INFO - Exporting env vars: AIRFLOW_CTX_DAG_OWNER='***' AIRFLOW_CTX_DAG_ID='Weather_DAG_V5.4' AIRFLOW_CTX_TASK_ID='create_db_schem' AIRFLOW_CTX_EXECUTION_DATE='2024-02-13T13:36:00+00:00' AIRFLOW_CTX_TRY_NUMBER='1' AIRFLOW_CTX_DAG_RUN_ID='scheduled__2024-02-13T13:36:00+00:00'
[2024-02-13T13:49:29.906+0000] {sql.py:276} INFO - Executing: 
        DROP TABLE weather_tab;
        CREATE TABLE weather_tab(
            id SERIAL PRIMARY KEY,
	        city varchar NULL,
	        dt date NULL,
	        hour int2 NULL,
	        temperature_c float8 NULL,
	        pressure float8 NULL,
	        is_rainy int NULL
    );
[2024-02-13T13:49:29.958+0000] {base.py:83} INFO - Using connection ID 'postgres_localhost' for task execution.
[2024-02-13T13:49:29.983+0000] {base.py:83} INFO - Using connection ID 'postgres_localhost' for task execution.
[2024-02-13T13:49:30.012+0000] {sql.py:450} INFO - Running statement: 
        DROP TABLE weather_tab;
        CREATE TABLE weather_tab(
            id SERIAL PRIMARY KEY,
	        city varchar NULL,
	        dt date NULL,
	        hour int2 NULL,
	        temperature_c float8 NULL,
	        pressure float8 NULL,
	        is_rainy int NULL
    );, parameters: None
[2024-02-13T13:49:30.139+0000] {taskinstance.py:1138} INFO - Marking task as SUCCESS. dag_id=Weather_DAG_V5.4, task_id=create_db_schem, execution_date=20240213T133600, start_date=20240213T134928, end_date=20240213T134930
[2024-02-13T13:49:30.244+0000] {local_task_job_runner.py:234} INFO - Task exited with return code 0
[2024-02-13T13:49:30.422+0000] {taskinstance.py:3280} INFO - 1 downstream tasks scheduled from follow-on schedule check
