[2024-03-14T13:38:35.061+0000] {taskinstance.py:1956} INFO - Dependencies all met for dep_context=non-requeueable deps ti=<TaskInstance: 1No_Pandas_Weather_DAG.create_db_schem scheduled__2024-02-13T03:26:00+00:00 [queued]>
[2024-03-14T13:38:35.083+0000] {taskinstance.py:1956} INFO - Dependencies all met for dep_context=requeueable deps ti=<TaskInstance: 1No_Pandas_Weather_DAG.create_db_schem scheduled__2024-02-13T03:26:00+00:00 [queued]>
[2024-03-14T13:38:35.084+0000] {taskinstance.py:2170} INFO - Starting attempt 1 of 1
[2024-03-14T13:38:35.108+0000] {taskinstance.py:2191} INFO - Executing <Task(PostgresOperator): create_db_schem> on 2024-02-13 03:26:00+00:00
[2024-03-14T13:38:35.128+0000] {standard_task_runner.py:60} INFO - Started process 116 to run task
[2024-03-14T13:38:35.145+0000] {standard_task_runner.py:87} INFO - Running: ['***', 'tasks', 'run', '1No_Pandas_Weather_DAG', 'create_db_schem', 'scheduled__2024-02-13T03:26:00+00:00', '--job-id', '13770', '--raw', '--subdir', 'DAGS_FOLDER/first_dag.py', '--cfg-path', '/tmp/tmp8rro2x3i']
[2024-03-14T13:38:35.150+0000] {standard_task_runner.py:88} INFO - Job 13770: Subtask create_db_schem
[2024-03-14T13:38:35.483+0000] {task_command.py:423} INFO - Running <TaskInstance: 1No_Pandas_Weather_DAG.create_db_schem scheduled__2024-02-13T03:26:00+00:00 [running]> on host b5253fd441c9
[2024-03-14T13:38:36.029+0000] {taskinstance.py:2480} INFO - Exporting env vars: AIRFLOW_CTX_DAG_OWNER='***' AIRFLOW_CTX_DAG_ID='1No_Pandas_Weather_DAG' AIRFLOW_CTX_TASK_ID='create_db_schem' AIRFLOW_CTX_EXECUTION_DATE='2024-02-13T03:26:00+00:00' AIRFLOW_CTX_TRY_NUMBER='1' AIRFLOW_CTX_DAG_RUN_ID='scheduled__2024-02-13T03:26:00+00:00'
[2024-03-14T13:38:36.036+0000] {sql.py:276} INFO - Executing: 
        DROP TABLE weather_tab;
        CREATE TABLE weather_tab(
            id SERIAL PRIMARY KEY,
	        city varchar NULL,
	        dt date NULL,
	        hour int2 NULL,
	        temperature_c float8 NULL,
	        pressure float8 NULL,
	        is_rainy int NULL
    );
[2024-03-14T13:38:36.100+0000] {base.py:83} INFO - Using connection ID 'postgres_localhost' for task execution.
[2024-03-14T13:38:36.178+0000] {base.py:83} INFO - Using connection ID 'postgres_localhost' for task execution.
[2024-03-14T13:38:36.307+0000] {sql.py:450} INFO - Running statement: 
        DROP TABLE weather_tab;
        CREATE TABLE weather_tab(
            id SERIAL PRIMARY KEY,
	        city varchar NULL,
	        dt date NULL,
	        hour int2 NULL,
	        temperature_c float8 NULL,
	        pressure float8 NULL,
	        is_rainy int NULL
    );, parameters: None
[2024-03-14T13:38:36.474+0000] {taskinstance.py:1138} INFO - Marking task as SUCCESS. dag_id=1No_Pandas_Weather_DAG, task_id=create_db_schem, execution_date=20240213T032600, start_date=20240314T133835, end_date=20240314T133836
[2024-03-14T13:38:36.571+0000] {local_task_job_runner.py:234} INFO - Task exited with return code 0
[2024-03-14T13:38:36.788+0000] {taskinstance.py:3280} INFO - 1 downstream tasks scheduled from follow-on schedule check
