[2024-02-09T11:25:50.602+0000] {taskinstance.py:1956} INFO - Dependencies all met for dep_context=non-requeueable deps ti=<TaskInstance: Weather_DAG_V6.data_to_db scheduled__2024-02-09T02:11:00+00:00 [queued]>
[2024-02-09T11:25:50.648+0000] {taskinstance.py:1956} INFO - Dependencies all met for dep_context=requeueable deps ti=<TaskInstance: Weather_DAG_V6.data_to_db scheduled__2024-02-09T02:11:00+00:00 [queued]>
[2024-02-09T11:25:50.650+0000] {taskinstance.py:2170} INFO - Starting attempt 2 of 2
[2024-02-09T11:25:50.713+0000] {taskinstance.py:2191} INFO - Executing <Task(PythonOperator): data_to_db> on 2024-02-09 02:11:00+00:00
[2024-02-09T11:25:50.728+0000] {standard_task_runner.py:60} INFO - Started process 8561 to run task
[2024-02-09T11:25:50.792+0000] {standard_task_runner.py:87} INFO - Running: ['***', 'tasks', 'run', 'Weather_DAG_V6', 'data_to_db', 'scheduled__2024-02-09T02:11:00+00:00', '--job-id', '2903', '--raw', '--subdir', 'DAGS_FOLDER/Weather_dag.py', '--cfg-path', '/tmp/tmpz0osfv_j']
[2024-02-09T11:25:50.797+0000] {standard_task_runner.py:88} INFO - Job 2903: Subtask data_to_db
[2024-02-09T11:25:50.992+0000] {task_command.py:423} INFO - Running <TaskInstance: Weather_DAG_V6.data_to_db scheduled__2024-02-09T02:11:00+00:00 [running]> on host 06573eafe810
[2024-02-09T11:25:51.361+0000] {taskinstance.py:2480} INFO - Exporting env vars: AIRFLOW_CTX_DAG_OWNER='***' AIRFLOW_CTX_DAG_ID='Weather_DAG_V6' AIRFLOW_CTX_TASK_ID='data_to_db' AIRFLOW_CTX_EXECUTION_DATE='2024-02-09T02:11:00+00:00' AIRFLOW_CTX_TRY_NUMBER='2' AIRFLOW_CTX_DAG_RUN_ID='scheduled__2024-02-09T02:11:00+00:00'
[2024-02-09T11:25:51.394+0000] {postgres.py:172} INFO - Running copy expert: COPY weather_tab FROM STDIN, filename: <_io.StringIO object at 0x7f7d98761dc0>
[2024-02-09T11:25:51.396+0000] {taskinstance.py:2698} ERROR - Task failed with exception
Traceback (most recent call last):
  File "/home/airflow/.local/lib/python3.8/site-packages/airflow/models/taskinstance.py", line 433, in _execute_task
    result = execute_callable(context=context, **execute_callable_kwargs)
  File "/home/airflow/.local/lib/python3.8/site-packages/airflow/operators/python.py", line 199, in execute
    return_value = self.execute_callable()
  File "/home/airflow/.local/lib/python3.8/site-packages/airflow/operators/python.py", line 216, in execute_callable
    return self.python_callable(*self.op_args, **self.op_kwargs)
  File "/opt/airflow/dags/Weather_dag.py", line 76, in csv_db
    hook.bulk_load(table='weather_tab', tmp_file=buffer)
  File "/home/airflow/.local/lib/python3.8/site-packages/airflow/providers/postgres/hooks/postgres.py", line 194, in bulk_load
    self.copy_expert(f"COPY {table} FROM STDIN", tmp_file)
  File "/home/airflow/.local/lib/python3.8/site-packages/airflow/providers/postgres/hooks/postgres.py", line 173, in copy_expert
    if not os.path.isfile(filename):
  File "/usr/local/lib/python3.8/genericpath.py", line 30, in isfile
    st = os.stat(path)
TypeError: stat: path should be string, bytes, os.PathLike or integer, not _io.StringIO
[2024-02-09T11:25:51.426+0000] {taskinstance.py:1138} INFO - Marking task as FAILED. dag_id=Weather_DAG_V6, task_id=data_to_db, execution_date=20240209T021100, start_date=20240209T112550, end_date=20240209T112551
[2024-02-09T11:25:51.457+0000] {standard_task_runner.py:107} ERROR - Failed to execute job 2903 for task data_to_db (stat: path should be string, bytes, os.PathLike or integer, not _io.StringIO; 8561)
[2024-02-09T11:25:51.530+0000] {local_task_job_runner.py:234} INFO - Task exited with return code 1
[2024-02-09T11:25:51.575+0000] {taskinstance.py:3280} INFO - 0 downstream tasks scheduled from follow-on schedule check
