[2024-02-15T07:51:48.495+0000] {processor.py:161} INFO - Started process (PID=30) to work on /opt/airflow/dags/Weather_dag.py
[2024-02-15T07:51:48.497+0000] {processor.py:830} INFO - Processing file /opt/airflow/dags/Weather_dag.py for tasks to queue
[2024-02-15T07:51:48.501+0000] {logging_mixin.py:188} INFO - [2024-02-15T07:51:48.501+0000] {dagbag.py:538} INFO - Filling up the DagBag from /opt/airflow/dags/Weather_dag.py
[2024-02-15T07:51:49.760+0000] {processor.py:840} INFO - DAG(s) '1No_Pandas_Weather_DAG' retrieved from /opt/airflow/dags/Weather_dag.py
[2024-02-15T07:51:50.408+0000] {logging_mixin.py:188} INFO - [2024-02-15T07:51:50.408+0000] {dag.py:3036} INFO - Sync 1 DAGs
[2024-02-15T07:51:50.492+0000] {processor.py:183} INFO - Processing /opt/airflow/dags/Weather_dag.py took 2.001 seconds
[2024-02-15T07:52:20.719+0000] {processor.py:161} INFO - Started process (PID=91) to work on /opt/airflow/dags/Weather_dag.py
[2024-02-15T07:52:20.720+0000] {processor.py:830} INFO - Processing file /opt/airflow/dags/Weather_dag.py for tasks to queue
[2024-02-15T07:52:20.722+0000] {logging_mixin.py:188} INFO - [2024-02-15T07:52:20.722+0000] {dagbag.py:538} INFO - Filling up the DagBag from /opt/airflow/dags/Weather_dag.py
[2024-02-15T07:52:21.193+0000] {processor.py:840} INFO - DAG(s) '1No_Pandas_Weather_DAG' retrieved from /opt/airflow/dags/Weather_dag.py
[2024-02-15T07:52:21.212+0000] {logging_mixin.py:188} INFO - [2024-02-15T07:52:21.211+0000] {dag.py:3036} INFO - Sync 1 DAGs
[2024-02-15T07:52:21.260+0000] {processor.py:183} INFO - Processing /opt/airflow/dags/Weather_dag.py took 0.546 seconds
[2024-02-15T07:52:51.770+0000] {processor.py:161} INFO - Started process (PID=152) to work on /opt/airflow/dags/Weather_dag.py
[2024-02-15T07:52:51.772+0000] {processor.py:830} INFO - Processing file /opt/airflow/dags/Weather_dag.py for tasks to queue
[2024-02-15T07:52:51.775+0000] {logging_mixin.py:188} INFO - [2024-02-15T07:52:51.774+0000] {dagbag.py:538} INFO - Filling up the DagBag from /opt/airflow/dags/Weather_dag.py
[2024-02-15T07:52:52.243+0000] {processor.py:840} INFO - DAG(s) '1No_Pandas_Weather_DAG' retrieved from /opt/airflow/dags/Weather_dag.py
[2024-02-15T07:52:52.357+0000] {logging_mixin.py:188} INFO - [2024-02-15T07:52:52.357+0000] {dag.py:3036} INFO - Sync 1 DAGs
[2024-02-15T07:52:52.401+0000] {processor.py:183} INFO - Processing /opt/airflow/dags/Weather_dag.py took 0.637 seconds
[2024-02-15T07:53:22.670+0000] {processor.py:161} INFO - Started process (PID=213) to work on /opt/airflow/dags/Weather_dag.py
[2024-02-15T07:53:22.671+0000] {processor.py:830} INFO - Processing file /opt/airflow/dags/Weather_dag.py for tasks to queue
[2024-02-15T07:53:22.675+0000] {logging_mixin.py:188} INFO - [2024-02-15T07:53:22.674+0000] {dagbag.py:538} INFO - Filling up the DagBag from /opt/airflow/dags/Weather_dag.py
[2024-02-15T07:53:23.141+0000] {processor.py:840} INFO - DAG(s) '1No_Pandas_Weather_DAG' retrieved from /opt/airflow/dags/Weather_dag.py
[2024-02-15T07:53:23.159+0000] {logging_mixin.py:188} INFO - [2024-02-15T07:53:23.158+0000] {dag.py:3036} INFO - Sync 1 DAGs
[2024-02-15T07:53:23.215+0000] {processor.py:183} INFO - Processing /opt/airflow/dags/Weather_dag.py took 0.550 seconds
[2024-02-15T07:53:53.447+0000] {processor.py:161} INFO - Started process (PID=281) to work on /opt/airflow/dags/Weather_dag.py
[2024-02-15T07:53:53.448+0000] {processor.py:830} INFO - Processing file /opt/airflow/dags/Weather_dag.py for tasks to queue
[2024-02-15T07:53:53.450+0000] {logging_mixin.py:188} INFO - [2024-02-15T07:53:53.450+0000] {dagbag.py:538} INFO - Filling up the DagBag from /opt/airflow/dags/Weather_dag.py
[2024-02-15T07:53:53.891+0000] {processor.py:840} INFO - DAG(s) '1No_Pandas_Weather_DAG' retrieved from /opt/airflow/dags/Weather_dag.py
[2024-02-15T07:53:53.994+0000] {logging_mixin.py:188} INFO - [2024-02-15T07:53:53.994+0000] {dag.py:3036} INFO - Sync 1 DAGs
[2024-02-15T07:53:54.037+0000] {processor.py:183} INFO - Processing /opt/airflow/dags/Weather_dag.py took 0.595 seconds
[2024-02-15T07:54:24.193+0000] {processor.py:161} INFO - Started process (PID=342) to work on /opt/airflow/dags/Weather_dag.py
[2024-02-15T07:54:24.195+0000] {processor.py:830} INFO - Processing file /opt/airflow/dags/Weather_dag.py for tasks to queue
[2024-02-15T07:54:24.198+0000] {logging_mixin.py:188} INFO - [2024-02-15T07:54:24.197+0000] {dagbag.py:538} INFO - Filling up the DagBag from /opt/airflow/dags/Weather_dag.py
[2024-02-15T07:54:24.679+0000] {processor.py:840} INFO - DAG(s) '1No_Pandas_Weather_DAG' retrieved from /opt/airflow/dags/Weather_dag.py
[2024-02-15T07:54:24.698+0000] {logging_mixin.py:188} INFO - [2024-02-15T07:54:24.697+0000] {dag.py:3036} INFO - Sync 1 DAGs
[2024-02-15T07:54:24.740+0000] {processor.py:183} INFO - Processing /opt/airflow/dags/Weather_dag.py took 0.553 seconds
[2024-02-15T07:54:54.996+0000] {processor.py:161} INFO - Started process (PID=403) to work on /opt/airflow/dags/Weather_dag.py
[2024-02-15T07:54:54.998+0000] {processor.py:830} INFO - Processing file /opt/airflow/dags/Weather_dag.py for tasks to queue
[2024-02-15T07:54:55.000+0000] {logging_mixin.py:188} INFO - [2024-02-15T07:54:55.000+0000] {dagbag.py:538} INFO - Filling up the DagBag from /opt/airflow/dags/Weather_dag.py
[2024-02-15T07:54:55.446+0000] {processor.py:840} INFO - DAG(s) '1No_Pandas_Weather_DAG' retrieved from /opt/airflow/dags/Weather_dag.py
[2024-02-15T07:54:55.551+0000] {logging_mixin.py:188} INFO - [2024-02-15T07:54:55.551+0000] {dag.py:3036} INFO - Sync 1 DAGs
[2024-02-15T07:54:55.597+0000] {processor.py:183} INFO - Processing /opt/airflow/dags/Weather_dag.py took 0.607 seconds
[2024-02-15T07:55:25.809+0000] {processor.py:161} INFO - Started process (PID=463) to work on /opt/airflow/dags/Weather_dag.py
[2024-02-15T07:55:25.811+0000] {processor.py:830} INFO - Processing file /opt/airflow/dags/Weather_dag.py for tasks to queue
[2024-02-15T07:55:25.813+0000] {logging_mixin.py:188} INFO - [2024-02-15T07:55:25.813+0000] {dagbag.py:538} INFO - Filling up the DagBag from /opt/airflow/dags/Weather_dag.py
[2024-02-15T07:55:26.277+0000] {processor.py:840} INFO - DAG(s) '1No_Pandas_Weather_DAG' retrieved from /opt/airflow/dags/Weather_dag.py
[2024-02-15T07:55:26.297+0000] {logging_mixin.py:188} INFO - [2024-02-15T07:55:26.296+0000] {dag.py:3036} INFO - Sync 1 DAGs
[2024-02-15T07:55:26.342+0000] {processor.py:183} INFO - Processing /opt/airflow/dags/Weather_dag.py took 0.539 seconds
[2024-02-15T07:55:56.654+0000] {processor.py:161} INFO - Started process (PID=523) to work on /opt/airflow/dags/Weather_dag.py
[2024-02-15T07:55:56.655+0000] {processor.py:830} INFO - Processing file /opt/airflow/dags/Weather_dag.py for tasks to queue
[2024-02-15T07:55:56.658+0000] {logging_mixin.py:188} INFO - [2024-02-15T07:55:56.657+0000] {dagbag.py:538} INFO - Filling up the DagBag from /opt/airflow/dags/Weather_dag.py
[2024-02-15T07:55:57.140+0000] {processor.py:840} INFO - DAG(s) '1No_Pandas_Weather_DAG' retrieved from /opt/airflow/dags/Weather_dag.py
[2024-02-15T07:55:57.257+0000] {logging_mixin.py:188} INFO - [2024-02-15T07:55:57.257+0000] {dag.py:3036} INFO - Sync 1 DAGs
[2024-02-15T07:55:57.307+0000] {processor.py:183} INFO - Processing /opt/airflow/dags/Weather_dag.py took 0.658 seconds
[2024-02-15T07:56:27.460+0000] {processor.py:161} INFO - Started process (PID=584) to work on /opt/airflow/dags/Weather_dag.py
[2024-02-15T07:56:27.462+0000] {processor.py:830} INFO - Processing file /opt/airflow/dags/Weather_dag.py for tasks to queue
[2024-02-15T07:56:27.464+0000] {logging_mixin.py:188} INFO - [2024-02-15T07:56:27.464+0000] {dagbag.py:538} INFO - Filling up the DagBag from /opt/airflow/dags/Weather_dag.py
[2024-02-15T07:56:27.935+0000] {processor.py:840} INFO - DAG(s) '1No_Pandas_Weather_DAG' retrieved from /opt/airflow/dags/Weather_dag.py
[2024-02-15T07:56:27.952+0000] {logging_mixin.py:188} INFO - [2024-02-15T07:56:27.952+0000] {dag.py:3036} INFO - Sync 1 DAGs
[2024-02-15T07:56:27.997+0000] {processor.py:183} INFO - Processing /opt/airflow/dags/Weather_dag.py took 0.542 seconds
[2024-02-15T07:56:58.301+0000] {processor.py:161} INFO - Started process (PID=645) to work on /opt/airflow/dags/Weather_dag.py
[2024-02-15T07:56:58.302+0000] {processor.py:830} INFO - Processing file /opt/airflow/dags/Weather_dag.py for tasks to queue
[2024-02-15T07:56:58.305+0000] {logging_mixin.py:188} INFO - [2024-02-15T07:56:58.304+0000] {dagbag.py:538} INFO - Filling up the DagBag from /opt/airflow/dags/Weather_dag.py
[2024-02-15T07:56:58.762+0000] {processor.py:840} INFO - DAG(s) '1No_Pandas_Weather_DAG' retrieved from /opt/airflow/dags/Weather_dag.py
[2024-02-15T07:56:58.869+0000] {logging_mixin.py:188} INFO - [2024-02-15T07:56:58.869+0000] {dag.py:3036} INFO - Sync 1 DAGs
[2024-02-15T07:56:58.914+0000] {processor.py:183} INFO - Processing /opt/airflow/dags/Weather_dag.py took 0.618 seconds
[2024-02-15T07:57:29.016+0000] {processor.py:161} INFO - Started process (PID=706) to work on /opt/airflow/dags/Weather_dag.py
[2024-02-15T07:57:29.018+0000] {processor.py:830} INFO - Processing file /opt/airflow/dags/Weather_dag.py for tasks to queue
[2024-02-15T07:57:29.021+0000] {logging_mixin.py:188} INFO - [2024-02-15T07:57:29.021+0000] {dagbag.py:538} INFO - Filling up the DagBag from /opt/airflow/dags/Weather_dag.py
[2024-02-15T07:57:29.486+0000] {processor.py:840} INFO - DAG(s) '1No_Pandas_Weather_DAG' retrieved from /opt/airflow/dags/Weather_dag.py
[2024-02-15T07:57:29.505+0000] {logging_mixin.py:188} INFO - [2024-02-15T07:57:29.505+0000] {dag.py:3036} INFO - Sync 1 DAGs
[2024-02-15T07:57:29.551+0000] {processor.py:183} INFO - Processing /opt/airflow/dags/Weather_dag.py took 0.541 seconds
[2024-02-15T07:57:59.789+0000] {processor.py:161} INFO - Started process (PID=768) to work on /opt/airflow/dags/Weather_dag.py
[2024-02-15T07:57:59.790+0000] {processor.py:830} INFO - Processing file /opt/airflow/dags/Weather_dag.py for tasks to queue
[2024-02-15T07:57:59.794+0000] {logging_mixin.py:188} INFO - [2024-02-15T07:57:59.793+0000] {dagbag.py:538} INFO - Filling up the DagBag from /opt/airflow/dags/Weather_dag.py
[2024-02-15T07:58:00.622+0000] {processor.py:840} INFO - DAG(s) '1No_Pandas_Weather_DAG' retrieved from /opt/airflow/dags/Weather_dag.py
[2024-02-15T07:58:00.797+0000] {logging_mixin.py:188} INFO - [2024-02-15T07:58:00.796+0000] {dag.py:3036} INFO - Sync 1 DAGs
[2024-02-15T07:58:00.863+0000] {processor.py:183} INFO - Processing /opt/airflow/dags/Weather_dag.py took 1.081 seconds
[2024-02-15T07:58:31.060+0000] {processor.py:161} INFO - Started process (PID=829) to work on /opt/airflow/dags/Weather_dag.py
[2024-02-15T07:58:31.062+0000] {processor.py:830} INFO - Processing file /opt/airflow/dags/Weather_dag.py for tasks to queue
[2024-02-15T07:58:31.065+0000] {logging_mixin.py:188} INFO - [2024-02-15T07:58:31.064+0000] {dagbag.py:538} INFO - Filling up the DagBag from /opt/airflow/dags/Weather_dag.py
[2024-02-15T07:58:31.648+0000] {processor.py:840} INFO - DAG(s) '1No_Pandas_Weather_DAG' retrieved from /opt/airflow/dags/Weather_dag.py
[2024-02-15T07:58:31.678+0000] {logging_mixin.py:188} INFO - [2024-02-15T07:58:31.671+0000] {dag.py:3036} INFO - Sync 1 DAGs
[2024-02-15T07:58:31.763+0000] {processor.py:183} INFO - Processing /opt/airflow/dags/Weather_dag.py took 0.707 seconds
[2024-02-15T07:59:01.954+0000] {processor.py:161} INFO - Started process (PID=891) to work on /opt/airflow/dags/Weather_dag.py
[2024-02-15T07:59:01.956+0000] {processor.py:830} INFO - Processing file /opt/airflow/dags/Weather_dag.py for tasks to queue
[2024-02-15T07:59:01.959+0000] {logging_mixin.py:188} INFO - [2024-02-15T07:59:01.958+0000] {dagbag.py:538} INFO - Filling up the DagBag from /opt/airflow/dags/Weather_dag.py
[2024-02-15T07:59:02.438+0000] {processor.py:840} INFO - DAG(s) '1No_Pandas_Weather_DAG' retrieved from /opt/airflow/dags/Weather_dag.py
[2024-02-15T07:59:02.542+0000] {logging_mixin.py:188} INFO - [2024-02-15T07:59:02.542+0000] {dag.py:3036} INFO - Sync 1 DAGs
[2024-02-15T07:59:02.591+0000] {processor.py:183} INFO - Processing /opt/airflow/dags/Weather_dag.py took 0.641 seconds
[2024-02-15T07:59:32.720+0000] {processor.py:161} INFO - Started process (PID=952) to work on /opt/airflow/dags/Weather_dag.py
[2024-02-15T07:59:32.722+0000] {processor.py:830} INFO - Processing file /opt/airflow/dags/Weather_dag.py for tasks to queue
[2024-02-15T07:59:32.725+0000] {logging_mixin.py:188} INFO - [2024-02-15T07:59:32.725+0000] {dagbag.py:538} INFO - Filling up the DagBag from /opt/airflow/dags/Weather_dag.py
[2024-02-15T07:59:33.200+0000] {processor.py:840} INFO - DAG(s) '1No_Pandas_Weather_DAG' retrieved from /opt/airflow/dags/Weather_dag.py
[2024-02-15T07:59:33.223+0000] {logging_mixin.py:188} INFO - [2024-02-15T07:59:33.222+0000] {dag.py:3036} INFO - Sync 1 DAGs
[2024-02-15T07:59:33.283+0000] {processor.py:183} INFO - Processing /opt/airflow/dags/Weather_dag.py took 0.568 seconds
[2024-02-15T08:00:03.432+0000] {processor.py:161} INFO - Started process (PID=1013) to work on /opt/airflow/dags/Weather_dag.py
[2024-02-15T08:00:03.433+0000] {processor.py:830} INFO - Processing file /opt/airflow/dags/Weather_dag.py for tasks to queue
[2024-02-15T08:00:03.436+0000] {logging_mixin.py:188} INFO - [2024-02-15T08:00:03.436+0000] {dagbag.py:538} INFO - Filling up the DagBag from /opt/airflow/dags/Weather_dag.py
[2024-02-15T08:00:03.906+0000] {processor.py:840} INFO - DAG(s) '1No_Pandas_Weather_DAG' retrieved from /opt/airflow/dags/Weather_dag.py
[2024-02-15T08:00:03.917+0000] {logging_mixin.py:188} INFO - [2024-02-15T08:00:03.917+0000] {dag.py:3036} INFO - Sync 1 DAGs
[2024-02-15T08:00:03.959+0000] {processor.py:183} INFO - Processing /opt/airflow/dags/Weather_dag.py took 0.533 seconds
[2024-02-15T08:00:34.460+0000] {processor.py:161} INFO - Started process (PID=1074) to work on /opt/airflow/dags/Weather_dag.py
[2024-02-15T08:00:34.461+0000] {processor.py:830} INFO - Processing file /opt/airflow/dags/Weather_dag.py for tasks to queue
[2024-02-15T08:00:34.463+0000] {logging_mixin.py:188} INFO - [2024-02-15T08:00:34.463+0000] {dagbag.py:538} INFO - Filling up the DagBag from /opt/airflow/dags/Weather_dag.py
[2024-02-15T08:00:34.920+0000] {processor.py:840} INFO - DAG(s) '1No_Pandas_Weather_DAG' retrieved from /opt/airflow/dags/Weather_dag.py
[2024-02-15T08:00:35.027+0000] {logging_mixin.py:188} INFO - [2024-02-15T08:00:35.026+0000] {dag.py:3036} INFO - Sync 1 DAGs
[2024-02-15T08:00:35.070+0000] {processor.py:183} INFO - Processing /opt/airflow/dags/Weather_dag.py took 0.617 seconds
[2024-02-15T08:01:05.487+0000] {processor.py:161} INFO - Started process (PID=1135) to work on /opt/airflow/dags/Weather_dag.py
[2024-02-15T08:01:05.489+0000] {processor.py:830} INFO - Processing file /opt/airflow/dags/Weather_dag.py for tasks to queue
[2024-02-15T08:01:05.491+0000] {logging_mixin.py:188} INFO - [2024-02-15T08:01:05.491+0000] {dagbag.py:538} INFO - Filling up the DagBag from /opt/airflow/dags/Weather_dag.py
[2024-02-15T08:01:06.014+0000] {processor.py:840} INFO - DAG(s) '1No_Pandas_Weather_DAG' retrieved from /opt/airflow/dags/Weather_dag.py
[2024-02-15T08:01:06.033+0000] {logging_mixin.py:188} INFO - [2024-02-15T08:01:06.032+0000] {dag.py:3036} INFO - Sync 1 DAGs
[2024-02-15T08:01:06.086+0000] {processor.py:183} INFO - Processing /opt/airflow/dags/Weather_dag.py took 0.605 seconds
[2024-02-15T08:01:36.411+0000] {processor.py:161} INFO - Started process (PID=1195) to work on /opt/airflow/dags/Weather_dag.py
[2024-02-15T08:01:36.412+0000] {processor.py:830} INFO - Processing file /opt/airflow/dags/Weather_dag.py for tasks to queue
[2024-02-15T08:01:36.414+0000] {logging_mixin.py:188} INFO - [2024-02-15T08:01:36.414+0000] {dagbag.py:538} INFO - Filling up the DagBag from /opt/airflow/dags/Weather_dag.py
[2024-02-15T08:01:36.884+0000] {processor.py:840} INFO - DAG(s) '1No_Pandas_Weather_DAG' retrieved from /opt/airflow/dags/Weather_dag.py
[2024-02-15T08:01:36.895+0000] {logging_mixin.py:188} INFO - [2024-02-15T08:01:36.895+0000] {dag.py:3036} INFO - Sync 1 DAGs
[2024-02-15T08:01:37.008+0000] {processor.py:183} INFO - Processing /opt/airflow/dags/Weather_dag.py took 0.601 seconds
[2024-02-15T08:02:07.349+0000] {processor.py:161} INFO - Started process (PID=1256) to work on /opt/airflow/dags/Weather_dag.py
[2024-02-15T08:02:07.351+0000] {processor.py:830} INFO - Processing file /opt/airflow/dags/Weather_dag.py for tasks to queue
[2024-02-15T08:02:07.353+0000] {logging_mixin.py:188} INFO - [2024-02-15T08:02:07.353+0000] {dagbag.py:538} INFO - Filling up the DagBag from /opt/airflow/dags/Weather_dag.py
[2024-02-15T08:02:07.824+0000] {processor.py:840} INFO - DAG(s) '1No_Pandas_Weather_DAG' retrieved from /opt/airflow/dags/Weather_dag.py
[2024-02-15T08:02:07.934+0000] {logging_mixin.py:188} INFO - [2024-02-15T08:02:07.933+0000] {dag.py:3036} INFO - Sync 1 DAGs
[2024-02-15T08:02:07.987+0000] {processor.py:183} INFO - Processing /opt/airflow/dags/Weather_dag.py took 0.642 seconds
[2024-02-15T08:02:38.354+0000] {processor.py:161} INFO - Started process (PID=1317) to work on /opt/airflow/dags/Weather_dag.py
[2024-02-15T08:02:38.355+0000] {processor.py:830} INFO - Processing file /opt/airflow/dags/Weather_dag.py for tasks to queue
[2024-02-15T08:02:38.357+0000] {logging_mixin.py:188} INFO - [2024-02-15T08:02:38.357+0000] {dagbag.py:538} INFO - Filling up the DagBag from /opt/airflow/dags/Weather_dag.py
[2024-02-15T08:02:38.822+0000] {processor.py:840} INFO - DAG(s) '1No_Pandas_Weather_DAG' retrieved from /opt/airflow/dags/Weather_dag.py
[2024-02-15T08:02:38.841+0000] {logging_mixin.py:188} INFO - [2024-02-15T08:02:38.840+0000] {dag.py:3036} INFO - Sync 1 DAGs
[2024-02-15T08:02:38.889+0000] {processor.py:183} INFO - Processing /opt/airflow/dags/Weather_dag.py took 0.539 seconds
[2024-02-15T08:03:09.264+0000] {processor.py:161} INFO - Started process (PID=1378) to work on /opt/airflow/dags/Weather_dag.py
[2024-02-15T08:03:09.265+0000] {processor.py:830} INFO - Processing file /opt/airflow/dags/Weather_dag.py for tasks to queue
[2024-02-15T08:03:09.268+0000] {logging_mixin.py:188} INFO - [2024-02-15T08:03:09.267+0000] {dagbag.py:538} INFO - Filling up the DagBag from /opt/airflow/dags/Weather_dag.py
[2024-02-15T08:03:09.715+0000] {processor.py:840} INFO - DAG(s) '1No_Pandas_Weather_DAG' retrieved from /opt/airflow/dags/Weather_dag.py
[2024-02-15T08:03:09.727+0000] {logging_mixin.py:188} INFO - [2024-02-15T08:03:09.726+0000] {dag.py:3036} INFO - Sync 1 DAGs
[2024-02-15T08:03:09.771+0000] {processor.py:183} INFO - Processing /opt/airflow/dags/Weather_dag.py took 0.512 seconds
[2024-02-15T08:03:40.266+0000] {processor.py:161} INFO - Started process (PID=1439) to work on /opt/airflow/dags/Weather_dag.py
[2024-02-15T08:03:40.268+0000] {processor.py:830} INFO - Processing file /opt/airflow/dags/Weather_dag.py for tasks to queue
[2024-02-15T08:03:40.271+0000] {logging_mixin.py:188} INFO - [2024-02-15T08:03:40.271+0000] {dagbag.py:538} INFO - Filling up the DagBag from /opt/airflow/dags/Weather_dag.py
[2024-02-15T08:03:40.713+0000] {processor.py:840} INFO - DAG(s) '1No_Pandas_Weather_DAG' retrieved from /opt/airflow/dags/Weather_dag.py
[2024-02-15T08:03:40.828+0000] {logging_mixin.py:188} INFO - [2024-02-15T08:03:40.827+0000] {dag.py:3036} INFO - Sync 1 DAGs
[2024-02-15T08:03:40.877+0000] {processor.py:183} INFO - Processing /opt/airflow/dags/Weather_dag.py took 0.617 seconds
[2024-02-15T08:04:10.985+0000] {processor.py:161} INFO - Started process (PID=1500) to work on /opt/airflow/dags/Weather_dag.py
[2024-02-15T08:04:10.987+0000] {processor.py:830} INFO - Processing file /opt/airflow/dags/Weather_dag.py for tasks to queue
[2024-02-15T08:04:10.990+0000] {logging_mixin.py:188} INFO - [2024-02-15T08:04:10.989+0000] {dagbag.py:538} INFO - Filling up the DagBag from /opt/airflow/dags/Weather_dag.py
[2024-02-15T08:04:11.441+0000] {processor.py:840} INFO - DAG(s) '1No_Pandas_Weather_DAG' retrieved from /opt/airflow/dags/Weather_dag.py
[2024-02-15T08:04:11.461+0000] {logging_mixin.py:188} INFO - [2024-02-15T08:04:11.460+0000] {dag.py:3036} INFO - Sync 1 DAGs
[2024-02-15T08:04:11.576+0000] {processor.py:183} INFO - Processing /opt/airflow/dags/Weather_dag.py took 0.594 seconds
[2024-02-15T08:04:41.900+0000] {processor.py:161} INFO - Started process (PID=1561) to work on /opt/airflow/dags/Weather_dag.py
[2024-02-15T08:04:41.902+0000] {processor.py:830} INFO - Processing file /opt/airflow/dags/Weather_dag.py for tasks to queue
[2024-02-15T08:04:41.905+0000] {logging_mixin.py:188} INFO - [2024-02-15T08:04:41.904+0000] {dagbag.py:538} INFO - Filling up the DagBag from /opt/airflow/dags/Weather_dag.py
[2024-02-15T08:04:42.355+0000] {processor.py:840} INFO - DAG(s) '1No_Pandas_Weather_DAG' retrieved from /opt/airflow/dags/Weather_dag.py
[2024-02-15T08:04:42.365+0000] {logging_mixin.py:188} INFO - [2024-02-15T08:04:42.365+0000] {dag.py:3036} INFO - Sync 1 DAGs
[2024-02-15T08:04:42.409+0000] {processor.py:183} INFO - Processing /opt/airflow/dags/Weather_dag.py took 0.516 seconds
[2024-02-15T08:05:12.748+0000] {processor.py:161} INFO - Started process (PID=1622) to work on /opt/airflow/dags/Weather_dag.py
[2024-02-15T08:05:12.750+0000] {processor.py:830} INFO - Processing file /opt/airflow/dags/Weather_dag.py for tasks to queue
[2024-02-15T08:05:12.752+0000] {logging_mixin.py:188} INFO - [2024-02-15T08:05:12.752+0000] {dagbag.py:538} INFO - Filling up the DagBag from /opt/airflow/dags/Weather_dag.py
[2024-02-15T08:05:13.209+0000] {processor.py:840} INFO - DAG(s) '1No_Pandas_Weather_DAG' retrieved from /opt/airflow/dags/Weather_dag.py
[2024-02-15T08:05:13.315+0000] {logging_mixin.py:188} INFO - [2024-02-15T08:05:13.315+0000] {dag.py:3036} INFO - Sync 1 DAGs
[2024-02-15T08:05:13.359+0000] {processor.py:183} INFO - Processing /opt/airflow/dags/Weather_dag.py took 0.615 seconds
[2024-02-15T08:05:43.484+0000] {processor.py:161} INFO - Started process (PID=1683) to work on /opt/airflow/dags/Weather_dag.py
[2024-02-15T08:05:43.485+0000] {processor.py:830} INFO - Processing file /opt/airflow/dags/Weather_dag.py for tasks to queue
[2024-02-15T08:05:43.487+0000] {logging_mixin.py:188} INFO - [2024-02-15T08:05:43.487+0000] {dagbag.py:538} INFO - Filling up the DagBag from /opt/airflow/dags/Weather_dag.py
[2024-02-15T08:05:43.966+0000] {processor.py:840} INFO - DAG(s) '1No_Pandas_Weather_DAG' retrieved from /opt/airflow/dags/Weather_dag.py
[2024-02-15T08:05:43.985+0000] {logging_mixin.py:188} INFO - [2024-02-15T08:05:43.984+0000] {dag.py:3036} INFO - Sync 1 DAGs
[2024-02-15T08:05:44.028+0000] {processor.py:183} INFO - Processing /opt/airflow/dags/Weather_dag.py took 0.549 seconds
[2024-02-15T08:06:14.483+0000] {processor.py:161} INFO - Started process (PID=1745) to work on /opt/airflow/dags/Weather_dag.py
[2024-02-15T08:06:14.496+0000] {processor.py:830} INFO - Processing file /opt/airflow/dags/Weather_dag.py for tasks to queue
[2024-02-15T08:06:14.516+0000] {logging_mixin.py:188} INFO - [2024-02-15T08:06:14.516+0000] {dagbag.py:538} INFO - Filling up the DagBag from /opt/airflow/dags/Weather_dag.py
[2024-02-15T08:06:15.194+0000] {processor.py:840} INFO - DAG(s) '1No_Pandas_Weather_DAG' retrieved from /opt/airflow/dags/Weather_dag.py
[2024-02-15T08:06:15.208+0000] {logging_mixin.py:188} INFO - [2024-02-15T08:06:15.207+0000] {dag.py:3036} INFO - Sync 1 DAGs
[2024-02-15T08:06:15.261+0000] {processor.py:183} INFO - Processing /opt/airflow/dags/Weather_dag.py took 0.783 seconds
[2024-02-15T08:06:45.855+0000] {processor.py:161} INFO - Started process (PID=1805) to work on /opt/airflow/dags/Weather_dag.py
[2024-02-15T08:06:45.857+0000] {processor.py:830} INFO - Processing file /opt/airflow/dags/Weather_dag.py for tasks to queue
[2024-02-15T08:06:45.859+0000] {logging_mixin.py:188} INFO - [2024-02-15T08:06:45.858+0000] {dagbag.py:538} INFO - Filling up the DagBag from /opt/airflow/dags/Weather_dag.py
[2024-02-15T08:06:46.358+0000] {processor.py:840} INFO - DAG(s) '1No_Pandas_Weather_DAG' retrieved from /opt/airflow/dags/Weather_dag.py
[2024-02-15T08:06:46.491+0000] {logging_mixin.py:188} INFO - [2024-02-15T08:06:46.490+0000] {dag.py:3036} INFO - Sync 1 DAGs
[2024-02-15T08:06:46.540+0000] {processor.py:183} INFO - Processing /opt/airflow/dags/Weather_dag.py took 0.690 seconds
[2024-02-15T08:07:16.679+0000] {processor.py:161} INFO - Started process (PID=1867) to work on /opt/airflow/dags/Weather_dag.py
[2024-02-15T08:07:16.680+0000] {processor.py:830} INFO - Processing file /opt/airflow/dags/Weather_dag.py for tasks to queue
[2024-02-15T08:07:16.682+0000] {logging_mixin.py:188} INFO - [2024-02-15T08:07:16.681+0000] {dagbag.py:538} INFO - Filling up the DagBag from /opt/airflow/dags/Weather_dag.py
[2024-02-15T08:07:17.292+0000] {processor.py:840} INFO - DAG(s) '1No_Pandas_Weather_DAG' retrieved from /opt/airflow/dags/Weather_dag.py
[2024-02-15T08:07:17.311+0000] {logging_mixin.py:188} INFO - [2024-02-15T08:07:17.310+0000] {dag.py:3036} INFO - Sync 1 DAGs
[2024-02-15T08:07:17.383+0000] {processor.py:183} INFO - Processing /opt/airflow/dags/Weather_dag.py took 0.708 seconds
[2024-02-15T08:07:47.928+0000] {processor.py:161} INFO - Started process (PID=1928) to work on /opt/airflow/dags/Weather_dag.py
[2024-02-15T08:07:47.929+0000] {processor.py:830} INFO - Processing file /opt/airflow/dags/Weather_dag.py for tasks to queue
[2024-02-15T08:07:47.931+0000] {logging_mixin.py:188} INFO - [2024-02-15T08:07:47.931+0000] {dagbag.py:538} INFO - Filling up the DagBag from /opt/airflow/dags/Weather_dag.py
[2024-02-15T08:07:48.389+0000] {processor.py:840} INFO - DAG(s) '1No_Pandas_Weather_DAG' retrieved from /opt/airflow/dags/Weather_dag.py
[2024-02-15T08:07:48.400+0000] {logging_mixin.py:188} INFO - [2024-02-15T08:07:48.399+0000] {dag.py:3036} INFO - Sync 1 DAGs
[2024-02-15T08:07:48.456+0000] {processor.py:183} INFO - Processing /opt/airflow/dags/Weather_dag.py took 0.534 seconds
[2024-02-15T08:08:18.651+0000] {processor.py:161} INFO - Started process (PID=1989) to work on /opt/airflow/dags/Weather_dag.py
[2024-02-15T08:08:18.653+0000] {processor.py:830} INFO - Processing file /opt/airflow/dags/Weather_dag.py for tasks to queue
[2024-02-15T08:08:18.656+0000] {logging_mixin.py:188} INFO - [2024-02-15T08:08:18.655+0000] {dagbag.py:538} INFO - Filling up the DagBag from /opt/airflow/dags/Weather_dag.py
[2024-02-15T08:08:19.146+0000] {processor.py:840} INFO - DAG(s) '1No_Pandas_Weather_DAG' retrieved from /opt/airflow/dags/Weather_dag.py
[2024-02-15T08:08:19.259+0000] {logging_mixin.py:188} INFO - [2024-02-15T08:08:19.258+0000] {dag.py:3036} INFO - Sync 1 DAGs
[2024-02-15T08:08:19.308+0000] {processor.py:183} INFO - Processing /opt/airflow/dags/Weather_dag.py took 0.661 seconds
[2024-02-15T08:08:49.426+0000] {processor.py:161} INFO - Started process (PID=2050) to work on /opt/airflow/dags/Weather_dag.py
[2024-02-15T08:08:49.428+0000] {processor.py:830} INFO - Processing file /opt/airflow/dags/Weather_dag.py for tasks to queue
[2024-02-15T08:08:49.430+0000] {logging_mixin.py:188} INFO - [2024-02-15T08:08:49.429+0000] {dagbag.py:538} INFO - Filling up the DagBag from /opt/airflow/dags/Weather_dag.py
[2024-02-15T08:08:50.003+0000] {processor.py:840} INFO - DAG(s) '1No_Pandas_Weather_DAG' retrieved from /opt/airflow/dags/Weather_dag.py
[2024-02-15T08:08:50.026+0000] {logging_mixin.py:188} INFO - [2024-02-15T08:08:50.025+0000] {dag.py:3036} INFO - Sync 1 DAGs
[2024-02-15T08:08:50.072+0000] {processor.py:183} INFO - Processing /opt/airflow/dags/Weather_dag.py took 0.650 seconds
[2024-02-15T08:09:20.580+0000] {processor.py:161} INFO - Started process (PID=2111) to work on /opt/airflow/dags/Weather_dag.py
[2024-02-15T08:09:20.581+0000] {processor.py:830} INFO - Processing file /opt/airflow/dags/Weather_dag.py for tasks to queue
[2024-02-15T08:09:20.584+0000] {logging_mixin.py:188} INFO - [2024-02-15T08:09:20.583+0000] {dagbag.py:538} INFO - Filling up the DagBag from /opt/airflow/dags/Weather_dag.py
[2024-02-15T08:09:20.894+0000] {processor.py:840} INFO - DAG(s) '1No_Pandas_Weather_DAG' retrieved from /opt/airflow/dags/Weather_dag.py
[2024-02-15T08:09:20.907+0000] {logging_mixin.py:188} INFO - [2024-02-15T08:09:20.907+0000] {dag.py:3036} INFO - Sync 1 DAGs
[2024-02-15T08:09:20.955+0000] {processor.py:183} INFO - Processing /opt/airflow/dags/Weather_dag.py took 0.379 seconds
[2024-02-15T08:09:51.755+0000] {processor.py:161} INFO - Started process (PID=2172) to work on /opt/airflow/dags/Weather_dag.py
[2024-02-15T08:09:51.756+0000] {processor.py:830} INFO - Processing file /opt/airflow/dags/Weather_dag.py for tasks to queue
[2024-02-15T08:09:51.759+0000] {logging_mixin.py:188} INFO - [2024-02-15T08:09:51.759+0000] {dagbag.py:538} INFO - Filling up the DagBag from /opt/airflow/dags/Weather_dag.py
[2024-02-15T08:09:52.063+0000] {processor.py:840} INFO - DAG(s) '1No_Pandas_Weather_DAG' retrieved from /opt/airflow/dags/Weather_dag.py
[2024-02-15T08:09:52.178+0000] {logging_mixin.py:188} INFO - [2024-02-15T08:09:52.177+0000] {dag.py:3036} INFO - Sync 1 DAGs
[2024-02-15T08:09:52.224+0000] {processor.py:183} INFO - Processing /opt/airflow/dags/Weather_dag.py took 0.474 seconds
[2024-02-15T08:10:22.344+0000] {processor.py:161} INFO - Started process (PID=2232) to work on /opt/airflow/dags/Weather_dag.py
[2024-02-15T08:10:22.353+0000] {processor.py:830} INFO - Processing file /opt/airflow/dags/Weather_dag.py for tasks to queue
[2024-02-15T08:10:22.355+0000] {logging_mixin.py:188} INFO - [2024-02-15T08:10:22.355+0000] {dagbag.py:538} INFO - Filling up the DagBag from /opt/airflow/dags/Weather_dag.py
[2024-02-15T08:10:22.655+0000] {processor.py:840} INFO - DAG(s) '1No_Pandas_Weather_DAG' retrieved from /opt/airflow/dags/Weather_dag.py
[2024-02-15T08:10:22.676+0000] {logging_mixin.py:188} INFO - [2024-02-15T08:10:22.675+0000] {dag.py:3036} INFO - Sync 1 DAGs
[2024-02-15T08:10:22.726+0000] {processor.py:183} INFO - Processing /opt/airflow/dags/Weather_dag.py took 0.386 seconds
[2024-02-15T08:10:53.221+0000] {processor.py:161} INFO - Started process (PID=2294) to work on /opt/airflow/dags/Weather_dag.py
[2024-02-15T08:10:53.222+0000] {processor.py:830} INFO - Processing file /opt/airflow/dags/Weather_dag.py for tasks to queue
[2024-02-15T08:10:53.224+0000] {logging_mixin.py:188} INFO - [2024-02-15T08:10:53.224+0000] {dagbag.py:538} INFO - Filling up the DagBag from /opt/airflow/dags/Weather_dag.py
[2024-02-15T08:10:53.526+0000] {processor.py:840} INFO - DAG(s) '1No_Pandas_Weather_DAG' retrieved from /opt/airflow/dags/Weather_dag.py
[2024-02-15T08:10:53.539+0000] {logging_mixin.py:188} INFO - [2024-02-15T08:10:53.539+0000] {dag.py:3036} INFO - Sync 1 DAGs
[2024-02-15T08:10:53.594+0000] {processor.py:183} INFO - Processing /opt/airflow/dags/Weather_dag.py took 0.377 seconds
[2024-02-15T08:11:23.706+0000] {processor.py:161} INFO - Started process (PID=2356) to work on /opt/airflow/dags/Weather_dag.py
[2024-02-15T08:11:23.707+0000] {processor.py:830} INFO - Processing file /opt/airflow/dags/Weather_dag.py for tasks to queue
[2024-02-15T08:11:23.709+0000] {logging_mixin.py:188} INFO - [2024-02-15T08:11:23.709+0000] {dagbag.py:538} INFO - Filling up the DagBag from /opt/airflow/dags/Weather_dag.py
[2024-02-15T08:11:24.024+0000] {processor.py:840} INFO - DAG(s) '1No_Pandas_Weather_DAG' retrieved from /opt/airflow/dags/Weather_dag.py
[2024-02-15T08:11:24.126+0000] {logging_mixin.py:188} INFO - [2024-02-15T08:11:24.125+0000] {dag.py:3036} INFO - Sync 1 DAGs
[2024-02-15T08:11:24.177+0000] {processor.py:183} INFO - Processing /opt/airflow/dags/Weather_dag.py took 0.476 seconds
[2024-02-15T08:11:54.464+0000] {processor.py:161} INFO - Started process (PID=2416) to work on /opt/airflow/dags/Weather_dag.py
[2024-02-15T08:11:54.466+0000] {processor.py:830} INFO - Processing file /opt/airflow/dags/Weather_dag.py for tasks to queue
[2024-02-15T08:11:54.469+0000] {logging_mixin.py:188} INFO - [2024-02-15T08:11:54.469+0000] {dagbag.py:538} INFO - Filling up the DagBag from /opt/airflow/dags/Weather_dag.py
[2024-02-15T08:11:54.777+0000] {processor.py:840} INFO - DAG(s) '1No_Pandas_Weather_DAG' retrieved from /opt/airflow/dags/Weather_dag.py
[2024-02-15T08:11:54.798+0000] {logging_mixin.py:188} INFO - [2024-02-15T08:11:54.798+0000] {dag.py:3036} INFO - Sync 1 DAGs
[2024-02-15T08:11:54.849+0000] {processor.py:183} INFO - Processing /opt/airflow/dags/Weather_dag.py took 0.390 seconds
[2024-02-15T08:12:25.318+0000] {processor.py:161} INFO - Started process (PID=2482) to work on /opt/airflow/dags/Weather_dag.py
[2024-02-15T08:12:25.319+0000] {processor.py:830} INFO - Processing file /opt/airflow/dags/Weather_dag.py for tasks to queue
[2024-02-15T08:12:25.322+0000] {logging_mixin.py:188} INFO - [2024-02-15T08:12:25.321+0000] {dagbag.py:538} INFO - Filling up the DagBag from /opt/airflow/dags/Weather_dag.py
[2024-02-15T08:12:25.614+0000] {processor.py:840} INFO - DAG(s) '1No_Pandas_Weather_DAG' retrieved from /opt/airflow/dags/Weather_dag.py
[2024-02-15T08:12:25.630+0000] {logging_mixin.py:188} INFO - [2024-02-15T08:12:25.630+0000] {dag.py:3036} INFO - Sync 1 DAGs
[2024-02-15T08:12:25.680+0000] {processor.py:183} INFO - Processing /opt/airflow/dags/Weather_dag.py took 0.367 seconds
[2024-02-15T08:12:56.580+0000] {processor.py:161} INFO - Started process (PID=2543) to work on /opt/airflow/dags/Weather_dag.py
[2024-02-15T08:12:56.581+0000] {processor.py:830} INFO - Processing file /opt/airflow/dags/Weather_dag.py for tasks to queue
[2024-02-15T08:12:56.584+0000] {logging_mixin.py:188} INFO - [2024-02-15T08:12:56.583+0000] {dagbag.py:538} INFO - Filling up the DagBag from /opt/airflow/dags/Weather_dag.py
[2024-02-15T08:12:56.889+0000] {processor.py:840} INFO - DAG(s) '1No_Pandas_Weather_DAG' retrieved from /opt/airflow/dags/Weather_dag.py
[2024-02-15T08:12:56.998+0000] {logging_mixin.py:188} INFO - [2024-02-15T08:12:56.998+0000] {dag.py:3036} INFO - Sync 1 DAGs
[2024-02-15T08:12:57.053+0000] {processor.py:183} INFO - Processing /opt/airflow/dags/Weather_dag.py took 0.478 seconds
[2024-02-15T08:13:27.195+0000] {processor.py:161} INFO - Started process (PID=2604) to work on /opt/airflow/dags/Weather_dag.py
[2024-02-15T08:13:27.196+0000] {processor.py:830} INFO - Processing file /opt/airflow/dags/Weather_dag.py for tasks to queue
[2024-02-15T08:13:27.199+0000] {logging_mixin.py:188} INFO - [2024-02-15T08:13:27.198+0000] {dagbag.py:538} INFO - Filling up the DagBag from /opt/airflow/dags/Weather_dag.py
[2024-02-15T08:13:27.506+0000] {processor.py:840} INFO - DAG(s) '1No_Pandas_Weather_DAG' retrieved from /opt/airflow/dags/Weather_dag.py
[2024-02-15T08:13:27.530+0000] {logging_mixin.py:188} INFO - [2024-02-15T08:13:27.529+0000] {dag.py:3036} INFO - Sync 1 DAGs
[2024-02-15T08:13:27.576+0000] {processor.py:183} INFO - Processing /opt/airflow/dags/Weather_dag.py took 0.385 seconds
[2024-02-15T08:13:57.676+0000] {processor.py:161} INFO - Started process (PID=2666) to work on /opt/airflow/dags/Weather_dag.py
[2024-02-15T08:13:57.677+0000] {processor.py:830} INFO - Processing file /opt/airflow/dags/Weather_dag.py for tasks to queue
[2024-02-15T08:13:57.680+0000] {logging_mixin.py:188} INFO - [2024-02-15T08:13:57.679+0000] {dagbag.py:538} INFO - Filling up the DagBag from /opt/airflow/dags/Weather_dag.py
[2024-02-15T08:13:57.998+0000] {processor.py:840} INFO - DAG(s) '1No_Pandas_Weather_DAG' retrieved from /opt/airflow/dags/Weather_dag.py
[2024-02-15T08:13:58.011+0000] {logging_mixin.py:188} INFO - [2024-02-15T08:13:58.011+0000] {dag.py:3036} INFO - Sync 1 DAGs
[2024-02-15T08:13:58.062+0000] {processor.py:183} INFO - Processing /opt/airflow/dags/Weather_dag.py took 0.390 seconds
[2024-02-15T08:14:28.590+0000] {processor.py:161} INFO - Started process (PID=2727) to work on /opt/airflow/dags/Weather_dag.py
[2024-02-15T08:14:28.591+0000] {processor.py:830} INFO - Processing file /opt/airflow/dags/Weather_dag.py for tasks to queue
[2024-02-15T08:14:28.598+0000] {logging_mixin.py:188} INFO - [2024-02-15T08:14:28.595+0000] {dagbag.py:538} INFO - Filling up the DagBag from /opt/airflow/dags/Weather_dag.py
[2024-02-15T08:14:28.923+0000] {processor.py:840} INFO - DAG(s) '1No_Pandas_Weather_DAG' retrieved from /opt/airflow/dags/Weather_dag.py
[2024-02-15T08:14:29.038+0000] {logging_mixin.py:188} INFO - [2024-02-15T08:14:29.038+0000] {dag.py:3036} INFO - Sync 1 DAGs
[2024-02-15T08:14:29.093+0000] {processor.py:183} INFO - Processing /opt/airflow/dags/Weather_dag.py took 0.507 seconds
[2024-02-15T08:14:59.212+0000] {processor.py:161} INFO - Started process (PID=2792) to work on /opt/airflow/dags/Weather_dag.py
[2024-02-15T08:14:59.213+0000] {processor.py:830} INFO - Processing file /opt/airflow/dags/Weather_dag.py for tasks to queue
[2024-02-15T08:14:59.216+0000] {logging_mixin.py:188} INFO - [2024-02-15T08:14:59.215+0000] {dagbag.py:538} INFO - Filling up the DagBag from /opt/airflow/dags/Weather_dag.py
[2024-02-15T08:14:59.542+0000] {processor.py:840} INFO - DAG(s) '1No_Pandas_Weather_DAG' retrieved from /opt/airflow/dags/Weather_dag.py
[2024-02-15T08:14:59.562+0000] {logging_mixin.py:188} INFO - [2024-02-15T08:14:59.562+0000] {dag.py:3036} INFO - Sync 1 DAGs
[2024-02-15T08:14:59.611+0000] {processor.py:183} INFO - Processing /opt/airflow/dags/Weather_dag.py took 0.403 seconds
[2024-02-15T08:15:29.742+0000] {processor.py:161} INFO - Started process (PID=2855) to work on /opt/airflow/dags/Weather_dag.py
[2024-02-15T08:15:29.744+0000] {processor.py:830} INFO - Processing file /opt/airflow/dags/Weather_dag.py for tasks to queue
[2024-02-15T08:15:29.746+0000] {logging_mixin.py:188} INFO - [2024-02-15T08:15:29.745+0000] {dagbag.py:538} INFO - Filling up the DagBag from /opt/airflow/dags/Weather_dag.py
[2024-02-15T08:15:30.053+0000] {processor.py:840} INFO - DAG(s) '1No_Pandas_Weather_DAG' retrieved from /opt/airflow/dags/Weather_dag.py
[2024-02-15T08:15:30.065+0000] {logging_mixin.py:188} INFO - [2024-02-15T08:15:30.064+0000] {dag.py:3036} INFO - Sync 1 DAGs
[2024-02-15T08:15:30.112+0000] {processor.py:183} INFO - Processing /opt/airflow/dags/Weather_dag.py took 0.374 seconds
[2024-02-15T08:16:00.181+0000] {processor.py:161} INFO - Started process (PID=2918) to work on /opt/airflow/dags/Weather_dag.py
[2024-02-15T08:16:00.182+0000] {processor.py:830} INFO - Processing file /opt/airflow/dags/Weather_dag.py for tasks to queue
[2024-02-15T08:16:00.185+0000] {logging_mixin.py:188} INFO - [2024-02-15T08:16:00.184+0000] {dagbag.py:538} INFO - Filling up the DagBag from /opt/airflow/dags/Weather_dag.py
[2024-02-15T08:16:00.500+0000] {processor.py:840} INFO - DAG(s) '1No_Pandas_Weather_DAG' retrieved from /opt/airflow/dags/Weather_dag.py
[2024-02-15T08:16:00.615+0000] {logging_mixin.py:188} INFO - [2024-02-15T08:16:00.614+0000] {dag.py:3036} INFO - Sync 1 DAGs
[2024-02-15T08:16:00.673+0000] {processor.py:183} INFO - Processing /opt/airflow/dags/Weather_dag.py took 0.496 seconds
[2024-02-15T08:16:30.842+0000] {processor.py:161} INFO - Started process (PID=2982) to work on /opt/airflow/dags/Weather_dag.py
[2024-02-15T08:16:30.843+0000] {processor.py:830} INFO - Processing file /opt/airflow/dags/Weather_dag.py for tasks to queue
[2024-02-15T08:16:30.845+0000] {logging_mixin.py:188} INFO - [2024-02-15T08:16:30.845+0000] {dagbag.py:538} INFO - Filling up the DagBag from /opt/airflow/dags/Weather_dag.py
[2024-02-15T08:16:31.225+0000] {processor.py:840} INFO - DAG(s) '1No_Pandas_Weather_DAG' retrieved from /opt/airflow/dags/Weather_dag.py
[2024-02-15T08:16:31.247+0000] {logging_mixin.py:188} INFO - [2024-02-15T08:16:31.246+0000] {dag.py:3036} INFO - Sync 1 DAGs
[2024-02-15T08:16:31.303+0000] {processor.py:183} INFO - Processing /opt/airflow/dags/Weather_dag.py took 0.466 seconds
[2024-02-15T08:17:01.427+0000] {processor.py:161} INFO - Started process (PID=3044) to work on /opt/airflow/dags/Weather_dag.py
[2024-02-15T08:17:01.428+0000] {processor.py:830} INFO - Processing file /opt/airflow/dags/Weather_dag.py for tasks to queue
[2024-02-15T08:17:01.431+0000] {logging_mixin.py:188} INFO - [2024-02-15T08:17:01.431+0000] {dagbag.py:538} INFO - Filling up the DagBag from /opt/airflow/dags/Weather_dag.py
[2024-02-15T08:17:01.755+0000] {processor.py:840} INFO - DAG(s) '1No_Pandas_Weather_DAG' retrieved from /opt/airflow/dags/Weather_dag.py
[2024-02-15T08:17:01.768+0000] {logging_mixin.py:188} INFO - [2024-02-15T08:17:01.767+0000] {dag.py:3036} INFO - Sync 1 DAGs
[2024-02-15T08:17:01.817+0000] {processor.py:183} INFO - Processing /opt/airflow/dags/Weather_dag.py took 0.395 seconds
[2024-02-15T08:17:31.944+0000] {processor.py:161} INFO - Started process (PID=3107) to work on /opt/airflow/dags/Weather_dag.py
[2024-02-15T08:17:31.945+0000] {processor.py:830} INFO - Processing file /opt/airflow/dags/Weather_dag.py for tasks to queue
[2024-02-15T08:17:31.947+0000] {logging_mixin.py:188} INFO - [2024-02-15T08:17:31.947+0000] {dagbag.py:538} INFO - Filling up the DagBag from /opt/airflow/dags/Weather_dag.py
[2024-02-15T08:17:32.261+0000] {processor.py:840} INFO - DAG(s) '1No_Pandas_Weather_DAG' retrieved from /opt/airflow/dags/Weather_dag.py
[2024-02-15T08:17:32.374+0000] {logging_mixin.py:188} INFO - [2024-02-15T08:17:32.374+0000] {dag.py:3036} INFO - Sync 1 DAGs
[2024-02-15T08:17:32.446+0000] {processor.py:183} INFO - Processing /opt/airflow/dags/Weather_dag.py took 0.508 seconds
[2024-02-15T08:18:02.535+0000] {processor.py:161} INFO - Started process (PID=3171) to work on /opt/airflow/dags/Weather_dag.py
[2024-02-15T08:18:02.536+0000] {processor.py:830} INFO - Processing file /opt/airflow/dags/Weather_dag.py for tasks to queue
[2024-02-15T08:18:02.538+0000] {logging_mixin.py:188} INFO - [2024-02-15T08:18:02.538+0000] {dagbag.py:538} INFO - Filling up the DagBag from /opt/airflow/dags/Weather_dag.py
[2024-02-15T08:18:02.854+0000] {processor.py:840} INFO - DAG(s) '1No_Pandas_Weather_DAG' retrieved from /opt/airflow/dags/Weather_dag.py
[2024-02-15T08:18:02.874+0000] {logging_mixin.py:188} INFO - [2024-02-15T08:18:02.874+0000] {dag.py:3036} INFO - Sync 1 DAGs
[2024-02-15T08:18:02.928+0000] {processor.py:183} INFO - Processing /opt/airflow/dags/Weather_dag.py took 0.397 seconds
[2024-02-15T08:18:33.081+0000] {processor.py:161} INFO - Started process (PID=3232) to work on /opt/airflow/dags/Weather_dag.py
[2024-02-15T08:18:33.082+0000] {processor.py:830} INFO - Processing file /opt/airflow/dags/Weather_dag.py for tasks to queue
[2024-02-15T08:18:33.085+0000] {logging_mixin.py:188} INFO - [2024-02-15T08:18:33.084+0000] {dagbag.py:538} INFO - Filling up the DagBag from /opt/airflow/dags/Weather_dag.py
[2024-02-15T08:18:33.392+0000] {processor.py:840} INFO - DAG(s) '1No_Pandas_Weather_DAG' retrieved from /opt/airflow/dags/Weather_dag.py
[2024-02-15T08:18:33.407+0000] {logging_mixin.py:188} INFO - [2024-02-15T08:18:33.407+0000] {dag.py:3036} INFO - Sync 1 DAGs
[2024-02-15T08:18:33.461+0000] {processor.py:183} INFO - Processing /opt/airflow/dags/Weather_dag.py took 0.384 seconds
[2024-02-15T08:19:03.634+0000] {processor.py:161} INFO - Started process (PID=3295) to work on /opt/airflow/dags/Weather_dag.py
[2024-02-15T08:19:03.635+0000] {processor.py:830} INFO - Processing file /opt/airflow/dags/Weather_dag.py for tasks to queue
[2024-02-15T08:19:03.638+0000] {logging_mixin.py:188} INFO - [2024-02-15T08:19:03.637+0000] {dagbag.py:538} INFO - Filling up the DagBag from /opt/airflow/dags/Weather_dag.py
[2024-02-15T08:19:03.953+0000] {processor.py:840} INFO - DAG(s) '1No_Pandas_Weather_DAG' retrieved from /opt/airflow/dags/Weather_dag.py
[2024-02-15T08:19:04.075+0000] {logging_mixin.py:188} INFO - [2024-02-15T08:19:04.074+0000] {dag.py:3036} INFO - Sync 1 DAGs
[2024-02-15T08:19:04.136+0000] {processor.py:183} INFO - Processing /opt/airflow/dags/Weather_dag.py took 0.505 seconds
[2024-02-15T08:19:35.019+0000] {processor.py:161} INFO - Started process (PID=3359) to work on /opt/airflow/dags/Weather_dag.py
[2024-02-15T08:19:35.021+0000] {processor.py:830} INFO - Processing file /opt/airflow/dags/Weather_dag.py for tasks to queue
[2024-02-15T08:19:35.025+0000] {logging_mixin.py:188} INFO - [2024-02-15T08:19:35.024+0000] {dagbag.py:538} INFO - Filling up the DagBag from /opt/airflow/dags/Weather_dag.py
[2024-02-15T08:19:35.339+0000] {processor.py:840} INFO - DAG(s) '1No_Pandas_Weather_DAG' retrieved from /opt/airflow/dags/Weather_dag.py
[2024-02-15T08:19:35.360+0000] {logging_mixin.py:188} INFO - [2024-02-15T08:19:35.360+0000] {dag.py:3036} INFO - Sync 1 DAGs
[2024-02-15T08:19:35.409+0000] {processor.py:183} INFO - Processing /opt/airflow/dags/Weather_dag.py took 0.394 seconds
[2024-02-15T08:20:06.046+0000] {processor.py:161} INFO - Started process (PID=3419) to work on /opt/airflow/dags/Weather_dag.py
[2024-02-15T08:20:06.048+0000] {processor.py:830} INFO - Processing file /opt/airflow/dags/Weather_dag.py for tasks to queue
[2024-02-15T08:20:06.050+0000] {logging_mixin.py:188} INFO - [2024-02-15T08:20:06.050+0000] {dagbag.py:538} INFO - Filling up the DagBag from /opt/airflow/dags/Weather_dag.py
[2024-02-15T08:20:06.367+0000] {processor.py:840} INFO - DAG(s) '1No_Pandas_Weather_DAG' retrieved from /opt/airflow/dags/Weather_dag.py
[2024-02-15T08:20:06.379+0000] {logging_mixin.py:188} INFO - [2024-02-15T08:20:06.379+0000] {dag.py:3036} INFO - Sync 1 DAGs
[2024-02-15T08:20:06.426+0000] {processor.py:183} INFO - Processing /opt/airflow/dags/Weather_dag.py took 0.386 seconds
[2024-02-15T08:20:36.915+0000] {processor.py:161} INFO - Started process (PID=3482) to work on /opt/airflow/dags/Weather_dag.py
[2024-02-15T08:20:36.917+0000] {processor.py:830} INFO - Processing file /opt/airflow/dags/Weather_dag.py for tasks to queue
[2024-02-15T08:20:36.919+0000] {logging_mixin.py:188} INFO - [2024-02-15T08:20:36.918+0000] {dagbag.py:538} INFO - Filling up the DagBag from /opt/airflow/dags/Weather_dag.py
[2024-02-15T08:20:37.240+0000] {processor.py:840} INFO - DAG(s) '1No_Pandas_Weather_DAG' retrieved from /opt/airflow/dags/Weather_dag.py
[2024-02-15T08:20:37.352+0000] {logging_mixin.py:188} INFO - [2024-02-15T08:20:37.351+0000] {dag.py:3036} INFO - Sync 1 DAGs
[2024-02-15T08:20:37.396+0000] {processor.py:183} INFO - Processing /opt/airflow/dags/Weather_dag.py took 0.485 seconds
[2024-02-15T08:21:07.950+0000] {processor.py:161} INFO - Started process (PID=3545) to work on /opt/airflow/dags/Weather_dag.py
[2024-02-15T08:21:07.951+0000] {processor.py:830} INFO - Processing file /opt/airflow/dags/Weather_dag.py for tasks to queue
[2024-02-15T08:21:07.953+0000] {logging_mixin.py:188} INFO - [2024-02-15T08:21:07.953+0000] {dagbag.py:538} INFO - Filling up the DagBag from /opt/airflow/dags/Weather_dag.py
[2024-02-15T08:21:08.400+0000] {processor.py:840} INFO - DAG(s) '1No_Pandas_Weather_DAG' retrieved from /opt/airflow/dags/Weather_dag.py
[2024-02-15T08:21:08.450+0000] {logging_mixin.py:188} INFO - [2024-02-15T08:21:08.448+0000] {dag.py:3036} INFO - Sync 1 DAGs
[2024-02-15T08:21:08.617+0000] {processor.py:183} INFO - Processing /opt/airflow/dags/Weather_dag.py took 0.671 seconds
[2024-02-15T08:21:38.739+0000] {processor.py:161} INFO - Started process (PID=3609) to work on /opt/airflow/dags/Weather_dag.py
[2024-02-15T08:21:38.740+0000] {processor.py:830} INFO - Processing file /opt/airflow/dags/Weather_dag.py for tasks to queue
[2024-02-15T08:21:38.742+0000] {logging_mixin.py:188} INFO - [2024-02-15T08:21:38.742+0000] {dagbag.py:538} INFO - Filling up the DagBag from /opt/airflow/dags/Weather_dag.py
[2024-02-15T08:21:39.070+0000] {processor.py:840} INFO - DAG(s) '1No_Pandas_Weather_DAG' retrieved from /opt/airflow/dags/Weather_dag.py
[2024-02-15T08:21:39.084+0000] {logging_mixin.py:188} INFO - [2024-02-15T08:21:39.083+0000] {dag.py:3036} INFO - Sync 1 DAGs
[2024-02-15T08:21:39.135+0000] {processor.py:183} INFO - Processing /opt/airflow/dags/Weather_dag.py took 0.400 seconds
[2024-02-15T08:22:09.300+0000] {processor.py:161} INFO - Started process (PID=3670) to work on /opt/airflow/dags/Weather_dag.py
[2024-02-15T08:22:09.301+0000] {processor.py:830} INFO - Processing file /opt/airflow/dags/Weather_dag.py for tasks to queue
[2024-02-15T08:22:09.303+0000] {logging_mixin.py:188} INFO - [2024-02-15T08:22:09.303+0000] {dagbag.py:538} INFO - Filling up the DagBag from /opt/airflow/dags/Weather_dag.py
[2024-02-15T08:22:09.604+0000] {processor.py:840} INFO - DAG(s) '1No_Pandas_Weather_DAG' retrieved from /opt/airflow/dags/Weather_dag.py
[2024-02-15T08:22:09.713+0000] {logging_mixin.py:188} INFO - [2024-02-15T08:22:09.713+0000] {dag.py:3036} INFO - Sync 1 DAGs
[2024-02-15T08:22:09.762+0000] {processor.py:183} INFO - Processing /opt/airflow/dags/Weather_dag.py took 0.466 seconds
[2024-02-15T08:22:40.763+0000] {processor.py:161} INFO - Started process (PID=3731) to work on /opt/airflow/dags/Weather_dag.py
[2024-02-15T08:22:40.764+0000] {processor.py:830} INFO - Processing file /opt/airflow/dags/Weather_dag.py for tasks to queue
[2024-02-15T08:22:40.766+0000] {logging_mixin.py:188} INFO - [2024-02-15T08:22:40.766+0000] {dagbag.py:538} INFO - Filling up the DagBag from /opt/airflow/dags/Weather_dag.py
[2024-02-15T08:22:41.054+0000] {processor.py:840} INFO - DAG(s) '1No_Pandas_Weather_DAG' retrieved from /opt/airflow/dags/Weather_dag.py
[2024-02-15T08:22:41.078+0000] {logging_mixin.py:188} INFO - [2024-02-15T08:22:41.076+0000] {dag.py:3036} INFO - Sync 1 DAGs
[2024-02-15T08:22:41.129+0000] {processor.py:183} INFO - Processing /opt/airflow/dags/Weather_dag.py took 0.368 seconds
[2024-02-15T08:23:11.214+0000] {processor.py:161} INFO - Started process (PID=3792) to work on /opt/airflow/dags/Weather_dag.py
[2024-02-15T08:23:11.215+0000] {processor.py:830} INFO - Processing file /opt/airflow/dags/Weather_dag.py for tasks to queue
[2024-02-15T08:23:11.218+0000] {logging_mixin.py:188} INFO - [2024-02-15T08:23:11.217+0000] {dagbag.py:538} INFO - Filling up the DagBag from /opt/airflow/dags/Weather_dag.py
[2024-02-15T08:23:11.521+0000] {processor.py:840} INFO - DAG(s) '1No_Pandas_Weather_DAG' retrieved from /opt/airflow/dags/Weather_dag.py
[2024-02-15T08:23:11.534+0000] {logging_mixin.py:188} INFO - [2024-02-15T08:23:11.534+0000] {dag.py:3036} INFO - Sync 1 DAGs
[2024-02-15T08:23:11.582+0000] {processor.py:183} INFO - Processing /opt/airflow/dags/Weather_dag.py took 0.373 seconds
[2024-02-15T08:23:42.509+0000] {processor.py:161} INFO - Started process (PID=3853) to work on /opt/airflow/dags/Weather_dag.py
[2024-02-15T08:23:42.512+0000] {processor.py:830} INFO - Processing file /opt/airflow/dags/Weather_dag.py for tasks to queue
[2024-02-15T08:23:42.515+0000] {logging_mixin.py:188} INFO - [2024-02-15T08:23:42.515+0000] {dagbag.py:538} INFO - Filling up the DagBag from /opt/airflow/dags/Weather_dag.py
[2024-02-15T08:23:42.825+0000] {processor.py:840} INFO - DAG(s) '1No_Pandas_Weather_DAG' retrieved from /opt/airflow/dags/Weather_dag.py
[2024-02-15T08:23:42.941+0000] {logging_mixin.py:188} INFO - [2024-02-15T08:23:42.941+0000] {dag.py:3036} INFO - Sync 1 DAGs
[2024-02-15T08:23:42.987+0000] {processor.py:183} INFO - Processing /opt/airflow/dags/Weather_dag.py took 0.482 seconds
[2024-02-15T08:24:13.272+0000] {processor.py:161} INFO - Started process (PID=3914) to work on /opt/airflow/dags/Weather_dag.py
[2024-02-15T08:24:13.274+0000] {processor.py:830} INFO - Processing file /opt/airflow/dags/Weather_dag.py for tasks to queue
[2024-02-15T08:24:13.276+0000] {logging_mixin.py:188} INFO - [2024-02-15T08:24:13.275+0000] {dagbag.py:538} INFO - Filling up the DagBag from /opt/airflow/dags/Weather_dag.py
[2024-02-15T08:24:13.582+0000] {processor.py:840} INFO - DAG(s) '1No_Pandas_Weather_DAG' retrieved from /opt/airflow/dags/Weather_dag.py
[2024-02-15T08:24:13.602+0000] {logging_mixin.py:188} INFO - [2024-02-15T08:24:13.602+0000] {dag.py:3036} INFO - Sync 1 DAGs
[2024-02-15T08:24:13.649+0000] {processor.py:183} INFO - Processing /opt/airflow/dags/Weather_dag.py took 0.381 seconds
[2024-02-15T08:24:44.288+0000] {processor.py:161} INFO - Started process (PID=3975) to work on /opt/airflow/dags/Weather_dag.py
[2024-02-15T08:24:44.290+0000] {processor.py:830} INFO - Processing file /opt/airflow/dags/Weather_dag.py for tasks to queue
[2024-02-15T08:24:44.292+0000] {logging_mixin.py:188} INFO - [2024-02-15T08:24:44.292+0000] {dagbag.py:538} INFO - Filling up the DagBag from /opt/airflow/dags/Weather_dag.py
[2024-02-15T08:24:44.605+0000] {processor.py:840} INFO - DAG(s) '1No_Pandas_Weather_DAG' retrieved from /opt/airflow/dags/Weather_dag.py
[2024-02-15T08:24:44.621+0000] {logging_mixin.py:188} INFO - [2024-02-15T08:24:44.620+0000] {dag.py:3036} INFO - Sync 1 DAGs
[2024-02-15T08:24:44.668+0000] {processor.py:183} INFO - Processing /opt/airflow/dags/Weather_dag.py took 0.385 seconds
[2024-02-15T08:25:14.740+0000] {processor.py:161} INFO - Started process (PID=4037) to work on /opt/airflow/dags/Weather_dag.py
[2024-02-15T08:25:14.741+0000] {processor.py:830} INFO - Processing file /opt/airflow/dags/Weather_dag.py for tasks to queue
[2024-02-15T08:25:14.743+0000] {logging_mixin.py:188} INFO - [2024-02-15T08:25:14.743+0000] {dagbag.py:538} INFO - Filling up the DagBag from /opt/airflow/dags/Weather_dag.py
[2024-02-15T08:25:15.054+0000] {processor.py:840} INFO - DAG(s) '1No_Pandas_Weather_DAG' retrieved from /opt/airflow/dags/Weather_dag.py
[2024-02-15T08:25:15.175+0000] {logging_mixin.py:188} INFO - [2024-02-15T08:25:15.175+0000] {dag.py:3036} INFO - Sync 1 DAGs
[2024-02-15T08:25:15.225+0000] {processor.py:183} INFO - Processing /opt/airflow/dags/Weather_dag.py took 0.489 seconds
[2024-02-15T08:25:45.426+0000] {processor.py:161} INFO - Started process (PID=4096) to work on /opt/airflow/dags/Weather_dag.py
[2024-02-15T08:25:45.427+0000] {processor.py:830} INFO - Processing file /opt/airflow/dags/Weather_dag.py for tasks to queue
[2024-02-15T08:25:45.430+0000] {logging_mixin.py:188} INFO - [2024-02-15T08:25:45.430+0000] {dagbag.py:538} INFO - Filling up the DagBag from /opt/airflow/dags/Weather_dag.py
[2024-02-15T08:25:45.748+0000] {processor.py:840} INFO - DAG(s) '1No_Pandas_Weather_DAG' retrieved from /opt/airflow/dags/Weather_dag.py
[2024-02-15T08:25:45.770+0000] {logging_mixin.py:188} INFO - [2024-02-15T08:25:45.769+0000] {dag.py:3036} INFO - Sync 1 DAGs
[2024-02-15T08:25:45.825+0000] {processor.py:183} INFO - Processing /opt/airflow/dags/Weather_dag.py took 0.406 seconds
[2024-02-15T08:26:16.063+0000] {processor.py:161} INFO - Started process (PID=4158) to work on /opt/airflow/dags/Weather_dag.py
[2024-02-15T08:26:16.064+0000] {processor.py:830} INFO - Processing file /opt/airflow/dags/Weather_dag.py for tasks to queue
[2024-02-15T08:26:16.066+0000] {logging_mixin.py:188} INFO - [2024-02-15T08:26:16.065+0000] {dagbag.py:538} INFO - Filling up the DagBag from /opt/airflow/dags/Weather_dag.py
[2024-02-15T08:26:16.385+0000] {processor.py:840} INFO - DAG(s) '1No_Pandas_Weather_DAG' retrieved from /opt/airflow/dags/Weather_dag.py
[2024-02-15T08:26:16.400+0000] {logging_mixin.py:188} INFO - [2024-02-15T08:26:16.399+0000] {dag.py:3036} INFO - Sync 1 DAGs
[2024-02-15T08:26:16.454+0000] {processor.py:183} INFO - Processing /opt/airflow/dags/Weather_dag.py took 0.395 seconds
[2024-02-15T08:26:46.528+0000] {processor.py:161} INFO - Started process (PID=4221) to work on /opt/airflow/dags/Weather_dag.py
[2024-02-15T08:26:46.529+0000] {processor.py:830} INFO - Processing file /opt/airflow/dags/Weather_dag.py for tasks to queue
[2024-02-15T08:26:46.531+0000] {logging_mixin.py:188} INFO - [2024-02-15T08:26:46.531+0000] {dagbag.py:538} INFO - Filling up the DagBag from /opt/airflow/dags/Weather_dag.py
[2024-02-15T08:26:46.824+0000] {processor.py:840} INFO - DAG(s) '1No_Pandas_Weather_DAG' retrieved from /opt/airflow/dags/Weather_dag.py
[2024-02-15T08:26:46.925+0000] {logging_mixin.py:188} INFO - [2024-02-15T08:26:46.924+0000] {dag.py:3036} INFO - Sync 1 DAGs
[2024-02-15T08:26:46.969+0000] {processor.py:183} INFO - Processing /opt/airflow/dags/Weather_dag.py took 0.445 seconds
[2024-02-15T08:27:17.253+0000] {processor.py:161} INFO - Started process (PID=4282) to work on /opt/airflow/dags/Weather_dag.py
[2024-02-15T08:27:17.254+0000] {processor.py:830} INFO - Processing file /opt/airflow/dags/Weather_dag.py for tasks to queue
[2024-02-15T08:27:17.256+0000] {logging_mixin.py:188} INFO - [2024-02-15T08:27:17.256+0000] {dagbag.py:538} INFO - Filling up the DagBag from /opt/airflow/dags/Weather_dag.py
[2024-02-15T08:27:17.562+0000] {processor.py:840} INFO - DAG(s) '1No_Pandas_Weather_DAG' retrieved from /opt/airflow/dags/Weather_dag.py
[2024-02-15T08:27:17.584+0000] {logging_mixin.py:188} INFO - [2024-02-15T08:27:17.583+0000] {dag.py:3036} INFO - Sync 1 DAGs
[2024-02-15T08:27:17.632+0000] {processor.py:183} INFO - Processing /opt/airflow/dags/Weather_dag.py took 0.383 seconds
[2024-02-15T08:27:47.837+0000] {processor.py:161} INFO - Started process (PID=4340) to work on /opt/airflow/dags/Weather_dag.py
[2024-02-15T08:27:47.838+0000] {processor.py:830} INFO - Processing file /opt/airflow/dags/Weather_dag.py for tasks to queue
[2024-02-15T08:27:47.840+0000] {logging_mixin.py:188} INFO - [2024-02-15T08:27:47.840+0000] {dagbag.py:538} INFO - Filling up the DagBag from /opt/airflow/dags/Weather_dag.py
[2024-02-15T08:27:48.143+0000] {processor.py:840} INFO - DAG(s) '1No_Pandas_Weather_DAG' retrieved from /opt/airflow/dags/Weather_dag.py
[2024-02-15T08:27:48.155+0000] {logging_mixin.py:188} INFO - [2024-02-15T08:27:48.154+0000] {dag.py:3036} INFO - Sync 1 DAGs
[2024-02-15T08:27:48.202+0000] {processor.py:183} INFO - Processing /opt/airflow/dags/Weather_dag.py took 0.370 seconds
[2024-02-15T08:28:19.074+0000] {processor.py:161} INFO - Started process (PID=4400) to work on /opt/airflow/dags/Weather_dag.py
[2024-02-15T08:28:19.076+0000] {processor.py:830} INFO - Processing file /opt/airflow/dags/Weather_dag.py for tasks to queue
[2024-02-15T08:28:19.084+0000] {logging_mixin.py:188} INFO - [2024-02-15T08:28:19.084+0000] {dagbag.py:538} INFO - Filling up the DagBag from /opt/airflow/dags/Weather_dag.py
[2024-02-15T08:28:19.399+0000] {processor.py:840} INFO - DAG(s) '1No_Pandas_Weather_DAG' retrieved from /opt/airflow/dags/Weather_dag.py
[2024-02-15T08:28:19.520+0000] {logging_mixin.py:188} INFO - [2024-02-15T08:28:19.519+0000] {dag.py:3036} INFO - Sync 1 DAGs
[2024-02-15T08:28:19.744+0000] {processor.py:183} INFO - Processing /opt/airflow/dags/Weather_dag.py took 0.675 seconds
[2024-02-15T08:28:49.987+0000] {processor.py:161} INFO - Started process (PID=4465) to work on /opt/airflow/dags/Weather_dag.py
[2024-02-15T08:28:49.989+0000] {processor.py:830} INFO - Processing file /opt/airflow/dags/Weather_dag.py for tasks to queue
[2024-02-15T08:28:49.992+0000] {logging_mixin.py:188} INFO - [2024-02-15T08:28:49.992+0000] {dagbag.py:538} INFO - Filling up the DagBag from /opt/airflow/dags/Weather_dag.py
[2024-02-15T08:28:50.311+0000] {processor.py:840} INFO - DAG(s) '1No_Pandas_Weather_DAG' retrieved from /opt/airflow/dags/Weather_dag.py
[2024-02-15T08:28:50.332+0000] {logging_mixin.py:188} INFO - [2024-02-15T08:28:50.332+0000] {dag.py:3036} INFO - Sync 1 DAGs
[2024-02-15T08:28:50.391+0000] {processor.py:183} INFO - Processing /opt/airflow/dags/Weather_dag.py took 0.409 seconds
[2024-02-15T08:29:20.640+0000] {processor.py:161} INFO - Started process (PID=4522) to work on /opt/airflow/dags/Weather_dag.py
[2024-02-15T08:29:20.641+0000] {processor.py:830} INFO - Processing file /opt/airflow/dags/Weather_dag.py for tasks to queue
[2024-02-15T08:29:20.643+0000] {logging_mixin.py:188} INFO - [2024-02-15T08:29:20.643+0000] {dagbag.py:538} INFO - Filling up the DagBag from /opt/airflow/dags/Weather_dag.py
[2024-02-15T08:29:20.950+0000] {processor.py:840} INFO - DAG(s) '1No_Pandas_Weather_DAG' retrieved from /opt/airflow/dags/Weather_dag.py
[2024-02-15T08:29:20.963+0000] {logging_mixin.py:188} INFO - [2024-02-15T08:29:20.962+0000] {dag.py:3036} INFO - Sync 1 DAGs
[2024-02-15T08:29:21.012+0000] {processor.py:183} INFO - Processing /opt/airflow/dags/Weather_dag.py took 0.376 seconds
[2024-02-15T08:29:51.171+0000] {processor.py:161} INFO - Started process (PID=4583) to work on /opt/airflow/dags/Weather_dag.py
[2024-02-15T08:29:51.178+0000] {processor.py:830} INFO - Processing file /opt/airflow/dags/Weather_dag.py for tasks to queue
[2024-02-15T08:29:51.180+0000] {logging_mixin.py:188} INFO - [2024-02-15T08:29:51.180+0000] {dagbag.py:538} INFO - Filling up the DagBag from /opt/airflow/dags/Weather_dag.py
[2024-02-15T08:29:51.508+0000] {processor.py:840} INFO - DAG(s) '1No_Pandas_Weather_DAG' retrieved from /opt/airflow/dags/Weather_dag.py
[2024-02-15T08:29:51.628+0000] {logging_mixin.py:188} INFO - [2024-02-15T08:29:51.627+0000] {dag.py:3036} INFO - Sync 1 DAGs
[2024-02-15T08:29:51.872+0000] {processor.py:183} INFO - Processing /opt/airflow/dags/Weather_dag.py took 0.707 seconds
[2024-02-15T08:30:21.963+0000] {processor.py:161} INFO - Started process (PID=4648) to work on /opt/airflow/dags/Weather_dag.py
[2024-02-15T08:30:21.964+0000] {processor.py:830} INFO - Processing file /opt/airflow/dags/Weather_dag.py for tasks to queue
[2024-02-15T08:30:21.967+0000] {logging_mixin.py:188} INFO - [2024-02-15T08:30:21.966+0000] {dagbag.py:538} INFO - Filling up the DagBag from /opt/airflow/dags/Weather_dag.py
[2024-02-15T08:30:22.284+0000] {processor.py:840} INFO - DAG(s) '1No_Pandas_Weather_DAG' retrieved from /opt/airflow/dags/Weather_dag.py
[2024-02-15T08:30:22.305+0000] {logging_mixin.py:188} INFO - [2024-02-15T08:30:22.304+0000] {dag.py:3036} INFO - Sync 1 DAGs
[2024-02-15T08:30:22.359+0000] {processor.py:183} INFO - Processing /opt/airflow/dags/Weather_dag.py took 0.401 seconds
[2024-02-15T08:30:52.439+0000] {processor.py:161} INFO - Started process (PID=4712) to work on /opt/airflow/dags/Weather_dag.py
[2024-02-15T08:30:52.440+0000] {processor.py:830} INFO - Processing file /opt/airflow/dags/Weather_dag.py for tasks to queue
[2024-02-15T08:30:52.442+0000] {logging_mixin.py:188} INFO - [2024-02-15T08:30:52.442+0000] {dagbag.py:538} INFO - Filling up the DagBag from /opt/airflow/dags/Weather_dag.py
[2024-02-15T08:30:52.895+0000] {processor.py:840} INFO - DAG(s) '1No_Pandas_Weather_DAG' retrieved from /opt/airflow/dags/Weather_dag.py
[2024-02-15T08:30:52.907+0000] {logging_mixin.py:188} INFO - [2024-02-15T08:30:52.906+0000] {dag.py:3036} INFO - Sync 1 DAGs
[2024-02-15T08:30:52.965+0000] {processor.py:183} INFO - Processing /opt/airflow/dags/Weather_dag.py took 0.532 seconds
[2024-02-15T08:31:23.342+0000] {processor.py:161} INFO - Started process (PID=4776) to work on /opt/airflow/dags/Weather_dag.py
[2024-02-15T08:31:23.344+0000] {processor.py:830} INFO - Processing file /opt/airflow/dags/Weather_dag.py for tasks to queue
[2024-02-15T08:31:23.347+0000] {logging_mixin.py:188} INFO - [2024-02-15T08:31:23.347+0000] {dagbag.py:538} INFO - Filling up the DagBag from /opt/airflow/dags/Weather_dag.py
[2024-02-15T08:31:23.681+0000] {processor.py:840} INFO - DAG(s) '1No_Pandas_Weather_DAG' retrieved from /opt/airflow/dags/Weather_dag.py
[2024-02-15T08:31:23.976+0000] {logging_mixin.py:188} INFO - [2024-02-15T08:31:23.975+0000] {dag.py:3036} INFO - Sync 1 DAGs
[2024-02-15T08:31:24.021+0000] {processor.py:183} INFO - Processing /opt/airflow/dags/Weather_dag.py took 0.685 seconds
[2024-02-15T08:31:54.421+0000] {processor.py:161} INFO - Started process (PID=4836) to work on /opt/airflow/dags/Weather_dag.py
[2024-02-15T08:31:54.422+0000] {processor.py:830} INFO - Processing file /opt/airflow/dags/Weather_dag.py for tasks to queue
[2024-02-15T08:31:54.425+0000] {logging_mixin.py:188} INFO - [2024-02-15T08:31:54.424+0000] {dagbag.py:538} INFO - Filling up the DagBag from /opt/airflow/dags/Weather_dag.py
[2024-02-15T08:31:54.737+0000] {processor.py:840} INFO - DAG(s) '1No_Pandas_Weather_DAG' retrieved from /opt/airflow/dags/Weather_dag.py
[2024-02-15T08:31:54.761+0000] {logging_mixin.py:188} INFO - [2024-02-15T08:31:54.761+0000] {dag.py:3036} INFO - Sync 1 DAGs
[2024-02-15T08:31:54.807+0000] {processor.py:183} INFO - Processing /opt/airflow/dags/Weather_dag.py took 0.391 seconds
[2024-02-15T08:32:24.892+0000] {processor.py:161} INFO - Started process (PID=4899) to work on /opt/airflow/dags/Weather_dag.py
[2024-02-15T08:32:24.893+0000] {processor.py:830} INFO - Processing file /opt/airflow/dags/Weather_dag.py for tasks to queue
[2024-02-15T08:32:24.895+0000] {logging_mixin.py:188} INFO - [2024-02-15T08:32:24.895+0000] {dagbag.py:538} INFO - Filling up the DagBag from /opt/airflow/dags/Weather_dag.py
[2024-02-15T08:32:25.209+0000] {processor.py:840} INFO - DAG(s) '1No_Pandas_Weather_DAG' retrieved from /opt/airflow/dags/Weather_dag.py
[2024-02-15T08:32:25.226+0000] {logging_mixin.py:188} INFO - [2024-02-15T08:32:25.226+0000] {dag.py:3036} INFO - Sync 1 DAGs
[2024-02-15T08:32:25.278+0000] {processor.py:183} INFO - Processing /opt/airflow/dags/Weather_dag.py took 0.390 seconds
[2024-02-15T08:32:55.356+0000] {processor.py:161} INFO - Started process (PID=4962) to work on /opt/airflow/dags/Weather_dag.py
[2024-02-15T08:32:55.357+0000] {processor.py:830} INFO - Processing file /opt/airflow/dags/Weather_dag.py for tasks to queue
[2024-02-15T08:32:55.359+0000] {logging_mixin.py:188} INFO - [2024-02-15T08:32:55.358+0000] {dagbag.py:538} INFO - Filling up the DagBag from /opt/airflow/dags/Weather_dag.py
[2024-02-15T08:32:55.809+0000] {processor.py:840} INFO - DAG(s) '1No_Pandas_Weather_DAG' retrieved from /opt/airflow/dags/Weather_dag.py
[2024-02-15T08:32:55.901+0000] {logging_mixin.py:188} INFO - [2024-02-15T08:32:55.900+0000] {dag.py:3036} INFO - Sync 1 DAGs
[2024-02-15T08:32:55.945+0000] {processor.py:183} INFO - Processing /opt/airflow/dags/Weather_dag.py took 0.594 seconds
[2024-02-15T08:33:26.358+0000] {processor.py:161} INFO - Started process (PID=5024) to work on /opt/airflow/dags/Weather_dag.py
[2024-02-15T08:33:26.360+0000] {processor.py:830} INFO - Processing file /opt/airflow/dags/Weather_dag.py for tasks to queue
[2024-02-15T08:33:26.362+0000] {logging_mixin.py:188} INFO - [2024-02-15T08:33:26.362+0000] {dagbag.py:538} INFO - Filling up the DagBag from /opt/airflow/dags/Weather_dag.py
[2024-02-15T08:33:26.821+0000] {processor.py:840} INFO - DAG(s) '1No_Pandas_Weather_DAG' retrieved from /opt/airflow/dags/Weather_dag.py
[2024-02-15T08:33:26.839+0000] {logging_mixin.py:188} INFO - [2024-02-15T08:33:26.838+0000] {dag.py:3036} INFO - Sync 1 DAGs
[2024-02-15T08:33:26.886+0000] {processor.py:183} INFO - Processing /opt/airflow/dags/Weather_dag.py took 0.531 seconds
[2024-02-15T08:33:57.877+0000] {processor.py:161} INFO - Started process (PID=5095) to work on /opt/airflow/dags/Weather_dag.py
[2024-02-15T08:33:57.879+0000] {processor.py:830} INFO - Processing file /opt/airflow/dags/Weather_dag.py for tasks to queue
[2024-02-15T08:33:57.881+0000] {logging_mixin.py:188} INFO - [2024-02-15T08:33:57.880+0000] {dagbag.py:538} INFO - Filling up the DagBag from /opt/airflow/dags/Weather_dag.py
[2024-02-15T08:33:58.301+0000] {processor.py:840} INFO - DAG(s) '1No_Pandas_Weather_DAG' retrieved from /opt/airflow/dags/Weather_dag.py
[2024-02-15T08:33:58.311+0000] {logging_mixin.py:188} INFO - [2024-02-15T08:33:58.310+0000] {dag.py:3036} INFO - Sync 1 DAGs
[2024-02-15T08:33:58.352+0000] {processor.py:183} INFO - Processing /opt/airflow/dags/Weather_dag.py took 0.479 seconds
[2024-02-15T08:34:28.464+0000] {processor.py:161} INFO - Started process (PID=5156) to work on /opt/airflow/dags/Weather_dag.py
[2024-02-15T08:34:28.465+0000] {processor.py:830} INFO - Processing file /opt/airflow/dags/Weather_dag.py for tasks to queue
[2024-02-15T08:34:28.468+0000] {logging_mixin.py:188} INFO - [2024-02-15T08:34:28.468+0000] {dagbag.py:538} INFO - Filling up the DagBag from /opt/airflow/dags/Weather_dag.py
[2024-02-15T08:34:28.899+0000] {processor.py:840} INFO - DAG(s) '1No_Pandas_Weather_DAG' retrieved from /opt/airflow/dags/Weather_dag.py
[2024-02-15T08:34:28.993+0000] {logging_mixin.py:188} INFO - [2024-02-15T08:34:28.992+0000] {dag.py:3036} INFO - Sync 1 DAGs
[2024-02-15T08:34:29.035+0000] {processor.py:183} INFO - Processing /opt/airflow/dags/Weather_dag.py took 0.575 seconds
[2024-02-15T08:34:59.123+0000] {processor.py:161} INFO - Started process (PID=5217) to work on /opt/airflow/dags/Weather_dag.py
[2024-02-15T08:34:59.124+0000] {processor.py:830} INFO - Processing file /opt/airflow/dags/Weather_dag.py for tasks to queue
[2024-02-15T08:34:59.126+0000] {logging_mixin.py:188} INFO - [2024-02-15T08:34:59.125+0000] {dagbag.py:538} INFO - Filling up the DagBag from /opt/airflow/dags/Weather_dag.py
[2024-02-15T08:34:59.584+0000] {processor.py:840} INFO - DAG(s) '1No_Pandas_Weather_DAG' retrieved from /opt/airflow/dags/Weather_dag.py
[2024-02-15T08:34:59.604+0000] {logging_mixin.py:188} INFO - [2024-02-15T08:34:59.604+0000] {dag.py:3036} INFO - Sync 1 DAGs
[2024-02-15T08:34:59.657+0000] {processor.py:183} INFO - Processing /opt/airflow/dags/Weather_dag.py took 0.538 seconds
[2024-02-15T08:35:29.996+0000] {processor.py:161} INFO - Started process (PID=5278) to work on /opt/airflow/dags/Weather_dag.py
[2024-02-15T08:35:29.998+0000] {processor.py:830} INFO - Processing file /opt/airflow/dags/Weather_dag.py for tasks to queue
[2024-02-15T08:35:30.000+0000] {logging_mixin.py:188} INFO - [2024-02-15T08:35:29.999+0000] {dagbag.py:538} INFO - Filling up the DagBag from /opt/airflow/dags/Weather_dag.py
[2024-02-15T08:35:30.447+0000] {processor.py:840} INFO - DAG(s) '1No_Pandas_Weather_DAG' retrieved from /opt/airflow/dags/Weather_dag.py
[2024-02-15T08:35:30.459+0000] {logging_mixin.py:188} INFO - [2024-02-15T08:35:30.458+0000] {dag.py:3036} INFO - Sync 1 DAGs
[2024-02-15T08:35:30.506+0000] {processor.py:183} INFO - Processing /opt/airflow/dags/Weather_dag.py took 0.513 seconds
[2024-02-15T08:36:00.586+0000] {processor.py:161} INFO - Started process (PID=5339) to work on /opt/airflow/dags/Weather_dag.py
[2024-02-15T08:36:00.587+0000] {processor.py:830} INFO - Processing file /opt/airflow/dags/Weather_dag.py for tasks to queue
[2024-02-15T08:36:00.589+0000] {logging_mixin.py:188} INFO - [2024-02-15T08:36:00.588+0000] {dagbag.py:538} INFO - Filling up the DagBag from /opt/airflow/dags/Weather_dag.py
[2024-02-15T08:36:01.008+0000] {processor.py:840} INFO - DAG(s) '1No_Pandas_Weather_DAG' retrieved from /opt/airflow/dags/Weather_dag.py
[2024-02-15T08:36:01.102+0000] {logging_mixin.py:188} INFO - [2024-02-15T08:36:01.102+0000] {dag.py:3036} INFO - Sync 1 DAGs
[2024-02-15T08:36:01.143+0000] {processor.py:183} INFO - Processing /opt/airflow/dags/Weather_dag.py took 0.561 seconds
[2024-02-15T08:36:31.425+0000] {processor.py:161} INFO - Started process (PID=5400) to work on /opt/airflow/dags/Weather_dag.py
[2024-02-15T08:36:31.427+0000] {processor.py:830} INFO - Processing file /opt/airflow/dags/Weather_dag.py for tasks to queue
[2024-02-15T08:36:31.429+0000] {logging_mixin.py:188} INFO - [2024-02-15T08:36:31.429+0000] {dagbag.py:538} INFO - Filling up the DagBag from /opt/airflow/dags/Weather_dag.py
[2024-02-15T08:36:31.863+0000] {processor.py:840} INFO - DAG(s) '1No_Pandas_Weather_DAG' retrieved from /opt/airflow/dags/Weather_dag.py
[2024-02-15T08:36:31.881+0000] {logging_mixin.py:188} INFO - [2024-02-15T08:36:31.881+0000] {dag.py:3036} INFO - Sync 1 DAGs
[2024-02-15T08:36:31.924+0000] {processor.py:183} INFO - Processing /opt/airflow/dags/Weather_dag.py took 0.503 seconds
[2024-02-15T08:37:02.815+0000] {processor.py:161} INFO - Started process (PID=5461) to work on /opt/airflow/dags/Weather_dag.py
[2024-02-15T08:37:02.816+0000] {processor.py:830} INFO - Processing file /opt/airflow/dags/Weather_dag.py for tasks to queue
[2024-02-15T08:37:02.819+0000] {logging_mixin.py:188} INFO - [2024-02-15T08:37:02.818+0000] {dagbag.py:538} INFO - Filling up the DagBag from /opt/airflow/dags/Weather_dag.py
[2024-02-15T08:37:03.270+0000] {processor.py:840} INFO - DAG(s) '1No_Pandas_Weather_DAG' retrieved from /opt/airflow/dags/Weather_dag.py
[2024-02-15T08:37:03.284+0000] {logging_mixin.py:188} INFO - [2024-02-15T08:37:03.283+0000] {dag.py:3036} INFO - Sync 1 DAGs
[2024-02-15T08:37:03.327+0000] {processor.py:183} INFO - Processing /opt/airflow/dags/Weather_dag.py took 0.516 seconds
[2024-02-15T08:37:34.224+0000] {processor.py:161} INFO - Started process (PID=5522) to work on /opt/airflow/dags/Weather_dag.py
[2024-02-15T08:37:34.226+0000] {processor.py:830} INFO - Processing file /opt/airflow/dags/Weather_dag.py for tasks to queue
[2024-02-15T08:37:34.228+0000] {logging_mixin.py:188} INFO - [2024-02-15T08:37:34.227+0000] {dagbag.py:538} INFO - Filling up the DagBag from /opt/airflow/dags/Weather_dag.py
[2024-02-15T08:37:34.707+0000] {processor.py:840} INFO - DAG(s) '1No_Pandas_Weather_DAG' retrieved from /opt/airflow/dags/Weather_dag.py
[2024-02-15T08:37:34.812+0000] {logging_mixin.py:188} INFO - [2024-02-15T08:37:34.812+0000] {dag.py:3036} INFO - Sync 1 DAGs
[2024-02-15T08:37:34.854+0000] {processor.py:183} INFO - Processing /opt/airflow/dags/Weather_dag.py took 0.633 seconds
[2024-02-15T08:38:05.405+0000] {processor.py:161} INFO - Started process (PID=5583) to work on /opt/airflow/dags/Weather_dag.py
[2024-02-15T08:38:05.407+0000] {processor.py:830} INFO - Processing file /opt/airflow/dags/Weather_dag.py for tasks to queue
[2024-02-15T08:38:05.409+0000] {logging_mixin.py:188} INFO - [2024-02-15T08:38:05.409+0000] {dagbag.py:538} INFO - Filling up the DagBag from /opt/airflow/dags/Weather_dag.py
[2024-02-15T08:38:05.866+0000] {processor.py:840} INFO - DAG(s) '1No_Pandas_Weather_DAG' retrieved from /opt/airflow/dags/Weather_dag.py
[2024-02-15T08:38:05.886+0000] {logging_mixin.py:188} INFO - [2024-02-15T08:38:05.885+0000] {dag.py:3036} INFO - Sync 1 DAGs
[2024-02-15T08:38:05.926+0000] {processor.py:183} INFO - Processing /opt/airflow/dags/Weather_dag.py took 0.525 seconds
[2024-02-15T08:38:36.244+0000] {processor.py:161} INFO - Started process (PID=5643) to work on /opt/airflow/dags/Weather_dag.py
[2024-02-15T08:38:36.246+0000] {processor.py:830} INFO - Processing file /opt/airflow/dags/Weather_dag.py for tasks to queue
[2024-02-15T08:38:36.248+0000] {logging_mixin.py:188} INFO - [2024-02-15T08:38:36.248+0000] {dagbag.py:538} INFO - Filling up the DagBag from /opt/airflow/dags/Weather_dag.py
[2024-02-15T08:38:36.684+0000] {processor.py:840} INFO - DAG(s) '1No_Pandas_Weather_DAG' retrieved from /opt/airflow/dags/Weather_dag.py
[2024-02-15T08:38:36.696+0000] {logging_mixin.py:188} INFO - [2024-02-15T08:38:36.695+0000] {dag.py:3036} INFO - Sync 1 DAGs
[2024-02-15T08:38:36.746+0000] {processor.py:183} INFO - Processing /opt/airflow/dags/Weather_dag.py took 0.506 seconds
[2024-02-15T08:39:07.077+0000] {processor.py:161} INFO - Started process (PID=5704) to work on /opt/airflow/dags/Weather_dag.py
[2024-02-15T08:39:07.078+0000] {processor.py:830} INFO - Processing file /opt/airflow/dags/Weather_dag.py for tasks to queue
[2024-02-15T08:39:07.081+0000] {logging_mixin.py:188} INFO - [2024-02-15T08:39:07.080+0000] {dagbag.py:538} INFO - Filling up the DagBag from /opt/airflow/dags/Weather_dag.py
[2024-02-15T08:39:07.520+0000] {processor.py:840} INFO - DAG(s) '1No_Pandas_Weather_DAG' retrieved from /opt/airflow/dags/Weather_dag.py
[2024-02-15T08:39:07.611+0000] {logging_mixin.py:188} INFO - [2024-02-15T08:39:07.610+0000] {dag.py:3036} INFO - Sync 1 DAGs
[2024-02-15T08:39:07.651+0000] {processor.py:183} INFO - Processing /opt/airflow/dags/Weather_dag.py took 0.579 seconds
[2024-02-15T08:39:37.917+0000] {processor.py:161} INFO - Started process (PID=5764) to work on /opt/airflow/dags/Weather_dag.py
[2024-02-15T08:39:37.918+0000] {processor.py:830} INFO - Processing file /opt/airflow/dags/Weather_dag.py for tasks to queue
[2024-02-15T08:39:37.921+0000] {logging_mixin.py:188} INFO - [2024-02-15T08:39:37.921+0000] {dagbag.py:538} INFO - Filling up the DagBag from /opt/airflow/dags/Weather_dag.py
[2024-02-15T08:39:38.361+0000] {processor.py:840} INFO - DAG(s) '1No_Pandas_Weather_DAG' retrieved from /opt/airflow/dags/Weather_dag.py
[2024-02-15T08:39:38.379+0000] {logging_mixin.py:188} INFO - [2024-02-15T08:39:38.378+0000] {dag.py:3036} INFO - Sync 1 DAGs
[2024-02-15T08:39:38.419+0000] {processor.py:183} INFO - Processing /opt/airflow/dags/Weather_dag.py took 0.507 seconds
[2024-02-15T08:40:08.659+0000] {processor.py:161} INFO - Started process (PID=5825) to work on /opt/airflow/dags/Weather_dag.py
[2024-02-15T08:40:08.660+0000] {processor.py:830} INFO - Processing file /opt/airflow/dags/Weather_dag.py for tasks to queue
[2024-02-15T08:40:08.662+0000] {logging_mixin.py:188} INFO - [2024-02-15T08:40:08.662+0000] {dagbag.py:538} INFO - Filling up the DagBag from /opt/airflow/dags/Weather_dag.py
[2024-02-15T08:40:09.096+0000] {processor.py:840} INFO - DAG(s) '1No_Pandas_Weather_DAG' retrieved from /opt/airflow/dags/Weather_dag.py
[2024-02-15T08:40:09.107+0000] {logging_mixin.py:188} INFO - [2024-02-15T08:40:09.107+0000] {dag.py:3036} INFO - Sync 1 DAGs
[2024-02-15T08:40:09.150+0000] {processor.py:183} INFO - Processing /opt/airflow/dags/Weather_dag.py took 0.495 seconds
[2024-02-15T08:40:39.621+0000] {processor.py:161} INFO - Started process (PID=5886) to work on /opt/airflow/dags/Weather_dag.py
[2024-02-15T08:40:39.622+0000] {processor.py:830} INFO - Processing file /opt/airflow/dags/Weather_dag.py for tasks to queue
[2024-02-15T08:40:39.624+0000] {logging_mixin.py:188} INFO - [2024-02-15T08:40:39.624+0000] {dagbag.py:538} INFO - Filling up the DagBag from /opt/airflow/dags/Weather_dag.py
[2024-02-15T08:40:40.055+0000] {processor.py:840} INFO - DAG(s) '1No_Pandas_Weather_DAG' retrieved from /opt/airflow/dags/Weather_dag.py
[2024-02-15T08:40:40.152+0000] {logging_mixin.py:188} INFO - [2024-02-15T08:40:40.152+0000] {dag.py:3036} INFO - Sync 1 DAGs
[2024-02-15T08:40:40.193+0000] {processor.py:183} INFO - Processing /opt/airflow/dags/Weather_dag.py took 0.575 seconds
[2024-02-15T08:41:10.304+0000] {processor.py:161} INFO - Started process (PID=5946) to work on /opt/airflow/dags/Weather_dag.py
[2024-02-15T08:41:10.306+0000] {processor.py:830} INFO - Processing file /opt/airflow/dags/Weather_dag.py for tasks to queue
[2024-02-15T08:41:10.308+0000] {logging_mixin.py:188} INFO - [2024-02-15T08:41:10.308+0000] {dagbag.py:538} INFO - Filling up the DagBag from /opt/airflow/dags/Weather_dag.py
[2024-02-15T08:41:10.755+0000] {processor.py:840} INFO - DAG(s) '1No_Pandas_Weather_DAG' retrieved from /opt/airflow/dags/Weather_dag.py
[2024-02-15T08:41:10.774+0000] {logging_mixin.py:188} INFO - [2024-02-15T08:41:10.774+0000] {dag.py:3036} INFO - Sync 1 DAGs
[2024-02-15T08:41:10.819+0000] {processor.py:183} INFO - Processing /opt/airflow/dags/Weather_dag.py took 0.519 seconds
[2024-02-15T08:41:41.573+0000] {processor.py:161} INFO - Started process (PID=6007) to work on /opt/airflow/dags/Weather_dag.py
[2024-02-15T08:41:41.574+0000] {processor.py:830} INFO - Processing file /opt/airflow/dags/Weather_dag.py for tasks to queue
[2024-02-15T08:41:41.576+0000] {logging_mixin.py:188} INFO - [2024-02-15T08:41:41.576+0000] {dagbag.py:538} INFO - Filling up the DagBag from /opt/airflow/dags/Weather_dag.py
[2024-02-15T08:41:42.020+0000] {processor.py:840} INFO - DAG(s) '1No_Pandas_Weather_DAG' retrieved from /opt/airflow/dags/Weather_dag.py
[2024-02-15T08:41:42.031+0000] {logging_mixin.py:188} INFO - [2024-02-15T08:41:42.031+0000] {dag.py:3036} INFO - Sync 1 DAGs
[2024-02-15T08:41:42.078+0000] {processor.py:183} INFO - Processing /opt/airflow/dags/Weather_dag.py took 0.508 seconds
[2024-02-15T08:42:12.675+0000] {processor.py:161} INFO - Started process (PID=6068) to work on /opt/airflow/dags/Weather_dag.py
[2024-02-15T08:42:12.676+0000] {processor.py:830} INFO - Processing file /opt/airflow/dags/Weather_dag.py for tasks to queue
[2024-02-15T08:42:12.680+0000] {logging_mixin.py:188} INFO - [2024-02-15T08:42:12.679+0000] {dagbag.py:538} INFO - Filling up the DagBag from /opt/airflow/dags/Weather_dag.py
[2024-02-15T08:42:13.130+0000] {processor.py:840} INFO - DAG(s) '1No_Pandas_Weather_DAG' retrieved from /opt/airflow/dags/Weather_dag.py
[2024-02-15T08:42:13.231+0000] {logging_mixin.py:188} INFO - [2024-02-15T08:42:13.230+0000] {dag.py:3036} INFO - Sync 1 DAGs
[2024-02-15T08:42:13.271+0000] {processor.py:183} INFO - Processing /opt/airflow/dags/Weather_dag.py took 0.602 seconds
