[2024-02-12T10:38:08.007+0000] {taskinstance.py:1956} INFO - Dependencies all met for dep_context=non-requeueable deps ti=<TaskInstance: Weather_DAG_V3.16.create_db_schem scheduled__2024-02-12T08:01:00+00:00 [queued]>
[2024-02-12T10:38:08.071+0000] {taskinstance.py:1956} INFO - Dependencies all met for dep_context=requeueable deps ti=<TaskInstance: Weather_DAG_V3.16.create_db_schem scheduled__2024-02-12T08:01:00+00:00 [queued]>
[2024-02-12T10:38:08.072+0000] {taskinstance.py:2170} INFO - Starting attempt 1 of 1
[2024-02-12T10:38:08.129+0000] {taskinstance.py:2191} INFO - Executing <Task(PostgresOperator): create_db_schem> on 2024-02-12 08:01:00+00:00
[2024-02-12T10:38:08.162+0000] {standard_task_runner.py:60} INFO - Started process 7450 to run task
[2024-02-12T10:38:08.196+0000] {standard_task_runner.py:87} INFO - Running: ['***', 'tasks', 'run', 'Weather_DAG_V3.16', 'create_db_schem', 'scheduled__2024-02-12T08:01:00+00:00', '--job-id', '7480', '--raw', '--subdir', 'DAGS_FOLDER/Weather_dag.py', '--cfg-path', '/tmp/tmpfx31tcif']
[2024-02-12T10:38:08.218+0000] {standard_task_runner.py:88} INFO - Job 7480: Subtask create_db_schem
[2024-02-12T10:38:08.526+0000] {task_command.py:423} INFO - Running <TaskInstance: Weather_DAG_V3.16.create_db_schem scheduled__2024-02-12T08:01:00+00:00 [running]> on host 06573eafe810
[2024-02-12T10:38:09.017+0000] {taskinstance.py:2480} INFO - Exporting env vars: AIRFLOW_CTX_DAG_OWNER='***' AIRFLOW_CTX_DAG_ID='Weather_DAG_V3.16' AIRFLOW_CTX_TASK_ID='create_db_schem' AIRFLOW_CTX_EXECUTION_DATE='2024-02-12T08:01:00+00:00' AIRFLOW_CTX_TRY_NUMBER='1' AIRFLOW_CTX_DAG_RUN_ID='scheduled__2024-02-12T08:01:00+00:00'
[2024-02-12T10:38:09.035+0000] {sql.py:276} INFO - Executing: 
        CREATE TABLE IF NOT EXISTS weather_tabb(
            city varchar,
            dt varchar,
            houur smallint,
            temperature_c float,
            pressure_mm float,
            is_rainy boolean
            )
[2024-02-12T10:38:09.070+0000] {base.py:83} INFO - Using connection ID 'postgres_localhost' for task execution.
[2024-02-12T10:38:09.090+0000] {base.py:83} INFO - Using connection ID 'postgres_localhost' for task execution.
[2024-02-12T10:38:09.114+0000] {sql.py:450} INFO - Running statement: 
        CREATE TABLE IF NOT EXISTS weather_tabb(
            city varchar,
            dt varchar,
            houur smallint,
            temperature_c float,
            pressure_mm float,
            is_rainy boolean
            ), parameters: None
[2024-02-12T10:38:09.146+0000] {taskinstance.py:1138} INFO - Marking task as SUCCESS. dag_id=Weather_DAG_V3.16, task_id=create_db_schem, execution_date=20240212T080100, start_date=20240212T103808, end_date=20240212T103809
[2024-02-12T10:38:09.564+0000] {local_task_job_runner.py:234} INFO - Task exited with return code 0
[2024-02-12T10:38:09.741+0000] {taskinstance.py:3280} INFO - 1 downstream tasks scheduled from follow-on schedule check
