[2024-02-26T06:21:10.568+0000] {taskinstance.py:1946} INFO - Dependencies not met for <TaskInstance: 1Success_dag.create_db_schem manual__2024-02-26T00:00:00+00:00 [None]>, dependency 'Trigger Rule' FAILED: Task's trigger rule 'all_success' requires all upstream tasks to have succeeded, but found 1 non-success(es). upstream_states=_UpstreamTIStates(success=0, skipped=0, failed=0, upstream_failed=0, removed=0, done=0, success_setup=0, skipped_setup=0), upstream_task_ids={'get_weather'}
[2024-02-26T06:21:10.574+0000] {local_task_job_runner.py:160} INFO - Task is not able to be run
[2024-02-26T06:21:16.529+0000] {taskinstance.py:1956} INFO - Dependencies all met for dep_context=non-requeueable deps ti=<TaskInstance: 1Success_dag.create_db_schem manual__2024-02-26T00:00:00+00:00 [queued]>
[2024-02-26T06:21:16.551+0000] {taskinstance.py:1956} INFO - Dependencies all met for dep_context=requeueable deps ti=<TaskInstance: 1Success_dag.create_db_schem manual__2024-02-26T00:00:00+00:00 [queued]>
[2024-02-26T06:21:16.552+0000] {taskinstance.py:2170} INFO - Starting attempt 1 of 1
[2024-02-26T06:21:16.573+0000] {taskinstance.py:2191} INFO - Executing <Task(PostgresOperator): create_db_schem> on 2024-02-26 00:00:00+00:00
[2024-02-26T06:21:16.583+0000] {standard_task_runner.py:60} INFO - Started process 28110 to run task
[2024-02-26T06:21:16.587+0000] {standard_task_runner.py:87} INFO - Running: ['***', 'tasks', 'run', '1Success_dag', 'create_db_schem', 'manual__2024-02-26T00:00:00+00:00', '--job-id', '13404', '--raw', '--subdir', 'DAGS_FOLDER/success_dag.py', '--cfg-path', '/tmp/tmp7f10zdm6']
[2024-02-26T06:21:16.591+0000] {standard_task_runner.py:88} INFO - Job 13404: Subtask create_db_schem
[2024-02-26T06:21:16.658+0000] {task_command.py:423} INFO - Running <TaskInstance: 1Success_dag.create_db_schem manual__2024-02-26T00:00:00+00:00 [running]> on host 06573eafe810
[2024-02-26T06:21:16.858+0000] {taskinstance.py:2480} INFO - Exporting env vars: AIRFLOW_CTX_DAG_OWNER='***' AIRFLOW_CTX_DAG_ID='1Success_dag' AIRFLOW_CTX_TASK_ID='create_db_schem' AIRFLOW_CTX_EXECUTION_DATE='2024-02-26T00:00:00+00:00' AIRFLOW_CTX_TRY_NUMBER='1' AIRFLOW_CTX_DAG_RUN_ID='manual__2024-02-26T00:00:00+00:00'
[2024-02-26T06:21:16.860+0000] {sql.py:276} INFO - Executing: 
        DROP TABLE weather_tab;
        CREATE TABLE weather_tab(
            id SERIAL PRIMARY KEY,
	        city varchar NULL,
	        dt date NULL,
	        hour int2 NULL,
	        temperature_c float8 NULL,
	        pressure float8 NULL,
	        is_rainy int NULL
    );
[2024-02-26T06:21:16.870+0000] {base.py:83} INFO - Using connection ID 'postgres_localhost' for task execution.
[2024-02-26T06:21:16.886+0000] {base.py:83} INFO - Using connection ID 'postgres_localhost' for task execution.
[2024-02-26T06:21:16.898+0000] {sql.py:450} INFO - Running statement: 
        DROP TABLE weather_tab;
        CREATE TABLE weather_tab(
            id SERIAL PRIMARY KEY,
	        city varchar NULL,
	        dt date NULL,
	        hour int2 NULL,
	        temperature_c float8 NULL,
	        pressure float8 NULL,
	        is_rainy int NULL
    );, parameters: None
[2024-02-26T06:21:16.946+0000] {taskinstance.py:1138} INFO - Marking task as SUCCESS. dag_id=1Success_dag, task_id=create_db_schem, execution_date=20240226T000000, start_date=20240226T062116, end_date=20240226T062116
[2024-02-26T06:21:17.007+0000] {local_task_job_runner.py:234} INFO - Task exited with return code 0
[2024-02-26T06:21:17.038+0000] {taskinstance.py:3280} INFO - 1 downstream tasks scheduled from follow-on schedule check
