[2024-02-26T07:21:09.844+0000] {taskinstance.py:1956} INFO - Dependencies all met for dep_context=non-requeueable deps ti=<TaskInstance: 1Success_dag.create_db_schem manual__2024-02-26T00:00:00+00:00 [queued]>
[2024-02-26T07:21:09.854+0000] {taskinstance.py:1956} INFO - Dependencies all met for dep_context=requeueable deps ti=<TaskInstance: 1Success_dag.create_db_schem manual__2024-02-26T00:00:00+00:00 [queued]>
[2024-02-26T07:21:09.854+0000] {taskinstance.py:2170} INFO - Starting attempt 4 of 4
[2024-02-26T07:21:09.872+0000] {taskinstance.py:2191} INFO - Executing <Task(PostgresOperator): create_db_schem> on 2024-02-26 00:00:00+00:00
[2024-02-26T07:21:09.879+0000] {standard_task_runner.py:60} INFO - Started process 29044 to run task
[2024-02-26T07:21:09.882+0000] {standard_task_runner.py:87} INFO - Running: ['***', 'tasks', 'run', '1Success_dag', 'create_db_schem', 'manual__2024-02-26T00:00:00+00:00', '--job-id', '13429', '--raw', '--subdir', 'DAGS_FOLDER/success_dag.py', '--cfg-path', '/tmp/tmpwl2qwvjx']
[2024-02-26T07:21:09.884+0000] {standard_task_runner.py:88} INFO - Job 13429: Subtask create_db_schem
[2024-02-26T07:21:09.936+0000] {task_command.py:423} INFO - Running <TaskInstance: 1Success_dag.create_db_schem manual__2024-02-26T00:00:00+00:00 [running]> on host 06573eafe810
[2024-02-26T07:21:10.016+0000] {taskinstance.py:2480} INFO - Exporting env vars: AIRFLOW_CTX_DAG_OWNER='***' AIRFLOW_CTX_DAG_ID='1Success_dag' AIRFLOW_CTX_TASK_ID='create_db_schem' AIRFLOW_CTX_EXECUTION_DATE='2024-02-26T00:00:00+00:00' AIRFLOW_CTX_TRY_NUMBER='4' AIRFLOW_CTX_DAG_RUN_ID='manual__2024-02-26T00:00:00+00:00'
[2024-02-26T07:21:10.018+0000] {sql.py:276} INFO - Executing: 
        DROP TABLE weather_tab;
        CREATE TABLE weather_tab(
            id SERIAL PRIMARY KEY,
	        city varchar NULL,
	        dt date NULL,
	        hour int2 NULL,
	        temperature_c float8 NULL,
	        pressure float8 NULL,
	        is_rainy int NULL
    );
[2024-02-26T07:21:10.026+0000] {base.py:83} INFO - Using connection ID 'postgres_localhost' for task execution.
[2024-02-26T07:21:10.035+0000] {base.py:83} INFO - Using connection ID 'postgres_localhost' for task execution.
[2024-02-26T07:21:10.046+0000] {sql.py:450} INFO - Running statement: 
        DROP TABLE weather_tab;
        CREATE TABLE weather_tab(
            id SERIAL PRIMARY KEY,
	        city varchar NULL,
	        dt date NULL,
	        hour int2 NULL,
	        temperature_c float8 NULL,
	        pressure float8 NULL,
	        is_rainy int NULL
    );, parameters: None
[2024-02-26T07:21:10.088+0000] {taskinstance.py:1138} INFO - Marking task as SUCCESS. dag_id=1Success_dag, task_id=create_db_schem, execution_date=20240226T000000, start_date=20240226T072109, end_date=20240226T072110
[2024-02-26T07:21:10.135+0000] {local_task_job_runner.py:234} INFO - Task exited with return code 0
[2024-02-26T07:21:10.161+0000] {taskinstance.py:3280} INFO - 1 downstream tasks scheduled from follow-on schedule check
