[2024-02-12T14:17:15.342+0000] {taskinstance.py:1956} INFO - Dependencies all met for dep_context=non-requeueable deps ti=<TaskInstance: Weather_DAG_V4.17.weather_csv scheduled__2024-02-12T01:51:00+00:00 [queued]>
[2024-02-12T14:17:15.420+0000] {taskinstance.py:1956} INFO - Dependencies all met for dep_context=requeueable deps ti=<TaskInstance: Weather_DAG_V4.17.weather_csv scheduled__2024-02-12T01:51:00+00:00 [queued]>
[2024-02-12T14:17:15.424+0000] {taskinstance.py:2170} INFO - Starting attempt 1 of 1
[2024-02-12T14:17:15.537+0000] {taskinstance.py:2191} INFO - Executing <Task(PythonOperator): weather_csv> on 2024-02-12 01:51:00+00:00
[2024-02-12T14:17:15.557+0000] {standard_task_runner.py:60} INFO - Started process 20132 to run task
[2024-02-12T14:17:15.562+0000] {standard_task_runner.py:87} INFO - Running: ['***', 'tasks', 'run', 'Weather_DAG_V4.17', 'weather_csv', 'scheduled__2024-02-12T01:51:00+00:00', '--job-id', '10699', '--raw', '--subdir', 'DAGS_FOLDER/Weather_dag.py', '--cfg-path', '/tmp/tmpfk0rplio']
[2024-02-12T14:17:15.594+0000] {standard_task_runner.py:88} INFO - Job 10699: Subtask weather_csv
[2024-02-12T14:17:15.882+0000] {task_command.py:423} INFO - Running <TaskInstance: Weather_DAG_V4.17.weather_csv scheduled__2024-02-12T01:51:00+00:00 [running]> on host 06573eafe810
[2024-02-12T14:17:16.283+0000] {taskinstance.py:2480} INFO - Exporting env vars: AIRFLOW_CTX_DAG_OWNER='***' AIRFLOW_CTX_DAG_ID='Weather_DAG_V4.17' AIRFLOW_CTX_TASK_ID='weather_csv' AIRFLOW_CTX_EXECUTION_DATE='2024-02-12T01:51:00+00:00' AIRFLOW_CTX_TRY_NUMBER='1' AIRFLOW_CTX_DAG_RUN_ID='scheduled__2024-02-12T01:51:00+00:00'
[2024-02-12T14:17:16.294+0000] {logging_mixin.py:188} INFO - []
[2024-02-12T14:17:16.317+0000] {logging_mixin.py:188} INFO - Empty DataFrame
Columns: [City, date, hour, temperature_c, pressure, is_rainy]
Index: []
[2024-02-12T14:17:16.332+0000] {logging_mixin.py:188} INFO - Empty DataFrame
Columns: [City, date, hour, temperature_c, pressure, is_rainy]
Index: []
[2024-02-12T14:17:16.350+0000] {python.py:201} INFO - Done. Returned value was: None
[2024-02-12T14:17:16.382+0000] {taskinstance.py:1138} INFO - Marking task as SUCCESS. dag_id=Weather_DAG_V4.17, task_id=weather_csv, execution_date=20240212T015100, start_date=20240212T141715, end_date=20240212T141716
[2024-02-12T14:17:16.457+0000] {local_task_job_runner.py:234} INFO - Task exited with return code 0
[2024-02-12T14:17:16.498+0000] {taskinstance.py:3280} INFO - 1 downstream tasks scheduled from follow-on schedule check
